LOGGER started at 2020-01-31 14:45:22.759507.
Currently active debug channels:
	act
	batch_info
	linesearch
	learning
	thread_rollouts
[2020-01-31 14:45:23.170739][__main__.TRPOAgent.log][learning]: Episode #0

[2020-01-31 14:45:23.354406][__main__.TRPOAgent.log][learning]: Performing rollouts: rollout length: 1000

[2020-01-31 14:45:23.355221][EnvironmentNew.Environment.log][thread_rollouts]: Thread number: 0

[2020-01-31 14:45:23.355534][EnvironmentNew.Environment.log][thread_rollouts]: Thread number: 1

[2020-01-31 14:45:24.434418][EnvironmentNew.Environment.log][thread_rollouts]: Thread number: 0, Steps performed: 500

[2020-01-31 14:45:24.481481][EnvironmentNew.Environment.log][thread_rollouts]: Thread number: 1, Steps performed: 500

[2020-01-31 14:45:24.482035][EnvironmentNew.Environment.log][thread_rollouts]: Thread number: 2

[2020-01-31 14:45:24.482298][EnvironmentNew.Environment.log][thread_rollouts]: Thread number: 3

[2020-01-31 14:45:25.813492][EnvironmentNew.Environment.log][thread_rollouts]: Thread number: 3, Steps performed: 500

[2020-01-31 14:45:25.818097][EnvironmentNew.Environment.log][thread_rollouts]: Thread number: 2, Steps performed: 500

[2020-01-31 14:45:25.818599][EnvironmentNew.Environment.log][thread_rollouts]: Thread number: 4

[2020-01-31 14:45:25.818831][EnvironmentNew.Environment.log][thread_rollouts]: Thread number: 5

[2020-01-31 14:45:26.978816][EnvironmentNew.Environment.log][thread_rollouts]: Thread number: 5, Steps performed: 500

[2020-01-31 14:45:26.982425][EnvironmentNew.Environment.log][thread_rollouts]: Thread number: 4, Steps performed: 500

[2020-01-31 14:45:26.982988][EnvironmentNew.Environment.log][thread_rollouts]: Thread number: 6

[2020-01-31 14:45:26.983173][EnvironmentNew.Environment.log][thread_rollouts]: Thread number: 7

[2020-01-31 14:45:28.233045][EnvironmentNew.Environment.log][thread_rollouts]: Thread number: 6, Steps performed: 500

[2020-01-31 14:45:28.266749][EnvironmentNew.Environment.log][thread_rollouts]: Thread number: 7, Steps performed: 500

[2020-01-31 14:45:28.267276][EnvironmentNew.Environment.log][thread_rollouts]: Thread number: 8

[2020-01-31 14:45:28.267467][EnvironmentNew.Environment.log][thread_rollouts]: Thread number: 9

[2020-01-31 14:45:29.726642][EnvironmentNew.Environment.log][thread_rollouts]: Thread number: 8, Steps performed: 500

[2020-01-31 14:45:29.731394][EnvironmentNew.Environment.log][thread_rollouts]: Thread number: 9, Steps performed: 500

