LOGGER started at 2020-01-26 14:10:33.639054.
Currently active debug channels:
	rollouts
	batch_info
	learning
	thread_rollouts
[2020-01-26 14:10:33.768218][__main__.TRPOAgent.log][learning]: Episode #0

[2020-01-26 14:10:33.959234][__main__.TRPOAgent.log][learning]: Performing rollouts: rollout length: 4000

[2020-01-26 14:10:33.991846][Environment.Environment.log][rollouts]: Rollout thread #1

[2020-01-26 14:10:33.993082][Environment.Environment.log][rollouts]: Rollout thread #2

[2020-01-26 14:10:33.992577][Environment.Environment.log][thread_rollouts]: Thread number: 0

[2020-01-26 14:10:33.994172][Environment.Environment.log][thread_rollouts]: Thread number: 1

[2020-01-26 14:10:45.290075][Environment.Environment.log][thread_rollouts]: Thread number: 1, Steps performed: 1276

[2020-01-26 14:10:50.981624][Environment.Environment.log][thread_rollouts]: Thread number: 0, Steps performed: 3716

[2020-01-26 14:10:50.982128][Environment.Environment.log][rollouts]: Rollout thread #3

[2020-01-26 14:10:50.982666][Environment.Environment.log][thread_rollouts]: Thread number: 2

[2020-01-26 14:10:50.982828][Environment.Environment.log][rollouts]: Rollout thread #4

[2020-01-26 14:10:50.984560][Environment.Environment.log][thread_rollouts]: Thread number: 3

[2020-01-26 14:11:13.495172][Environment.Environment.log][thread_rollouts]: Thread number: 2, Steps performed: 2635

[2020-01-26 14:11:32.029293][Environment.Environment.log][thread_rollouts]: Thread number: 3, Steps performed: 3516

[2020-01-26 14:11:32.029871][Environment.Environment.log][rollouts]: Rollout thread #5

[2020-01-26 14:11:32.030444][Environment.Environment.log][thread_rollouts]: Thread number: 4

[2020-01-26 14:11:32.030548][Environment.Environment.log][rollouts]: Rollout thread #6

[2020-01-26 14:11:32.032863][Environment.Environment.log][thread_rollouts]: Thread number: 5

[2020-01-26 14:11:33.252432][Environment.Environment.log][thread_rollouts]: Thread number: 4, Steps performed: 545

[2020-01-26 14:11:37.296736][Environment.Environment.log][thread_rollouts]: Thread number: 5, Steps performed: 1007

[2020-01-26 14:11:37.297306][Environment.Environment.log][rollouts]: Rollout thread #7

[2020-01-26 14:11:37.297891][Environment.Environment.log][thread_rollouts]: Thread number: 6

[2020-01-26 14:11:37.297959][Environment.Environment.log][rollouts]: Rollout thread #8

[2020-01-26 14:11:37.299994][Environment.Environment.log][thread_rollouts]: Thread number: 7

[2020-01-26 14:11:43.314295][Environment.Environment.log][thread_rollouts]: Thread number: 6, Steps performed: 2830

[2020-01-26 14:11:45.597746][Environment.Environment.log][thread_rollouts]: Thread number: 7, Steps performed: 1302

[2020-01-26 14:11:45.598421][Environment.Environment.log][rollouts]: Rollout thread #9

[2020-01-26 14:11:45.599070][Environment.Environment.log][rollouts]: Rollout thread #10

[2020-01-26 14:11:45.598984][Environment.Environment.log][thread_rollouts]: Thread number: 8

[2020-01-26 14:11:45.600225][Environment.Environment.log][thread_rollouts]: Thread number: 9

[2020-01-26 14:11:49.561271][Environment.Environment.log][thread_rollouts]: Thread number: 9, Steps performed: 1792

[2020-01-26 14:12:10.448911][Environment.Environment.log][thread_rollouts]: Thread number: 8, Steps performed: 1257

[2020-01-26 14:12:10.449474][Environment.Environment.log][rollouts]: Rollout thread #11

[2020-01-26 14:12:10.450222][Environment.Environment.log][rollouts]: Rollout thread #12

[2020-01-26 14:12:10.450026][Environment.Environment.log][thread_rollouts]: Thread number: 10

[2020-01-26 14:12:10.451292][Environment.Environment.log][thread_rollouts]: Thread number: 11

[2020-01-26 14:12:15.505680][Environment.Environment.log][thread_rollouts]: Thread number: 11, Steps performed: 2309

[2020-01-26 14:12:41.395768][Environment.Environment.log][thread_rollouts]: Thread number: 10, Steps performed: 3373

[2020-01-26 14:12:41.396482][Environment.Environment.log][rollouts]: Rollout thread #13

[2020-01-26 14:12:41.397428][Environment.Environment.log][thread_rollouts]: Thread number: 12

[2020-01-26 14:12:41.397776][Environment.Environment.log][rollouts]: Rollout thread #14

[2020-01-26 14:12:41.406157][Environment.Environment.log][thread_rollouts]: Thread number: 13

[2020-01-26 14:13:00.741756][Environment.Environment.log][thread_rollouts]: Thread number: 12, Steps performed: 3729

[2020-01-26 14:13:07.882423][Environment.Environment.log][thread_rollouts]: Thread number: 13, Steps performed: 2297

[2020-01-26 14:13:07.882844][Environment.Environment.log][rollouts]: Rollout thread #15

[2020-01-26 14:13:07.883344][Environment.Environment.log][thread_rollouts]: Thread number: 14

[2020-01-26 14:13:07.883396][Environment.Environment.log][rollouts]: Rollout thread #16

[2020-01-26 14:13:07.887089][Environment.Environment.log][thread_rollouts]: Thread number: 15

[2020-01-26 14:13:11.159525][Environment.Environment.log][thread_rollouts]: Thread number: 15, Steps performed: 1288

[2020-01-26 14:13:25.499372][Environment.Environment.log][thread_rollouts]: Thread number: 14, Steps performed: 3091

[2020-01-26 14:13:25.500018][Environment.Environment.log][rollouts]: Rollout thread #17

[2020-01-26 14:13:25.507108][Environment.Environment.log][rollouts]: Rollout thread #18

[2020-01-26 14:13:25.506803][Environment.Environment.log][thread_rollouts]: Thread number: 16

[2020-01-26 14:13:25.508075][Environment.Environment.log][thread_rollouts]: Thread number: 17

[2020-01-26 14:13:31.305797][Environment.Environment.log][thread_rollouts]: Thread number: 16, Steps performed: 2273

[2020-01-26 14:13:31.789098][Environment.Environment.log][thread_rollouts]: Thread number: 17, Steps performed: 2727

[2020-01-26 14:13:31.789578][Environment.Environment.log][rollouts]: Rollout thread #19

[2020-01-26 14:13:31.790266][Environment.Environment.log][rollouts]: Rollout thread #20

[2020-01-26 14:13:31.790191][Environment.Environment.log][thread_rollouts]: Thread number: 18

[2020-01-26 14:13:31.791339][Environment.Environment.log][thread_rollouts]: Thread number: 19

[2020-01-26 14:13:39.943042][Environment.Environment.log][thread_rollouts]: Thread number: 19, Steps performed: 3318

[2020-01-26 14:13:47.057897][Environment.Environment.log][thread_rollouts]: Thread number: 18, Steps performed: 2303

[2020-01-26 14:13:47.058296][Environment.Environment.log][rollouts]: Rollout thread #21

[2020-01-26 14:13:47.058793][Environment.Environment.log][thread_rollouts]: Thread number: 20

[2020-01-26 14:13:47.058848][Environment.Environment.log][rollouts]: Rollout thread #22

[2020-01-26 14:13:47.060848][Environment.Environment.log][thread_rollouts]: Thread number: 21

[2020-01-26 14:14:06.407923][Environment.Environment.log][thread_rollouts]: Thread number: 20, Steps performed: 3564

[2020-01-26 14:14:20.467106][Environment.Environment.log][thread_rollouts]: Thread number: 21, Steps performed: 1992

[2020-01-26 14:14:20.467627][Environment.Environment.log][rollouts]: Rollout thread #23

[2020-01-26 14:14:20.468291][Environment.Environment.log][thread_rollouts]: Thread number: 22

[2020-01-26 14:14:20.468395][Environment.Environment.log][rollouts]: Rollout thread #24

[2020-01-26 14:14:20.471699][Environment.Environment.log][thread_rollouts]: Thread number: 23

[2020-01-26 14:14:28.443801][Environment.Environment.log][thread_rollouts]: Thread number: 22, Steps performed: 3491

[2020-01-26 14:14:43.811051][Environment.Environment.log][thread_rollouts]: Thread number: 23, Steps performed: 2761

[2020-01-26 14:14:43.811504][Environment.Environment.log][rollouts]: Rollout thread #25

[2020-01-26 14:14:43.812045][Environment.Environment.log][thread_rollouts]: Thread number: 24

[2020-01-26 14:14:43.812143][Environment.Environment.log][rollouts]: Rollout thread #26

[2020-01-26 14:14:43.815999][Environment.Environment.log][thread_rollouts]: Thread number: 25

[2020-01-26 14:14:57.182745][Environment.Environment.log][thread_rollouts]: Thread number: 24, Steps performed: 1566

[2020-01-26 14:15:01.410699][Environment.Environment.log][thread_rollouts]: Thread number: 25, Steps performed: 1866

[2020-01-26 14:15:01.411292][Environment.Environment.log][rollouts]: Rollout thread #27

[2020-01-26 14:15:01.412051][Environment.Environment.log][rollouts]: Rollout thread #28

[2020-01-26 14:15:01.411966][Environment.Environment.log][thread_rollouts]: Thread number: 26

[2020-01-26 14:15:01.413205][Environment.Environment.log][thread_rollouts]: Thread number: 27

[2020-01-26 14:15:19.215526][Environment.Environment.log][thread_rollouts]: Thread number: 27, Steps performed: 2480

[2020-01-26 14:15:22.382037][Environment.Environment.log][thread_rollouts]: Thread number: 26, Steps performed: 1719

[2020-01-26 14:15:22.382771][Environment.Environment.log][rollouts]: Rollout thread #29

[2020-01-26 14:15:22.383407][Environment.Environment.log][thread_rollouts]: Thread number: 28

[2020-01-26 14:15:22.383576][Environment.Environment.log][rollouts]: Rollout thread #30

[2020-01-26 14:15:22.388118][Environment.Environment.log][thread_rollouts]: Thread number: 29

[2020-01-26 14:15:28.790360][Environment.Environment.log][thread_rollouts]: Thread number: 29, Steps performed: 2447

[2020-01-26 14:15:32.693249][Environment.Environment.log][thread_rollouts]: Thread number: 28, Steps performed: 1197

[2020-01-26 14:15:32.693804][__main__.TRPOAgent.log][rollouts]: Unpacking actions

[2020-01-26 14:15:32.727008][__main__.TRPOAgent.log][rollouts]: Unpacking rewards

[2020-01-26 14:15:34.177323][__main__.TRPOAgent.log][rollouts]: Unpacking observations

[2020-01-26 14:15:34.191053][__main__.TRPOAgent.log][learning]: Rollouts performed

[2020-01-26 14:15:34.194291][__main__.TRPOAgent.log][batch_info]: Rollout statistics size: 69667, Batch size: 12000, Number of batches: 6

[2020-01-26 14:15:34.194838][__main__.TRPOAgent.log][learning]: 

***************
BEGINNING TRAINING
***************



[2020-01-26 14:15:34.260274][__main__.TRPOAgent.log][batch_info]: Batch #0, batch length: 12000

[2020-01-26 14:15:48.147175][__main__.TRPOAgent.log][batch_info]: Current batch value loss: 230.0913834906341

[2020-01-26 14:15:48.163205][__main__.TRPOAgent.log][batch_info]: Batch #1, batch length: 12000

[2020-01-26 14:16:02.382602][__main__.TRPOAgent.log][batch_info]: Current batch value loss: 156.70632761649148

[2020-01-26 14:16:02.396268][__main__.TRPOAgent.log][batch_info]: Batch #2, batch length: 12000

[2020-01-26 14:16:15.710301][__main__.TRPOAgent.log][batch_info]: Current batch value loss: 193.3475622629943

[2020-01-26 14:16:15.729739][__main__.TRPOAgent.log][batch_info]: Batch #3, batch length: 12000

[2020-01-26 14:16:28.332502][__main__.TRPOAgent.log][batch_info]: Current batch value loss: 157.35855897357274

[2020-01-26 14:16:28.348067][__main__.TRPOAgent.log][batch_info]: Batch #4, batch length: 12000

[2020-01-26 14:16:40.406206][__main__.TRPOAgent.log][batch_info]: Current batch value loss: 259.8483650107845

[2020-01-26 14:16:40.420373][__main__.TRPOAgent.log][batch_info]: Batch #5, batch length: 9667

[2020-01-26 14:16:50.706997][__main__.TRPOAgent.log][batch_info]: Current batch value loss: 190.9764505094788

[2020-01-26 14:16:50.715317][__main__.TRPOAgent.log][learning]: Episode #1

[2020-01-26 14:16:50.715593][__main__.TRPOAgent.log][learning]: Performing rollouts: rollout length: 4000

[2020-01-26 14:16:50.753343][Environment.Environment.log][rollouts]: Rollout thread #1

[2020-01-26 14:16:50.753882][Environment.Environment.log][thread_rollouts]: Thread number: 0

[2020-01-26 14:16:50.753958][Environment.Environment.log][rollouts]: Rollout thread #2

[2020-01-26 14:16:50.755885][Environment.Environment.log][thread_rollouts]: Thread number: 1

[2020-01-26 14:16:59.414041][Environment.Environment.log][thread_rollouts]: Thread number: 0, Steps performed: 3496

[2020-01-26 14:17:01.296768][Environment.Environment.log][thread_rollouts]: Thread number: 1, Steps performed: 1271

[2020-01-26 14:17:01.297321][Environment.Environment.log][rollouts]: Rollout thread #3

[2020-01-26 14:17:01.297938][Environment.Environment.log][thread_rollouts]: Thread number: 2

[2020-01-26 14:17:01.298107][Environment.Environment.log][rollouts]: Rollout thread #4

[2020-01-26 14:17:01.301098][Environment.Environment.log][thread_rollouts]: Thread number: 3

[2020-01-26 14:17:28.202110][Environment.Environment.log][thread_rollouts]: Thread number: 2, Steps performed: 3211

[2020-01-26 14:18:00.048807][Environment.Environment.log][thread_rollouts]: Thread number: 3, Steps performed: 2012

[2020-01-26 14:18:00.049530][Environment.Environment.log][rollouts]: Rollout thread #5

[2020-01-26 14:18:00.050275][Environment.Environment.log][thread_rollouts]: Thread number: 4

[2020-01-26 14:18:00.050358][Environment.Environment.log][rollouts]: Rollout thread #6

[2020-01-26 14:18:00.052808][Environment.Environment.log][thread_rollouts]: Thread number: 5

[2020-01-26 14:18:09.849633][Environment.Environment.log][thread_rollouts]: Thread number: 4, Steps performed: 547

[2020-01-26 14:18:15.315115][Environment.Environment.log][thread_rollouts]: Thread number: 5, Steps performed: 2568

[2020-01-26 14:18:15.315743][Environment.Environment.log][rollouts]: Rollout thread #7

[2020-01-26 14:18:15.316387][Environment.Environment.log][thread_rollouts]: Thread number: 6

[2020-01-26 14:18:15.316473][Environment.Environment.log][rollouts]: Rollout thread #8

[2020-01-26 14:18:15.320399][Environment.Environment.log][thread_rollouts]: Thread number: 7

[2020-01-26 14:18:19.615753][Environment.Environment.log][thread_rollouts]: Thread number: 7, Steps performed: 1958

[2020-01-26 14:18:26.528556][Environment.Environment.log][thread_rollouts]: Thread number: 6, Steps performed: 3882

[2020-01-26 14:18:26.528989][Environment.Environment.log][rollouts]: Rollout thread #9

[2020-01-26 14:18:26.529677][Environment.Environment.log][thread_rollouts]: Thread number: 8

[2020-01-26 14:18:26.529751][Environment.Environment.log][rollouts]: Rollout thread #10

[2020-01-26 14:18:26.531815][Environment.Environment.log][thread_rollouts]: Thread number: 9

[2020-01-26 14:18:30.381024][Environment.Environment.log][thread_rollouts]: Thread number: 8, Steps performed: 1476

[2020-01-26 14:18:31.727181][Environment.Environment.log][thread_rollouts]: Thread number: 9, Steps performed: 2565

[2020-01-26 14:18:31.727685][Environment.Environment.log][rollouts]: Rollout thread #11

[2020-01-26 14:18:31.728620][Environment.Environment.log][thread_rollouts]: Thread number: 10

[2020-01-26 14:18:31.728729][Environment.Environment.log][rollouts]: Rollout thread #12

[2020-01-26 14:18:31.730671][Environment.Environment.log][thread_rollouts]: Thread number: 11

[2020-01-26 14:18:38.770906][Environment.Environment.log][thread_rollouts]: Thread number: 11, Steps performed: 2711

[2020-01-26 14:18:54.839652][Environment.Environment.log][thread_rollouts]: Thread number: 10, Steps performed: 1987

[2020-01-26 14:18:54.840289][Environment.Environment.log][rollouts]: Rollout thread #13

[2020-01-26 14:18:54.841024][Environment.Environment.log][thread_rollouts]: Thread number: 12

[2020-01-26 14:18:54.841110][Environment.Environment.log][rollouts]: Rollout thread #14

[2020-01-26 14:18:54.843072][Environment.Environment.log][thread_rollouts]: Thread number: 13

[2020-01-26 14:18:58.631009][Environment.Environment.log][thread_rollouts]: Thread number: 13, Steps performed: 1761

[2020-01-26 14:18:58.868356][Environment.Environment.log][thread_rollouts]: Thread number: 12, Steps performed: 1954

[2020-01-26 14:18:58.869026][Environment.Environment.log][rollouts]: Rollout thread #15

[2020-01-26 14:18:58.869702][Environment.Environment.log][rollouts]: Rollout thread #16

[2020-01-26 14:18:58.870749][Environment.Environment.log][thread_rollouts]: Thread number: 15

[2020-01-26 14:18:58.869644][Environment.Environment.log][thread_rollouts]: Thread number: 14

[2020-01-26 14:19:06.726194][Environment.Environment.log][thread_rollouts]: Thread number: 14, Steps performed: 3636

[2020-01-26 14:19:16.419652][Environment.Environment.log][thread_rollouts]: Thread number: 15, Steps performed: 2376

[2020-01-26 14:19:16.420277][Environment.Environment.log][rollouts]: Rollout thread #17

[2020-01-26 14:19:16.421304][Environment.Environment.log][rollouts]: Rollout thread #18

[2020-01-26 14:19:16.421057][Environment.Environment.log][thread_rollouts]: Thread number: 16

[2020-01-26 14:19:16.422869][Environment.Environment.log][thread_rollouts]: Thread number: 17

[2020-01-26 14:19:22.300895][Environment.Environment.log][thread_rollouts]: Thread number: 17, Steps performed: 2779

[2020-01-26 14:19:32.104023][Environment.Environment.log][thread_rollouts]: Thread number: 16, Steps performed: 3382

[2020-01-26 14:19:32.104514][Environment.Environment.log][rollouts]: Rollout thread #19

[2020-01-26 14:19:32.105154][Environment.Environment.log][thread_rollouts]: Thread number: 18

[2020-01-26 14:19:32.105242][Environment.Environment.log][rollouts]: Rollout thread #20

[2020-01-26 14:19:32.107841][Environment.Environment.log][thread_rollouts]: Thread number: 19

[2020-01-26 14:19:37.291481][Environment.Environment.log][thread_rollouts]: Thread number: 19, Steps performed: 2024

[2020-01-26 14:19:43.542402][Environment.Environment.log][thread_rollouts]: Thread number: 18, Steps performed: 3500

[2020-01-26 14:19:43.543022][Environment.Environment.log][rollouts]: Rollout thread #21

[2020-01-26 14:19:43.543920][Environment.Environment.log][rollouts]: Rollout thread #22

[2020-01-26 14:19:43.543805][Environment.Environment.log][thread_rollouts]: Thread number: 20

[2020-01-26 14:19:43.545148][Environment.Environment.log][thread_rollouts]: Thread number: 21

[2020-01-26 14:20:04.775409][Environment.Environment.log][thread_rollouts]: Thread number: 20, Steps performed: 1238

[2020-01-26 14:20:06.748745][Environment.Environment.log][thread_rollouts]: Thread number: 21, Steps performed: 3346

[2020-01-26 14:20:06.749304][Environment.Environment.log][rollouts]: Rollout thread #23

[2020-01-26 14:20:06.749974][Environment.Environment.log][thread_rollouts]: Thread number: 22

[2020-01-26 14:20:06.750091][Environment.Environment.log][rollouts]: Rollout thread #24

[2020-01-26 14:20:06.752087][Environment.Environment.log][thread_rollouts]: Thread number: 23

[2020-01-26 14:20:12.180902][Environment.Environment.log][thread_rollouts]: Thread number: 23, Steps performed: 2485

[2020-01-26 14:20:16.389121][Environment.Environment.log][thread_rollouts]: Thread number: 22, Steps performed: 2621

[2020-01-26 14:20:16.389833][Environment.Environment.log][rollouts]: Rollout thread #25

[2020-01-26 14:20:16.390709][Environment.Environment.log][rollouts]: Rollout thread #26

[2020-01-26 14:20:16.390519][Environment.Environment.log][thread_rollouts]: Thread number: 24

[2020-01-26 14:20:16.392128][Environment.Environment.log][thread_rollouts]: Thread number: 25

[2020-01-26 14:20:23.902374][Environment.Environment.log][thread_rollouts]: Thread number: 24, Steps performed: 3498

[2020-01-26 14:20:26.416650][Environment.Environment.log][thread_rollouts]: Thread number: 25, Steps performed: 2186

[2020-01-26 14:20:26.417074][Environment.Environment.log][rollouts]: Rollout thread #27

[2020-01-26 14:20:26.423838][Environment.Environment.log][thread_rollouts]: Thread number: 26

[2020-01-26 14:20:26.423938][Environment.Environment.log][rollouts]: Rollout thread #28

[2020-01-26 14:20:26.425855][Environment.Environment.log][thread_rollouts]: Thread number: 27

[2020-01-26 14:20:35.501409][Environment.Environment.log][thread_rollouts]: Thread number: 26, Steps performed: 3092

[2020-01-26 14:20:45.047879][Environment.Environment.log][thread_rollouts]: Thread number: 27, Steps performed: 3980

[2020-01-26 14:20:45.048257][Environment.Environment.log][rollouts]: Rollout thread #29

[2020-01-26 14:20:45.048822][Environment.Environment.log][rollouts]: Rollout thread #30

[2020-01-26 14:20:45.048758][Environment.Environment.log][thread_rollouts]: Thread number: 28

[2020-01-26 14:20:45.050047][Environment.Environment.log][thread_rollouts]: Thread number: 29

[2020-01-26 14:20:55.037205][Environment.Environment.log][thread_rollouts]: Thread number: 28, Steps performed: 3906

[2020-01-26 14:21:24.135356][Environment.Environment.log][thread_rollouts]: Thread number: 29, Steps performed: 2297

[2020-01-26 14:21:24.135863][__main__.TRPOAgent.log][rollouts]: Unpacking actions

[2020-01-26 14:21:24.155416][__main__.TRPOAgent.log][rollouts]: Unpacking rewards

[2020-01-26 14:21:25.515812][__main__.TRPOAgent.log][rollouts]: Unpacking observations

[2020-01-26 14:21:25.558629][__main__.TRPOAgent.log][learning]: Rollouts performed

[2020-01-26 14:21:25.559972][__main__.TRPOAgent.log][batch_info]: Rollout statistics size: 77745, Batch size: 12000, Number of batches: 7

[2020-01-26 14:21:25.560315][__main__.TRPOAgent.log][learning]: 

***************
BEGINNING TRAINING
***************



[2020-01-26 14:21:25.614484][__main__.TRPOAgent.log][batch_info]: Batch #0, batch length: 12000

[2020-01-26 14:21:38.441783][__main__.TRPOAgent.log][batch_info]: Current batch value loss: 119.5702259479358

[2020-01-26 14:21:38.457574][__main__.TRPOAgent.log][batch_info]: Batch #1, batch length: 12000

[2020-01-26 14:21:51.074288][__main__.TRPOAgent.log][batch_info]: Current batch value loss: 165.38673254591924

[2020-01-26 14:21:51.089510][__main__.TRPOAgent.log][batch_info]: Batch #2, batch length: 12000

[2020-01-26 14:22:03.577778][__main__.TRPOAgent.log][batch_info]: Current batch value loss: 184.30393522067195

[2020-01-26 14:22:03.592475][__main__.TRPOAgent.log][batch_info]: Batch #3, batch length: 12000

[2020-01-26 14:22:16.146666][__main__.TRPOAgent.log][batch_info]: Current batch value loss: 159.9419609101102

[2020-01-26 14:22:16.162116][__main__.TRPOAgent.log][batch_info]: Batch #4, batch length: 12000

[2020-01-26 14:22:29.068139][__main__.TRPOAgent.log][batch_info]: Current batch value loss: 222.26240798990622

[2020-01-26 14:22:29.086474][__main__.TRPOAgent.log][batch_info]: Batch #5, batch length: 12000

[2020-01-26 14:22:41.637422][__main__.TRPOAgent.log][batch_info]: Current batch value loss: 190.73059297322447

[2020-01-26 14:22:41.643240][__main__.TRPOAgent.log][batch_info]: Batch #6, batch length: 5745

[2020-01-26 14:22:47.534373][__main__.TRPOAgent.log][batch_info]: Current batch value loss: 233.33771685526423

[2020-01-26 14:22:47.544499][__main__.TRPOAgent.log][learning]: Episode #2

[2020-01-26 14:22:47.544920][__main__.TRPOAgent.log][learning]: Performing rollouts: rollout length: 4000

[2020-01-26 14:22:47.591001][Environment.Environment.log][rollouts]: Rollout thread #1

[2020-01-26 14:22:47.591525][Environment.Environment.log][thread_rollouts]: Thread number: 0

[2020-01-26 14:22:47.591796][Environment.Environment.log][rollouts]: Rollout thread #2

[2020-01-26 14:22:47.593894][Environment.Environment.log][thread_rollouts]: Thread number: 1

[2020-01-26 14:23:03.241899][Environment.Environment.log][thread_rollouts]: Thread number: 0, Steps performed: 3236

[2020-01-26 14:23:06.350783][Environment.Environment.log][thread_rollouts]: Thread number: 1, Steps performed: 2523

[2020-01-26 14:23:06.351369][Environment.Environment.log][rollouts]: Rollout thread #3

[2020-01-26 14:23:06.352142][Environment.Environment.log][thread_rollouts]: Thread number: 2

[2020-01-26 14:23:06.352255][Environment.Environment.log][rollouts]: Rollout thread #4

[2020-01-26 14:23:06.355026][Environment.Environment.log][thread_rollouts]: Thread number: 3

[2020-01-26 14:23:11.824583][Environment.Environment.log][thread_rollouts]: Thread number: 2, Steps performed: 2449

[2020-01-26 14:23:12.950984][Environment.Environment.log][thread_rollouts]: Thread number: 3, Steps performed: 3697

[2020-01-26 14:23:12.951593][Environment.Environment.log][rollouts]: Rollout thread #5

[2020-01-26 14:23:12.952183][Environment.Environment.log][thread_rollouts]: Thread number: 4

[2020-01-26 14:23:12.952310][Environment.Environment.log][rollouts]: Rollout thread #6

[2020-01-26 14:23:12.955124][Environment.Environment.log][thread_rollouts]: Thread number: 5

[2020-01-26 14:23:28.859303][Environment.Environment.log][thread_rollouts]: Thread number: 5, Steps performed: 3050

[2020-01-26 14:23:32.677574][Environment.Environment.log][thread_rollouts]: Thread number: 4, Steps performed: 3173

[2020-01-26 14:23:32.678007][Environment.Environment.log][rollouts]: Rollout thread #7

[2020-01-26 14:23:32.678621][Environment.Environment.log][thread_rollouts]: Thread number: 6

[2020-01-26 14:23:32.678685][Environment.Environment.log][rollouts]: Rollout thread #8

[2020-01-26 14:23:32.680248][Environment.Environment.log][thread_rollouts]: Thread number: 7

[2020-01-26 14:23:35.021699][Environment.Environment.log][thread_rollouts]: Thread number: 6, Steps performed: 1035

[2020-01-26 14:23:36.933171][Environment.Environment.log][thread_rollouts]: Thread number: 7, Steps performed: 3119

[2020-01-26 14:23:36.933582][Environment.Environment.log][rollouts]: Rollout thread #9

[2020-01-26 14:23:36.934003][Environment.Environment.log][thread_rollouts]: Thread number: 8

[2020-01-26 14:23:36.934056][Environment.Environment.log][rollouts]: Rollout thread #10

[2020-01-26 14:23:36.935844][Environment.Environment.log][thread_rollouts]: Thread number: 9

[2020-01-26 14:23:54.217337][Environment.Environment.log][thread_rollouts]: Thread number: 9, Steps performed: 3902

[2020-01-26 14:23:56.230505][Environment.Environment.log][thread_rollouts]: Thread number: 8, Steps performed: 2007

[2020-01-26 14:23:56.231207][Environment.Environment.log][rollouts]: Rollout thread #11

[2020-01-26 14:23:56.231810][Environment.Environment.log][thread_rollouts]: Thread number: 10

[2020-01-26 14:23:56.231870][Environment.Environment.log][rollouts]: Rollout thread #12

[2020-01-26 14:23:56.234113][Environment.Environment.log][thread_rollouts]: Thread number: 11

[2020-01-26 14:24:03.926254][Environment.Environment.log][thread_rollouts]: Thread number: 11, Steps performed: 3533

[2020-01-26 14:24:11.702608][Environment.Environment.log][thread_rollouts]: Thread number: 10, Steps performed: 3842

[2020-01-26 14:24:11.703094][Environment.Environment.log][rollouts]: Rollout thread #13

[2020-01-26 14:24:11.703572][Environment.Environment.log][thread_rollouts]: Thread number: 12

[2020-01-26 14:24:11.703632][Environment.Environment.log][rollouts]: Rollout thread #14

[2020-01-26 14:24:11.705415][Environment.Environment.log][thread_rollouts]: Thread number: 13

[2020-01-26 14:24:14.273420][Environment.Environment.log][thread_rollouts]: Thread number: 12, Steps performed: 1122

[2020-01-26 14:24:20.381131][Environment.Environment.log][thread_rollouts]: Thread number: 13, Steps performed: 3825

[2020-01-26 14:24:20.381706][Environment.Environment.log][rollouts]: Rollout thread #15

[2020-01-26 14:24:20.382312][Environment.Environment.log][thread_rollouts]: Thread number: 14

[2020-01-26 14:24:20.382599][Environment.Environment.log][rollouts]: Rollout thread #16

[2020-01-26 14:24:20.384166][Environment.Environment.log][thread_rollouts]: Thread number: 15

[2020-01-26 14:24:30.838839][Environment.Environment.log][thread_rollouts]: Thread number: 15, Steps performed: 443

[2020-01-26 14:24:37.691092][Environment.Environment.log][thread_rollouts]: Thread number: 14, Steps performed: 2730

[2020-01-26 14:24:37.691555][Environment.Environment.log][rollouts]: Rollout thread #17

[2020-01-26 14:24:37.692199][Environment.Environment.log][rollouts]: Rollout thread #18

[2020-01-26 14:24:37.692081][Environment.Environment.log][thread_rollouts]: Thread number: 16

[2020-01-26 14:24:37.693141][Environment.Environment.log][thread_rollouts]: Thread number: 17

[2020-01-26 14:24:42.785675][Environment.Environment.log][thread_rollouts]: Thread number: 17, Steps performed: 2237

[2020-01-26 14:24:44.062105][Environment.Environment.log][thread_rollouts]: Thread number: 16, Steps performed: 3523

[2020-01-26 14:24:44.062749][Environment.Environment.log][rollouts]: Rollout thread #19

[2020-01-26 14:24:44.063334][Environment.Environment.log][thread_rollouts]: Thread number: 18

[2020-01-26 14:24:44.063474][Environment.Environment.log][rollouts]: Rollout thread #20

[2020-01-26 14:24:44.067693][Environment.Environment.log][thread_rollouts]: Thread number: 19

[2020-01-26 14:25:19.229656][Environment.Environment.log][thread_rollouts]: Thread number: 18, Steps performed: 3213

[2020-01-26 14:25:28.224880][Environment.Environment.log][thread_rollouts]: Thread number: 19, Steps performed: 1035

[2020-01-26 14:25:28.225297][Environment.Environment.log][rollouts]: Rollout thread #21

[2020-01-26 14:25:28.225846][Environment.Environment.log][thread_rollouts]: Thread number: 20

[2020-01-26 14:25:28.225926][Environment.Environment.log][rollouts]: Rollout thread #22

[2020-01-26 14:25:28.228293][Environment.Environment.log][thread_rollouts]: Thread number: 21

[2020-01-26 14:25:39.592347][Environment.Environment.log][thread_rollouts]: Thread number: 21, Steps performed: 3960

[2020-01-26 14:25:46.787826][Environment.Environment.log][thread_rollouts]: Thread number: 20, Steps performed: 3676

[2020-01-26 14:25:46.788503][Environment.Environment.log][rollouts]: Rollout thread #23

[2020-01-26 14:25:46.789211][Environment.Environment.log][thread_rollouts]: Thread number: 22

[2020-01-26 14:25:46.789438][Environment.Environment.log][rollouts]: Rollout thread #24

[2020-01-26 14:25:46.791677][Environment.Environment.log][thread_rollouts]: Thread number: 23

[2020-01-26 14:25:54.948084][Environment.Environment.log][thread_rollouts]: Thread number: 22, Steps performed: 3792

[2020-01-26 14:26:04.913295][Environment.Environment.log][thread_rollouts]: Thread number: 23, Steps performed: 2669

[2020-01-26 14:26:04.913907][Environment.Environment.log][rollouts]: Rollout thread #25

[2020-01-26 14:26:04.914563][Environment.Environment.log][thread_rollouts]: Thread number: 24

[2020-01-26 14:26:04.914686][Environment.Environment.log][rollouts]: Rollout thread #26

[2020-01-26 14:26:04.920865][Environment.Environment.log][thread_rollouts]: Thread number: 25

[2020-01-26 14:26:22.278461][Environment.Environment.log][thread_rollouts]: Thread number: 24, Steps performed: 2695

[2020-01-26 14:26:22.377824][Environment.Environment.log][thread_rollouts]: Thread number: 25, Steps performed: 2806

[2020-01-26 14:26:22.378405][Environment.Environment.log][rollouts]: Rollout thread #27

[2020-01-26 14:26:22.378944][Environment.Environment.log][thread_rollouts]: Thread number: 26

[2020-01-26 14:26:22.379037][Environment.Environment.log][rollouts]: Rollout thread #28

[2020-01-26 14:26:22.382969][Environment.Environment.log][thread_rollouts]: Thread number: 27

[2020-01-26 14:26:27.526542][Environment.Environment.log][thread_rollouts]: Thread number: 27, Steps performed: 1659

[2020-01-26 14:26:35.452276][Environment.Environment.log][thread_rollouts]: Thread number: 26, Steps performed: 862

[2020-01-26 14:26:35.452976][Environment.Environment.log][rollouts]: Rollout thread #29

[2020-01-26 14:26:35.453690][Environment.Environment.log][rollouts]: Rollout thread #30

[2020-01-26 14:26:35.453534][Environment.Environment.log][thread_rollouts]: Thread number: 28

[2020-01-26 14:26:35.454981][Environment.Environment.log][thread_rollouts]: Thread number: 29

[2020-01-26 14:26:40.498265][Environment.Environment.log][thread_rollouts]: Thread number: 29, Steps performed: 2333

[2020-01-26 14:27:25.575306][Environment.Environment.log][thread_rollouts]: Thread number: 28, Steps performed: 2836

[2020-01-26 14:27:25.575779][__main__.TRPOAgent.log][rollouts]: Unpacking actions

[2020-01-26 14:27:25.599879][__main__.TRPOAgent.log][rollouts]: Unpacking rewards

[2020-01-26 14:27:27.235623][__main__.TRPOAgent.log][rollouts]: Unpacking observations

[2020-01-26 14:27:27.280698][__main__.TRPOAgent.log][learning]: Rollouts performed

[2020-01-26 14:27:27.282157][__main__.TRPOAgent.log][batch_info]: Rollout statistics size: 80982, Batch size: 12000, Number of batches: 7

[2020-01-26 14:27:27.282536][__main__.TRPOAgent.log][learning]: 

***************
BEGINNING TRAINING
***************



[2020-01-26 14:27:27.338569][__main__.TRPOAgent.log][batch_info]: Batch #0, batch length: 12000

[2020-01-26 14:27:40.650891][__main__.TRPOAgent.log][batch_info]: Current batch value loss: 190.38896682612395

[2020-01-26 14:27:40.670071][__main__.TRPOAgent.log][batch_info]: Batch #1, batch length: 12000

[2020-01-26 14:27:52.826773][__main__.TRPOAgent.log][batch_info]: Current batch value loss: 156.00645867321276

[2020-01-26 14:27:52.844830][__main__.TRPOAgent.log][batch_info]: Batch #2, batch length: 12000

[2020-01-26 14:28:06.468510][__main__.TRPOAgent.log][batch_info]: Current batch value loss: 155.89714042207277

[2020-01-26 14:28:06.484307][__main__.TRPOAgent.log][batch_info]: Batch #3, batch length: 12000

[2020-01-26 14:28:20.645782][__main__.TRPOAgent.log][batch_info]: Current batch value loss: 192.52945817913857

[2020-01-26 14:28:20.662190][__main__.TRPOAgent.log][batch_info]: Batch #4, batch length: 12000

[2020-01-26 14:28:33.563973][__main__.TRPOAgent.log][batch_info]: Current batch value loss: 155.65753844906789

[2020-01-26 14:28:33.577282][__main__.TRPOAgent.log][batch_info]: Batch #5, batch length: 12000

[2020-01-26 14:28:46.113746][__main__.TRPOAgent.log][batch_info]: Current batch value loss: 155.37495693647875

[2020-01-26 14:28:46.132724][__main__.TRPOAgent.log][batch_info]: Batch #6, batch length: 8982

[2020-01-26 14:28:55.665014][__main__.TRPOAgent.log][batch_info]: Current batch value loss: 202.29517329655127

[2020-01-26 14:28:55.676053][__main__.TRPOAgent.log][learning]: Episode #3

[2020-01-26 14:28:55.676365][__main__.TRPOAgent.log][learning]: Performing rollouts: rollout length: 4000

[2020-01-26 14:28:55.714823][Environment.Environment.log][rollouts]: Rollout thread #1

[2020-01-26 14:28:55.715693][Environment.Environment.log][rollouts]: Rollout thread #2

[2020-01-26 14:28:55.715432][Environment.Environment.log][thread_rollouts]: Thread number: 0

[2020-01-26 14:28:55.716672][Environment.Environment.log][thread_rollouts]: Thread number: 1

[2020-01-26 14:29:08.766635][Environment.Environment.log][thread_rollouts]: Thread number: 1, Steps performed: 972

[2020-01-26 14:29:11.292045][Environment.Environment.log][thread_rollouts]: Thread number: 0, Steps performed: 3396

[2020-01-26 14:29:11.292692][Environment.Environment.log][rollouts]: Rollout thread #3

[2020-01-26 14:29:11.293612][Environment.Environment.log][thread_rollouts]: Thread number: 2

[2020-01-26 14:29:11.293790][Environment.Environment.log][rollouts]: Rollout thread #4

[2020-01-26 14:29:11.300228][Environment.Environment.log][thread_rollouts]: Thread number: 3

[2020-01-26 14:29:32.908648][Environment.Environment.log][thread_rollouts]: Thread number: 2, Steps performed: 1528

[2020-01-26 14:29:54.060466][Environment.Environment.log][thread_rollouts]: Thread number: 3, Steps performed: 1191

[2020-01-26 14:29:54.061117][Environment.Environment.log][rollouts]: Rollout thread #5

[2020-01-26 14:29:54.061790][Environment.Environment.log][thread_rollouts]: Thread number: 4

[2020-01-26 14:29:54.062011][Environment.Environment.log][rollouts]: Rollout thread #6

[2020-01-26 14:29:54.063720][Environment.Environment.log][thread_rollouts]: Thread number: 5

[2020-01-26 14:29:57.474616][Environment.Environment.log][thread_rollouts]: Thread number: 4, Steps performed: 1617

[2020-01-26 14:30:04.929862][Environment.Environment.log][thread_rollouts]: Thread number: 5, Steps performed: 1799

[2020-01-26 14:30:04.930489][Environment.Environment.log][rollouts]: Rollout thread #7

[2020-01-26 14:30:04.931110][Environment.Environment.log][thread_rollouts]: Thread number: 6

[2020-01-26 14:30:04.931181][Environment.Environment.log][rollouts]: Rollout thread #8

[2020-01-26 14:30:04.933063][Environment.Environment.log][thread_rollouts]: Thread number: 7

[2020-01-26 14:30:17.361924][Environment.Environment.log][thread_rollouts]: Thread number: 7, Steps performed: 1747

[2020-01-26 14:30:39.173020][Environment.Environment.log][thread_rollouts]: Thread number: 6, Steps performed: 1381

[2020-01-26 14:30:39.173536][Environment.Environment.log][rollouts]: Rollout thread #9

[2020-01-26 14:30:39.174312][Environment.Environment.log][rollouts]: Rollout thread #10

[2020-01-26 14:30:39.174240][Environment.Environment.log][thread_rollouts]: Thread number: 8

[2020-01-26 14:30:39.175477][Environment.Environment.log][thread_rollouts]: Thread number: 9

[2020-01-26 14:31:00.637941][Environment.Environment.log][thread_rollouts]: Thread number: 9, Steps performed: 2133

[2020-01-26 14:31:23.065183][Environment.Environment.log][thread_rollouts]: Thread number: 8, Steps performed: 3000

[2020-01-26 14:31:23.065753][Environment.Environment.log][rollouts]: Rollout thread #11

[2020-01-26 14:31:23.066440][Environment.Environment.log][rollouts]: Rollout thread #12

[2020-01-26 14:31:23.066309][Environment.Environment.log][thread_rollouts]: Thread number: 10

[2020-01-26 14:31:23.067524][Environment.Environment.log][thread_rollouts]: Thread number: 11

[2020-01-26 14:31:30.504194][Environment.Environment.log][thread_rollouts]: Thread number: 10, Steps performed: 3023

[2020-01-26 14:31:45.711538][Environment.Environment.log][thread_rollouts]: Thread number: 11, Steps performed: 1888

[2020-01-26 14:31:45.712156][Environment.Environment.log][rollouts]: Rollout thread #13

[2020-01-26 14:31:45.713000][Environment.Environment.log][thread_rollouts]: Thread number: 12

[2020-01-26 14:31:45.713166][Environment.Environment.log][rollouts]: Rollout thread #14

[2020-01-26 14:31:45.716974][Environment.Environment.log][thread_rollouts]: Thread number: 13

[2020-01-26 14:32:57.450964][Environment.Environment.log][thread_rollouts]: Thread number: 13, Steps performed: 2333

[2020-01-26 14:33:09.558107][Environment.Environment.log][thread_rollouts]: Thread number: 12, Steps performed: 3811

[2020-01-26 14:33:09.558816][Environment.Environment.log][rollouts]: Rollout thread #15

[2020-01-26 14:33:09.560106][Environment.Environment.log][rollouts]: Rollout thread #16

[2020-01-26 14:33:09.559959][Environment.Environment.log][thread_rollouts]: Thread number: 14

[2020-01-26 14:33:09.561813][Environment.Environment.log][thread_rollouts]: Thread number: 15

[2020-01-26 14:34:31.023476][Environment.Environment.log][thread_rollouts]: Thread number: 15, Steps performed: 766

[2020-01-26 14:35:18.091171][Environment.Environment.log][thread_rollouts]: Thread number: 14, Steps performed: 3602

[2020-01-26 14:35:18.091900][Environment.Environment.log][rollouts]: Rollout thread #17

[2020-01-26 14:35:18.092654][Environment.Environment.log][thread_rollouts]: Thread number: 16

[2020-01-26 14:35:18.092790][Environment.Environment.log][rollouts]: Rollout thread #18

[2020-01-26 14:35:18.094734][Environment.Environment.log][thread_rollouts]: Thread number: 17

[2020-01-26 14:36:09.477264][Environment.Environment.log][thread_rollouts]: Thread number: 17, Steps performed: 1954

[2020-01-26 14:37:09.062341][Environment.Environment.log][thread_rollouts]: Thread number: 16, Steps performed: 2009

[2020-01-26 14:37:09.062903][Environment.Environment.log][rollouts]: Rollout thread #19

[2020-01-26 14:37:09.063849][Environment.Environment.log][rollouts]: Rollout thread #20

[2020-01-26 14:37:09.063604][Environment.Environment.log][thread_rollouts]: Thread number: 18

[2020-01-26 14:37:09.064823][Environment.Environment.log][thread_rollouts]: Thread number: 19

[2020-01-26 14:37:32.457874][Environment.Environment.log][thread_rollouts]: Thread number: 18, Steps performed: 2766

[2020-01-26 14:38:09.616643][Environment.Environment.log][thread_rollouts]: Thread number: 19, Steps performed: 1344

[2020-01-26 14:38:09.617205][Environment.Environment.log][rollouts]: Rollout thread #21

[2020-01-26 14:38:09.618197][Environment.Environment.log][rollouts]: Rollout thread #22

[2020-01-26 14:38:09.618076][Environment.Environment.log][thread_rollouts]: Thread number: 20

[2020-01-26 14:38:09.619356][Environment.Environment.log][thread_rollouts]: Thread number: 21

[2020-01-26 14:38:24.871731][Environment.Environment.log][thread_rollouts]: Thread number: 21, Steps performed: 1771

[2020-01-26 14:38:44.301090][Environment.Environment.log][thread_rollouts]: Thread number: 20, Steps performed: 2001

[2020-01-26 14:38:44.301671][Environment.Environment.log][rollouts]: Rollout thread #23

[2020-01-26 14:38:44.302305][Environment.Environment.log][rollouts]: Rollout thread #24

[2020-01-26 14:38:44.302234][Environment.Environment.log][thread_rollouts]: Thread number: 22

[2020-01-26 14:38:44.303911][Environment.Environment.log][thread_rollouts]: Thread number: 23

[2020-01-26 14:39:08.772546][Environment.Environment.log][thread_rollouts]: Thread number: 22, Steps performed: 3215

[2020-01-26 14:39:09.403962][Environment.Environment.log][thread_rollouts]: Thread number: 23, Steps performed: 3801

[2020-01-26 14:39:09.404620][Environment.Environment.log][rollouts]: Rollout thread #25

[2020-01-26 14:39:09.405226][Environment.Environment.log][thread_rollouts]: Thread number: 24

[2020-01-26 14:39:09.405447][Environment.Environment.log][rollouts]: Rollout thread #26

[2020-01-26 14:39:09.411163][Environment.Environment.log][thread_rollouts]: Thread number: 25

[2020-01-26 14:40:34.552542][Environment.Environment.log][thread_rollouts]: Thread number: 25, Steps performed: 1395

[2020-01-26 14:41:53.121803][Environment.Environment.log][thread_rollouts]: Thread number: 24, Steps performed: 2999

[2020-01-26 14:41:53.122354][Environment.Environment.log][rollouts]: Rollout thread #27

[2020-01-26 14:41:53.123037][Environment.Environment.log][thread_rollouts]: Thread number: 26

[2020-01-26 14:41:53.123117][Environment.Environment.log][rollouts]: Rollout thread #28

[2020-01-26 14:41:53.126876][Environment.Environment.log][thread_rollouts]: Thread number: 27

[2020-01-26 14:43:12.845362][Environment.Environment.log][thread_rollouts]: Thread number: 26, Steps performed: 3562

[2020-01-26 14:43:50.536326][Environment.Environment.log][thread_rollouts]: Thread number: 27, Steps performed: 1265

[2020-01-26 14:43:50.537012][Environment.Environment.log][rollouts]: Rollout thread #29

[2020-01-26 14:43:50.537767][Environment.Environment.log][rollouts]: Rollout thread #30

[2020-01-26 14:43:50.537645][Environment.Environment.log][thread_rollouts]: Thread number: 28

[2020-01-26 14:43:50.539039][Environment.Environment.log][thread_rollouts]: Thread number: 29

[2020-01-26 14:43:51.602711][Environment.Environment.log][thread_rollouts]: Thread number: 28, Steps performed: 487

[2020-01-26 14:44:12.663838][Environment.Environment.log][thread_rollouts]: Thread number: 29, Steps performed: 2699

[2020-01-26 14:44:12.664472][__main__.TRPOAgent.log][rollouts]: Unpacking actions

[2020-01-26 14:44:12.681466][__main__.TRPOAgent.log][rollouts]: Unpacking rewards

[2020-01-26 14:44:13.647938][__main__.TRPOAgent.log][rollouts]: Unpacking observations

[2020-01-26 14:44:13.694403][__main__.TRPOAgent.log][learning]: Rollouts performed

[2020-01-26 14:44:13.695912][__main__.TRPOAgent.log][batch_info]: Rollout statistics size: 65455, Batch size: 12000, Number of batches: 6

[2020-01-26 14:44:13.696269][__main__.TRPOAgent.log][learning]: 

***************
BEGINNING TRAINING
***************



[2020-01-26 14:44:13.744945][__main__.TRPOAgent.log][batch_info]: Batch #0, batch length: 12000

[2020-01-26 14:44:26.090490][__main__.TRPOAgent.log][batch_info]: Current batch value loss: 191.4432744844569

[2020-01-26 14:44:26.108514][__main__.TRPOAgent.log][batch_info]: Batch #1, batch length: 12000

[2020-01-26 14:44:38.249620][__main__.TRPOAgent.log][batch_info]: Current batch value loss: 192.01709136784865

[2020-01-26 14:44:38.265222][__main__.TRPOAgent.log][batch_info]: Batch #2, batch length: 12000

[2020-01-26 14:44:51.891825][__main__.TRPOAgent.log][batch_info]: Current batch value loss: 223.45875726083798

[2020-01-26 14:44:51.909125][__main__.TRPOAgent.log][batch_info]: Batch #3, batch length: 12000

[2020-01-26 14:45:04.737087][__main__.TRPOAgent.log][batch_info]: Current batch value loss: 155.63185719852376

[2020-01-26 14:45:04.751510][__main__.TRPOAgent.log][batch_info]: Batch #4, batch length: 12000

[2020-01-26 14:45:17.421684][__main__.TRPOAgent.log][batch_info]: Current batch value loss: 257.10771010908684

[2020-01-26 14:45:17.430675][__main__.TRPOAgent.log][batch_info]: Batch #5, batch length: 5455

[2020-01-26 14:45:23.099041][__main__.TRPOAgent.log][batch_info]: Current batch value loss: 243.35697712084354

[2020-01-26 14:45:23.107351][__main__.TRPOAgent.log][learning]: Episode #4

[2020-01-26 14:45:23.107617][__main__.TRPOAgent.log][learning]: Performing rollouts: rollout length: 4000

[2020-01-26 14:45:23.146113][Environment.Environment.log][rollouts]: Rollout thread #1

[2020-01-26 14:45:23.146643][Environment.Environment.log][thread_rollouts]: Thread number: 0

[2020-01-26 14:45:23.146979][Environment.Environment.log][rollouts]: Rollout thread #2

[2020-01-26 14:45:23.148871][Environment.Environment.log][thread_rollouts]: Thread number: 1

[2020-01-26 14:46:16.810131][Environment.Environment.log][thread_rollouts]: Thread number: 0, Steps performed: 2163

[2020-01-26 14:46:50.899358][Environment.Environment.log][thread_rollouts]: Thread number: 1, Steps performed: 1994

[2020-01-26 14:46:50.899850][Environment.Environment.log][rollouts]: Rollout thread #3

[2020-01-26 14:46:50.900849][Environment.Environment.log][rollouts]: Rollout thread #4

[2020-01-26 14:46:50.900754][Environment.Environment.log][thread_rollouts]: Thread number: 2

[2020-01-26 14:46:50.901863][Environment.Environment.log][thread_rollouts]: Thread number: 3

[2020-01-26 14:48:03.320376][Environment.Environment.log][thread_rollouts]: Thread number: 2, Steps performed: 2330

[2020-01-26 14:48:20.290743][Environment.Environment.log][thread_rollouts]: Thread number: 3, Steps performed: 1026

[2020-01-26 14:48:20.291252][Environment.Environment.log][rollouts]: Rollout thread #5

[2020-01-26 14:48:20.291811][Environment.Environment.log][thread_rollouts]: Thread number: 4

[2020-01-26 14:48:20.291978][Environment.Environment.log][rollouts]: Rollout thread #6

[2020-01-26 14:48:20.293809][Environment.Environment.log][thread_rollouts]: Thread number: 5

[2020-01-26 14:49:27.454873][Environment.Environment.log][thread_rollouts]: Thread number: 4, Steps performed: 3621

[2020-01-26 14:50:31.612921][Environment.Environment.log][thread_rollouts]: Thread number: 5, Steps performed: 3450

[2020-01-26 14:50:31.613502][Environment.Environment.log][rollouts]: Rollout thread #7

[2020-01-26 14:50:31.614024][Environment.Environment.log][thread_rollouts]: Thread number: 6

[2020-01-26 14:50:31.614163][Environment.Environment.log][rollouts]: Rollout thread #8

[2020-01-26 14:50:31.616800][Environment.Environment.log][thread_rollouts]: Thread number: 7

[2020-01-26 14:50:41.394048][Environment.Environment.log][thread_rollouts]: Thread number: 7, Steps performed: 575

[2020-01-26 14:51:15.432008][Environment.Environment.log][thread_rollouts]: Thread number: 6, Steps performed: 2455

[2020-01-26 14:51:15.432640][Environment.Environment.log][rollouts]: Rollout thread #9

[2020-01-26 14:51:15.433448][Environment.Environment.log][thread_rollouts]: Thread number: 8

[2020-01-26 14:51:15.433529][Environment.Environment.log][rollouts]: Rollout thread #10

[2020-01-26 14:51:15.435953][Environment.Environment.log][thread_rollouts]: Thread number: 9

[2020-01-26 14:52:13.898228][Environment.Environment.log][thread_rollouts]: Thread number: 9, Steps performed: 3725

[2020-01-26 14:52:42.386670][Environment.Environment.log][thread_rollouts]: Thread number: 8, Steps performed: 3223

[2020-01-26 14:52:42.387240][Environment.Environment.log][rollouts]: Rollout thread #11

[2020-01-26 14:52:42.387902][Environment.Environment.log][thread_rollouts]: Thread number: 10

[2020-01-26 14:52:42.388234][Environment.Environment.log][rollouts]: Rollout thread #12

[2020-01-26 14:52:42.389838][Environment.Environment.log][thread_rollouts]: Thread number: 11

[2020-01-26 14:53:05.598936][Environment.Environment.log][thread_rollouts]: Thread number: 10, Steps performed: 2972

[2020-01-26 14:53:12.071490][Environment.Environment.log][thread_rollouts]: Thread number: 11, Steps performed: 2193

[2020-01-26 14:53:12.071951][Environment.Environment.log][rollouts]: Rollout thread #13

[2020-01-26 14:53:12.072621][Environment.Environment.log][thread_rollouts]: Thread number: 12

[2020-01-26 14:53:12.072809][Environment.Environment.log][rollouts]: Rollout thread #14

[2020-01-26 14:53:12.074667][Environment.Environment.log][thread_rollouts]: Thread number: 13

[2020-01-26 14:53:51.698878][Environment.Environment.log][thread_rollouts]: Thread number: 12, Steps performed: 2786

[2020-01-26 14:53:55.519360][Environment.Environment.log][thread_rollouts]: Thread number: 13, Steps performed: 3045

[2020-01-26 14:53:55.519919][Environment.Environment.log][rollouts]: Rollout thread #15

[2020-01-26 14:53:55.520500][Environment.Environment.log][thread_rollouts]: Thread number: 14

[2020-01-26 14:53:55.520568][Environment.Environment.log][rollouts]: Rollout thread #16

[2020-01-26 14:53:55.525139][Environment.Environment.log][thread_rollouts]: Thread number: 15

[2020-01-26 14:54:25.289994][Environment.Environment.log][thread_rollouts]: Thread number: 14, Steps performed: 2155

[2020-01-26 14:55:55.626896][Environment.Environment.log][thread_rollouts]: Thread number: 15, Steps performed: 2150

[2020-01-26 14:55:55.627332][Environment.Environment.log][rollouts]: Rollout thread #17

[2020-01-26 14:55:55.628159][Environment.Environment.log][thread_rollouts]: Thread number: 16

[2020-01-26 14:55:55.628323][Environment.Environment.log][rollouts]: Rollout thread #18

[2020-01-26 14:55:55.630392][Environment.Environment.log][thread_rollouts]: Thread number: 17

[2020-01-26 14:56:14.660898][Environment.Environment.log][thread_rollouts]: Thread number: 16, Steps performed: 911

[2020-01-26 14:56:41.681522][Environment.Environment.log][thread_rollouts]: Thread number: 17, Steps performed: 3056

[2020-01-26 14:56:41.682165][Environment.Environment.log][rollouts]: Rollout thread #19

[2020-01-26 14:56:41.688911][Environment.Environment.log][rollouts]: Rollout thread #20

[2020-01-26 14:56:41.688827][Environment.Environment.log][thread_rollouts]: Thread number: 18

[2020-01-26 14:56:41.690753][Environment.Environment.log][thread_rollouts]: Thread number: 19

[2020-01-26 14:57:17.235706][Environment.Environment.log][thread_rollouts]: Thread number: 19, Steps performed: 848

[2020-01-26 14:58:09.809354][Environment.Environment.log][thread_rollouts]: Thread number: 18, Steps performed: 3485

[2020-01-26 14:58:09.809934][Environment.Environment.log][rollouts]: Rollout thread #21

[2020-01-26 14:58:09.810887][Environment.Environment.log][rollouts]: Rollout thread #22

[2020-01-26 14:58:09.810555][Environment.Environment.log][thread_rollouts]: Thread number: 20

[2020-01-26 14:58:09.811865][Environment.Environment.log][thread_rollouts]: Thread number: 21

[2020-01-26 14:59:16.823559][Environment.Environment.log][thread_rollouts]: Thread number: 20, Steps performed: 3854

[2020-01-26 15:00:29.135593][Environment.Environment.log][thread_rollouts]: Thread number: 21, Steps performed: 3643

[2020-01-26 15:00:29.136043][Environment.Environment.log][rollouts]: Rollout thread #23

[2020-01-26 15:00:29.136731][Environment.Environment.log][thread_rollouts]: Thread number: 22

[2020-01-26 15:00:29.136808][Environment.Environment.log][rollouts]: Rollout thread #24

[2020-01-26 15:00:29.139074][Environment.Environment.log][thread_rollouts]: Thread number: 23

[2020-01-26 15:00:37.571271][Environment.Environment.log][thread_rollouts]: Thread number: 23, Steps performed: 3908

[2020-01-26 15:01:00.051423][Environment.Environment.log][thread_rollouts]: Thread number: 22, Steps performed: 1111

[2020-01-26 15:01:00.052023][Environment.Environment.log][rollouts]: Rollout thread #25

[2020-01-26 15:01:00.052668][Environment.Environment.log][thread_rollouts]: Thread number: 24

[2020-01-26 15:01:00.052903][Environment.Environment.log][rollouts]: Rollout thread #26

[2020-01-26 15:01:00.055915][Environment.Environment.log][thread_rollouts]: Thread number: 25

[2020-01-26 15:01:14.050223][Environment.Environment.log][thread_rollouts]: Thread number: 25, Steps performed: 2620

[2020-01-26 15:01:31.841999][Environment.Environment.log][thread_rollouts]: Thread number: 24, Steps performed: 1285

[2020-01-26 15:01:31.842607][Environment.Environment.log][rollouts]: Rollout thread #27

[2020-01-26 15:01:31.843526][Environment.Environment.log][thread_rollouts]: Thread number: 26

[2020-01-26 15:01:31.843602][Environment.Environment.log][rollouts]: Rollout thread #28

[2020-01-26 15:01:31.845169][Environment.Environment.log][thread_rollouts]: Thread number: 27

[2020-01-26 15:01:34.790646][Environment.Environment.log][thread_rollouts]: Thread number: 27, Steps performed: 1338

[2020-01-26 15:02:06.220666][Environment.Environment.log][thread_rollouts]: Thread number: 26, Steps performed: 3320

[2020-01-26 15:02:06.221283][Environment.Environment.log][rollouts]: Rollout thread #29

[2020-01-26 15:02:06.221961][Environment.Environment.log][thread_rollouts]: Thread number: 28

[2020-01-26 15:02:06.222038][Environment.Environment.log][rollouts]: Rollout thread #30

[2020-01-26 15:02:06.224144][Environment.Environment.log][thread_rollouts]: Thread number: 29

[2020-01-26 15:02:58.766429][Environment.Environment.log][thread_rollouts]: Thread number: 28, Steps performed: 2099

[2020-01-26 15:03:00.488968][Environment.Environment.log][thread_rollouts]: Thread number: 29, Steps performed: 3983

[2020-01-26 15:03:00.489460][__main__.TRPOAgent.log][rollouts]: Unpacking actions

[2020-01-26 15:03:00.508003][__main__.TRPOAgent.log][rollouts]: Unpacking rewards

[2020-01-26 15:03:01.785827][__main__.TRPOAgent.log][rollouts]: Unpacking observations

[2020-01-26 15:03:01.827762][__main__.TRPOAgent.log][learning]: Rollouts performed

[2020-01-26 15:03:01.829224][__main__.TRPOAgent.log][batch_info]: Rollout statistics size: 75324, Batch size: 12000, Number of batches: 7

[2020-01-26 15:03:01.829597][__main__.TRPOAgent.log][learning]: 

***************
BEGINNING TRAINING
***************



[2020-01-26 15:03:01.883775][__main__.TRPOAgent.log][batch_info]: Batch #0, batch length: 12000

[2020-01-26 15:03:14.240373][__main__.TRPOAgent.log][batch_info]: Current batch value loss: 155.43807230163873

[2020-01-26 15:03:14.256161][__main__.TRPOAgent.log][batch_info]: Batch #1, batch length: 12000

[2020-01-26 15:03:26.769052][__main__.TRPOAgent.log][batch_info]: Current batch value loss: 190.05770184015083

[2020-01-26 15:03:26.784587][__main__.TRPOAgent.log][batch_info]: Batch #2, batch length: 12000

[2020-01-26 15:03:38.744797][__main__.TRPOAgent.log][batch_info]: Current batch value loss: 190.00554775716574

[2020-01-26 15:03:38.761815][__main__.TRPOAgent.log][batch_info]: Batch #3, batch length: 12000

[2020-01-26 15:03:50.744693][__main__.TRPOAgent.log][batch_info]: Current batch value loss: 189.64494971794971

[2020-01-26 15:03:50.763208][__main__.TRPOAgent.log][batch_info]: Batch #4, batch length: 12000

[2020-01-26 15:04:03.118364][__main__.TRPOAgent.log][batch_info]: Current batch value loss: 155.39706406400245

[2020-01-26 15:04:03.133501][__main__.TRPOAgent.log][batch_info]: Batch #5, batch length: 12000

[2020-01-26 15:04:15.013477][__main__.TRPOAgent.log][batch_info]: Current batch value loss: 189.33655573457688

[2020-01-26 15:04:15.020175][__main__.TRPOAgent.log][batch_info]: Batch #6, batch length: 3324

[2020-01-26 15:04:18.465915][__main__.TRPOAgent.log][batch_info]: Current batch value loss: 261.86549182503296

[2020-01-26 15:04:18.472713][__main__.TRPOAgent.log][learning]: Episode #5

[2020-01-26 15:04:18.472985][__main__.TRPOAgent.log][learning]: Performing rollouts: rollout length: 4000

[2020-01-26 15:04:18.510137][Environment.Environment.log][rollouts]: Rollout thread #1

[2020-01-26 15:04:18.511803][Environment.Environment.log][rollouts]: Rollout thread #2

[2020-01-26 15:04:18.510668][Environment.Environment.log][thread_rollouts]: Thread number: 0

[2020-01-26 15:04:18.513237][Environment.Environment.log][thread_rollouts]: Thread number: 1

[2020-01-26 15:04:57.214954][Environment.Environment.log][thread_rollouts]: Thread number: 0, Steps performed: 3264

[2020-01-26 15:05:27.937889][Environment.Environment.log][thread_rollouts]: Thread number: 1, Steps performed: 3436

[2020-01-26 15:05:27.938364][Environment.Environment.log][rollouts]: Rollout thread #3

[2020-01-26 15:05:27.939138][Environment.Environment.log][rollouts]: Rollout thread #4

[2020-01-26 15:05:27.939040][Environment.Environment.log][thread_rollouts]: Thread number: 2

[2020-01-26 15:05:27.940353][Environment.Environment.log][thread_rollouts]: Thread number: 3

[2020-01-26 15:09:57.981596][Environment.Environment.log][thread_rollouts]: Thread number: 3, Steps performed: 3599

