LOGGER started at 2020-01-26 14:09:55.783533.
Currently active debug channels:
	rollouts
	batch_info
	learning
	thread_rollouts
[2020-01-26 14:09:55.917960][__main__.TRPOAgent.log][learning]: Episode #0

[2020-01-26 14:09:56.113874][__main__.TRPOAgent.log][learning]: Performing rollouts: rollout length: 4000

[2020-01-26 14:09:56.147291][Environment.Environment.log][rollouts]: Rollout thread #1

[2020-01-26 14:09:56.148318][Environment.Environment.log][rollouts]: Rollout thread #2

[2020-01-26 14:09:56.148045][Environment.Environment.log][thread_rollouts]: Thread number: 0

[2020-01-26 14:09:56.150099][Environment.Environment.log][thread_rollouts]: Thread number: 1

[2020-01-26 14:10:01.146653][Environment.Environment.log][thread_rollouts]: Thread number: 0, Steps performed: 2262

[2020-01-26 14:10:03.558931][Environment.Environment.log][thread_rollouts]: Thread number: 1, Steps performed: 1000

[2020-01-26 14:10:03.559630][Environment.Environment.log][rollouts]: Rollout thread #3

[2020-01-26 14:10:03.560195][Environment.Environment.log][thread_rollouts]: Thread number: 2

[2020-01-26 14:10:03.560404][Environment.Environment.log][rollouts]: Rollout thread #4

[2020-01-26 14:10:03.567337][Environment.Environment.log][thread_rollouts]: Thread number: 3

[2020-01-26 14:10:14.185330][Environment.Environment.log][thread_rollouts]: Thread number: 2, Steps performed: 599

[2020-01-26 14:10:14.624221][Environment.Environment.log][thread_rollouts]: Thread number: 3, Steps performed: 1000

