LOGGER started at 2020-01-31 13:36:25.614146.
Currently active debug channels:
	act
	batch_info
	linesearch
	learning
	thread_rollouts
[2020-01-31 13:36:57.710040][__main__.TRPOAgent.log][learning]: Episode #0

[2020-01-31 13:36:57.886998][__main__.TRPOAgent.log][learning]: Performing rollouts: rollout length: 1500

[2020-01-31 13:36:57.887969][EnvironmentNew.Environment.log][thread_rollouts]: Thread number: 1

[2020-01-31 13:36:57.887654][EnvironmentNew.Environment.log][thread_rollouts]: Thread number: 0

[2020-01-31 13:37:02.142753][EnvironmentNew.Environment.log][thread_rollouts]: Thread number: 0, Steps performed: 652

[2020-01-31 13:37:02.935267][EnvironmentNew.Environment.log][thread_rollouts]: Thread number: 1, Steps performed: 836

[2020-01-31 13:37:02.936153][EnvironmentNew.Environment.log][thread_rollouts]: Thread number: 3

[2020-01-31 13:37:02.935916][EnvironmentNew.Environment.log][thread_rollouts]: Thread number: 2

[2020-01-31 13:37:07.096019][EnvironmentNew.Environment.log][thread_rollouts]: Thread number: 2, Steps performed: 657

[2020-01-31 13:37:07.665274][EnvironmentNew.Environment.log][thread_rollouts]: Thread number: 3, Steps performed: 779

[2020-01-31 13:37:07.665843][EnvironmentNew.Environment.log][thread_rollouts]: Thread number: 4

[2020-01-31 13:37:07.666300][EnvironmentNew.Environment.log][thread_rollouts]: Thread number: 5

[2020-01-31 13:37:11.964630][EnvironmentNew.Environment.log][thread_rollouts]: Thread number: 5, Steps performed: 681

[2020-01-31 13:37:13.996280][EnvironmentNew.Environment.log][thread_rollouts]: Thread number: 4, Steps performed: 1145

[2020-01-31 13:37:13.997480][EnvironmentNew.Environment.log][thread_rollouts]: Thread number: 7

[2020-01-31 13:37:13.996893][EnvironmentNew.Environment.log][thread_rollouts]: Thread number: 6

[2020-01-31 13:37:17.513793][EnvironmentNew.Environment.log][thread_rollouts]: Thread number: 7, Steps performed: 549

[2020-01-31 13:37:17.942944][EnvironmentNew.Environment.log][thread_rollouts]: Thread number: 6, Steps performed: 645

[2020-01-31 13:37:17.943893][EnvironmentNew.Environment.log][thread_rollouts]: Thread number: 9

[2020-01-31 13:37:17.943588][EnvironmentNew.Environment.log][thread_rollouts]: Thread number: 8

[2020-01-31 13:37:21.299937][EnvironmentNew.Environment.log][thread_rollouts]: Thread number: 9, Steps performed: 530

[2020-01-31 13:37:22.103673][EnvironmentNew.Environment.log][thread_rollouts]: Thread number: 8, Steps performed: 712

[2020-01-31 13:37:22.104715][EnvironmentNew.Environment.log][thread_rollouts]: Thread number: 11

[2020-01-31 13:37:22.104447][EnvironmentNew.Environment.log][thread_rollouts]: Thread number: 10

[2020-01-31 13:37:24.816556][EnvironmentNew.Environment.log][thread_rollouts]: Thread number: 10, Steps performed: 440

[2020-01-31 13:37:26.902304][EnvironmentNew.Environment.log][thread_rollouts]: Thread number: 11, Steps performed: 891

[2020-01-31 13:37:26.903644][EnvironmentNew.Environment.log][thread_rollouts]: Thread number: 13

[2020-01-31 13:37:26.902951][EnvironmentNew.Environment.log][thread_rollouts]: Thread number: 12

[2020-01-31 13:37:30.700002][EnvironmentNew.Environment.log][thread_rollouts]: Thread number: 13, Steps performed: 612

[2020-01-31 13:37:34.648119][EnvironmentNew.Environment.log][thread_rollouts]: Thread number: 12, Steps performed: 1500

[2020-01-31 13:37:34.648754][EnvironmentNew.Environment.log][thread_rollouts]: Thread number: 14

[2020-01-31 13:37:37.821558][EnvironmentNew.Environment.log][thread_rollouts]: Thread number: 14, Steps performed: 686

[2020-01-31 13:37:37.826642][__main__.TRPOAgent.log][learning]: Rollouts performed

[2020-01-31 13:37:37.826969][__main__.TRPOAgent.log][batch_info]: Rollout statistics size: 11315, Batch size: 4500

[2020-01-31 13:37:37.827213][__main__.TRPOAgent.log][learning]: 

***************
BEGINNING TRAINING
***************



