LOGGER started at 2020-01-26 00:51:45.279025.
Currently active debug channels:
	rollouts
	advantages
	training
	batch_info
	linesearch
	learning
	thread_rollouts
	utils_kl
	cg
	GAE
[2020-01-26 00:51:45.633161][__main__.TRPOAgent.log][learning]: Episode #0

[2020-01-26 00:51:45.841038][__main__.TRPOAgent.log][learning]: Performing rollouts: rollout length: 5000

[2020-01-26 00:51:47.209857][Environment.Environment.log][rollouts]: Rollout thread #1

[2020-01-26 00:51:47.210748][Environment.Environment.log][rollouts]: Rollout thread #2

[2020-01-26 00:51:47.210597][Environment.Environment.log][thread_rollouts]: Thread number: 0

[2020-01-26 00:51:47.214703][Environment.Environment.log][rollouts]: Rollout thread #3

[2020-01-26 00:51:47.214634][Environment.Environment.log][thread_rollouts]: Thread number: 1

[2020-01-26 00:51:47.216061][Environment.Environment.log][thread_rollouts]: Thread number: 2

[2020-01-26 00:51:47.216137][Environment.Environment.log][rollouts]: Rollout thread #4

[2020-01-26 00:51:47.217796][Environment.Environment.log][rollouts]: Rollout thread #5

[2020-01-26 00:51:47.217717][Environment.Environment.log][thread_rollouts]: Thread number: 3

[2020-01-26 00:51:47.219235][Environment.Environment.log][rollouts]: Rollout thread #6

[2020-01-26 00:51:47.219095][Environment.Environment.log][thread_rollouts]: Thread number: 4

[2020-01-26 00:51:47.220917][Environment.Environment.log][rollouts]: Rollout thread #7

[2020-01-26 00:51:47.220850][Environment.Environment.log][thread_rollouts]: Thread number: 5

[2020-01-26 00:51:47.226428][Environment.Environment.log][thread_rollouts]: Thread number: 6

[2020-01-26 00:51:47.226490][Environment.Environment.log][rollouts]: Rollout thread #8

[2020-01-26 00:51:47.235731][Environment.Environment.log][thread_rollouts]: Thread number: 7

[2020-01-26 00:52:00.260168][Environment.Environment.log][thread_rollouts]: Thread number: 5, Steps performed: 486

[2020-01-26 00:52:02.246232][Environment.Environment.log][thread_rollouts]: Thread number: 6, Steps performed: 563

[2020-01-26 00:52:03.049037][Environment.Environment.log][thread_rollouts]: Thread number: 2, Steps performed: 627

[2020-01-26 00:52:03.200730][Environment.Environment.log][thread_rollouts]: Thread number: 7, Steps performed: 611

[2020-01-26 00:52:03.432184][Environment.Environment.log][thread_rollouts]: Thread number: 0, Steps performed: 643

[2020-01-26 00:52:03.775042][Environment.Environment.log][thread_rollouts]: Thread number: 1, Steps performed: 680

[2020-01-26 00:52:03.782345][Environment.Environment.log][thread_rollouts]: Thread number: 3, Steps performed: 678

[2020-01-26 00:52:04.283739][Environment.Environment.log][thread_rollouts]: Thread number: 4, Steps performed: 778

[2020-01-26 00:52:04.284160][__main__.TRPOAgent.log][rollouts]: Unpacking actions

[2020-01-26 00:52:04.286175][__main__.TRPOAgent.log][rollouts]: Unpacking rewards

[2020-01-26 00:52:04.294369][__main__.TRPOAgent.log][rollouts]: Unpacking observations

[2020-01-26 00:52:04.295923][__main__.TRPOAgent.log][learning]: Rollouts performed

[2020-01-26 00:52:04.297231][__main__.TRPOAgent.log][batch_info]: Rollout statistics size: 5066, Batch size: 10000, Number of batches: 1

[2020-01-26 00:52:04.297601][__main__.TRPOAgent.log][learning]: 

***************
BEGINNING TRAINING
***************



[2020-01-26 00:52:04.374560][__main__.TRPOAgent.log][batch_info]: Batch #0, batch length: 5066

