LOGGER started at 2020-02-03 18:16:39.891348.
Currently active debug channels:
	model
	model_summary
[2020-02-03 18:16:40.463973][Models.Policy.log][model]: input_shape: (210, 160, 3), output_shape: 9, convolutional: False

[2020-02-03 18:16:40.813442][Models.Policy.__init__][model]: number_of_parameters: 

[2020-02-03 18:16:40.814351][Models.Policy.__init__][model_summary]: Model: "sequential"
_________________________________________________________________
Layer (type)                 Output Shape              Param #   
=================================================================
dense (Dense)                (None, 210, 160, 64)      256       
_________________________________________________________________
dense_1 (Dense)              (None, 210, 160, 32)      2080      
_________________________________________________________________
dense_2 (Dense)              (None, 210, 160, 9)       297       
=================================================================
Total params: 2,633
Trainable params: 2,633
Non-trainable params: 0
_________________________________________________________________

[2020-02-03 18:16:40.814818][Models.Policy.log][model]: input_shape: (210, 160, 3), output_shape: 9, convolutional: False

[2020-02-03 18:16:40.875151][Models.Policy.__init__][model]: number_of_parameters: 

[2020-02-03 18:16:40.875973][Models.Policy.__init__][model_summary]: Model: "sequential_1"
_________________________________________________________________
Layer (type)                 Output Shape              Param #   
=================================================================
dense_3 (Dense)              (None, 210, 160, 64)      256       
_________________________________________________________________
dense_4 (Dense)              (None, 210, 160, 32)      2080      
_________________________________________________________________
dense_5 (Dense)              (None, 210, 160, 9)       297       
=================================================================
Total params: 2,633
Trainable params: 2,633
Non-trainable params: 0
_________________________________________________________________

[2020-02-03 18:16:40.879091][Models.Value.log][model]: input_shape: (210, 160, 3), output_shape: 1, convolutional: False

[2020-02-03 18:16:40.954046][Models.Value.__init__][model]: number_of_parameters: 

[2020-02-03 18:16:40.954950][Models.Value.__init__][model_summary]: Model: "sequential_2"
_________________________________________________________________
Layer (type)                 Output Shape              Param #   
=================================================================
dense_6 (Dense)              (None, 210, 160, 64)      256       
_________________________________________________________________
dense_7 (Dense)              (None, 210, 160, 64)      4160      
_________________________________________________________________
dense_8 (Dense)              (None, 210, 160, 1)       65        
=================================================================
Total params: 4,481
Trainable params: 4,481
Non-trainable params: 0
_________________________________________________________________

