LOGGER started at 2020-01-26 00:27:33.483748.
Currently active debug channels:
	rollouts
	advantages
	training
	batch_info
	linesearch
	learning
	thread_rollouts
	utils_kl
	cg
	GAE
[2020-01-26 00:27:33.827353][__main__.TRPOAgent.log][learning]: Episode #0

[2020-01-26 00:27:34.052029][__main__.TRPOAgent.log][learning]: Performing rollouts: rollout length: 5000

[2020-01-26 00:27:35.415878][Environment.Environment.log][rollouts]: Rollout thread #1

[2020-01-26 00:27:35.416943][Environment.Environment.log][rollouts]: Rollout thread #2

[2020-01-26 00:27:35.416695][Environment.Environment.log][thread_rollouts]: Thread number: 0

[2020-01-26 00:27:35.418601][Environment.Environment.log][thread_rollouts]: Thread number: 1

[2020-01-26 00:27:35.418699][Environment.Environment.log][rollouts]: Rollout thread #3

[2020-01-26 00:27:35.420623][Environment.Environment.log][thread_rollouts]: Thread number: 2

[2020-01-26 00:27:35.420675][Environment.Environment.log][rollouts]: Rollout thread #4

[2020-01-26 00:27:35.421764][Environment.Environment.log][thread_rollouts]: Thread number: 3

[2020-01-26 00:27:35.421818][Environment.Environment.log][rollouts]: Rollout thread #5

[2020-01-26 00:27:35.423106][Environment.Environment.log][thread_rollouts]: Thread number: 4

[2020-01-26 00:27:35.423159][Environment.Environment.log][rollouts]: Rollout thread #6

[2020-01-26 00:27:35.430435][Environment.Environment.log][thread_rollouts]: Thread number: 5

[2020-01-26 00:27:35.430528][Environment.Environment.log][rollouts]: Rollout thread #7

[2020-01-26 00:27:35.432968][Environment.Environment.log][rollouts]: Rollout thread #8

[2020-01-26 00:27:35.438560][Environment.Environment.log][thread_rollouts]: Thread number: 7

[2020-01-26 00:27:35.432825][Environment.Environment.log][thread_rollouts]: Thread number: 6

[2020-01-26 00:28:10.221779][Environment.Environment.log][thread_rollouts]: Thread number: 4, Steps performed: 879

[2020-01-26 00:28:10.558925][Environment.Environment.log][thread_rollouts]: Thread number: 2, Steps performed: 895

[2020-01-26 00:28:12.007471][Environment.Environment.log][thread_rollouts]: Thread number: 5, Steps performed: 935

[2020-01-26 00:28:12.397440][Environment.Environment.log][thread_rollouts]: Thread number: 1, Steps performed: 950

[2020-01-26 00:28:12.417199][Environment.Environment.log][thread_rollouts]: Thread number: 0, Steps performed: 959

[2020-01-26 00:28:13.360664][Environment.Environment.log][thread_rollouts]: Thread number: 6, Steps performed: 991

[2020-01-26 00:28:14.782211][Environment.Environment.log][thread_rollouts]: Thread number: 7, Steps performed: 1129

[2020-01-26 00:28:17.144035][Environment.Environment.log][thread_rollouts]: Thread number: 3, Steps performed: 1390

[2020-01-26 00:28:17.144500][__main__.TRPOAgent.log][rollouts]: Unpacking actions

[2020-01-26 00:28:17.147719][__main__.TRPOAgent.log][rollouts]: Unpacking rewards

[2020-01-26 00:28:17.167624][__main__.TRPOAgent.log][rollouts]: Unpacking observations

[2020-01-26 00:28:17.170315][__main__.TRPOAgent.log][learning]: Rollouts performed

[2020-01-26 00:28:17.171790][__main__.TRPOAgent.log][batch_info]: Rollout statistics size: 8128, Batch size: 10000, Number of batches: 1

[2020-01-26 00:28:17.172157][__main__.TRPOAgent.log][learning]: 

***************
BEGINNING TRAINING
***************



[2020-01-26 00:28:17.514287][__main__.TRPOAgent.log][batch_info]: Batch #0, batch length: 8128

[2020-01-26 00:28:17.516728][__main__.TRPOAgent.log][advantages]: Computing advantage #0 for batch #0

