LOGGER started at 2020-01-28 14:25:41.086239.
Currently active debug channels:
	rollouts
	act
	training
	batch_info
	linesearch
	learning
	thread_rollouts
[2020-01-28 14:25:41.973375][__main__.TRPOAgent.log][learning]: Episode #0

[2020-01-28 14:25:42.171562][__main__.TRPOAgent.log][learning]: Performing rollouts: rollout length: 200

[2020-01-28 14:25:52.667533][Environment.Environment.log][rollouts]: Rollout thread #1

[2020-01-28 14:25:52.668467][Environment.Environment.log][rollouts]: Rollout thread #2

[2020-01-28 14:25:52.669897][Environment.Environment.log][thread_rollouts]: Thread number: 1

[2020-01-28 14:25:52.668368][Environment.Environment.log][thread_rollouts]: Thread number: 0

[2020-01-28 14:25:55.227673][Environment.Environment.log][thread_rollouts]: Thread number: 0, Steps performed: 200

[2020-01-28 14:25:55.247900][Environment.Environment.log][thread_rollouts]: Thread number: 1, Steps performed: 200

[2020-01-28 14:25:55.248510][Environment.Environment.log][rollouts]: Rollout thread #3

[2020-01-28 14:25:55.249292][Environment.Environment.log][rollouts]: Rollout thread #4

[2020-01-28 14:25:55.249200][Environment.Environment.log][thread_rollouts]: Thread number: 2

[2020-01-28 14:25:55.250452][Environment.Environment.log][thread_rollouts]: Thread number: 3

[2020-01-28 14:25:57.787697][Environment.Environment.log][thread_rollouts]: Thread number: 3, Steps performed: 200

[2020-01-28 14:25:57.788534][Environment.Environment.log][thread_rollouts]: Thread number: 2, Steps performed: 200

[2020-01-28 14:25:57.795051][Environment.Environment.log][rollouts]: Rollout thread #5

[2020-01-28 14:25:57.795830][Environment.Environment.log][thread_rollouts]: Thread number: 4

[2020-01-28 14:25:57.795959][Environment.Environment.log][rollouts]: Rollout thread #6

[2020-01-28 14:25:57.797188][Environment.Environment.log][thread_rollouts]: Thread number: 5

[2020-01-28 14:26:00.421517][Environment.Environment.log][thread_rollouts]: Thread number: 5, Steps performed: 200

[2020-01-28 14:26:00.431789][Environment.Environment.log][thread_rollouts]: Thread number: 4, Steps performed: 200

[2020-01-28 14:26:00.432366][Environment.Environment.log][rollouts]: Rollout thread #7

[2020-01-28 14:26:00.433869][Environment.Environment.log][rollouts]: Rollout thread #8

[2020-01-28 14:26:00.433629][Environment.Environment.log][thread_rollouts]: Thread number: 6

[2020-01-28 14:26:00.434968][Environment.Environment.log][thread_rollouts]: Thread number: 7

[2020-01-28 14:26:02.982813][Environment.Environment.log][thread_rollouts]: Thread number: 6, Steps performed: 200

[2020-01-28 14:26:02.983662][Environment.Environment.log][thread_rollouts]: Thread number: 7, Steps performed: 200

[2020-01-28 14:26:02.990062][Environment.Environment.log][rollouts]: Rollout thread #9

[2020-01-28 14:26:02.990736][Environment.Environment.log][thread_rollouts]: Thread number: 8

[2020-01-28 14:26:02.990894][Environment.Environment.log][rollouts]: Rollout thread #10

[2020-01-28 14:26:02.992212][Environment.Environment.log][thread_rollouts]: Thread number: 9

[2020-01-28 14:26:05.559427][Environment.Environment.log][thread_rollouts]: Thread number: 9, Steps performed: 200

[2020-01-28 14:26:05.559363][Environment.Environment.log][thread_rollouts]: Thread number: 8, Steps performed: 200

[2020-01-28 14:26:05.560488][Environment.Environment.log][rollouts]: Rollout thread #11

[2020-01-28 14:26:05.561028][Environment.Environment.log][rollouts]: Rollout thread #12

[2020-01-28 14:26:05.562028][Environment.Environment.log][thread_rollouts]: Thread number: 11

[2020-01-28 14:26:05.560934][Environment.Environment.log][thread_rollouts]: Thread number: 10

[2020-01-28 14:26:08.080799][Environment.Environment.log][thread_rollouts]: Thread number: 11, Steps performed: 200

[2020-01-28 14:26:08.091492][Environment.Environment.log][thread_rollouts]: Thread number: 10, Steps performed: 200

[2020-01-28 14:26:08.092056][Environment.Environment.log][rollouts]: Rollout thread #13

[2020-01-28 14:26:08.092806][Environment.Environment.log][rollouts]: Rollout thread #14

[2020-01-28 14:26:08.092622][Environment.Environment.log][thread_rollouts]: Thread number: 12

[2020-01-28 14:26:08.093670][Environment.Environment.log][thread_rollouts]: Thread number: 13

[2020-01-28 14:26:10.677243][Environment.Environment.log][thread_rollouts]: Thread number: 12, Steps performed: 200

[2020-01-28 14:26:10.678162][Environment.Environment.log][thread_rollouts]: Thread number: 13, Steps performed: 200

[2020-01-28 14:26:10.678592][Environment.Environment.log][rollouts]: Rollout thread #15

[2020-01-28 14:26:10.679078][Environment.Environment.log][thread_rollouts]: Thread number: 14

[2020-01-28 14:26:10.679145][Environment.Environment.log][rollouts]: Rollout thread #16

[2020-01-28 14:26:10.680346][Environment.Environment.log][thread_rollouts]: Thread number: 15

[2020-01-28 14:26:13.210503][Environment.Environment.log][thread_rollouts]: Thread number: 15, Steps performed: 200

[2020-01-28 14:26:13.220122][Environment.Environment.log][thread_rollouts]: Thread number: 14, Steps performed: 200

[2020-01-28 14:26:13.220636][Environment.Environment.log][rollouts]: Rollout thread #17

[2020-01-28 14:26:13.221290][Environment.Environment.log][thread_rollouts]: Thread number: 16

[2020-01-28 14:26:13.221417][Environment.Environment.log][rollouts]: Rollout thread #18

[2020-01-28 14:26:13.222954][Environment.Environment.log][thread_rollouts]: Thread number: 17

[2020-01-28 14:26:15.820713][Environment.Environment.log][thread_rollouts]: Thread number: 16, Steps performed: 200

[2020-01-28 14:26:15.831084][Environment.Environment.log][thread_rollouts]: Thread number: 17, Steps performed: 200

[2020-01-28 14:26:15.831633][Environment.Environment.log][rollouts]: Rollout thread #19

[2020-01-28 14:26:15.832308][Environment.Environment.log][thread_rollouts]: Thread number: 18

[2020-01-28 14:26:15.832567][Environment.Environment.log][rollouts]: Rollout thread #20

[2020-01-28 14:26:15.833729][Environment.Environment.log][thread_rollouts]: Thread number: 19

[2020-01-28 14:26:18.362004][Environment.Environment.log][thread_rollouts]: Thread number: 19, Steps performed: 200

[2020-01-28 14:26:18.362497][Environment.Environment.log][thread_rollouts]: Thread number: 18, Steps performed: 200

[2020-01-28 14:26:18.369662][Environment.Environment.log][rollouts]: Rollout thread #21

[2020-01-28 14:26:18.370499][Environment.Environment.log][rollouts]: Rollout thread #22

[2020-01-28 14:26:18.370381][Environment.Environment.log][thread_rollouts]: Thread number: 20

[2020-01-28 14:26:18.371877][Environment.Environment.log][thread_rollouts]: Thread number: 21

[2020-01-28 14:26:20.947972][Environment.Environment.log][thread_rollouts]: Thread number: 20, Steps performed: 200

[2020-01-28 14:26:20.948051][Environment.Environment.log][thread_rollouts]: Thread number: 21, Steps performed: 200

[2020-01-28 14:26:20.949158][Environment.Environment.log][rollouts]: Rollout thread #23

[2020-01-28 14:26:20.949978][Environment.Environment.log][rollouts]: Rollout thread #24

[2020-01-28 14:26:20.949894][Environment.Environment.log][thread_rollouts]: Thread number: 22

[2020-01-28 14:26:20.951135][Environment.Environment.log][thread_rollouts]: Thread number: 23

[2020-01-28 14:26:23.478403][Environment.Environment.log][thread_rollouts]: Thread number: 22, Steps performed: 200

[2020-01-28 14:26:23.488251][Environment.Environment.log][thread_rollouts]: Thread number: 23, Steps performed: 200

[2020-01-28 14:26:23.489031][Environment.Environment.log][rollouts]: Rollout thread #25

[2020-01-28 14:26:23.489670][Environment.Environment.log][thread_rollouts]: Thread number: 24

[2020-01-28 14:26:23.489804][Environment.Environment.log][rollouts]: Rollout thread #26

[2020-01-28 14:26:23.491138][Environment.Environment.log][thread_rollouts]: Thread number: 25

[2020-01-28 14:26:26.062061][Environment.Environment.log][thread_rollouts]: Thread number: 24, Steps performed: 200

[2020-01-28 14:26:26.073318][Environment.Environment.log][thread_rollouts]: Thread number: 25, Steps performed: 200

[2020-01-28 14:26:26.073909][Environment.Environment.log][rollouts]: Rollout thread #27

[2020-01-28 14:26:26.074595][Environment.Environment.log][rollouts]: Rollout thread #28

[2020-01-28 14:26:26.074479][Environment.Environment.log][thread_rollouts]: Thread number: 26

[2020-01-28 14:26:26.075404][Environment.Environment.log][thread_rollouts]: Thread number: 27

[2020-01-28 14:26:28.591739][Environment.Environment.log][thread_rollouts]: Thread number: 26, Steps performed: 200

[2020-01-28 14:26:28.601606][Environment.Environment.log][thread_rollouts]: Thread number: 27, Steps performed: 200

[2020-01-28 14:26:28.602276][Environment.Environment.log][rollouts]: Rollout thread #29

[2020-01-28 14:26:28.603023][Environment.Environment.log][thread_rollouts]: Thread number: 28

[2020-01-28 14:26:28.603117][Environment.Environment.log][rollouts]: Rollout thread #30

[2020-01-28 14:26:28.604418][Environment.Environment.log][thread_rollouts]: Thread number: 29

[2020-01-28 14:26:31.190384][Environment.Environment.log][thread_rollouts]: Thread number: 28, Steps performed: 200

[2020-01-28 14:26:31.199384][Environment.Environment.log][thread_rollouts]: Thread number: 29, Steps performed: 200

[2020-01-28 14:26:31.199868][__main__.TRPOAgent.log][rollouts]: Unpacking actions

[2020-01-28 14:26:31.202625][__main__.TRPOAgent.log][rollouts]: Unpacking rewards

[2020-01-28 14:26:31.219271][__main__.TRPOAgent.log][rollouts]: Unpacking observations

[2020-01-28 14:26:31.220600][__main__.TRPOAgent.log][learning]: Rollouts performed

[2020-01-28 14:26:31.221871][__main__.TRPOAgent.log][batch_info]: Rollout statistics size: 6000, Batch size: 1000, Number of batches: 6

[2020-01-28 14:26:31.222260][__main__.TRPOAgent.log][learning]: 

***************
BEGINNING TRAINING
***************



[2020-01-28 14:26:31.272783][__main__.TRPOAgent.log][batch_info]: Batch #0, batch length: 1000

