LOGGER started at 2020-01-26 00:52:58.851109.
Currently active debug channels:
	rollouts
	advantages
	training
	batch_info
	linesearch
	learning
	thread_rollouts
	utils_kl
	cg
	GAE
[2020-01-26 00:52:59.190660][__main__.TRPOAgent.log][learning]: Episode #0

[2020-01-26 00:52:59.386071][__main__.TRPOAgent.log][learning]: Performing rollouts: rollout length: 5000

[2020-01-26 00:53:01.020395][Environment.Environment.log][rollouts]: Rollout thread #1

[2020-01-26 00:53:01.021620][Environment.Environment.log][rollouts]: Rollout thread #2

[2020-01-26 00:53:01.021507][Environment.Environment.log][thread_rollouts]: Thread number: 0

[2020-01-26 00:53:01.023103][Environment.Environment.log][rollouts]: Rollout thread #3

[2020-01-26 00:53:01.022982][Environment.Environment.log][thread_rollouts]: Thread number: 1

[2020-01-26 00:53:01.026205][Environment.Environment.log][rollouts]: Rollout thread #4

[2020-01-26 00:53:01.026108][Environment.Environment.log][thread_rollouts]: Thread number: 2

[2020-01-26 00:53:01.027533][Environment.Environment.log][rollouts]: Rollout thread #5

[2020-01-26 00:53:01.027422][Environment.Environment.log][thread_rollouts]: Thread number: 3

[2020-01-26 00:53:01.028820][Environment.Environment.log][rollouts]: Rollout thread #6

[2020-01-26 00:53:01.028732][Environment.Environment.log][thread_rollouts]: Thread number: 4

[2020-01-26 00:53:01.030475][Environment.Environment.log][rollouts]: Rollout thread #7

[2020-01-26 00:53:01.030407][Environment.Environment.log][thread_rollouts]: Thread number: 5

[2020-01-26 00:53:01.044345][Environment.Environment.log][rollouts]: Rollout thread #8

[2020-01-26 00:53:01.044243][Environment.Environment.log][thread_rollouts]: Thread number: 6

[2020-01-26 00:53:01.048601][Environment.Environment.log][thread_rollouts]: Thread number: 7

[2020-01-26 00:53:23.039342][Environment.Environment.log][thread_rollouts]: Thread number: 6, Steps performed: 522

[2020-01-26 00:53:23.549064][Environment.Environment.log][thread_rollouts]: Thread number: 4, Steps performed: 540

[2020-01-26 00:53:25.490339][Environment.Environment.log][thread_rollouts]: Thread number: 5, Steps performed: 598

[2020-01-26 00:53:25.758617][Environment.Environment.log][thread_rollouts]: Thread number: 1, Steps performed: 602

[2020-01-26 00:53:26.928506][Environment.Environment.log][thread_rollouts]: Thread number: 2, Steps performed: 660

[2020-01-26 00:53:27.046043][Environment.Environment.log][thread_rollouts]: Thread number: 0, Steps performed: 661

[2020-01-26 00:53:27.216770][Environment.Environment.log][thread_rollouts]: Thread number: 3, Steps performed: 677

[2020-01-26 00:53:27.431464][Environment.Environment.log][thread_rollouts]: Thread number: 7, Steps performed: 702

[2020-01-26 00:53:27.431920][__main__.TRPOAgent.log][rollouts]: Unpacking actions

[2020-01-26 00:53:27.433798][__main__.TRPOAgent.log][rollouts]: Unpacking rewards

[2020-01-26 00:53:27.442825][__main__.TRPOAgent.log][rollouts]: Unpacking observations

[2020-01-26 00:53:27.444435][__main__.TRPOAgent.log][learning]: Rollouts performed

[2020-01-26 00:53:27.445745][__main__.TRPOAgent.log][batch_info]: Rollout statistics size: 4962, Batch size: 10000, Number of batches: 1

[2020-01-26 00:53:27.446083][__main__.TRPOAgent.log][learning]: 

***************
BEGINNING TRAINING
***************



[2020-01-26 00:53:27.659742][__main__.TRPOAgent.log][batch_info]: Batch #0, batch length: 4962

[2020-01-26 00:53:27.662039][__main__.TRPOAgent.log][advantages]: Computing advantage #0 for batch #0

[2020-01-26 00:53:27.670697][__main__.TRPOAgent.log][advantages]: Computing advantage #1 for batch #0

[2020-01-26 00:53:27.680078][__main__.TRPOAgent.log][advantages]: Computing advantage #2 for batch #0

[2020-01-26 00:53:27.688293][__main__.TRPOAgent.log][advantages]: Computing advantage #3 for batch #0

[2020-01-26 00:53:27.699200][__main__.TRPOAgent.log][advantages]: Computing advantage #4 for batch #0

[2020-01-26 00:53:27.708676][__main__.TRPOAgent.log][advantages]: Computing advantage #5 for batch #0

[2020-01-26 00:53:27.718287][__main__.TRPOAgent.log][advantages]: Computing advantage #6 for batch #0

