LOGGER started at 2020-01-26 00:44:23.076261.
Currently active debug channels:
	rollouts
	advantages
	training
	batch_info
	linesearch
	learning
	thread_rollouts
	utils_kl
	cg
	GAE
[2020-01-26 00:44:23.413947][__main__.TRPOAgent.log][learning]: Episode #0

[2020-01-26 00:44:23.610488][__main__.TRPOAgent.log][learning]: Performing rollouts: rollout length: 5000

[2020-01-26 00:44:25.002404][Environment.Environment.log][rollouts]: Rollout thread #1

[2020-01-26 00:44:25.003241][Environment.Environment.log][rollouts]: Rollout thread #2

[2020-01-26 00:44:25.003080][Environment.Environment.log][thread_rollouts]: Thread number: 0

[2020-01-26 00:44:25.010368][Environment.Environment.log][thread_rollouts]: Thread number: 1

[2020-01-26 00:44:25.010500][Environment.Environment.log][rollouts]: Rollout thread #3

[2020-01-26 00:44:25.013390][Environment.Environment.log][rollouts]: Rollout thread #4

[2020-01-26 00:44:25.013275][Environment.Environment.log][thread_rollouts]: Thread number: 2

[2020-01-26 00:44:25.015853][Environment.Environment.log][thread_rollouts]: Thread number: 3

[2020-01-26 00:44:25.015969][Environment.Environment.log][rollouts]: Rollout thread #5

[2020-01-26 00:44:25.018300][Environment.Environment.log][rollouts]: Rollout thread #6

[2020-01-26 00:44:25.018175][Environment.Environment.log][thread_rollouts]: Thread number: 4

[2020-01-26 00:44:25.026457][Environment.Environment.log][thread_rollouts]: Thread number: 5

[2020-01-26 00:44:25.026554][Environment.Environment.log][rollouts]: Rollout thread #7

[2020-01-26 00:44:25.033031][Environment.Environment.log][rollouts]: Rollout thread #8

[2020-01-26 00:44:25.032838][Environment.Environment.log][thread_rollouts]: Thread number: 6

[2020-01-26 00:44:25.037308][Environment.Environment.log][thread_rollouts]: Thread number: 7

[2020-01-26 00:44:44.864770][Environment.Environment.log][thread_rollouts]: Thread number: 4, Steps performed: 504

[2020-01-26 00:44:52.672359][Environment.Environment.log][thread_rollouts]: Thread number: 1, Steps performed: 726

[2020-01-26 00:44:55.187354][Environment.Environment.log][thread_rollouts]: Thread number: 2, Steps performed: 801

[2020-01-26 00:44:56.485611][Environment.Environment.log][thread_rollouts]: Thread number: 6, Steps performed: 857

[2020-01-26 00:44:56.750465][Environment.Environment.log][thread_rollouts]: Thread number: 0, Steps performed: 867

[2020-01-26 00:44:57.589702][Environment.Environment.log][thread_rollouts]: Thread number: 5, Steps performed: 902

[2020-01-26 00:44:58.447786][Environment.Environment.log][thread_rollouts]: Thread number: 3, Steps performed: 974

[2020-01-26 00:44:58.818573][Environment.Environment.log][thread_rollouts]: Thread number: 7, Steps performed: 1012

[2020-01-26 00:44:58.819110][__main__.TRPOAgent.log][rollouts]: Unpacking actions

[2020-01-26 00:44:58.821730][__main__.TRPOAgent.log][rollouts]: Unpacking rewards

[2020-01-26 00:44:58.837224][__main__.TRPOAgent.log][rollouts]: Unpacking observations

[2020-01-26 00:44:58.839066][__main__.TRPOAgent.log][learning]: Rollouts performed

[2020-01-26 00:44:58.841131][__main__.TRPOAgent.log][batch_info]: Rollout statistics size: 6643, Batch size: 10000, Number of batches: 1

[2020-01-26 00:44:58.841872][__main__.TRPOAgent.log][learning]: 

***************
BEGINNING TRAINING
***************



[2020-01-26 00:44:59.125905][__main__.TRPOAgent.log][batch_info]: Batch #0, batch length: 6643

[2020-01-26 00:44:59.128648][__main__.TRPOAgent.log][advantages]: Computing advantage #0 for batch #0

