LOGGER started at 2020-01-26 00:46:33.125751.
Currently active debug channels:
	rollouts
	advantages
	training
	batch_info
	linesearch
	learning
	thread_rollouts
	utils_kl
	cg
	GAE
[2020-01-26 00:46:33.441707][__main__.TRPOAgent.log][learning]: Episode #0

[2020-01-26 00:46:33.633136][__main__.TRPOAgent.log][learning]: Performing rollouts: rollout length: 5000

[2020-01-26 00:46:35.029197][Environment.Environment.log][rollouts]: Rollout thread #1

[2020-01-26 00:46:35.030036][Environment.Environment.log][rollouts]: Rollout thread #2

[2020-01-26 00:46:35.029971][Environment.Environment.log][thread_rollouts]: Thread number: 0

[2020-01-26 00:46:35.031406][Environment.Environment.log][rollouts]: Rollout thread #3

[2020-01-26 00:46:35.031329][Environment.Environment.log][thread_rollouts]: Thread number: 1

[2020-01-26 00:46:35.033763][Environment.Environment.log][rollouts]: Rollout thread #4

[2020-01-26 00:46:35.033705][Environment.Environment.log][thread_rollouts]: Thread number: 2

[2020-01-26 00:46:35.034855][Environment.Environment.log][rollouts]: Rollout thread #5

[2020-01-26 00:46:35.035802][Environment.Environment.log][rollouts]: Rollout thread #6

[2020-01-26 00:46:35.034771][Environment.Environment.log][thread_rollouts]: Thread number: 3

[2020-01-26 00:46:35.035740][Environment.Environment.log][thread_rollouts]: Thread number: 4

[2020-01-26 00:46:35.038342][Environment.Environment.log][rollouts]: Rollout thread #7

[2020-01-26 00:46:35.036616][Environment.Environment.log][thread_rollouts]: Thread number: 5

[2020-01-26 00:46:35.047791][Environment.Environment.log][thread_rollouts]: Thread number: 6

[2020-01-26 00:46:35.047942][Environment.Environment.log][rollouts]: Rollout thread #8

[2020-01-26 00:46:35.061012][Environment.Environment.log][thread_rollouts]: Thread number: 7

[2020-01-26 00:46:35.204105][__main__.TRPOAgent.log][rollouts]: Unpacking actions

[2020-01-26 00:46:35.204559][__main__.TRPOAgent.log][rollouts]: Unpacking rewards

[2020-01-26 00:46:35.204970][__main__.TRPOAgent.log][rollouts]: Unpacking observations

[2020-01-26 00:46:35.205385][__main__.TRPOAgent.log][learning]: Rollouts performed

[2020-01-26 00:46:35.206405][__main__.TRPOAgent.log][batch_info]: Rollout statistics size: 0, Batch size: 10000, Number of batches: 0

[2020-01-26 00:46:35.206736][__main__.TRPOAgent.log][learning]: 

***************
BEGINNING TRAINING
***************



