LOGGER started at 2020-01-26 00:25:37.839296.
Currently active debug channels:
	rollouts
	training
	batch_info
	linesearch
	learning
	thread_rollouts
	utils_kl
	cg
	GAE
[2020-01-26 00:25:38.180500][__main__.TRPOAgent.log][learning]: Episode #0

[2020-01-26 00:25:38.382638][__main__.TRPOAgent.log][learning]: Performing rollouts: rollout length: 5000

[2020-01-26 00:25:40.114261][Environment.Environment.log][rollouts]: Rollout thread #1

[2020-01-26 00:25:40.115881][Environment.Environment.log][rollouts]: Rollout thread #2

[2020-01-26 00:25:40.115695][Environment.Environment.log][thread_rollouts]: Thread number: 0

[2020-01-26 00:25:40.117471][Environment.Environment.log][thread_rollouts]: Thread number: 1

[2020-01-26 00:25:40.117544][Environment.Environment.log][rollouts]: Rollout thread #3

[2020-01-26 00:25:40.118855][Environment.Environment.log][thread_rollouts]: Thread number: 2

[2020-01-26 00:25:40.118912][Environment.Environment.log][rollouts]: Rollout thread #4

[2020-01-26 00:25:40.120361][Environment.Environment.log][thread_rollouts]: Thread number: 3

[2020-01-26 00:25:40.120416][Environment.Environment.log][rollouts]: Rollout thread #5

[2020-01-26 00:25:40.121793][Environment.Environment.log][rollouts]: Rollout thread #6

[2020-01-26 00:25:40.122804][Environment.Environment.log][rollouts]: Rollout thread #7

[2020-01-26 00:25:40.122685][Environment.Environment.log][thread_rollouts]: Thread number: 5

[2020-01-26 00:25:40.121737][Environment.Environment.log][thread_rollouts]: Thread number: 4

[2020-01-26 00:25:40.124733][Environment.Environment.log][rollouts]: Rollout thread #8

[2020-01-26 00:25:40.124487][Environment.Environment.log][thread_rollouts]: Thread number: 6

[2020-01-26 00:25:40.132189][Environment.Environment.log][thread_rollouts]: Thread number: 7

[2020-01-26 00:26:01.750940][Environment.Environment.log][thread_rollouts]: Thread number: 7, Steps performed: 550

[2020-01-26 00:26:06.173129][Environment.Environment.log][thread_rollouts]: Thread number: 6, Steps performed: 674

[2020-01-26 00:26:07.569647][Environment.Environment.log][thread_rollouts]: Thread number: 5, Steps performed: 721

[2020-01-26 00:26:09.257386][Environment.Environment.log][thread_rollouts]: Thread number: 4, Steps performed: 777

[2020-01-26 00:26:09.974806][Environment.Environment.log][thread_rollouts]: Thread number: 0, Steps performed: 812

[2020-01-26 00:26:10.368848][Environment.Environment.log][thread_rollouts]: Thread number: 1, Steps performed: 847

[2020-01-26 00:26:10.541538][Environment.Environment.log][thread_rollouts]: Thread number: 3, Steps performed: 845

[2020-01-26 00:26:12.212948][Environment.Environment.log][thread_rollouts]: Thread number: 2, Steps performed: 1051

[2020-01-26 00:26:12.213387][Environment.Environment.log][rollouts]: Rollout thread #9

[2020-01-26 00:26:12.214028][Environment.Environment.log][rollouts]: Rollout thread #10

[2020-01-26 00:26:12.213966][Environment.Environment.log][thread_rollouts]: Thread number: 8

[2020-01-26 00:26:12.215221][Environment.Environment.log][thread_rollouts]: Thread number: 9

[2020-01-26 00:26:19.674661][Environment.Environment.log][thread_rollouts]: Thread number: 8, Steps performed: 586

[2020-01-26 00:26:24.535891][Environment.Environment.log][thread_rollouts]: Thread number: 9, Steps performed: 1151

[2020-01-26 00:26:24.536397][__main__.TRPOAgent.log][rollouts]: Unpacking actions

[2020-01-26 00:26:24.538977][__main__.TRPOAgent.log][rollouts]: Unpacking rewards

[2020-01-26 00:26:24.558378][__main__.TRPOAgent.log][rollouts]: Unpacking observations

[2020-01-26 00:26:24.560190][__main__.TRPOAgent.log][learning]: Rollouts performed

[2020-01-26 00:26:24.561473][__main__.TRPOAgent.log][batch_info]: Rollout statistics size: 8014, Batch size: 10000, Number of batches: 1

[2020-01-26 00:26:24.561807][__main__.TRPOAgent.log][learning]: 

***************
BEGINNING TRAINING
***************



[2020-01-26 00:26:24.898950][__main__.TRPOAgent.log][batch_info]: Batch #0, batch length: 8014

