LOGGER started at 2020-01-26 00:22:54.581961.
Currently active debug channels:
	rollouts
	batch_info
	linesearch
	learning
	thread_rollouts
	utils_kl
	cg
	GAE
[2020-01-26 00:22:54.926895][__main__.TRPOAgent.log][learning]: Episode #0

[2020-01-26 00:22:55.127711][__main__.TRPOAgent.log][learning]: Performing rollouts: rollout length: 5000

[2020-01-26 00:22:55.304502][Environment.Environment.log][rollouts]: Rollout thread #1

[2020-01-26 00:22:55.305243][Environment.Environment.log][thread_rollouts]: Thread number: 0

[2020-01-26 00:23:02.328594][Environment.Environment.log][thread_rollouts]: Thread number: 0, Steps performed: 820

[2020-01-26 00:23:02.329023][__main__.TRPOAgent.log][rollouts]: Unpacking actions

[2020-01-26 00:23:02.335880][__main__.TRPOAgent.log][rollouts]: Unpacking rewards

[2020-01-26 00:23:02.336893][__main__.TRPOAgent.log][rollouts]: Unpacking observations

[2020-01-26 00:23:02.337470][__main__.TRPOAgent.log][learning]: Rollouts performed

[2020-01-26 00:23:02.338737][__main__.TRPOAgent.log][batch_info]: Rollout statistics size: 820, Batch size: 10000, Number of batches: 1

[2020-01-26 00:23:02.339103][__main__.TRPOAgent.log][learning]: 

***************
BEGINNING TRAINING
***************



[2020-01-26 00:23:02.379271][__main__.TRPOAgent.log][batch_info]: Batch #0, batch length: 820

[2020-01-26 00:23:25.828361][__main__.TRPOAgent.log][cg]: Conjugate gradients iteration: 0

[2020-01-26 00:23:52.493954][__main__.TRPOAgent.log][cg]: Conjugate gradients iteration: 1

