LOGGER started at 2020-01-26 00:13:36.231444.
Currently active debug channels:
	rollouts
	batch_info
	linesearch
	learning
	thread_rollouts
	utils_kl
	cg
	GAE
[2020-01-26 00:13:36.572191][__main__.TRPOAgent.log][learning]: Episode #0

[2020-01-26 00:13:36.768057][__main__.TRPOAgent.log][learning]: Performing rollouts: rollout length: 1500

[2020-01-26 00:13:36.944134][Environment.Environment.log][rollouts]: Rollout thread #1

[2020-01-26 00:13:36.944923][Environment.Environment.log][thread_rollouts]: Thread number: 0

[2020-01-26 00:13:43.507146][Environment.Environment.log][thread_rollouts]: Thread number: 0, Steps performed: 776

[2020-01-26 00:13:43.507692][__main__.TRPOAgent.log][rollouts]: Unpacking actions

[2020-01-26 00:13:43.508244][__main__.TRPOAgent.log][rollouts]: Unpacking rewards

[2020-01-26 00:13:43.509094][__main__.TRPOAgent.log][rollouts]: Unpacking observations

[2020-01-26 00:13:43.509515][__main__.TRPOAgent.log][learning]: Rollouts performed

[2020-01-26 00:13:43.510698][__main__.TRPOAgent.log][batch_info]: Rollout statistics size: 776, Batch size: 4500, Number of batches: 1

[2020-01-26 00:13:43.511017][__main__.TRPOAgent.log][learning]: 

***************
BEGINNING TRAINING
***************



[2020-01-26 00:13:43.547971][__main__.TRPOAgent.log][batch_info]: Batch #0, batch length: 776

