LOGGER started at 2020-01-31 14:24:07.512207.
Currently active debug channels:
	act
	batch_info
	linesearch
	learning
	thread_rollouts
[2020-01-31 14:24:07.968859][__main__.TRPOAgent.log][learning]: Episode #0

[2020-01-31 14:24:08.201766][__main__.TRPOAgent.log][learning]: Performing rollouts: rollout length: 1000

[2020-01-31 14:24:08.202771][EnvironmentNew.Environment.log][thread_rollouts]: Thread number: 1

[2020-01-31 14:24:08.202561][EnvironmentNew.Environment.log][thread_rollouts]: Thread number: 0

[2020-01-31 14:24:08.701018][EnvironmentNew.Environment.log][thread_rollouts]: Thread number: 1, Steps performed: 259

[2020-01-31 14:24:08.772561][EnvironmentNew.Environment.log][thread_rollouts]: Thread number: 0, Steps performed: 303

[2020-01-31 14:24:08.773313][EnvironmentNew.Environment.log][thread_rollouts]: Thread number: 2

[2020-01-31 14:24:08.773675][EnvironmentNew.Environment.log][thread_rollouts]: Thread number: 3

[2020-01-31 14:24:09.267803][EnvironmentNew.Environment.log][thread_rollouts]: Thread number: 2, Steps performed: 245

[2020-01-31 14:24:09.331336][EnvironmentNew.Environment.log][thread_rollouts]: Thread number: 3, Steps performed: 287

[2020-01-31 14:24:09.331996][EnvironmentNew.Environment.log][thread_rollouts]: Thread number: 4

[2020-01-31 14:24:09.332241][EnvironmentNew.Environment.log][thread_rollouts]: Thread number: 5

[2020-01-31 14:24:09.911080][EnvironmentNew.Environment.log][thread_rollouts]: Thread number: 4, Steps performed: 281

[2020-01-31 14:24:09.926094][EnvironmentNew.Environment.log][thread_rollouts]: Thread number: 5, Steps performed: 316

[2020-01-31 14:24:09.926721][EnvironmentNew.Environment.log][thread_rollouts]: Thread number: 6

[2020-01-31 14:24:09.926929][EnvironmentNew.Environment.log][thread_rollouts]: Thread number: 7

[2020-01-31 14:24:10.512959][EnvironmentNew.Environment.log][thread_rollouts]: Thread number: 7, Steps performed: 293

[2020-01-31 14:24:10.519908][EnvironmentNew.Environment.log][thread_rollouts]: Thread number: 6, Steps performed: 290

[2020-01-31 14:24:10.520530][EnvironmentNew.Environment.log][thread_rollouts]: Thread number: 9

[2020-01-31 14:24:10.520405][EnvironmentNew.Environment.log][thread_rollouts]: Thread number: 8

[2020-01-31 14:24:11.079878][EnvironmentNew.Environment.log][thread_rollouts]: Thread number: 9, Steps performed: 275

[2020-01-31 14:24:11.102135][EnvironmentNew.Environment.log][thread_rollouts]: Thread number: 8, Steps performed: 284

[2020-01-31 14:24:11.102808][EnvironmentNew.Environment.log][thread_rollouts]: Thread number: 11

[2020-01-31 14:24:11.102643][EnvironmentNew.Environment.log][thread_rollouts]: Thread number: 10

[2020-01-31 14:24:11.369728][EnvironmentNew.Environment.log][thread_rollouts]: Thread number: 11, Steps performed: 116

[2020-01-31 14:24:11.546008][EnvironmentNew.Environment.log][thread_rollouts]: Thread number: 10, Steps performed: 301

[2020-01-31 14:24:11.546662][EnvironmentNew.Environment.log][thread_rollouts]: Thread number: 12

[2020-01-31 14:24:11.546819][EnvironmentNew.Environment.log][thread_rollouts]: Thread number: 13

[2020-01-31 14:24:11.978497][EnvironmentNew.Environment.log][thread_rollouts]: Thread number: 12, Steps performed: 207

[2020-01-31 14:24:12.025399][EnvironmentNew.Environment.log][thread_rollouts]: Thread number: 13, Steps performed: 262

[2020-01-31 14:24:12.025891][EnvironmentNew.Environment.log][thread_rollouts]: Thread number: 14

[2020-01-31 14:24:12.026104][EnvironmentNew.Environment.log][thread_rollouts]: Thread number: 15

[2020-01-31 14:24:12.473172][EnvironmentNew.Environment.log][thread_rollouts]: Thread number: 14, Steps performed: 198

[2020-01-31 14:24:12.514177][EnvironmentNew.Environment.log][thread_rollouts]: Thread number: 15, Steps performed: 267

[2020-01-31 14:24:12.515038][EnvironmentNew.Environment.log][thread_rollouts]: Thread number: 17

[2020-01-31 14:24:12.514881][EnvironmentNew.Environment.log][thread_rollouts]: Thread number: 16

[2020-01-31 14:24:13.042484][EnvironmentNew.Environment.log][thread_rollouts]: Thread number: 17, Steps performed: 273

[2020-01-31 14:24:13.100199][EnvironmentNew.Environment.log][thread_rollouts]: Thread number: 16, Steps performed: 319

[2020-01-31 14:24:13.100694][EnvironmentNew.Environment.log][thread_rollouts]: Thread number: 18

[2020-01-31 14:24:13.100936][EnvironmentNew.Environment.log][thread_rollouts]: Thread number: 19

[2020-01-31 14:24:13.658776][EnvironmentNew.Environment.log][thread_rollouts]: Thread number: 18, Steps performed: 290

[2020-01-31 14:24:13.664835][EnvironmentNew.Environment.log][thread_rollouts]: Thread number: 19, Steps performed: 281

[2020-01-31 14:24:13.665323][EnvironmentNew.Environment.log][thread_rollouts]: Thread number: 20

[2020-01-31 14:24:13.665455][EnvironmentNew.Environment.log][thread_rollouts]: Thread number: 21

[2020-01-31 14:24:14.273401][EnvironmentNew.Environment.log][thread_rollouts]: Thread number: 20, Steps performed: 313

[2020-01-31 14:24:14.273984][EnvironmentNew.Environment.log][thread_rollouts]: Thread number: 21, Steps performed: 296

[2020-01-31 14:24:14.274931][EnvironmentNew.Environment.log][thread_rollouts]: Thread number: 22

[2020-01-31 14:24:14.275149][EnvironmentNew.Environment.log][thread_rollouts]: Thread number: 23

[2020-01-31 14:24:14.564591][EnvironmentNew.Environment.log][thread_rollouts]: Thread number: 23, Steps performed: 138

[2020-01-31 14:24:14.686005][EnvironmentNew.Environment.log][thread_rollouts]: Thread number: 22, Steps performed: 262

[2020-01-31 14:24:14.687099][EnvironmentNew.Environment.log][thread_rollouts]: Thread number: 25

[2020-01-31 14:24:14.686853][EnvironmentNew.Environment.log][thread_rollouts]: Thread number: 24

[2020-01-31 14:24:15.171067][EnvironmentNew.Environment.log][thread_rollouts]: Thread number: 25, Steps performed: 260

[2020-01-31 14:24:15.190950][EnvironmentNew.Environment.log][thread_rollouts]: Thread number: 24, Steps performed: 261

[2020-01-31 14:24:15.191552][EnvironmentNew.Environment.log][thread_rollouts]: Thread number: 26

[2020-01-31 14:24:15.191675][EnvironmentNew.Environment.log][thread_rollouts]: Thread number: 27

[2020-01-31 14:24:15.808620][EnvironmentNew.Environment.log][thread_rollouts]: Thread number: 27, Steps performed: 276

[2020-01-31 14:24:15.810622][EnvironmentNew.Environment.log][thread_rollouts]: Thread number: 26, Steps performed: 310

[2020-01-31 14:24:15.811530][EnvironmentNew.Environment.log][thread_rollouts]: Thread number: 29

[2020-01-31 14:24:15.811281][EnvironmentNew.Environment.log][thread_rollouts]: Thread number: 28

[2020-01-31 14:24:16.203792][EnvironmentNew.Environment.log][thread_rollouts]: Thread number: 29, Steps performed: 185

[2020-01-31 14:24:16.280534][EnvironmentNew.Environment.log][thread_rollouts]: Thread number: 28, Steps performed: 263

[2020-01-31 14:24:16.283184][__main__.TRPOAgent.log][learning]: Rollouts performed

[2020-01-31 14:24:16.283471][__main__.TRPOAgent.log][batch_info]: Rollout statistics size: 7911, Batch size: 100

[2020-01-31 14:24:16.283700][__main__.TRPOAgent.log][learning]: 

***************
BEGINNING TRAINING
***************



[2020-01-31 14:24:18.962699][__main__.TRPOAgent.log][linesearch]: Linesearch failed. Mean kl divergence: 0.0024481309757631753, Discarded policy loss value: -46.862148926805595

[2020-01-31 14:24:18.963116][__main__.TRPOAgent.log][batch_info]: Current batch value loss: 0.0006810125742391281

[2020-01-31 14:24:24.128178][__main__.TRPOAgent.log][learning]: Episode #1

[2020-01-31 14:24:24.130057][__main__.TRPOAgent.log][learning]: Performing rollouts: rollout length: 1000

[2020-01-31 14:24:24.132016][EnvironmentNew.Environment.log][thread_rollouts]: Thread number: 0

[2020-01-31 14:24:24.133006][EnvironmentNew.Environment.log][thread_rollouts]: Thread number: 1

[2020-01-31 14:24:24.571138][EnvironmentNew.Environment.log][thread_rollouts]: Thread number: 1, Steps performed: 195

[2020-01-31 14:24:24.599949][EnvironmentNew.Environment.log][thread_rollouts]: Thread number: 0, Steps performed: 256

[2020-01-31 14:24:24.600488][EnvironmentNew.Environment.log][thread_rollouts]: Thread number: 2

[2020-01-31 14:24:24.600970][EnvironmentNew.Environment.log][thread_rollouts]: Thread number: 3

[2020-01-31 14:24:25.079121][EnvironmentNew.Environment.log][thread_rollouts]: Thread number: 3, Steps performed: 256

[2020-01-31 14:24:25.103807][EnvironmentNew.Environment.log][thread_rollouts]: Thread number: 2, Steps performed: 270

[2020-01-31 14:24:25.104379][EnvironmentNew.Environment.log][thread_rollouts]: Thread number: 4

[2020-01-31 14:24:25.104930][EnvironmentNew.Environment.log][thread_rollouts]: Thread number: 5

[2020-01-31 14:24:25.607919][EnvironmentNew.Environment.log][thread_rollouts]: Thread number: 4, Steps performed: 248

[2020-01-31 14:24:25.613417][EnvironmentNew.Environment.log][thread_rollouts]: Thread number: 5, Steps performed: 258

[2020-01-31 14:24:25.613950][EnvironmentNew.Environment.log][thread_rollouts]: Thread number: 6

[2020-01-31 14:24:25.614231][EnvironmentNew.Environment.log][thread_rollouts]: Thread number: 7

[2020-01-31 14:24:26.092216][EnvironmentNew.Environment.log][thread_rollouts]: Thread number: 6, Steps performed: 242

[2020-01-31 14:24:26.174749][EnvironmentNew.Environment.log][thread_rollouts]: Thread number: 7, Steps performed: 277

[2020-01-31 14:24:26.175352][EnvironmentNew.Environment.log][thread_rollouts]: Thread number: 8

[2020-01-31 14:24:26.175734][EnvironmentNew.Environment.log][thread_rollouts]: Thread number: 9

[2020-01-31 14:24:26.664902][EnvironmentNew.Environment.log][thread_rollouts]: Thread number: 9, Steps performed: 247

[2020-01-31 14:24:26.712253][EnvironmentNew.Environment.log][thread_rollouts]: Thread number: 8, Steps performed: 284

[2020-01-31 14:24:26.713159][EnvironmentNew.Environment.log][thread_rollouts]: Thread number: 11

[2020-01-31 14:24:26.712870][EnvironmentNew.Environment.log][thread_rollouts]: Thread number: 10

[2020-01-31 14:24:27.190819][EnvironmentNew.Environment.log][thread_rollouts]: Thread number: 11, Steps performed: 245

[2020-01-31 14:24:27.247504][EnvironmentNew.Environment.log][thread_rollouts]: Thread number: 10, Steps performed: 274

[2020-01-31 14:24:27.248150][EnvironmentNew.Environment.log][thread_rollouts]: Thread number: 12

[2020-01-31 14:24:27.248483][EnvironmentNew.Environment.log][thread_rollouts]: Thread number: 13

[2020-01-31 14:24:27.436237][EnvironmentNew.Environment.log][thread_rollouts]: Thread number: 13, Steps performed: 76

[2020-01-31 14:24:27.597613][EnvironmentNew.Environment.log][thread_rollouts]: Thread number: 12, Steps performed: 261

[2020-01-31 14:24:27.598238][EnvironmentNew.Environment.log][thread_rollouts]: Thread number: 14

[2020-01-31 14:24:27.598649][EnvironmentNew.Environment.log][thread_rollouts]: Thread number: 15

[2020-01-31 14:24:28.101620][EnvironmentNew.Environment.log][thread_rollouts]: Thread number: 14, Steps performed: 246

[2020-01-31 14:24:28.122991][EnvironmentNew.Environment.log][thread_rollouts]: Thread number: 15, Steps performed: 266

[2020-01-31 14:24:28.123488][EnvironmentNew.Environment.log][thread_rollouts]: Thread number: 16

[2020-01-31 14:24:28.123725][EnvironmentNew.Environment.log][thread_rollouts]: Thread number: 17

[2020-01-31 14:24:28.608746][EnvironmentNew.Environment.log][thread_rollouts]: Thread number: 16, Steps performed: 237

[2020-01-31 14:24:28.641082][EnvironmentNew.Environment.log][thread_rollouts]: Thread number: 17, Steps performed: 262

[2020-01-31 14:24:28.641815][EnvironmentNew.Environment.log][thread_rollouts]: Thread number: 19

[2020-01-31 14:24:28.641579][EnvironmentNew.Environment.log][thread_rollouts]: Thread number: 18

[2020-01-31 14:24:29.152209][EnvironmentNew.Environment.log][thread_rollouts]: Thread number: 19, Steps performed: 257

[2020-01-31 14:24:29.175321][EnvironmentNew.Environment.log][thread_rollouts]: Thread number: 18, Steps performed: 237

[2020-01-31 14:24:29.175904][EnvironmentNew.Environment.log][thread_rollouts]: Thread number: 20

[2020-01-31 14:24:29.176242][EnvironmentNew.Environment.log][thread_rollouts]: Thread number: 21

[2020-01-31 14:24:29.690186][EnvironmentNew.Environment.log][thread_rollouts]: Thread number: 20, Steps performed: 266

[2020-01-31 14:24:29.708435][EnvironmentNew.Environment.log][thread_rollouts]: Thread number: 21, Steps performed: 271

[2020-01-31 14:24:29.709009][EnvironmentNew.Environment.log][thread_rollouts]: Thread number: 22

[2020-01-31 14:24:29.709308][EnvironmentNew.Environment.log][thread_rollouts]: Thread number: 23

[2020-01-31 14:24:30.188923][EnvironmentNew.Environment.log][thread_rollouts]: Thread number: 22, Steps performed: 234

[2020-01-31 14:24:30.214161][EnvironmentNew.Environment.log][thread_rollouts]: Thread number: 23, Steps performed: 271

[2020-01-31 14:24:30.214775][EnvironmentNew.Environment.log][thread_rollouts]: Thread number: 24

[2020-01-31 14:24:30.215067][EnvironmentNew.Environment.log][thread_rollouts]: Thread number: 25

[2020-01-31 14:24:30.700383][EnvironmentNew.Environment.log][thread_rollouts]: Thread number: 25, Steps performed: 234

[2020-01-31 14:24:30.725216][EnvironmentNew.Environment.log][thread_rollouts]: Thread number: 24, Steps performed: 271

[2020-01-31 14:24:30.725715][EnvironmentNew.Environment.log][thread_rollouts]: Thread number: 26

[2020-01-31 14:24:30.725842][EnvironmentNew.Environment.log][thread_rollouts]: Thread number: 27

[2020-01-31 14:24:31.236771][EnvironmentNew.Environment.log][thread_rollouts]: Thread number: 26, Steps performed: 250

[2020-01-31 14:24:31.246808][EnvironmentNew.Environment.log][thread_rollouts]: Thread number: 27, Steps performed: 247

[2020-01-31 14:24:31.247767][EnvironmentNew.Environment.log][thread_rollouts]: Thread number: 29

[2020-01-31 14:24:31.247564][EnvironmentNew.Environment.log][thread_rollouts]: Thread number: 28

[2020-01-31 14:24:31.726502][EnvironmentNew.Environment.log][thread_rollouts]: Thread number: 28, Steps performed: 224

[2020-01-31 14:24:31.757861][EnvironmentNew.Environment.log][thread_rollouts]: Thread number: 29, Steps performed: 279

[2020-01-31 14:24:31.766464][__main__.TRPOAgent.log][learning]: Rollouts performed

[2020-01-31 14:24:31.766890][__main__.TRPOAgent.log][batch_info]: Rollout statistics size: 7441, Batch size: 100

[2020-01-31 14:24:31.767204][__main__.TRPOAgent.log][learning]: 

***************
BEGINNING TRAINING
***************



[2020-01-31 14:24:34.317801][__main__.TRPOAgent.log][linesearch]: Linesearch failed. Mean kl divergence: 0.0010137244606674472, Discarded policy loss value: -46.593200609826596

[2020-01-31 14:24:34.318246][__main__.TRPOAgent.log][batch_info]: Current batch value loss: 0.00021423728749212165

[2020-01-31 14:24:38.381479][__main__.TRPOAgent.log][learning]: Episode #2

[2020-01-31 14:24:38.381983][__main__.TRPOAgent.log][learning]: Performing rollouts: rollout length: 1000

[2020-01-31 14:24:38.382643][EnvironmentNew.Environment.log][thread_rollouts]: Thread number: 0

[2020-01-31 14:24:38.383035][EnvironmentNew.Environment.log][thread_rollouts]: Thread number: 1

[2020-01-31 14:24:38.793434][EnvironmentNew.Environment.log][thread_rollouts]: Thread number: 1, Steps performed: 196

[2020-01-31 14:24:38.793945][EnvironmentNew.Environment.log][thread_rollouts]: Thread number: 0, Steps performed: 210

[2020-01-31 14:24:38.794969][EnvironmentNew.Environment.log][thread_rollouts]: Thread number: 3

[2020-01-31 14:24:38.794791][EnvironmentNew.Environment.log][thread_rollouts]: Thread number: 2

[2020-01-31 14:24:39.170899][EnvironmentNew.Environment.log][thread_rollouts]: Thread number: 3, Steps performed: 190

[2020-01-31 14:24:39.221248][EnvironmentNew.Environment.log][thread_rollouts]: Thread number: 2, Steps performed: 230

[2020-01-31 14:24:39.221802][EnvironmentNew.Environment.log][thread_rollouts]: Thread number: 4

[2020-01-31 14:24:39.222182][EnvironmentNew.Environment.log][thread_rollouts]: Thread number: 5

[2020-01-31 14:24:39.609322][EnvironmentNew.Environment.log][thread_rollouts]: Thread number: 4, Steps performed: 203

[2020-01-31 14:24:39.648827][EnvironmentNew.Environment.log][thread_rollouts]: Thread number: 5, Steps performed: 217

[2020-01-31 14:24:39.649564][EnvironmentNew.Environment.log][thread_rollouts]: Thread number: 7

[2020-01-31 14:24:39.649393][EnvironmentNew.Environment.log][thread_rollouts]: Thread number: 6

[2020-01-31 14:24:40.039435][EnvironmentNew.Environment.log][thread_rollouts]: Thread number: 7, Steps performed: 210

[2020-01-31 14:24:40.057247][EnvironmentNew.Environment.log][thread_rollouts]: Thread number: 6, Steps performed: 189

[2020-01-31 14:24:40.057821][EnvironmentNew.Environment.log][thread_rollouts]: Thread number: 8

[2020-01-31 14:24:40.058154][EnvironmentNew.Environment.log][thread_rollouts]: Thread number: 9

[2020-01-31 14:24:40.217951][EnvironmentNew.Environment.log][thread_rollouts]: Thread number: 8, Steps performed: 74

[2020-01-31 14:24:40.346478][EnvironmentNew.Environment.log][thread_rollouts]: Thread number: 9, Steps performed: 208

[2020-01-31 14:24:40.347406][EnvironmentNew.Environment.log][thread_rollouts]: Thread number: 11

[2020-01-31 14:24:40.347205][EnvironmentNew.Environment.log][thread_rollouts]: Thread number: 10

[2020-01-31 14:24:40.517252][EnvironmentNew.Environment.log][thread_rollouts]: Thread number: 11, Steps performed: 80

[2020-01-31 14:24:40.657813][EnvironmentNew.Environment.log][thread_rollouts]: Thread number: 10, Steps performed: 209

[2020-01-31 14:24:40.658733][EnvironmentNew.Environment.log][thread_rollouts]: Thread number: 13

[2020-01-31 14:24:40.658453][EnvironmentNew.Environment.log][thread_rollouts]: Thread number: 12

[2020-01-31 14:24:41.104975][EnvironmentNew.Environment.log][thread_rollouts]: Thread number: 12, Steps performed: 205

[2020-01-31 14:24:41.118666][EnvironmentNew.Environment.log][thread_rollouts]: Thread number: 13, Steps performed: 229

[2020-01-31 14:24:41.119608][EnvironmentNew.Environment.log][thread_rollouts]: Thread number: 14

[2020-01-31 14:24:41.119962][EnvironmentNew.Environment.log][thread_rollouts]: Thread number: 15

[2020-01-31 14:24:41.383730][EnvironmentNew.Environment.log][thread_rollouts]: Thread number: 15, Steps performed: 128

[2020-01-31 14:24:41.459387][EnvironmentNew.Environment.log][thread_rollouts]: Thread number: 14, Steps performed: 185

[2020-01-31 14:24:41.460101][EnvironmentNew.Environment.log][thread_rollouts]: Thread number: 17

[2020-01-31 14:24:41.459915][EnvironmentNew.Environment.log][thread_rollouts]: Thread number: 16

[2020-01-31 14:24:41.692963][EnvironmentNew.Environment.log][thread_rollouts]: Thread number: 16, Steps performed: 106

[2020-01-31 14:24:41.792953][EnvironmentNew.Environment.log][thread_rollouts]: Thread number: 17, Steps performed: 206

[2020-01-31 14:24:41.793554][EnvironmentNew.Environment.log][thread_rollouts]: Thread number: 18

[2020-01-31 14:24:41.793755][EnvironmentNew.Environment.log][thread_rollouts]: Thread number: 19

[2020-01-31 14:24:42.207021][EnvironmentNew.Environment.log][thread_rollouts]: Thread number: 18, Steps performed: 210

[2020-01-31 14:24:42.238073][EnvironmentNew.Environment.log][thread_rollouts]: Thread number: 19, Steps performed: 228

[2020-01-31 14:24:42.238740][EnvironmentNew.Environment.log][thread_rollouts]: Thread number: 20

[2020-01-31 14:24:42.238962][EnvironmentNew.Environment.log][thread_rollouts]: Thread number: 21

[2020-01-31 14:24:42.630528][EnvironmentNew.Environment.log][thread_rollouts]: Thread number: 21, Steps performed: 195

[2020-01-31 14:24:42.675009][EnvironmentNew.Environment.log][thread_rollouts]: Thread number: 20, Steps performed: 222

[2020-01-31 14:24:42.675653][EnvironmentNew.Environment.log][thread_rollouts]: Thread number: 22

[2020-01-31 14:24:42.676034][EnvironmentNew.Environment.log][thread_rollouts]: Thread number: 23

[2020-01-31 14:24:43.011314][EnvironmentNew.Environment.log][thread_rollouts]: Thread number: 23, Steps performed: 150

[2020-01-31 14:24:43.053803][EnvironmentNew.Environment.log][thread_rollouts]: Thread number: 22, Steps performed: 198

[2020-01-31 14:24:43.054935][EnvironmentNew.Environment.log][thread_rollouts]: Thread number: 25

[2020-01-31 14:24:43.054595][EnvironmentNew.Environment.log][thread_rollouts]: Thread number: 24

[2020-01-31 14:24:43.447780][EnvironmentNew.Environment.log][thread_rollouts]: Thread number: 25, Steps performed: 192

[2020-01-31 14:24:43.471360][EnvironmentNew.Environment.log][thread_rollouts]: Thread number: 24, Steps performed: 223

[2020-01-31 14:24:43.472025][EnvironmentNew.Environment.log][thread_rollouts]: Thread number: 26

[2020-01-31 14:24:43.472215][EnvironmentNew.Environment.log][thread_rollouts]: Thread number: 27

[2020-01-31 14:24:43.561743][EnvironmentNew.Environment.log][thread_rollouts]: Thread number: 27, Steps performed: 35

[2020-01-31 14:24:43.735662][EnvironmentNew.Environment.log][thread_rollouts]: Thread number: 26, Steps performed: 223

[2020-01-31 14:24:43.736404][EnvironmentNew.Environment.log][thread_rollouts]: Thread number: 28

[2020-01-31 14:24:43.736706][EnvironmentNew.Environment.log][thread_rollouts]: Thread number: 29

[2020-01-31 14:24:44.156715][EnvironmentNew.Environment.log][thread_rollouts]: Thread number: 29, Steps performed: 213

[2020-01-31 14:24:44.157248][EnvironmentNew.Environment.log][thread_rollouts]: Thread number: 28, Steps performed: 202

[2020-01-31 14:24:44.162393][__main__.TRPOAgent.log][learning]: Rollouts performed

[2020-01-31 14:24:44.162817][__main__.TRPOAgent.log][batch_info]: Rollout statistics size: 5566, Batch size: 100

[2020-01-31 14:24:44.163105][__main__.TRPOAgent.log][learning]: 

***************
BEGINNING TRAINING
***************



[2020-01-31 14:24:46.396693][__main__.TRPOAgent.log][linesearch]: Linesearch failed. Mean kl divergence: 0.0012955495843207164, Discarded policy loss value: -37.45682334740782

[2020-01-31 14:24:46.397136][__main__.TRPOAgent.log][batch_info]: Current batch value loss: 8.470152341983383e-05

