LOGGER started at 2020-01-31 14:29:15.519144.
Currently active debug channels:
	act
	batch_info
	linesearch
	learning
	thread_rollouts
[2020-01-31 14:29:16.053293][__main__.TRPOAgent.log][learning]: Episode #0

[2020-01-31 14:29:16.271657][__main__.TRPOAgent.log][learning]: Performing rollouts: rollout length: 1000

[2020-01-31 14:29:16.272789][EnvironmentNew.Environment.log][thread_rollouts]: Thread number: 1

[2020-01-31 14:29:16.272540][EnvironmentNew.Environment.log][thread_rollouts]: Thread number: 0

[2020-01-31 14:29:16.407430][EnvironmentNew.Environment.log][thread_rollouts]: Thread number: 1, Steps performed: 59

[2020-01-31 14:29:16.448728][EnvironmentNew.Environment.log][thread_rollouts]: Thread number: 0, Steps performed: 94

[2020-01-31 14:29:16.449188][EnvironmentNew.Environment.log][thread_rollouts]: Thread number: 2

[2020-01-31 14:29:16.449337][EnvironmentNew.Environment.log][thread_rollouts]: Thread number: 3

[2020-01-31 14:29:16.658071][EnvironmentNew.Environment.log][thread_rollouts]: Thread number: 2, Steps performed: 99

[2020-01-31 14:29:16.692213][EnvironmentNew.Environment.log][thread_rollouts]: Thread number: 3, Steps performed: 122

[2020-01-31 14:29:16.692998][EnvironmentNew.Environment.log][thread_rollouts]: Thread number: 5

[2020-01-31 14:29:16.692743][EnvironmentNew.Environment.log][thread_rollouts]: Thread number: 4

[2020-01-31 14:29:16.905171][EnvironmentNew.Environment.log][thread_rollouts]: Thread number: 5, Steps performed: 99

[2020-01-31 14:29:16.937036][EnvironmentNew.Environment.log][thread_rollouts]: Thread number: 4, Steps performed: 121

[2020-01-31 14:29:16.937741][EnvironmentNew.Environment.log][thread_rollouts]: Thread number: 7

[2020-01-31 14:29:16.937568][EnvironmentNew.Environment.log][thread_rollouts]: Thread number: 6

[2020-01-31 14:29:17.105932][EnvironmentNew.Environment.log][thread_rollouts]: Thread number: 7, Steps performed: 70

[2020-01-31 14:29:17.127376][EnvironmentNew.Environment.log][thread_rollouts]: Thread number: 6, Steps performed: 93

[2020-01-31 14:29:17.127934][EnvironmentNew.Environment.log][thread_rollouts]: Thread number: 8

[2020-01-31 14:29:17.128096][EnvironmentNew.Environment.log][thread_rollouts]: Thread number: 9

[2020-01-31 14:29:17.309462][EnvironmentNew.Environment.log][thread_rollouts]: Thread number: 8, Steps performed: 83

[2020-01-31 14:29:17.316173][EnvironmentNew.Environment.log][thread_rollouts]: Thread number: 9, Steps performed: 92

[2020-01-31 14:29:17.316722][EnvironmentNew.Environment.log][thread_rollouts]: Thread number: 11

[2020-01-31 14:29:17.316587][EnvironmentNew.Environment.log][thread_rollouts]: Thread number: 10

[2020-01-31 14:29:17.497807][EnvironmentNew.Environment.log][thread_rollouts]: Thread number: 10, Steps performed: 85

[2020-01-31 14:29:17.555455][EnvironmentNew.Environment.log][thread_rollouts]: Thread number: 11, Steps performed: 140

[2020-01-31 14:29:17.556122][EnvironmentNew.Environment.log][thread_rollouts]: Thread number: 13

[2020-01-31 14:29:17.555988][EnvironmentNew.Environment.log][thread_rollouts]: Thread number: 12

[2020-01-31 14:29:17.742164][EnvironmentNew.Environment.log][thread_rollouts]: Thread number: 12, Steps performed: 87

[2020-01-31 14:29:17.742792][EnvironmentNew.Environment.log][thread_rollouts]: Thread number: 13, Steps performed: 86

[2020-01-31 14:29:17.744252][EnvironmentNew.Environment.log][thread_rollouts]: Thread number: 14

[2020-01-31 14:29:17.744486][EnvironmentNew.Environment.log][thread_rollouts]: Thread number: 15

[2020-01-31 14:29:17.940538][EnvironmentNew.Environment.log][thread_rollouts]: Thread number: 15, Steps performed: 86

[2020-01-31 14:29:17.949579][EnvironmentNew.Environment.log][thread_rollouts]: Thread number: 14, Steps performed: 94

[2020-01-31 14:29:17.950302][EnvironmentNew.Environment.log][thread_rollouts]: Thread number: 17

[2020-01-31 14:29:17.950193][EnvironmentNew.Environment.log][thread_rollouts]: Thread number: 16

[2020-01-31 14:29:18.137644][EnvironmentNew.Environment.log][thread_rollouts]: Thread number: 17, Steps performed: 53

[2020-01-31 14:29:18.142022][EnvironmentNew.Environment.log][thread_rollouts]: Thread number: 16, Steps performed: 89

[2020-01-31 14:29:18.142522][EnvironmentNew.Environment.log][thread_rollouts]: Thread number: 18

[2020-01-31 14:29:18.142657][EnvironmentNew.Environment.log][thread_rollouts]: Thread number: 19

[2020-01-31 14:29:18.275632][EnvironmentNew.Environment.log][thread_rollouts]: Thread number: 18, Steps performed: 59

[2020-01-31 14:29:18.301400][EnvironmentNew.Environment.log][thread_rollouts]: Thread number: 19, Steps performed: 81

[2020-01-31 14:29:18.302009][EnvironmentNew.Environment.log][thread_rollouts]: Thread number: 20

[2020-01-31 14:29:18.302452][EnvironmentNew.Environment.log][thread_rollouts]: Thread number: 21

[2020-01-31 14:29:18.515219][EnvironmentNew.Environment.log][thread_rollouts]: Thread number: 21, Steps performed: 100

[2020-01-31 14:29:18.539970][EnvironmentNew.Environment.log][thread_rollouts]: Thread number: 20, Steps performed: 121

[2020-01-31 14:29:18.540492][EnvironmentNew.Environment.log][thread_rollouts]: Thread number: 22

[2020-01-31 14:29:18.540813][EnvironmentNew.Environment.log][thread_rollouts]: Thread number: 23

[2020-01-31 14:29:18.722475][EnvironmentNew.Environment.log][thread_rollouts]: Thread number: 22, Steps performed: 93

[2020-01-31 14:29:18.731990][EnvironmentNew.Environment.log][thread_rollouts]: Thread number: 23, Steps performed: 84

[2020-01-31 14:29:18.732623][EnvironmentNew.Environment.log][thread_rollouts]: Thread number: 25

[2020-01-31 14:29:18.732463][EnvironmentNew.Environment.log][thread_rollouts]: Thread number: 24

[2020-01-31 14:29:18.929557][EnvironmentNew.Environment.log][thread_rollouts]: Thread number: 24, Steps performed: 87

[2020-01-31 14:29:18.931586][EnvironmentNew.Environment.log][thread_rollouts]: Thread number: 25, Steps performed: 92

[2020-01-31 14:29:18.932211][EnvironmentNew.Environment.log][thread_rollouts]: Thread number: 27

[2020-01-31 14:29:18.932045][EnvironmentNew.Environment.log][thread_rollouts]: Thread number: 26

[2020-01-31 14:29:19.117873][EnvironmentNew.Environment.log][thread_rollouts]: Thread number: 26, Steps performed: 79

[2020-01-31 14:29:19.136194][EnvironmentNew.Environment.log][thread_rollouts]: Thread number: 27, Steps performed: 97

[2020-01-31 14:29:19.136954][EnvironmentNew.Environment.log][thread_rollouts]: Thread number: 28

[2020-01-31 14:29:19.137487][EnvironmentNew.Environment.log][thread_rollouts]: Thread number: 29

[2020-01-31 14:29:19.304116][EnvironmentNew.Environment.log][thread_rollouts]: Thread number: 29, Steps performed: 78

[2020-01-31 14:29:19.314138][EnvironmentNew.Environment.log][thread_rollouts]: Thread number: 28, Steps performed: 83

[2020-01-31 14:29:19.315169][__main__.TRPOAgent.log][learning]: Rollouts performed

[2020-01-31 14:29:19.315410][__main__.TRPOAgent.log][batch_info]: Rollout statistics size: 2706, Batch size: 100

[2020-01-31 14:29:19.315634][__main__.TRPOAgent.log][learning]: 

***************
BEGINNING TRAINING
***************



[2020-01-31 14:29:21.347457][__main__.TRPOAgent.log][linesearch]: Linesearch failed. Mean kl divergence: 0.0, Discarded policy loss value: -2.6906241708654677e-11

[2020-01-31 14:29:21.347853][__main__.TRPOAgent.log][batch_info]: Current batch value loss: 0.008967658368428433

[2020-01-31 14:29:23.873373][__main__.TRPOAgent.log][learning]: Episode #1

[2020-01-31 14:29:23.875006][__main__.TRPOAgent.log][learning]: Performing rollouts: rollout length: 1000

[2020-01-31 14:29:23.878032][EnvironmentNew.Environment.log][thread_rollouts]: Thread number: 1

[2020-01-31 14:29:23.876943][EnvironmentNew.Environment.log][thread_rollouts]: Thread number: 0

[2020-01-31 14:29:24.105441][EnvironmentNew.Environment.log][thread_rollouts]: Thread number: 1, Steps performed: 92

[2020-01-31 14:29:24.116311][EnvironmentNew.Environment.log][thread_rollouts]: Thread number: 0, Steps performed: 89

[2020-01-31 14:29:24.116889][EnvironmentNew.Environment.log][thread_rollouts]: Thread number: 3

[2020-01-31 14:29:24.116781][EnvironmentNew.Environment.log][thread_rollouts]: Thread number: 2

[2020-01-31 14:29:24.231591][EnvironmentNew.Environment.log][thread_rollouts]: Thread number: 3, Steps performed: 48

[2020-01-31 14:29:24.339419][EnvironmentNew.Environment.log][thread_rollouts]: Thread number: 2, Steps performed: 124

[2020-01-31 14:29:24.340145][EnvironmentNew.Environment.log][thread_rollouts]: Thread number: 4

[2020-01-31 14:29:24.340337][EnvironmentNew.Environment.log][thread_rollouts]: Thread number: 5

[2020-01-31 14:29:24.572020][EnvironmentNew.Environment.log][thread_rollouts]: Thread number: 5, Steps performed: 82

[2020-01-31 14:29:24.575186][EnvironmentNew.Environment.log][thread_rollouts]: Thread number: 4, Steps performed: 79

[2020-01-31 14:29:24.576250][EnvironmentNew.Environment.log][thread_rollouts]: Thread number: 7

[2020-01-31 14:29:24.576040][EnvironmentNew.Environment.log][thread_rollouts]: Thread number: 6

[2020-01-31 14:29:24.706177][EnvironmentNew.Environment.log][thread_rollouts]: Thread number: 6, Steps performed: 49

[2020-01-31 14:29:24.761263][EnvironmentNew.Environment.log][thread_rollouts]: Thread number: 7, Steps performed: 87

[2020-01-31 14:29:24.761981][EnvironmentNew.Environment.log][thread_rollouts]: Thread number: 8

[2020-01-31 14:29:24.762156][EnvironmentNew.Environment.log][thread_rollouts]: Thread number: 9

[2020-01-31 14:29:24.961556][EnvironmentNew.Environment.log][thread_rollouts]: Thread number: 9, Steps performed: 77

[2020-01-31 14:29:24.990721][EnvironmentNew.Environment.log][thread_rollouts]: Thread number: 8, Steps performed: 100

[2020-01-31 14:29:24.991403][EnvironmentNew.Environment.log][thread_rollouts]: Thread number: 10

[2020-01-31 14:29:24.991562][EnvironmentNew.Environment.log][thread_rollouts]: Thread number: 11

[2020-01-31 14:29:25.163148][EnvironmentNew.Environment.log][thread_rollouts]: Thread number: 10, Steps performed: 73

[2020-01-31 14:29:25.212856][EnvironmentNew.Environment.log][thread_rollouts]: Thread number: 11, Steps performed: 114

[2020-01-31 14:29:25.213764][EnvironmentNew.Environment.log][thread_rollouts]: Thread number: 13

[2020-01-31 14:29:25.213454][EnvironmentNew.Environment.log][thread_rollouts]: Thread number: 12

[2020-01-31 14:29:25.346148][EnvironmentNew.Environment.log][thread_rollouts]: Thread number: 12, Steps performed: 56

[2020-01-31 14:29:25.406760][EnvironmentNew.Environment.log][thread_rollouts]: Thread number: 13, Steps performed: 106

[2020-01-31 14:29:25.407332][EnvironmentNew.Environment.log][thread_rollouts]: Thread number: 14

[2020-01-31 14:29:25.407765][EnvironmentNew.Environment.log][thread_rollouts]: Thread number: 15

[2020-01-31 14:29:25.559816][EnvironmentNew.Environment.log][thread_rollouts]: Thread number: 14, Steps performed: 71

[2020-01-31 14:29:25.579836][EnvironmentNew.Environment.log][thread_rollouts]: Thread number: 15, Steps performed: 84

[2020-01-31 14:29:25.580346][EnvironmentNew.Environment.log][thread_rollouts]: Thread number: 16

[2020-01-31 14:29:25.580470][EnvironmentNew.Environment.log][thread_rollouts]: Thread number: 17

[2020-01-31 14:29:25.739648][EnvironmentNew.Environment.log][thread_rollouts]: Thread number: 16, Steps performed: 75

[2020-01-31 14:29:25.805638][EnvironmentNew.Environment.log][thread_rollouts]: Thread number: 17, Steps performed: 122

[2020-01-31 14:29:25.806122][EnvironmentNew.Environment.log][thread_rollouts]: Thread number: 18

[2020-01-31 14:29:25.806489][EnvironmentNew.Environment.log][thread_rollouts]: Thread number: 19

[2020-01-31 14:29:25.933287][EnvironmentNew.Environment.log][thread_rollouts]: Thread number: 19, Steps performed: 48

[2020-01-31 14:29:26.030715][EnvironmentNew.Environment.log][thread_rollouts]: Thread number: 18, Steps performed: 110

[2020-01-31 14:29:26.031215][EnvironmentNew.Environment.log][thread_rollouts]: Thread number: 20

[2020-01-31 14:29:26.031447][EnvironmentNew.Environment.log][thread_rollouts]: Thread number: 21

[2020-01-31 14:29:26.205087][EnvironmentNew.Environment.log][thread_rollouts]: Thread number: 21, Steps performed: 71

[2020-01-31 14:29:26.205718][EnvironmentNew.Environment.log][thread_rollouts]: Thread number: 20, Steps performed: 81

[2020-01-31 14:29:26.206923][EnvironmentNew.Environment.log][thread_rollouts]: Thread number: 23

[2020-01-31 14:29:26.206767][EnvironmentNew.Environment.log][thread_rollouts]: Thread number: 22

[2020-01-31 14:29:26.397738][EnvironmentNew.Environment.log][thread_rollouts]: Thread number: 23, Steps performed: 78

[2020-01-31 14:29:26.402011][EnvironmentNew.Environment.log][thread_rollouts]: Thread number: 22, Steps performed: 90

[2020-01-31 14:29:26.402689][EnvironmentNew.Environment.log][thread_rollouts]: Thread number: 24

[2020-01-31 14:29:26.402893][EnvironmentNew.Environment.log][thread_rollouts]: Thread number: 25

[2020-01-31 14:29:26.614215][EnvironmentNew.Environment.log][thread_rollouts]: Thread number: 24, Steps performed: 78

[2020-01-31 14:29:26.617114][EnvironmentNew.Environment.log][thread_rollouts]: Thread number: 25, Steps performed: 91

[2020-01-31 14:29:26.617803][EnvironmentNew.Environment.log][thread_rollouts]: Thread number: 27

[2020-01-31 14:29:26.617648][EnvironmentNew.Environment.log][thread_rollouts]: Thread number: 26

[2020-01-31 14:29:26.802453][EnvironmentNew.Environment.log][thread_rollouts]: Thread number: 26, Steps performed: 85

[2020-01-31 14:29:26.802884][EnvironmentNew.Environment.log][thread_rollouts]: Thread number: 27, Steps performed: 76

[2020-01-31 14:29:26.803948][EnvironmentNew.Environment.log][thread_rollouts]: Thread number: 29

[2020-01-31 14:29:26.803794][EnvironmentNew.Environment.log][thread_rollouts]: Thread number: 28

[2020-01-31 14:29:26.977103][EnvironmentNew.Environment.log][thread_rollouts]: Thread number: 29, Steps performed: 84

[2020-01-31 14:29:26.983303][EnvironmentNew.Environment.log][thread_rollouts]: Thread number: 28, Steps performed: 82

[2020-01-31 14:29:26.986875][__main__.TRPOAgent.log][learning]: Rollouts performed

[2020-01-31 14:29:26.987309][__main__.TRPOAgent.log][batch_info]: Rollout statistics size: 2502, Batch size: 100

[2020-01-31 14:29:26.987621][__main__.TRPOAgent.log][learning]: 

***************
BEGINNING TRAINING
***************



[2020-01-31 14:29:28.821533][__main__.TRPOAgent.log][linesearch]: Linesearch failed. Mean kl divergence: 0.0, Discarded policy loss value: -2.46175778935814e-11

[2020-01-31 14:29:28.822095][__main__.TRPOAgent.log][batch_info]: Current batch value loss: 0.0006162259587979081

[2020-01-31 14:29:30.956940][__main__.TRPOAgent.log][learning]: Episode #2

[2020-01-31 14:29:30.957426][__main__.TRPOAgent.log][learning]: Performing rollouts: rollout length: 1000

[2020-01-31 14:29:30.958211][EnvironmentNew.Environment.log][thread_rollouts]: Thread number: 1

[2020-01-31 14:29:30.957966][EnvironmentNew.Environment.log][thread_rollouts]: Thread number: 0

[2020-01-31 14:29:31.064119][EnvironmentNew.Environment.log][thread_rollouts]: Thread number: 0, Steps performed: 38

[2020-01-31 14:29:31.096255][EnvironmentNew.Environment.log][thread_rollouts]: Thread number: 1, Steps performed: 68

[2020-01-31 14:29:31.096886][EnvironmentNew.Environment.log][thread_rollouts]: Thread number: 2

[2020-01-31 14:29:31.097254][EnvironmentNew.Environment.log][thread_rollouts]: Thread number: 3

[2020-01-31 14:29:31.255162][EnvironmentNew.Environment.log][thread_rollouts]: Thread number: 2, Steps performed: 68

[2020-01-31 14:29:31.258238][EnvironmentNew.Environment.log][thread_rollouts]: Thread number: 3, Steps performed: 70

[2020-01-31 14:29:31.258875][EnvironmentNew.Environment.log][thread_rollouts]: Thread number: 5

[2020-01-31 14:29:31.258662][EnvironmentNew.Environment.log][thread_rollouts]: Thread number: 4

[2020-01-31 14:29:31.357326][EnvironmentNew.Environment.log][thread_rollouts]: Thread number: 4, Steps performed: 38

[2020-01-31 14:29:31.384358][EnvironmentNew.Environment.log][thread_rollouts]: Thread number: 5, Steps performed: 67

[2020-01-31 14:29:31.385210][EnvironmentNew.Environment.log][thread_rollouts]: Thread number: 7

[2020-01-31 14:29:31.384997][EnvironmentNew.Environment.log][thread_rollouts]: Thread number: 6

[2020-01-31 14:29:31.479278][EnvironmentNew.Environment.log][thread_rollouts]: Thread number: 7, Steps performed: 40

[2020-01-31 14:29:31.526218][EnvironmentNew.Environment.log][thread_rollouts]: Thread number: 6, Steps performed: 71

[2020-01-31 14:29:31.527131][EnvironmentNew.Environment.log][thread_rollouts]: Thread number: 9

[2020-01-31 14:29:31.526933][EnvironmentNew.Environment.log][thread_rollouts]: Thread number: 8

[2020-01-31 14:29:31.685390][EnvironmentNew.Environment.log][thread_rollouts]: Thread number: 9, Steps performed: 73

[2020-01-31 14:29:31.694564][EnvironmentNew.Environment.log][thread_rollouts]: Thread number: 8, Steps performed: 69

[2020-01-31 14:29:31.695274][EnvironmentNew.Environment.log][thread_rollouts]: Thread number: 11

[2020-01-31 14:29:31.695098][EnvironmentNew.Environment.log][thread_rollouts]: Thread number: 10

[2020-01-31 14:29:31.848779][EnvironmentNew.Environment.log][thread_rollouts]: Thread number: 10, Steps performed: 69

[2020-01-31 14:29:31.853455][EnvironmentNew.Environment.log][thread_rollouts]: Thread number: 11, Steps performed: 69

[2020-01-31 14:29:31.853890][EnvironmentNew.Environment.log][thread_rollouts]: Thread number: 12

[2020-01-31 14:29:31.854100][EnvironmentNew.Environment.log][thread_rollouts]: Thread number: 13

[2020-01-31 14:29:31.974235][EnvironmentNew.Environment.log][thread_rollouts]: Thread number: 13, Steps performed: 48

[2020-01-31 14:29:32.010784][EnvironmentNew.Environment.log][thread_rollouts]: Thread number: 12, Steps performed: 74

[2020-01-31 14:29:32.011517][EnvironmentNew.Environment.log][thread_rollouts]: Thread number: 14

[2020-01-31 14:29:32.011993][EnvironmentNew.Environment.log][thread_rollouts]: Thread number: 15

[2020-01-31 14:29:32.180483][EnvironmentNew.Environment.log][thread_rollouts]: Thread number: 15, Steps performed: 74

[2020-01-31 14:29:32.180662][EnvironmentNew.Environment.log][thread_rollouts]: Thread number: 14, Steps performed: 71

[2020-01-31 14:29:32.181687][EnvironmentNew.Environment.log][thread_rollouts]: Thread number: 16

[2020-01-31 14:29:32.181841][EnvironmentNew.Environment.log][thread_rollouts]: Thread number: 17

[2020-01-31 14:29:32.280276][EnvironmentNew.Environment.log][thread_rollouts]: Thread number: 16, Steps performed: 42

[2020-01-31 14:29:32.326366][EnvironmentNew.Environment.log][thread_rollouts]: Thread number: 17, Steps performed: 72

[2020-01-31 14:29:32.326946][EnvironmentNew.Environment.log][thread_rollouts]: Thread number: 18

[2020-01-31 14:29:32.327072][EnvironmentNew.Environment.log][thread_rollouts]: Thread number: 19

[2020-01-31 14:29:32.420724][EnvironmentNew.Environment.log][thread_rollouts]: Thread number: 19, Steps performed: 39

[2020-01-31 14:29:32.458458][EnvironmentNew.Environment.log][thread_rollouts]: Thread number: 18, Steps performed: 70

[2020-01-31 14:29:32.459295][EnvironmentNew.Environment.log][thread_rollouts]: Thread number: 20

[2020-01-31 14:29:32.459494][EnvironmentNew.Environment.log][thread_rollouts]: Thread number: 21

[2020-01-31 14:29:32.612320][EnvironmentNew.Environment.log][thread_rollouts]: Thread number: 21, Steps performed: 66

[2020-01-31 14:29:32.619412][EnvironmentNew.Environment.log][thread_rollouts]: Thread number: 20, Steps performed: 71

[2020-01-31 14:29:32.619919][EnvironmentNew.Environment.log][thread_rollouts]: Thread number: 22

[2020-01-31 14:29:32.620070][EnvironmentNew.Environment.log][thread_rollouts]: Thread number: 23

[2020-01-31 14:29:32.723033][EnvironmentNew.Environment.log][thread_rollouts]: Thread number: 23, Steps performed: 39

[2020-01-31 14:29:32.757511][EnvironmentNew.Environment.log][thread_rollouts]: Thread number: 22, Steps performed: 73

[2020-01-31 14:29:32.758136][EnvironmentNew.Environment.log][thread_rollouts]: Thread number: 24

[2020-01-31 14:29:32.758529][EnvironmentNew.Environment.log][thread_rollouts]: Thread number: 25

[2020-01-31 14:29:32.867993][EnvironmentNew.Environment.log][thread_rollouts]: Thread number: 24, Steps performed: 39

[2020-01-31 14:29:32.906452][EnvironmentNew.Environment.log][thread_rollouts]: Thread number: 25, Steps performed: 70

[2020-01-31 14:29:32.907437][EnvironmentNew.Environment.log][thread_rollouts]: Thread number: 27

[2020-01-31 14:29:32.907251][EnvironmentNew.Environment.log][thread_rollouts]: Thread number: 26

[2020-01-31 14:29:33.010095][EnvironmentNew.Environment.log][thread_rollouts]: Thread number: 27, Steps performed: 39

[2020-01-31 14:29:33.049470][EnvironmentNew.Environment.log][thread_rollouts]: Thread number: 26, Steps performed: 74

[2020-01-31 14:29:33.050030][EnvironmentNew.Environment.log][thread_rollouts]: Thread number: 28

[2020-01-31 14:29:33.050466][EnvironmentNew.Environment.log][thread_rollouts]: Thread number: 29

[2020-01-31 14:29:33.213014][EnvironmentNew.Environment.log][thread_rollouts]: Thread number: 28, Steps performed: 74

[2020-01-31 14:29:33.214174][EnvironmentNew.Environment.log][thread_rollouts]: Thread number: 29, Steps performed: 68

[2020-01-31 14:29:33.215932][__main__.TRPOAgent.log][learning]: Rollouts performed

[2020-01-31 14:29:33.216254][__main__.TRPOAgent.log][batch_info]: Rollout statistics size: 1843, Batch size: 100

[2020-01-31 14:29:33.216525][__main__.TRPOAgent.log][learning]: 

***************
BEGINNING TRAINING
***************



[2020-01-31 14:29:34.947055][__main__.TRPOAgent.log][linesearch]: Linesearch failed. Mean kl divergence: 0.0, Discarded policy loss value: -2.052227610734706e-11

[2020-01-31 14:29:34.947576][__main__.TRPOAgent.log][batch_info]: Current batch value loss: 0.0006771936136126843

[2020-01-31 14:29:36.405170][__main__.TRPOAgent.log][learning]: Episode #3

[2020-01-31 14:29:36.405548][__main__.TRPOAgent.log][learning]: Performing rollouts: rollout length: 1000

[2020-01-31 14:29:36.405921][EnvironmentNew.Environment.log][thread_rollouts]: Thread number: 0

[2020-01-31 14:29:36.406067][EnvironmentNew.Environment.log][thread_rollouts]: Thread number: 1

[2020-01-31 14:29:36.617281][EnvironmentNew.Environment.log][thread_rollouts]: Thread number: 1, Steps performed: 92

[2020-01-31 14:29:36.636859][EnvironmentNew.Environment.log][thread_rollouts]: Thread number: 0, Steps performed: 100

[2020-01-31 14:29:36.637625][EnvironmentNew.Environment.log][thread_rollouts]: Thread number: 2

[2020-01-31 14:29:36.637780][EnvironmentNew.Environment.log][thread_rollouts]: Thread number: 3

[2020-01-31 14:29:36.785621][EnvironmentNew.Environment.log][thread_rollouts]: Thread number: 3, Steps performed: 60

[2020-01-31 14:29:36.786296][EnvironmentNew.Environment.log][thread_rollouts]: Thread number: 2, Steps performed: 71

[2020-01-31 14:29:36.787482][EnvironmentNew.Environment.log][thread_rollouts]: Thread number: 4

[2020-01-31 14:29:36.787659][EnvironmentNew.Environment.log][thread_rollouts]: Thread number: 5

[2020-01-31 14:29:36.946331][EnvironmentNew.Environment.log][thread_rollouts]: Thread number: 4, Steps performed: 63

[2020-01-31 14:29:36.981018][EnvironmentNew.Environment.log][thread_rollouts]: Thread number: 5, Steps performed: 100

[2020-01-31 14:29:36.981873][EnvironmentNew.Environment.log][thread_rollouts]: Thread number: 7

[2020-01-31 14:29:36.981582][EnvironmentNew.Environment.log][thread_rollouts]: Thread number: 6

[2020-01-31 14:29:37.135692][EnvironmentNew.Environment.log][thread_rollouts]: Thread number: 7, Steps performed: 67

[2020-01-31 14:29:37.144429][EnvironmentNew.Environment.log][thread_rollouts]: Thread number: 6, Steps performed: 72

[2020-01-31 14:29:37.145308][EnvironmentNew.Environment.log][thread_rollouts]: Thread number: 9

[2020-01-31 14:29:37.145130][EnvironmentNew.Environment.log][thread_rollouts]: Thread number: 8

[2020-01-31 14:29:37.287802][EnvironmentNew.Environment.log][thread_rollouts]: Thread number: 8, Steps performed: 65

[2020-01-31 14:29:37.293254][EnvironmentNew.Environment.log][thread_rollouts]: Thread number: 9, Steps performed: 66

[2020-01-31 14:29:37.294008][EnvironmentNew.Environment.log][thread_rollouts]: Thread number: 10

[2020-01-31 14:29:37.294155][EnvironmentNew.Environment.log][thread_rollouts]: Thread number: 11

[2020-01-31 14:29:37.452316][EnvironmentNew.Environment.log][thread_rollouts]: Thread number: 11, Steps performed: 70

[2020-01-31 14:29:37.452137][EnvironmentNew.Environment.log][thread_rollouts]: Thread number: 10, Steps performed: 68

[2020-01-31 14:29:37.453557][EnvironmentNew.Environment.log][thread_rollouts]: Thread number: 12

[2020-01-31 14:29:37.453701][EnvironmentNew.Environment.log][thread_rollouts]: Thread number: 13

[2020-01-31 14:29:37.599257][EnvironmentNew.Environment.log][thread_rollouts]: Thread number: 12, Steps performed: 66

[2020-01-31 14:29:37.618166][EnvironmentNew.Environment.log][thread_rollouts]: Thread number: 13, Steps performed: 70

[2020-01-31 14:29:37.619073][EnvironmentNew.Environment.log][thread_rollouts]: Thread number: 15

[2020-01-31 14:29:37.618756][EnvironmentNew.Environment.log][thread_rollouts]: Thread number: 14

[2020-01-31 14:29:37.773904][EnvironmentNew.Environment.log][thread_rollouts]: Thread number: 15, Steps performed: 68

[2020-01-31 14:29:37.781092][EnvironmentNew.Environment.log][thread_rollouts]: Thread number: 14, Steps performed: 72

[2020-01-31 14:29:37.781549][EnvironmentNew.Environment.log][thread_rollouts]: Thread number: 16

[2020-01-31 14:29:37.781692][EnvironmentNew.Environment.log][thread_rollouts]: Thread number: 17

[2020-01-31 14:29:37.932218][EnvironmentNew.Environment.log][thread_rollouts]: Thread number: 16, Steps performed: 68

[2020-01-31 14:29:37.961594][EnvironmentNew.Environment.log][thread_rollouts]: Thread number: 17, Steps performed: 97

[2020-01-31 14:29:37.962807][EnvironmentNew.Environment.log][thread_rollouts]: Thread number: 19

[2020-01-31 14:29:37.962396][EnvironmentNew.Environment.log][thread_rollouts]: Thread number: 18

[2020-01-31 14:29:38.124593][EnvironmentNew.Environment.log][thread_rollouts]: Thread number: 18, Steps performed: 66

[2020-01-31 14:29:38.125211][EnvironmentNew.Environment.log][thread_rollouts]: Thread number: 19, Steps performed: 73

[2020-01-31 14:29:38.126392][EnvironmentNew.Environment.log][thread_rollouts]: Thread number: 21

[2020-01-31 14:29:38.126205][EnvironmentNew.Environment.log][thread_rollouts]: Thread number: 20

[2020-01-31 14:29:38.276466][EnvironmentNew.Environment.log][thread_rollouts]: Thread number: 20, Steps performed: 68

[2020-01-31 14:29:38.283048][EnvironmentNew.Environment.log][thread_rollouts]: Thread number: 21, Steps performed: 68

[2020-01-31 14:29:38.283722][EnvironmentNew.Environment.log][thread_rollouts]: Thread number: 22

[2020-01-31 14:29:38.283927][EnvironmentNew.Environment.log][thread_rollouts]: Thread number: 23

[2020-01-31 14:29:38.433567][EnvironmentNew.Environment.log][thread_rollouts]: Thread number: 22, Steps performed: 67

[2020-01-31 14:29:38.482352][EnvironmentNew.Environment.log][thread_rollouts]: Thread number: 23, Steps performed: 104

[2020-01-31 14:29:38.483078][EnvironmentNew.Environment.log][thread_rollouts]: Thread number: 24

[2020-01-31 14:29:38.483382][EnvironmentNew.Environment.log][thread_rollouts]: Thread number: 25

[2020-01-31 14:29:38.648907][EnvironmentNew.Environment.log][thread_rollouts]: Thread number: 24, Steps performed: 70

[2020-01-31 14:29:38.696678][EnvironmentNew.Environment.log][thread_rollouts]: Thread number: 25, Steps performed: 115

[2020-01-31 14:29:38.697357][EnvironmentNew.Environment.log][thread_rollouts]: Thread number: 27

[2020-01-31 14:29:38.697202][EnvironmentNew.Environment.log][thread_rollouts]: Thread number: 26

[2020-01-31 14:29:38.861989][EnvironmentNew.Environment.log][thread_rollouts]: Thread number: 27, Steps performed: 71

[2020-01-31 14:29:38.862268][EnvironmentNew.Environment.log][thread_rollouts]: Thread number: 26, Steps performed: 74

[2020-01-31 14:29:38.863125][EnvironmentNew.Environment.log][thread_rollouts]: Thread number: 28

[2020-01-31 14:29:38.863423][EnvironmentNew.Environment.log][thread_rollouts]: Thread number: 29

[2020-01-31 14:29:39.035357][EnvironmentNew.Environment.log][thread_rollouts]: Thread number: 28, Steps performed: 69

[2020-01-31 14:29:39.052857][EnvironmentNew.Environment.log][thread_rollouts]: Thread number: 29, Steps performed: 94

[2020-01-31 14:29:39.054711][__main__.TRPOAgent.log][learning]: Rollouts performed

[2020-01-31 14:29:39.055005][__main__.TRPOAgent.log][batch_info]: Rollout statistics size: 2274, Batch size: 100

[2020-01-31 14:29:39.055235][__main__.TRPOAgent.log][learning]: 

***************
BEGINNING TRAINING
***************



[2020-01-31 14:29:40.855257][__main__.TRPOAgent.log][linesearch]: Linesearch failed. Mean kl divergence: 0.0, Discarded policy loss value: -2.6565563586517912e-11

[2020-01-31 14:29:40.855748][__main__.TRPOAgent.log][batch_info]: Current batch value loss: 0.0007418912525097594

[2020-01-31 14:29:42.203988][__main__.TRPOAgent.log][learning]: Episode #4

[2020-01-31 14:29:42.204348][__main__.TRPOAgent.log][learning]: Performing rollouts: rollout length: 1000

[2020-01-31 14:29:42.204975][EnvironmentNew.Environment.log][thread_rollouts]: Thread number: 1

[2020-01-31 14:29:42.204750][EnvironmentNew.Environment.log][thread_rollouts]: Thread number: 0

[2020-01-31 14:29:42.320922][EnvironmentNew.Environment.log][thread_rollouts]: Thread number: 1, Steps performed: 44

[2020-01-31 14:29:42.356553][EnvironmentNew.Environment.log][thread_rollouts]: Thread number: 0, Steps performed: 73

[2020-01-31 14:29:42.357152][EnvironmentNew.Environment.log][thread_rollouts]: Thread number: 2

[2020-01-31 14:29:42.357370][EnvironmentNew.Environment.log][thread_rollouts]: Thread number: 3

[2020-01-31 14:29:42.490203][EnvironmentNew.Environment.log][thread_rollouts]: Thread number: 3, Steps performed: 48

[2020-01-31 14:29:42.504196][EnvironmentNew.Environment.log][thread_rollouts]: Thread number: 2, Steps performed: 75

[2020-01-31 14:29:42.505192][EnvironmentNew.Environment.log][thread_rollouts]: Thread number: 5

[2020-01-31 14:29:42.504994][EnvironmentNew.Environment.log][thread_rollouts]: Thread number: 4

[2020-01-31 14:29:42.663338][EnvironmentNew.Environment.log][thread_rollouts]: Thread number: 5, Steps performed: 77

[2020-01-31 14:29:42.670943][EnvironmentNew.Environment.log][thread_rollouts]: Thread number: 4, Steps performed: 75

[2020-01-31 14:29:42.671565][EnvironmentNew.Environment.log][thread_rollouts]: Thread number: 6

[2020-01-31 14:29:42.671686][EnvironmentNew.Environment.log][thread_rollouts]: Thread number: 7

[2020-01-31 14:29:42.777278][EnvironmentNew.Environment.log][thread_rollouts]: Thread number: 6, Steps performed: 43

[2020-01-31 14:29:42.826501][EnvironmentNew.Environment.log][thread_rollouts]: Thread number: 7, Steps performed: 76

[2020-01-31 14:29:42.827016][EnvironmentNew.Environment.log][thread_rollouts]: Thread number: 8

[2020-01-31 14:29:42.827331][EnvironmentNew.Environment.log][thread_rollouts]: Thread number: 9

[2020-01-31 14:29:42.989338][EnvironmentNew.Environment.log][thread_rollouts]: Thread number: 9, Steps performed: 70

[2020-01-31 14:29:42.998731][EnvironmentNew.Environment.log][thread_rollouts]: Thread number: 8, Steps performed: 72

[2020-01-31 14:29:42.999456][EnvironmentNew.Environment.log][thread_rollouts]: Thread number: 11

[2020-01-31 14:29:42.999269][EnvironmentNew.Environment.log][thread_rollouts]: Thread number: 10

[2020-01-31 14:29:43.173688][EnvironmentNew.Environment.log][thread_rollouts]: Thread number: 11, Steps performed: 74

[2020-01-31 14:29:43.174356][EnvironmentNew.Environment.log][thread_rollouts]: Thread number: 10, Steps performed: 73

[2020-01-31 14:29:43.175787][EnvironmentNew.Environment.log][thread_rollouts]: Thread number: 13

[2020-01-31 14:29:43.175629][EnvironmentNew.Environment.log][thread_rollouts]: Thread number: 12

[2020-01-31 14:29:43.340768][EnvironmentNew.Environment.log][thread_rollouts]: Thread number: 13, Steps performed: 79

[2020-01-31 14:29:43.351325][EnvironmentNew.Environment.log][thread_rollouts]: Thread number: 12, Steps performed: 77

[2020-01-31 14:29:43.351918][EnvironmentNew.Environment.log][thread_rollouts]: Thread number: 14

[2020-01-31 14:29:43.352074][EnvironmentNew.Environment.log][thread_rollouts]: Thread number: 15

[2020-01-31 14:29:43.455068][EnvironmentNew.Environment.log][thread_rollouts]: Thread number: 15, Steps performed: 46

[2020-01-31 14:29:43.461508][EnvironmentNew.Environment.log][thread_rollouts]: Thread number: 14, Steps performed: 47

[2020-01-31 14:29:43.462116][EnvironmentNew.Environment.log][thread_rollouts]: Thread number: 16

[2020-01-31 14:29:43.462256][EnvironmentNew.Environment.log][thread_rollouts]: Thread number: 17

[2020-01-31 14:29:43.573217][EnvironmentNew.Environment.log][thread_rollouts]: Thread number: 16, Steps performed: 46

[2020-01-31 14:29:43.604236][EnvironmentNew.Environment.log][thread_rollouts]: Thread number: 17, Steps performed: 77

[2020-01-31 14:29:43.605014][EnvironmentNew.Environment.log][thread_rollouts]: Thread number: 19

[2020-01-31 14:29:43.604828][EnvironmentNew.Environment.log][thread_rollouts]: Thread number: 18

[2020-01-31 14:29:43.769047][EnvironmentNew.Environment.log][thread_rollouts]: Thread number: 18, Steps performed: 72

[2020-01-31 14:29:43.779890][EnvironmentNew.Environment.log][thread_rollouts]: Thread number: 19, Steps performed: 75

[2020-01-31 14:29:43.780467][EnvironmentNew.Environment.log][thread_rollouts]: Thread number: 20

[2020-01-31 14:29:43.780631][EnvironmentNew.Environment.log][thread_rollouts]: Thread number: 21

[2020-01-31 14:29:43.938713][EnvironmentNew.Environment.log][thread_rollouts]: Thread number: 21, Steps performed: 73

[2020-01-31 14:29:43.944227][EnvironmentNew.Environment.log][thread_rollouts]: Thread number: 20, Steps performed: 76

[2020-01-31 14:29:43.944732][EnvironmentNew.Environment.log][thread_rollouts]: Thread number: 22

[2020-01-31 14:29:43.944923][EnvironmentNew.Environment.log][thread_rollouts]: Thread number: 23

[2020-01-31 14:29:44.038391][EnvironmentNew.Environment.log][thread_rollouts]: Thread number: 22, Steps performed: 42

[2020-01-31 14:29:44.051979][EnvironmentNew.Environment.log][thread_rollouts]: Thread number: 23, Steps performed: 48

[2020-01-31 14:29:44.052650][EnvironmentNew.Environment.log][thread_rollouts]: Thread number: 24

[2020-01-31 14:29:44.052981][EnvironmentNew.Environment.log][thread_rollouts]: Thread number: 25

[2020-01-31 14:29:44.156406][EnvironmentNew.Environment.log][thread_rollouts]: Thread number: 24, Steps performed: 40

[2020-01-31 14:29:44.162525][EnvironmentNew.Environment.log][thread_rollouts]: Thread number: 25, Steps performed: 48

[2020-01-31 14:29:44.162951][EnvironmentNew.Environment.log][thread_rollouts]: Thread number: 26

[2020-01-31 14:29:44.163093][EnvironmentNew.Environment.log][thread_rollouts]: Thread number: 27

[2020-01-31 14:29:44.323622][EnvironmentNew.Environment.log][thread_rollouts]: Thread number: 27, Steps performed: 71

[2020-01-31 14:29:44.329133][EnvironmentNew.Environment.log][thread_rollouts]: Thread number: 26, Steps performed: 68

[2020-01-31 14:29:44.329711][EnvironmentNew.Environment.log][thread_rollouts]: Thread number: 28

[2020-01-31 14:29:44.329916][EnvironmentNew.Environment.log][thread_rollouts]: Thread number: 29

[2020-01-31 14:29:44.439409][EnvironmentNew.Environment.log][thread_rollouts]: Thread number: 29, Steps performed: 43

[2020-01-31 14:29:44.479908][EnvironmentNew.Environment.log][thread_rollouts]: Thread number: 28, Steps performed: 77

[2020-01-31 14:29:44.482321][__main__.TRPOAgent.log][learning]: Rollouts performed

[2020-01-31 14:29:44.482722][__main__.TRPOAgent.log][batch_info]: Rollout statistics size: 1905, Batch size: 100

[2020-01-31 14:29:44.482994][__main__.TRPOAgent.log][learning]: 

***************
BEGINNING TRAINING
***************



[2020-01-31 14:29:46.375476][__main__.TRPOAgent.log][linesearch]: Linesearch failed. Mean kl divergence: 0.0, Discarded policy loss value: -1.861760917493841e-11

[2020-01-31 14:29:46.375936][__main__.TRPOAgent.log][batch_info]: Current batch value loss: 6.48238060604555e-05

[2020-01-31 14:29:47.457253][__main__.TRPOAgent.log][learning]: Episode #5

[2020-01-31 14:29:47.457613][__main__.TRPOAgent.log][learning]: Performing rollouts: rollout length: 1000

[2020-01-31 14:29:47.458049][EnvironmentNew.Environment.log][thread_rollouts]: Thread number: 0

[2020-01-31 14:29:47.458289][EnvironmentNew.Environment.log][thread_rollouts]: Thread number: 1

[2020-01-31 14:29:47.657963][EnvironmentNew.Environment.log][thread_rollouts]: Thread number: 1, Steps performed: 89

[2020-01-31 14:29:47.666312][EnvironmentNew.Environment.log][thread_rollouts]: Thread number: 0, Steps performed: 88

[2020-01-31 14:29:47.666955][EnvironmentNew.Environment.log][thread_rollouts]: Thread number: 2

[2020-01-31 14:29:47.667220][EnvironmentNew.Environment.log][thread_rollouts]: Thread number: 3

[2020-01-31 14:29:47.799672][EnvironmentNew.Environment.log][thread_rollouts]: Thread number: 3, Steps performed: 54

[2020-01-31 14:29:47.814264][EnvironmentNew.Environment.log][thread_rollouts]: Thread number: 2, Steps performed: 69

[2020-01-31 14:29:47.814772][EnvironmentNew.Environment.log][thread_rollouts]: Thread number: 4

[2020-01-31 14:29:47.814966][EnvironmentNew.Environment.log][thread_rollouts]: Thread number: 5

[2020-01-31 14:29:48.080708][EnvironmentNew.Environment.log][thread_rollouts]: Thread number: 5, Steps performed: 80

[2020-01-31 14:29:48.095064][EnvironmentNew.Environment.log][thread_rollouts]: Thread number: 4, Steps performed: 90

[2020-01-31 14:29:48.095563][EnvironmentNew.Environment.log][thread_rollouts]: Thread number: 6

[2020-01-31 14:29:48.095699][EnvironmentNew.Environment.log][thread_rollouts]: Thread number: 7

[2020-01-31 14:29:48.281010][EnvironmentNew.Environment.log][thread_rollouts]: Thread number: 6, Steps performed: 54

[2020-01-31 14:29:48.300210][EnvironmentNew.Environment.log][thread_rollouts]: Thread number: 7, Steps performed: 78

[2020-01-31 14:29:48.300754][EnvironmentNew.Environment.log][thread_rollouts]: Thread number: 8

[2020-01-31 14:29:48.300899][EnvironmentNew.Environment.log][thread_rollouts]: Thread number: 9

[2020-01-31 14:29:48.533441][EnvironmentNew.Environment.log][thread_rollouts]: Thread number: 8, Steps performed: 82

[2020-01-31 14:29:48.598054][EnvironmentNew.Environment.log][thread_rollouts]: Thread number: 9, Steps performed: 123

[2020-01-31 14:29:48.598595][EnvironmentNew.Environment.log][thread_rollouts]: Thread number: 10

[2020-01-31 14:29:48.598922][EnvironmentNew.Environment.log][thread_rollouts]: Thread number: 11

[2020-01-31 14:29:48.849977][EnvironmentNew.Environment.log][thread_rollouts]: Thread number: 10, Steps performed: 82

[2020-01-31 14:29:48.849823][EnvironmentNew.Environment.log][thread_rollouts]: Thread number: 11, Steps performed: 95

