LOGGER started at 2020-01-29 13:13:51.420889.
Currently active debug channels:
	act
	batch_info
	linesearch
	learning
[2020-01-29 13:13:51.798560][__main__.TRPOAgent.log][learning]: Episode #0

[2020-01-29 13:13:51.996620][__main__.TRPOAgent.log][learning]: Performing rollouts: rollout length: 1500

[2020-01-29 13:13:52.104748][__main__.TRPOAgent.log][learning]: Rollouts performed

[2020-01-29 13:13:52.105890][__main__.TRPOAgent.log][batch_info]: Rollout statistics size: 107, Batch size: 1000, Number of batches: 1

[2020-01-29 13:13:52.106239][__main__.TRPOAgent.log][learning]: 

***************
BEGINNING TRAINING
***************



[2020-01-29 13:13:52.106624][__main__.TRPOAgent.log][batch_info]: Batch #0, batch length: 107

[2020-01-29 13:13:52.661694][__main__.TRPOAgent.log][batch_info]: Current batch value loss: 0.7610119099182863

[2020-01-29 13:13:53.954373][__main__.TRPOAgent.log][learning]: Episode #1

[2020-01-29 13:13:53.955687][__main__.TRPOAgent.log][learning]: Performing rollouts: rollout length: 1500

[2020-01-29 13:13:54.094923][__main__.TRPOAgent.log][learning]: Rollouts performed

[2020-01-29 13:13:54.096650][__main__.TRPOAgent.log][batch_info]: Rollout statistics size: 102, Batch size: 1000, Number of batches: 1

[2020-01-29 13:13:54.097193][__main__.TRPOAgent.log][learning]: 

***************
BEGINNING TRAINING
***************



[2020-01-29 13:13:54.097737][__main__.TRPOAgent.log][batch_info]: Batch #0, batch length: 102

[2020-01-29 13:13:54.448498][__main__.TRPOAgent.log][batch_info]: Current batch value loss: 0.14972258168463845

[2020-01-29 13:13:55.215008][__main__.TRPOAgent.log][learning]: Episode #2

[2020-01-29 13:13:55.215490][__main__.TRPOAgent.log][learning]: Performing rollouts: rollout length: 1500

[2020-01-29 13:13:55.326937][__main__.TRPOAgent.log][learning]: Rollouts performed

[2020-01-29 13:13:55.328072][__main__.TRPOAgent.log][batch_info]: Rollout statistics size: 100, Batch size: 1000, Number of batches: 1

[2020-01-29 13:13:55.328409][__main__.TRPOAgent.log][learning]: 

***************
BEGINNING TRAINING
***************



[2020-01-29 13:13:55.328780][__main__.TRPOAgent.log][batch_info]: Batch #0, batch length: 100

[2020-01-29 13:13:55.667312][__main__.TRPOAgent.log][batch_info]: Current batch value loss: 0.2514730680518338

[2020-01-29 13:13:56.214014][__main__.TRPOAgent.log][learning]: Episode #3

[2020-01-29 13:13:56.214370][__main__.TRPOAgent.log][learning]: Performing rollouts: rollout length: 1500

[2020-01-29 13:13:56.327539][__main__.TRPOAgent.log][learning]: Rollouts performed

[2020-01-29 13:13:56.328868][__main__.TRPOAgent.log][batch_info]: Rollout statistics size: 104, Batch size: 1000, Number of batches: 1

[2020-01-29 13:13:56.329287][__main__.TRPOAgent.log][learning]: 

***************
BEGINNING TRAINING
***************



[2020-01-29 13:13:56.329814][__main__.TRPOAgent.log][batch_info]: Batch #0, batch length: 104

[2020-01-29 13:13:56.658665][__main__.TRPOAgent.log][batch_info]: Current batch value loss: 0.14964059136739777

[2020-01-29 13:13:57.249335][__main__.TRPOAgent.log][learning]: Episode #4

[2020-01-29 13:13:57.249914][__main__.TRPOAgent.log][learning]: Performing rollouts: rollout length: 1500

[2020-01-29 13:13:57.364027][__main__.TRPOAgent.log][learning]: Rollouts performed

[2020-01-29 13:13:57.365307][__main__.TRPOAgent.log][batch_info]: Rollout statistics size: 107, Batch size: 1000, Number of batches: 1

[2020-01-29 13:13:57.365712][__main__.TRPOAgent.log][learning]: 

***************
BEGINNING TRAINING
***************



[2020-01-29 13:13:57.366128][__main__.TRPOAgent.log][batch_info]: Batch #0, batch length: 107

[2020-01-29 13:13:57.707354][__main__.TRPOAgent.log][batch_info]: Current batch value loss: 0.5125440326053173

[2020-01-29 13:13:58.315237][__main__.TRPOAgent.log][learning]: Episode #5

[2020-01-29 13:13:58.315650][__main__.TRPOAgent.log][learning]: Performing rollouts: rollout length: 1500

[2020-01-29 13:13:58.434920][__main__.TRPOAgent.log][learning]: Rollouts performed

[2020-01-29 13:13:58.436250][__main__.TRPOAgent.log][batch_info]: Rollout statistics size: 112, Batch size: 1000, Number of batches: 1

[2020-01-29 13:13:58.436629][__main__.TRPOAgent.log][learning]: 

***************
BEGINNING TRAINING
***************



[2020-01-29 13:13:58.436985][__main__.TRPOAgent.log][batch_info]: Batch #0, batch length: 112

[2020-01-29 13:13:58.779073][__main__.TRPOAgent.log][batch_info]: Current batch value loss: 1.6633627312352084

[2020-01-29 13:13:59.447741][__main__.TRPOAgent.log][learning]: Episode #6

[2020-01-29 13:13:59.448225][__main__.TRPOAgent.log][learning]: Performing rollouts: rollout length: 1500

[2020-01-29 13:13:59.563894][__main__.TRPOAgent.log][learning]: Rollouts performed

[2020-01-29 13:13:59.565088][__main__.TRPOAgent.log][batch_info]: Rollout statistics size: 104, Batch size: 1000, Number of batches: 1

[2020-01-29 13:13:59.565509][__main__.TRPOAgent.log][learning]: 

***************
BEGINNING TRAINING
***************



[2020-01-29 13:13:59.565934][__main__.TRPOAgent.log][batch_info]: Batch #0, batch length: 104

[2020-01-29 13:13:59.909028][__main__.TRPOAgent.log][batch_info]: Current batch value loss: 2.1941299669202774

[2020-01-29 13:14:00.581051][__main__.TRPOAgent.log][learning]: Episode #7

[2020-01-29 13:14:00.581598][__main__.TRPOAgent.log][learning]: Performing rollouts: rollout length: 1500

[2020-01-29 13:14:00.702918][__main__.TRPOAgent.log][learning]: Rollouts performed

[2020-01-29 13:14:00.704178][__main__.TRPOAgent.log][batch_info]: Rollout statistics size: 109, Batch size: 1000, Number of batches: 1

[2020-01-29 13:14:00.704612][__main__.TRPOAgent.log][learning]: 

***************
BEGINNING TRAINING
***************



[2020-01-29 13:14:00.705078][__main__.TRPOAgent.log][batch_info]: Batch #0, batch length: 109

[2020-01-29 13:14:01.036878][__main__.TRPOAgent.log][batch_info]: Current batch value loss: 3.6838627991711217

[2020-01-29 13:14:01.744717][__main__.TRPOAgent.log][learning]: Episode #8

[2020-01-29 13:14:01.745174][__main__.TRPOAgent.log][learning]: Performing rollouts: rollout length: 1500

[2020-01-29 13:14:01.864032][__main__.TRPOAgent.log][learning]: Rollouts performed

[2020-01-29 13:14:01.865203][__main__.TRPOAgent.log][batch_info]: Rollout statistics size: 106, Batch size: 1000, Number of batches: 1

[2020-01-29 13:14:01.865612][__main__.TRPOAgent.log][learning]: 

***************
BEGINNING TRAINING
***************



[2020-01-29 13:14:01.866005][__main__.TRPOAgent.log][batch_info]: Batch #0, batch length: 106

[2020-01-29 13:14:02.203564][__main__.TRPOAgent.log][batch_info]: Current batch value loss: 2.5320967963632013

[2020-01-29 13:14:02.839031][__main__.TRPOAgent.log][learning]: Episode #9

[2020-01-29 13:14:02.839772][__main__.TRPOAgent.log][learning]: Performing rollouts: rollout length: 1500

[2020-01-29 13:14:02.959522][__main__.TRPOAgent.log][learning]: Rollouts performed

[2020-01-29 13:14:02.960666][__main__.TRPOAgent.log][batch_info]: Rollout statistics size: 104, Batch size: 1000, Number of batches: 1

[2020-01-29 13:14:02.961072][__main__.TRPOAgent.log][learning]: 

***************
BEGINNING TRAINING
***************



[2020-01-29 13:14:02.961491][__main__.TRPOAgent.log][batch_info]: Batch #0, batch length: 104

[2020-01-29 13:14:03.294901][__main__.TRPOAgent.log][batch_info]: Current batch value loss: 2.0611103097729098

[2020-01-29 13:14:03.829338][__main__.TRPOAgent.log][learning]: Episode #10

[2020-01-29 13:14:03.829859][__main__.TRPOAgent.log][learning]: Performing rollouts: rollout length: 1500

[2020-01-29 13:14:03.947559][__main__.TRPOAgent.log][learning]: Rollouts performed

[2020-01-29 13:14:03.948687][__main__.TRPOAgent.log][batch_info]: Rollout statistics size: 103, Batch size: 1000, Number of batches: 1

[2020-01-29 13:14:03.949023][__main__.TRPOAgent.log][learning]: 

***************
BEGINNING TRAINING
***************



[2020-01-29 13:14:03.949440][__main__.TRPOAgent.log][batch_info]: Batch #0, batch length: 103

[2020-01-29 13:14:04.281684][__main__.TRPOAgent.log][batch_info]: Current batch value loss: 1.35126594181252

[2020-01-29 13:14:04.813513][__main__.TRPOAgent.log][learning]: Episode #11

[2020-01-29 13:14:04.813949][__main__.TRPOAgent.log][learning]: Performing rollouts: rollout length: 1500

[2020-01-29 13:14:04.926502][__main__.TRPOAgent.log][learning]: Rollouts performed

[2020-01-29 13:14:04.927595][__main__.TRPOAgent.log][batch_info]: Rollout statistics size: 103, Batch size: 1000, Number of batches: 1

[2020-01-29 13:14:04.927918][__main__.TRPOAgent.log][learning]: 

***************
BEGINNING TRAINING
***************



[2020-01-29 13:14:04.928267][__main__.TRPOAgent.log][batch_info]: Batch #0, batch length: 103

[2020-01-29 13:14:05.255801][__main__.TRPOAgent.log][batch_info]: Current batch value loss: 0.115146373151321

[2020-01-29 13:14:05.791470][__main__.TRPOAgent.log][learning]: Episode #12

[2020-01-29 13:14:05.791851][__main__.TRPOAgent.log][learning]: Performing rollouts: rollout length: 1500

[2020-01-29 13:14:05.902772][__main__.TRPOAgent.log][learning]: Rollouts performed

[2020-01-29 13:14:05.904182][__main__.TRPOAgent.log][batch_info]: Rollout statistics size: 102, Batch size: 1000, Number of batches: 1

[2020-01-29 13:14:05.904590][__main__.TRPOAgent.log][learning]: 

***************
BEGINNING TRAINING
***************



[2020-01-29 13:14:05.905065][__main__.TRPOAgent.log][batch_info]: Batch #0, batch length: 102

[2020-01-29 13:14:06.231504][__main__.TRPOAgent.log][batch_info]: Current batch value loss: 0.839116893302893

[2020-01-29 13:14:06.822629][__main__.TRPOAgent.log][learning]: Episode #13

[2020-01-29 13:14:06.823211][__main__.TRPOAgent.log][learning]: Performing rollouts: rollout length: 1500

[2020-01-29 13:14:06.952743][__main__.TRPOAgent.log][learning]: Rollouts performed

[2020-01-29 13:14:06.953916][__main__.TRPOAgent.log][batch_info]: Rollout statistics size: 117, Batch size: 1000, Number of batches: 1

[2020-01-29 13:14:06.954252][__main__.TRPOAgent.log][learning]: 

***************
BEGINNING TRAINING
***************



[2020-01-29 13:14:06.954609][__main__.TRPOAgent.log][batch_info]: Batch #0, batch length: 117

[2020-01-29 13:14:07.294740][__main__.TRPOAgent.log][batch_info]: Current batch value loss: 1.958335551383515

[2020-01-29 13:14:07.903187][__main__.TRPOAgent.log][learning]: Episode #14

[2020-01-29 13:14:07.903719][__main__.TRPOAgent.log][learning]: Performing rollouts: rollout length: 1500

[2020-01-29 13:14:08.017089][__main__.TRPOAgent.log][learning]: Rollouts performed

[2020-01-29 13:14:08.018299][__main__.TRPOAgent.log][batch_info]: Rollout statistics size: 100, Batch size: 1000, Number of batches: 1

[2020-01-29 13:14:08.018710][__main__.TRPOAgent.log][learning]: 

***************
BEGINNING TRAINING
***************



[2020-01-29 13:14:08.019217][__main__.TRPOAgent.log][batch_info]: Batch #0, batch length: 100

[2020-01-29 13:14:08.348034][__main__.TRPOAgent.log][batch_info]: Current batch value loss: 0.9526483711269839

[2020-01-29 13:14:08.967027][__main__.TRPOAgent.log][learning]: Episode #15

[2020-01-29 13:14:08.967532][__main__.TRPOAgent.log][learning]: Performing rollouts: rollout length: 1500

[2020-01-29 13:14:09.094276][__main__.TRPOAgent.log][learning]: Rollouts performed

[2020-01-29 13:14:09.095511][__main__.TRPOAgent.log][batch_info]: Rollout statistics size: 114, Batch size: 1000, Number of batches: 1

[2020-01-29 13:14:09.095927][__main__.TRPOAgent.log][learning]: 

***************
BEGINNING TRAINING
***************



[2020-01-29 13:14:09.096337][__main__.TRPOAgent.log][batch_info]: Batch #0, batch length: 114

[2020-01-29 13:14:09.428602][__main__.TRPOAgent.log][batch_info]: Current batch value loss: 4.130140624106405

[2020-01-29 13:14:10.015749][__main__.TRPOAgent.log][learning]: Episode #16

[2020-01-29 13:14:10.016188][__main__.TRPOAgent.log][learning]: Performing rollouts: rollout length: 1500

[2020-01-29 13:14:10.129590][__main__.TRPOAgent.log][learning]: Rollouts performed

[2020-01-29 13:14:10.130732][__main__.TRPOAgent.log][batch_info]: Rollout statistics size: 103, Batch size: 1000, Number of batches: 1

[2020-01-29 13:14:10.131071][__main__.TRPOAgent.log][learning]: 

***************
BEGINNING TRAINING
***************



[2020-01-29 13:14:10.131470][__main__.TRPOAgent.log][batch_info]: Batch #0, batch length: 103

[2020-01-29 13:14:10.465830][__main__.TRPOAgent.log][batch_info]: Current batch value loss: 0.5875854435311056

[2020-01-29 13:14:11.097729][__main__.TRPOAgent.log][learning]: Episode #17

[2020-01-29 13:14:11.098149][__main__.TRPOAgent.log][learning]: Performing rollouts: rollout length: 1500

[2020-01-29 13:14:11.208571][__main__.TRPOAgent.log][learning]: Rollouts performed

[2020-01-29 13:14:11.209797][__main__.TRPOAgent.log][batch_info]: Rollout statistics size: 102, Batch size: 1000, Number of batches: 1

[2020-01-29 13:14:11.210207][__main__.TRPOAgent.log][learning]: 

***************
BEGINNING TRAINING
***************



[2020-01-29 13:14:11.210645][__main__.TRPOAgent.log][batch_info]: Batch #0, batch length: 102

[2020-01-29 13:14:11.527315][__main__.TRPOAgent.log][batch_info]: Current batch value loss: 0.15210001316141447

[2020-01-29 13:14:12.198136][__main__.TRPOAgent.log][learning]: Episode #18

[2020-01-29 13:14:12.198500][__main__.TRPOAgent.log][learning]: Performing rollouts: rollout length: 1500

[2020-01-29 13:14:12.309063][__main__.TRPOAgent.log][learning]: Rollouts performed

[2020-01-29 13:14:12.310247][__main__.TRPOAgent.log][batch_info]: Rollout statistics size: 102, Batch size: 1000, Number of batches: 1

[2020-01-29 13:14:12.310641][__main__.TRPOAgent.log][learning]: 

***************
BEGINNING TRAINING
***************



[2020-01-29 13:14:12.311039][__main__.TRPOAgent.log][batch_info]: Batch #0, batch length: 102

[2020-01-29 13:14:12.649970][__main__.TRPOAgent.log][batch_info]: Current batch value loss: 2.2114520810051794

[2020-01-29 13:14:13.367184][__main__.TRPOAgent.log][learning]: Episode #19

[2020-01-29 13:14:13.367643][__main__.TRPOAgent.log][learning]: Performing rollouts: rollout length: 1500

[2020-01-29 13:14:13.487221][__main__.TRPOAgent.log][learning]: Rollouts performed

[2020-01-29 13:14:13.488370][__main__.TRPOAgent.log][batch_info]: Rollout statistics size: 113, Batch size: 1000, Number of batches: 1

[2020-01-29 13:14:13.488701][__main__.TRPOAgent.log][learning]: 

***************
BEGINNING TRAINING
***************



[2020-01-29 13:14:13.489214][__main__.TRPOAgent.log][batch_info]: Batch #0, batch length: 113

[2020-01-29 13:14:13.812227][__main__.TRPOAgent.log][batch_info]: Current batch value loss: 0.5037933142304722

[2020-01-29 13:14:14.546301][__main__.TRPOAgent.log][learning]: Episode #20

[2020-01-29 13:14:14.546724][__main__.TRPOAgent.log][learning]: Performing rollouts: rollout length: 1500

[2020-01-29 13:14:14.660642][__main__.TRPOAgent.log][learning]: Rollouts performed

[2020-01-29 13:14:14.661735][__main__.TRPOAgent.log][batch_info]: Rollout statistics size: 104, Batch size: 1000, Number of batches: 1

[2020-01-29 13:14:14.662066][__main__.TRPOAgent.log][learning]: 

***************
BEGINNING TRAINING
***************



[2020-01-29 13:14:14.662383][__main__.TRPOAgent.log][batch_info]: Batch #0, batch length: 104

[2020-01-29 13:14:15.003015][__main__.TRPOAgent.log][batch_info]: Current batch value loss: 1.2822306804200532

[2020-01-29 13:14:15.663543][__main__.TRPOAgent.log][learning]: Episode #21

[2020-01-29 13:14:15.663987][__main__.TRPOAgent.log][learning]: Performing rollouts: rollout length: 1500

[2020-01-29 13:14:15.780214][__main__.TRPOAgent.log][learning]: Rollouts performed

[2020-01-29 13:14:15.781491][__main__.TRPOAgent.log][batch_info]: Rollout statistics size: 105, Batch size: 1000, Number of batches: 1

[2020-01-29 13:14:15.781880][__main__.TRPOAgent.log][learning]: 

***************
BEGINNING TRAINING
***************



[2020-01-29 13:14:15.782284][__main__.TRPOAgent.log][batch_info]: Batch #0, batch length: 105

[2020-01-29 13:14:16.109445][__main__.TRPOAgent.log][batch_info]: Current batch value loss: 1.3011253516126002

[2020-01-29 13:14:16.746885][__main__.TRPOAgent.log][learning]: Episode #22

[2020-01-29 13:14:16.747346][__main__.TRPOAgent.log][learning]: Performing rollouts: rollout length: 1500

[2020-01-29 13:14:16.860646][__main__.TRPOAgent.log][learning]: Rollouts performed

[2020-01-29 13:14:16.861750][__main__.TRPOAgent.log][batch_info]: Rollout statistics size: 107, Batch size: 1000, Number of batches: 1

[2020-01-29 13:14:16.862061][__main__.TRPOAgent.log][learning]: 

***************
BEGINNING TRAINING
***************



[2020-01-29 13:14:16.862391][__main__.TRPOAgent.log][batch_info]: Batch #0, batch length: 107

[2020-01-29 13:14:17.177665][__main__.TRPOAgent.log][batch_info]: Current batch value loss: 1.3689682458146044

[2020-01-29 13:14:17.811098][__main__.TRPOAgent.log][learning]: Episode #23

[2020-01-29 13:14:17.811610][__main__.TRPOAgent.log][learning]: Performing rollouts: rollout length: 1500

[2020-01-29 13:14:17.930777][__main__.TRPOAgent.log][learning]: Rollouts performed

[2020-01-29 13:14:17.931840][__main__.TRPOAgent.log][batch_info]: Rollout statistics size: 111, Batch size: 1000, Number of batches: 1

[2020-01-29 13:14:17.932203][__main__.TRPOAgent.log][learning]: 

***************
BEGINNING TRAINING
***************



[2020-01-29 13:14:17.932628][__main__.TRPOAgent.log][batch_info]: Batch #0, batch length: 111

[2020-01-29 13:14:18.270683][__main__.TRPOAgent.log][batch_info]: Current batch value loss: 1.7627178693183925

[2020-01-29 13:14:18.899153][__main__.TRPOAgent.log][learning]: Episode #24

[2020-01-29 13:14:18.899578][__main__.TRPOAgent.log][learning]: Performing rollouts: rollout length: 1500

[2020-01-29 13:14:19.010136][__main__.TRPOAgent.log][learning]: Rollouts performed

[2020-01-29 13:14:19.011563][__main__.TRPOAgent.log][batch_info]: Rollout statistics size: 101, Batch size: 1000, Number of batches: 1

[2020-01-29 13:14:19.012103][__main__.TRPOAgent.log][learning]: 

***************
BEGINNING TRAINING
***************



[2020-01-29 13:14:19.012656][__main__.TRPOAgent.log][batch_info]: Batch #0, batch length: 101

[2020-01-29 13:14:19.350780][__main__.TRPOAgent.log][batch_info]: Current batch value loss: 0.056853915621793406

[2020-01-29 13:14:19.998903][__main__.TRPOAgent.log][learning]: Episode #25

[2020-01-29 13:14:19.999260][__main__.TRPOAgent.log][learning]: Performing rollouts: rollout length: 1500

[2020-01-29 13:14:20.114580][__main__.TRPOAgent.log][learning]: Rollouts performed

[2020-01-29 13:14:20.115785][__main__.TRPOAgent.log][batch_info]: Rollout statistics size: 104, Batch size: 1000, Number of batches: 1

[2020-01-29 13:14:20.116142][__main__.TRPOAgent.log][learning]: 

***************
BEGINNING TRAINING
***************



[2020-01-29 13:14:20.116629][__main__.TRPOAgent.log][batch_info]: Batch #0, batch length: 104

[2020-01-29 13:14:20.448724][__main__.TRPOAgent.log][batch_info]: Current batch value loss: 1.4622831346753697

[2020-01-29 13:14:21.034787][__main__.TRPOAgent.log][learning]: Episode #26

[2020-01-29 13:14:21.035214][__main__.TRPOAgent.log][learning]: Performing rollouts: rollout length: 1500

[2020-01-29 13:14:21.149453][__main__.TRPOAgent.log][learning]: Rollouts performed

[2020-01-29 13:14:21.150747][__main__.TRPOAgent.log][batch_info]: Rollout statistics size: 105, Batch size: 1000, Number of batches: 1

[2020-01-29 13:14:21.151166][__main__.TRPOAgent.log][learning]: 

***************
BEGINNING TRAINING
***************



[2020-01-29 13:14:21.151605][__main__.TRPOAgent.log][batch_info]: Batch #0, batch length: 105

[2020-01-29 13:14:21.492229][__main__.TRPOAgent.log][batch_info]: Current batch value loss: 0.8763274092328305

[2020-01-29 13:14:22.229629][__main__.TRPOAgent.log][learning]: Episode #27

[2020-01-29 13:14:22.230176][__main__.TRPOAgent.log][learning]: Performing rollouts: rollout length: 1500

[2020-01-29 13:14:22.343165][__main__.TRPOAgent.log][learning]: Rollouts performed

[2020-01-29 13:14:22.344298][__main__.TRPOAgent.log][batch_info]: Rollout statistics size: 101, Batch size: 1000, Number of batches: 1

[2020-01-29 13:14:22.344647][__main__.TRPOAgent.log][learning]: 

***************
BEGINNING TRAINING
***************



[2020-01-29 13:14:22.344968][__main__.TRPOAgent.log][batch_info]: Batch #0, batch length: 101

[2020-01-29 13:14:22.660857][__main__.TRPOAgent.log][batch_info]: Current batch value loss: 0.5223281512908305

[2020-01-29 13:14:23.330106][__main__.TRPOAgent.log][learning]: Episode #28

[2020-01-29 13:14:23.330536][__main__.TRPOAgent.log][learning]: Performing rollouts: rollout length: 1500

[2020-01-29 13:14:23.444016][__main__.TRPOAgent.log][learning]: Rollouts performed

[2020-01-29 13:14:23.445288][__main__.TRPOAgent.log][batch_info]: Rollout statistics size: 103, Batch size: 1000, Number of batches: 1

[2020-01-29 13:14:23.445684][__main__.TRPOAgent.log][learning]: 

***************
BEGINNING TRAINING
***************



[2020-01-29 13:14:23.446108][__main__.TRPOAgent.log][batch_info]: Batch #0, batch length: 103

[2020-01-29 13:14:23.778346][__main__.TRPOAgent.log][batch_info]: Current batch value loss: 0.10928118456007993

[2020-01-29 13:14:24.449526][__main__.TRPOAgent.log][learning]: Episode #29

[2020-01-29 13:14:24.449891][__main__.TRPOAgent.log][learning]: Performing rollouts: rollout length: 1500

[2020-01-29 13:14:24.563941][__main__.TRPOAgent.log][learning]: Rollouts performed

[2020-01-29 13:14:24.565088][__main__.TRPOAgent.log][batch_info]: Rollout statistics size: 107, Batch size: 1000, Number of batches: 1

[2020-01-29 13:14:24.565443][__main__.TRPOAgent.log][learning]: 

***************
BEGINNING TRAINING
***************



[2020-01-29 13:14:24.565802][__main__.TRPOAgent.log][batch_info]: Batch #0, batch length: 107

[2020-01-29 13:14:24.906652][__main__.TRPOAgent.log][batch_info]: Current batch value loss: 0.7863419908573513

[2020-01-29 13:14:25.516642][__main__.TRPOAgent.log][learning]: Episode #30

[2020-01-29 13:14:25.516995][__main__.TRPOAgent.log][learning]: Performing rollouts: rollout length: 1500

[2020-01-29 13:14:25.636991][__main__.TRPOAgent.log][learning]: Rollouts performed

[2020-01-29 13:14:25.638277][__main__.TRPOAgent.log][batch_info]: Rollout statistics size: 109, Batch size: 1000, Number of batches: 1

[2020-01-29 13:14:25.638680][__main__.TRPOAgent.log][learning]: 

***************
BEGINNING TRAINING
***************



[2020-01-29 13:14:25.639246][__main__.TRPOAgent.log][batch_info]: Batch #0, batch length: 109

[2020-01-29 13:14:25.980010][__main__.TRPOAgent.log][batch_info]: Current batch value loss: 2.3961835481465283

[2020-01-29 13:14:26.667521][__main__.TRPOAgent.log][learning]: Episode #31

[2020-01-29 13:14:26.668095][__main__.TRPOAgent.log][learning]: Performing rollouts: rollout length: 1500

[2020-01-29 13:14:26.786443][__main__.TRPOAgent.log][learning]: Rollouts performed

[2020-01-29 13:14:26.787648][__main__.TRPOAgent.log][batch_info]: Rollout statistics size: 104, Batch size: 1000, Number of batches: 1

[2020-01-29 13:14:26.788046][__main__.TRPOAgent.log][learning]: 

***************
BEGINNING TRAINING
***************



[2020-01-29 13:14:26.788470][__main__.TRPOAgent.log][batch_info]: Batch #0, batch length: 104

[2020-01-29 13:14:27.119404][__main__.TRPOAgent.log][batch_info]: Current batch value loss: 0.8609220910567064

[2020-01-29 13:14:27.916337][__main__.TRPOAgent.log][learning]: Episode #32

[2020-01-29 13:14:27.916733][__main__.TRPOAgent.log][learning]: Performing rollouts: rollout length: 1500

[2020-01-29 13:14:28.034125][__main__.TRPOAgent.log][learning]: Rollouts performed

[2020-01-29 13:14:28.035388][__main__.TRPOAgent.log][batch_info]: Rollout statistics size: 104, Batch size: 1000, Number of batches: 1

[2020-01-29 13:14:28.035781][__main__.TRPOAgent.log][learning]: 

***************
BEGINNING TRAINING
***************



[2020-01-29 13:14:28.036186][__main__.TRPOAgent.log][batch_info]: Batch #0, batch length: 104

[2020-01-29 13:14:28.369964][__main__.TRPOAgent.log][batch_info]: Current batch value loss: 0.21057837137718358

[2020-01-29 13:14:29.086362][__main__.TRPOAgent.log][learning]: Episode #33

[2020-01-29 13:14:29.087019][__main__.TRPOAgent.log][learning]: Performing rollouts: rollout length: 1500

[2020-01-29 13:14:29.201387][__main__.TRPOAgent.log][learning]: Rollouts performed

[2020-01-29 13:14:29.202521][__main__.TRPOAgent.log][batch_info]: Rollout statistics size: 101, Batch size: 1000, Number of batches: 1

[2020-01-29 13:14:29.202860][__main__.TRPOAgent.log][learning]: 

***************
BEGINNING TRAINING
***************



[2020-01-29 13:14:29.203311][__main__.TRPOAgent.log][batch_info]: Batch #0, batch length: 101

[2020-01-29 13:14:29.531023][__main__.TRPOAgent.log][batch_info]: Current batch value loss: 0.4668036168078099

[2020-01-29 13:14:30.223404][__main__.TRPOAgent.log][learning]: Episode #34

[2020-01-29 13:14:30.224118][__main__.TRPOAgent.log][learning]: Performing rollouts: rollout length: 1500

[2020-01-29 13:14:30.349009][__main__.TRPOAgent.log][learning]: Rollouts performed

[2020-01-29 13:14:30.350192][__main__.TRPOAgent.log][batch_info]: Rollout statistics size: 110, Batch size: 1000, Number of batches: 1

[2020-01-29 13:14:30.350584][__main__.TRPOAgent.log][learning]: 

***************
BEGINNING TRAINING
***************



[2020-01-29 13:14:30.350989][__main__.TRPOAgent.log][batch_info]: Batch #0, batch length: 110

[2020-01-29 13:14:30.690149][__main__.TRPOAgent.log][batch_info]: Current batch value loss: 1.0547332346103013

[2020-01-29 13:14:31.315147][__main__.TRPOAgent.log][learning]: Episode #35

[2020-01-29 13:14:31.315560][__main__.TRPOAgent.log][learning]: Performing rollouts: rollout length: 1500

[2020-01-29 13:14:31.426171][__main__.TRPOAgent.log][learning]: Rollouts performed

[2020-01-29 13:14:31.427420][__main__.TRPOAgent.log][batch_info]: Rollout statistics size: 103, Batch size: 1000, Number of batches: 1

[2020-01-29 13:14:31.427819][__main__.TRPOAgent.log][learning]: 

***************
BEGINNING TRAINING
***************



[2020-01-29 13:14:31.428263][__main__.TRPOAgent.log][batch_info]: Batch #0, batch length: 103

[2020-01-29 13:14:31.751692][__main__.TRPOAgent.log][batch_info]: Current batch value loss: 1.5205432642701762

[2020-01-29 13:14:32.560830][__main__.TRPOAgent.log][learning]: Episode #36

[2020-01-29 13:14:32.561353][__main__.TRPOAgent.log][learning]: Performing rollouts: rollout length: 1500

[2020-01-29 13:14:32.677400][__main__.TRPOAgent.log][learning]: Rollouts performed

[2020-01-29 13:14:32.678708][__main__.TRPOAgent.log][batch_info]: Rollout statistics size: 109, Batch size: 1000, Number of batches: 1

[2020-01-29 13:14:32.679117][__main__.TRPOAgent.log][learning]: 

***************
BEGINNING TRAINING
***************



[2020-01-29 13:14:32.679524][__main__.TRPOAgent.log][batch_info]: Batch #0, batch length: 109

[2020-01-29 13:14:33.013644][__main__.TRPOAgent.log][batch_info]: Current batch value loss: 0.326886510415392

[2020-01-29 13:14:33.719301][__main__.TRPOAgent.log][learning]: Episode #37

[2020-01-29 13:14:33.719704][__main__.TRPOAgent.log][learning]: Performing rollouts: rollout length: 1500

[2020-01-29 13:14:33.843308][__main__.TRPOAgent.log][learning]: Rollouts performed

[2020-01-29 13:14:33.844444][__main__.TRPOAgent.log][batch_info]: Rollout statistics size: 110, Batch size: 1000, Number of batches: 1

[2020-01-29 13:14:33.844779][__main__.TRPOAgent.log][learning]: 

***************
BEGINNING TRAINING
***************



[2020-01-29 13:14:33.845132][__main__.TRPOAgent.log][batch_info]: Batch #0, batch length: 110

[2020-01-29 13:14:34.176788][__main__.TRPOAgent.log][batch_info]: Current batch value loss: 0.8790064591311834

[2020-01-29 13:14:34.818148][__main__.TRPOAgent.log][learning]: Episode #38

[2020-01-29 13:14:34.818568][__main__.TRPOAgent.log][learning]: Performing rollouts: rollout length: 1500

[2020-01-29 13:14:34.935515][__main__.TRPOAgent.log][learning]: Rollouts performed

[2020-01-29 13:14:34.936692][__main__.TRPOAgent.log][batch_info]: Rollout statistics size: 103, Batch size: 1000, Number of batches: 1

[2020-01-29 13:14:34.937085][__main__.TRPOAgent.log][learning]: 

***************
BEGINNING TRAINING
***************



[2020-01-29 13:14:34.937550][__main__.TRPOAgent.log][batch_info]: Batch #0, batch length: 103

[2020-01-29 13:14:35.269703][__main__.TRPOAgent.log][batch_info]: Current batch value loss: 0.1693407012440306

[2020-01-29 13:14:35.985384][__main__.TRPOAgent.log][learning]: Episode #39

[2020-01-29 13:14:35.985752][__main__.TRPOAgent.log][learning]: Performing rollouts: rollout length: 1500

[2020-01-29 13:14:36.092711][__main__.TRPOAgent.log][learning]: Rollouts performed

[2020-01-29 13:14:36.094087][__main__.TRPOAgent.log][batch_info]: Rollout statistics size: 101, Batch size: 1000, Number of batches: 1

[2020-01-29 13:14:36.094579][__main__.TRPOAgent.log][learning]: 

***************
BEGINNING TRAINING
***************



[2020-01-29 13:14:36.095098][__main__.TRPOAgent.log][batch_info]: Batch #0, batch length: 101

[2020-01-29 13:14:36.436550][__main__.TRPOAgent.log][batch_info]: Current batch value loss: 1.044487296975212

[2020-01-29 13:14:37.170127][__main__.TRPOAgent.log][learning]: Episode #40

[2020-01-29 13:14:37.170627][__main__.TRPOAgent.log][learning]: Performing rollouts: rollout length: 1500

[2020-01-29 13:14:37.289832][__main__.TRPOAgent.log][learning]: Rollouts performed

[2020-01-29 13:14:37.291019][__main__.TRPOAgent.log][batch_info]: Rollout statistics size: 109, Batch size: 1000, Number of batches: 1

[2020-01-29 13:14:37.291334][__main__.TRPOAgent.log][learning]: 

***************
BEGINNING TRAINING
***************



[2020-01-29 13:14:37.291805][__main__.TRPOAgent.log][batch_info]: Batch #0, batch length: 109

[2020-01-29 13:14:37.626503][__main__.TRPOAgent.log][batch_info]: Current batch value loss: 1.0928022851455912

[2020-01-29 13:14:38.361975][__main__.TRPOAgent.log][learning]: Episode #41

[2020-01-29 13:14:38.362454][__main__.TRPOAgent.log][learning]: Performing rollouts: rollout length: 1500

[2020-01-29 13:14:38.480243][__main__.TRPOAgent.log][learning]: Rollouts performed

[2020-01-29 13:14:38.481418][__main__.TRPOAgent.log][batch_info]: Rollout statistics size: 108, Batch size: 1000, Number of batches: 1

[2020-01-29 13:14:38.481771][__main__.TRPOAgent.log][learning]: 

***************
BEGINNING TRAINING
***************



[2020-01-29 13:14:38.482114][__main__.TRPOAgent.log][batch_info]: Batch #0, batch length: 108

[2020-01-29 13:14:38.823170][__main__.TRPOAgent.log][batch_info]: Current batch value loss: 0.9100452438868969

[2020-01-29 13:14:39.654735][__main__.TRPOAgent.log][learning]: Episode #42

[2020-01-29 13:14:39.655199][__main__.TRPOAgent.log][learning]: Performing rollouts: rollout length: 1500

[2020-01-29 13:14:39.773033][__main__.TRPOAgent.log][learning]: Rollouts performed

[2020-01-29 13:14:39.774567][__main__.TRPOAgent.log][batch_info]: Rollout statistics size: 102, Batch size: 1000, Number of batches: 1

[2020-01-29 13:14:39.774923][__main__.TRPOAgent.log][learning]: 

***************
BEGINNING TRAINING
***************



[2020-01-29 13:14:39.775281][__main__.TRPOAgent.log][batch_info]: Batch #0, batch length: 102

[2020-01-29 13:14:40.093949][__main__.TRPOAgent.log][batch_info]: Current batch value loss: 1.1883140749668397

[2020-01-29 13:14:40.817319][__main__.TRPOAgent.log][learning]: Episode #43

[2020-01-29 13:14:40.818079][__main__.TRPOAgent.log][learning]: Performing rollouts: rollout length: 1500

[2020-01-29 13:14:40.936084][__main__.TRPOAgent.log][learning]: Rollouts performed

[2020-01-29 13:14:40.937223][__main__.TRPOAgent.log][batch_info]: Rollout statistics size: 108, Batch size: 1000, Number of batches: 1

[2020-01-29 13:14:40.937610][__main__.TRPOAgent.log][learning]: 

***************
BEGINNING TRAINING
***************



[2020-01-29 13:14:40.937997][__main__.TRPOAgent.log][batch_info]: Batch #0, batch length: 108

[2020-01-29 13:14:41.279789][__main__.TRPOAgent.log][batch_info]: Current batch value loss: 1.0981937983392358

[2020-01-29 13:14:41.946797][__main__.TRPOAgent.log][learning]: Episode #44

[2020-01-29 13:14:41.947215][__main__.TRPOAgent.log][learning]: Performing rollouts: rollout length: 1500

[2020-01-29 13:14:42.059062][__main__.TRPOAgent.log][learning]: Rollouts performed

[2020-01-29 13:14:42.060156][__main__.TRPOAgent.log][batch_info]: Rollout statistics size: 105, Batch size: 1000, Number of batches: 1

[2020-01-29 13:14:42.060470][__main__.TRPOAgent.log][learning]: 

***************
BEGINNING TRAINING
***************



[2020-01-29 13:14:42.060938][__main__.TRPOAgent.log][batch_info]: Batch #0, batch length: 105

[2020-01-29 13:14:42.393459][__main__.TRPOAgent.log][batch_info]: Current batch value loss: 0.7831874713643282

[2020-01-29 13:14:43.201211][__main__.TRPOAgent.log][learning]: Episode #45

[2020-01-29 13:14:43.201933][__main__.TRPOAgent.log][learning]: Performing rollouts: rollout length: 1500

[2020-01-29 13:14:43.320226][__main__.TRPOAgent.log][learning]: Rollouts performed

[2020-01-29 13:14:43.321635][__main__.TRPOAgent.log][batch_info]: Rollout statistics size: 102, Batch size: 1000, Number of batches: 1

[2020-01-29 13:14:43.322157][__main__.TRPOAgent.log][learning]: 

***************
BEGINNING TRAINING
***************



[2020-01-29 13:14:43.322707][__main__.TRPOAgent.log][batch_info]: Batch #0, batch length: 102

[2020-01-29 13:14:43.660048][__main__.TRPOAgent.log][batch_info]: Current batch value loss: 2.221616802797821

[2020-01-29 13:14:44.444160][__main__.TRPOAgent.log][learning]: Episode #46

[2020-01-29 13:14:44.444743][__main__.TRPOAgent.log][learning]: Performing rollouts: rollout length: 1500

[2020-01-29 13:14:44.568659][__main__.TRPOAgent.log][learning]: Rollouts performed

[2020-01-29 13:14:44.570167][__main__.TRPOAgent.log][batch_info]: Rollout statistics size: 112, Batch size: 1000, Number of batches: 1

[2020-01-29 13:14:44.570687][__main__.TRPOAgent.log][learning]: 

***************
BEGINNING TRAINING
***************



[2020-01-29 13:14:44.571246][__main__.TRPOAgent.log][batch_info]: Batch #0, batch length: 112

[2020-01-29 13:14:44.913890][__main__.TRPOAgent.log][batch_info]: Current batch value loss: 0.9558912145701421

[2020-01-29 13:14:45.613401][__main__.TRPOAgent.log][learning]: Episode #47

[2020-01-29 13:14:45.614096][__main__.TRPOAgent.log][learning]: Performing rollouts: rollout length: 1500

[2020-01-29 13:14:45.730796][__main__.TRPOAgent.log][learning]: Rollouts performed

[2020-01-29 13:14:45.731941][__main__.TRPOAgent.log][batch_info]: Rollout statistics size: 107, Batch size: 1000, Number of batches: 1

[2020-01-29 13:14:45.732283][__main__.TRPOAgent.log][learning]: 

***************
BEGINNING TRAINING
***************



[2020-01-29 13:14:45.732648][__main__.TRPOAgent.log][batch_info]: Batch #0, batch length: 107

[2020-01-29 13:14:46.071622][__main__.TRPOAgent.log][batch_info]: Current batch value loss: 1.1116980463465356

[2020-01-29 13:14:46.855354][__main__.TRPOAgent.log][learning]: Episode #48

[2020-01-29 13:14:46.855834][__main__.TRPOAgent.log][learning]: Performing rollouts: rollout length: 1500

[2020-01-29 13:14:46.972277][__main__.TRPOAgent.log][learning]: Rollouts performed

[2020-01-29 13:14:46.973439][__main__.TRPOAgent.log][batch_info]: Rollout statistics size: 106, Batch size: 1000, Number of batches: 1

[2020-01-29 13:14:46.973866][__main__.TRPOAgent.log][learning]: 

***************
BEGINNING TRAINING
***************



[2020-01-29 13:14:46.974302][__main__.TRPOAgent.log][batch_info]: Batch #0, batch length: 106

[2020-01-29 13:14:47.310785][__main__.TRPOAgent.log][batch_info]: Current batch value loss: 0.3660712577014083

[2020-01-29 13:14:48.166045][__main__.TRPOAgent.log][learning]: Episode #49

[2020-01-29 13:14:48.166479][__main__.TRPOAgent.log][learning]: Performing rollouts: rollout length: 1500

[2020-01-29 13:14:48.288238][__main__.TRPOAgent.log][learning]: Rollouts performed

[2020-01-29 13:14:48.289667][__main__.TRPOAgent.log][batch_info]: Rollout statistics size: 109, Batch size: 1000, Number of batches: 1

[2020-01-29 13:14:48.290195][__main__.TRPOAgent.log][learning]: 

***************
BEGINNING TRAINING
***************



[2020-01-29 13:14:48.290766][__main__.TRPOAgent.log][batch_info]: Batch #0, batch length: 109

[2020-01-29 13:14:48.617652][__main__.TRPOAgent.log][batch_info]: Current batch value loss: 0.7745810252724593

[2020-01-29 13:14:49.330398][__main__.TRPOAgent.log][learning]: Episode #50

[2020-01-29 13:14:49.330860][__main__.TRPOAgent.log][learning]: Performing rollouts: rollout length: 1500

[2020-01-29 13:14:49.447768][__main__.TRPOAgent.log][learning]: Rollouts performed

[2020-01-29 13:14:49.449032][__main__.TRPOAgent.log][batch_info]: Rollout statistics size: 106, Batch size: 1000, Number of batches: 1

[2020-01-29 13:14:49.449439][__main__.TRPOAgent.log][learning]: 

***************
BEGINNING TRAINING
***************



[2020-01-29 13:14:49.449894][__main__.TRPOAgent.log][batch_info]: Batch #0, batch length: 106

[2020-01-29 13:14:49.833676][__main__.TRPOAgent.log][batch_info]: Current batch value loss: 0.2626477653482798

[2020-01-29 13:14:50.805538][__main__.TRPOAgent.log][learning]: Episode #51

[2020-01-29 13:14:50.806020][__main__.TRPOAgent.log][learning]: Performing rollouts: rollout length: 1500

[2020-01-29 13:14:50.967123][__main__.TRPOAgent.log][learning]: Rollouts performed

[2020-01-29 13:14:50.968998][__main__.TRPOAgent.log][batch_info]: Rollout statistics size: 104, Batch size: 1000, Number of batches: 1

[2020-01-29 13:14:50.969616][__main__.TRPOAgent.log][learning]: 

***************
BEGINNING TRAINING
***************



[2020-01-29 13:14:50.970138][__main__.TRPOAgent.log][batch_info]: Batch #0, batch length: 104

[2020-01-29 13:14:51.338946][__main__.TRPOAgent.log][batch_info]: Current batch value loss: 0.7588296770726248

[2020-01-29 13:14:52.274578][__main__.TRPOAgent.log][learning]: Episode #52

[2020-01-29 13:14:52.275432][__main__.TRPOAgent.log][learning]: Performing rollouts: rollout length: 1500

[2020-01-29 13:14:52.399631][__main__.TRPOAgent.log][learning]: Rollouts performed

[2020-01-29 13:14:52.400895][__main__.TRPOAgent.log][batch_info]: Rollout statistics size: 104, Batch size: 1000, Number of batches: 1

[2020-01-29 13:14:52.401305][__main__.TRPOAgent.log][learning]: 

***************
BEGINNING TRAINING
***************



[2020-01-29 13:14:52.401695][__main__.TRPOAgent.log][batch_info]: Batch #0, batch length: 104

[2020-01-29 13:14:52.735951][__main__.TRPOAgent.log][batch_info]: Current batch value loss: 1.0908539089566778

[2020-01-29 13:14:53.496410][__main__.TRPOAgent.log][learning]: Episode #53

[2020-01-29 13:14:53.496810][__main__.TRPOAgent.log][learning]: Performing rollouts: rollout length: 1500

[2020-01-29 13:14:53.637270][__main__.TRPOAgent.log][learning]: Rollouts performed

[2020-01-29 13:14:53.638422][__main__.TRPOAgent.log][batch_info]: Rollout statistics size: 103, Batch size: 1000, Number of batches: 1

[2020-01-29 13:14:53.638792][__main__.TRPOAgent.log][learning]: 

***************
BEGINNING TRAINING
***************



[2020-01-29 13:14:53.639163][__main__.TRPOAgent.log][batch_info]: Batch #0, batch length: 103

[2020-01-29 13:14:54.034406][__main__.TRPOAgent.log][batch_info]: Current batch value loss: 0.13951769161170338

[2020-01-29 13:14:54.853588][__main__.TRPOAgent.log][learning]: Episode #54

[2020-01-29 13:14:54.853940][__main__.TRPOAgent.log][learning]: Performing rollouts: rollout length: 1500

[2020-01-29 13:14:54.967957][__main__.TRPOAgent.log][learning]: Rollouts performed

[2020-01-29 13:14:54.969148][__main__.TRPOAgent.log][batch_info]: Rollout statistics size: 103, Batch size: 1000, Number of batches: 1

[2020-01-29 13:14:54.969482][__main__.TRPOAgent.log][learning]: 

***************
BEGINNING TRAINING
***************



[2020-01-29 13:14:54.969937][__main__.TRPOAgent.log][batch_info]: Batch #0, batch length: 103

[2020-01-29 13:14:55.330286][__main__.TRPOAgent.log][batch_info]: Current batch value loss: 1.3674539112504946

[2020-01-29 13:14:56.136749][__main__.TRPOAgent.log][learning]: Episode #55

[2020-01-29 13:14:56.137187][__main__.TRPOAgent.log][learning]: Performing rollouts: rollout length: 1500

[2020-01-29 13:14:56.255055][__main__.TRPOAgent.log][learning]: Rollouts performed

[2020-01-29 13:14:56.256261][__main__.TRPOAgent.log][batch_info]: Rollout statistics size: 103, Batch size: 1000, Number of batches: 1

[2020-01-29 13:14:56.256633][__main__.TRPOAgent.log][learning]: 

***************
BEGINNING TRAINING
***************



[2020-01-29 13:14:56.257033][__main__.TRPOAgent.log][batch_info]: Batch #0, batch length: 103

[2020-01-29 13:14:56.587828][__main__.TRPOAgent.log][batch_info]: Current batch value loss: 0.09657573706678191

[2020-01-29 13:14:57.451872][__main__.TRPOAgent.log][learning]: Episode #56

[2020-01-29 13:14:57.452313][__main__.TRPOAgent.log][learning]: Performing rollouts: rollout length: 1500

[2020-01-29 13:14:57.587001][__main__.TRPOAgent.log][learning]: Rollouts performed

[2020-01-29 13:14:57.588417][__main__.TRPOAgent.log][batch_info]: Rollout statistics size: 102, Batch size: 1000, Number of batches: 1

[2020-01-29 13:14:57.588813][__main__.TRPOAgent.log][learning]: 

***************
BEGINNING TRAINING
***************



[2020-01-29 13:14:57.589242][__main__.TRPOAgent.log][batch_info]: Batch #0, batch length: 102

[2020-01-29 13:14:57.935465][__main__.TRPOAgent.log][batch_info]: Current batch value loss: 0.5838268135043008

[2020-01-29 13:14:58.772254][__main__.TRPOAgent.log][learning]: Episode #57

[2020-01-29 13:14:58.772922][__main__.TRPOAgent.log][learning]: Performing rollouts: rollout length: 1500

[2020-01-29 13:14:58.918046][__main__.TRPOAgent.log][learning]: Rollouts performed

[2020-01-29 13:14:58.919254][__main__.TRPOAgent.log][batch_info]: Rollout statistics size: 109, Batch size: 1000, Number of batches: 1

[2020-01-29 13:14:58.919658][__main__.TRPOAgent.log][learning]: 

***************
BEGINNING TRAINING
***************



[2020-01-29 13:14:58.920153][__main__.TRPOAgent.log][batch_info]: Batch #0, batch length: 109

[2020-01-29 13:14:59.342185][__main__.TRPOAgent.log][batch_info]: Current batch value loss: 0.6615730369555606

[2020-01-29 13:15:00.272292][__main__.TRPOAgent.log][learning]: Episode #58

[2020-01-29 13:15:00.272708][__main__.TRPOAgent.log][learning]: Performing rollouts: rollout length: 1500

[2020-01-29 13:15:00.415443][__main__.TRPOAgent.log][learning]: Rollouts performed

[2020-01-29 13:15:00.417289][__main__.TRPOAgent.log][batch_info]: Rollout statistics size: 105, Batch size: 1000, Number of batches: 1

[2020-01-29 13:15:00.417883][__main__.TRPOAgent.log][learning]: 

***************
BEGINNING TRAINING
***************



[2020-01-29 13:15:00.418495][__main__.TRPOAgent.log][batch_info]: Batch #0, batch length: 105

[2020-01-29 13:15:00.842322][__main__.TRPOAgent.log][batch_info]: Current batch value loss: 1.4548080035411874

[2020-01-29 13:15:01.738979][__main__.TRPOAgent.log][learning]: Episode #59

[2020-01-29 13:15:01.739338][__main__.TRPOAgent.log][learning]: Performing rollouts: rollout length: 1500

[2020-01-29 13:15:01.863400][__main__.TRPOAgent.log][learning]: Rollouts performed

[2020-01-29 13:15:01.864667][__main__.TRPOAgent.log][batch_info]: Rollout statistics size: 106, Batch size: 1000, Number of batches: 1

[2020-01-29 13:15:01.865050][__main__.TRPOAgent.log][learning]: 

***************
BEGINNING TRAINING
***************



[2020-01-29 13:15:01.865470][__main__.TRPOAgent.log][batch_info]: Batch #0, batch length: 106

[2020-01-29 13:15:02.280924][__main__.TRPOAgent.log][batch_info]: Current batch value loss: 0.44585556071004523

[2020-01-29 13:15:03.166563][__main__.TRPOAgent.log][learning]: Episode #60

[2020-01-29 13:15:03.167347][__main__.TRPOAgent.log][learning]: Performing rollouts: rollout length: 1500

[2020-01-29 13:15:03.294657][__main__.TRPOAgent.log][learning]: Rollouts performed

[2020-01-29 13:15:03.295881][__main__.TRPOAgent.log][batch_info]: Rollout statistics size: 112, Batch size: 1000, Number of batches: 1

[2020-01-29 13:15:03.296296][__main__.TRPOAgent.log][learning]: 

***************
BEGINNING TRAINING
***************



[2020-01-29 13:15:03.296692][__main__.TRPOAgent.log][batch_info]: Batch #0, batch length: 112

[2020-01-29 13:15:03.643354][__main__.TRPOAgent.log][batch_info]: Current batch value loss: 1.640882000344001

[2020-01-29 13:15:04.535950][__main__.TRPOAgent.log][learning]: Episode #61

[2020-01-29 13:15:04.536369][__main__.TRPOAgent.log][learning]: Performing rollouts: rollout length: 1500

[2020-01-29 13:15:04.655733][__main__.TRPOAgent.log][learning]: Rollouts performed

[2020-01-29 13:15:04.657028][__main__.TRPOAgent.log][batch_info]: Rollout statistics size: 103, Batch size: 1000, Number of batches: 1

[2020-01-29 13:15:04.657452][__main__.TRPOAgent.log][learning]: 

***************
BEGINNING TRAINING
***************



[2020-01-29 13:15:04.657830][__main__.TRPOAgent.log][batch_info]: Batch #0, batch length: 103

[2020-01-29 13:15:04.983516][__main__.TRPOAgent.log][batch_info]: Current batch value loss: 0.7204431106287108

[2020-01-29 13:15:05.953096][__main__.TRPOAgent.log][learning]: Episode #62

[2020-01-29 13:15:05.953651][__main__.TRPOAgent.log][learning]: Performing rollouts: rollout length: 1500

[2020-01-29 13:15:06.066175][__main__.TRPOAgent.log][learning]: Rollouts performed

[2020-01-29 13:15:06.067297][__main__.TRPOAgent.log][batch_info]: Rollout statistics size: 102, Batch size: 1000, Number of batches: 1

[2020-01-29 13:15:06.067632][__main__.TRPOAgent.log][learning]: 

***************
BEGINNING TRAINING
***************



[2020-01-29 13:15:06.068027][__main__.TRPOAgent.log][batch_info]: Batch #0, batch length: 102

[2020-01-29 13:15:06.391658][__main__.TRPOAgent.log][batch_info]: Current batch value loss: 0.11079369961738599

[2020-01-29 13:15:07.275812][__main__.TRPOAgent.log][learning]: Episode #63

[2020-01-29 13:15:07.276276][__main__.TRPOAgent.log][learning]: Performing rollouts: rollout length: 1500

