LOGGER started at 2020-01-29 16:54:05.719655.
Currently active debug channels:
	act
	batch_info
	linesearch
	learning
[2020-01-29 16:54:06.133590][__main__.TRPOAgent.log][learning]: Episode #0

[2020-01-29 16:54:06.337827][__main__.TRPOAgent.log][learning]: Performing rollouts: rollout length: 1500

[2020-01-29 16:54:06.682130][__main__.TRPOAgent.log][learning]: Rollouts performed

[2020-01-29 16:54:06.683607][__main__.TRPOAgent.log][batch_info]: Rollout statistics size: 309, Batch size: 100, Number of batches: 1

[2020-01-29 16:54:06.684033][__main__.TRPOAgent.log][learning]: 

***************
BEGINNING TRAINING
***************



[2020-01-29 16:54:06.684540][__main__.TRPOAgent.log][batch_info]: Batch #0, batch length: 309

[2020-01-29 16:54:07.085838][__main__.TRPOAgent.log][batch_info]: Current batch value loss: 0.6246555579393822

[2020-01-29 16:54:08.271350][__main__.TRPOAgent.log][learning]: Episode #1

[2020-01-29 16:54:08.272709][__main__.TRPOAgent.log][batch_info]: Rollout statistics size: 309, Batch size: 100, Number of batches: 1

[2020-01-29 16:54:08.273316][__main__.TRPOAgent.log][learning]: 

***************
BEGINNING TRAINING
***************



[2020-01-29 16:54:08.274174][__main__.TRPOAgent.log][batch_info]: Batch #0, batch length: 309

[2020-01-29 16:54:08.478965][__main__.TRPOAgent.log][batch_info]: Current batch value loss: 0.339062231961254

[2020-01-29 16:54:09.267481][__main__.TRPOAgent.log][learning]: Episode #2

[2020-01-29 16:54:09.268309][__main__.TRPOAgent.log][batch_info]: Rollout statistics size: 309, Batch size: 100, Number of batches: 1

[2020-01-29 16:54:09.268926][__main__.TRPOAgent.log][learning]: 

***************
BEGINNING TRAINING
***************



[2020-01-29 16:54:09.270433][__main__.TRPOAgent.log][batch_info]: Batch #0, batch length: 309

[2020-01-29 16:54:09.469620][__main__.TRPOAgent.log][batch_info]: Current batch value loss: 0.2761506518790126

[2020-01-29 16:54:10.031993][__main__.TRPOAgent.log][learning]: Episode #3

[2020-01-29 16:54:10.033008][__main__.TRPOAgent.log][batch_info]: Rollout statistics size: 309, Batch size: 100, Number of batches: 1

[2020-01-29 16:54:10.033348][__main__.TRPOAgent.log][learning]: 

***************
BEGINNING TRAINING
***************



[2020-01-29 16:54:10.033953][__main__.TRPOAgent.log][batch_info]: Batch #0, batch length: 309

[2020-01-29 16:54:10.203681][__main__.TRPOAgent.log][batch_info]: Current batch value loss: 0.5307751505446928

[2020-01-29 16:54:10.832356][__main__.TRPOAgent.log][learning]: Episode #4

[2020-01-29 16:54:10.833196][__main__.TRPOAgent.log][batch_info]: Rollout statistics size: 309, Batch size: 100, Number of batches: 1

[2020-01-29 16:54:10.833536][__main__.TRPOAgent.log][learning]: 

***************
BEGINNING TRAINING
***************



[2020-01-29 16:54:10.834000][__main__.TRPOAgent.log][batch_info]: Batch #0, batch length: 309

[2020-01-29 16:54:11.009796][__main__.TRPOAgent.log][batch_info]: Current batch value loss: 0.25111389926816136

[2020-01-29 16:54:11.600691][__main__.TRPOAgent.log][learning]: Episode #5

[2020-01-29 16:54:11.601171][__main__.TRPOAgent.log][learning]: Performing rollouts: rollout length: 1500

[2020-01-29 16:54:11.935092][__main__.TRPOAgent.log][learning]: Rollouts performed

[2020-01-29 16:54:11.936544][__main__.TRPOAgent.log][batch_info]: Rollout statistics size: 307, Batch size: 100, Number of batches: 1

[2020-01-29 16:54:11.936986][__main__.TRPOAgent.log][learning]: 

***************
BEGINNING TRAINING
***************



[2020-01-29 16:54:11.937650][__main__.TRPOAgent.log][batch_info]: Batch #0, batch length: 307

[2020-01-29 16:54:12.114612][__main__.TRPOAgent.log][batch_info]: Current batch value loss: 0.5391705781525203

[2020-01-29 16:54:12.706290][__main__.TRPOAgent.log][learning]: Episode #6

[2020-01-29 16:54:12.707299][__main__.TRPOAgent.log][batch_info]: Rollout statistics size: 307, Batch size: 100, Number of batches: 1

[2020-01-29 16:54:12.707885][__main__.TRPOAgent.log][learning]: 

***************
BEGINNING TRAINING
***************



[2020-01-29 16:54:12.708661][__main__.TRPOAgent.log][batch_info]: Batch #0, batch length: 307

[2020-01-29 16:54:12.885059][__main__.TRPOAgent.log][batch_info]: Current batch value loss: 0.32717598862721653

[2020-01-29 16:54:13.432474][__main__.TRPOAgent.log][learning]: Episode #7

[2020-01-29 16:54:13.433281][__main__.TRPOAgent.log][batch_info]: Rollout statistics size: 307, Batch size: 100, Number of batches: 1

[2020-01-29 16:54:13.433594][__main__.TRPOAgent.log][learning]: 

***************
BEGINNING TRAINING
***************



[2020-01-29 16:54:13.434019][__main__.TRPOAgent.log][batch_info]: Batch #0, batch length: 307

[2020-01-29 16:54:13.606080][__main__.TRPOAgent.log][batch_info]: Current batch value loss: 0.1734574058540282

[2020-01-29 16:54:14.131665][__main__.TRPOAgent.log][learning]: Episode #8

[2020-01-29 16:54:14.132513][__main__.TRPOAgent.log][batch_info]: Rollout statistics size: 307, Batch size: 100, Number of batches: 1

[2020-01-29 16:54:14.132824][__main__.TRPOAgent.log][learning]: 

***************
BEGINNING TRAINING
***************



[2020-01-29 16:54:14.133254][__main__.TRPOAgent.log][batch_info]: Batch #0, batch length: 307

[2020-01-29 16:54:14.304566][__main__.TRPOAgent.log][batch_info]: Current batch value loss: 0.1677518559890547

[2020-01-29 16:54:14.847294][__main__.TRPOAgent.log][learning]: Episode #9

[2020-01-29 16:54:14.848113][__main__.TRPOAgent.log][batch_info]: Rollout statistics size: 307, Batch size: 100, Number of batches: 1

[2020-01-29 16:54:14.848433][__main__.TRPOAgent.log][learning]: 

***************
BEGINNING TRAINING
***************



[2020-01-29 16:54:14.848827][__main__.TRPOAgent.log][batch_info]: Batch #0, batch length: 307

[2020-01-29 16:54:15.019193][__main__.TRPOAgent.log][batch_info]: Current batch value loss: 0.19913248248827786

[2020-01-29 16:54:15.630708][__main__.TRPOAgent.log][learning]: Episode #10

[2020-01-29 16:54:15.631612][__main__.TRPOAgent.log][learning]: Performing rollouts: rollout length: 1500

[2020-01-29 16:54:15.950415][__main__.TRPOAgent.log][learning]: Rollouts performed

[2020-01-29 16:54:15.951772][__main__.TRPOAgent.log][batch_info]: Rollout statistics size: 304, Batch size: 100, Number of batches: 1

[2020-01-29 16:54:15.952112][__main__.TRPOAgent.log][learning]: 

***************
BEGINNING TRAINING
***************



[2020-01-29 16:54:15.952575][__main__.TRPOAgent.log][batch_info]: Batch #0, batch length: 304

[2020-01-29 16:54:16.119977][__main__.TRPOAgent.log][batch_info]: Current batch value loss: 0.06592274836894849

[2020-01-29 16:54:16.718921][__main__.TRPOAgent.log][learning]: Episode #11

[2020-01-29 16:54:16.720013][__main__.TRPOAgent.log][batch_info]: Rollout statistics size: 304, Batch size: 100, Number of batches: 1

[2020-01-29 16:54:16.720441][__main__.TRPOAgent.log][learning]: 

***************
BEGINNING TRAINING
***************



[2020-01-29 16:54:16.721132][__main__.TRPOAgent.log][batch_info]: Batch #0, batch length: 304

[2020-01-29 16:54:16.902092][__main__.TRPOAgent.log][batch_info]: Current batch value loss: 0.20125340760937674

[2020-01-29 16:54:17.426150][__main__.TRPOAgent.log][learning]: Episode #12

[2020-01-29 16:54:17.427220][__main__.TRPOAgent.log][batch_info]: Rollout statistics size: 304, Batch size: 100, Number of batches: 1

[2020-01-29 16:54:17.427673][__main__.TRPOAgent.log][learning]: 

***************
BEGINNING TRAINING
***************



[2020-01-29 16:54:17.428203][__main__.TRPOAgent.log][batch_info]: Batch #0, batch length: 304

[2020-01-29 16:54:17.599750][__main__.TRPOAgent.log][batch_info]: Current batch value loss: 0.09570227042430408

[2020-01-29 16:54:18.139687][__main__.TRPOAgent.log][learning]: Episode #13

[2020-01-29 16:54:18.140560][__main__.TRPOAgent.log][batch_info]: Rollout statistics size: 304, Batch size: 100, Number of batches: 1

[2020-01-29 16:54:18.140929][__main__.TRPOAgent.log][learning]: 

***************
BEGINNING TRAINING
***************



[2020-01-29 16:54:18.141427][__main__.TRPOAgent.log][batch_info]: Batch #0, batch length: 304

[2020-01-29 16:54:18.313509][__main__.TRPOAgent.log][batch_info]: Current batch value loss: 0.07624969302097004

[2020-01-29 16:54:18.899327][__main__.TRPOAgent.log][learning]: Episode #14

[2020-01-29 16:54:18.900513][__main__.TRPOAgent.log][batch_info]: Rollout statistics size: 304, Batch size: 100, Number of batches: 1

[2020-01-29 16:54:18.900951][__main__.TRPOAgent.log][learning]: 

***************
BEGINNING TRAINING
***************



[2020-01-29 16:54:18.901711][__main__.TRPOAgent.log][batch_info]: Batch #0, batch length: 304

[2020-01-29 16:54:19.081270][__main__.TRPOAgent.log][batch_info]: Current batch value loss: 0.12509315227720882

[2020-01-29 16:54:19.650457][__main__.TRPOAgent.log][learning]: Episode #15

[2020-01-29 16:54:19.650817][__main__.TRPOAgent.log][learning]: Performing rollouts: rollout length: 1500

[2020-01-29 16:54:19.950552][__main__.TRPOAgent.log][learning]: Rollouts performed

[2020-01-29 16:54:19.951982][__main__.TRPOAgent.log][batch_info]: Rollout statistics size: 300, Batch size: 100, Number of batches: 1

[2020-01-29 16:54:19.952332][__main__.TRPOAgent.log][learning]: 

***************
BEGINNING TRAINING
***************



[2020-01-29 16:54:19.952957][__main__.TRPOAgent.log][batch_info]: Batch #0, batch length: 300

[2020-01-29 16:54:20.129163][__main__.TRPOAgent.log][batch_info]: Current batch value loss: 0.0002723261828900161

[2020-01-29 16:54:20.682473][__main__.TRPOAgent.log][learning]: Episode #16

[2020-01-29 16:54:20.683320][__main__.TRPOAgent.log][batch_info]: Rollout statistics size: 300, Batch size: 100, Number of batches: 1

[2020-01-29 16:54:20.683631][__main__.TRPOAgent.log][learning]: 

***************
BEGINNING TRAINING
***************



[2020-01-29 16:54:20.684020][__main__.TRPOAgent.log][batch_info]: Batch #0, batch length: 300

[2020-01-29 16:54:20.857299][__main__.TRPOAgent.log][batch_info]: Current batch value loss: 3.237923728260539e-05

[2020-01-29 16:54:21.419091][__main__.TRPOAgent.log][learning]: Episode #17

[2020-01-29 16:54:21.420428][__main__.TRPOAgent.log][batch_info]: Rollout statistics size: 300, Batch size: 100, Number of batches: 1

[2020-01-29 16:54:21.420897][__main__.TRPOAgent.log][learning]: 

***************
BEGINNING TRAINING
***************



[2020-01-29 16:54:21.421570][__main__.TRPOAgent.log][batch_info]: Batch #0, batch length: 300

[2020-01-29 16:54:21.597140][__main__.TRPOAgent.log][batch_info]: Current batch value loss: 1.2036634610733307e-05

[2020-01-29 16:54:22.254257][__main__.TRPOAgent.log][learning]: Episode #18

[2020-01-29 16:54:22.255541][__main__.TRPOAgent.log][batch_info]: Rollout statistics size: 300, Batch size: 100, Number of batches: 1

[2020-01-29 16:54:22.256521][__main__.TRPOAgent.log][learning]: 

***************
BEGINNING TRAINING
***************



[2020-01-29 16:54:22.257723][__main__.TRPOAgent.log][batch_info]: Batch #0, batch length: 300

[2020-01-29 16:54:22.439007][__main__.TRPOAgent.log][batch_info]: Current batch value loss: 8.806689572786001e-06

[2020-01-29 16:54:23.102567][__main__.TRPOAgent.log][learning]: Episode #19

[2020-01-29 16:54:23.103466][__main__.TRPOAgent.log][batch_info]: Rollout statistics size: 300, Batch size: 100, Number of batches: 1

[2020-01-29 16:54:23.103791][__main__.TRPOAgent.log][learning]: 

***************
BEGINNING TRAINING
***************



[2020-01-29 16:54:23.104368][__main__.TRPOAgent.log][batch_info]: Batch #0, batch length: 300

[2020-01-29 16:54:23.278211][__main__.TRPOAgent.log][batch_info]: Current batch value loss: 5.890053115392147e-06

[2020-01-29 16:54:23.915353][__main__.TRPOAgent.log][learning]: Episode #20

[2020-01-29 16:54:23.915837][__main__.TRPOAgent.log][learning]: Performing rollouts: rollout length: 1500

[2020-01-29 16:54:24.232974][__main__.TRPOAgent.log][learning]: Rollouts performed

[2020-01-29 16:54:24.234439][__main__.TRPOAgent.log][batch_info]: Rollout statistics size: 300, Batch size: 100, Number of batches: 1

[2020-01-29 16:54:24.234856][__main__.TRPOAgent.log][learning]: 

***************
BEGINNING TRAINING
***************



[2020-01-29 16:54:24.235520][__main__.TRPOAgent.log][batch_info]: Batch #0, batch length: 300

[2020-01-29 16:54:24.411926][__main__.TRPOAgent.log][batch_info]: Current batch value loss: 4.702065319176285e-06

[2020-01-29 16:54:25.001509][__main__.TRPOAgent.log][learning]: Episode #21

[2020-01-29 16:54:25.002802][__main__.TRPOAgent.log][batch_info]: Rollout statistics size: 300, Batch size: 100, Number of batches: 1

[2020-01-29 16:54:25.003297][__main__.TRPOAgent.log][learning]: 

***************
BEGINNING TRAINING
***************



[2020-01-29 16:54:25.003993][__main__.TRPOAgent.log][batch_info]: Batch #0, batch length: 300

[2020-01-29 16:54:25.179026][__main__.TRPOAgent.log][batch_info]: Current batch value loss: 1.1751238655402508e-05

[2020-01-29 16:54:25.748116][__main__.TRPOAgent.log][learning]: Episode #22

[2020-01-29 16:54:25.749004][__main__.TRPOAgent.log][batch_info]: Rollout statistics size: 300, Batch size: 100, Number of batches: 1

[2020-01-29 16:54:25.749341][__main__.TRPOAgent.log][learning]: 

***************
BEGINNING TRAINING
***************



[2020-01-29 16:54:25.749733][__main__.TRPOAgent.log][batch_info]: Batch #0, batch length: 300

[2020-01-29 16:54:25.929411][__main__.TRPOAgent.log][batch_info]: Current batch value loss: 2.914390047902213e-06

[2020-01-29 16:54:26.486910][__main__.TRPOAgent.log][learning]: Episode #23

[2020-01-29 16:54:26.488223][__main__.TRPOAgent.log][batch_info]: Rollout statistics size: 300, Batch size: 100, Number of batches: 1

[2020-01-29 16:54:26.488705][__main__.TRPOAgent.log][learning]: 

***************
BEGINNING TRAINING
***************



[2020-01-29 16:54:26.489398][__main__.TRPOAgent.log][batch_info]: Batch #0, batch length: 300

[2020-01-29 16:54:26.665133][__main__.TRPOAgent.log][batch_info]: Current batch value loss: 3.3517077018803873e-06

[2020-01-29 16:54:27.220888][__main__.TRPOAgent.log][learning]: Episode #24

[2020-01-29 16:54:27.221698][__main__.TRPOAgent.log][batch_info]: Rollout statistics size: 300, Batch size: 100, Number of batches: 1

[2020-01-29 16:54:27.222009][__main__.TRPOAgent.log][learning]: 

***************
BEGINNING TRAINING
***************



[2020-01-29 16:54:27.222398][__main__.TRPOAgent.log][batch_info]: Batch #0, batch length: 300

[2020-01-29 16:54:27.399079][__main__.TRPOAgent.log][batch_info]: Current batch value loss: 5.311861712147999e-06

[2020-01-29 16:54:28.017564][__main__.TRPOAgent.log][learning]: Episode #25

[2020-01-29 16:54:28.018058][__main__.TRPOAgent.log][learning]: Performing rollouts: rollout length: 1500

[2020-01-29 16:54:28.327111][__main__.TRPOAgent.log][learning]: Rollouts performed

[2020-01-29 16:54:28.328574][__main__.TRPOAgent.log][batch_info]: Rollout statistics size: 300, Batch size: 100, Number of batches: 1

[2020-01-29 16:54:28.334377][__main__.TRPOAgent.log][learning]: 

***************
BEGINNING TRAINING
***************



[2020-01-29 16:54:28.334982][__main__.TRPOAgent.log][batch_info]: Batch #0, batch length: 300

[2020-01-29 16:54:28.506124][__main__.TRPOAgent.log][batch_info]: Current batch value loss: 2.955247114669185e-06

[2020-01-29 16:54:29.120334][__main__.TRPOAgent.log][learning]: Episode #26

[2020-01-29 16:54:29.121136][__main__.TRPOAgent.log][batch_info]: Rollout statistics size: 300, Batch size: 100, Number of batches: 1

[2020-01-29 16:54:29.121443][__main__.TRPOAgent.log][learning]: 

***************
BEGINNING TRAINING
***************



[2020-01-29 16:54:29.121824][__main__.TRPOAgent.log][batch_info]: Batch #0, batch length: 300

[2020-01-29 16:54:29.295586][__main__.TRPOAgent.log][batch_info]: Current batch value loss: 1.5836487160370722e-06

[2020-01-29 16:54:29.889834][__main__.TRPOAgent.log][learning]: Episode #27

[2020-01-29 16:54:29.890664][__main__.TRPOAgent.log][batch_info]: Rollout statistics size: 300, Batch size: 100, Number of batches: 1

[2020-01-29 16:54:29.891339][__main__.TRPOAgent.log][learning]: 

***************
BEGINNING TRAINING
***************



[2020-01-29 16:54:29.892047][__main__.TRPOAgent.log][batch_info]: Batch #0, batch length: 300

[2020-01-29 16:54:30.071571][__main__.TRPOAgent.log][batch_info]: Current batch value loss: 2.0303189619706035e-06

[2020-01-29 16:54:30.643479][__main__.TRPOAgent.log][learning]: Episode #28

[2020-01-29 16:54:30.644293][__main__.TRPOAgent.log][batch_info]: Rollout statistics size: 300, Batch size: 100, Number of batches: 1

[2020-01-29 16:54:30.644627][__main__.TRPOAgent.log][learning]: 

***************
BEGINNING TRAINING
***************



[2020-01-29 16:54:30.645122][__main__.TRPOAgent.log][batch_info]: Batch #0, batch length: 300

[2020-01-29 16:54:30.828589][__main__.TRPOAgent.log][batch_info]: Current batch value loss: 2.9228344197929078e-06

[2020-01-29 16:54:31.474684][__main__.TRPOAgent.log][learning]: Episode #29

[2020-01-29 16:54:31.476808][__main__.TRPOAgent.log][batch_info]: Rollout statistics size: 300, Batch size: 100, Number of batches: 1

[2020-01-29 16:54:31.477375][__main__.TRPOAgent.log][learning]: 

***************
BEGINNING TRAINING
***************



[2020-01-29 16:54:31.478057][__main__.TRPOAgent.log][batch_info]: Batch #0, batch length: 300

[2020-01-29 16:54:31.655499][__main__.TRPOAgent.log][batch_info]: Current batch value loss: 1.1696569120602424e-06

[2020-01-29 16:54:32.254213][__main__.TRPOAgent.log][learning]: Episode #30

[2020-01-29 16:54:32.254688][__main__.TRPOAgent.log][learning]: Performing rollouts: rollout length: 1500

[2020-01-29 16:54:32.559390][__main__.TRPOAgent.log][learning]: Rollouts performed

[2020-01-29 16:54:32.561372][__main__.TRPOAgent.log][batch_info]: Rollout statistics size: 300, Batch size: 100, Number of batches: 1

[2020-01-29 16:54:32.561912][__main__.TRPOAgent.log][learning]: 

***************
BEGINNING TRAINING
***************



[2020-01-29 16:54:32.562584][__main__.TRPOAgent.log][batch_info]: Batch #0, batch length: 300

[2020-01-29 16:54:32.743410][__main__.TRPOAgent.log][batch_info]: Current batch value loss: 6.176885118050917e-07

[2020-01-29 16:54:33.402029][__main__.TRPOAgent.log][learning]: Episode #31

[2020-01-29 16:54:33.403773][__main__.TRPOAgent.log][batch_info]: Rollout statistics size: 300, Batch size: 100, Number of batches: 1

[2020-01-29 16:54:33.404392][__main__.TRPOAgent.log][learning]: 

***************
BEGINNING TRAINING
***************



[2020-01-29 16:54:33.405029][__main__.TRPOAgent.log][batch_info]: Batch #0, batch length: 300

[2020-01-29 16:54:33.579737][__main__.TRPOAgent.log][batch_info]: Current batch value loss: 5.503499738050237e-07

[2020-01-29 16:54:34.183666][__main__.TRPOAgent.log][learning]: Episode #32

[2020-01-29 16:54:34.184623][__main__.TRPOAgent.log][batch_info]: Rollout statistics size: 300, Batch size: 100, Number of batches: 1

[2020-01-29 16:54:34.185061][__main__.TRPOAgent.log][learning]: 

***************
BEGINNING TRAINING
***************



[2020-01-29 16:54:34.185505][__main__.TRPOAgent.log][batch_info]: Batch #0, batch length: 300

[2020-01-29 16:54:34.357114][__main__.TRPOAgent.log][batch_info]: Current batch value loss: 4.849720734974537e-07

[2020-01-29 16:54:34.987688][__main__.TRPOAgent.log][learning]: Episode #33

[2020-01-29 16:54:34.988562][__main__.TRPOAgent.log][batch_info]: Rollout statistics size: 300, Batch size: 100, Number of batches: 1

[2020-01-29 16:54:34.988876][__main__.TRPOAgent.log][learning]: 

***************
BEGINNING TRAINING
***************



[2020-01-29 16:54:34.989298][__main__.TRPOAgent.log][batch_info]: Batch #0, batch length: 300

[2020-01-29 16:54:35.157952][__main__.TRPOAgent.log][batch_info]: Current batch value loss: 6.793964913024789e-07

[2020-01-29 16:54:35.754032][__main__.TRPOAgent.log][learning]: Episode #34

[2020-01-29 16:54:35.754837][__main__.TRPOAgent.log][batch_info]: Rollout statistics size: 300, Batch size: 100, Number of batches: 1

[2020-01-29 16:54:35.755136][__main__.TRPOAgent.log][learning]: 

***************
BEGINNING TRAINING
***************



[2020-01-29 16:54:35.755521][__main__.TRPOAgent.log][batch_info]: Batch #0, batch length: 300

[2020-01-29 16:54:35.919247][__main__.TRPOAgent.log][batch_info]: Current batch value loss: 1.2626293423556589e-06

[2020-01-29 16:54:36.639753][__main__.TRPOAgent.log][learning]: Episode #35

[2020-01-29 16:54:36.640261][__main__.TRPOAgent.log][learning]: Performing rollouts: rollout length: 1500

[2020-01-29 16:54:36.945625][__main__.TRPOAgent.log][learning]: Rollouts performed

[2020-01-29 16:54:36.947072][__main__.TRPOAgent.log][batch_info]: Rollout statistics size: 300, Batch size: 100, Number of batches: 1

[2020-01-29 16:54:36.947412][__main__.TRPOAgent.log][learning]: 

***************
BEGINNING TRAINING
***************



[2020-01-29 16:54:36.947846][__main__.TRPOAgent.log][batch_info]: Batch #0, batch length: 300

[2020-01-29 16:54:37.125989][__main__.TRPOAgent.log][batch_info]: Current batch value loss: 1.2154895152652567e-07

[2020-01-29 16:54:37.757038][__main__.TRPOAgent.log][learning]: Episode #36

[2020-01-29 16:54:37.757875][__main__.TRPOAgent.log][batch_info]: Rollout statistics size: 300, Batch size: 100, Number of batches: 1

[2020-01-29 16:54:37.758183][__main__.TRPOAgent.log][learning]: 

***************
BEGINNING TRAINING
***************



[2020-01-29 16:54:37.758602][__main__.TRPOAgent.log][batch_info]: Batch #0, batch length: 300

