LOGGER started at 2020-01-31 14:31:02.901527.
Currently active debug channels:
	act
	batch_info
	linesearch
	learning
	thread_rollouts
[2020-01-31 14:31:03.472236][__main__.TRPOAgent.log][learning]: Episode #0

[2020-01-31 14:31:03.749245][__main__.TRPOAgent.log][learning]: Performing rollouts: rollout length: 1000

[2020-01-31 14:31:03.750371][EnvironmentNew.Environment.log][thread_rollouts]: Thread number: 0

[2020-01-31 14:31:03.750686][EnvironmentNew.Environment.log][thread_rollouts]: Thread number: 1

[2020-01-31 14:31:03.793100][EnvironmentNew.Environment.log][thread_rollouts]: Thread number: 0, Steps performed: 10

[2020-01-31 14:31:03.793307][EnvironmentNew.Environment.log][thread_rollouts]: Thread number: 1, Steps performed: 10

[2020-01-31 14:31:03.794700][EnvironmentNew.Environment.log][thread_rollouts]: Thread number: 3

[2020-01-31 14:31:03.794446][EnvironmentNew.Environment.log][thread_rollouts]: Thread number: 2

[2020-01-31 14:31:03.839444][EnvironmentNew.Environment.log][thread_rollouts]: Thread number: 2, Steps performed: 10

[2020-01-31 14:31:03.840140][EnvironmentNew.Environment.log][thread_rollouts]: Thread number: 3, Steps performed: 12

[2020-01-31 14:31:03.840796][EnvironmentNew.Environment.log][thread_rollouts]: Thread number: 4

[2020-01-31 14:31:03.840932][EnvironmentNew.Environment.log][thread_rollouts]: Thread number: 5

[2020-01-31 14:31:03.877140][EnvironmentNew.Environment.log][thread_rollouts]: Thread number: 5, Steps performed: 10

[2020-01-31 14:31:03.877595][EnvironmentNew.Environment.log][thread_rollouts]: Thread number: 4, Steps performed: 10

[2020-01-31 14:31:03.879319][EnvironmentNew.Environment.log][thread_rollouts]: Thread number: 6

[2020-01-31 14:31:03.879483][EnvironmentNew.Environment.log][thread_rollouts]: Thread number: 7

[2020-01-31 14:31:03.920728][EnvironmentNew.Environment.log][thread_rollouts]: Thread number: 6, Steps performed: 10

[2020-01-31 14:31:03.920663][EnvironmentNew.Environment.log][thread_rollouts]: Thread number: 7, Steps performed: 11

[2020-01-31 14:31:03.922233][EnvironmentNew.Environment.log][thread_rollouts]: Thread number: 9

[2020-01-31 14:31:03.922059][EnvironmentNew.Environment.log][thread_rollouts]: Thread number: 8

[2020-01-31 14:31:03.956956][EnvironmentNew.Environment.log][thread_rollouts]: Thread number: 8, Steps performed: 9

[2020-01-31 14:31:03.960371][EnvironmentNew.Environment.log][thread_rollouts]: Thread number: 9, Steps performed: 10

[2020-01-31 14:31:03.961348][EnvironmentNew.Environment.log][thread_rollouts]: Thread number: 10

[2020-01-31 14:31:03.961737][EnvironmentNew.Environment.log][thread_rollouts]: Thread number: 11

[2020-01-31 14:31:04.002485][EnvironmentNew.Environment.log][thread_rollouts]: Thread number: 10, Steps performed: 10

[2020-01-31 14:31:04.003860][EnvironmentNew.Environment.log][thread_rollouts]: Thread number: 11, Steps performed: 10

[2020-01-31 14:31:04.005026][EnvironmentNew.Environment.log][thread_rollouts]: Thread number: 12

[2020-01-31 14:31:04.005371][EnvironmentNew.Environment.log][thread_rollouts]: Thread number: 13

[2020-01-31 14:31:04.040254][EnvironmentNew.Environment.log][thread_rollouts]: Thread number: 12, Steps performed: 11

[2020-01-31 14:31:04.041437][EnvironmentNew.Environment.log][thread_rollouts]: Thread number: 13, Steps performed: 10

[2020-01-31 14:31:04.041924][EnvironmentNew.Environment.log][thread_rollouts]: Thread number: 14

[2020-01-31 14:31:04.042216][EnvironmentNew.Environment.log][thread_rollouts]: Thread number: 15

[2020-01-31 14:31:04.078697][EnvironmentNew.Environment.log][thread_rollouts]: Thread number: 14, Steps performed: 10

[2020-01-31 14:31:04.086851][EnvironmentNew.Environment.log][thread_rollouts]: Thread number: 15, Steps performed: 10

[2020-01-31 14:31:04.087594][EnvironmentNew.Environment.log][thread_rollouts]: Thread number: 16

[2020-01-31 14:31:04.087794][EnvironmentNew.Environment.log][thread_rollouts]: Thread number: 17

[2020-01-31 14:31:04.126786][EnvironmentNew.Environment.log][thread_rollouts]: Thread number: 16, Steps performed: 11

[2020-01-31 14:31:04.128675][EnvironmentNew.Environment.log][thread_rollouts]: Thread number: 17, Steps performed: 10

[2020-01-31 14:31:04.129530][EnvironmentNew.Environment.log][thread_rollouts]: Thread number: 18

[2020-01-31 14:31:04.129661][EnvironmentNew.Environment.log][thread_rollouts]: Thread number: 19

[2020-01-31 14:31:04.164972][EnvironmentNew.Environment.log][thread_rollouts]: Thread number: 19, Steps performed: 9

[2020-01-31 14:31:04.165257][EnvironmentNew.Environment.log][thread_rollouts]: Thread number: 18, Steps performed: 10

[2020-01-31 14:31:04.166841][EnvironmentNew.Environment.log][thread_rollouts]: Thread number: 20

[2020-01-31 14:31:04.167006][EnvironmentNew.Environment.log][thread_rollouts]: Thread number: 21

[2020-01-31 14:31:04.196303][EnvironmentNew.Environment.log][thread_rollouts]: Thread number: 21, Steps performed: 10

[2020-01-31 14:31:04.197812][EnvironmentNew.Environment.log][thread_rollouts]: Thread number: 20, Steps performed: 10

[2020-01-31 14:31:04.198433][EnvironmentNew.Environment.log][thread_rollouts]: Thread number: 22

[2020-01-31 14:31:04.198725][EnvironmentNew.Environment.log][thread_rollouts]: Thread number: 23

[2020-01-31 14:31:04.234066][EnvironmentNew.Environment.log][thread_rollouts]: Thread number: 22, Steps performed: 10

[2020-01-31 14:31:04.234198][EnvironmentNew.Environment.log][thread_rollouts]: Thread number: 23, Steps performed: 10

[2020-01-31 14:31:04.235354][EnvironmentNew.Environment.log][thread_rollouts]: Thread number: 25

[2020-01-31 14:31:04.235186][EnvironmentNew.Environment.log][thread_rollouts]: Thread number: 24

[2020-01-31 14:31:04.266694][EnvironmentNew.Environment.log][thread_rollouts]: Thread number: 24, Steps performed: 10

[2020-01-31 14:31:04.267097][EnvironmentNew.Environment.log][thread_rollouts]: Thread number: 25, Steps performed: 11

[2020-01-31 14:31:04.268308][EnvironmentNew.Environment.log][thread_rollouts]: Thread number: 27

[2020-01-31 14:31:04.268182][EnvironmentNew.Environment.log][thread_rollouts]: Thread number: 26

[2020-01-31 14:31:04.302239][EnvironmentNew.Environment.log][thread_rollouts]: Thread number: 27, Steps performed: 10

[2020-01-31 14:31:04.304650][EnvironmentNew.Environment.log][thread_rollouts]: Thread number: 26, Steps performed: 12

[2020-01-31 14:31:04.305179][EnvironmentNew.Environment.log][thread_rollouts]: Thread number: 28

[2020-01-31 14:31:04.305313][EnvironmentNew.Environment.log][thread_rollouts]: Thread number: 29

[2020-01-31 14:31:04.343582][EnvironmentNew.Environment.log][thread_rollouts]: Thread number: 28, Steps performed: 10

[2020-01-31 14:31:04.343966][EnvironmentNew.Environment.log][thread_rollouts]: Thread number: 29, Steps performed: 12

[2020-01-31 14:31:04.345511][__main__.TRPOAgent.log][learning]: Rollouts performed

[2020-01-31 14:31:04.345940][__main__.TRPOAgent.log][batch_info]: Rollout statistics size: 308, Batch size: 100

[2020-01-31 14:31:04.346210][__main__.TRPOAgent.log][learning]: 

***************
BEGINNING TRAINING
***************



[2020-01-31 14:31:06.280142][__main__.TRPOAgent.log][linesearch]: Linesearch worked at 0, New mean kl div: 0.0, New policy loss value: tf.Tensor(0.14366142974918486, shape=(), dtype=float64)

[2020-01-31 14:31:06.280593][__main__.TRPOAgent.log][batch_info]: Current batch value loss: 0.20147748838644475

[2020-01-31 14:31:07.598796][__main__.TRPOAgent.log][learning]: Episode #1

[2020-01-31 14:31:07.599348][__main__.TRPOAgent.log][learning]: Performing rollouts: rollout length: 1000

[2020-01-31 14:31:07.599906][EnvironmentNew.Environment.log][thread_rollouts]: Thread number: 0

[2020-01-31 14:31:07.600359][EnvironmentNew.Environment.log][thread_rollouts]: Thread number: 1

[2020-01-31 14:31:07.636259][EnvironmentNew.Environment.log][thread_rollouts]: Thread number: 0, Steps performed: 9

[2020-01-31 14:31:07.642710][EnvironmentNew.Environment.log][thread_rollouts]: Thread number: 1, Steps performed: 13

[2020-01-31 14:31:07.643180][EnvironmentNew.Environment.log][thread_rollouts]: Thread number: 2

[2020-01-31 14:31:07.643303][EnvironmentNew.Environment.log][thread_rollouts]: Thread number: 3

[2020-01-31 14:31:07.685552][EnvironmentNew.Environment.log][thread_rollouts]: Thread number: 2, Steps performed: 10

[2020-01-31 14:31:07.686234][EnvironmentNew.Environment.log][thread_rollouts]: Thread number: 3, Steps performed: 10

[2020-01-31 14:31:07.686879][EnvironmentNew.Environment.log][thread_rollouts]: Thread number: 4

[2020-01-31 14:31:07.687047][EnvironmentNew.Environment.log][thread_rollouts]: Thread number: 5

[2020-01-31 14:31:07.729732][EnvironmentNew.Environment.log][thread_rollouts]: Thread number: 5, Steps performed: 10

[2020-01-31 14:31:07.744526][EnvironmentNew.Environment.log][thread_rollouts]: Thread number: 4, Steps performed: 28

[2020-01-31 14:31:07.745008][EnvironmentNew.Environment.log][thread_rollouts]: Thread number: 6

[2020-01-31 14:31:07.745199][EnvironmentNew.Environment.log][thread_rollouts]: Thread number: 7

[2020-01-31 14:31:07.784186][EnvironmentNew.Environment.log][thread_rollouts]: Thread number: 6, Steps performed: 9

[2020-01-31 14:31:07.786481][EnvironmentNew.Environment.log][thread_rollouts]: Thread number: 7, Steps performed: 13

[2020-01-31 14:31:07.787174][EnvironmentNew.Environment.log][thread_rollouts]: Thread number: 8

[2020-01-31 14:31:07.788326][EnvironmentNew.Environment.log][thread_rollouts]: Thread number: 9

[2020-01-31 14:31:07.819110][EnvironmentNew.Environment.log][thread_rollouts]: Thread number: 8, Steps performed: 10

[2020-01-31 14:31:07.819669][EnvironmentNew.Environment.log][thread_rollouts]: Thread number: 9, Steps performed: 10

[2020-01-31 14:31:07.820885][EnvironmentNew.Environment.log][thread_rollouts]: Thread number: 11

[2020-01-31 14:31:07.820760][EnvironmentNew.Environment.log][thread_rollouts]: Thread number: 10

[2020-01-31 14:31:07.857640][EnvironmentNew.Environment.log][thread_rollouts]: Thread number: 11, Steps performed: 9

[2020-01-31 14:31:07.876893][EnvironmentNew.Environment.log][thread_rollouts]: Thread number: 10, Steps performed: 23

[2020-01-31 14:31:07.877630][EnvironmentNew.Environment.log][thread_rollouts]: Thread number: 13

[2020-01-31 14:31:07.877502][EnvironmentNew.Environment.log][thread_rollouts]: Thread number: 12

[2020-01-31 14:31:07.910850][EnvironmentNew.Environment.log][thread_rollouts]: Thread number: 13, Steps performed: 10

[2020-01-31 14:31:07.913449][EnvironmentNew.Environment.log][thread_rollouts]: Thread number: 12, Steps performed: 10

[2020-01-31 14:31:07.913983][EnvironmentNew.Environment.log][thread_rollouts]: Thread number: 14

[2020-01-31 14:31:07.914110][EnvironmentNew.Environment.log][thread_rollouts]: Thread number: 15

[2020-01-31 14:31:07.944252][EnvironmentNew.Environment.log][thread_rollouts]: Thread number: 15, Steps performed: 10

[2020-01-31 14:31:07.944348][EnvironmentNew.Environment.log][thread_rollouts]: Thread number: 14, Steps performed: 10

[2020-01-31 14:31:07.945574][EnvironmentNew.Environment.log][thread_rollouts]: Thread number: 16

[2020-01-31 14:31:07.945747][EnvironmentNew.Environment.log][thread_rollouts]: Thread number: 17

[2020-01-31 14:31:07.988641][EnvironmentNew.Environment.log][thread_rollouts]: Thread number: 17, Steps performed: 10

[2020-01-31 14:31:08.008229][EnvironmentNew.Environment.log][thread_rollouts]: Thread number: 16, Steps performed: 31

[2020-01-31 14:31:08.008938][EnvironmentNew.Environment.log][thread_rollouts]: Thread number: 19

[2020-01-31 14:31:08.008781][EnvironmentNew.Environment.log][thread_rollouts]: Thread number: 18

[2020-01-31 14:31:08.043106][EnvironmentNew.Environment.log][thread_rollouts]: Thread number: 19, Steps performed: 10

[2020-01-31 14:31:08.059905][EnvironmentNew.Environment.log][thread_rollouts]: Thread number: 18, Steps performed: 24

[2020-01-31 14:31:08.060611][EnvironmentNew.Environment.log][thread_rollouts]: Thread number: 21

[2020-01-31 14:31:08.060425][EnvironmentNew.Environment.log][thread_rollouts]: Thread number: 20

[2020-01-31 14:31:08.097748][EnvironmentNew.Environment.log][thread_rollouts]: Thread number: 21, Steps performed: 10

[2020-01-31 14:31:08.134176][EnvironmentNew.Environment.log][thread_rollouts]: Thread number: 20, Steps performed: 45

[2020-01-31 14:31:08.134745][EnvironmentNew.Environment.log][thread_rollouts]: Thread number: 22

[2020-01-31 14:31:08.135349][EnvironmentNew.Environment.log][thread_rollouts]: Thread number: 23

[2020-01-31 14:31:08.171898][EnvironmentNew.Environment.log][thread_rollouts]: Thread number: 22, Steps performed: 10

[2020-01-31 14:31:08.190991][EnvironmentNew.Environment.log][thread_rollouts]: Thread number: 23, Steps performed: 28

[2020-01-31 14:31:08.191711][EnvironmentNew.Environment.log][thread_rollouts]: Thread number: 25

[2020-01-31 14:31:08.191557][EnvironmentNew.Environment.log][thread_rollouts]: Thread number: 24

[2020-01-31 14:31:08.224763][EnvironmentNew.Environment.log][thread_rollouts]: Thread number: 25, Steps performed: 10

[2020-01-31 14:31:08.225344][EnvironmentNew.Environment.log][thread_rollouts]: Thread number: 24, Steps performed: 10

[2020-01-31 14:31:08.226171][EnvironmentNew.Environment.log][thread_rollouts]: Thread number: 26

[2020-01-31 14:31:08.226336][EnvironmentNew.Environment.log][thread_rollouts]: Thread number: 27

[2020-01-31 14:31:08.259486][EnvironmentNew.Environment.log][thread_rollouts]: Thread number: 27, Steps performed: 10

[2020-01-31 14:31:08.279776][EnvironmentNew.Environment.log][thread_rollouts]: Thread number: 26, Steps performed: 27

[2020-01-31 14:31:08.280845][EnvironmentNew.Environment.log][thread_rollouts]: Thread number: 29

[2020-01-31 14:31:08.280609][EnvironmentNew.Environment.log][thread_rollouts]: Thread number: 28

[2020-01-31 14:31:08.320572][EnvironmentNew.Environment.log][thread_rollouts]: Thread number: 29, Steps performed: 10

[2020-01-31 14:31:08.324150][EnvironmentNew.Environment.log][thread_rollouts]: Thread number: 28, Steps performed: 15

[2020-01-31 14:31:08.325136][__main__.TRPOAgent.log][learning]: Rollouts performed

[2020-01-31 14:31:08.325608][__main__.TRPOAgent.log][batch_info]: Rollout statistics size: 444, Batch size: 100

[2020-01-31 14:31:08.326068][__main__.TRPOAgent.log][learning]: 

***************
BEGINNING TRAINING
***************



[2020-01-31 14:31:09.997353][__main__.TRPOAgent.log][linesearch]: Linesearch worked at 0, New mean kl div: 0.0, New policy loss value: tf.Tensor(0.05255574802577227, shape=(), dtype=float64)

[2020-01-31 14:31:09.997791][__main__.TRPOAgent.log][batch_info]: Current batch value loss: 0.06335609385860153

[2020-01-31 14:31:14.350750][__main__.TRPOAgent.log][learning]: Episode #2

[2020-01-31 14:31:14.351279][__main__.TRPOAgent.log][learning]: Performing rollouts: rollout length: 1000

[2020-01-31 14:31:14.352189][EnvironmentNew.Environment.log][thread_rollouts]: Thread number: 1

[2020-01-31 14:31:14.351810][EnvironmentNew.Environment.log][thread_rollouts]: Thread number: 0

[2020-01-31 14:31:14.831813][EnvironmentNew.Environment.log][thread_rollouts]: Thread number: 0, Steps performed: 228

[2020-01-31 14:31:14.848314][EnvironmentNew.Environment.log][thread_rollouts]: Thread number: 1, Steps performed: 229

[2020-01-31 14:31:14.848978][EnvironmentNew.Environment.log][thread_rollouts]: Thread number: 3

[2020-01-31 14:31:14.848816][EnvironmentNew.Environment.log][thread_rollouts]: Thread number: 2

[2020-01-31 14:31:15.282605][EnvironmentNew.Environment.log][thread_rollouts]: Thread number: 3, Steps performed: 212

[2020-01-31 14:31:15.318333][EnvironmentNew.Environment.log][thread_rollouts]: Thread number: 2, Steps performed: 231

[2020-01-31 14:31:15.318899][EnvironmentNew.Environment.log][thread_rollouts]: Thread number: 4

[2020-01-31 14:31:15.319217][EnvironmentNew.Environment.log][thread_rollouts]: Thread number: 5

[2020-01-31 14:31:15.355918][EnvironmentNew.Environment.log][thread_rollouts]: Thread number: 5, Steps performed: 11

[2020-01-31 14:31:15.566457][EnvironmentNew.Environment.log][thread_rollouts]: Thread number: 4, Steps performed: 242

[2020-01-31 14:31:15.567317][EnvironmentNew.Environment.log][thread_rollouts]: Thread number: 7

[2020-01-31 14:31:15.567162][EnvironmentNew.Environment.log][thread_rollouts]: Thread number: 6

[2020-01-31 14:31:16.008989][EnvironmentNew.Environment.log][thread_rollouts]: Thread number: 7, Steps performed: 220

[2020-01-31 14:31:16.045175][EnvironmentNew.Environment.log][thread_rollouts]: Thread number: 6, Steps performed: 240

[2020-01-31 14:31:16.045707][EnvironmentNew.Environment.log][thread_rollouts]: Thread number: 8

[2020-01-31 14:31:16.045902][EnvironmentNew.Environment.log][thread_rollouts]: Thread number: 9

[2020-01-31 14:31:16.507305][EnvironmentNew.Environment.log][thread_rollouts]: Thread number: 8, Steps performed: 237

[2020-01-31 14:31:16.521920][EnvironmentNew.Environment.log][thread_rollouts]: Thread number: 9, Steps performed: 230

[2020-01-31 14:31:16.522944][EnvironmentNew.Environment.log][thread_rollouts]: Thread number: 11

[2020-01-31 14:31:16.522695][EnvironmentNew.Environment.log][thread_rollouts]: Thread number: 10

[2020-01-31 14:31:16.989858][EnvironmentNew.Environment.log][thread_rollouts]: Thread number: 10, Steps performed: 227

[2020-01-31 14:31:16.998586][EnvironmentNew.Environment.log][thread_rollouts]: Thread number: 11, Steps performed: 231

[2020-01-31 14:31:16.999035][EnvironmentNew.Environment.log][thread_rollouts]: Thread number: 12

[2020-01-31 14:31:16.999211][EnvironmentNew.Environment.log][thread_rollouts]: Thread number: 13

[2020-01-31 14:31:17.412589][EnvironmentNew.Environment.log][thread_rollouts]: Thread number: 13, Steps performed: 210

[2020-01-31 14:31:17.453894][EnvironmentNew.Environment.log][thread_rollouts]: Thread number: 12, Steps performed: 227

[2020-01-31 14:31:17.454493][EnvironmentNew.Environment.log][thread_rollouts]: Thread number: 14

[2020-01-31 14:31:17.454921][EnvironmentNew.Environment.log][thread_rollouts]: Thread number: 15

[2020-01-31 14:31:17.944966][EnvironmentNew.Environment.log][thread_rollouts]: Thread number: 15, Steps performed: 240

[2020-01-31 14:31:17.970754][EnvironmentNew.Environment.log][thread_rollouts]: Thread number: 14, Steps performed: 267

[2020-01-31 14:31:17.971726][EnvironmentNew.Environment.log][thread_rollouts]: Thread number: 16

[2020-01-31 14:31:17.972041][EnvironmentNew.Environment.log][thread_rollouts]: Thread number: 17

[2020-01-31 14:31:18.436252][EnvironmentNew.Environment.log][thread_rollouts]: Thread number: 17, Steps performed: 236

[2020-01-31 14:31:18.436587][EnvironmentNew.Environment.log][thread_rollouts]: Thread number: 16, Steps performed: 233

[2020-01-31 14:31:18.437966][EnvironmentNew.Environment.log][thread_rollouts]: Thread number: 18

[2020-01-31 14:31:18.438164][EnvironmentNew.Environment.log][thread_rollouts]: Thread number: 19

[2020-01-31 14:31:18.881757][EnvironmentNew.Environment.log][thread_rollouts]: Thread number: 18, Steps performed: 228

[2020-01-31 14:31:18.890132][EnvironmentNew.Environment.log][thread_rollouts]: Thread number: 19, Steps performed: 225

[2020-01-31 14:31:18.890736][EnvironmentNew.Environment.log][thread_rollouts]: Thread number: 20

[2020-01-31 14:31:18.890989][EnvironmentNew.Environment.log][thread_rollouts]: Thread number: 21

[2020-01-31 14:31:19.350809][EnvironmentNew.Environment.log][thread_rollouts]: Thread number: 21, Steps performed: 230

[2020-01-31 14:31:19.367950][EnvironmentNew.Environment.log][thread_rollouts]: Thread number: 20, Steps performed: 223

[2020-01-31 14:31:19.368673][EnvironmentNew.Environment.log][thread_rollouts]: Thread number: 22

[2020-01-31 14:31:19.368888][EnvironmentNew.Environment.log][thread_rollouts]: Thread number: 23

[2020-01-31 14:31:19.820034][EnvironmentNew.Environment.log][thread_rollouts]: Thread number: 23, Steps performed: 230

[2020-01-31 14:31:19.872967][EnvironmentNew.Environment.log][thread_rollouts]: Thread number: 22, Steps performed: 261

[2020-01-31 14:31:19.873555][EnvironmentNew.Environment.log][thread_rollouts]: Thread number: 24

[2020-01-31 14:31:19.873739][EnvironmentNew.Environment.log][thread_rollouts]: Thread number: 25

[2020-01-31 14:31:20.315765][EnvironmentNew.Environment.log][thread_rollouts]: Thread number: 25, Steps performed: 226

[2020-01-31 14:31:20.325380][EnvironmentNew.Environment.log][thread_rollouts]: Thread number: 24, Steps performed: 232

[2020-01-31 14:31:20.325866][EnvironmentNew.Environment.log][thread_rollouts]: Thread number: 26

[2020-01-31 14:31:20.326007][EnvironmentNew.Environment.log][thread_rollouts]: Thread number: 27

[2020-01-31 14:31:20.786953][EnvironmentNew.Environment.log][thread_rollouts]: Thread number: 27, Steps performed: 243

[2020-01-31 14:31:20.821622][EnvironmentNew.Environment.log][thread_rollouts]: Thread number: 26, Steps performed: 250

[2020-01-31 14:31:20.822168][EnvironmentNew.Environment.log][thread_rollouts]: Thread number: 28

[2020-01-31 14:31:20.822327][EnvironmentNew.Environment.log][thread_rollouts]: Thread number: 29

[2020-01-31 14:31:21.261173][EnvironmentNew.Environment.log][thread_rollouts]: Thread number: 29, Steps performed: 225

[2020-01-31 14:31:21.290992][EnvironmentNew.Environment.log][thread_rollouts]: Thread number: 28, Steps performed: 205

[2020-01-31 14:31:21.295530][__main__.TRPOAgent.log][learning]: Rollouts performed

[2020-01-31 14:31:21.296172][__main__.TRPOAgent.log][batch_info]: Rollout statistics size: 6729, Batch size: 100

[2020-01-31 14:31:21.296711][__main__.TRPOAgent.log][learning]: 

***************
BEGINNING TRAINING
***************



[2020-01-31 14:31:23.603414][__main__.TRPOAgent.log][linesearch]: Linesearch worked at 0, New mean kl div: 0.0, New policy loss value: tf.Tensor(0.06013304452086242, shape=(), dtype=float64)

[2020-01-31 14:31:23.603866][__main__.TRPOAgent.log][batch_info]: Current batch value loss: 0.0003143651747891675

[2020-01-31 14:31:24.666929][__main__.TRPOAgent.log][learning]: Episode #3

[2020-01-31 14:31:24.667485][__main__.TRPOAgent.log][learning]: Performing rollouts: rollout length: 1000

[2020-01-31 14:31:24.668558][EnvironmentNew.Environment.log][thread_rollouts]: Thread number: 1

[2020-01-31 14:31:24.668120][EnvironmentNew.Environment.log][thread_rollouts]: Thread number: 0

[2020-01-31 14:31:24.813977][EnvironmentNew.Environment.log][thread_rollouts]: Thread number: 1, Steps performed: 62

[2020-01-31 14:31:24.815396][EnvironmentNew.Environment.log][thread_rollouts]: Thread number: 0, Steps performed: 62

[2020-01-31 14:31:24.816228][EnvironmentNew.Environment.log][thread_rollouts]: Thread number: 3

[2020-01-31 14:31:24.816113][EnvironmentNew.Environment.log][thread_rollouts]: Thread number: 2

[2020-01-31 14:31:24.949353][EnvironmentNew.Environment.log][thread_rollouts]: Thread number: 2, Steps performed: 58

[2020-01-31 14:31:24.967135][EnvironmentNew.Environment.log][thread_rollouts]: Thread number: 3, Steps performed: 71

[2020-01-31 14:31:24.967662][EnvironmentNew.Environment.log][thread_rollouts]: Thread number: 4

[2020-01-31 14:31:24.967805][EnvironmentNew.Environment.log][thread_rollouts]: Thread number: 5

[2020-01-31 14:31:25.113433][EnvironmentNew.Environment.log][thread_rollouts]: Thread number: 4, Steps performed: 67

[2020-01-31 14:31:25.119440][EnvironmentNew.Environment.log][thread_rollouts]: Thread number: 5, Steps performed: 64

[2020-01-31 14:31:25.120195][EnvironmentNew.Environment.log][thread_rollouts]: Thread number: 7

[2020-01-31 14:31:25.120040][EnvironmentNew.Environment.log][thread_rollouts]: Thread number: 6

[2020-01-31 14:31:25.262034][EnvironmentNew.Environment.log][thread_rollouts]: Thread number: 7, Steps performed: 64

[2020-01-31 14:31:25.262124][EnvironmentNew.Environment.log][thread_rollouts]: Thread number: 6, Steps performed: 63

[2020-01-31 14:31:25.263801][EnvironmentNew.Environment.log][thread_rollouts]: Thread number: 9

[2020-01-31 14:31:25.263465][EnvironmentNew.Environment.log][thread_rollouts]: Thread number: 8

[2020-01-31 14:31:25.408208][EnvironmentNew.Environment.log][thread_rollouts]: Thread number: 9, Steps performed: 69

[2020-01-31 14:31:25.415464][EnvironmentNew.Environment.log][thread_rollouts]: Thread number: 8, Steps performed: 65

[2020-01-31 14:31:25.416101][EnvironmentNew.Environment.log][thread_rollouts]: Thread number: 11

[2020-01-31 14:31:25.415954][EnvironmentNew.Environment.log][thread_rollouts]: Thread number: 10

[2020-01-31 14:31:25.568356][EnvironmentNew.Environment.log][thread_rollouts]: Thread number: 11, Steps performed: 64

[2020-01-31 14:31:25.573443][EnvironmentNew.Environment.log][thread_rollouts]: Thread number: 10, Steps performed: 65

[2020-01-31 14:31:25.574317][EnvironmentNew.Environment.log][thread_rollouts]: Thread number: 13

[2020-01-31 14:31:25.574078][EnvironmentNew.Environment.log][thread_rollouts]: Thread number: 12

[2020-01-31 14:31:25.696764][EnvironmentNew.Environment.log][thread_rollouts]: Thread number: 13, Steps performed: 47

[2020-01-31 14:31:25.723194][EnvironmentNew.Environment.log][thread_rollouts]: Thread number: 12, Steps performed: 69

[2020-01-31 14:31:25.723710][EnvironmentNew.Environment.log][thread_rollouts]: Thread number: 14

[2020-01-31 14:31:25.724018][EnvironmentNew.Environment.log][thread_rollouts]: Thread number: 15

[2020-01-31 14:31:25.868209][EnvironmentNew.Environment.log][thread_rollouts]: Thread number: 14, Steps performed: 71

[2020-01-31 14:31:25.880965][EnvironmentNew.Environment.log][thread_rollouts]: Thread number: 15, Steps performed: 69

[2020-01-31 14:31:25.881546][EnvironmentNew.Environment.log][thread_rollouts]: Thread number: 16

[2020-01-31 14:31:25.881707][EnvironmentNew.Environment.log][thread_rollouts]: Thread number: 17

[2020-01-31 14:31:26.003220][EnvironmentNew.Environment.log][thread_rollouts]: Thread number: 17, Steps performed: 56

[2020-01-31 14:31:26.023644][EnvironmentNew.Environment.log][thread_rollouts]: Thread number: 16, Steps performed: 67

[2020-01-31 14:31:26.024435][EnvironmentNew.Environment.log][thread_rollouts]: Thread number: 18

[2020-01-31 14:31:26.024648][EnvironmentNew.Environment.log][thread_rollouts]: Thread number: 19

[2020-01-31 14:31:26.161376][EnvironmentNew.Environment.log][thread_rollouts]: Thread number: 19, Steps performed: 61

[2020-01-31 14:31:26.167733][EnvironmentNew.Environment.log][thread_rollouts]: Thread number: 18, Steps performed: 64

[2020-01-31 14:31:26.168239][EnvironmentNew.Environment.log][thread_rollouts]: Thread number: 20

[2020-01-31 14:31:26.168372][EnvironmentNew.Environment.log][thread_rollouts]: Thread number: 21

[2020-01-31 14:31:26.300934][EnvironmentNew.Environment.log][thread_rollouts]: Thread number: 20, Steps performed: 60

[2020-01-31 14:31:26.308615][EnvironmentNew.Environment.log][thread_rollouts]: Thread number: 21, Steps performed: 66

[2020-01-31 14:31:26.309260][EnvironmentNew.Environment.log][thread_rollouts]: Thread number: 23

[2020-01-31 14:31:26.309060][EnvironmentNew.Environment.log][thread_rollouts]: Thread number: 22

[2020-01-31 14:31:26.447383][EnvironmentNew.Environment.log][thread_rollouts]: Thread number: 22, Steps performed: 61

[2020-01-31 14:31:26.461618][EnvironmentNew.Environment.log][thread_rollouts]: Thread number: 23, Steps performed: 69

[2020-01-31 14:31:26.462309][EnvironmentNew.Environment.log][thread_rollouts]: Thread number: 24

[2020-01-31 14:31:26.462553][EnvironmentNew.Environment.log][thread_rollouts]: Thread number: 25

[2020-01-31 14:31:26.589294][EnvironmentNew.Environment.log][thread_rollouts]: Thread number: 24, Steps performed: 52

[2020-01-31 14:31:26.615643][EnvironmentNew.Environment.log][thread_rollouts]: Thread number: 25, Steps performed: 64

[2020-01-31 14:31:26.616359][EnvironmentNew.Environment.log][thread_rollouts]: Thread number: 26

[2020-01-31 14:31:26.616601][EnvironmentNew.Environment.log][thread_rollouts]: Thread number: 27

[2020-01-31 14:31:26.765038][EnvironmentNew.Environment.log][thread_rollouts]: Thread number: 27, Steps performed: 67

[2020-01-31 14:31:26.768927][EnvironmentNew.Environment.log][thread_rollouts]: Thread number: 26, Steps performed: 62

[2020-01-31 14:31:26.769395][EnvironmentNew.Environment.log][thread_rollouts]: Thread number: 28

[2020-01-31 14:31:26.769546][EnvironmentNew.Environment.log][thread_rollouts]: Thread number: 29

[2020-01-31 14:31:26.903751][EnvironmentNew.Environment.log][thread_rollouts]: Thread number: 28, Steps performed: 63

[2020-01-31 14:31:26.906621][EnvironmentNew.Environment.log][thread_rollouts]: Thread number: 29, Steps performed: 56

[2020-01-31 14:31:26.907497][__main__.TRPOAgent.log][learning]: Rollouts performed

[2020-01-31 14:31:26.907762][__main__.TRPOAgent.log][batch_info]: Rollout statistics size: 1898, Batch size: 100

[2020-01-31 14:31:26.908042][__main__.TRPOAgent.log][learning]: 

***************
BEGINNING TRAINING
***************



[2020-01-31 14:31:28.757682][__main__.TRPOAgent.log][linesearch]: Linesearch worked at 0, New mean kl div: 0.0, New policy loss value: tf.Tensor(0.0649550651965523, shape=(), dtype=float64)

[2020-01-31 14:31:28.758114][__main__.TRPOAgent.log][batch_info]: Current batch value loss: 0.00036142601418630093

[2020-01-31 14:31:31.553171][__main__.TRPOAgent.log][learning]: Episode #4

[2020-01-31 14:31:31.553540][__main__.TRPOAgent.log][learning]: Performing rollouts: rollout length: 1000

[2020-01-31 14:31:31.554098][EnvironmentNew.Environment.log][thread_rollouts]: Thread number: 1

[2020-01-31 14:31:31.553941][EnvironmentNew.Environment.log][thread_rollouts]: Thread number: 0

[2020-01-31 14:31:31.848070][EnvironmentNew.Environment.log][thread_rollouts]: Thread number: 0, Steps performed: 144

[2020-01-31 14:31:31.996086][EnvironmentNew.Environment.log][thread_rollouts]: Thread number: 1, Steps performed: 268

[2020-01-31 14:31:31.997038][EnvironmentNew.Environment.log][thread_rollouts]: Thread number: 3

[2020-01-31 14:31:31.996782][EnvironmentNew.Environment.log][thread_rollouts]: Thread number: 2

[2020-01-31 14:31:32.336274][EnvironmentNew.Environment.log][thread_rollouts]: Thread number: 2, Steps performed: 157

[2020-01-31 14:31:32.417935][EnvironmentNew.Environment.log][thread_rollouts]: Thread number: 3, Steps performed: 249

[2020-01-31 14:31:32.418609][EnvironmentNew.Environment.log][thread_rollouts]: Thread number: 4

[2020-01-31 14:31:32.418942][EnvironmentNew.Environment.log][thread_rollouts]: Thread number: 5

[2020-01-31 14:31:33.001339][EnvironmentNew.Environment.log][thread_rollouts]: Thread number: 4, Steps performed: 290

[2020-01-31 14:31:33.036958][EnvironmentNew.Environment.log][thread_rollouts]: Thread number: 5, Steps performed: 331

[2020-01-31 14:31:33.038010][EnvironmentNew.Environment.log][thread_rollouts]: Thread number: 7

[2020-01-31 14:31:33.037637][EnvironmentNew.Environment.log][thread_rollouts]: Thread number: 6

[2020-01-31 14:31:33.323207][EnvironmentNew.Environment.log][thread_rollouts]: Thread number: 7, Steps performed: 144

[2020-01-31 14:31:33.456097][EnvironmentNew.Environment.log][thread_rollouts]: Thread number: 6, Steps performed: 257

[2020-01-31 14:31:33.456867][EnvironmentNew.Environment.log][thread_rollouts]: Thread number: 8

[2020-01-31 14:31:33.457144][EnvironmentNew.Environment.log][thread_rollouts]: Thread number: 9

[2020-01-31 14:31:33.927329][EnvironmentNew.Environment.log][thread_rollouts]: Thread number: 8, Steps performed: 204

[2020-01-31 14:31:34.021447][EnvironmentNew.Environment.log][thread_rollouts]: Thread number: 9, Steps performed: 275

[2020-01-31 14:31:34.022043][EnvironmentNew.Environment.log][thread_rollouts]: Thread number: 10

[2020-01-31 14:31:34.022643][EnvironmentNew.Environment.log][thread_rollouts]: Thread number: 11

[2020-01-31 14:31:34.624179][EnvironmentNew.Environment.log][thread_rollouts]: Thread number: 11, Steps performed: 311

[2020-01-31 14:31:34.677987][EnvironmentNew.Environment.log][thread_rollouts]: Thread number: 10, Steps performed: 349

[2020-01-31 14:31:34.678537][EnvironmentNew.Environment.log][thread_rollouts]: Thread number: 12

[2020-01-31 14:31:34.678684][EnvironmentNew.Environment.log][thread_rollouts]: Thread number: 13

[2020-01-31 14:31:35.020397][EnvironmentNew.Environment.log][thread_rollouts]: Thread number: 13, Steps performed: 154

[2020-01-31 14:31:35.170298][EnvironmentNew.Environment.log][thread_rollouts]: Thread number: 12, Steps performed: 335

[2020-01-31 14:31:35.171053][EnvironmentNew.Environment.log][thread_rollouts]: Thread number: 14

[2020-01-31 14:31:35.171836][EnvironmentNew.Environment.log][thread_rollouts]: Thread number: 15

[2020-01-31 14:31:35.861203][EnvironmentNew.Environment.log][thread_rollouts]: Thread number: 15, Steps performed: 347

[2020-01-31 14:31:35.988678][EnvironmentNew.Environment.log][thread_rollouts]: Thread number: 14, Steps performed: 459

[2020-01-31 14:31:35.989848][EnvironmentNew.Environment.log][thread_rollouts]: Thread number: 17

[2020-01-31 14:31:35.989627][EnvironmentNew.Environment.log][thread_rollouts]: Thread number: 16

[2020-01-31 14:31:36.302619][EnvironmentNew.Environment.log][thread_rollouts]: Thread number: 16, Steps performed: 140

[2020-01-31 14:31:36.314633][EnvironmentNew.Environment.log][thread_rollouts]: Thread number: 17, Steps performed: 148

[2020-01-31 14:31:36.315478][EnvironmentNew.Environment.log][thread_rollouts]: Thread number: 19

[2020-01-31 14:31:36.315302][EnvironmentNew.Environment.log][thread_rollouts]: Thread number: 18

[2020-01-31 14:31:36.539498][EnvironmentNew.Environment.log][thread_rollouts]: Thread number: 18, Steps performed: 109

[2020-01-31 14:31:36.580011][EnvironmentNew.Environment.log][thread_rollouts]: Thread number: 19, Steps performed: 138

[2020-01-31 14:31:36.580533][EnvironmentNew.Environment.log][thread_rollouts]: Thread number: 20

[2020-01-31 14:31:36.581289][EnvironmentNew.Environment.log][thread_rollouts]: Thread number: 21

[2020-01-31 14:31:36.911808][EnvironmentNew.Environment.log][thread_rollouts]: Thread number: 21, Steps performed: 159

[2020-01-31 14:31:37.105268][EnvironmentNew.Environment.log][thread_rollouts]: Thread number: 20, Steps performed: 365

[2020-01-31 14:31:37.106472][EnvironmentNew.Environment.log][thread_rollouts]: Thread number: 23

[2020-01-31 14:31:37.106056][EnvironmentNew.Environment.log][thread_rollouts]: Thread number: 22

[2020-01-31 14:31:37.618329][EnvironmentNew.Environment.log][thread_rollouts]: Thread number: 23, Steps performed: 247

[2020-01-31 14:31:37.728230][EnvironmentNew.Environment.log][thread_rollouts]: Thread number: 22, Steps performed: 380

[2020-01-31 14:31:37.729171][EnvironmentNew.Environment.log][thread_rollouts]: Thread number: 25

[2020-01-31 14:31:37.728935][EnvironmentNew.Environment.log][thread_rollouts]: Thread number: 24

[2020-01-31 14:31:38.049925][EnvironmentNew.Environment.log][thread_rollouts]: Thread number: 24, Steps performed: 144

[2020-01-31 14:31:38.211174][EnvironmentNew.Environment.log][thread_rollouts]: Thread number: 25, Steps performed: 323

[2020-01-31 14:31:38.211922][EnvironmentNew.Environment.log][thread_rollouts]: Thread number: 26

[2020-01-31 14:31:38.212284][EnvironmentNew.Environment.log][thread_rollouts]: Thread number: 27

[2020-01-31 14:31:38.646288][EnvironmentNew.Environment.log][thread_rollouts]: Thread number: 27, Steps performed: 211

[2020-01-31 14:31:38.785289][EnvironmentNew.Environment.log][thread_rollouts]: Thread number: 26, Steps performed: 367

[2020-01-31 14:31:38.786323][EnvironmentNew.Environment.log][thread_rollouts]: Thread number: 29

[2020-01-31 14:31:38.786115][EnvironmentNew.Environment.log][thread_rollouts]: Thread number: 28

[2020-01-31 14:31:39.177617][EnvironmentNew.Environment.log][thread_rollouts]: Thread number: 28, Steps performed: 198

[2020-01-31 14:31:39.185246][EnvironmentNew.Environment.log][thread_rollouts]: Thread number: 29, Steps performed: 183

[2020-01-31 14:31:39.190661][__main__.TRPOAgent.log][learning]: Rollouts performed

[2020-01-31 14:31:39.191175][__main__.TRPOAgent.log][batch_info]: Rollout statistics size: 7386, Batch size: 100

[2020-01-31 14:31:39.191556][__main__.TRPOAgent.log][learning]: 

***************
BEGINNING TRAINING
***************



[2020-01-31 14:31:41.607482][__main__.TRPOAgent.log][linesearch]: Linesearch worked at 0, New mean kl div: 0.0, New policy loss value: tf.Tensor(0.057584835036205796, shape=(), dtype=float64)

[2020-01-31 14:31:41.607921][__main__.TRPOAgent.log][batch_info]: Current batch value loss: 8.192506230348535e-05

[2020-01-31 14:31:45.715203][__main__.TRPOAgent.log][learning]: Episode #5

[2020-01-31 14:31:45.715556][__main__.TRPOAgent.log][learning]: Performing rollouts: rollout length: 1000

[2020-01-31 14:31:45.715912][EnvironmentNew.Environment.log][thread_rollouts]: Thread number: 0

[2020-01-31 14:31:45.716359][EnvironmentNew.Environment.log][thread_rollouts]: Thread number: 1

[2020-01-31 14:31:46.671670][EnvironmentNew.Environment.log][thread_rollouts]: Thread number: 1, Steps performed: 466

[2020-01-31 14:31:46.680700][EnvironmentNew.Environment.log][thread_rollouts]: Thread number: 0, Steps performed: 428

[2020-01-31 14:31:46.681969][EnvironmentNew.Environment.log][thread_rollouts]: Thread number: 3

[2020-01-31 14:31:46.681622][EnvironmentNew.Environment.log][thread_rollouts]: Thread number: 2

[2020-01-31 14:31:47.371966][EnvironmentNew.Environment.log][thread_rollouts]: Thread number: 3, Steps performed: 356

[2020-01-31 14:31:47.441219][EnvironmentNew.Environment.log][thread_rollouts]: Thread number: 2, Steps performed: 410

[2020-01-31 14:31:47.441808][EnvironmentNew.Environment.log][thread_rollouts]: Thread number: 4

[2020-01-31 14:31:47.442083][EnvironmentNew.Environment.log][thread_rollouts]: Thread number: 5

[2020-01-31 14:31:47.977767][EnvironmentNew.Environment.log][thread_rollouts]: Thread number: 4, Steps performed: 277

[2020-01-31 14:31:47.981271][EnvironmentNew.Environment.log][thread_rollouts]: Thread number: 5, Steps performed: 274

[2020-01-31 14:31:47.981755][EnvironmentNew.Environment.log][thread_rollouts]: Thread number: 6

[2020-01-31 14:31:47.981893][EnvironmentNew.Environment.log][thread_rollouts]: Thread number: 7

[2020-01-31 14:31:48.686853][EnvironmentNew.Environment.log][thread_rollouts]: Thread number: 6, Steps performed: 351

[2020-01-31 14:31:48.755007][EnvironmentNew.Environment.log][thread_rollouts]: Thread number: 7, Steps performed: 419

[2020-01-31 14:31:48.755821][EnvironmentNew.Environment.log][thread_rollouts]: Thread number: 9

[2020-01-31 14:31:48.755664][EnvironmentNew.Environment.log][thread_rollouts]: Thread number: 8

[2020-01-31 14:31:49.340478][EnvironmentNew.Environment.log][thread_rollouts]: Thread number: 9, Steps performed: 300

[2020-01-31 14:31:49.404515][EnvironmentNew.Environment.log][thread_rollouts]: Thread number: 8, Steps performed: 349

[2020-01-31 14:31:49.405041][EnvironmentNew.Environment.log][thread_rollouts]: Thread number: 10

[2020-01-31 14:31:49.405419][EnvironmentNew.Environment.log][thread_rollouts]: Thread number: 11

[2020-01-31 14:31:50.134147][EnvironmentNew.Environment.log][thread_rollouts]: Thread number: 11, Steps performed: 352

[2020-01-31 14:31:50.213320][EnvironmentNew.Environment.log][thread_rollouts]: Thread number: 10, Steps performed: 447

[2020-01-31 14:31:50.214057][EnvironmentNew.Environment.log][thread_rollouts]: Thread number: 13

[2020-01-31 14:31:50.213885][EnvironmentNew.Environment.log][thread_rollouts]: Thread number: 12

[2020-01-31 14:31:50.844207][EnvironmentNew.Environment.log][thread_rollouts]: Thread number: 12, Steps performed: 325

[2020-01-31 14:31:50.937351][EnvironmentNew.Environment.log][thread_rollouts]: Thread number: 13, Steps performed: 415

[2020-01-31 14:31:50.938012][EnvironmentNew.Environment.log][thread_rollouts]: Thread number: 14

[2020-01-31 14:31:50.938607][EnvironmentNew.Environment.log][thread_rollouts]: Thread number: 15

[2020-01-31 14:31:51.637271][EnvironmentNew.Environment.log][thread_rollouts]: Thread number: 15, Steps performed: 346

[2020-01-31 14:31:51.654460][EnvironmentNew.Environment.log][thread_rollouts]: Thread number: 14, Steps performed: 372

[2020-01-31 14:31:51.655105][EnvironmentNew.Environment.log][thread_rollouts]: Thread number: 17

[2020-01-31 14:31:51.654944][EnvironmentNew.Environment.log][thread_rollouts]: Thread number: 16

[2020-01-31 14:31:52.243287][EnvironmentNew.Environment.log][thread_rollouts]: Thread number: 17, Steps performed: 303

[2020-01-31 14:31:52.329758][EnvironmentNew.Environment.log][thread_rollouts]: Thread number: 16, Steps performed: 376

[2020-01-31 14:31:52.330533][EnvironmentNew.Environment.log][thread_rollouts]: Thread number: 18

[2020-01-31 14:31:52.330838][EnvironmentNew.Environment.log][thread_rollouts]: Thread number: 19

[2020-01-31 14:31:53.026693][EnvironmentNew.Environment.log][thread_rollouts]: Thread number: 18, Steps performed: 367

[2020-01-31 14:31:53.112420][EnvironmentNew.Environment.log][thread_rollouts]: Thread number: 19, Steps performed: 426

[2020-01-31 14:31:53.113181][EnvironmentNew.Environment.log][thread_rollouts]: Thread number: 20

[2020-01-31 14:31:53.113475][EnvironmentNew.Environment.log][thread_rollouts]: Thread number: 21

[2020-01-31 14:31:53.734464][EnvironmentNew.Environment.log][thread_rollouts]: Thread number: 20, Steps performed: 312

[2020-01-31 14:31:53.759444][EnvironmentNew.Environment.log][thread_rollouts]: Thread number: 21, Steps performed: 342

[2020-01-31 14:31:53.759945][EnvironmentNew.Environment.log][thread_rollouts]: Thread number: 22

[2020-01-31 14:31:53.760118][EnvironmentNew.Environment.log][thread_rollouts]: Thread number: 23

[2020-01-31 14:31:54.425596][EnvironmentNew.Environment.log][thread_rollouts]: Thread number: 22, Steps performed: 351

[2020-01-31 14:31:54.471655][EnvironmentNew.Environment.log][thread_rollouts]: Thread number: 23, Steps performed: 379

[2020-01-31 14:31:54.472588][EnvironmentNew.Environment.log][thread_rollouts]: Thread number: 25

[2020-01-31 14:31:54.472299][EnvironmentNew.Environment.log][thread_rollouts]: Thread number: 24

[2020-01-31 14:31:55.106237][EnvironmentNew.Environment.log][thread_rollouts]: Thread number: 25, Steps performed: 343

[2020-01-31 14:31:55.243901][EnvironmentNew.Environment.log][thread_rollouts]: Thread number: 24, Steps performed: 449

[2020-01-31 14:31:55.244778][EnvironmentNew.Environment.log][thread_rollouts]: Thread number: 26

[2020-01-31 14:31:55.245552][EnvironmentNew.Environment.log][thread_rollouts]: Thread number: 27

[2020-01-31 14:31:55.917539][EnvironmentNew.Environment.log][thread_rollouts]: Thread number: 26, Steps performed: 354

[2020-01-31 14:31:56.013355][EnvironmentNew.Environment.log][thread_rollouts]: Thread number: 27, Steps performed: 432

[2020-01-31 14:31:56.014050][EnvironmentNew.Environment.log][thread_rollouts]: Thread number: 28

[2020-01-31 14:31:56.014233][EnvironmentNew.Environment.log][thread_rollouts]: Thread number: 29

[2020-01-31 14:31:56.750417][EnvironmentNew.Environment.log][thread_rollouts]: Thread number: 29, Steps performed: 375

[2020-01-31 14:31:56.834004][EnvironmentNew.Environment.log][thread_rollouts]: Thread number: 28, Steps performed: 439

[2020-01-31 14:31:56.840509][__main__.TRPOAgent.log][learning]: Rollouts performed

[2020-01-31 14:31:56.840852][__main__.TRPOAgent.log][batch_info]: Rollout statistics size: 11135, Batch size: 100

[2020-01-31 14:31:56.841086][__main__.TRPOAgent.log][learning]: 

***************
BEGINNING TRAINING
***************



[2020-01-31 14:31:59.656540][__main__.TRPOAgent.log][linesearch]: Linesearch worked at 0, New mean kl div: 0.0, New policy loss value: tf.Tensor(0.0032431055417736746, shape=(), dtype=float64)

[2020-01-31 14:31:59.657008][__main__.TRPOAgent.log][batch_info]: Current batch value loss: 2.1310322183834507e-05

[2020-01-31 14:32:08.304494][__main__.TRPOAgent.log][learning]: Episode #6

[2020-01-31 14:32:08.304855][__main__.TRPOAgent.log][learning]: Performing rollouts: rollout length: 1000

[2020-01-31 14:32:08.305239][EnvironmentNew.Environment.log][thread_rollouts]: Thread number: 0

[2020-01-31 14:32:08.305427][EnvironmentNew.Environment.log][thread_rollouts]: Thread number: 1

[2020-01-31 14:32:09.129736][EnvironmentNew.Environment.log][thread_rollouts]: Thread number: 1, Steps performed: 420

[2020-01-31 14:32:09.218970][EnvironmentNew.Environment.log][thread_rollouts]: Thread number: 0, Steps performed: 479

[2020-01-31 14:32:09.219938][EnvironmentNew.Environment.log][thread_rollouts]: Thread number: 3

[2020-01-31 14:32:09.219610][EnvironmentNew.Environment.log][thread_rollouts]: Thread number: 2

[2020-01-31 14:32:09.808418][EnvironmentNew.Environment.log][thread_rollouts]: Thread number: 3, Steps performed: 285

[2020-01-31 14:32:09.993468][EnvironmentNew.Environment.log][thread_rollouts]: Thread number: 2, Steps performed: 496

[2020-01-31 14:32:09.994309][EnvironmentNew.Environment.log][thread_rollouts]: Thread number: 4

[2020-01-31 14:32:09.994812][EnvironmentNew.Environment.log][thread_rollouts]: Thread number: 5

[2020-01-31 14:32:10.935934][EnvironmentNew.Environment.log][thread_rollouts]: Thread number: 5, Steps performed: 497

[2020-01-31 14:32:10.967001][EnvironmentNew.Environment.log][thread_rollouts]: Thread number: 4, Steps performed: 500

[2020-01-31 14:32:10.967797][EnvironmentNew.Environment.log][thread_rollouts]: Thread number: 7

[2020-01-31 14:32:10.967551][EnvironmentNew.Environment.log][thread_rollouts]: Thread number: 6

[2020-01-31 14:32:11.768712][EnvironmentNew.Environment.log][thread_rollouts]: Thread number: 6, Steps performed: 405

[2020-01-31 14:32:11.872511][EnvironmentNew.Environment.log][thread_rollouts]: Thread number: 7, Steps performed: 500

[2020-01-31 14:32:11.873521][EnvironmentNew.Environment.log][thread_rollouts]: Thread number: 9

[2020-01-31 14:32:11.873344][EnvironmentNew.Environment.log][thread_rollouts]: Thread number: 8

[2020-01-31 14:32:12.597270][EnvironmentNew.Environment.log][thread_rollouts]: Thread number: 9, Steps performed: 381

[2020-01-31 14:32:12.674399][EnvironmentNew.Environment.log][thread_rollouts]: Thread number: 8, Steps performed: 419

[2020-01-31 14:32:12.674939][EnvironmentNew.Environment.log][thread_rollouts]: Thread number: 10

[2020-01-31 14:32:12.675140][EnvironmentNew.Environment.log][thread_rollouts]: Thread number: 11

[2020-01-31 14:32:13.431481][EnvironmentNew.Environment.log][thread_rollouts]: Thread number: 10, Steps performed: 385

[2020-01-31 14:32:13.544617][EnvironmentNew.Environment.log][thread_rollouts]: Thread number: 11, Steps performed: 500

[2020-01-31 14:32:13.545397][EnvironmentNew.Environment.log][thread_rollouts]: Thread number: 12

[2020-01-31 14:32:13.545792][EnvironmentNew.Environment.log][thread_rollouts]: Thread number: 13

[2020-01-31 14:32:14.347072][EnvironmentNew.Environment.log][thread_rollouts]: Thread number: 13, Steps performed: 385

[2020-01-31 14:32:14.453063][EnvironmentNew.Environment.log][thread_rollouts]: Thread number: 12, Steps performed: 476

[2020-01-31 14:32:14.453725][EnvironmentNew.Environment.log][thread_rollouts]: Thread number: 14

[2020-01-31 14:32:14.453900][EnvironmentNew.Environment.log][thread_rollouts]: Thread number: 15

[2020-01-31 14:32:15.449522][EnvironmentNew.Environment.log][thread_rollouts]: Thread number: 14, Steps performed: 500

[2020-01-31 14:32:15.452362][EnvironmentNew.Environment.log][thread_rollouts]: Thread number: 15, Steps performed: 500

[2020-01-31 14:32:15.453248][EnvironmentNew.Environment.log][thread_rollouts]: Thread number: 16

[2020-01-31 14:32:15.453751][EnvironmentNew.Environment.log][thread_rollouts]: Thread number: 17

[2020-01-31 14:32:16.215698][EnvironmentNew.Environment.log][thread_rollouts]: Thread number: 17, Steps performed: 415

[2020-01-31 14:32:16.265302][EnvironmentNew.Environment.log][thread_rollouts]: Thread number: 16, Steps performed: 405

[2020-01-31 14:32:16.266026][EnvironmentNew.Environment.log][thread_rollouts]: Thread number: 19

[2020-01-31 14:32:16.265863][EnvironmentNew.Environment.log][thread_rollouts]: Thread number: 18

[2020-01-31 14:32:17.131685][EnvironmentNew.Environment.log][thread_rollouts]: Thread number: 19, Steps performed: 456

[2020-01-31 14:32:17.209333][EnvironmentNew.Environment.log][thread_rollouts]: Thread number: 18, Steps performed: 500

[2020-01-31 14:32:17.209993][EnvironmentNew.Environment.log][thread_rollouts]: Thread number: 20

[2020-01-31 14:32:17.210290][EnvironmentNew.Environment.log][thread_rollouts]: Thread number: 21

[2020-01-31 14:32:17.944145][EnvironmentNew.Environment.log][thread_rollouts]: Thread number: 20, Steps performed: 378

[2020-01-31 14:32:18.070698][EnvironmentNew.Environment.log][thread_rollouts]: Thread number: 21, Steps performed: 500

[2020-01-31 14:32:18.071333][EnvironmentNew.Environment.log][thread_rollouts]: Thread number: 22

[2020-01-31 14:32:18.071514][EnvironmentNew.Environment.log][thread_rollouts]: Thread number: 23

[2020-01-31 14:32:18.883335][EnvironmentNew.Environment.log][thread_rollouts]: Thread number: 23, Steps performed: 432

[2020-01-31 14:32:18.984731][EnvironmentNew.Environment.log][thread_rollouts]: Thread number: 22, Steps performed: 500

[2020-01-31 14:32:18.985414][EnvironmentNew.Environment.log][thread_rollouts]: Thread number: 24

[2020-01-31 14:32:18.985606][EnvironmentNew.Environment.log][thread_rollouts]: Thread number: 25

[2020-01-31 14:32:19.741466][EnvironmentNew.Environment.log][thread_rollouts]: Thread number: 24, Steps performed: 378

[2020-01-31 14:32:19.844263][EnvironmentNew.Environment.log][thread_rollouts]: Thread number: 25, Steps performed: 500

[2020-01-31 14:32:19.844959][EnvironmentNew.Environment.log][thread_rollouts]: Thread number: 26

[2020-01-31 14:32:19.845149][EnvironmentNew.Environment.log][thread_rollouts]: Thread number: 27

[2020-01-31 14:32:20.793624][EnvironmentNew.Environment.log][thread_rollouts]: Thread number: 27, Steps performed: 482

[2020-01-31 14:32:20.834544][EnvironmentNew.Environment.log][thread_rollouts]: Thread number: 26, Steps performed: 500

[2020-01-31 14:32:20.835061][EnvironmentNew.Environment.log][thread_rollouts]: Thread number: 28

[2020-01-31 14:32:20.835438][EnvironmentNew.Environment.log][thread_rollouts]: Thread number: 29

[2020-01-31 14:32:21.816838][EnvironmentNew.Environment.log][thread_rollouts]: Thread number: 29, Steps performed: 500

[2020-01-31 14:32:21.826932][EnvironmentNew.Environment.log][thread_rollouts]: Thread number: 28, Steps performed: 500

[2020-01-31 14:32:21.835745][__main__.TRPOAgent.log][learning]: Rollouts performed

[2020-01-31 14:32:21.836093][__main__.TRPOAgent.log][batch_info]: Rollout statistics size: 13574, Batch size: 100

[2020-01-31 14:32:21.836333][__main__.TRPOAgent.log][learning]: 

***************
BEGINNING TRAINING
***************



[2020-01-31 14:32:24.928804][__main__.TRPOAgent.log][linesearch]: Linesearch worked at 0, New mean kl div: 0.0, New policy loss value: tf.Tensor(0.03728809652576507, shape=(), dtype=float64)

[2020-01-31 14:32:24.929295][__main__.TRPOAgent.log][batch_info]: Current batch value loss: 4.684858404778812e-05

[2020-01-31 14:32:26.900165][__main__.TRPOAgent.log][learning]: Episode #7

[2020-01-31 14:32:26.900670][__main__.TRPOAgent.log][learning]: Performing rollouts: rollout length: 1000

[2020-01-31 14:32:26.901191][EnvironmentNew.Environment.log][thread_rollouts]: Thread number: 0

[2020-01-31 14:32:26.901352][EnvironmentNew.Environment.log][thread_rollouts]: Thread number: 1

[2020-01-31 14:32:27.255856][EnvironmentNew.Environment.log][thread_rollouts]: Thread number: 0, Steps performed: 151

[2020-01-31 14:32:27.286365][EnvironmentNew.Environment.log][thread_rollouts]: Thread number: 1, Steps performed: 201

[2020-01-31 14:32:27.286923][EnvironmentNew.Environment.log][thread_rollouts]: Thread number: 2

[2020-01-31 14:32:27.287172][EnvironmentNew.Environment.log][thread_rollouts]: Thread number: 3

[2020-01-31 14:32:27.842299][EnvironmentNew.Environment.log][thread_rollouts]: Thread number: 2, Steps performed: 292

[2020-01-31 14:32:28.011762][EnvironmentNew.Environment.log][thread_rollouts]: Thread number: 3, Steps performed: 456

[2020-01-31 14:32:28.012505][EnvironmentNew.Environment.log][thread_rollouts]: Thread number: 4

[2020-01-31 14:32:28.012721][EnvironmentNew.Environment.log][thread_rollouts]: Thread number: 5

[2020-01-31 14:32:28.489969][EnvironmentNew.Environment.log][thread_rollouts]: Thread number: 5, Steps performed: 244

[2020-01-31 14:32:28.685025][EnvironmentNew.Environment.log][thread_rollouts]: Thread number: 4, Steps performed: 449

[2020-01-31 14:32:28.685623][EnvironmentNew.Environment.log][thread_rollouts]: Thread number: 6

[2020-01-31 14:32:28.685984][EnvironmentNew.Environment.log][thread_rollouts]: Thread number: 7

[2020-01-31 14:32:28.987103][EnvironmentNew.Environment.log][thread_rollouts]: Thread number: 6, Steps performed: 144

[2020-01-31 14:32:29.292867][EnvironmentNew.Environment.log][thread_rollouts]: Thread number: 7, Steps performed: 500

[2020-01-31 14:32:29.293940][EnvironmentNew.Environment.log][thread_rollouts]: Thread number: 9

[2020-01-31 14:32:29.293680][EnvironmentNew.Environment.log][thread_rollouts]: Thread number: 8

[2020-01-31 14:32:30.221693][EnvironmentNew.Environment.log][thread_rollouts]: Thread number: 8, Steps performed: 476

[2020-01-31 14:32:30.239369][EnvironmentNew.Environment.log][thread_rollouts]: Thread number: 9, Steps performed: 500

[2020-01-31 14:32:30.240047][EnvironmentNew.Environment.log][thread_rollouts]: Thread number: 10

[2020-01-31 14:32:30.240344][EnvironmentNew.Environment.log][thread_rollouts]: Thread number: 11

[2020-01-31 14:32:30.616614][EnvironmentNew.Environment.log][thread_rollouts]: Thread number: 11, Steps performed: 181

[2020-01-31 14:32:30.627987][EnvironmentNew.Environment.log][thread_rollouts]: Thread number: 10, Steps performed: 193

[2020-01-31 14:32:30.628477][EnvironmentNew.Environment.log][thread_rollouts]: Thread number: 12

[2020-01-31 14:32:30.628663][EnvironmentNew.Environment.log][thread_rollouts]: Thread number: 13

[2020-01-31 14:32:30.940336][EnvironmentNew.Environment.log][thread_rollouts]: Thread number: 12, Steps performed: 152

[2020-01-31 14:32:31.018736][EnvironmentNew.Environment.log][thread_rollouts]: Thread number: 13, Steps performed: 217

[2020-01-31 14:32:31.019380][EnvironmentNew.Environment.log][thread_rollouts]: Thread number: 15

[2020-01-31 14:32:31.019224][EnvironmentNew.Environment.log][thread_rollouts]: Thread number: 14

[2020-01-31 14:32:31.437062][EnvironmentNew.Environment.log][thread_rollouts]: Thread number: 14, Steps performed: 213

[2020-01-31 14:32:31.528501][EnvironmentNew.Environment.log][thread_rollouts]: Thread number: 15, Steps performed: 297

[2020-01-31 14:32:31.529110][EnvironmentNew.Environment.log][thread_rollouts]: Thread number: 16

[2020-01-31 14:32:31.529435][EnvironmentNew.Environment.log][thread_rollouts]: Thread number: 17

[2020-01-31 14:32:31.752283][EnvironmentNew.Environment.log][thread_rollouts]: Thread number: 16, Steps performed: 117

[2020-01-31 14:32:31.877264][EnvironmentNew.Environment.log][thread_rollouts]: Thread number: 17, Steps performed: 219

[2020-01-31 14:32:31.878128][EnvironmentNew.Environment.log][thread_rollouts]: Thread number: 18

[2020-01-31 14:32:31.878453][EnvironmentNew.Environment.log][thread_rollouts]: Thread number: 19

[2020-01-31 14:32:32.233629][EnvironmentNew.Environment.log][thread_rollouts]: Thread number: 18, Steps performed: 164

[2020-01-31 14:32:32.463726][EnvironmentNew.Environment.log][thread_rollouts]: Thread number: 19, Steps performed: 421

[2020-01-31 14:32:32.464425][EnvironmentNew.Environment.log][thread_rollouts]: Thread number: 20

[2020-01-31 14:32:32.464856][EnvironmentNew.Environment.log][thread_rollouts]: Thread number: 21

[2020-01-31 14:32:32.840325][EnvironmentNew.Environment.log][thread_rollouts]: Thread number: 20, Steps performed: 168

[2020-01-31 14:32:32.910229][EnvironmentNew.Environment.log][thread_rollouts]: Thread number: 21, Steps performed: 245

[2020-01-31 14:32:32.910826][EnvironmentNew.Environment.log][thread_rollouts]: Thread number: 22

[2020-01-31 14:32:32.911082][EnvironmentNew.Environment.log][thread_rollouts]: Thread number: 23

[2020-01-31 14:32:33.367746][EnvironmentNew.Environment.log][thread_rollouts]: Thread number: 23, Steps performed: 231

[2020-01-31 14:32:33.494629][EnvironmentNew.Environment.log][thread_rollouts]: Thread number: 22, Steps performed: 337

[2020-01-31 14:32:33.495373][EnvironmentNew.Environment.log][thread_rollouts]: Thread number: 24

[2020-01-31 14:32:33.495572][EnvironmentNew.Environment.log][thread_rollouts]: Thread number: 25

[2020-01-31 14:32:33.857607][EnvironmentNew.Environment.log][thread_rollouts]: Thread number: 24, Steps performed: 180

[2020-01-31 14:32:33.905202][EnvironmentNew.Environment.log][thread_rollouts]: Thread number: 25, Steps performed: 214

[2020-01-31 14:32:33.905964][EnvironmentNew.Environment.log][thread_rollouts]: Thread number: 27

[2020-01-31 14:32:33.905719][EnvironmentNew.Environment.log][thread_rollouts]: Thread number: 26

[2020-01-31 14:32:34.427098][EnvironmentNew.Environment.log][thread_rollouts]: Thread number: 27, Steps performed: 272

[2020-01-31 14:32:34.508973][EnvironmentNew.Environment.log][thread_rollouts]: Thread number: 26, Steps performed: 329

[2020-01-31 14:32:34.509618][EnvironmentNew.Environment.log][thread_rollouts]: Thread number: 29

[2020-01-31 14:32:34.509482][EnvironmentNew.Environment.log][thread_rollouts]: Thread number: 28

[2020-01-31 14:32:34.950609][EnvironmentNew.Environment.log][thread_rollouts]: Thread number: 28, Steps performed: 207

[2020-01-31 14:32:35.111734][EnvironmentNew.Environment.log][thread_rollouts]: Thread number: 29, Steps performed: 415

[2020-01-31 14:32:35.120580][__main__.TRPOAgent.log][learning]: Rollouts performed

[2020-01-31 14:32:35.120932][__main__.TRPOAgent.log][batch_info]: Rollout statistics size: 8185, Batch size: 100

[2020-01-31 14:32:35.121203][__main__.TRPOAgent.log][learning]: 

***************
BEGINNING TRAINING
***************



[2020-01-31 14:32:37.601921][__main__.TRPOAgent.log][linesearch]: Linesearch worked at 0, New mean kl div: 0.0, New policy loss value: tf.Tensor(0.05363505817729926, shape=(), dtype=float64)

[2020-01-31 14:32:37.602414][__main__.TRPOAgent.log][batch_info]: Current batch value loss: 1.562078481679113e-05

[2020-01-31 14:32:41.206264][__main__.TRPOAgent.log][learning]: Episode #8

[2020-01-31 14:32:41.206615][__main__.TRPOAgent.log][learning]: Performing rollouts: rollout length: 1000

[2020-01-31 14:32:41.207158][EnvironmentNew.Environment.log][thread_rollouts]: Thread number: 1

[2020-01-31 14:32:41.206982][EnvironmentNew.Environment.log][thread_rollouts]: Thread number: 0

[2020-01-31 14:32:41.551542][EnvironmentNew.Environment.log][thread_rollouts]: Thread number: 0, Steps performed: 172

[2020-01-31 14:32:41.606797][EnvironmentNew.Environment.log][thread_rollouts]: Thread number: 1, Steps performed: 217

[2020-01-31 14:32:41.607522][EnvironmentNew.Environment.log][thread_rollouts]: Thread number: 3

[2020-01-31 14:32:41.607374][EnvironmentNew.Environment.log][thread_rollouts]: Thread number: 2

[2020-01-31 14:32:41.862343][EnvironmentNew.Environment.log][thread_rollouts]: Thread number: 3, Steps performed: 128

[2020-01-31 14:32:41.894824][EnvironmentNew.Environment.log][thread_rollouts]: Thread number: 2, Steps performed: 146

[2020-01-31 14:32:41.895606][EnvironmentNew.Environment.log][thread_rollouts]: Thread number: 5

[2020-01-31 14:32:41.895418][EnvironmentNew.Environment.log][thread_rollouts]: Thread number: 4

[2020-01-31 14:32:42.190563][EnvironmentNew.Environment.log][thread_rollouts]: Thread number: 5, Steps performed: 134

[2020-01-31 14:32:42.266462][EnvironmentNew.Environment.log][thread_rollouts]: Thread number: 4, Steps performed: 209

[2020-01-31 14:32:42.267336][EnvironmentNew.Environment.log][thread_rollouts]: Thread number: 6

[2020-01-31 14:32:42.267616][EnvironmentNew.Environment.log][thread_rollouts]: Thread number: 7

[2020-01-31 14:32:42.596243][EnvironmentNew.Environment.log][thread_rollouts]: Thread number: 7, Steps performed: 145

[2020-01-31 14:32:42.615854][EnvironmentNew.Environment.log][thread_rollouts]: Thread number: 6, Steps performed: 181

[2020-01-31 14:32:42.616561][EnvironmentNew.Environment.log][thread_rollouts]: Thread number: 9

[2020-01-31 14:32:42.616400][EnvironmentNew.Environment.log][thread_rollouts]: Thread number: 8

[2020-01-31 14:32:43.169398][EnvironmentNew.Environment.log][thread_rollouts]: Thread number: 8, Steps performed: 265

[2020-01-31 14:32:43.184028][EnvironmentNew.Environment.log][thread_rollouts]: Thread number: 9, Steps performed: 286

[2020-01-31 14:32:43.184636][EnvironmentNew.Environment.log][thread_rollouts]: Thread number: 11

[2020-01-31 14:32:43.184506][EnvironmentNew.Environment.log][thread_rollouts]: Thread number: 10

[2020-01-31 14:32:43.445479][EnvironmentNew.Environment.log][thread_rollouts]: Thread number: 10, Steps performed: 122

[2020-01-31 14:32:43.478074][EnvironmentNew.Environment.log][thread_rollouts]: Thread number: 11, Steps performed: 154

[2020-01-31 14:32:43.478748][EnvironmentNew.Environment.log][thread_rollouts]: Thread number: 13

[2020-01-31 14:32:43.478609][EnvironmentNew.Environment.log][thread_rollouts]: Thread number: 12

[2020-01-31 14:32:43.713017][EnvironmentNew.Environment.log][thread_rollouts]: Thread number: 13, Steps performed: 118

[2020-01-31 14:32:43.722957][EnvironmentNew.Environment.log][thread_rollouts]: Thread number: 12, Steps performed: 113

[2020-01-31 14:32:43.723478][EnvironmentNew.Environment.log][thread_rollouts]: Thread number: 14

[2020-01-31 14:32:43.723657][EnvironmentNew.Environment.log][thread_rollouts]: Thread number: 15

[2020-01-31 14:32:44.109036][EnvironmentNew.Environment.log][thread_rollouts]: Thread number: 14, Steps performed: 184

[2020-01-31 14:32:44.143034][EnvironmentNew.Environment.log][thread_rollouts]: Thread number: 15, Steps performed: 225

[2020-01-31 14:32:44.143684][EnvironmentNew.Environment.log][thread_rollouts]: Thread number: 16

[2020-01-31 14:32:44.144028][EnvironmentNew.Environment.log][thread_rollouts]: Thread number: 17

[2020-01-31 14:32:44.412488][EnvironmentNew.Environment.log][thread_rollouts]: Thread number: 17, Steps performed: 124

[2020-01-31 14:32:44.413230][EnvironmentNew.Environment.log][thread_rollouts]: Thread number: 16, Steps performed: 128

[2020-01-31 14:32:44.414652][EnvironmentNew.Environment.log][thread_rollouts]: Thread number: 18

[2020-01-31 14:32:44.414905][EnvironmentNew.Environment.log][thread_rollouts]: Thread number: 19

[2020-01-31 14:32:44.686479][EnvironmentNew.Environment.log][thread_rollouts]: Thread number: 19, Steps performed: 131

[2020-01-31 14:32:44.743204][EnvironmentNew.Environment.log][thread_rollouts]: Thread number: 18, Steps performed: 177

[2020-01-31 14:32:44.743747][EnvironmentNew.Environment.log][thread_rollouts]: Thread number: 20

[2020-01-31 14:32:44.743943][EnvironmentNew.Environment.log][thread_rollouts]: Thread number: 21

[2020-01-31 14:32:45.014237][EnvironmentNew.Environment.log][thread_rollouts]: Thread number: 21, Steps performed: 117

[2020-01-31 14:32:45.019472][EnvironmentNew.Environment.log][thread_rollouts]: Thread number: 20, Steps performed: 139

[2020-01-31 14:32:45.020180][EnvironmentNew.Environment.log][thread_rollouts]: Thread number: 22

[2020-01-31 14:32:45.020350][EnvironmentNew.Environment.log][thread_rollouts]: Thread number: 23

[2020-01-31 14:32:45.360948][EnvironmentNew.Environment.log][thread_rollouts]: Thread number: 22, Steps performed: 155

[2020-01-31 14:32:45.460108][EnvironmentNew.Environment.log][thread_rollouts]: Thread number: 23, Steps performed: 272

[2020-01-31 14:32:45.460821][EnvironmentNew.Environment.log][thread_rollouts]: Thread number: 24

[2020-01-31 14:32:45.461060][EnvironmentNew.Environment.log][thread_rollouts]: Thread number: 25

[2020-01-31 14:32:45.763424][EnvironmentNew.Environment.log][thread_rollouts]: Thread number: 24, Steps performed: 146

[2020-01-31 14:32:45.786527][EnvironmentNew.Environment.log][thread_rollouts]: Thread number: 25, Steps performed: 166

[2020-01-31 14:32:45.787163][EnvironmentNew.Environment.log][thread_rollouts]: Thread number: 27

[2020-01-31 14:32:45.787033][EnvironmentNew.Environment.log][thread_rollouts]: Thread number: 26

[2020-01-31 14:32:46.083125][EnvironmentNew.Environment.log][thread_rollouts]: Thread number: 26, Steps performed: 133

[2020-01-31 14:32:46.104010][EnvironmentNew.Environment.log][thread_rollouts]: Thread number: 27, Steps performed: 172

[2020-01-31 14:32:46.104851][EnvironmentNew.Environment.log][thread_rollouts]: Thread number: 28

[2020-01-31 14:32:46.105149][EnvironmentNew.Environment.log][thread_rollouts]: Thread number: 29

[2020-01-31 14:32:46.521085][EnvironmentNew.Environment.log][thread_rollouts]: Thread number: 28, Steps performed: 197

[2020-01-31 14:32:46.618466][EnvironmentNew.Environment.log][thread_rollouts]: Thread number: 29, Steps performed: 300

[2020-01-31 14:32:46.624372][__main__.TRPOAgent.log][learning]: Rollouts performed

[2020-01-31 14:32:46.624781][__main__.TRPOAgent.log][batch_info]: Rollout statistics size: 5156, Batch size: 100

[2020-01-31 14:32:46.625034][__main__.TRPOAgent.log][learning]: 

***************
BEGINNING TRAINING
***************



[2020-01-31 14:32:48.793043][__main__.TRPOAgent.log][linesearch]: Linesearch worked at 0, New mean kl div: 0.0, New policy loss value: tf.Tensor(0.029944664353965016, shape=(), dtype=float64)

[2020-01-31 14:32:48.793499][__main__.TRPOAgent.log][batch_info]: Current batch value loss: 2.4472799165906058e-05

[2020-01-31 14:32:50.808935][__main__.TRPOAgent.log][learning]: Episode #9

[2020-01-31 14:32:50.809532][__main__.TRPOAgent.log][learning]: Performing rollouts: rollout length: 1000

[2020-01-31 14:32:50.810187][EnvironmentNew.Environment.log][thread_rollouts]: Thread number: 0

[2020-01-31 14:32:50.810744][EnvironmentNew.Environment.log][thread_rollouts]: Thread number: 1

[2020-01-31 14:32:50.973266][EnvironmentNew.Environment.log][thread_rollouts]: Thread number: 0, Steps performed: 71

[2020-01-31 14:32:51.014016][EnvironmentNew.Environment.log][thread_rollouts]: Thread number: 1, Steps performed: 95

[2020-01-31 14:32:51.015358][EnvironmentNew.Environment.log][thread_rollouts]: Thread number: 2

[2020-01-31 14:32:51.015631][EnvironmentNew.Environment.log][thread_rollouts]: Thread number: 3

[2020-01-31 14:32:51.169677][EnvironmentNew.Environment.log][thread_rollouts]: Thread number: 2, Steps performed: 70

[2020-01-31 14:32:51.178431][EnvironmentNew.Environment.log][thread_rollouts]: Thread number: 3, Steps performed: 72

[2020-01-31 14:32:51.179027][EnvironmentNew.Environment.log][thread_rollouts]: Thread number: 4

[2020-01-31 14:32:51.179244][EnvironmentNew.Environment.log][thread_rollouts]: Thread number: 5

[2020-01-31 14:32:51.346333][EnvironmentNew.Environment.log][thread_rollouts]: Thread number: 5, Steps performed: 76

[2020-01-31 14:32:51.346737][EnvironmentNew.Environment.log][thread_rollouts]: Thread number: 4, Steps performed: 74

[2020-01-31 14:32:51.347924][EnvironmentNew.Environment.log][thread_rollouts]: Thread number: 7

[2020-01-31 14:32:51.347784][EnvironmentNew.Environment.log][thread_rollouts]: Thread number: 6

[2020-01-31 14:32:51.501415][EnvironmentNew.Environment.log][thread_rollouts]: Thread number: 6, Steps performed: 68

[2020-01-31 14:32:51.517542][EnvironmentNew.Environment.log][thread_rollouts]: Thread number: 7, Steps performed: 75

[2020-01-31 14:32:51.518870][EnvironmentNew.Environment.log][thread_rollouts]: Thread number: 9

[2020-01-31 14:32:51.518382][EnvironmentNew.Environment.log][thread_rollouts]: Thread number: 8

[2020-01-31 14:32:51.664174][EnvironmentNew.Environment.log][thread_rollouts]: Thread number: 9, Steps performed: 64

[2020-01-31 14:32:51.669091][EnvironmentNew.Environment.log][thread_rollouts]: Thread number: 8, Steps performed: 62

[2020-01-31 14:32:51.669597][EnvironmentNew.Environment.log][thread_rollouts]: Thread number: 10

[2020-01-31 14:32:51.669789][EnvironmentNew.Environment.log][thread_rollouts]: Thread number: 11

[2020-01-31 14:32:51.835975][EnvironmentNew.Environment.log][thread_rollouts]: Thread number: 11, Steps performed: 80

[2020-01-31 14:32:51.845093][EnvironmentNew.Environment.log][thread_rollouts]: Thread number: 10, Steps performed: 72

[2020-01-31 14:32:51.845866][EnvironmentNew.Environment.log][thread_rollouts]: Thread number: 13

[2020-01-31 14:32:51.845733][EnvironmentNew.Environment.log][thread_rollouts]: Thread number: 12

[2020-01-31 14:32:51.972830][EnvironmentNew.Environment.log][thread_rollouts]: Thread number: 13, Steps performed: 60

[2020-01-31 14:32:51.992648][EnvironmentNew.Environment.log][thread_rollouts]: Thread number: 12, Steps performed: 66

[2020-01-31 14:32:51.993259][EnvironmentNew.Environment.log][thread_rollouts]: Thread number: 14

[2020-01-31 14:32:51.993450][EnvironmentNew.Environment.log][thread_rollouts]: Thread number: 15

[2020-01-31 14:32:52.138948][EnvironmentNew.Environment.log][thread_rollouts]: Thread number: 14, Steps performed: 62

[2020-01-31 14:32:52.142177][EnvironmentNew.Environment.log][thread_rollouts]: Thread number: 15, Steps performed: 70

[2020-01-31 14:32:52.142818][EnvironmentNew.Environment.log][thread_rollouts]: Thread number: 16

[2020-01-31 14:32:52.142999][EnvironmentNew.Environment.log][thread_rollouts]: Thread number: 17

[2020-01-31 14:32:52.316004][EnvironmentNew.Environment.log][thread_rollouts]: Thread number: 16, Steps performed: 70

[2020-01-31 14:32:52.320489][EnvironmentNew.Environment.log][thread_rollouts]: Thread number: 17, Steps performed: 87

[2020-01-31 14:32:52.321157][EnvironmentNew.Environment.log][thread_rollouts]: Thread number: 18

[2020-01-31 14:32:52.321392][EnvironmentNew.Environment.log][thread_rollouts]: Thread number: 19

[2020-01-31 14:32:52.482492][EnvironmentNew.Environment.log][thread_rollouts]: Thread number: 19, Steps performed: 69

[2020-01-31 14:32:52.486038][EnvironmentNew.Environment.log][thread_rollouts]: Thread number: 18, Steps performed: 79

[2020-01-31 14:32:52.486508][EnvironmentNew.Environment.log][thread_rollouts]: Thread number: 20

[2020-01-31 14:32:52.486747][EnvironmentNew.Environment.log][thread_rollouts]: Thread number: 21

[2020-01-31 14:32:52.621424][EnvironmentNew.Environment.log][thread_rollouts]: Thread number: 20, Steps performed: 61

[2020-01-31 14:32:52.644019][EnvironmentNew.Environment.log][thread_rollouts]: Thread number: 21, Steps performed: 74

[2020-01-31 14:32:52.644877][EnvironmentNew.Environment.log][thread_rollouts]: Thread number: 23

[2020-01-31 14:32:52.644676][EnvironmentNew.Environment.log][thread_rollouts]: Thread number: 22

[2020-01-31 14:32:52.804631][EnvironmentNew.Environment.log][thread_rollouts]: Thread number: 22, Steps performed: 68

[2020-01-31 14:32:52.804558][EnvironmentNew.Environment.log][thread_rollouts]: Thread number: 23, Steps performed: 64

[2020-01-31 14:32:52.805853][EnvironmentNew.Environment.log][thread_rollouts]: Thread number: 25

[2020-01-31 14:32:52.805712][EnvironmentNew.Environment.log][thread_rollouts]: Thread number: 24

[2020-01-31 14:32:52.967153][EnvironmentNew.Environment.log][thread_rollouts]: Thread number: 25, Steps performed: 75

[2020-01-31 14:32:52.974344][EnvironmentNew.Environment.log][thread_rollouts]: Thread number: 24, Steps performed: 70

[2020-01-31 14:32:52.974862][EnvironmentNew.Environment.log][thread_rollouts]: Thread number: 26

[2020-01-31 14:32:52.975019][EnvironmentNew.Environment.log][thread_rollouts]: Thread number: 27

[2020-01-31 14:32:53.144108][EnvironmentNew.Environment.log][thread_rollouts]: Thread number: 27, Steps performed: 72

[2020-01-31 14:32:53.152862][EnvironmentNew.Environment.log][thread_rollouts]: Thread number: 26, Steps performed: 85

[2020-01-31 14:32:53.153353][EnvironmentNew.Environment.log][thread_rollouts]: Thread number: 28

[2020-01-31 14:32:53.153509][EnvironmentNew.Environment.log][thread_rollouts]: Thread number: 29

[2020-01-31 14:32:53.284795][EnvironmentNew.Environment.log][thread_rollouts]: Thread number: 29, Steps performed: 60

[2020-01-31 14:32:53.294016][EnvironmentNew.Environment.log][thread_rollouts]: Thread number: 28, Steps performed: 63

[2020-01-31 14:32:53.297933][__main__.TRPOAgent.log][learning]: Rollouts performed

[2020-01-31 14:32:53.298311][__main__.TRPOAgent.log][batch_info]: Rollout statistics size: 2134, Batch size: 100

[2020-01-31 14:32:53.298554][__main__.TRPOAgent.log][learning]: 

***************
BEGINNING TRAINING
***************



[2020-01-31 14:32:55.108242][__main__.TRPOAgent.log][linesearch]: Linesearch worked at 0, New mean kl div: 0.0, New policy loss value: tf.Tensor(0.02850786484893186, shape=(), dtype=float64)

[2020-01-31 14:32:55.108679][__main__.TRPOAgent.log][batch_info]: Current batch value loss: 4.0088017967458237e-05

[2020-01-31 14:32:59.435730][__main__.TRPOAgent.log][learning]: Episode #10

[2020-01-31 14:32:59.436119][__main__.TRPOAgent.log][learning]: Performing rollouts: rollout length: 1000

[2020-01-31 14:32:59.436542][EnvironmentNew.Environment.log][thread_rollouts]: Thread number: 0

[2020-01-31 14:32:59.436885][EnvironmentNew.Environment.log][thread_rollouts]: Thread number: 1

[2020-01-31 14:32:59.677760][EnvironmentNew.Environment.log][thread_rollouts]: Thread number: 1, Steps performed: 108

[2020-01-31 14:32:59.681042][EnvironmentNew.Environment.log][thread_rollouts]: Thread number: 0, Steps performed: 108

[2020-01-31 14:32:59.681791][EnvironmentNew.Environment.log][thread_rollouts]: Thread number: 3

[2020-01-31 14:32:59.681577][EnvironmentNew.Environment.log][thread_rollouts]: Thread number: 2

[2020-01-31 14:32:59.908235][EnvironmentNew.Environment.log][thread_rollouts]: Thread number: 3, Steps performed: 93

[2020-01-31 14:32:59.910851][EnvironmentNew.Environment.log][thread_rollouts]: Thread number: 2, Steps performed: 95

[2020-01-31 14:32:59.911708][EnvironmentNew.Environment.log][thread_rollouts]: Thread number: 5

[2020-01-31 14:32:59.911517][EnvironmentNew.Environment.log][thread_rollouts]: Thread number: 4

[2020-01-31 14:33:00.076213][EnvironmentNew.Environment.log][thread_rollouts]: Thread number: 5, Steps performed: 80

[2020-01-31 14:33:00.147691][EnvironmentNew.Environment.log][thread_rollouts]: Thread number: 4, Steps performed: 123

[2020-01-31 14:33:00.148488][EnvironmentNew.Environment.log][thread_rollouts]: Thread number: 7

[2020-01-31 14:33:00.148284][EnvironmentNew.Environment.log][thread_rollouts]: Thread number: 6

[2020-01-31 14:33:00.370259][EnvironmentNew.Environment.log][thread_rollouts]: Thread number: 6, Steps performed: 106

[2020-01-31 14:33:00.376023][EnvironmentNew.Environment.log][thread_rollouts]: Thread number: 7, Steps performed: 103

[2020-01-31 14:33:00.376691][EnvironmentNew.Environment.log][thread_rollouts]: Thread number: 9

[2020-01-31 14:33:00.376498][EnvironmentNew.Environment.log][thread_rollouts]: Thread number: 8

[2020-01-31 14:33:00.593493][EnvironmentNew.Environment.log][thread_rollouts]: Thread number: 9, Steps performed: 107

[2020-01-31 14:33:00.732688][EnvironmentNew.Environment.log][thread_rollouts]: Thread number: 8, Steps performed: 231

[2020-01-31 14:33:00.733448][EnvironmentNew.Environment.log][thread_rollouts]: Thread number: 10

[2020-01-31 14:33:00.733647][EnvironmentNew.Environment.log][thread_rollouts]: Thread number: 11

[2020-01-31 14:33:00.974087][EnvironmentNew.Environment.log][thread_rollouts]: Thread number: 10, Steps performed: 105

[2020-01-31 14:33:00.998724][EnvironmentNew.Environment.log][thread_rollouts]: Thread number: 11, Steps performed: 136

[2020-01-31 14:33:00.999631][EnvironmentNew.Environment.log][thread_rollouts]: Thread number: 13

[2020-01-31 14:33:00.999485][EnvironmentNew.Environment.log][thread_rollouts]: Thread number: 12

[2020-01-31 14:33:01.190803][EnvironmentNew.Environment.log][thread_rollouts]: Thread number: 12, Steps performed: 83

[2020-01-31 14:33:01.260850][EnvironmentNew.Environment.log][thread_rollouts]: Thread number: 13, Steps performed: 149

[2020-01-31 14:33:01.261340][EnvironmentNew.Environment.log][thread_rollouts]: Thread number: 14

[2020-01-31 14:33:01.261583][EnvironmentNew.Environment.log][thread_rollouts]: Thread number: 15

[2020-01-31 14:33:01.475896][EnvironmentNew.Environment.log][thread_rollouts]: Thread number: 15, Steps performed: 107

[2020-01-31 14:33:01.485292][EnvironmentNew.Environment.log][thread_rollouts]: Thread number: 14, Steps performed: 102

[2020-01-31 14:33:01.485858][EnvironmentNew.Environment.log][thread_rollouts]: Thread number: 16

[2020-01-31 14:33:01.486288][EnvironmentNew.Environment.log][thread_rollouts]: Thread number: 17

[2020-01-31 14:33:01.724768][EnvironmentNew.Environment.log][thread_rollouts]: Thread number: 16, Steps performed: 113

[2020-01-31 14:33:01.768353][EnvironmentNew.Environment.log][thread_rollouts]: Thread number: 17, Steps performed: 154

[2020-01-31 14:33:01.769445][EnvironmentNew.Environment.log][thread_rollouts]: Thread number: 19

[2020-01-31 14:33:01.769146][EnvironmentNew.Environment.log][thread_rollouts]: Thread number: 18

[2020-01-31 14:33:01.967451][EnvironmentNew.Environment.log][thread_rollouts]: Thread number: 19, Steps performed: 88

[2020-01-31 14:33:01.984055][EnvironmentNew.Environment.log][thread_rollouts]: Thread number: 18, Steps performed: 107

[2020-01-31 14:33:01.985090][EnvironmentNew.Environment.log][thread_rollouts]: Thread number: 21

[2020-01-31 14:33:01.984825][EnvironmentNew.Environment.log][thread_rollouts]: Thread number: 20

[2020-01-31 14:33:02.193637][EnvironmentNew.Environment.log][thread_rollouts]: Thread number: 20, Steps performed: 103

[2020-01-31 14:33:02.211554][EnvironmentNew.Environment.log][thread_rollouts]: Thread number: 21, Steps performed: 99

[2020-01-31 14:33:02.212137][EnvironmentNew.Environment.log][thread_rollouts]: Thread number: 23

[2020-01-31 14:33:02.212020][EnvironmentNew.Environment.log][thread_rollouts]: Thread number: 22

[2020-01-31 14:33:02.402921][EnvironmentNew.Environment.log][thread_rollouts]: Thread number: 22, Steps performed: 94

[2020-01-31 14:33:02.433857][EnvironmentNew.Environment.log][thread_rollouts]: Thread number: 23, Steps performed: 99

[2020-01-31 14:33:02.434567][EnvironmentNew.Environment.log][thread_rollouts]: Thread number: 25

[2020-01-31 14:33:02.434386][EnvironmentNew.Environment.log][thread_rollouts]: Thread number: 24

[2020-01-31 14:33:02.670360][EnvironmentNew.Environment.log][thread_rollouts]: Thread number: 25, Steps performed: 106

[2020-01-31 14:33:02.677687][EnvironmentNew.Environment.log][thread_rollouts]: Thread number: 24, Steps performed: 112

[2020-01-31 14:33:02.678273][EnvironmentNew.Environment.log][thread_rollouts]: Thread number: 27

[2020-01-31 14:33:02.678145][EnvironmentNew.Environment.log][thread_rollouts]: Thread number: 26

[2020-01-31 14:33:02.841419][EnvironmentNew.Environment.log][thread_rollouts]: Thread number: 26, Steps performed: 76

[2020-01-31 14:33:02.875945][EnvironmentNew.Environment.log][thread_rollouts]: Thread number: 27, Steps performed: 95

[2020-01-31 14:33:02.876528][EnvironmentNew.Environment.log][thread_rollouts]: Thread number: 28

[2020-01-31 14:33:02.876913][EnvironmentNew.Environment.log][thread_rollouts]: Thread number: 29

[2020-01-31 14:33:03.075721][EnvironmentNew.Environment.log][thread_rollouts]: Thread number: 29, Steps performed: 80

[2020-01-31 14:33:03.079147][EnvironmentNew.Environment.log][thread_rollouts]: Thread number: 28, Steps performed: 100

[2020-01-31 14:33:03.081893][__main__.TRPOAgent.log][learning]: Rollouts performed

[2020-01-31 14:33:03.082210][__main__.TRPOAgent.log][batch_info]: Rollout statistics size: 3262, Batch size: 100

[2020-01-31 14:33:03.082483][__main__.TRPOAgent.log][learning]: 

***************
BEGINNING TRAINING
***************



[2020-01-31 14:33:05.039524][__main__.TRPOAgent.log][linesearch]: Linesearch worked at 0, New mean kl div: 0.0, New policy loss value: tf.Tensor(0.06354033210278467, shape=(), dtype=float64)

[2020-01-31 14:33:05.039965][__main__.TRPOAgent.log][batch_info]: Current batch value loss: 3.0301539574467683e-05

[2020-01-31 14:33:07.053940][__main__.TRPOAgent.log][learning]: Episode #11

[2020-01-31 14:33:07.054542][__main__.TRPOAgent.log][learning]: Performing rollouts: rollout length: 1000

[2020-01-31 14:33:07.055231][EnvironmentNew.Environment.log][thread_rollouts]: Thread number: 0

[2020-01-31 14:33:07.055679][EnvironmentNew.Environment.log][thread_rollouts]: Thread number: 1

[2020-01-31 14:33:07.504493][EnvironmentNew.Environment.log][thread_rollouts]: Thread number: 1, Steps performed: 230

[2020-01-31 14:33:07.760191][EnvironmentNew.Environment.log][thread_rollouts]: Thread number: 0, Steps performed: 500

[2020-01-31 14:33:07.761127][EnvironmentNew.Environment.log][thread_rollouts]: Thread number: 2

[2020-01-31 14:33:07.761435][EnvironmentNew.Environment.log][thread_rollouts]: Thread number: 3

[2020-01-31 14:33:08.479326][EnvironmentNew.Environment.log][thread_rollouts]: Thread number: 2, Steps performed: 366

[2020-01-31 14:33:08.609998][EnvironmentNew.Environment.log][thread_rollouts]: Thread number: 3, Steps performed: 481

[2020-01-31 14:33:08.611096][EnvironmentNew.Environment.log][thread_rollouts]: Thread number: 5

[2020-01-31 14:33:08.610891][EnvironmentNew.Environment.log][thread_rollouts]: Thread number: 4

[2020-01-31 14:33:09.231951][EnvironmentNew.Environment.log][thread_rollouts]: Thread number: 5, Steps performed: 303

[2020-01-31 14:33:09.246156][EnvironmentNew.Environment.log][thread_rollouts]: Thread number: 4, Steps performed: 337

[2020-01-31 14:33:09.246711][EnvironmentNew.Environment.log][thread_rollouts]: Thread number: 6

[2020-01-31 14:33:09.247095][EnvironmentNew.Environment.log][thread_rollouts]: Thread number: 7

[2020-01-31 14:33:09.480414][EnvironmentNew.Environment.log][thread_rollouts]: Thread number: 7, Steps performed: 104

[2020-01-31 14:33:09.740666][EnvironmentNew.Environment.log][thread_rollouts]: Thread number: 6, Steps performed: 409

[2020-01-31 14:33:09.741351][EnvironmentNew.Environment.log][thread_rollouts]: Thread number: 8

[2020-01-31 14:33:09.741648][EnvironmentNew.Environment.log][thread_rollouts]: Thread number: 9

[2020-01-31 14:33:10.703252][EnvironmentNew.Environment.log][thread_rollouts]: Thread number: 9, Steps performed: 500

[2020-01-31 14:33:10.710624][EnvironmentNew.Environment.log][thread_rollouts]: Thread number: 8, Steps performed: 500

[2020-01-31 14:33:10.711086][EnvironmentNew.Environment.log][thread_rollouts]: Thread number: 10

[2020-01-31 14:33:10.711270][EnvironmentNew.Environment.log][thread_rollouts]: Thread number: 11

[2020-01-31 14:33:11.435214][EnvironmentNew.Environment.log][thread_rollouts]: Thread number: 10, Steps performed: 353

[2020-01-31 14:33:11.558427][EnvironmentNew.Environment.log][thread_rollouts]: Thread number: 11, Steps performed: 500

[2020-01-31 14:33:11.559308][EnvironmentNew.Environment.log][thread_rollouts]: Thread number: 12

[2020-01-31 14:33:11.559968][EnvironmentNew.Environment.log][thread_rollouts]: Thread number: 13

[2020-01-31 14:33:12.088685][EnvironmentNew.Environment.log][thread_rollouts]: Thread number: 12, Steps performed: 280

[2020-01-31 14:33:12.279962][EnvironmentNew.Environment.log][thread_rollouts]: Thread number: 13, Steps performed: 480

[2020-01-31 14:33:12.280981][EnvironmentNew.Environment.log][thread_rollouts]: Thread number: 15

[2020-01-31 14:33:12.280667][EnvironmentNew.Environment.log][thread_rollouts]: Thread number: 14

[2020-01-31 14:33:12.727620][EnvironmentNew.Environment.log][thread_rollouts]: Thread number: 15, Steps performed: 215

[2020-01-31 14:33:12.834091][EnvironmentNew.Environment.log][thread_rollouts]: Thread number: 14, Steps performed: 338

[2020-01-31 14:33:12.834762][EnvironmentNew.Environment.log][thread_rollouts]: Thread number: 16

[2020-01-31 14:33:12.835309][EnvironmentNew.Environment.log][thread_rollouts]: Thread number: 17

[2020-01-31 14:33:13.338943][EnvironmentNew.Environment.log][thread_rollouts]: Thread number: 16, Steps performed: 271

[2020-01-31 14:33:13.520117][EnvironmentNew.Environment.log][thread_rollouts]: Thread number: 17, Steps performed: 427

[2020-01-31 14:33:13.520965][EnvironmentNew.Environment.log][thread_rollouts]: Thread number: 18

[2020-01-31 14:33:13.521197][EnvironmentNew.Environment.log][thread_rollouts]: Thread number: 19

[2020-01-31 14:33:14.138383][EnvironmentNew.Environment.log][thread_rollouts]: Thread number: 19, Steps performed: 301

[2020-01-31 14:33:14.259826][EnvironmentNew.Environment.log][thread_rollouts]: Thread number: 18, Steps performed: 442

[2020-01-31 14:33:14.260798][EnvironmentNew.Environment.log][thread_rollouts]: Thread number: 20

[2020-01-31 14:33:14.261177][EnvironmentNew.Environment.log][thread_rollouts]: Thread number: 21

[2020-01-31 14:33:14.916838][EnvironmentNew.Environment.log][thread_rollouts]: Thread number: 20, Steps performed: 348

[2020-01-31 14:33:15.078841][EnvironmentNew.Environment.log][thread_rollouts]: Thread number: 21, Steps performed: 500

[2020-01-31 14:33:15.079473][EnvironmentNew.Environment.log][thread_rollouts]: Thread number: 22

[2020-01-31 14:33:15.079882][EnvironmentNew.Environment.log][thread_rollouts]: Thread number: 23

[2020-01-31 14:33:15.389392][EnvironmentNew.Environment.log][thread_rollouts]: Thread number: 22, Steps performed: 151

[2020-01-31 14:33:15.468635][EnvironmentNew.Environment.log][thread_rollouts]: Thread number: 23, Steps performed: 225

[2020-01-31 14:33:15.469135][EnvironmentNew.Environment.log][thread_rollouts]: Thread number: 24

[2020-01-31 14:33:15.469356][EnvironmentNew.Environment.log][thread_rollouts]: Thread number: 25

[2020-01-31 14:33:16.293231][EnvironmentNew.Environment.log][thread_rollouts]: Thread number: 25, Steps performed: 433

[2020-01-31 14:33:16.381487][EnvironmentNew.Environment.log][thread_rollouts]: Thread number: 24, Steps performed: 500

[2020-01-31 14:33:16.382299][EnvironmentNew.Environment.log][thread_rollouts]: Thread number: 26

[2020-01-31 14:33:16.382732][EnvironmentNew.Environment.log][thread_rollouts]: Thread number: 27

[2020-01-31 14:33:17.020568][EnvironmentNew.Environment.log][thread_rollouts]: Thread number: 27, Steps performed: 322

[2020-01-31 14:33:17.199711][EnvironmentNew.Environment.log][thread_rollouts]: Thread number: 26, Steps performed: 500

[2020-01-31 14:33:17.200445][EnvironmentNew.Environment.log][thread_rollouts]: Thread number: 28

[2020-01-31 14:33:17.200747][EnvironmentNew.Environment.log][thread_rollouts]: Thread number: 29

[2020-01-31 14:33:17.844424][EnvironmentNew.Environment.log][thread_rollouts]: Thread number: 28, Steps performed: 333

[2020-01-31 14:33:17.926340][EnvironmentNew.Environment.log][thread_rollouts]: Thread number: 29, Steps performed: 401

[2020-01-31 14:33:17.934994][__main__.TRPOAgent.log][learning]: Rollouts performed

[2020-01-31 14:33:17.935512][__main__.TRPOAgent.log][batch_info]: Rollout statistics size: 11050, Batch size: 100

[2020-01-31 14:33:17.935920][__main__.TRPOAgent.log][learning]: 

***************
BEGINNING TRAINING
***************



[2020-01-31 14:33:20.851410][__main__.TRPOAgent.log][linesearch]: Linesearch worked at 0, New mean kl div: 0.0, New policy loss value: tf.Tensor(0.0260151957833949, shape=(), dtype=float64)

[2020-01-31 14:33:20.851896][__main__.TRPOAgent.log][batch_info]: Current batch value loss: 1.4371681837275861e-05

[2020-01-31 14:33:27.869961][__main__.TRPOAgent.log][learning]: Episode #12

[2020-01-31 14:33:27.870516][__main__.TRPOAgent.log][learning]: Performing rollouts: rollout length: 1000

[2020-01-31 14:33:27.871573][EnvironmentNew.Environment.log][thread_rollouts]: Thread number: 1

[2020-01-31 14:33:27.871237][EnvironmentNew.Environment.log][thread_rollouts]: Thread number: 0

[2020-01-31 14:33:28.515839][EnvironmentNew.Environment.log][thread_rollouts]: Thread number: 0, Steps performed: 324

[2020-01-31 14:33:28.593864][EnvironmentNew.Environment.log][thread_rollouts]: Thread number: 1, Steps performed: 382

[2020-01-31 14:33:28.594371][EnvironmentNew.Environment.log][thread_rollouts]: Thread number: 2

[2020-01-31 14:33:28.594703][EnvironmentNew.Environment.log][thread_rollouts]: Thread number: 3

[2020-01-31 14:33:28.922540][EnvironmentNew.Environment.log][thread_rollouts]: Thread number: 2, Steps performed: 157

[2020-01-31 14:33:29.168539][EnvironmentNew.Environment.log][thread_rollouts]: Thread number: 3, Steps performed: 442

[2020-01-31 14:33:29.169326][EnvironmentNew.Environment.log][thread_rollouts]: Thread number: 4

[2020-01-31 14:33:29.169705][EnvironmentNew.Environment.log][thread_rollouts]: Thread number: 5

[2020-01-31 14:33:29.910670][EnvironmentNew.Environment.log][thread_rollouts]: Thread number: 5, Steps performed: 398

[2020-01-31 14:33:30.026570][EnvironmentNew.Environment.log][thread_rollouts]: Thread number: 4, Steps performed: 500

[2020-01-31 14:33:30.027435][EnvironmentNew.Environment.log][thread_rollouts]: Thread number: 7

[2020-01-31 14:33:30.027252][EnvironmentNew.Environment.log][thread_rollouts]: Thread number: 6

[2020-01-31 14:33:30.329029][EnvironmentNew.Environment.log][thread_rollouts]: Thread number: 7, Steps performed: 148

[2020-01-31 14:33:30.489400][EnvironmentNew.Environment.log][thread_rollouts]: Thread number: 6, Steps performed: 306

[2020-01-31 14:33:30.490377][EnvironmentNew.Environment.log][thread_rollouts]: Thread number: 9

[2020-01-31 14:33:30.490214][EnvironmentNew.Environment.log][thread_rollouts]: Thread number: 8

[2020-01-31 14:33:30.953196][EnvironmentNew.Environment.log][thread_rollouts]: Thread number: 8, Steps performed: 233

[2020-01-31 14:33:31.073856][EnvironmentNew.Environment.log][thread_rollouts]: Thread number: 9, Steps performed: 350

[2020-01-31 14:33:31.074504][EnvironmentNew.Environment.log][thread_rollouts]: Thread number: 10

[2020-01-31 14:33:31.074831][EnvironmentNew.Environment.log][thread_rollouts]: Thread number: 11

[2020-01-31 14:33:31.454715][EnvironmentNew.Environment.log][thread_rollouts]: Thread number: 11, Steps performed: 204

[2020-01-31 14:33:31.612484][EnvironmentNew.Environment.log][thread_rollouts]: Thread number: 10, Steps performed: 347

[2020-01-31 14:33:31.613246][EnvironmentNew.Environment.log][thread_rollouts]: Thread number: 12

[2020-01-31 14:33:31.613633][EnvironmentNew.Environment.log][thread_rollouts]: Thread number: 13

[2020-01-31 14:33:31.806816][EnvironmentNew.Environment.log][thread_rollouts]: Thread number: 12, Steps performed: 80

[2020-01-31 14:33:31.910121][EnvironmentNew.Environment.log][thread_rollouts]: Thread number: 13, Steps performed: 195

[2020-01-31 14:33:31.910903][EnvironmentNew.Environment.log][thread_rollouts]: Thread number: 14

[2020-01-31 14:33:31.911370][EnvironmentNew.Environment.log][thread_rollouts]: Thread number: 15

[2020-01-31 14:33:32.163971][EnvironmentNew.Environment.log][thread_rollouts]: Thread number: 15, Steps performed: 114

[2020-01-31 14:33:32.248928][EnvironmentNew.Environment.log][thread_rollouts]: Thread number: 14, Steps performed: 202

[2020-01-31 14:33:32.249504][EnvironmentNew.Environment.log][thread_rollouts]: Thread number: 16

[2020-01-31 14:33:32.249719][EnvironmentNew.Environment.log][thread_rollouts]: Thread number: 17

[2020-01-31 14:33:32.836331][EnvironmentNew.Environment.log][thread_rollouts]: Thread number: 17, Steps performed: 264

[2020-01-31 14:33:33.002037][EnvironmentNew.Environment.log][thread_rollouts]: Thread number: 16, Steps performed: 500

[2020-01-31 14:33:33.002689][EnvironmentNew.Environment.log][thread_rollouts]: Thread number: 18

[2020-01-31 14:33:33.002907][EnvironmentNew.Environment.log][thread_rollouts]: Thread number: 19

[2020-01-31 14:33:33.804797][EnvironmentNew.Environment.log][thread_rollouts]: Thread number: 18, Steps performed: 430

[2020-01-31 14:33:33.805395][EnvironmentNew.Environment.log][thread_rollouts]: Thread number: 19, Steps performed: 384

[2020-01-31 14:33:33.806347][EnvironmentNew.Environment.log][thread_rollouts]: Thread number: 20

[2020-01-31 14:33:33.806580][EnvironmentNew.Environment.log][thread_rollouts]: Thread number: 21

[2020-01-31 14:33:34.171368][EnvironmentNew.Environment.log][thread_rollouts]: Thread number: 21, Steps performed: 188

[2020-01-31 14:33:34.343404][EnvironmentNew.Environment.log][thread_rollouts]: Thread number: 20, Steps performed: 361

[2020-01-31 14:33:34.344269][EnvironmentNew.Environment.log][thread_rollouts]: Thread number: 22

[2020-01-31 14:33:34.344788][EnvironmentNew.Environment.log][thread_rollouts]: Thread number: 23

[2020-01-31 14:33:34.891981][EnvironmentNew.Environment.log][thread_rollouts]: Thread number: 22, Steps performed: 280

[2020-01-31 14:33:34.943287][EnvironmentNew.Environment.log][thread_rollouts]: Thread number: 23, Steps performed: 312

[2020-01-31 14:33:34.944196][EnvironmentNew.Environment.log][thread_rollouts]: Thread number: 24

[2020-01-31 14:33:34.944635][EnvironmentNew.Environment.log][thread_rollouts]: Thread number: 25

[2020-01-31 14:33:35.529627][EnvironmentNew.Environment.log][thread_rollouts]: Thread number: 24, Steps performed: 321

[2020-01-31 14:33:35.658897][EnvironmentNew.Environment.log][thread_rollouts]: Thread number: 25, Steps performed: 409

[2020-01-31 14:33:35.659665][EnvironmentNew.Environment.log][thread_rollouts]: Thread number: 26

[2020-01-31 14:33:35.660068][EnvironmentNew.Environment.log][thread_rollouts]: Thread number: 27

[2020-01-31 14:33:36.129922][EnvironmentNew.Environment.log][thread_rollouts]: Thread number: 26, Steps performed: 239

[2020-01-31 14:33:36.373334][EnvironmentNew.Environment.log][thread_rollouts]: Thread number: 27, Steps performed: 500

[2020-01-31 14:33:36.374076][EnvironmentNew.Environment.log][thread_rollouts]: Thread number: 28

[2020-01-31 14:33:36.374401][EnvironmentNew.Environment.log][thread_rollouts]: Thread number: 29

[2020-01-31 14:33:36.933305][EnvironmentNew.Environment.log][thread_rollouts]: Thread number: 29, Steps performed: 264

[2020-01-31 14:33:37.112438][EnvironmentNew.Environment.log][thread_rollouts]: Thread number: 28, Steps performed: 497

[2020-01-31 14:33:37.120558][__main__.TRPOAgent.log][learning]: Rollouts performed

[2020-01-31 14:33:37.120945][__main__.TRPOAgent.log][batch_info]: Rollout statistics size: 9331, Batch size: 100

[2020-01-31 14:33:37.121271][__main__.TRPOAgent.log][learning]: 

***************
BEGINNING TRAINING
***************



[2020-01-31 14:33:39.741393][__main__.TRPOAgent.log][linesearch]: Linesearch worked at 0, New mean kl div: 0.0, New policy loss value: tf.Tensor(0.01589970482807658, shape=(), dtype=float64)

[2020-01-31 14:33:39.741868][__main__.TRPOAgent.log][batch_info]: Current batch value loss: 1.2634526862220758e-05

[2020-01-31 14:33:41.995763][__main__.TRPOAgent.log][learning]: Episode #13

[2020-01-31 14:33:41.996314][__main__.TRPOAgent.log][learning]: Performing rollouts: rollout length: 1000

[2020-01-31 14:33:41.997193][EnvironmentNew.Environment.log][thread_rollouts]: Thread number: 1

[2020-01-31 14:33:41.996904][EnvironmentNew.Environment.log][thread_rollouts]: Thread number: 0

[2020-01-31 14:33:42.297424][EnvironmentNew.Environment.log][thread_rollouts]: Thread number: 0, Steps performed: 122

[2020-01-31 14:33:42.392152][EnvironmentNew.Environment.log][thread_rollouts]: Thread number: 1, Steps performed: 193

[2020-01-31 14:33:42.392739][EnvironmentNew.Environment.log][thread_rollouts]: Thread number: 2

[2020-01-31 14:33:42.393116][EnvironmentNew.Environment.log][thread_rollouts]: Thread number: 3

[2020-01-31 14:33:43.060134][EnvironmentNew.Environment.log][thread_rollouts]: Thread number: 2, Steps performed: 251

[2020-01-31 14:33:43.192596][EnvironmentNew.Environment.log][thread_rollouts]: Thread number: 3, Steps performed: 381

[2020-01-31 14:33:43.193500][EnvironmentNew.Environment.log][thread_rollouts]: Thread number: 4

[2020-01-31 14:33:43.193739][EnvironmentNew.Environment.log][thread_rollouts]: Thread number: 5

[2020-01-31 14:33:43.855405][EnvironmentNew.Environment.log][thread_rollouts]: Thread number: 4, Steps performed: 292

[2020-01-31 14:33:44.003634][EnvironmentNew.Environment.log][thread_rollouts]: Thread number: 5, Steps performed: 500

[2020-01-31 14:33:44.004283][EnvironmentNew.Environment.log][thread_rollouts]: Thread number: 6

[2020-01-31 14:33:44.004709][EnvironmentNew.Environment.log][thread_rollouts]: Thread number: 7

[2020-01-31 14:33:44.759229][EnvironmentNew.Environment.log][thread_rollouts]: Thread number: 7, Steps performed: 366

[2020-01-31 14:33:44.811168][EnvironmentNew.Environment.log][thread_rollouts]: Thread number: 6, Steps performed: 419

[2020-01-31 14:33:44.811920][EnvironmentNew.Environment.log][thread_rollouts]: Thread number: 9

[2020-01-31 14:33:44.811688][EnvironmentNew.Environment.log][thread_rollouts]: Thread number: 8

[2020-01-31 14:33:45.118831][EnvironmentNew.Environment.log][thread_rollouts]: Thread number: 9, Steps performed: 112

[2020-01-31 14:33:45.168388][EnvironmentNew.Environment.log][thread_rollouts]: Thread number: 8, Steps performed: 153

[2020-01-31 14:33:45.168918][EnvironmentNew.Environment.log][thread_rollouts]: Thread number: 10

[2020-01-31 14:33:45.169174][EnvironmentNew.Environment.log][thread_rollouts]: Thread number: 11

[2020-01-31 14:33:46.348191][EnvironmentNew.Environment.log][thread_rollouts]: Thread number: 11, Steps performed: 500

[2020-01-31 14:33:46.377020][EnvironmentNew.Environment.log][thread_rollouts]: Thread number: 10, Steps performed: 500

