LOGGER started at 2020-01-29 13:12:34.185921.
Currently active debug channels:
	act
	batch_info
	linesearch
	learning
[2020-01-29 13:12:34.573679][__main__.TRPOAgent.log][learning]: Episode #0

[2020-01-29 13:12:34.769102][__main__.TRPOAgent.log][learning]: Performing rollouts: rollout length: 1500

[2020-01-29 13:12:35.477159][__main__.TRPOAgent.log][learning]: Rollouts performed

[2020-01-29 13:12:35.478913][__main__.TRPOAgent.log][batch_info]: Rollout statistics size: 822, Batch size: 1000, Number of batches: 1

[2020-01-29 13:12:35.479258][__main__.TRPOAgent.log][learning]: 

***************
BEGINNING TRAINING
***************



[2020-01-29 13:12:35.479858][__main__.TRPOAgent.log][batch_info]: Batch #0, batch length: 822

[2020-01-29 13:12:37.100819][__main__.TRPOAgent.log][batch_info]: Current batch value loss: 2.764665639037316

[2020-01-29 13:12:38.558266][__main__.TRPOAgent.log][learning]: Episode #1

[2020-01-29 13:12:38.560538][__main__.TRPOAgent.log][batch_info]: Rollout statistics size: 822, Batch size: 1000, Number of batches: 1

[2020-01-29 13:12:38.561134][__main__.TRPOAgent.log][learning]: 

***************
BEGINNING TRAINING
***************



[2020-01-29 13:12:38.561782][__main__.TRPOAgent.log][batch_info]: Batch #0, batch length: 822

[2020-01-29 13:12:40.105375][__main__.TRPOAgent.log][batch_info]: Current batch value loss: 2.684469852541102

[2020-01-29 13:12:41.035399][__main__.TRPOAgent.log][learning]: Episode #2

[2020-01-29 13:12:41.035868][__main__.TRPOAgent.log][learning]: Performing rollouts: rollout length: 1500

[2020-01-29 13:12:41.747896][__main__.TRPOAgent.log][learning]: Rollouts performed

[2020-01-29 13:12:41.750601][__main__.TRPOAgent.log][batch_info]: Rollout statistics size: 827, Batch size: 1000, Number of batches: 1

[2020-01-29 13:12:41.751121][__main__.TRPOAgent.log][learning]: 

***************
BEGINNING TRAINING
***************



[2020-01-29 13:12:41.752103][__main__.TRPOAgent.log][batch_info]: Batch #0, batch length: 827

[2020-01-29 13:12:43.145530][__main__.TRPOAgent.log][batch_info]: Current batch value loss: 4.281998306233332

[2020-01-29 13:12:44.036437][__main__.TRPOAgent.log][learning]: Episode #3

[2020-01-29 13:12:44.038490][__main__.TRPOAgent.log][batch_info]: Rollout statistics size: 827, Batch size: 1000, Number of batches: 1

[2020-01-29 13:12:44.038936][__main__.TRPOAgent.log][learning]: 

***************
BEGINNING TRAINING
***************



[2020-01-29 13:12:44.039817][__main__.TRPOAgent.log][batch_info]: Batch #0, batch length: 827

[2020-01-29 13:12:45.472649][__main__.TRPOAgent.log][batch_info]: Current batch value loss: 3.863173093971535

[2020-01-29 13:12:46.176499][__main__.TRPOAgent.log][learning]: Episode #4

[2020-01-29 13:12:46.177198][__main__.TRPOAgent.log][learning]: Performing rollouts: rollout length: 1500

[2020-01-29 13:12:46.888401][__main__.TRPOAgent.log][learning]: Rollouts performed

[2020-01-29 13:12:46.890145][__main__.TRPOAgent.log][batch_info]: Rollout statistics size: 819, Batch size: 1000, Number of batches: 1

[2020-01-29 13:12:46.890538][__main__.TRPOAgent.log][learning]: 

***************
BEGINNING TRAINING
***************



[2020-01-29 13:12:46.891051][__main__.TRPOAgent.log][batch_info]: Batch #0, batch length: 819

[2020-01-29 13:12:48.280264][__main__.TRPOAgent.log][batch_info]: Current batch value loss: 1.2254956783544384

[2020-01-29 13:12:49.000304][__main__.TRPOAgent.log][learning]: Episode #5

[2020-01-29 13:12:49.002774][__main__.TRPOAgent.log][batch_info]: Rollout statistics size: 819, Batch size: 1000, Number of batches: 1

[2020-01-29 13:12:49.003220][__main__.TRPOAgent.log][learning]: 

***************
BEGINNING TRAINING
***************



[2020-01-29 13:12:49.004148][__main__.TRPOAgent.log][batch_info]: Batch #0, batch length: 819

[2020-01-29 13:12:50.405612][__main__.TRPOAgent.log][batch_info]: Current batch value loss: 1.2967047914147294

[2020-01-29 13:12:51.119986][__main__.TRPOAgent.log][learning]: Episode #6

[2020-01-29 13:12:51.120456][__main__.TRPOAgent.log][learning]: Performing rollouts: rollout length: 1500

[2020-01-29 13:12:51.841558][__main__.TRPOAgent.log][learning]: Rollouts performed

[2020-01-29 13:12:51.843750][__main__.TRPOAgent.log][batch_info]: Rollout statistics size: 817, Batch size: 1000, Number of batches: 1

[2020-01-29 13:12:51.844173][__main__.TRPOAgent.log][learning]: 

***************
BEGINNING TRAINING
***************



[2020-01-29 13:12:51.844665][__main__.TRPOAgent.log][batch_info]: Batch #0, batch length: 817

[2020-01-29 13:12:53.268392][__main__.TRPOAgent.log][batch_info]: Current batch value loss: 1.5509763849857972

[2020-01-29 13:12:54.074459][__main__.TRPOAgent.log][learning]: Episode #7

[2020-01-29 13:12:54.077443][__main__.TRPOAgent.log][batch_info]: Rollout statistics size: 817, Batch size: 1000, Number of batches: 1

[2020-01-29 13:12:54.078124][__main__.TRPOAgent.log][learning]: 

***************
BEGINNING TRAINING
***************



[2020-01-29 13:12:54.079405][__main__.TRPOAgent.log][batch_info]: Batch #0, batch length: 817

[2020-01-29 13:12:55.504682][__main__.TRPOAgent.log][batch_info]: Current batch value loss: 1.5777162732321037

[2020-01-29 13:12:56.405283][__main__.TRPOAgent.log][learning]: Episode #8

[2020-01-29 13:12:56.405740][__main__.TRPOAgent.log][learning]: Performing rollouts: rollout length: 1500

[2020-01-29 13:12:57.159959][__main__.TRPOAgent.log][learning]: Rollouts performed

[2020-01-29 13:12:57.162408][__main__.TRPOAgent.log][batch_info]: Rollout statistics size: 857, Batch size: 1000, Number of batches: 1

[2020-01-29 13:12:57.162757][__main__.TRPOAgent.log][learning]: 

***************
BEGINNING TRAINING
***************



[2020-01-29 13:12:57.163275][__main__.TRPOAgent.log][batch_info]: Batch #0, batch length: 857

[2020-01-29 13:12:58.589678][__main__.TRPOAgent.log][batch_info]: Current batch value loss: 3.174529702531513

[2020-01-29 13:12:59.470705][__main__.TRPOAgent.log][learning]: Episode #9

[2020-01-29 13:12:59.472835][__main__.TRPOAgent.log][batch_info]: Rollout statistics size: 857, Batch size: 1000, Number of batches: 1

[2020-01-29 13:12:59.473266][__main__.TRPOAgent.log][learning]: 

***************
BEGINNING TRAINING
***************



[2020-01-29 13:12:59.474210][__main__.TRPOAgent.log][batch_info]: Batch #0, batch length: 857

[2020-01-29 13:13:00.977819][__main__.TRPOAgent.log][batch_info]: Current batch value loss: 2.9846451863446193

[2020-01-29 13:13:01.721956][__main__.TRPOAgent.log][learning]: Episode #10

[2020-01-29 13:13:01.722506][__main__.TRPOAgent.log][learning]: Performing rollouts: rollout length: 1500

[2020-01-29 13:13:02.467710][__main__.TRPOAgent.log][learning]: Rollouts performed

[2020-01-29 13:13:02.469607][__main__.TRPOAgent.log][batch_info]: Rollout statistics size: 780, Batch size: 1000, Number of batches: 1

[2020-01-29 13:13:02.469967][__main__.TRPOAgent.log][learning]: 

***************
BEGINNING TRAINING
***************



[2020-01-29 13:13:02.470518][__main__.TRPOAgent.log][batch_info]: Batch #0, batch length: 780

[2020-01-29 13:13:03.898820][__main__.TRPOAgent.log][batch_info]: Current batch value loss: 1.3064990496206272

[2020-01-29 13:13:04.752784][__main__.TRPOAgent.log][learning]: Episode #11

[2020-01-29 13:13:04.754577][__main__.TRPOAgent.log][batch_info]: Rollout statistics size: 780, Batch size: 1000, Number of batches: 1

[2020-01-29 13:13:04.754938][__main__.TRPOAgent.log][learning]: 

***************
BEGINNING TRAINING
***************



[2020-01-29 13:13:04.755533][__main__.TRPOAgent.log][batch_info]: Batch #0, batch length: 780

[2020-01-29 13:13:06.115593][__main__.TRPOAgent.log][batch_info]: Current batch value loss: 1.2899868894579176

[2020-01-29 13:13:06.923235][__main__.TRPOAgent.log][learning]: Episode #12

[2020-01-29 13:13:06.923790][__main__.TRPOAgent.log][learning]: Performing rollouts: rollout length: 1500

[2020-01-29 13:13:07.645535][__main__.TRPOAgent.log][learning]: Rollouts performed

[2020-01-29 13:13:07.647537][__main__.TRPOAgent.log][batch_info]: Rollout statistics size: 806, Batch size: 1000, Number of batches: 1

[2020-01-29 13:13:07.647914][__main__.TRPOAgent.log][learning]: 

***************
BEGINNING TRAINING
***************



[2020-01-29 13:13:07.648496][__main__.TRPOAgent.log][batch_info]: Batch #0, batch length: 806

[2020-01-29 13:13:09.111389][__main__.TRPOAgent.log][batch_info]: Current batch value loss: 1.6941210130441304

[2020-01-29 13:13:09.724504][__main__.TRPOAgent.log][learning]: Episode #13

[2020-01-29 13:13:09.726241][__main__.TRPOAgent.log][batch_info]: Rollout statistics size: 806, Batch size: 1000, Number of batches: 1

[2020-01-29 13:13:09.726730][__main__.TRPOAgent.log][learning]: 

***************
BEGINNING TRAINING
***************



[2020-01-29 13:13:09.728099][__main__.TRPOAgent.log][batch_info]: Batch #0, batch length: 806

[2020-01-29 13:13:11.187111][__main__.TRPOAgent.log][batch_info]: Current batch value loss: 1.6433138531438833

[2020-01-29 13:13:11.937778][__main__.TRPOAgent.log][learning]: Episode #14

[2020-01-29 13:13:11.938243][__main__.TRPOAgent.log][learning]: Performing rollouts: rollout length: 1500

[2020-01-29 13:13:12.650859][__main__.TRPOAgent.log][learning]: Rollouts performed

[2020-01-29 13:13:12.652999][__main__.TRPOAgent.log][batch_info]: Rollout statistics size: 827, Batch size: 1000, Number of batches: 1

[2020-01-29 13:13:12.653327][__main__.TRPOAgent.log][learning]: 

***************
BEGINNING TRAINING
***************



[2020-01-29 13:13:12.653843][__main__.TRPOAgent.log][batch_info]: Batch #0, batch length: 827

[2020-01-29 13:13:14.068637][__main__.TRPOAgent.log][batch_info]: Current batch value loss: 4.351906077323703

[2020-01-29 13:13:14.889601][__main__.TRPOAgent.log][learning]: Episode #15

[2020-01-29 13:13:14.891377][__main__.TRPOAgent.log][batch_info]: Rollout statistics size: 827, Batch size: 1000, Number of batches: 1

[2020-01-29 13:13:14.891795][__main__.TRPOAgent.log][learning]: 

***************
BEGINNING TRAINING
***************



[2020-01-29 13:13:14.892528][__main__.TRPOAgent.log][batch_info]: Batch #0, batch length: 827

[2020-01-29 13:13:16.303817][__main__.TRPOAgent.log][batch_info]: Current batch value loss: 4.0908510212451725

[2020-01-29 13:13:17.072699][__main__.TRPOAgent.log][learning]: Episode #16

[2020-01-29 13:13:17.073174][__main__.TRPOAgent.log][learning]: Performing rollouts: rollout length: 1500

[2020-01-29 13:13:17.789573][__main__.TRPOAgent.log][learning]: Rollouts performed

[2020-01-29 13:13:17.791448][__main__.TRPOAgent.log][batch_info]: Rollout statistics size: 805, Batch size: 1000, Number of batches: 1

[2020-01-29 13:13:17.791772][__main__.TRPOAgent.log][learning]: 

***************
BEGINNING TRAINING
***************



[2020-01-29 13:13:17.792369][__main__.TRPOAgent.log][batch_info]: Batch #0, batch length: 805

[2020-01-29 13:13:19.148561][__main__.TRPOAgent.log][batch_info]: Current batch value loss: 1.6422743529458292

[2020-01-29 13:13:19.902240][__main__.TRPOAgent.log][learning]: Episode #17

[2020-01-29 13:13:19.904017][__main__.TRPOAgent.log][batch_info]: Rollout statistics size: 805, Batch size: 1000, Number of batches: 1

[2020-01-29 13:13:19.904443][__main__.TRPOAgent.log][learning]: 

***************
BEGINNING TRAINING
***************



[2020-01-29 13:13:19.905217][__main__.TRPOAgent.log][batch_info]: Batch #0, batch length: 805

[2020-01-29 13:13:21.335349][__main__.TRPOAgent.log][batch_info]: Current batch value loss: 1.5906466565095008

[2020-01-29 13:13:22.008232][__main__.TRPOAgent.log][learning]: Episode #18

[2020-01-29 13:13:22.008786][__main__.TRPOAgent.log][learning]: Performing rollouts: rollout length: 1500

[2020-01-29 13:13:22.714835][__main__.TRPOAgent.log][learning]: Rollouts performed

[2020-01-29 13:13:22.716839][__main__.TRPOAgent.log][batch_info]: Rollout statistics size: 803, Batch size: 1000, Number of batches: 1

[2020-01-29 13:13:22.717246][__main__.TRPOAgent.log][learning]: 

***************
BEGINNING TRAINING
***************



[2020-01-29 13:13:22.717859][__main__.TRPOAgent.log][batch_info]: Batch #0, batch length: 803

[2020-01-29 13:13:24.191795][__main__.TRPOAgent.log][batch_info]: Current batch value loss: 2.1772548048063705

[2020-01-29 13:13:24.908083][__main__.TRPOAgent.log][learning]: Episode #19

[2020-01-29 13:13:24.910966][__main__.TRPOAgent.log][batch_info]: Rollout statistics size: 803, Batch size: 1000, Number of batches: 1

[2020-01-29 13:13:24.911534][__main__.TRPOAgent.log][learning]: 

***************
BEGINNING TRAINING
***************



[2020-01-29 13:13:24.912783][__main__.TRPOAgent.log][batch_info]: Batch #0, batch length: 803

[2020-01-29 13:13:26.474754][__main__.TRPOAgent.log][batch_info]: Current batch value loss: 2.0304937195845274

[2020-01-29 13:13:27.436387][__main__.TRPOAgent.log][learning]: Episode #20

[2020-01-29 13:13:27.437657][__main__.TRPOAgent.log][learning]: Performing rollouts: rollout length: 1500

[2020-01-29 13:13:28.443691][__main__.TRPOAgent.log][learning]: Rollouts performed

[2020-01-29 13:13:28.445715][__main__.TRPOAgent.log][batch_info]: Rollout statistics size: 794, Batch size: 1000, Number of batches: 1

[2020-01-29 13:13:28.446168][__main__.TRPOAgent.log][learning]: 

***************
BEGINNING TRAINING
***************



[2020-01-29 13:13:28.447015][__main__.TRPOAgent.log][batch_info]: Batch #0, batch length: 794

[2020-01-29 13:13:30.137958][__main__.TRPOAgent.log][batch_info]: Current batch value loss: 1.6346274011096167

[2020-01-29 13:13:31.054405][__main__.TRPOAgent.log][learning]: Episode #21

[2020-01-29 13:13:31.056564][__main__.TRPOAgent.log][batch_info]: Rollout statistics size: 794, Batch size: 1000, Number of batches: 1

[2020-01-29 13:13:31.057111][__main__.TRPOAgent.log][learning]: 

***************
BEGINNING TRAINING
***************



[2020-01-29 13:13:31.058058][__main__.TRPOAgent.log][batch_info]: Batch #0, batch length: 794

[2020-01-29 13:13:32.687373][__main__.TRPOAgent.log][batch_info]: Current batch value loss: 1.5172979474005117

[2020-01-29 13:13:33.793541][__main__.TRPOAgent.log][learning]: Episode #22

[2020-01-29 13:13:33.794010][__main__.TRPOAgent.log][learning]: Performing rollouts: rollout length: 1500

[2020-01-29 13:13:34.539494][__main__.TRPOAgent.log][learning]: Rollouts performed

[2020-01-29 13:13:34.542260][__main__.TRPOAgent.log][batch_info]: Rollout statistics size: 788, Batch size: 1000, Number of batches: 1

[2020-01-29 13:13:34.542768][__main__.TRPOAgent.log][learning]: 

***************
BEGINNING TRAINING
***************



[2020-01-29 13:13:34.543719][__main__.TRPOAgent.log][batch_info]: Batch #0, batch length: 788

[2020-01-29 13:13:36.021880][__main__.TRPOAgent.log][batch_info]: Current batch value loss: 0.9349538064343309

[2020-01-29 13:13:36.941031][__main__.TRPOAgent.log][learning]: Episode #23

[2020-01-29 13:13:36.942418][__main__.TRPOAgent.log][batch_info]: Rollout statistics size: 788, Batch size: 1000, Number of batches: 1

[2020-01-29 13:13:36.942687][__main__.TRPOAgent.log][learning]: 

***************
BEGINNING TRAINING
***************



[2020-01-29 13:13:36.943218][__main__.TRPOAgent.log][batch_info]: Batch #0, batch length: 788

