LOGGER started at 2020-01-28 21:08:29.599945.
Currently active debug channels:
	act
	batch_info
	linesearch
	learning
[2020-01-28 21:08:29.995605][__main__.TRPOAgent.log][learning]: Episode #0

[2020-01-28 21:08:30.191871][__main__.TRPOAgent.log][learning]: Performing rollouts: rollout length: 1500

[2020-01-28 21:08:30.573746][__main__.TRPOAgent.log][learning]: Rollouts performed

[2020-01-28 21:08:30.576063][__main__.TRPOAgent.log][batch_info]: Rollout statistics size: 278, Batch size: 1000, Number of batches: 1

[2020-01-28 21:08:30.576563][__main__.TRPOAgent.log][learning]: 

***************
BEGINNING TRAINING
***************



[2020-01-28 21:08:30.577198][__main__.TRPOAgent.log][batch_info]: Batch #0, batch length: 278

[2020-01-28 21:08:30.685999][__main__.TRPOAgent.log][linesearch]: Linesearch worked at 0, New mean kl div: 0.01773623135335916, New policy loss value: -0.005509741330820297

[2020-01-28 21:08:31.008259][__main__.TRPOAgent.log][batch_info]: Current batch value loss: 1.5017463756182532

[2020-01-28 21:08:31.008652][__main__.TRPOAgent.log][linesearch]: Linesearch successful, updating policy parameters

[2020-01-28 21:08:32.397267][__main__.TRPOAgent.log][learning]: Episode #1

[2020-01-28 21:08:32.397837][__main__.TRPOAgent.log][learning]: Performing rollouts: rollout length: 1500

[2020-01-28 21:08:32.810976][__main__.TRPOAgent.log][learning]: Rollouts performed

[2020-01-28 21:08:32.813671][__main__.TRPOAgent.log][batch_info]: Rollout statistics size: 274, Batch size: 1000, Number of batches: 1

[2020-01-28 21:08:32.814252][__main__.TRPOAgent.log][learning]: 

***************
BEGINNING TRAINING
***************



[2020-01-28 21:08:32.814936][__main__.TRPOAgent.log][batch_info]: Batch #0, batch length: 274

[2020-01-28 21:08:32.920297][__main__.TRPOAgent.log][linesearch]: Linesearch worked at 1, New mean kl div: 1.5557489631120393e-08, New policy loss value: 3.219232701517794e-05

[2020-01-28 21:08:33.036406][__main__.TRPOAgent.log][batch_info]: Current batch value loss: 0.19825920778854914

[2020-01-28 21:08:33.036800][__main__.TRPOAgent.log][linesearch]: Linesearch successful, updating policy parameters

[2020-01-28 21:08:33.764549][__main__.TRPOAgent.log][learning]: Episode #2

[2020-01-28 21:08:33.765176][__main__.TRPOAgent.log][learning]: Performing rollouts: rollout length: 1500

[2020-01-28 21:08:34.136950][__main__.TRPOAgent.log][learning]: Rollouts performed

[2020-01-28 21:08:34.138563][__main__.TRPOAgent.log][batch_info]: Rollout statistics size: 281, Batch size: 1000, Number of batches: 1

[2020-01-28 21:08:34.138946][__main__.TRPOAgent.log][learning]: 

***************
BEGINNING TRAINING
***************



[2020-01-28 21:08:34.139326][__main__.TRPOAgent.log][batch_info]: Batch #0, batch length: 281

[2020-01-28 21:08:34.210825][__main__.TRPOAgent.log][linesearch]: Linesearch worked at 0, New mean kl div: 0.01893081345432297, New policy loss value: 0.026714150790843664

[2020-01-28 21:08:34.319818][__main__.TRPOAgent.log][batch_info]: Current batch value loss: 0.3482515237549453

[2020-01-28 21:08:34.320235][__main__.TRPOAgent.log][linesearch]: Linesearch successful, updating policy parameters

[2020-01-28 21:08:35.692705][__main__.TRPOAgent.log][learning]: Episode #3

[2020-01-28 21:08:35.693239][__main__.TRPOAgent.log][learning]: Performing rollouts: rollout length: 1500

[2020-01-28 21:08:39.053448][__main__.TRPOAgent.log][learning]: Rollouts performed

[2020-01-28 21:08:39.059836][__main__.TRPOAgent.log][batch_info]: Rollout statistics size: 3492, Batch size: 1000, Number of batches: 1

[2020-01-28 21:08:39.060275][__main__.TRPOAgent.log][learning]: 

***************
BEGINNING TRAINING
***************



[2020-01-28 21:08:39.061590][__main__.TRPOAgent.log][batch_info]: Batch #0, batch length: 3492

[2020-01-28 21:08:39.220079][__main__.TRPOAgent.log][linesearch]: Linesearch worked at 0, New mean kl div: 0.0009281873080559488, New policy loss value: 0.00034756246113441054

[2020-01-28 21:08:40.214317][__main__.TRPOAgent.log][batch_info]: Current batch value loss: 332.93505962041627

[2020-01-28 21:08:40.214709][__main__.TRPOAgent.log][linesearch]: Linesearch successful, updating policy parameters

[2020-01-28 21:08:40.827270][__main__.TRPOAgent.log][learning]: Episode #4

[2020-01-28 21:08:40.827649][__main__.TRPOAgent.log][learning]: Performing rollouts: rollout length: 1500

[2020-01-28 21:08:41.181012][__main__.TRPOAgent.log][learning]: Rollouts performed

[2020-01-28 21:08:41.183042][__main__.TRPOAgent.log][batch_info]: Rollout statistics size: 278, Batch size: 1000, Number of batches: 1

[2020-01-28 21:08:41.183385][__main__.TRPOAgent.log][learning]: 

***************
BEGINNING TRAINING
***************



[2020-01-28 21:08:41.183732][__main__.TRPOAgent.log][batch_info]: Batch #0, batch length: 278

[2020-01-28 21:08:41.252824][__main__.TRPOAgent.log][linesearch]: Linesearch worked at 0, New mean kl div: 0.019810377950002227, New policy loss value: 0.00015961066991679337

[2020-01-28 21:08:41.362763][__main__.TRPOAgent.log][batch_info]: Current batch value loss: 21.101029739534255

[2020-01-28 21:08:41.363162][__main__.TRPOAgent.log][linesearch]: Linesearch successful, updating policy parameters

[2020-01-28 21:08:41.885534][__main__.TRPOAgent.log][learning]: Episode #5

[2020-01-28 21:08:41.886106][__main__.TRPOAgent.log][learning]: Performing rollouts: rollout length: 1500

[2020-01-28 21:08:42.239129][__main__.TRPOAgent.log][learning]: Rollouts performed

[2020-01-28 21:08:42.240776][__main__.TRPOAgent.log][batch_info]: Rollout statistics size: 303, Batch size: 1000, Number of batches: 1

[2020-01-28 21:08:42.241109][__main__.TRPOAgent.log][learning]: 

***************
BEGINNING TRAINING
***************



[2020-01-28 21:08:42.241449][__main__.TRPOAgent.log][batch_info]: Batch #0, batch length: 303

[2020-01-28 21:08:42.323554][__main__.TRPOAgent.log][linesearch]: Linesearch worked at 0, New mean kl div: 0.003656194451943599, New policy loss value: 0.009379103098276732

[2020-01-28 21:08:42.443026][__main__.TRPOAgent.log][batch_info]: Current batch value loss: 20.867314591278436

[2020-01-28 21:08:42.443419][__main__.TRPOAgent.log][linesearch]: Linesearch successful, updating policy parameters

[2020-01-28 21:08:43.003547][__main__.TRPOAgent.log][learning]: Episode #6

[2020-01-28 21:08:43.003947][__main__.TRPOAgent.log][learning]: Performing rollouts: rollout length: 1500

[2020-01-28 21:08:43.401169][__main__.TRPOAgent.log][learning]: Rollouts performed

[2020-01-28 21:08:43.403529][__main__.TRPOAgent.log][batch_info]: Rollout statistics size: 303, Batch size: 1000, Number of batches: 1

[2020-01-28 21:08:43.404041][__main__.TRPOAgent.log][learning]: 

***************
BEGINNING TRAINING
***************



[2020-01-28 21:08:43.404669][__main__.TRPOAgent.log][batch_info]: Batch #0, batch length: 303

[2020-01-28 21:08:43.477488][__main__.TRPOAgent.log][linesearch]: Linesearch worked at 0, New mean kl div: 0.019925947590882342, New policy loss value: 0.0010959891475952068

[2020-01-28 21:08:43.594700][__main__.TRPOAgent.log][batch_info]: Current batch value loss: 13.130158177868958

[2020-01-28 21:08:43.595090][__main__.TRPOAgent.log][linesearch]: Linesearch successful, updating policy parameters

[2020-01-28 21:08:44.140045][__main__.TRPOAgent.log][learning]: Episode #7

[2020-01-28 21:08:44.140777][__main__.TRPOAgent.log][learning]: Performing rollouts: rollout length: 1500

[2020-01-28 21:08:44.540206][__main__.TRPOAgent.log][learning]: Rollouts performed

[2020-01-28 21:08:44.541855][__main__.TRPOAgent.log][batch_info]: Rollout statistics size: 309, Batch size: 1000, Number of batches: 1

[2020-01-28 21:08:44.542296][__main__.TRPOAgent.log][learning]: 

***************
BEGINNING TRAINING
***************



[2020-01-28 21:08:44.542686][__main__.TRPOAgent.log][batch_info]: Batch #0, batch length: 309

[2020-01-28 21:08:44.616132][__main__.TRPOAgent.log][linesearch]: Linesearch worked at 0, New mean kl div: 0.019839846086658237, New policy loss value: 0.0135669469413498

[2020-01-28 21:08:44.732524][__main__.TRPOAgent.log][batch_info]: Current batch value loss: 9.68236024148497

[2020-01-28 21:08:44.732921][__main__.TRPOAgent.log][linesearch]: Linesearch successful, updating policy parameters

[2020-01-28 21:08:45.319632][__main__.TRPOAgent.log][learning]: Episode #8

[2020-01-28 21:08:45.320091][__main__.TRPOAgent.log][learning]: Performing rollouts: rollout length: 1500

[2020-01-28 21:08:45.645747][__main__.TRPOAgent.log][learning]: Rollouts performed

[2020-01-28 21:08:45.647407][__main__.TRPOAgent.log][batch_info]: Rollout statistics size: 276, Batch size: 1000, Number of batches: 1

[2020-01-28 21:08:45.647777][__main__.TRPOAgent.log][learning]: 

***************
BEGINNING TRAINING
***************



[2020-01-28 21:08:45.648134][__main__.TRPOAgent.log][batch_info]: Batch #0, batch length: 276

[2020-01-28 21:08:45.720546][__main__.TRPOAgent.log][linesearch]: Linesearch worked at 0, New mean kl div: 0.019766929330657053, New policy loss value: 0.002952459308184566

[2020-01-28 21:08:45.829815][__main__.TRPOAgent.log][batch_info]: Current batch value loss: 9.83781419803078

[2020-01-28 21:08:45.830205][__main__.TRPOAgent.log][linesearch]: Linesearch successful, updating policy parameters

[2020-01-28 21:08:46.404688][__main__.TRPOAgent.log][learning]: Episode #9

[2020-01-28 21:08:46.405278][__main__.TRPOAgent.log][learning]: Performing rollouts: rollout length: 1500

[2020-01-28 21:08:46.771275][__main__.TRPOAgent.log][learning]: Rollouts performed

[2020-01-28 21:08:46.773095][__main__.TRPOAgent.log][batch_info]: Rollout statistics size: 279, Batch size: 1000, Number of batches: 1

[2020-01-28 21:08:46.773467][__main__.TRPOAgent.log][learning]: 

***************
BEGINNING TRAINING
***************



[2020-01-28 21:08:46.773873][__main__.TRPOAgent.log][batch_info]: Batch #0, batch length: 279

[2020-01-28 21:08:46.855003][__main__.TRPOAgent.log][linesearch]: Linesearch worked at 1, New mean kl div: 1.997428606058903e-08, New policy loss value: 4.928291191046406e-06

[2020-01-28 21:08:46.964490][__main__.TRPOAgent.log][batch_info]: Current batch value loss: 6.987789327385552

[2020-01-28 21:08:46.964877][__main__.TRPOAgent.log][linesearch]: Linesearch successful, updating policy parameters

[2020-01-28 21:08:47.523191][__main__.TRPOAgent.log][learning]: Episode #10

[2020-01-28 21:08:47.523753][__main__.TRPOAgent.log][learning]: Performing rollouts: rollout length: 1500

[2020-01-28 21:08:47.876257][__main__.TRPOAgent.log][learning]: Rollouts performed

[2020-01-28 21:08:47.877906][__main__.TRPOAgent.log][batch_info]: Rollout statistics size: 285, Batch size: 1000, Number of batches: 1

[2020-01-28 21:08:47.878262][__main__.TRPOAgent.log][learning]: 

***************
BEGINNING TRAINING
***************



[2020-01-28 21:08:47.878599][__main__.TRPOAgent.log][batch_info]: Batch #0, batch length: 285

[2020-01-28 21:08:47.957674][__main__.TRPOAgent.log][linesearch]: Linesearch worked at 1, New mean kl div: 1.9974287368895792e-08, New policy loss value: 5.0311894665190625e-06

[2020-01-28 21:08:48.064091][__main__.TRPOAgent.log][batch_info]: Current batch value loss: 4.818844747165496

[2020-01-28 21:08:48.064480][__main__.TRPOAgent.log][linesearch]: Linesearch successful, updating policy parameters

[2020-01-28 21:08:48.707125][__main__.TRPOAgent.log][learning]: Episode #11

[2020-01-28 21:08:48.707630][__main__.TRPOAgent.log][learning]: Performing rollouts: rollout length: 1500

[2020-01-28 21:08:49.042638][__main__.TRPOAgent.log][learning]: Rollouts performed

[2020-01-28 21:08:49.044215][__main__.TRPOAgent.log][batch_info]: Rollout statistics size: 279, Batch size: 1000, Number of batches: 1

[2020-01-28 21:08:49.044656][__main__.TRPOAgent.log][learning]: 

***************
BEGINNING TRAINING
***************



[2020-01-28 21:08:49.045218][__main__.TRPOAgent.log][batch_info]: Batch #0, batch length: 279

[2020-01-28 21:08:49.123324][__main__.TRPOAgent.log][linesearch]: Linesearch worked at 1, New mean kl div: 1.997428901444364e-08, New policy loss value: 9.220642060527153e-06

[2020-01-28 21:08:49.228716][__main__.TRPOAgent.log][batch_info]: Current batch value loss: 3.7118086567829534

[2020-01-28 21:08:49.229099][__main__.TRPOAgent.log][linesearch]: Linesearch successful, updating policy parameters

[2020-01-28 21:08:49.740383][__main__.TRPOAgent.log][learning]: Episode #12

[2020-01-28 21:08:49.741306][__main__.TRPOAgent.log][learning]: Performing rollouts: rollout length: 1500

[2020-01-28 21:08:50.084556][__main__.TRPOAgent.log][learning]: Rollouts performed

[2020-01-28 21:08:50.086051][__main__.TRPOAgent.log][batch_info]: Rollout statistics size: 278, Batch size: 1000, Number of batches: 1

[2020-01-28 21:08:50.086368][__main__.TRPOAgent.log][learning]: 

***************
BEGINNING TRAINING
***************



[2020-01-28 21:08:50.086712][__main__.TRPOAgent.log][batch_info]: Batch #0, batch length: 278

[2020-01-28 21:08:50.161714][__main__.TRPOAgent.log][linesearch]: Linesearch worked at 1, New mean kl div: 1.997429064756382e-08, New policy loss value: 3.2484612901344473e-06

[2020-01-28 21:08:50.268637][__main__.TRPOAgent.log][batch_info]: Current batch value loss: 2.5259189486569404

[2020-01-28 21:08:50.269037][__main__.TRPOAgent.log][linesearch]: Linesearch successful, updating policy parameters

[2020-01-28 21:08:50.907296][__main__.TRPOAgent.log][learning]: Episode #13

[2020-01-28 21:08:50.907681][__main__.TRPOAgent.log][learning]: Performing rollouts: rollout length: 1500

[2020-01-28 21:08:51.274452][__main__.TRPOAgent.log][learning]: Rollouts performed

[2020-01-28 21:08:51.276864][__main__.TRPOAgent.log][batch_info]: Rollout statistics size: 277, Batch size: 1000, Number of batches: 1

[2020-01-28 21:08:51.277406][__main__.TRPOAgent.log][learning]: 

***************
BEGINNING TRAINING
***************



[2020-01-28 21:08:51.278075][__main__.TRPOAgent.log][batch_info]: Batch #0, batch length: 277

[2020-01-28 21:08:51.362532][__main__.TRPOAgent.log][linesearch]: Linesearch worked at 1, New mean kl div: 1.997429232052843e-08, New policy loss value: 9.154787612977632e-06

[2020-01-28 21:08:51.470188][__main__.TRPOAgent.log][batch_info]: Current batch value loss: 2.5143006148307654

[2020-01-28 21:08:51.470584][__main__.TRPOAgent.log][linesearch]: Linesearch successful, updating policy parameters

[2020-01-28 21:08:52.027069][__main__.TRPOAgent.log][learning]: Episode #14

[2020-01-28 21:08:52.027436][__main__.TRPOAgent.log][learning]: Performing rollouts: rollout length: 1500

[2020-01-28 21:08:52.355629][__main__.TRPOAgent.log][learning]: Rollouts performed

[2020-01-28 21:08:52.357429][__main__.TRPOAgent.log][batch_info]: Rollout statistics size: 284, Batch size: 1000, Number of batches: 1

[2020-01-28 21:08:52.357767][__main__.TRPOAgent.log][learning]: 

***************
BEGINNING TRAINING
***************



[2020-01-28 21:08:52.358111][__main__.TRPOAgent.log][batch_info]: Batch #0, batch length: 284

[2020-01-28 21:08:52.434982][__main__.TRPOAgent.log][linesearch]: Linesearch worked at 1, New mean kl div: 1.9974293835592545e-08, New policy loss value: 1.211234324990733e-05

[2020-01-28 21:08:52.545122][__main__.TRPOAgent.log][batch_info]: Current batch value loss: 2.732286391064072

[2020-01-28 21:08:52.545507][__main__.TRPOAgent.log][linesearch]: Linesearch successful, updating policy parameters

[2020-01-28 21:08:53.122355][__main__.TRPOAgent.log][learning]: Episode #15

[2020-01-28 21:08:53.122717][__main__.TRPOAgent.log][learning]: Performing rollouts: rollout length: 1500

[2020-01-28 21:08:53.475482][__main__.TRPOAgent.log][learning]: Rollouts performed

[2020-01-28 21:08:53.477058][__main__.TRPOAgent.log][batch_info]: Rollout statistics size: 280, Batch size: 1000, Number of batches: 1

[2020-01-28 21:08:53.477469][__main__.TRPOAgent.log][learning]: 

***************
BEGINNING TRAINING
***************



[2020-01-28 21:08:53.477838][__main__.TRPOAgent.log][batch_info]: Batch #0, batch length: 280

[2020-01-28 21:08:53.554648][__main__.TRPOAgent.log][linesearch]: Linesearch worked at 1, New mean kl div: 1.9974295539511126e-08, New policy loss value: 7.1588655330987306e-06

[2020-01-28 21:08:53.659693][__main__.TRPOAgent.log][batch_info]: Current batch value loss: 1.9162261005574173

[2020-01-28 21:08:53.660086][__main__.TRPOAgent.log][linesearch]: Linesearch successful, updating policy parameters

[2020-01-28 21:08:54.297587][__main__.TRPOAgent.log][learning]: Episode #16

[2020-01-28 21:08:54.298312][__main__.TRPOAgent.log][learning]: Performing rollouts: rollout length: 1500

[2020-01-28 21:08:54.684840][__main__.TRPOAgent.log][learning]: Rollouts performed

[2020-01-28 21:08:54.686439][__main__.TRPOAgent.log][batch_info]: Rollout statistics size: 287, Batch size: 1000, Number of batches: 1

[2020-01-28 21:08:54.686802][__main__.TRPOAgent.log][learning]: 

***************
BEGINNING TRAINING
***************



[2020-01-28 21:08:54.687169][__main__.TRPOAgent.log][batch_info]: Batch #0, batch length: 287

[2020-01-28 21:08:54.764112][__main__.TRPOAgent.log][linesearch]: Linesearch worked at 1, New mean kl div: 1.9974296906161517e-08, New policy loss value: 1.18758354487794e-05

[2020-01-28 21:08:54.873687][__main__.TRPOAgent.log][batch_info]: Current batch value loss: 2.364698146438695

[2020-01-28 21:08:54.874076][__main__.TRPOAgent.log][linesearch]: Linesearch successful, updating policy parameters

[2020-01-28 21:08:55.531655][__main__.TRPOAgent.log][learning]: Episode #17

[2020-01-28 21:08:55.532244][__main__.TRPOAgent.log][learning]: Performing rollouts: rollout length: 1500

[2020-01-28 21:08:55.955231][__main__.TRPOAgent.log][learning]: Rollouts performed

[2020-01-28 21:08:55.957299][__main__.TRPOAgent.log][batch_info]: Rollout statistics size: 275, Batch size: 1000, Number of batches: 1

[2020-01-28 21:08:55.957683][__main__.TRPOAgent.log][learning]: 

***************
BEGINNING TRAINING
***************



[2020-01-28 21:08:55.958147][__main__.TRPOAgent.log][batch_info]: Batch #0, batch length: 275

[2020-01-28 21:08:56.056947][__main__.TRPOAgent.log][linesearch]: Linesearch worked at 1, New mean kl div: 1.9974298659885636e-08, New policy loss value: 8.380941084951132e-07

[2020-01-28 21:08:56.203383][__main__.TRPOAgent.log][batch_info]: Current batch value loss: 1.4157986200407793

[2020-01-28 21:08:56.203833][__main__.TRPOAgent.log][linesearch]: Linesearch successful, updating policy parameters

[2020-01-28 21:08:56.881576][__main__.TRPOAgent.log][learning]: Episode #18

[2020-01-28 21:08:56.882407][__main__.TRPOAgent.log][learning]: Performing rollouts: rollout length: 1500

[2020-01-28 21:08:57.288146][__main__.TRPOAgent.log][learning]: Rollouts performed

[2020-01-28 21:08:57.289998][__main__.TRPOAgent.log][batch_info]: Rollout statistics size: 275, Batch size: 1000, Number of batches: 1

[2020-01-28 21:08:57.290370][__main__.TRPOAgent.log][learning]: 

***************
BEGINNING TRAINING
***************



[2020-01-28 21:08:57.290746][__main__.TRPOAgent.log][batch_info]: Batch #0, batch length: 275

[2020-01-28 21:08:57.375926][__main__.TRPOAgent.log][linesearch]: Linesearch worked at 1, New mean kl div: 1.9974300161329462e-08, New policy loss value: 2.6514440248179032e-06

[2020-01-28 21:08:57.487409][__main__.TRPOAgent.log][batch_info]: Current batch value loss: 1.4663873031182824

[2020-01-28 21:08:57.487809][__main__.TRPOAgent.log][linesearch]: Linesearch successful, updating policy parameters

[2020-01-28 21:08:58.280978][__main__.TRPOAgent.log][learning]: Episode #19

[2020-01-28 21:08:58.282117][__main__.TRPOAgent.log][learning]: Performing rollouts: rollout length: 1500

