LOGGER started at 2020-01-29 16:54:56.533672.
Currently active debug channels:
	act
	batch_info
	linesearch
	learning
[2020-01-29 16:54:56.906272][__main__.TRPOAgent.log][learning]: Episode #0

[2020-01-29 16:54:57.102241][__main__.TRPOAgent.log][learning]: Performing rollouts: rollout length: 1500

[2020-01-29 16:54:57.403052][__main__.TRPOAgent.log][learning]: Rollouts performed

[2020-01-29 16:54:57.404955][__main__.TRPOAgent.log][batch_info]: Rollout statistics size: 315, Batch size: 100, Number of batches: 1

[2020-01-29 16:54:57.405481][__main__.TRPOAgent.log][learning]: 

***************
BEGINNING TRAINING
***************



[2020-01-29 16:54:57.406135][__main__.TRPOAgent.log][batch_info]: Batch #0, batch length: 315

[2020-01-29 16:54:57.822061][__main__.TRPOAgent.log][batch_info]: Current batch value loss: 1.6045710848948695

[2020-01-29 16:54:58.987330][__main__.TRPOAgent.log][learning]: Episode #1

[2020-01-29 16:54:58.990493][__main__.TRPOAgent.log][batch_info]: Rollout statistics size: 315, Batch size: 100, Number of batches: 1

[2020-01-29 16:54:58.991475][__main__.TRPOAgent.log][learning]: 

***************
BEGINNING TRAINING
***************



[2020-01-29 16:54:58.992774][__main__.TRPOAgent.log][batch_info]: Batch #0, batch length: 315

[2020-01-29 16:54:59.239500][__main__.TRPOAgent.log][batch_info]: Current batch value loss: 0.7516956516654261

[2020-01-29 16:55:00.078383][__main__.TRPOAgent.log][learning]: Episode #2

[2020-01-29 16:55:00.079443][__main__.TRPOAgent.log][batch_info]: Rollout statistics size: 315, Batch size: 100, Number of batches: 1

[2020-01-29 16:55:00.079842][__main__.TRPOAgent.log][learning]: 

***************
BEGINNING TRAINING
***************



[2020-01-29 16:55:00.080371][__main__.TRPOAgent.log][batch_info]: Batch #0, batch length: 315

[2020-01-29 16:55:00.270253][__main__.TRPOAgent.log][batch_info]: Current batch value loss: 0.6827081298656699

[2020-01-29 16:55:00.929235][__main__.TRPOAgent.log][learning]: Episode #3

[2020-01-29 16:55:00.930122][__main__.TRPOAgent.log][batch_info]: Rollout statistics size: 315, Batch size: 100, Number of batches: 1

[2020-01-29 16:55:00.930533][__main__.TRPOAgent.log][learning]: 

***************
BEGINNING TRAINING
***************



[2020-01-29 16:55:00.931061][__main__.TRPOAgent.log][batch_info]: Batch #0, batch length: 315

[2020-01-29 16:55:01.112873][__main__.TRPOAgent.log][batch_info]: Current batch value loss: 0.5049447792822267

[2020-01-29 16:55:01.681476][__main__.TRPOAgent.log][learning]: Episode #4

[2020-01-29 16:55:01.683049][__main__.TRPOAgent.log][batch_info]: Rollout statistics size: 315, Batch size: 100, Number of batches: 1

[2020-01-29 16:55:01.683856][__main__.TRPOAgent.log][learning]: 

***************
BEGINNING TRAINING
***************



[2020-01-29 16:55:01.684608][__main__.TRPOAgent.log][batch_info]: Batch #0, batch length: 315

[2020-01-29 16:55:01.864389][__main__.TRPOAgent.log][batch_info]: Current batch value loss: 0.5828215571315161

[2020-01-29 16:55:02.441942][__main__.TRPOAgent.log][learning]: Episode #5

[2020-01-29 16:55:02.442693][__main__.TRPOAgent.log][learning]: Performing rollouts: rollout length: 1500

[2020-01-29 16:55:02.770838][__main__.TRPOAgent.log][learning]: Rollouts performed

[2020-01-29 16:55:02.772247][__main__.TRPOAgent.log][batch_info]: Rollout statistics size: 311, Batch size: 100, Number of batches: 1

[2020-01-29 16:55:02.772606][__main__.TRPOAgent.log][learning]: 

***************
BEGINNING TRAINING
***************



[2020-01-29 16:55:02.773041][__main__.TRPOAgent.log][batch_info]: Batch #0, batch length: 311

[2020-01-29 16:55:02.947407][__main__.TRPOAgent.log][batch_info]: Current batch value loss: 0.2906391792387422

[2020-01-29 16:55:03.478865][__main__.TRPOAgent.log][learning]: Episode #6

[2020-01-29 16:55:03.479674][__main__.TRPOAgent.log][batch_info]: Rollout statistics size: 311, Batch size: 100, Number of batches: 1

[2020-01-29 16:55:03.479988][__main__.TRPOAgent.log][learning]: 

***************
BEGINNING TRAINING
***************



[2020-01-29 16:55:03.480469][__main__.TRPOAgent.log][batch_info]: Batch #0, batch length: 311

[2020-01-29 16:55:03.650597][__main__.TRPOAgent.log][batch_info]: Current batch value loss: 0.2804306446837818

[2020-01-29 16:55:04.213165][__main__.TRPOAgent.log][learning]: Episode #7

[2020-01-29 16:55:04.214009][__main__.TRPOAgent.log][batch_info]: Rollout statistics size: 311, Batch size: 100, Number of batches: 1

[2020-01-29 16:55:04.214327][__main__.TRPOAgent.log][learning]: 

***************
BEGINNING TRAINING
***************



[2020-01-29 16:55:04.214733][__main__.TRPOAgent.log][batch_info]: Batch #0, batch length: 311

[2020-01-29 16:55:04.387676][__main__.TRPOAgent.log][batch_info]: Current batch value loss: 0.3109633711762349

[2020-01-29 16:55:04.930015][__main__.TRPOAgent.log][learning]: Episode #8

[2020-01-29 16:55:04.930828][__main__.TRPOAgent.log][batch_info]: Rollout statistics size: 311, Batch size: 100, Number of batches: 1

[2020-01-29 16:55:04.931123][__main__.TRPOAgent.log][learning]: 

***************
BEGINNING TRAINING
***************



[2020-01-29 16:55:04.931529][__main__.TRPOAgent.log][batch_info]: Batch #0, batch length: 311

[2020-01-29 16:55:05.102227][__main__.TRPOAgent.log][batch_info]: Current batch value loss: 0.4977158741306602

[2020-01-29 16:55:05.682683][__main__.TRPOAgent.log][learning]: Episode #9

[2020-01-29 16:55:05.684186][__main__.TRPOAgent.log][batch_info]: Rollout statistics size: 311, Batch size: 100, Number of batches: 1

[2020-01-29 16:55:05.684928][__main__.TRPOAgent.log][learning]: 

***************
BEGINNING TRAINING
***************



[2020-01-29 16:55:05.685866][__main__.TRPOAgent.log][batch_info]: Batch #0, batch length: 311

[2020-01-29 16:55:05.864088][__main__.TRPOAgent.log][batch_info]: Current batch value loss: 0.32257543498059416

[2020-01-29 16:55:06.397830][__main__.TRPOAgent.log][learning]: Episode #10

[2020-01-29 16:55:06.398188][__main__.TRPOAgent.log][learning]: Performing rollouts: rollout length: 1500

[2020-01-29 16:55:06.713780][__main__.TRPOAgent.log][learning]: Rollouts performed

[2020-01-29 16:55:06.715161][__main__.TRPOAgent.log][batch_info]: Rollout statistics size: 303, Batch size: 100, Number of batches: 1

[2020-01-29 16:55:06.715495][__main__.TRPOAgent.log][learning]: 

***************
BEGINNING TRAINING
***************



[2020-01-29 16:55:06.716016][__main__.TRPOAgent.log][batch_info]: Batch #0, batch length: 303

[2020-01-29 16:55:06.890931][__main__.TRPOAgent.log][batch_info]: Current batch value loss: 0.12240753850360171

[2020-01-29 16:55:07.427631][__main__.TRPOAgent.log][learning]: Episode #11

[2020-01-29 16:55:07.428598][__main__.TRPOAgent.log][batch_info]: Rollout statistics size: 303, Batch size: 100, Number of batches: 1

[2020-01-29 16:55:07.428988][__main__.TRPOAgent.log][learning]: 

***************
BEGINNING TRAINING
***************



[2020-01-29 16:55:07.429477][__main__.TRPOAgent.log][batch_info]: Batch #0, batch length: 303

[2020-01-29 16:55:07.604808][__main__.TRPOAgent.log][batch_info]: Current batch value loss: 0.07847442983789972

[2020-01-29 16:55:08.194027][__main__.TRPOAgent.log][learning]: Episode #12

[2020-01-29 16:55:08.194922][__main__.TRPOAgent.log][batch_info]: Rollout statistics size: 303, Batch size: 100, Number of batches: 1

[2020-01-29 16:55:08.195262][__main__.TRPOAgent.log][learning]: 

***************
BEGINNING TRAINING
***************



[2020-01-29 16:55:08.195758][__main__.TRPOAgent.log][batch_info]: Batch #0, batch length: 303

[2020-01-29 16:55:08.367637][__main__.TRPOAgent.log][batch_info]: Current batch value loss: 0.12338441009424937

[2020-01-29 16:55:08.962178][__main__.TRPOAgent.log][learning]: Episode #13

[2020-01-29 16:55:08.963264][__main__.TRPOAgent.log][batch_info]: Rollout statistics size: 303, Batch size: 100, Number of batches: 1

[2020-01-29 16:55:08.963689][__main__.TRPOAgent.log][learning]: 

***************
BEGINNING TRAINING
***************



[2020-01-29 16:55:08.964311][__main__.TRPOAgent.log][batch_info]: Batch #0, batch length: 303

[2020-01-29 16:55:09.140173][__main__.TRPOAgent.log][batch_info]: Current batch value loss: 0.09109537702505784

[2020-01-29 16:55:09.681387][__main__.TRPOAgent.log][learning]: Episode #14

[2020-01-29 16:55:09.682183][__main__.TRPOAgent.log][batch_info]: Rollout statistics size: 303, Batch size: 100, Number of batches: 1

[2020-01-29 16:55:09.682476][__main__.TRPOAgent.log][learning]: 

***************
BEGINNING TRAINING
***************



[2020-01-29 16:55:09.682860][__main__.TRPOAgent.log][batch_info]: Batch #0, batch length: 303

[2020-01-29 16:55:09.855197][__main__.TRPOAgent.log][batch_info]: Current batch value loss: 0.08674696434491876

[2020-01-29 16:55:10.459760][__main__.TRPOAgent.log][learning]: Episode #15

[2020-01-29 16:55:10.460244][__main__.TRPOAgent.log][learning]: Performing rollouts: rollout length: 1500

[2020-01-29 16:55:10.749138][__main__.TRPOAgent.log][learning]: Rollouts performed

[2020-01-29 16:55:10.750495][__main__.TRPOAgent.log][batch_info]: Rollout statistics size: 300, Batch size: 100, Number of batches: 1

[2020-01-29 16:55:10.750818][__main__.TRPOAgent.log][learning]: 

***************
BEGINNING TRAINING
***************



[2020-01-29 16:55:10.751422][__main__.TRPOAgent.log][batch_info]: Batch #0, batch length: 300

[2020-01-29 16:55:10.925981][__main__.TRPOAgent.log][batch_info]: Current batch value loss: 0.0022226354894771326

[2020-01-29 16:55:11.601716][__main__.TRPOAgent.log][learning]: Episode #16

[2020-01-29 16:55:11.603217][__main__.TRPOAgent.log][batch_info]: Rollout statistics size: 300, Batch size: 100, Number of batches: 1

[2020-01-29 16:55:11.603822][__main__.TRPOAgent.log][learning]: 

***************
BEGINNING TRAINING
***************



[2020-01-29 16:55:11.604754][__main__.TRPOAgent.log][batch_info]: Batch #0, batch length: 300

[2020-01-29 16:55:11.782176][__main__.TRPOAgent.log][batch_info]: Current batch value loss: 5.191534064711808e-05

[2020-01-29 16:55:12.347830][__main__.TRPOAgent.log][learning]: Episode #17

[2020-01-29 16:55:12.348671][__main__.TRPOAgent.log][batch_info]: Rollout statistics size: 300, Batch size: 100, Number of batches: 1

[2020-01-29 16:55:12.348975][__main__.TRPOAgent.log][learning]: 

***************
BEGINNING TRAINING
***************



[2020-01-29 16:55:12.349406][__main__.TRPOAgent.log][batch_info]: Batch #0, batch length: 300

[2020-01-29 16:55:12.526272][__main__.TRPOAgent.log][batch_info]: Current batch value loss: 1.566026561425742e-06

[2020-01-29 16:55:13.131910][__main__.TRPOAgent.log][learning]: Episode #18

[2020-01-29 16:55:13.132743][__main__.TRPOAgent.log][batch_info]: Rollout statistics size: 300, Batch size: 100, Number of batches: 1

[2020-01-29 16:55:13.133060][__main__.TRPOAgent.log][learning]: 

***************
BEGINNING TRAINING
***************



[2020-01-29 16:55:13.133457][__main__.TRPOAgent.log][batch_info]: Batch #0, batch length: 300

[2020-01-29 16:55:13.307276][__main__.TRPOAgent.log][batch_info]: Current batch value loss: 1.0808101681984691e-07

[2020-01-29 16:55:13.882236][__main__.TRPOAgent.log][learning]: Episode #19

[2020-01-29 16:55:13.883040][__main__.TRPOAgent.log][batch_info]: Rollout statistics size: 300, Batch size: 100, Number of batches: 1

[2020-01-29 16:55:13.883337][__main__.TRPOAgent.log][learning]: 

***************
BEGINNING TRAINING
***************



[2020-01-29 16:55:13.883720][__main__.TRPOAgent.log][batch_info]: Batch #0, batch length: 300

[2020-01-29 16:55:14.051056][__main__.TRPOAgent.log][batch_info]: Current batch value loss: 3.74464037932766e-08

[2020-01-29 16:55:14.630171][__main__.TRPOAgent.log][learning]: Episode #20

[2020-01-29 16:55:14.630567][__main__.TRPOAgent.log][learning]: Performing rollouts: rollout length: 1500

[2020-01-29 16:55:14.913495][__main__.TRPOAgent.log][learning]: Rollouts performed

[2020-01-29 16:55:14.915202][__main__.TRPOAgent.log][batch_info]: Rollout statistics size: 300, Batch size: 100, Number of batches: 1

[2020-01-29 16:55:14.915654][__main__.TRPOAgent.log][learning]: 

***************
BEGINNING TRAINING
***************



[2020-01-29 16:55:14.916106][__main__.TRPOAgent.log][batch_info]: Batch #0, batch length: 300

[2020-01-29 16:55:15.087495][__main__.TRPOAgent.log][batch_info]: Current batch value loss: 7.625759200135738e-09

[2020-01-29 16:55:15.683693][__main__.TRPOAgent.log][learning]: Episode #21

[2020-01-29 16:55:15.684501][__main__.TRPOAgent.log][batch_info]: Rollout statistics size: 300, Batch size: 100, Number of batches: 1

[2020-01-29 16:55:15.684807][__main__.TRPOAgent.log][learning]: 

***************
BEGINNING TRAINING
***************



[2020-01-29 16:55:15.685183][__main__.TRPOAgent.log][batch_info]: Batch #0, batch length: 300

[2020-01-29 16:55:15.856274][__main__.TRPOAgent.log][batch_info]: Current batch value loss: 2.4087147317485567e-09

[2020-01-29 16:55:16.512526][__main__.TRPOAgent.log][learning]: Episode #22

[2020-01-29 16:55:16.513769][__main__.TRPOAgent.log][batch_info]: Rollout statistics size: 300, Batch size: 100, Number of batches: 1

[2020-01-29 16:55:16.514299][__main__.TRPOAgent.log][learning]: 

***************
BEGINNING TRAINING
***************



[2020-01-29 16:55:16.514905][__main__.TRPOAgent.log][batch_info]: Batch #0, batch length: 300

[2020-01-29 16:55:16.684757][__main__.TRPOAgent.log][batch_info]: Current batch value loss: 1.2820597088022776e-09

[2020-01-29 16:55:17.266398][__main__.TRPOAgent.log][learning]: Episode #23

[2020-01-29 16:55:17.267295][__main__.TRPOAgent.log][batch_info]: Rollout statistics size: 300, Batch size: 100, Number of batches: 1

[2020-01-29 16:55:17.267600][__main__.TRPOAgent.log][learning]: 

***************
BEGINNING TRAINING
***************



[2020-01-29 16:55:17.268134][__main__.TRPOAgent.log][batch_info]: Batch #0, batch length: 300

[2020-01-29 16:55:17.443357][__main__.TRPOAgent.log][batch_info]: Current batch value loss: 3.1852547482250145e-10

[2020-01-29 16:55:18.040375][__main__.TRPOAgent.log][learning]: Episode #24

[2020-01-29 16:55:18.041859][__main__.TRPOAgent.log][batch_info]: Rollout statistics size: 300, Batch size: 100, Number of batches: 1

[2020-01-29 16:55:18.042563][__main__.TRPOAgent.log][learning]: 

***************
BEGINNING TRAINING
***************



[2020-01-29 16:55:18.043158][__main__.TRPOAgent.log][batch_info]: Batch #0, batch length: 300

[2020-01-29 16:55:18.222424][__main__.TRPOAgent.log][batch_info]: Current batch value loss: 1.222034710907271e-10

[2020-01-29 16:55:18.891482][__main__.TRPOAgent.log][learning]: Episode #25

[2020-01-29 16:55:18.891907][__main__.TRPOAgent.log][learning]: Performing rollouts: rollout length: 1500

