LOGGER started at 2020-01-29 17:08:15.703245.
Currently active debug channels:
	act
	batch_info
	linesearch
	learning
[2020-01-29 17:08:16.082214][__main__.TRPOAgent.log][learning]: Episode #0

[2020-01-29 17:08:16.274616][__main__.TRPOAgent.log][learning]: Performing rollouts: rollout length: 1500

[2020-01-29 17:08:16.380421][__main__.TRPOAgent.log][learning]: Rollouts performed

[2020-01-29 17:08:16.381523][__main__.TRPOAgent.log][batch_info]: Rollout statistics size: 103, Batch size: 100, Number of batches: 1

[2020-01-29 17:08:16.381892][__main__.TRPOAgent.log][learning]: 

***************
BEGINNING TRAINING
***************



[2020-01-29 17:08:16.382288][__main__.TRPOAgent.log][batch_info]: Batch #0, batch length: 103

[2020-01-29 17:08:16.520622][__main__.TRPOAgent.log][linesearch]: Linesearch worked at 5, New mean kl div: 0.0, New policy loss value: 4.7427002993696005e-17

[2020-01-29 17:08:16.857186][__main__.TRPOAgent.log][batch_info]: Current batch value loss: 2.3106060111222613

[2020-01-29 17:08:18.197955][__main__.TRPOAgent.log][learning]: Episode #1

[2020-01-29 17:08:18.199619][__main__.TRPOAgent.log][learning]: Performing rollouts: rollout length: 1500

[2020-01-29 17:08:18.331967][__main__.TRPOAgent.log][learning]: Rollouts performed

[2020-01-29 17:08:18.333385][__main__.TRPOAgent.log][batch_info]: Rollout statistics size: 103, Batch size: 100, Number of batches: 1

[2020-01-29 17:08:18.333742][__main__.TRPOAgent.log][learning]: 

***************
BEGINNING TRAINING
***************



[2020-01-29 17:08:18.334302][__main__.TRPOAgent.log][batch_info]: Batch #0, batch length: 103

[2020-01-29 17:08:18.443919][__main__.TRPOAgent.log][linesearch]: Linesearch worked at 5, New mean kl div: 0.0, New policy loss value: 1.2072328034758983e-16

[2020-01-29 17:08:18.494266][__main__.TRPOAgent.log][batch_info]: Current batch value loss: 0.3550924959527744

[2020-01-29 17:08:19.139520][__main__.TRPOAgent.log][learning]: Episode #2

[2020-01-29 17:08:19.139877][__main__.TRPOAgent.log][learning]: Performing rollouts: rollout length: 1500

[2020-01-29 17:08:19.260201][__main__.TRPOAgent.log][learning]: Rollouts performed

[2020-01-29 17:08:19.261682][__main__.TRPOAgent.log][batch_info]: Rollout statistics size: 102, Batch size: 100, Number of batches: 1

[2020-01-29 17:08:19.262215][__main__.TRPOAgent.log][learning]: 

***************
BEGINNING TRAINING
***************



[2020-01-29 17:08:19.262768][__main__.TRPOAgent.log][batch_info]: Batch #0, batch length: 102

[2020-01-29 17:08:19.372515][__main__.TRPOAgent.log][linesearch]: Linesearch worked at 5, New mean kl div: 0.0, New policy loss value: 1.7415263131375004e-17

[2020-01-29 17:08:19.419816][__main__.TRPOAgent.log][batch_info]: Current batch value loss: 0.7919072476443926

[2020-01-29 17:08:19.988466][__main__.TRPOAgent.log][learning]: Episode #3

[2020-01-29 17:08:19.988850][__main__.TRPOAgent.log][learning]: Performing rollouts: rollout length: 1500

[2020-01-29 17:08:20.103193][__main__.TRPOAgent.log][learning]: Rollouts performed

[2020-01-29 17:08:20.104531][__main__.TRPOAgent.log][batch_info]: Rollout statistics size: 105, Batch size: 100, Number of batches: 1

[2020-01-29 17:08:20.104953][__main__.TRPOAgent.log][learning]: 

***************
BEGINNING TRAINING
***************



[2020-01-29 17:08:20.105351][__main__.TRPOAgent.log][batch_info]: Batch #0, batch length: 105

[2020-01-29 17:08:20.210406][__main__.TRPOAgent.log][linesearch]: Linesearch worked at 5, New mean kl div: 0.0, New policy loss value: 8.247371040072592e-17

[2020-01-29 17:08:20.259310][__main__.TRPOAgent.log][batch_info]: Current batch value loss: 0.5471803149252082

[2020-01-29 17:08:20.850380][__main__.TRPOAgent.log][learning]: Episode #4

[2020-01-29 17:08:20.851010][__main__.TRPOAgent.log][learning]: Performing rollouts: rollout length: 1500

[2020-01-29 17:08:20.964477][__main__.TRPOAgent.log][learning]: Rollouts performed

[2020-01-29 17:08:20.965587][__main__.TRPOAgent.log][batch_info]: Rollout statistics size: 103, Batch size: 100, Number of batches: 1

[2020-01-29 17:08:20.965919][__main__.TRPOAgent.log][learning]: 

***************
BEGINNING TRAINING
***************



[2020-01-29 17:08:20.966277][__main__.TRPOAgent.log][batch_info]: Batch #0, batch length: 103

[2020-01-29 17:08:21.067567][__main__.TRPOAgent.log][linesearch]: Linesearch worked at 5, New mean kl div: 0.0, New policy loss value: 6.467318590049455e-17

[2020-01-29 17:08:21.114783][__main__.TRPOAgent.log][batch_info]: Current batch value loss: 0.6037183657492843

[2020-01-29 17:08:21.636574][__main__.TRPOAgent.log][learning]: Episode #5

[2020-01-29 17:08:21.636944][__main__.TRPOAgent.log][learning]: Performing rollouts: rollout length: 1500

[2020-01-29 17:08:21.747190][__main__.TRPOAgent.log][learning]: Rollouts performed

[2020-01-29 17:08:21.748313][__main__.TRPOAgent.log][batch_info]: Rollout statistics size: 104, Batch size: 100, Number of batches: 1

[2020-01-29 17:08:21.748660][__main__.TRPOAgent.log][learning]: 

***************
BEGINNING TRAINING
***************



[2020-01-29 17:08:21.749014][__main__.TRPOAgent.log][batch_info]: Batch #0, batch length: 104

[2020-01-29 17:08:21.878477][__main__.TRPOAgent.log][linesearch]: Linesearch failed. Mean kl divergence: 0.0, Discarded policy loss value: -8.540177112501205e-18

[2020-01-29 17:08:21.925086][__main__.TRPOAgent.log][batch_info]: Current batch value loss: 0.45012202905099213

[2020-01-29 17:08:22.457680][__main__.TRPOAgent.log][learning]: Episode #6

[2020-01-29 17:08:22.458200][__main__.TRPOAgent.log][learning]: Performing rollouts: rollout length: 1500

[2020-01-29 17:08:22.575778][__main__.TRPOAgent.log][learning]: Rollouts performed

[2020-01-29 17:08:22.576940][__main__.TRPOAgent.log][batch_info]: Rollout statistics size: 102, Batch size: 100, Number of batches: 1

[2020-01-29 17:08:22.577311][__main__.TRPOAgent.log][learning]: 

***************
BEGINNING TRAINING
***************



[2020-01-29 17:08:22.577724][__main__.TRPOAgent.log][batch_info]: Batch #0, batch length: 102

[2020-01-29 17:08:22.682477][__main__.TRPOAgent.log][linesearch]: Linesearch worked at 5, New mean kl div: 0.0, New policy loss value: 3.6463207181316416e-17

[2020-01-29 17:08:22.731997][__main__.TRPOAgent.log][batch_info]: Current batch value loss: 0.3511212508093712

[2020-01-29 17:08:23.323680][__main__.TRPOAgent.log][learning]: Episode #7

[2020-01-29 17:08:23.324252][__main__.TRPOAgent.log][learning]: Performing rollouts: rollout length: 1500

[2020-01-29 17:08:23.436075][__main__.TRPOAgent.log][learning]: Rollouts performed

[2020-01-29 17:08:23.437249][__main__.TRPOAgent.log][batch_info]: Rollout statistics size: 102, Batch size: 100, Number of batches: 1

[2020-01-29 17:08:23.437587][__main__.TRPOAgent.log][learning]: 

***************
BEGINNING TRAINING
***************



[2020-01-29 17:08:23.438064][__main__.TRPOAgent.log][batch_info]: Batch #0, batch length: 102

[2020-01-29 17:08:23.540104][__main__.TRPOAgent.log][linesearch]: Linesearch worked at 5, New mean kl div: 0.0, New policy loss value: 1.3061447348531253e-17

[2020-01-29 17:08:23.584936][__main__.TRPOAgent.log][batch_info]: Current batch value loss: 0.3081546969022419

[2020-01-29 17:08:24.118536][__main__.TRPOAgent.log][learning]: Episode #8

[2020-01-29 17:08:24.118915][__main__.TRPOAgent.log][learning]: Performing rollouts: rollout length: 1500

[2020-01-29 17:08:24.229260][__main__.TRPOAgent.log][learning]: Rollouts performed

[2020-01-29 17:08:24.230414][__main__.TRPOAgent.log][batch_info]: Rollout statistics size: 102, Batch size: 100, Number of batches: 1

[2020-01-29 17:08:24.230814][__main__.TRPOAgent.log][learning]: 

***************
BEGINNING TRAINING
***************



[2020-01-29 17:08:24.231214][__main__.TRPOAgent.log][batch_info]: Batch #0, batch length: 102

[2020-01-29 17:08:24.361530][__main__.TRPOAgent.log][linesearch]: Linesearch failed. Mean kl divergence: 0.0, Discarded policy loss value: -5.442269728554689e-17

[2020-01-29 17:08:24.407097][__main__.TRPOAgent.log][batch_info]: Current batch value loss: 0.1216465005024528

[2020-01-29 17:08:24.956621][__main__.TRPOAgent.log][learning]: Episode #9

[2020-01-29 17:08:24.956985][__main__.TRPOAgent.log][learning]: Performing rollouts: rollout length: 1500

[2020-01-29 17:08:25.066751][__main__.TRPOAgent.log][learning]: Rollouts performed

[2020-01-29 17:08:25.067926][__main__.TRPOAgent.log][batch_info]: Rollout statistics size: 102, Batch size: 100, Number of batches: 1

[2020-01-29 17:08:25.068354][__main__.TRPOAgent.log][learning]: 

***************
BEGINNING TRAINING
***************



[2020-01-29 17:08:25.068739][__main__.TRPOAgent.log][batch_info]: Batch #0, batch length: 102

[2020-01-29 17:08:25.196262][__main__.TRPOAgent.log][linesearch]: Linesearch failed. Mean kl divergence: 0.0, Discarded policy loss value: -1.382336511052891e-16

[2020-01-29 17:08:25.240839][__main__.TRPOAgent.log][batch_info]: Current batch value loss: 0.10907605915082397

[2020-01-29 17:08:25.868382][__main__.TRPOAgent.log][learning]: Episode #10

[2020-01-29 17:08:25.868882][__main__.TRPOAgent.log][learning]: Performing rollouts: rollout length: 1500

[2020-01-29 17:08:25.979704][__main__.TRPOAgent.log][learning]: Rollouts performed

[2020-01-29 17:08:25.980948][__main__.TRPOAgent.log][batch_info]: Rollout statistics size: 101, Batch size: 100, Number of batches: 1

[2020-01-29 17:08:25.981396][__main__.TRPOAgent.log][learning]: 

***************
BEGINNING TRAINING
***************



[2020-01-29 17:08:25.981886][__main__.TRPOAgent.log][batch_info]: Batch #0, batch length: 101

[2020-01-29 17:08:26.115104][__main__.TRPOAgent.log][linesearch]: Linesearch failed. Mean kl divergence: 0.0, Discarded policy loss value: -2.594184493183534e-16

[2020-01-29 17:08:26.161149][__main__.TRPOAgent.log][batch_info]: Current batch value loss: 0.07306490760682137

[2020-01-29 17:08:26.691516][__main__.TRPOAgent.log][learning]: Episode #11

[2020-01-29 17:08:26.691873][__main__.TRPOAgent.log][learning]: Performing rollouts: rollout length: 1500

[2020-01-29 17:08:26.801978][__main__.TRPOAgent.log][learning]: Rollouts performed

[2020-01-29 17:08:26.803205][__main__.TRPOAgent.log][batch_info]: Rollout statistics size: 100, Batch size: 100, Number of batches: 1

[2020-01-29 17:08:26.803618][__main__.TRPOAgent.log][learning]: 

***************
BEGINNING TRAINING
***************



[2020-01-29 17:08:26.804150][__main__.TRPOAgent.log][batch_info]: Batch #0, batch length: 100

[2020-01-29 17:08:26.906879][__main__.TRPOAgent.log][linesearch]: Linesearch worked at 5, New mean kl div: 0.0, New policy loss value: 3.2862601528904633e-16

[2020-01-29 17:08:26.952266][__main__.TRPOAgent.log][batch_info]: Current batch value loss: 0.04056744806305403

[2020-01-29 17:08:27.544884][__main__.TRPOAgent.log][learning]: Episode #12

[2020-01-29 17:08:27.545672][__main__.TRPOAgent.log][learning]: Performing rollouts: rollout length: 1500

[2020-01-29 17:08:27.660705][__main__.TRPOAgent.log][learning]: Rollouts performed

[2020-01-29 17:08:27.661863][__main__.TRPOAgent.log][batch_info]: Rollout statistics size: 100, Batch size: 100, Number of batches: 1

[2020-01-29 17:08:27.662323][__main__.TRPOAgent.log][learning]: 

***************
BEGINNING TRAINING
***************



[2020-01-29 17:08:27.662723][__main__.TRPOAgent.log][batch_info]: Batch #0, batch length: 100

[2020-01-29 17:08:27.763200][__main__.TRPOAgent.log][linesearch]: Linesearch worked at 5, New mean kl div: 0.0, New policy loss value: 3.552713678800501e-17

[2020-01-29 17:08:27.809073][__main__.TRPOAgent.log][batch_info]: Current batch value loss: 0.008784285192723474

[2020-01-29 17:08:28.348595][__main__.TRPOAgent.log][learning]: Episode #13

[2020-01-29 17:08:28.349074][__main__.TRPOAgent.log][learning]: Performing rollouts: rollout length: 1500

[2020-01-29 17:08:28.461167][__main__.TRPOAgent.log][learning]: Rollouts performed

[2020-01-29 17:08:28.462392][__main__.TRPOAgent.log][batch_info]: Rollout statistics size: 100, Batch size: 100, Number of batches: 1

[2020-01-29 17:08:28.462850][__main__.TRPOAgent.log][learning]: 

***************
BEGINNING TRAINING
***************



[2020-01-29 17:08:28.463309][__main__.TRPOAgent.log][batch_info]: Batch #0, batch length: 100

[2020-01-29 17:08:28.566072][__main__.TRPOAgent.log][linesearch]: Linesearch worked at 5, New mean kl div: 0.0, New policy loss value: 0.0

[2020-01-29 17:08:28.613341][__main__.TRPOAgent.log][batch_info]: Current batch value loss: 0.01030075775761361

[2020-01-29 17:08:29.156233][__main__.TRPOAgent.log][learning]: Episode #14

[2020-01-29 17:08:29.156608][__main__.TRPOAgent.log][learning]: Performing rollouts: rollout length: 1500

[2020-01-29 17:08:29.266397][__main__.TRPOAgent.log][learning]: Rollouts performed

[2020-01-29 17:08:29.267549][__main__.TRPOAgent.log][batch_info]: Rollout statistics size: 101, Batch size: 100, Number of batches: 1

[2020-01-29 17:08:29.267956][__main__.TRPOAgent.log][learning]: 

***************
BEGINNING TRAINING
***************



[2020-01-29 17:08:29.268383][__main__.TRPOAgent.log][batch_info]: Batch #0, batch length: 101

[2020-01-29 17:08:29.369180][__main__.TRPOAgent.log][linesearch]: Linesearch worked at 5, New mean kl div: 0.0, New policy loss value: 5.93584587423351e-17

[2020-01-29 17:08:29.415568][__main__.TRPOAgent.log][batch_info]: Current batch value loss: 0.08185897342456774

[2020-01-29 17:08:30.030670][__main__.TRPOAgent.log][learning]: Episode #15

[2020-01-29 17:08:30.031287][__main__.TRPOAgent.log][learning]: Performing rollouts: rollout length: 1500

[2020-01-29 17:08:30.145552][__main__.TRPOAgent.log][learning]: Rollouts performed

[2020-01-29 17:08:30.146842][__main__.TRPOAgent.log][batch_info]: Rollout statistics size: 100, Batch size: 100, Number of batches: 1

[2020-01-29 17:08:30.147291][__main__.TRPOAgent.log][learning]: 

***************
BEGINNING TRAINING
***************



[2020-01-29 17:08:30.147684][__main__.TRPOAgent.log][batch_info]: Batch #0, batch length: 100

[2020-01-29 17:08:30.255741][__main__.TRPOAgent.log][linesearch]: Linesearch worked at 5, New mean kl div: 0.0, New policy loss value: 0.0

[2020-01-29 17:08:30.303057][__main__.TRPOAgent.log][batch_info]: Current batch value loss: 0.002933055217436049

[2020-01-29 17:08:30.867343][__main__.TRPOAgent.log][learning]: Episode #16

[2020-01-29 17:08:30.868003][__main__.TRPOAgent.log][learning]: Performing rollouts: rollout length: 1500

[2020-01-29 17:08:30.986189][__main__.TRPOAgent.log][learning]: Rollouts performed

[2020-01-29 17:08:30.987289][__main__.TRPOAgent.log][batch_info]: Rollout statistics size: 100, Batch size: 100, Number of batches: 1

[2020-01-29 17:08:30.987614][__main__.TRPOAgent.log][learning]: 

***************
BEGINNING TRAINING
***************



[2020-01-29 17:08:30.987953][__main__.TRPOAgent.log][batch_info]: Batch #0, batch length: 100

[2020-01-29 17:08:31.089977][__main__.TRPOAgent.log][linesearch]: Linesearch worked at 5, New mean kl div: 0.0, New policy loss value: 1.0658141036401502e-16

[2020-01-29 17:08:31.135866][__main__.TRPOAgent.log][batch_info]: Current batch value loss: 0.0055408480220480085

[2020-01-29 17:08:31.775233][__main__.TRPOAgent.log][learning]: Episode #17

[2020-01-29 17:08:31.775599][__main__.TRPOAgent.log][learning]: Performing rollouts: rollout length: 1500

[2020-01-29 17:08:31.885201][__main__.TRPOAgent.log][learning]: Rollouts performed

[2020-01-29 17:08:31.886309][__main__.TRPOAgent.log][batch_info]: Rollout statistics size: 100, Batch size: 100, Number of batches: 1

[2020-01-29 17:08:31.886700][__main__.TRPOAgent.log][learning]: 

***************
BEGINNING TRAINING
***************



[2020-01-29 17:08:31.887083][__main__.TRPOAgent.log][batch_info]: Batch #0, batch length: 100

[2020-01-29 17:08:31.992751][__main__.TRPOAgent.log][linesearch]: Linesearch worked at 5, New mean kl div: 0.0, New policy loss value: 7.105427357601002e-17

[2020-01-29 17:08:32.038799][__main__.TRPOAgent.log][batch_info]: Current batch value loss: 0.001090289854284947

[2020-01-29 17:08:32.611117][__main__.TRPOAgent.log][learning]: Episode #18

[2020-01-29 17:08:32.611620][__main__.TRPOAgent.log][learning]: Performing rollouts: rollout length: 1500

[2020-01-29 17:08:32.726354][__main__.TRPOAgent.log][learning]: Rollouts performed

[2020-01-29 17:08:32.727453][__main__.TRPOAgent.log][batch_info]: Rollout statistics size: 100, Batch size: 100, Number of batches: 1

[2020-01-29 17:08:32.727789][__main__.TRPOAgent.log][learning]: 

***************
BEGINNING TRAINING
***************



[2020-01-29 17:08:32.728135][__main__.TRPOAgent.log][batch_info]: Batch #0, batch length: 100

[2020-01-29 17:08:32.826832][__main__.TRPOAgent.log][linesearch]: Linesearch worked at 5, New mean kl div: 0.0, New policy loss value: 4.4408920985006264e-17

[2020-01-29 17:08:32.875087][__main__.TRPOAgent.log][batch_info]: Current batch value loss: 0.0018094456169509066

[2020-01-29 17:08:33.445622][__main__.TRPOAgent.log][learning]: Episode #19

[2020-01-29 17:08:33.446626][__main__.TRPOAgent.log][learning]: Performing rollouts: rollout length: 1500

[2020-01-29 17:08:33.564759][__main__.TRPOAgent.log][learning]: Rollouts performed

[2020-01-29 17:08:33.565861][__main__.TRPOAgent.log][batch_info]: Rollout statistics size: 100, Batch size: 100, Number of batches: 1

[2020-01-29 17:08:33.566189][__main__.TRPOAgent.log][learning]: 

***************
BEGINNING TRAINING
***************



[2020-01-29 17:08:33.566517][__main__.TRPOAgent.log][batch_info]: Batch #0, batch length: 100

[2020-01-29 17:08:33.672700][__main__.TRPOAgent.log][linesearch]: Linesearch worked at 5, New mean kl div: 0.0, New policy loss value: 9.769962616701378e-17

[2020-01-29 17:08:33.725969][__main__.TRPOAgent.log][batch_info]: Current batch value loss: 0.001076682764251018

[2020-01-29 17:08:34.342468][__main__.TRPOAgent.log][learning]: Episode #20

[2020-01-29 17:08:34.342823][__main__.TRPOAgent.log][learning]: Performing rollouts: rollout length: 1500

[2020-01-29 17:08:34.452282][__main__.TRPOAgent.log][learning]: Rollouts performed

[2020-01-29 17:08:34.453560][__main__.TRPOAgent.log][batch_info]: Rollout statistics size: 100, Batch size: 100, Number of batches: 1

[2020-01-29 17:08:34.453947][__main__.TRPOAgent.log][learning]: 

***************
BEGINNING TRAINING
***************



[2020-01-29 17:08:34.454406][__main__.TRPOAgent.log][batch_info]: Batch #0, batch length: 100

[2020-01-29 17:08:34.558302][__main__.TRPOAgent.log][linesearch]: Linesearch worked at 5, New mean kl div: 0.0, New policy loss value: 4.107825191113079e-17

[2020-01-29 17:08:34.605133][__main__.TRPOAgent.log][batch_info]: Current batch value loss: 0.0011688153189606965

[2020-01-29 17:08:35.211651][__main__.TRPOAgent.log][learning]: Episode #21

[2020-01-29 17:08:35.212017][__main__.TRPOAgent.log][learning]: Performing rollouts: rollout length: 1500

[2020-01-29 17:08:35.325846][__main__.TRPOAgent.log][learning]: Rollouts performed

[2020-01-29 17:08:35.327074][__main__.TRPOAgent.log][batch_info]: Rollout statistics size: 100, Batch size: 100, Number of batches: 1

[2020-01-29 17:08:35.327445][__main__.TRPOAgent.log][learning]: 

***************
BEGINNING TRAINING
***************



[2020-01-29 17:08:35.327875][__main__.TRPOAgent.log][batch_info]: Batch #0, batch length: 100

[2020-01-29 17:08:35.462408][__main__.TRPOAgent.log][linesearch]: Linesearch failed. Mean kl divergence: 0.0, Discarded policy loss value: -2.3092638912203257e-16

[2020-01-29 17:08:35.529876][__main__.TRPOAgent.log][batch_info]: Current batch value loss: 0.0016253687294465636

[2020-01-29 17:08:36.096060][__main__.TRPOAgent.log][learning]: Episode #22

[2020-01-29 17:08:36.096476][__main__.TRPOAgent.log][learning]: Performing rollouts: rollout length: 1500

[2020-01-29 17:08:36.204538][__main__.TRPOAgent.log][learning]: Rollouts performed

[2020-01-29 17:08:36.205559][__main__.TRPOAgent.log][batch_info]: Rollout statistics size: 100, Batch size: 100, Number of batches: 1

[2020-01-29 17:08:36.205864][__main__.TRPOAgent.log][learning]: 

***************
BEGINNING TRAINING
***************



[2020-01-29 17:08:36.206144][__main__.TRPOAgent.log][batch_info]: Batch #0, batch length: 100

[2020-01-29 17:08:36.292237][__main__.TRPOAgent.log][linesearch]: Linesearch worked at 5, New mean kl div: 0.0, New policy loss value: 1.3322676295501878e-17

[2020-01-29 17:08:36.337830][__main__.TRPOAgent.log][batch_info]: Current batch value loss: 0.0006537669626000309

[2020-01-29 17:08:36.837356][__main__.TRPOAgent.log][learning]: Episode #23

[2020-01-29 17:08:36.837769][__main__.TRPOAgent.log][learning]: Performing rollouts: rollout length: 1500

[2020-01-29 17:08:36.949625][__main__.TRPOAgent.log][learning]: Rollouts performed

[2020-01-29 17:08:36.950809][__main__.TRPOAgent.log][batch_info]: Rollout statistics size: 100, Batch size: 100, Number of batches: 1

[2020-01-29 17:08:36.951228][__main__.TRPOAgent.log][learning]: 

***************
BEGINNING TRAINING
***************



[2020-01-29 17:08:36.951636][__main__.TRPOAgent.log][batch_info]: Batch #0, batch length: 100

[2020-01-29 17:08:37.055310][__main__.TRPOAgent.log][linesearch]: Linesearch worked at 5, New mean kl div: 0.0, New policy loss value: 5.329070518200751e-17

[2020-01-29 17:08:37.102414][__main__.TRPOAgent.log][batch_info]: Current batch value loss: 0.0006062508679769963

[2020-01-29 17:08:37.605601][__main__.TRPOAgent.log][learning]: Episode #24

[2020-01-29 17:08:37.606202][__main__.TRPOAgent.log][learning]: Performing rollouts: rollout length: 1500

