LOGGER started at 2020-01-29 16:57:02.484573.
Currently active debug channels:
	act
	batch_info
	linesearch
	learning
[2020-01-29 16:57:02.901083][__main__.TRPOAgent.log][learning]: Episode #0

[2020-01-29 16:57:03.100600][__main__.TRPOAgent.log][learning]: Performing rollouts: rollout length: 1500

[2020-01-29 16:57:04.989762][__main__.TRPOAgent.log][learning]: Rollouts performed

[2020-01-29 16:57:04.993254][__main__.TRPOAgent.log][batch_info]: Rollout statistics size: 2109, Batch size: 100, Number of batches: 1

[2020-01-29 16:57:04.993592][__main__.TRPOAgent.log][learning]: 

***************
BEGINNING TRAINING
***************



[2020-01-29 16:57:04.994596][__main__.TRPOAgent.log][batch_info]: Batch #0, batch length: 2109

[2020-01-29 16:57:05.876146][__main__.TRPOAgent.log][batch_info]: Current batch value loss: 34.24168933434408

[2020-01-29 16:57:08.689537][__main__.TRPOAgent.log][learning]: Episode #1

[2020-01-29 16:57:08.699935][__main__.TRPOAgent.log][batch_info]: Rollout statistics size: 2109, Batch size: 100, Number of batches: 1

[2020-01-29 16:57:08.701891][__main__.TRPOAgent.log][learning]: 

***************
BEGINNING TRAINING
***************



[2020-01-29 16:57:08.707689][__main__.TRPOAgent.log][batch_info]: Batch #0, batch length: 2109

[2020-01-29 16:57:09.242193][__main__.TRPOAgent.log][batch_info]: Current batch value loss: 37.52818191660327

[2020-01-29 16:57:11.110063][__main__.TRPOAgent.log][learning]: Episode #2

[2020-01-29 16:57:11.119789][__main__.TRPOAgent.log][batch_info]: Rollout statistics size: 2109, Batch size: 100, Number of batches: 1

[2020-01-29 16:57:11.121713][__main__.TRPOAgent.log][learning]: 

***************
BEGINNING TRAINING
***************



[2020-01-29 16:57:11.128554][__main__.TRPOAgent.log][batch_info]: Batch #0, batch length: 2109

[2020-01-29 16:57:11.728992][__main__.TRPOAgent.log][batch_info]: Current batch value loss: 40.33543041745587

[2020-01-29 16:57:13.059293][__main__.TRPOAgent.log][learning]: Episode #3

[2020-01-29 16:57:13.067235][__main__.TRPOAgent.log][batch_info]: Rollout statistics size: 2109, Batch size: 100, Number of batches: 1

[2020-01-29 16:57:13.068809][__main__.TRPOAgent.log][learning]: 

***************
BEGINNING TRAINING
***************



[2020-01-29 16:57:13.073402][__main__.TRPOAgent.log][batch_info]: Batch #0, batch length: 2109

[2020-01-29 16:57:13.639368][__main__.TRPOAgent.log][batch_info]: Current batch value loss: 32.920438678916874

[2020-01-29 16:57:14.978047][__main__.TRPOAgent.log][learning]: Episode #4

[2020-01-29 16:57:14.988835][__main__.TRPOAgent.log][batch_info]: Rollout statistics size: 2109, Batch size: 100, Number of batches: 1

[2020-01-29 16:57:14.990130][__main__.TRPOAgent.log][learning]: 

***************
BEGINNING TRAINING
***************



[2020-01-29 16:57:14.994245][__main__.TRPOAgent.log][batch_info]: Batch #0, batch length: 2109

[2020-01-29 16:57:15.546174][__main__.TRPOAgent.log][batch_info]: Current batch value loss: 33.90534579399195

[2020-01-29 16:57:16.876758][__main__.TRPOAgent.log][learning]: Episode #5

[2020-01-29 16:57:16.877993][__main__.TRPOAgent.log][learning]: Performing rollouts: rollout length: 1500

[2020-01-29 16:57:18.444041][__main__.TRPOAgent.log][learning]: Rollouts performed

[2020-01-29 16:57:18.447603][__main__.TRPOAgent.log][batch_info]: Rollout statistics size: 1833, Batch size: 100, Number of batches: 1

[2020-01-29 16:57:18.448119][__main__.TRPOAgent.log][learning]: 

***************
BEGINNING TRAINING
***************



[2020-01-29 16:57:18.449254][__main__.TRPOAgent.log][batch_info]: Batch #0, batch length: 1833

[2020-01-29 16:57:18.912302][__main__.TRPOAgent.log][batch_info]: Current batch value loss: 6.5224933286787925

[2020-01-29 16:57:20.392737][__main__.TRPOAgent.log][learning]: Episode #6

[2020-01-29 16:57:20.400238][__main__.TRPOAgent.log][batch_info]: Rollout statistics size: 1833, Batch size: 100, Number of batches: 1

[2020-01-29 16:57:20.401939][__main__.TRPOAgent.log][learning]: 

***************
BEGINNING TRAINING
***************



[2020-01-29 16:57:20.407861][__main__.TRPOAgent.log][batch_info]: Batch #0, batch length: 1833

[2020-01-29 16:57:20.944023][__main__.TRPOAgent.log][batch_info]: Current batch value loss: 6.626168168459567

[2020-01-29 16:57:22.945190][__main__.TRPOAgent.log][learning]: Episode #7

[2020-01-29 16:57:22.952001][__main__.TRPOAgent.log][batch_info]: Rollout statistics size: 1833, Batch size: 100, Number of batches: 1

[2020-01-29 16:57:22.953390][__main__.TRPOAgent.log][learning]: 

***************
BEGINNING TRAINING
***************



[2020-01-29 16:57:22.957433][__main__.TRPOAgent.log][batch_info]: Batch #0, batch length: 1833

[2020-01-29 16:57:23.462843][__main__.TRPOAgent.log][batch_info]: Current batch value loss: 6.989216681676257

[2020-01-29 16:57:25.311357][__main__.TRPOAgent.log][learning]: Episode #8

[2020-01-29 16:57:25.318799][__main__.TRPOAgent.log][batch_info]: Rollout statistics size: 1833, Batch size: 100, Number of batches: 1

[2020-01-29 16:57:25.320161][__main__.TRPOAgent.log][learning]: 

***************
BEGINNING TRAINING
***************



[2020-01-29 16:57:25.324407][__main__.TRPOAgent.log][batch_info]: Batch #0, batch length: 1833

[2020-01-29 16:57:25.815400][__main__.TRPOAgent.log][batch_info]: Current batch value loss: 6.675491932674944

[2020-01-29 16:57:27.378193][__main__.TRPOAgent.log][learning]: Episode #9

[2020-01-29 16:57:27.388544][__main__.TRPOAgent.log][batch_info]: Rollout statistics size: 1833, Batch size: 100, Number of batches: 1

[2020-01-29 16:57:27.390213][__main__.TRPOAgent.log][learning]: 

***************
BEGINNING TRAINING
***************



[2020-01-29 16:57:27.395172][__main__.TRPOAgent.log][batch_info]: Batch #0, batch length: 1833

[2020-01-29 16:57:27.918002][__main__.TRPOAgent.log][batch_info]: Current batch value loss: 7.013974803787624

[2020-01-29 16:57:30.309963][__main__.TRPOAgent.log][learning]: Episode #10

[2020-01-29 16:57:30.311041][__main__.TRPOAgent.log][learning]: Performing rollouts: rollout length: 1500

[2020-01-29 16:57:31.923893][__main__.TRPOAgent.log][learning]: Rollouts performed

[2020-01-29 16:57:31.927805][__main__.TRPOAgent.log][batch_info]: Rollout statistics size: 1931, Batch size: 100, Number of batches: 1

[2020-01-29 16:57:31.928317][__main__.TRPOAgent.log][learning]: 

***************
BEGINNING TRAINING
***************



[2020-01-29 16:57:31.929544][__main__.TRPOAgent.log][batch_info]: Batch #0, batch length: 1931

[2020-01-29 16:57:32.424829][__main__.TRPOAgent.log][batch_info]: Current batch value loss: 6.27629670897663

[2020-01-29 16:57:33.804165][__main__.TRPOAgent.log][learning]: Episode #11

[2020-01-29 16:57:33.816696][__main__.TRPOAgent.log][batch_info]: Rollout statistics size: 1931, Batch size: 100, Number of batches: 1

[2020-01-29 16:57:33.817812][__main__.TRPOAgent.log][learning]: 

***************
BEGINNING TRAINING
***************



[2020-01-29 16:57:33.821014][__main__.TRPOAgent.log][batch_info]: Batch #0, batch length: 1931

[2020-01-29 16:57:34.312640][__main__.TRPOAgent.log][batch_info]: Current batch value loss: 6.9313705521979205

[2020-01-29 16:57:35.863831][__main__.TRPOAgent.log][learning]: Episode #12

[2020-01-29 16:57:35.870791][__main__.TRPOAgent.log][batch_info]: Rollout statistics size: 1931, Batch size: 100, Number of batches: 1

[2020-01-29 16:57:35.872094][__main__.TRPOAgent.log][learning]: 

***************
BEGINNING TRAINING
***************



[2020-01-29 16:57:35.876504][__main__.TRPOAgent.log][batch_info]: Batch #0, batch length: 1931

[2020-01-29 16:57:36.397878][__main__.TRPOAgent.log][batch_info]: Current batch value loss: 7.294106005577854

[2020-01-29 16:57:37.914233][__main__.TRPOAgent.log][learning]: Episode #13

[2020-01-29 16:57:37.921333][__main__.TRPOAgent.log][batch_info]: Rollout statistics size: 1931, Batch size: 100, Number of batches: 1

[2020-01-29 16:57:37.923264][__main__.TRPOAgent.log][learning]: 

***************
BEGINNING TRAINING
***************



[2020-01-29 16:57:37.928177][__main__.TRPOAgent.log][batch_info]: Batch #0, batch length: 1931

[2020-01-29 16:57:38.479132][__main__.TRPOAgent.log][batch_info]: Current batch value loss: 5.739205564193165

[2020-01-29 16:57:40.516645][__main__.TRPOAgent.log][learning]: Episode #14

[2020-01-29 16:57:40.519267][__main__.TRPOAgent.log][batch_info]: Rollout statistics size: 1931, Batch size: 100, Number of batches: 1

[2020-01-29 16:57:40.519708][__main__.TRPOAgent.log][learning]: 

***************
BEGINNING TRAINING
***************



[2020-01-29 16:57:40.520935][__main__.TRPOAgent.log][batch_info]: Batch #0, batch length: 1931

[2020-01-29 16:57:41.004553][__main__.TRPOAgent.log][batch_info]: Current batch value loss: 6.69095696264848

[2020-01-29 16:57:42.330023][__main__.TRPOAgent.log][learning]: Episode #15

[2020-01-29 16:57:42.331264][__main__.TRPOAgent.log][learning]: Performing rollouts: rollout length: 1500

[2020-01-29 16:57:43.945249][__main__.TRPOAgent.log][learning]: Rollouts performed

[2020-01-29 16:57:43.948505][__main__.TRPOAgent.log][batch_info]: Rollout statistics size: 1890, Batch size: 100, Number of batches: 1

[2020-01-29 16:57:43.948845][__main__.TRPOAgent.log][learning]: 

***************
BEGINNING TRAINING
***************



[2020-01-29 16:57:43.949779][__main__.TRPOAgent.log][batch_info]: Batch #0, batch length: 1890

[2020-01-29 16:57:44.425263][__main__.TRPOAgent.log][batch_info]: Current batch value loss: 0.0392730888642302

[2020-01-29 16:57:45.666943][__main__.TRPOAgent.log][learning]: Episode #16

[2020-01-29 16:57:45.674581][__main__.TRPOAgent.log][batch_info]: Rollout statistics size: 1890, Batch size: 100, Number of batches: 1

[2020-01-29 16:57:45.676121][__main__.TRPOAgent.log][learning]: 

***************
BEGINNING TRAINING
***************



[2020-01-29 16:57:45.680704][__main__.TRPOAgent.log][batch_info]: Batch #0, batch length: 1890

[2020-01-29 16:57:46.184018][__main__.TRPOAgent.log][batch_info]: Current batch value loss: 0.02379076620045238

