LOGGER started at 2020-01-31 14:27:54.990504.
Currently active debug channels:
	act
	batch_info
	linesearch
	learning
	thread_rollouts
[2020-01-31 14:27:55.516973][__main__.TRPOAgent.log][learning]: Episode #0

[2020-01-31 14:27:55.722741][__main__.TRPOAgent.log][learning]: Performing rollouts: rollout length: 1000

[2020-01-31 14:27:55.723664][EnvironmentNew.Environment.log][thread_rollouts]: Thread number: 0

[2020-01-31 14:27:55.723953][EnvironmentNew.Environment.log][thread_rollouts]: Thread number: 1

[2020-01-31 14:27:55.762869][EnvironmentNew.Environment.log][thread_rollouts]: Thread number: 0, Steps performed: 10

[2020-01-31 14:27:55.762400][EnvironmentNew.Environment.log][thread_rollouts]: Thread number: 1, Steps performed: 10

[2020-01-31 14:27:55.763952][EnvironmentNew.Environment.log][thread_rollouts]: Thread number: 2

[2020-01-31 14:27:55.764165][EnvironmentNew.Environment.log][thread_rollouts]: Thread number: 3

[2020-01-31 14:27:55.796303][EnvironmentNew.Environment.log][thread_rollouts]: Thread number: 3, Steps performed: 10

[2020-01-31 14:27:55.798684][EnvironmentNew.Environment.log][thread_rollouts]: Thread number: 2, Steps performed: 13

[2020-01-31 14:27:55.799315][EnvironmentNew.Environment.log][thread_rollouts]: Thread number: 5

[2020-01-31 14:27:55.799169][EnvironmentNew.Environment.log][thread_rollouts]: Thread number: 4

[2020-01-31 14:27:55.834118][EnvironmentNew.Environment.log][thread_rollouts]: Thread number: 5, Steps performed: 10

[2020-01-31 14:27:55.836849][EnvironmentNew.Environment.log][thread_rollouts]: Thread number: 4, Steps performed: 10

[2020-01-31 14:27:55.837892][EnvironmentNew.Environment.log][thread_rollouts]: Thread number: 7

[2020-01-31 14:27:55.837679][EnvironmentNew.Environment.log][thread_rollouts]: Thread number: 6

[2020-01-31 14:27:55.874703][EnvironmentNew.Environment.log][thread_rollouts]: Thread number: 7, Steps performed: 10

[2020-01-31 14:27:55.875066][EnvironmentNew.Environment.log][thread_rollouts]: Thread number: 6, Steps performed: 11

[2020-01-31 14:27:55.876020][EnvironmentNew.Environment.log][thread_rollouts]: Thread number: 8

[2020-01-31 14:27:55.876189][EnvironmentNew.Environment.log][thread_rollouts]: Thread number: 9

[2020-01-31 14:27:55.903155][EnvironmentNew.Environment.log][thread_rollouts]: Thread number: 9, Steps performed: 9

[2020-01-31 14:27:55.903744][EnvironmentNew.Environment.log][thread_rollouts]: Thread number: 8, Steps performed: 10

[2020-01-31 14:27:55.904768][EnvironmentNew.Environment.log][thread_rollouts]: Thread number: 10

[2020-01-31 14:27:55.905052][EnvironmentNew.Environment.log][thread_rollouts]: Thread number: 11

[2020-01-31 14:27:55.933585][EnvironmentNew.Environment.log][thread_rollouts]: Thread number: 10, Steps performed: 10

[2020-01-31 14:27:55.935985][EnvironmentNew.Environment.log][thread_rollouts]: Thread number: 11, Steps performed: 10

[2020-01-31 14:27:55.937232][EnvironmentNew.Environment.log][thread_rollouts]: Thread number: 13

[2020-01-31 14:27:55.937018][EnvironmentNew.Environment.log][thread_rollouts]: Thread number: 12

[2020-01-31 14:27:55.971329][EnvironmentNew.Environment.log][thread_rollouts]: Thread number: 13, Steps performed: 12

[2020-01-31 14:27:55.973607][EnvironmentNew.Environment.log][thread_rollouts]: Thread number: 12, Steps performed: 10

[2020-01-31 14:27:55.974333][EnvironmentNew.Environment.log][thread_rollouts]: Thread number: 15

[2020-01-31 14:27:55.974189][EnvironmentNew.Environment.log][thread_rollouts]: Thread number: 14

[2020-01-31 14:27:56.008540][EnvironmentNew.Environment.log][thread_rollouts]: Thread number: 15, Steps performed: 10

[2020-01-31 14:27:56.009058][EnvironmentNew.Environment.log][thread_rollouts]: Thread number: 14, Steps performed: 10

[2020-01-31 14:27:56.009882][EnvironmentNew.Environment.log][thread_rollouts]: Thread number: 17

[2020-01-31 14:27:56.009745][EnvironmentNew.Environment.log][thread_rollouts]: Thread number: 16

[2020-01-31 14:27:56.040448][EnvironmentNew.Environment.log][thread_rollouts]: Thread number: 16, Steps performed: 10

[2020-01-31 14:27:56.043176][EnvironmentNew.Environment.log][thread_rollouts]: Thread number: 17, Steps performed: 11

[2020-01-31 14:27:56.043767][EnvironmentNew.Environment.log][thread_rollouts]: Thread number: 19

[2020-01-31 14:27:56.043652][EnvironmentNew.Environment.log][thread_rollouts]: Thread number: 18

[2020-01-31 14:27:56.077097][EnvironmentNew.Environment.log][thread_rollouts]: Thread number: 19, Steps performed: 10

[2020-01-31 14:27:56.078336][EnvironmentNew.Environment.log][thread_rollouts]: Thread number: 18, Steps performed: 10

[2020-01-31 14:27:56.078898][EnvironmentNew.Environment.log][thread_rollouts]: Thread number: 20

[2020-01-31 14:27:56.079136][EnvironmentNew.Environment.log][thread_rollouts]: Thread number: 21

[2020-01-31 14:27:56.109522][EnvironmentNew.Environment.log][thread_rollouts]: Thread number: 21, Steps performed: 10

[2020-01-31 14:27:56.109133][EnvironmentNew.Environment.log][thread_rollouts]: Thread number: 20, Steps performed: 10

[2020-01-31 14:27:56.110691][EnvironmentNew.Environment.log][thread_rollouts]: Thread number: 22

[2020-01-31 14:27:56.110828][EnvironmentNew.Environment.log][thread_rollouts]: Thread number: 23

[2020-01-31 14:27:56.141921][EnvironmentNew.Environment.log][thread_rollouts]: Thread number: 22, Steps performed: 10

[2020-01-31 14:27:56.143801][EnvironmentNew.Environment.log][thread_rollouts]: Thread number: 23, Steps performed: 10

[2020-01-31 14:27:56.144440][EnvironmentNew.Environment.log][thread_rollouts]: Thread number: 24

[2020-01-31 14:27:56.144743][EnvironmentNew.Environment.log][thread_rollouts]: Thread number: 25

[2020-01-31 14:27:56.175748][EnvironmentNew.Environment.log][thread_rollouts]: Thread number: 25, Steps performed: 10

[2020-01-31 14:27:56.175948][EnvironmentNew.Environment.log][thread_rollouts]: Thread number: 24, Steps performed: 11

[2020-01-31 14:27:56.177089][EnvironmentNew.Environment.log][thread_rollouts]: Thread number: 27

[2020-01-31 14:27:56.176916][EnvironmentNew.Environment.log][thread_rollouts]: Thread number: 26

[2020-01-31 14:27:56.212273][EnvironmentNew.Environment.log][thread_rollouts]: Thread number: 26, Steps performed: 10

[2020-01-31 14:27:56.213849][EnvironmentNew.Environment.log][thread_rollouts]: Thread number: 27, Steps performed: 11

[2020-01-31 14:27:56.214420][EnvironmentNew.Environment.log][thread_rollouts]: Thread number: 29

[2020-01-31 14:27:56.214307][EnvironmentNew.Environment.log][thread_rollouts]: Thread number: 28

[2020-01-31 14:27:56.251401][EnvironmentNew.Environment.log][thread_rollouts]: Thread number: 29, Steps performed: 10

[2020-01-31 14:27:56.252588][EnvironmentNew.Environment.log][thread_rollouts]: Thread number: 28, Steps performed: 12

[2020-01-31 14:27:56.253286][__main__.TRPOAgent.log][learning]: Rollouts performed

[2020-01-31 14:27:56.253583][__main__.TRPOAgent.log][batch_info]: Rollout statistics size: 310, Batch size: 100

[2020-01-31 14:27:56.254037][__main__.TRPOAgent.log][learning]: 

***************
BEGINNING TRAINING
***************



[2020-01-31 14:27:58.024889][__main__.TRPOAgent.log][linesearch]: Linesearch failed. Mean kl divergence: 0.0032938682392148156, Discarded policy loss value: -12.186299758608333

[2020-01-31 14:27:58.025249][__main__.TRPOAgent.log][batch_info]: Current batch value loss: 0.13192102906759828

[2020-01-31 14:27:59.256217][__main__.TRPOAgent.log][learning]: Episode #1

[2020-01-31 14:27:59.257108][__main__.TRPOAgent.log][learning]: Performing rollouts: rollout length: 1000

[2020-01-31 14:27:59.258053][EnvironmentNew.Environment.log][thread_rollouts]: Thread number: 0

[2020-01-31 14:27:59.261016][EnvironmentNew.Environment.log][thread_rollouts]: Thread number: 1

[2020-01-31 14:27:59.302345][EnvironmentNew.Environment.log][thread_rollouts]: Thread number: 0, Steps performed: 11

[2020-01-31 14:27:59.306239][EnvironmentNew.Environment.log][thread_rollouts]: Thread number: 1, Steps performed: 10

[2020-01-31 14:27:59.307180][EnvironmentNew.Environment.log][thread_rollouts]: Thread number: 2

[2020-01-31 14:27:59.307339][EnvironmentNew.Environment.log][thread_rollouts]: Thread number: 3

[2020-01-31 14:27:59.344396][EnvironmentNew.Environment.log][thread_rollouts]: Thread number: 3, Steps performed: 9

[2020-01-31 14:27:59.343658][EnvironmentNew.Environment.log][thread_rollouts]: Thread number: 2, Steps performed: 9

[2020-01-31 14:27:59.345361][EnvironmentNew.Environment.log][thread_rollouts]: Thread number: 5

[2020-01-31 14:27:59.345232][EnvironmentNew.Environment.log][thread_rollouts]: Thread number: 4

[2020-01-31 14:27:59.393398][EnvironmentNew.Environment.log][thread_rollouts]: Thread number: 4, Steps performed: 10

[2020-01-31 14:27:59.394495][EnvironmentNew.Environment.log][thread_rollouts]: Thread number: 5, Steps performed: 9

[2020-01-31 14:27:59.395810][EnvironmentNew.Environment.log][thread_rollouts]: Thread number: 7

[2020-01-31 14:27:59.395623][EnvironmentNew.Environment.log][thread_rollouts]: Thread number: 6

[2020-01-31 14:27:59.442716][EnvironmentNew.Environment.log][thread_rollouts]: Thread number: 6, Steps performed: 9

[2020-01-31 14:27:59.447839][EnvironmentNew.Environment.log][thread_rollouts]: Thread number: 7, Steps performed: 12

[2020-01-31 14:27:59.448469][EnvironmentNew.Environment.log][thread_rollouts]: Thread number: 8

[2020-01-31 14:27:59.448643][EnvironmentNew.Environment.log][thread_rollouts]: Thread number: 9

[2020-01-31 14:27:59.496132][EnvironmentNew.Environment.log][thread_rollouts]: Thread number: 9, Steps performed: 10

[2020-01-31 14:27:59.497139][EnvironmentNew.Environment.log][thread_rollouts]: Thread number: 8, Steps performed: 11

[2020-01-31 14:27:59.498231][EnvironmentNew.Environment.log][thread_rollouts]: Thread number: 10

[2020-01-31 14:27:59.498480][EnvironmentNew.Environment.log][thread_rollouts]: Thread number: 11

[2020-01-31 14:27:59.539877][EnvironmentNew.Environment.log][thread_rollouts]: Thread number: 11, Steps performed: 9

[2020-01-31 14:27:59.539331][EnvironmentNew.Environment.log][thread_rollouts]: Thread number: 10, Steps performed: 11

[2020-01-31 14:27:59.541749][EnvironmentNew.Environment.log][thread_rollouts]: Thread number: 12

[2020-01-31 14:27:59.542295][EnvironmentNew.Environment.log][thread_rollouts]: Thread number: 13

[2020-01-31 14:27:59.584017][EnvironmentNew.Environment.log][thread_rollouts]: Thread number: 12, Steps performed: 10

[2020-01-31 14:27:59.585135][EnvironmentNew.Environment.log][thread_rollouts]: Thread number: 13, Steps performed: 9

[2020-01-31 14:27:59.585913][EnvironmentNew.Environment.log][thread_rollouts]: Thread number: 15

[2020-01-31 14:27:59.585701][EnvironmentNew.Environment.log][thread_rollouts]: Thread number: 14

[2020-01-31 14:27:59.619673][EnvironmentNew.Environment.log][thread_rollouts]: Thread number: 15, Steps performed: 9

[2020-01-31 14:27:59.621611][EnvironmentNew.Environment.log][thread_rollouts]: Thread number: 14, Steps performed: 9

[2020-01-31 14:27:59.623406][EnvironmentNew.Environment.log][thread_rollouts]: Thread number: 17

[2020-01-31 14:27:59.623181][EnvironmentNew.Environment.log][thread_rollouts]: Thread number: 16

[2020-01-31 14:27:59.663247][EnvironmentNew.Environment.log][thread_rollouts]: Thread number: 16, Steps performed: 10

[2020-01-31 14:27:59.662326][EnvironmentNew.Environment.log][thread_rollouts]: Thread number: 17, Steps performed: 10

[2020-01-31 14:27:59.664492][EnvironmentNew.Environment.log][thread_rollouts]: Thread number: 19

[2020-01-31 14:27:59.664325][EnvironmentNew.Environment.log][thread_rollouts]: Thread number: 18

[2020-01-31 14:27:59.700011][EnvironmentNew.Environment.log][thread_rollouts]: Thread number: 19, Steps performed: 9

[2020-01-31 14:27:59.700607][EnvironmentNew.Environment.log][thread_rollouts]: Thread number: 18, Steps performed: 9

[2020-01-31 14:27:59.701435][EnvironmentNew.Environment.log][thread_rollouts]: Thread number: 20

[2020-01-31 14:27:59.701588][EnvironmentNew.Environment.log][thread_rollouts]: Thread number: 21

[2020-01-31 14:27:59.739460][EnvironmentNew.Environment.log][thread_rollouts]: Thread number: 20, Steps performed: 10

[2020-01-31 14:27:59.740190][EnvironmentNew.Environment.log][thread_rollouts]: Thread number: 21, Steps performed: 9

[2020-01-31 14:27:59.741888][EnvironmentNew.Environment.log][thread_rollouts]: Thread number: 23

[2020-01-31 14:27:59.741525][EnvironmentNew.Environment.log][thread_rollouts]: Thread number: 22

[2020-01-31 14:27:59.782615][EnvironmentNew.Environment.log][thread_rollouts]: Thread number: 22, Steps performed: 9

[2020-01-31 14:27:59.784066][EnvironmentNew.Environment.log][thread_rollouts]: Thread number: 23, Steps performed: 13

[2020-01-31 14:27:59.784847][EnvironmentNew.Environment.log][thread_rollouts]: Thread number: 24

[2020-01-31 14:27:59.784996][EnvironmentNew.Environment.log][thread_rollouts]: Thread number: 25

[2020-01-31 14:27:59.826697][EnvironmentNew.Environment.log][thread_rollouts]: Thread number: 24, Steps performed: 9

[2020-01-31 14:27:59.828646][EnvironmentNew.Environment.log][thread_rollouts]: Thread number: 25, Steps performed: 10

[2020-01-31 14:27:59.829644][EnvironmentNew.Environment.log][thread_rollouts]: Thread number: 26

[2020-01-31 14:27:59.829817][EnvironmentNew.Environment.log][thread_rollouts]: Thread number: 27

[2020-01-31 14:27:59.863831][EnvironmentNew.Environment.log][thread_rollouts]: Thread number: 26, Steps performed: 9

[2020-01-31 14:27:59.867854][EnvironmentNew.Environment.log][thread_rollouts]: Thread number: 27, Steps performed: 11

[2020-01-31 14:27:59.868392][EnvironmentNew.Environment.log][thread_rollouts]: Thread number: 28

[2020-01-31 14:27:59.868516][EnvironmentNew.Environment.log][thread_rollouts]: Thread number: 29

[2020-01-31 14:27:59.912664][EnvironmentNew.Environment.log][thread_rollouts]: Thread number: 29, Steps performed: 9

[2020-01-31 14:27:59.913319][EnvironmentNew.Environment.log][thread_rollouts]: Thread number: 28, Steps performed: 12

[2020-01-31 14:27:59.914661][__main__.TRPOAgent.log][learning]: Rollouts performed

[2020-01-31 14:27:59.914997][__main__.TRPOAgent.log][batch_info]: Rollout statistics size: 296, Batch size: 100

[2020-01-31 14:27:59.915402][__main__.TRPOAgent.log][learning]: 

***************
BEGINNING TRAINING
***************



[2020-01-31 14:28:01.573965][__main__.TRPOAgent.log][linesearch]: Linesearch failed. Mean kl divergence: 0.18388406000915866, Discarded policy loss value: -10.92668639148448

[2020-01-31 14:28:01.574384][__main__.TRPOAgent.log][batch_info]: Current batch value loss: 0.057308597231490746

[2020-01-31 14:28:02.065730][__main__.TRPOAgent.log][learning]: Episode #2

[2020-01-31 14:28:02.066081][__main__.TRPOAgent.log][learning]: Performing rollouts: rollout length: 1000

[2020-01-31 14:28:02.066497][EnvironmentNew.Environment.log][thread_rollouts]: Thread number: 0

[2020-01-31 14:28:02.066669][EnvironmentNew.Environment.log][thread_rollouts]: Thread number: 1

[2020-01-31 14:28:02.094394][EnvironmentNew.Environment.log][thread_rollouts]: Thread number: 1, Steps performed: 8

[2020-01-31 14:28:02.096085][EnvironmentNew.Environment.log][thread_rollouts]: Thread number: 0, Steps performed: 10

[2020-01-31 14:28:02.097086][EnvironmentNew.Environment.log][thread_rollouts]: Thread number: 2

[2020-01-31 14:28:02.097302][EnvironmentNew.Environment.log][thread_rollouts]: Thread number: 3

[2020-01-31 14:28:02.128234][EnvironmentNew.Environment.log][thread_rollouts]: Thread number: 2, Steps performed: 9

[2020-01-31 14:28:02.128081][EnvironmentNew.Environment.log][thread_rollouts]: Thread number: 3, Steps performed: 8

[2020-01-31 14:28:02.129405][EnvironmentNew.Environment.log][thread_rollouts]: Thread number: 4

[2020-01-31 14:28:02.129558][EnvironmentNew.Environment.log][thread_rollouts]: Thread number: 5

[2020-01-31 14:28:02.162571][EnvironmentNew.Environment.log][thread_rollouts]: Thread number: 5, Steps performed: 10

[2020-01-31 14:28:02.162765][EnvironmentNew.Environment.log][thread_rollouts]: Thread number: 4, Steps performed: 11

[2020-01-31 14:28:02.163938][EnvironmentNew.Environment.log][thread_rollouts]: Thread number: 6

[2020-01-31 14:28:02.164083][EnvironmentNew.Environment.log][thread_rollouts]: Thread number: 7

[2020-01-31 14:28:02.186352][EnvironmentNew.Environment.log][thread_rollouts]: Thread number: 6, Steps performed: 8

[2020-01-31 14:28:02.187538][EnvironmentNew.Environment.log][thread_rollouts]: Thread number: 7, Steps performed: 8

[2020-01-31 14:28:02.188065][EnvironmentNew.Environment.log][thread_rollouts]: Thread number: 8

[2020-01-31 14:28:02.188257][EnvironmentNew.Environment.log][thread_rollouts]: Thread number: 9

[2020-01-31 14:28:02.218313][EnvironmentNew.Environment.log][thread_rollouts]: Thread number: 8, Steps performed: 8

[2020-01-31 14:28:02.221270][EnvironmentNew.Environment.log][thread_rollouts]: Thread number: 9, Steps performed: 9

[2020-01-31 14:28:02.222600][EnvironmentNew.Environment.log][thread_rollouts]: Thread number: 11

[2020-01-31 14:28:02.222316][EnvironmentNew.Environment.log][thread_rollouts]: Thread number: 10

[2020-01-31 14:28:02.253990][EnvironmentNew.Environment.log][thread_rollouts]: Thread number: 10, Steps performed: 8

[2020-01-31 14:28:02.254600][EnvironmentNew.Environment.log][thread_rollouts]: Thread number: 11, Steps performed: 10

[2020-01-31 14:28:02.256131][EnvironmentNew.Environment.log][thread_rollouts]: Thread number: 12

[2020-01-31 14:28:02.256497][EnvironmentNew.Environment.log][thread_rollouts]: Thread number: 13

[2020-01-31 14:28:02.294391][EnvironmentNew.Environment.log][thread_rollouts]: Thread number: 12, Steps performed: 10

[2020-01-31 14:28:02.297950][EnvironmentNew.Environment.log][thread_rollouts]: Thread number: 13, Steps performed: 13

[2020-01-31 14:28:02.298587][EnvironmentNew.Environment.log][thread_rollouts]: Thread number: 15

[2020-01-31 14:28:02.298438][EnvironmentNew.Environment.log][thread_rollouts]: Thread number: 14

[2020-01-31 14:28:02.320595][EnvironmentNew.Environment.log][thread_rollouts]: Thread number: 14, Steps performed: 8

[2020-01-31 14:28:02.324940][EnvironmentNew.Environment.log][thread_rollouts]: Thread number: 15, Steps performed: 10

[2020-01-31 14:28:02.325572][EnvironmentNew.Environment.log][thread_rollouts]: Thread number: 17

[2020-01-31 14:28:02.325430][EnvironmentNew.Environment.log][thread_rollouts]: Thread number: 16

[2020-01-31 14:28:02.357995][EnvironmentNew.Environment.log][thread_rollouts]: Thread number: 16, Steps performed: 9

[2020-01-31 14:28:02.357805][EnvironmentNew.Environment.log][thread_rollouts]: Thread number: 17, Steps performed: 10

[2020-01-31 14:28:02.359168][EnvironmentNew.Environment.log][thread_rollouts]: Thread number: 18

[2020-01-31 14:28:02.359380][EnvironmentNew.Environment.log][thread_rollouts]: Thread number: 19

[2020-01-31 14:28:02.396943][EnvironmentNew.Environment.log][thread_rollouts]: Thread number: 18, Steps performed: 8

[2020-01-31 14:28:02.397625][EnvironmentNew.Environment.log][thread_rollouts]: Thread number: 19, Steps performed: 11

[2020-01-31 14:28:02.398456][EnvironmentNew.Environment.log][thread_rollouts]: Thread number: 20

[2020-01-31 14:28:02.398669][EnvironmentNew.Environment.log][thread_rollouts]: Thread number: 21

[2020-01-31 14:28:02.421854][EnvironmentNew.Environment.log][thread_rollouts]: Thread number: 21, Steps performed: 8

[2020-01-31 14:28:02.422440][EnvironmentNew.Environment.log][thread_rollouts]: Thread number: 20, Steps performed: 8

[2020-01-31 14:28:02.430021][EnvironmentNew.Environment.log][thread_rollouts]: Thread number: 22

[2020-01-31 14:28:02.430293][EnvironmentNew.Environment.log][thread_rollouts]: Thread number: 23

[2020-01-31 14:28:02.464478][EnvironmentNew.Environment.log][thread_rollouts]: Thread number: 23, Steps performed: 8

[2020-01-31 14:28:02.467286][EnvironmentNew.Environment.log][thread_rollouts]: Thread number: 22, Steps performed: 11

[2020-01-31 14:28:02.468005][EnvironmentNew.Environment.log][thread_rollouts]: Thread number: 24

[2020-01-31 14:28:02.468140][EnvironmentNew.Environment.log][thread_rollouts]: Thread number: 25

[2020-01-31 14:28:02.498281][EnvironmentNew.Environment.log][thread_rollouts]: Thread number: 25, Steps performed: 8

[2020-01-31 14:28:02.499984][EnvironmentNew.Environment.log][thread_rollouts]: Thread number: 24, Steps performed: 8

[2020-01-31 14:28:02.500807][EnvironmentNew.Environment.log][thread_rollouts]: Thread number: 27

[2020-01-31 14:28:02.500648][EnvironmentNew.Environment.log][thread_rollouts]: Thread number: 26

[2020-01-31 14:28:02.531935][EnvironmentNew.Environment.log][thread_rollouts]: Thread number: 27, Steps performed: 8

[2020-01-31 14:28:02.534591][EnvironmentNew.Environment.log][thread_rollouts]: Thread number: 26, Steps performed: 10

[2020-01-31 14:28:02.535434][EnvironmentNew.Environment.log][thread_rollouts]: Thread number: 29

[2020-01-31 14:28:02.535280][EnvironmentNew.Environment.log][thread_rollouts]: Thread number: 28

[2020-01-31 14:28:02.560963][EnvironmentNew.Environment.log][thread_rollouts]: Thread number: 28, Steps performed: 8

[2020-01-31 14:28:02.561044][EnvironmentNew.Environment.log][thread_rollouts]: Thread number: 29, Steps performed: 8

[2020-01-31 14:28:02.562504][__main__.TRPOAgent.log][learning]: Rollouts performed

[2020-01-31 14:28:02.562976][__main__.TRPOAgent.log][batch_info]: Rollout statistics size: 271, Batch size: 100

[2020-01-31 14:28:02.563432][__main__.TRPOAgent.log][learning]: 

***************
BEGINNING TRAINING
***************



[2020-01-31 14:28:04.143686][__main__.TRPOAgent.log][linesearch]: Linesearch failed. Mean kl divergence: 0.00353001978873173, Discarded policy loss value: -11.315894713117231

[2020-01-31 14:28:04.144113][__main__.TRPOAgent.log][batch_info]: Current batch value loss: 0.003043592076778623

[2020-01-31 14:28:04.671969][__main__.TRPOAgent.log][learning]: Episode #3

[2020-01-31 14:28:04.672331][__main__.TRPOAgent.log][learning]: Performing rollouts: rollout length: 1000

[2020-01-31 14:28:04.672797][EnvironmentNew.Environment.log][thread_rollouts]: Thread number: 0

[2020-01-31 14:28:04.673282][EnvironmentNew.Environment.log][thread_rollouts]: Thread number: 1

[2020-01-31 14:28:04.713667][EnvironmentNew.Environment.log][thread_rollouts]: Thread number: 1, Steps performed: 11

[2020-01-31 14:28:04.713992][EnvironmentNew.Environment.log][thread_rollouts]: Thread number: 0, Steps performed: 12

[2020-01-31 14:28:04.715119][EnvironmentNew.Environment.log][thread_rollouts]: Thread number: 2

[2020-01-31 14:28:04.715450][EnvironmentNew.Environment.log][thread_rollouts]: Thread number: 3

[2020-01-31 14:28:04.755509][EnvironmentNew.Environment.log][thread_rollouts]: Thread number: 2, Steps performed: 11

[2020-01-31 14:28:04.756544][EnvironmentNew.Environment.log][thread_rollouts]: Thread number: 3, Steps performed: 14

[2020-01-31 14:28:04.757507][EnvironmentNew.Environment.log][thread_rollouts]: Thread number: 4

[2020-01-31 14:28:04.757828][EnvironmentNew.Environment.log][thread_rollouts]: Thread number: 5

[2020-01-31 14:28:04.796718][EnvironmentNew.Environment.log][thread_rollouts]: Thread number: 4, Steps performed: 12

[2020-01-31 14:28:04.797121][EnvironmentNew.Environment.log][thread_rollouts]: Thread number: 5, Steps performed: 13

[2020-01-31 14:28:04.798479][EnvironmentNew.Environment.log][thread_rollouts]: Thread number: 7

[2020-01-31 14:28:04.798311][EnvironmentNew.Environment.log][thread_rollouts]: Thread number: 6

[2020-01-31 14:28:04.839498][EnvironmentNew.Environment.log][thread_rollouts]: Thread number: 7, Steps performed: 13

[2020-01-31 14:28:04.839869][EnvironmentNew.Environment.log][thread_rollouts]: Thread number: 6, Steps performed: 13

[2020-01-31 14:28:04.840968][EnvironmentNew.Environment.log][thread_rollouts]: Thread number: 8

[2020-01-31 14:28:04.841121][EnvironmentNew.Environment.log][thread_rollouts]: Thread number: 9

[2020-01-31 14:28:04.876432][EnvironmentNew.Environment.log][thread_rollouts]: Thread number: 8, Steps performed: 11

[2020-01-31 14:28:04.878862][EnvironmentNew.Environment.log][thread_rollouts]: Thread number: 9, Steps performed: 12

[2020-01-31 14:28:04.879840][EnvironmentNew.Environment.log][thread_rollouts]: Thread number: 10

[2020-01-31 14:28:04.880143][EnvironmentNew.Environment.log][thread_rollouts]: Thread number: 11

[2020-01-31 14:28:04.916480][EnvironmentNew.Environment.log][thread_rollouts]: Thread number: 10, Steps performed: 12

[2020-01-31 14:28:04.918184][EnvironmentNew.Environment.log][thread_rollouts]: Thread number: 11, Steps performed: 11

[2020-01-31 14:28:04.919048][EnvironmentNew.Environment.log][thread_rollouts]: Thread number: 13

[2020-01-31 14:28:04.918882][EnvironmentNew.Environment.log][thread_rollouts]: Thread number: 12

[2020-01-31 14:28:04.957158][EnvironmentNew.Environment.log][thread_rollouts]: Thread number: 13, Steps performed: 11

[2020-01-31 14:28:04.960049][EnvironmentNew.Environment.log][thread_rollouts]: Thread number: 12, Steps performed: 14

[2020-01-31 14:28:04.960620][EnvironmentNew.Environment.log][thread_rollouts]: Thread number: 14

[2020-01-31 14:28:04.960812][EnvironmentNew.Environment.log][thread_rollouts]: Thread number: 15

[2020-01-31 14:28:04.997463][EnvironmentNew.Environment.log][thread_rollouts]: Thread number: 14, Steps performed: 11

[2020-01-31 14:28:04.998549][EnvironmentNew.Environment.log][thread_rollouts]: Thread number: 15, Steps performed: 11

[2020-01-31 14:28:04.999338][EnvironmentNew.Environment.log][thread_rollouts]: Thread number: 16

[2020-01-31 14:28:04.999480][EnvironmentNew.Environment.log][thread_rollouts]: Thread number: 17

[2020-01-31 14:28:05.035483][EnvironmentNew.Environment.log][thread_rollouts]: Thread number: 17, Steps performed: 11

[2020-01-31 14:28:05.036173][EnvironmentNew.Environment.log][thread_rollouts]: Thread number: 16, Steps performed: 12

[2020-01-31 14:28:05.036718][EnvironmentNew.Environment.log][thread_rollouts]: Thread number: 18

[2020-01-31 14:28:05.036878][EnvironmentNew.Environment.log][thread_rollouts]: Thread number: 19

[2020-01-31 14:28:05.081279][EnvironmentNew.Environment.log][thread_rollouts]: Thread number: 19, Steps performed: 11

[2020-01-31 14:28:05.086085][EnvironmentNew.Environment.log][thread_rollouts]: Thread number: 18, Steps performed: 19

[2020-01-31 14:28:05.086824][EnvironmentNew.Environment.log][thread_rollouts]: Thread number: 21

[2020-01-31 14:28:05.086603][EnvironmentNew.Environment.log][thread_rollouts]: Thread number: 20

[2020-01-31 14:28:05.120129][EnvironmentNew.Environment.log][thread_rollouts]: Thread number: 20, Steps performed: 11

[2020-01-31 14:28:05.121469][EnvironmentNew.Environment.log][thread_rollouts]: Thread number: 21, Steps performed: 11

[2020-01-31 14:28:05.122453][EnvironmentNew.Environment.log][thread_rollouts]: Thread number: 23

[2020-01-31 14:28:05.122261][EnvironmentNew.Environment.log][thread_rollouts]: Thread number: 22

[2020-01-31 14:28:05.164652][EnvironmentNew.Environment.log][thread_rollouts]: Thread number: 23, Steps performed: 11

[2020-01-31 14:28:05.165385][EnvironmentNew.Environment.log][thread_rollouts]: Thread number: 22, Steps performed: 12

[2020-01-31 14:28:05.166117][EnvironmentNew.Environment.log][thread_rollouts]: Thread number: 24

[2020-01-31 14:28:05.166254][EnvironmentNew.Environment.log][thread_rollouts]: Thread number: 25

[2020-01-31 14:28:05.203471][EnvironmentNew.Environment.log][thread_rollouts]: Thread number: 24, Steps performed: 12

[2020-01-31 14:28:05.204440][EnvironmentNew.Environment.log][thread_rollouts]: Thread number: 25, Steps performed: 13

[2020-01-31 14:28:05.205483][EnvironmentNew.Environment.log][thread_rollouts]: Thread number: 26

[2020-01-31 14:28:05.205654][EnvironmentNew.Environment.log][thread_rollouts]: Thread number: 27

[2020-01-31 14:28:05.238330][EnvironmentNew.Environment.log][thread_rollouts]: Thread number: 26, Steps performed: 9

[2020-01-31 14:28:05.239669][EnvironmentNew.Environment.log][thread_rollouts]: Thread number: 27, Steps performed: 11

[2020-01-31 14:28:05.240299][EnvironmentNew.Environment.log][thread_rollouts]: Thread number: 29

[2020-01-31 14:28:05.240161][EnvironmentNew.Environment.log][thread_rollouts]: Thread number: 28

[2020-01-31 14:28:05.276307][EnvironmentNew.Environment.log][thread_rollouts]: Thread number: 29, Steps performed: 11

[2020-01-31 14:28:05.276548][EnvironmentNew.Environment.log][thread_rollouts]: Thread number: 28, Steps performed: 11

[2020-01-31 14:28:05.277551][__main__.TRPOAgent.log][learning]: Rollouts performed

[2020-01-31 14:28:05.277868][__main__.TRPOAgent.log][batch_info]: Rollout statistics size: 357, Batch size: 100

[2020-01-31 14:28:05.278213][__main__.TRPOAgent.log][learning]: 

***************
BEGINNING TRAINING
***************



[2020-01-31 14:28:06.885698][__main__.TRPOAgent.log][linesearch]: Linesearch failed. Mean kl divergence: 0.002983473602112212, Discarded policy loss value: -15.642259745728971

[2020-01-31 14:28:06.886153][__main__.TRPOAgent.log][batch_info]: Current batch value loss: 0.002678264378325614

[2020-01-31 14:28:07.372219][__main__.TRPOAgent.log][learning]: Episode #4

[2020-01-31 14:28:07.372548][__main__.TRPOAgent.log][learning]: Performing rollouts: rollout length: 1000

[2020-01-31 14:28:07.373020][EnvironmentNew.Environment.log][thread_rollouts]: Thread number: 0

[2020-01-31 14:28:07.373316][EnvironmentNew.Environment.log][thread_rollouts]: Thread number: 1

[2020-01-31 14:28:07.402364][EnvironmentNew.Environment.log][thread_rollouts]: Thread number: 0, Steps performed: 8

[2020-01-31 14:28:07.407781][EnvironmentNew.Environment.log][thread_rollouts]: Thread number: 1, Steps performed: 9

[2020-01-31 14:28:07.408477][EnvironmentNew.Environment.log][thread_rollouts]: Thread number: 2

[2020-01-31 14:28:07.408693][EnvironmentNew.Environment.log][thread_rollouts]: Thread number: 3

[2020-01-31 14:28:07.438944][EnvironmentNew.Environment.log][thread_rollouts]: Thread number: 2, Steps performed: 9

[2020-01-31 14:28:07.439203][EnvironmentNew.Environment.log][thread_rollouts]: Thread number: 3, Steps performed: 8

[2020-01-31 14:28:07.441489][EnvironmentNew.Environment.log][thread_rollouts]: Thread number: 4

[2020-01-31 14:28:07.441745][EnvironmentNew.Environment.log][thread_rollouts]: Thread number: 5

[2020-01-31 14:28:07.479310][EnvironmentNew.Environment.log][thread_rollouts]: Thread number: 4, Steps performed: 8

[2020-01-31 14:28:07.480372][EnvironmentNew.Environment.log][thread_rollouts]: Thread number: 5, Steps performed: 12

[2020-01-31 14:28:07.481390][EnvironmentNew.Environment.log][thread_rollouts]: Thread number: 6

[2020-01-31 14:28:07.481579][EnvironmentNew.Environment.log][thread_rollouts]: Thread number: 7

[2020-01-31 14:28:07.508822][EnvironmentNew.Environment.log][thread_rollouts]: Thread number: 7, Steps performed: 8

[2020-01-31 14:28:07.509923][EnvironmentNew.Environment.log][thread_rollouts]: Thread number: 6, Steps performed: 9

[2020-01-31 14:28:07.511246][EnvironmentNew.Environment.log][thread_rollouts]: Thread number: 9

[2020-01-31 14:28:07.510957][EnvironmentNew.Environment.log][thread_rollouts]: Thread number: 8

[2020-01-31 14:28:07.540984][EnvironmentNew.Environment.log][thread_rollouts]: Thread number: 8, Steps performed: 8

[2020-01-31 14:28:07.542203][EnvironmentNew.Environment.log][thread_rollouts]: Thread number: 9, Steps performed: 8

[2020-01-31 14:28:07.543640][EnvironmentNew.Environment.log][thread_rollouts]: Thread number: 11

[2020-01-31 14:28:07.543153][EnvironmentNew.Environment.log][thread_rollouts]: Thread number: 10

[2020-01-31 14:28:07.578089][EnvironmentNew.Environment.log][thread_rollouts]: Thread number: 11, Steps performed: 10

[2020-01-31 14:28:07.581625][EnvironmentNew.Environment.log][thread_rollouts]: Thread number: 10, Steps performed: 10

[2020-01-31 14:28:07.582490][EnvironmentNew.Environment.log][thread_rollouts]: Thread number: 13

[2020-01-31 14:28:07.582342][EnvironmentNew.Environment.log][thread_rollouts]: Thread number: 12

[2020-01-31 14:28:07.609092][EnvironmentNew.Environment.log][thread_rollouts]: Thread number: 13, Steps performed: 8

[2020-01-31 14:28:07.610340][EnvironmentNew.Environment.log][thread_rollouts]: Thread number: 12, Steps performed: 10

[2020-01-31 14:28:07.611039][EnvironmentNew.Environment.log][thread_rollouts]: Thread number: 14

[2020-01-31 14:28:07.611176][EnvironmentNew.Environment.log][thread_rollouts]: Thread number: 15

[2020-01-31 14:28:07.644539][EnvironmentNew.Environment.log][thread_rollouts]: Thread number: 15, Steps performed: 8

[2020-01-31 14:28:07.647477][EnvironmentNew.Environment.log][thread_rollouts]: Thread number: 14, Steps performed: 10

[2020-01-31 14:28:07.648443][EnvironmentNew.Environment.log][thread_rollouts]: Thread number: 16

[2020-01-31 14:28:07.648752][EnvironmentNew.Environment.log][thread_rollouts]: Thread number: 17

[2020-01-31 14:28:07.679241][EnvironmentNew.Environment.log][thread_rollouts]: Thread number: 16, Steps performed: 8

[2020-01-31 14:28:07.682881][EnvironmentNew.Environment.log][thread_rollouts]: Thread number: 17, Steps performed: 10

[2020-01-31 14:28:07.683469][EnvironmentNew.Environment.log][thread_rollouts]: Thread number: 18

[2020-01-31 14:28:07.683623][EnvironmentNew.Environment.log][thread_rollouts]: Thread number: 19

[2020-01-31 14:28:07.709171][EnvironmentNew.Environment.log][thread_rollouts]: Thread number: 18, Steps performed: 10

[2020-01-31 14:28:07.708720][EnvironmentNew.Environment.log][thread_rollouts]: Thread number: 19, Steps performed: 8

[2020-01-31 14:28:07.710901][EnvironmentNew.Environment.log][thread_rollouts]: Thread number: 21

[2020-01-31 14:28:07.710703][EnvironmentNew.Environment.log][thread_rollouts]: Thread number: 20

[2020-01-31 14:28:07.742093][EnvironmentNew.Environment.log][thread_rollouts]: Thread number: 20, Steps performed: 8

[2020-01-31 14:28:07.743214][EnvironmentNew.Environment.log][thread_rollouts]: Thread number: 21, Steps performed: 8

[2020-01-31 14:28:07.744502][EnvironmentNew.Environment.log][thread_rollouts]: Thread number: 23

[2020-01-31 14:28:07.744339][EnvironmentNew.Environment.log][thread_rollouts]: Thread number: 22

[2020-01-31 14:28:07.779869][EnvironmentNew.Environment.log][thread_rollouts]: Thread number: 22, Steps performed: 9

[2020-01-31 14:28:07.782747][EnvironmentNew.Environment.log][thread_rollouts]: Thread number: 23, Steps performed: 11

[2020-01-31 14:28:07.783531][EnvironmentNew.Environment.log][thread_rollouts]: Thread number: 25

[2020-01-31 14:28:07.783410][EnvironmentNew.Environment.log][thread_rollouts]: Thread number: 24

[2020-01-31 14:28:07.816277][EnvironmentNew.Environment.log][thread_rollouts]: Thread number: 24, Steps performed: 8

[2020-01-31 14:28:07.816388][EnvironmentNew.Environment.log][thread_rollouts]: Thread number: 25, Steps performed: 9

[2020-01-31 14:28:07.817583][EnvironmentNew.Environment.log][thread_rollouts]: Thread number: 26

[2020-01-31 14:28:07.817709][EnvironmentNew.Environment.log][thread_rollouts]: Thread number: 27

[2020-01-31 14:28:07.840365][EnvironmentNew.Environment.log][thread_rollouts]: Thread number: 26, Steps performed: 8

[2020-01-31 14:28:07.845893][EnvironmentNew.Environment.log][thread_rollouts]: Thread number: 27, Steps performed: 10

[2020-01-31 14:28:07.846413][EnvironmentNew.Environment.log][thread_rollouts]: Thread number: 28

[2020-01-31 14:28:07.846643][EnvironmentNew.Environment.log][thread_rollouts]: Thread number: 29

[2020-01-31 14:28:07.878686][EnvironmentNew.Environment.log][thread_rollouts]: Thread number: 28, Steps performed: 10

[2020-01-31 14:28:07.879330][EnvironmentNew.Environment.log][thread_rollouts]: Thread number: 29, Steps performed: 8

[2020-01-31 14:28:07.880643][__main__.TRPOAgent.log][learning]: Rollouts performed

[2020-01-31 14:28:07.881221][__main__.TRPOAgent.log][batch_info]: Rollout statistics size: 268, Batch size: 100

[2020-01-31 14:28:07.881690][__main__.TRPOAgent.log][learning]: 

***************
BEGINNING TRAINING
***************



