LOGGER started at 2020-01-29 20:20:28.724103.
Currently active debug channels:
	act
	batch_info
	linesearch
	learning
[2020-01-29 20:20:29.100709][__main__.TRPOAgent.log][learning]: Episode #0

[2020-01-29 20:20:29.303839][__main__.TRPOAgent.log][learning]: Performing rollouts: rollout length: 1000

[2020-01-29 20:20:31.097809][__main__.TRPOAgent.log][learning]: Rollouts performed

[2020-01-29 20:20:31.098145][__main__.TRPOAgent.log][batch_info]: Rollout statistics size: None, Batch size: 100

[2020-01-29 20:20:31.098586][__main__.TRPOAgent.log][learning]: 

***************
BEGINNING TRAINING
***************



[2020-01-29 20:20:33.423665][__main__.TRPOAgent.log][linesearch]: Linesearch worked at 0, New mean kl div: 0.007031519409999724, New policy loss value: 0.8918539803774551

[2020-01-29 20:20:33.424243][__main__.TRPOAgent.log][batch_info]: Current batch value loss: 34.58748813728207

[2020-01-29 20:20:34.759247][__main__.TRPOAgent.log][learning]: Episode #1

[2020-01-29 20:20:34.759795][__main__.TRPOAgent.log][learning]: Performing rollouts: rollout length: 1000

[2020-01-29 20:20:35.169084][__main__.TRPOAgent.log][learning]: Rollouts performed

[2020-01-29 20:20:35.169475][__main__.TRPOAgent.log][batch_info]: Rollout statistics size: None, Batch size: 100

[2020-01-29 20:20:35.169888][__main__.TRPOAgent.log][learning]: 

***************
BEGINNING TRAINING
***************



[2020-01-29 20:20:36.933486][__main__.TRPOAgent.log][linesearch]: Linesearch failed. Mean kl divergence: 1.325254064983747e-17, Discarded policy loss value: 4.951173755716869e-10

[2020-01-29 20:20:36.933984][__main__.TRPOAgent.log][batch_info]: Current batch value loss: 24.612630463072232

[2020-01-29 20:20:37.542431][__main__.TRPOAgent.log][learning]: Episode #2

[2020-01-29 20:20:37.542853][__main__.TRPOAgent.log][learning]: Performing rollouts: rollout length: 1000

[2020-01-29 20:20:37.913712][__main__.TRPOAgent.log][learning]: Rollouts performed

[2020-01-29 20:20:37.914100][__main__.TRPOAgent.log][batch_info]: Rollout statistics size: None, Batch size: 100

[2020-01-29 20:20:37.914482][__main__.TRPOAgent.log][learning]: 

***************
BEGINNING TRAINING
***************



[2020-01-29 20:20:39.539063][__main__.TRPOAgent.log][linesearch]: Linesearch failed. Mean kl divergence: 6.668842862894717e-18, Discarded policy loss value: 4.642103752094536e-10

[2020-01-29 20:20:39.539429][__main__.TRPOAgent.log][batch_info]: Current batch value loss: 0.8760371767275501

[2020-01-29 20:20:40.186696][__main__.TRPOAgent.log][learning]: Episode #3

[2020-01-29 20:20:40.187392][__main__.TRPOAgent.log][learning]: Performing rollouts: rollout length: 1000

[2020-01-29 20:20:40.543606][__main__.TRPOAgent.log][learning]: Rollouts performed

[2020-01-29 20:20:40.543982][__main__.TRPOAgent.log][batch_info]: Rollout statistics size: None, Batch size: 100

[2020-01-29 20:20:40.544389][__main__.TRPOAgent.log][learning]: 

***************
BEGINNING TRAINING
***************



[2020-01-29 20:20:42.172172][__main__.TRPOAgent.log][linesearch]: Linesearch failed. Mean kl divergence: 8.348576029319063e-18, Discarded policy loss value: 5.21043261528445e-10

[2020-01-29 20:20:42.172561][__main__.TRPOAgent.log][batch_info]: Current batch value loss: 0.7534647063489088

[2020-01-29 20:20:42.844428][__main__.TRPOAgent.log][learning]: Episode #4

[2020-01-29 20:20:42.844798][__main__.TRPOAgent.log][learning]: Performing rollouts: rollout length: 1000

[2020-01-29 20:20:43.191437][__main__.TRPOAgent.log][learning]: Rollouts performed

[2020-01-29 20:20:43.191821][__main__.TRPOAgent.log][batch_info]: Rollout statistics size: None, Batch size: 100

[2020-01-29 20:20:43.192101][__main__.TRPOAgent.log][learning]: 

***************
BEGINNING TRAINING
***************



[2020-01-29 20:20:44.815232][__main__.TRPOAgent.log][linesearch]: Linesearch failed. Mean kl divergence: 8.163102270478692e-18, Discarded policy loss value: 5.192235249319901e-10

[2020-01-29 20:20:44.815658][__main__.TRPOAgent.log][batch_info]: Current batch value loss: 2.065146818011999

[2020-01-29 20:20:45.305439][__main__.TRPOAgent.log][learning]: Episode #5

[2020-01-29 20:20:45.305803][__main__.TRPOAgent.log][learning]: Performing rollouts: rollout length: 1000

[2020-01-29 20:20:45.669072][__main__.TRPOAgent.log][learning]: Rollouts performed

[2020-01-29 20:20:45.669475][__main__.TRPOAgent.log][batch_info]: Rollout statistics size: None, Batch size: 100

[2020-01-29 20:20:45.676258][__main__.TRPOAgent.log][learning]: 

***************
BEGINNING TRAINING
***************



[2020-01-29 20:20:47.298999][__main__.TRPOAgent.log][linesearch]: Linesearch failed. Mean kl divergence: -2.9477788354253817e-18, Discarded policy loss value: 4.6126617203475734e-10

[2020-01-29 20:20:47.299406][__main__.TRPOAgent.log][batch_info]: Current batch value loss: 0.9958557809392611

[2020-01-29 20:20:47.800871][__main__.TRPOAgent.log][learning]: Episode #6

[2020-01-29 20:20:47.801245][__main__.TRPOAgent.log][learning]: Performing rollouts: rollout length: 1000

[2020-01-29 20:20:48.163392][__main__.TRPOAgent.log][learning]: Rollouts performed

[2020-01-29 20:20:48.163776][__main__.TRPOAgent.log][batch_info]: Rollout statistics size: None, Batch size: 100

[2020-01-29 20:20:48.164253][__main__.TRPOAgent.log][learning]: 

***************
BEGINNING TRAINING
***************



[2020-01-29 20:20:49.849699][__main__.TRPOAgent.log][linesearch]: Linesearch failed. Mean kl divergence: 1.1263573199427796e-17, Discarded policy loss value: 6.203996459425098e-10

[2020-01-29 20:20:49.850138][__main__.TRPOAgent.log][batch_info]: Current batch value loss: 2.1460188968445766

[2020-01-29 20:20:50.419371][__main__.TRPOAgent.log][learning]: Episode #7

[2020-01-29 20:20:50.419727][__main__.TRPOAgent.log][learning]: Performing rollouts: rollout length: 1000

[2020-01-29 20:20:50.836334][__main__.TRPOAgent.log][learning]: Rollouts performed

[2020-01-29 20:20:50.836819][__main__.TRPOAgent.log][batch_info]: Rollout statistics size: None, Batch size: 100

[2020-01-29 20:20:50.843499][__main__.TRPOAgent.log][learning]: 

***************
BEGINNING TRAINING
***************



[2020-01-29 20:20:52.757866][__main__.TRPOAgent.log][linesearch]: Linesearch failed. Mean kl divergence: 1.2613048429587552e-17, Discarded policy loss value: 5.623948680000867e-10

[2020-01-29 20:20:52.758299][__main__.TRPOAgent.log][batch_info]: Current batch value loss: 0.24332271334860706

[2020-01-29 20:20:53.477287][__main__.TRPOAgent.log][learning]: Episode #8

[2020-01-29 20:20:53.477656][__main__.TRPOAgent.log][learning]: Performing rollouts: rollout length: 1000

[2020-01-29 20:20:53.845706][__main__.TRPOAgent.log][learning]: Rollouts performed

[2020-01-29 20:20:53.846116][__main__.TRPOAgent.log][batch_info]: Rollout statistics size: None, Batch size: 100

[2020-01-29 20:20:53.846545][__main__.TRPOAgent.log][learning]: 

***************
BEGINNING TRAINING
***************



[2020-01-29 20:20:55.676408][__main__.TRPOAgent.log][linesearch]: Linesearch failed. Mean kl divergence: -8.810499193611084e-18, Discarded policy loss value: 6.226243363931933e-10

[2020-01-29 20:20:55.676826][__main__.TRPOAgent.log][batch_info]: Current batch value loss: 1.4730058845930867

[2020-01-29 20:20:56.185129][__main__.TRPOAgent.log][learning]: Episode #9

[2020-01-29 20:20:56.185577][__main__.TRPOAgent.log][learning]: Performing rollouts: rollout length: 1000

[2020-01-29 20:20:56.566662][__main__.TRPOAgent.log][learning]: Rollouts performed

[2020-01-29 20:20:56.567309][__main__.TRPOAgent.log][batch_info]: Rollout statistics size: None, Batch size: 100

[2020-01-29 20:20:56.567791][__main__.TRPOAgent.log][learning]: 

***************
BEGINNING TRAINING
***************



[2020-01-29 20:20:58.459314][__main__.TRPOAgent.log][linesearch]: Linesearch failed. Mean kl divergence: -6.548458430352911e-18, Discarded policy loss value: 5.389692697515601e-10

[2020-01-29 20:20:58.459738][__main__.TRPOAgent.log][batch_info]: Current batch value loss: 4.908010156432283

[2020-01-29 20:20:59.149046][__main__.TRPOAgent.log][learning]: Episode #10

[2020-01-29 20:20:59.149665][__main__.TRPOAgent.log][learning]: Performing rollouts: rollout length: 1000

[2020-01-29 20:20:59.582717][__main__.TRPOAgent.log][learning]: Rollouts performed

[2020-01-29 20:20:59.583150][__main__.TRPOAgent.log][batch_info]: Rollout statistics size: None, Batch size: 100

[2020-01-29 20:20:59.583575][__main__.TRPOAgent.log][learning]: 

***************
BEGINNING TRAINING
***************



[2020-01-29 20:21:01.341506][__main__.TRPOAgent.log][linesearch]: Linesearch failed. Mean kl divergence: 6.216108777214594e-18, Discarded policy loss value: 5.976519824362122e-10

[2020-01-29 20:21:01.341922][__main__.TRPOAgent.log][batch_info]: Current batch value loss: 1.4987515539608218

[2020-01-29 20:21:01.951085][__main__.TRPOAgent.log][learning]: Episode #11

[2020-01-29 20:21:01.951588][__main__.TRPOAgent.log][learning]: Performing rollouts: rollout length: 1000

[2020-01-29 20:21:02.316345][__main__.TRPOAgent.log][learning]: Rollouts performed

[2020-01-29 20:21:02.316749][__main__.TRPOAgent.log][batch_info]: Rollout statistics size: None, Batch size: 100

[2020-01-29 20:21:02.317164][__main__.TRPOAgent.log][learning]: 

***************
BEGINNING TRAINING
***************



[2020-01-29 20:21:04.103808][__main__.TRPOAgent.log][linesearch]: Linesearch failed. Mean kl divergence: 3.481001783186457e-18, Discarded policy loss value: 5.538356997407538e-10

[2020-01-29 20:21:04.104245][__main__.TRPOAgent.log][batch_info]: Current batch value loss: 0.8910619808504214

[2020-01-29 20:21:04.625798][__main__.TRPOAgent.log][learning]: Episode #12

[2020-01-29 20:21:04.626156][__main__.TRPOAgent.log][learning]: Performing rollouts: rollout length: 1000

[2020-01-29 20:21:04.967125][__main__.TRPOAgent.log][learning]: Rollouts performed

[2020-01-29 20:21:04.967525][__main__.TRPOAgent.log][batch_info]: Rollout statistics size: None, Batch size: 100

[2020-01-29 20:21:04.967919][__main__.TRPOAgent.log][learning]: 

***************
BEGINNING TRAINING
***************



[2020-01-29 20:21:06.641606][__main__.TRPOAgent.log][linesearch]: Linesearch failed. Mean kl divergence: 2.2089615894606356e-18, Discarded policy loss value: 4.130967214032621e-10

[2020-01-29 20:21:06.642030][__main__.TRPOAgent.log][batch_info]: Current batch value loss: 0.6911009284456007

[2020-01-29 20:21:07.211537][__main__.TRPOAgent.log][learning]: Episode #13

[2020-01-29 20:21:07.211898][__main__.TRPOAgent.log][learning]: Performing rollouts: rollout length: 1000

[2020-01-29 20:21:07.578758][__main__.TRPOAgent.log][learning]: Rollouts performed

[2020-01-29 20:21:07.579174][__main__.TRPOAgent.log][batch_info]: Rollout statistics size: None, Batch size: 100

[2020-01-29 20:21:07.579618][__main__.TRPOAgent.log][learning]: 

***************
BEGINNING TRAINING
***************



[2020-01-29 20:21:09.350354][__main__.TRPOAgent.log][linesearch]: Linesearch failed. Mean kl divergence: 3.1680585383516365e-18, Discarded policy loss value: 5.358315800448378e-10

[2020-01-29 20:21:09.350803][__main__.TRPOAgent.log][batch_info]: Current batch value loss: 0.46834361576475203

[2020-01-29 20:21:10.027678][__main__.TRPOAgent.log][learning]: Episode #14

[2020-01-29 20:21:10.028276][__main__.TRPOAgent.log][learning]: Performing rollouts: rollout length: 1000

[2020-01-29 20:21:10.424817][__main__.TRPOAgent.log][learning]: Rollouts performed

[2020-01-29 20:21:10.425240][__main__.TRPOAgent.log][batch_info]: Rollout statistics size: None, Batch size: 100

[2020-01-29 20:21:10.425721][__main__.TRPOAgent.log][learning]: 

***************
BEGINNING TRAINING
***************



[2020-01-29 20:21:12.149828][__main__.TRPOAgent.log][linesearch]: Linesearch failed. Mean kl divergence: 2.5302569591329917e-17, Discarded policy loss value: 6.092615620290504e-10

[2020-01-29 20:21:12.150500][__main__.TRPOAgent.log][batch_info]: Current batch value loss: 1.3388143938034773

[2020-01-29 20:21:12.878791][__main__.TRPOAgent.log][learning]: Episode #15

[2020-01-29 20:21:12.879376][__main__.TRPOAgent.log][learning]: Performing rollouts: rollout length: 1000

[2020-01-29 20:21:13.293926][__main__.TRPOAgent.log][learning]: Rollouts performed

[2020-01-29 20:21:13.294481][__main__.TRPOAgent.log][batch_info]: Rollout statistics size: None, Batch size: 100

[2020-01-29 20:21:13.294949][__main__.TRPOAgent.log][learning]: 

***************
BEGINNING TRAINING
***************



