LOGGER started at 2020-01-31 14:25:34.050229.
Currently active debug channels:
	act
	batch_info
	linesearch
	learning
	thread_rollouts
[2020-01-31 14:25:34.572679][__main__.TRPOAgent.log][learning]: Episode #0

[2020-01-31 14:25:34.773629][__main__.TRPOAgent.log][learning]: Performing rollouts: rollout length: 1000

[2020-01-31 14:25:34.775010][EnvironmentNew.Environment.log][thread_rollouts]: Thread number: 1

[2020-01-31 14:25:34.774526][EnvironmentNew.Environment.log][thread_rollouts]: Thread number: 0

[2020-01-31 14:25:34.812688][EnvironmentNew.Environment.log][thread_rollouts]: Thread number: 0, Steps performed: 10

[2020-01-31 14:25:34.815816][EnvironmentNew.Environment.log][thread_rollouts]: Thread number: 1, Steps performed: 10

[2020-01-31 14:25:34.816785][EnvironmentNew.Environment.log][thread_rollouts]: Thread number: 3

[2020-01-31 14:25:34.816621][EnvironmentNew.Environment.log][thread_rollouts]: Thread number: 2

[2020-01-31 14:25:34.854000][EnvironmentNew.Environment.log][thread_rollouts]: Thread number: 2, Steps performed: 11

[2020-01-31 14:25:34.854145][EnvironmentNew.Environment.log][thread_rollouts]: Thread number: 3, Steps performed: 11

[2020-01-31 14:25:34.855468][EnvironmentNew.Environment.log][thread_rollouts]: Thread number: 5

[2020-01-31 14:25:34.855321][EnvironmentNew.Environment.log][thread_rollouts]: Thread number: 4

[2020-01-31 14:25:34.888191][EnvironmentNew.Environment.log][thread_rollouts]: Thread number: 5, Steps performed: 10

[2020-01-31 14:25:34.888527][EnvironmentNew.Environment.log][thread_rollouts]: Thread number: 4, Steps performed: 10

[2020-01-31 14:25:34.889982][EnvironmentNew.Environment.log][thread_rollouts]: Thread number: 7

[2020-01-31 14:25:34.889780][EnvironmentNew.Environment.log][thread_rollouts]: Thread number: 6

[2020-01-31 14:25:34.922646][EnvironmentNew.Environment.log][thread_rollouts]: Thread number: 7, Steps performed: 10

[2020-01-31 14:25:34.925928][EnvironmentNew.Environment.log][thread_rollouts]: Thread number: 6, Steps performed: 11

[2020-01-31 14:25:34.926724][EnvironmentNew.Environment.log][thread_rollouts]: Thread number: 9

[2020-01-31 14:25:34.926565][EnvironmentNew.Environment.log][thread_rollouts]: Thread number: 8

[2020-01-31 14:25:34.967068][EnvironmentNew.Environment.log][thread_rollouts]: Thread number: 8, Steps performed: 12

[2020-01-31 14:25:34.966667][EnvironmentNew.Environment.log][thread_rollouts]: Thread number: 9, Steps performed: 11

[2020-01-31 14:25:34.968195][EnvironmentNew.Environment.log][thread_rollouts]: Thread number: 10

[2020-01-31 14:25:34.968566][EnvironmentNew.Environment.log][thread_rollouts]: Thread number: 11

[2020-01-31 14:25:35.001344][EnvironmentNew.Environment.log][thread_rollouts]: Thread number: 10, Steps performed: 10

[2020-01-31 14:25:35.001477][EnvironmentNew.Environment.log][thread_rollouts]: Thread number: 11, Steps performed: 10

[2020-01-31 14:25:35.002791][EnvironmentNew.Environment.log][thread_rollouts]: Thread number: 12

[2020-01-31 14:25:35.002990][EnvironmentNew.Environment.log][thread_rollouts]: Thread number: 13

[2020-01-31 14:25:35.038186][EnvironmentNew.Environment.log][thread_rollouts]: Thread number: 12, Steps performed: 10

[2020-01-31 14:25:35.039122][EnvironmentNew.Environment.log][thread_rollouts]: Thread number: 13, Steps performed: 11

[2020-01-31 14:25:35.039703][EnvironmentNew.Environment.log][thread_rollouts]: Thread number: 14

[2020-01-31 14:25:35.040016][EnvironmentNew.Environment.log][thread_rollouts]: Thread number: 15

[2020-01-31 14:25:35.068305][EnvironmentNew.Environment.log][thread_rollouts]: Thread number: 14, Steps performed: 10

[2020-01-31 14:25:35.069950][EnvironmentNew.Environment.log][thread_rollouts]: Thread number: 15, Steps performed: 10

[2020-01-31 14:25:35.070378][EnvironmentNew.Environment.log][thread_rollouts]: Thread number: 16

[2020-01-31 14:25:35.070533][EnvironmentNew.Environment.log][thread_rollouts]: Thread number: 17

[2020-01-31 14:25:35.103198][EnvironmentNew.Environment.log][thread_rollouts]: Thread number: 17, Steps performed: 10

[2020-01-31 14:25:35.104240][EnvironmentNew.Environment.log][thread_rollouts]: Thread number: 16, Steps performed: 12

[2020-01-31 14:25:35.105126][EnvironmentNew.Environment.log][thread_rollouts]: Thread number: 19

[2020-01-31 14:25:35.104996][EnvironmentNew.Environment.log][thread_rollouts]: Thread number: 18

[2020-01-31 14:25:35.135894][EnvironmentNew.Environment.log][thread_rollouts]: Thread number: 19, Steps performed: 10

[2020-01-31 14:25:35.137021][EnvironmentNew.Environment.log][thread_rollouts]: Thread number: 18, Steps performed: 11

[2020-01-31 14:25:35.137986][EnvironmentNew.Environment.log][thread_rollouts]: Thread number: 20

[2020-01-31 14:25:35.138155][EnvironmentNew.Environment.log][thread_rollouts]: Thread number: 21

[2020-01-31 14:25:35.169011][EnvironmentNew.Environment.log][thread_rollouts]: Thread number: 20, Steps performed: 10

[2020-01-31 14:25:35.170484][EnvironmentNew.Environment.log][thread_rollouts]: Thread number: 21, Steps performed: 10

[2020-01-31 14:25:35.171038][EnvironmentNew.Environment.log][thread_rollouts]: Thread number: 22

[2020-01-31 14:25:35.171224][EnvironmentNew.Environment.log][thread_rollouts]: Thread number: 23

[2020-01-31 14:25:35.199922][EnvironmentNew.Environment.log][thread_rollouts]: Thread number: 23, Steps performed: 10

[2020-01-31 14:25:35.199457][EnvironmentNew.Environment.log][thread_rollouts]: Thread number: 22, Steps performed: 10

[2020-01-31 14:25:35.200737][EnvironmentNew.Environment.log][thread_rollouts]: Thread number: 24

[2020-01-31 14:25:35.200853][EnvironmentNew.Environment.log][thread_rollouts]: Thread number: 25

[2020-01-31 14:25:35.235705][EnvironmentNew.Environment.log][thread_rollouts]: Thread number: 24, Steps performed: 10

[2020-01-31 14:25:35.236251][EnvironmentNew.Environment.log][thread_rollouts]: Thread number: 25, Steps performed: 12

[2020-01-31 14:25:35.236989][EnvironmentNew.Environment.log][thread_rollouts]: Thread number: 26

[2020-01-31 14:25:35.237137][EnvironmentNew.Environment.log][thread_rollouts]: Thread number: 27

[2020-01-31 14:25:35.267909][EnvironmentNew.Environment.log][thread_rollouts]: Thread number: 26, Steps performed: 10

[2020-01-31 14:25:35.269488][EnvironmentNew.Environment.log][thread_rollouts]: Thread number: 27, Steps performed: 11

[2020-01-31 14:25:35.270353][EnvironmentNew.Environment.log][thread_rollouts]: Thread number: 29

[2020-01-31 14:25:35.270228][EnvironmentNew.Environment.log][thread_rollouts]: Thread number: 28

[2020-01-31 14:25:35.307767][EnvironmentNew.Environment.log][thread_rollouts]: Thread number: 28, Steps performed: 11

[2020-01-31 14:25:35.307604][EnvironmentNew.Environment.log][thread_rollouts]: Thread number: 29, Steps performed: 11

[2020-01-31 14:25:35.308882][__main__.TRPOAgent.log][learning]: Rollouts performed

[2020-01-31 14:25:35.309162][__main__.TRPOAgent.log][batch_info]: Rollout statistics size: 315, Batch size: 100

[2020-01-31 14:25:35.309450][__main__.TRPOAgent.log][learning]: 

***************
BEGINNING TRAINING
***************



[2020-01-31 14:25:37.002796][__main__.TRPOAgent.log][linesearch]: Linesearch worked at 2, New mean kl div: 0.007778652102054872, New policy loss value: 0.6074045314147485

[2020-01-31 14:25:37.003185][__main__.TRPOAgent.log][batch_info]: Current batch value loss: 0.1525864499113099

[2020-01-31 14:25:38.247641][__main__.TRPOAgent.log][learning]: Episode #1

[2020-01-31 14:25:38.248211][__main__.TRPOAgent.log][learning]: Performing rollouts: rollout length: 1000

[2020-01-31 14:25:38.249089][EnvironmentNew.Environment.log][thread_rollouts]: Thread number: 0

[2020-01-31 14:25:38.249393][EnvironmentNew.Environment.log][thread_rollouts]: Thread number: 1

[2020-01-31 14:25:38.288719][EnvironmentNew.Environment.log][thread_rollouts]: Thread number: 0, Steps performed: 9

[2020-01-31 14:25:38.289493][EnvironmentNew.Environment.log][thread_rollouts]: Thread number: 1, Steps performed: 10

[2020-01-31 14:25:38.292217][EnvironmentNew.Environment.log][thread_rollouts]: Thread number: 3

[2020-01-31 14:25:38.309473][EnvironmentNew.Environment.log][thread_rollouts]: Thread number: 3, Steps performed: 9

[2020-01-31 14:25:38.291637][EnvironmentNew.Environment.log][thread_rollouts]: Thread number: 2

[2020-01-31 14:25:38.327794][EnvironmentNew.Environment.log][thread_rollouts]: Thread number: 2, Steps performed: 9

[2020-01-31 14:25:38.329982][EnvironmentNew.Environment.log][thread_rollouts]: Thread number: 4

[2020-01-31 14:25:38.338183][EnvironmentNew.Environment.log][thread_rollouts]: Thread number: 5

[2020-01-31 14:25:38.375103][EnvironmentNew.Environment.log][thread_rollouts]: Thread number: 5, Steps performed: 10

[2020-01-31 14:25:38.377762][EnvironmentNew.Environment.log][thread_rollouts]: Thread number: 4, Steps performed: 11

[2020-01-31 14:25:38.378486][EnvironmentNew.Environment.log][thread_rollouts]: Thread number: 6

[2020-01-31 14:25:38.378856][EnvironmentNew.Environment.log][thread_rollouts]: Thread number: 7

[2020-01-31 14:25:38.412280][EnvironmentNew.Environment.log][thread_rollouts]: Thread number: 7, Steps performed: 11

[2020-01-31 14:25:38.429932][EnvironmentNew.Environment.log][thread_rollouts]: Thread number: 6, Steps performed: 14

[2020-01-31 14:25:38.431031][EnvironmentNew.Environment.log][thread_rollouts]: Thread number: 9

[2020-01-31 14:25:38.430769][EnvironmentNew.Environment.log][thread_rollouts]: Thread number: 8

[2020-01-31 14:25:38.475825][EnvironmentNew.Environment.log][thread_rollouts]: Thread number: 9, Steps performed: 9

[2020-01-31 14:25:38.476997][EnvironmentNew.Environment.log][thread_rollouts]: Thread number: 8, Steps performed: 10

[2020-01-31 14:25:38.478181][EnvironmentNew.Environment.log][thread_rollouts]: Thread number: 11

[2020-01-31 14:25:38.477983][EnvironmentNew.Environment.log][thread_rollouts]: Thread number: 10

[2020-01-31 14:25:38.519428][EnvironmentNew.Environment.log][thread_rollouts]: Thread number: 10, Steps performed: 9

[2020-01-31 14:25:38.519506][EnvironmentNew.Environment.log][thread_rollouts]: Thread number: 11, Steps performed: 9

[2020-01-31 14:25:38.520734][EnvironmentNew.Environment.log][thread_rollouts]: Thread number: 12

[2020-01-31 14:25:38.520922][EnvironmentNew.Environment.log][thread_rollouts]: Thread number: 13

[2020-01-31 14:25:38.557223][EnvironmentNew.Environment.log][thread_rollouts]: Thread number: 13, Steps performed: 9

[2020-01-31 14:25:38.558664][EnvironmentNew.Environment.log][thread_rollouts]: Thread number: 12, Steps performed: 11

[2020-01-31 14:25:38.559226][EnvironmentNew.Environment.log][thread_rollouts]: Thread number: 14

[2020-01-31 14:25:38.559407][EnvironmentNew.Environment.log][thread_rollouts]: Thread number: 15

[2020-01-31 14:25:38.594006][EnvironmentNew.Environment.log][thread_rollouts]: Thread number: 14, Steps performed: 9

[2020-01-31 14:25:38.595725][EnvironmentNew.Environment.log][thread_rollouts]: Thread number: 15, Steps performed: 9

[2020-01-31 14:25:38.597682][EnvironmentNew.Environment.log][thread_rollouts]: Thread number: 17

[2020-01-31 14:25:38.597201][EnvironmentNew.Environment.log][thread_rollouts]: Thread number: 16

[2020-01-31 14:25:38.647315][EnvironmentNew.Environment.log][thread_rollouts]: Thread number: 17, Steps performed: 11

[2020-01-31 14:25:38.646557][EnvironmentNew.Environment.log][thread_rollouts]: Thread number: 16, Steps performed: 12

[2020-01-31 14:25:38.648891][EnvironmentNew.Environment.log][thread_rollouts]: Thread number: 19

[2020-01-31 14:25:38.648675][EnvironmentNew.Environment.log][thread_rollouts]: Thread number: 18

[2020-01-31 14:25:38.688498][EnvironmentNew.Environment.log][thread_rollouts]: Thread number: 18, Steps performed: 10

[2020-01-31 14:25:38.688919][EnvironmentNew.Environment.log][thread_rollouts]: Thread number: 19, Steps performed: 10

[2020-01-31 14:25:38.690540][EnvironmentNew.Environment.log][thread_rollouts]: Thread number: 20

[2020-01-31 14:25:38.690696][EnvironmentNew.Environment.log][thread_rollouts]: Thread number: 21

[2020-01-31 14:25:38.738158][EnvironmentNew.Environment.log][thread_rollouts]: Thread number: 20, Steps performed: 11

[2020-01-31 14:25:38.737493][EnvironmentNew.Environment.log][thread_rollouts]: Thread number: 21, Steps performed: 11

[2020-01-31 14:25:38.739329][EnvironmentNew.Environment.log][thread_rollouts]: Thread number: 22

[2020-01-31 14:25:38.739505][EnvironmentNew.Environment.log][thread_rollouts]: Thread number: 23

[2020-01-31 14:25:38.775934][EnvironmentNew.Environment.log][thread_rollouts]: Thread number: 22, Steps performed: 9

[2020-01-31 14:25:38.776730][EnvironmentNew.Environment.log][thread_rollouts]: Thread number: 23, Steps performed: 9

[2020-01-31 14:25:38.777440][EnvironmentNew.Environment.log][thread_rollouts]: Thread number: 24

[2020-01-31 14:25:38.777610][EnvironmentNew.Environment.log][thread_rollouts]: Thread number: 25

[2020-01-31 14:25:38.812782][EnvironmentNew.Environment.log][thread_rollouts]: Thread number: 25, Steps performed: 9

[2020-01-31 14:25:38.813328][EnvironmentNew.Environment.log][thread_rollouts]: Thread number: 24, Steps performed: 9

[2020-01-31 14:25:38.814960][EnvironmentNew.Environment.log][thread_rollouts]: Thread number: 26

[2020-01-31 14:25:38.815361][EnvironmentNew.Environment.log][thread_rollouts]: Thread number: 27

[2020-01-31 14:25:38.856914][EnvironmentNew.Environment.log][thread_rollouts]: Thread number: 26, Steps performed: 9

[2020-01-31 14:25:38.857626][EnvironmentNew.Environment.log][thread_rollouts]: Thread number: 27, Steps performed: 9

[2020-01-31 14:25:38.858331][EnvironmentNew.Environment.log][thread_rollouts]: Thread number: 28

[2020-01-31 14:25:38.858522][EnvironmentNew.Environment.log][thread_rollouts]: Thread number: 29

[2020-01-31 14:25:38.903292][EnvironmentNew.Environment.log][thread_rollouts]: Thread number: 29, Steps performed: 11

[2020-01-31 14:25:38.904279][EnvironmentNew.Environment.log][thread_rollouts]: Thread number: 28, Steps performed: 10

[2020-01-31 14:25:38.905965][__main__.TRPOAgent.log][learning]: Rollouts performed

[2020-01-31 14:25:38.906414][__main__.TRPOAgent.log][batch_info]: Rollout statistics size: 298, Batch size: 100

[2020-01-31 14:25:38.906719][__main__.TRPOAgent.log][learning]: 

***************
BEGINNING TRAINING
***************



[2020-01-31 14:25:40.454416][__main__.TRPOAgent.log][linesearch]: Linesearch worked at 2, New mean kl div: 0.009936765054913433, New policy loss value: 1.9587576982140464

[2020-01-31 14:25:40.454844][__main__.TRPOAgent.log][batch_info]: Current batch value loss: 0.14895722352031787

[2020-01-31 14:25:41.052679][__main__.TRPOAgent.log][learning]: Episode #2

[2020-01-31 14:25:41.053031][__main__.TRPOAgent.log][learning]: Performing rollouts: rollout length: 1000

[2020-01-31 14:25:41.053638][EnvironmentNew.Environment.log][thread_rollouts]: Thread number: 1

[2020-01-31 14:25:41.053406][EnvironmentNew.Environment.log][thread_rollouts]: Thread number: 0

[2020-01-31 14:25:41.097076][EnvironmentNew.Environment.log][thread_rollouts]: Thread number: 0, Steps performed: 12

[2020-01-31 14:25:41.107188][EnvironmentNew.Environment.log][thread_rollouts]: Thread number: 1, Steps performed: 18

[2020-01-31 14:25:41.108078][EnvironmentNew.Environment.log][thread_rollouts]: Thread number: 2

[2020-01-31 14:25:41.108210][EnvironmentNew.Environment.log][thread_rollouts]: Thread number: 3

[2020-01-31 14:25:41.147071][EnvironmentNew.Environment.log][thread_rollouts]: Thread number: 3, Steps performed: 11

[2020-01-31 14:25:41.154138][EnvironmentNew.Environment.log][thread_rollouts]: Thread number: 2, Steps performed: 20

[2020-01-31 14:25:41.154646][EnvironmentNew.Environment.log][thread_rollouts]: Thread number: 4

[2020-01-31 14:25:41.154907][EnvironmentNew.Environment.log][thread_rollouts]: Thread number: 5

[2020-01-31 14:25:41.192042][EnvironmentNew.Environment.log][thread_rollouts]: Thread number: 4, Steps performed: 12

[2020-01-31 14:25:41.205585][EnvironmentNew.Environment.log][thread_rollouts]: Thread number: 5, Steps performed: 21

[2020-01-31 14:25:41.206132][EnvironmentNew.Environment.log][thread_rollouts]: Thread number: 6

[2020-01-31 14:25:41.206464][EnvironmentNew.Environment.log][thread_rollouts]: Thread number: 7

[2020-01-31 14:25:41.250085][EnvironmentNew.Environment.log][thread_rollouts]: Thread number: 6, Steps performed: 14

[2020-01-31 14:25:41.257305][EnvironmentNew.Environment.log][thread_rollouts]: Thread number: 7, Steps performed: 20

[2020-01-31 14:25:41.257882][EnvironmentNew.Environment.log][thread_rollouts]: Thread number: 8

[2020-01-31 14:25:41.258014][EnvironmentNew.Environment.log][thread_rollouts]: Thread number: 9

[2020-01-31 14:25:41.294930][EnvironmentNew.Environment.log][thread_rollouts]: Thread number: 8, Steps performed: 12

[2020-01-31 14:25:41.301952][EnvironmentNew.Environment.log][thread_rollouts]: Thread number: 9, Steps performed: 18

[2020-01-31 14:25:41.302538][EnvironmentNew.Environment.log][thread_rollouts]: Thread number: 10

[2020-01-31 14:25:41.302698][EnvironmentNew.Environment.log][thread_rollouts]: Thread number: 11

[2020-01-31 14:25:41.336984][EnvironmentNew.Environment.log][thread_rollouts]: Thread number: 10, Steps performed: 10

[2020-01-31 14:25:41.345603][EnvironmentNew.Environment.log][thread_rollouts]: Thread number: 11, Steps performed: 18

[2020-01-31 14:25:41.346529][EnvironmentNew.Environment.log][thread_rollouts]: Thread number: 13

[2020-01-31 14:25:41.346158][EnvironmentNew.Environment.log][thread_rollouts]: Thread number: 12

[2020-01-31 14:25:41.385430][EnvironmentNew.Environment.log][thread_rollouts]: Thread number: 12, Steps performed: 12

[2020-01-31 14:25:41.387156][EnvironmentNew.Environment.log][thread_rollouts]: Thread number: 13, Steps performed: 12

[2020-01-31 14:25:41.388096][EnvironmentNew.Environment.log][thread_rollouts]: Thread number: 15

[2020-01-31 14:25:41.387879][EnvironmentNew.Environment.log][thread_rollouts]: Thread number: 14

[2020-01-31 14:25:41.422229][EnvironmentNew.Environment.log][thread_rollouts]: Thread number: 15, Steps performed: 12

[2020-01-31 14:25:41.422794][EnvironmentNew.Environment.log][thread_rollouts]: Thread number: 14, Steps performed: 12

[2020-01-31 14:25:41.424193][EnvironmentNew.Environment.log][thread_rollouts]: Thread number: 17

[2020-01-31 14:25:41.424022][EnvironmentNew.Environment.log][thread_rollouts]: Thread number: 16

[2020-01-31 14:25:41.461647][EnvironmentNew.Environment.log][thread_rollouts]: Thread number: 17, Steps performed: 12

[2020-01-31 14:25:41.462520][EnvironmentNew.Environment.log][thread_rollouts]: Thread number: 16, Steps performed: 12

[2020-01-31 14:25:41.463194][EnvironmentNew.Environment.log][thread_rollouts]: Thread number: 19

[2020-01-31 14:25:41.463078][EnvironmentNew.Environment.log][thread_rollouts]: Thread number: 18

[2020-01-31 14:25:41.501244][EnvironmentNew.Environment.log][thread_rollouts]: Thread number: 18, Steps performed: 13

[2020-01-31 14:25:41.501931][EnvironmentNew.Environment.log][thread_rollouts]: Thread number: 19, Steps performed: 12

[2020-01-31 14:25:41.508881][EnvironmentNew.Environment.log][thread_rollouts]: Thread number: 20

[2020-01-31 14:25:41.509341][EnvironmentNew.Environment.log][thread_rollouts]: Thread number: 21

[2020-01-31 14:25:41.548398][EnvironmentNew.Environment.log][thread_rollouts]: Thread number: 20, Steps performed: 12

[2020-01-31 14:25:41.549177][EnvironmentNew.Environment.log][thread_rollouts]: Thread number: 21, Steps performed: 12

[2020-01-31 14:25:41.550172][EnvironmentNew.Environment.log][thread_rollouts]: Thread number: 22

[2020-01-31 14:25:41.550482][EnvironmentNew.Environment.log][thread_rollouts]: Thread number: 23

[2020-01-31 14:25:41.592237][EnvironmentNew.Environment.log][thread_rollouts]: Thread number: 23, Steps performed: 11

[2020-01-31 14:25:41.594772][EnvironmentNew.Environment.log][thread_rollouts]: Thread number: 22, Steps performed: 16

[2020-01-31 14:25:41.595467][EnvironmentNew.Environment.log][thread_rollouts]: Thread number: 25

[2020-01-31 14:25:41.595262][EnvironmentNew.Environment.log][thread_rollouts]: Thread number: 24

[2020-01-31 14:25:41.645143][EnvironmentNew.Environment.log][thread_rollouts]: Thread number: 25, Steps performed: 15

[2020-01-31 14:25:41.645882][EnvironmentNew.Environment.log][thread_rollouts]: Thread number: 24, Steps performed: 16

[2020-01-31 14:25:41.646708][EnvironmentNew.Environment.log][thread_rollouts]: Thread number: 26

[2020-01-31 14:25:41.646834][EnvironmentNew.Environment.log][thread_rollouts]: Thread number: 27

[2020-01-31 14:25:41.683521][EnvironmentNew.Environment.log][thread_rollouts]: Thread number: 26, Steps performed: 11

[2020-01-31 14:25:41.686917][EnvironmentNew.Environment.log][thread_rollouts]: Thread number: 27, Steps performed: 11

[2020-01-31 14:25:41.687948][EnvironmentNew.Environment.log][thread_rollouts]: Thread number: 29

[2020-01-31 14:25:41.687756][EnvironmentNew.Environment.log][thread_rollouts]: Thread number: 28

[2020-01-31 14:25:41.724728][EnvironmentNew.Environment.log][thread_rollouts]: Thread number: 29, Steps performed: 11

[2020-01-31 14:25:41.724955][EnvironmentNew.Environment.log][thread_rollouts]: Thread number: 28, Steps performed: 10

[2020-01-31 14:25:41.726139][__main__.TRPOAgent.log][learning]: Rollouts performed

[2020-01-31 14:25:41.726432][__main__.TRPOAgent.log][batch_info]: Rollout statistics size: 408, Batch size: 100

[2020-01-31 14:25:41.726697][__main__.TRPOAgent.log][learning]: 

***************
BEGINNING TRAINING
***************



[2020-01-31 14:25:43.320941][__main__.TRPOAgent.log][linesearch]: Linesearch worked at 4, New mean kl div: 0.009050286299811154, New policy loss value: 19.278861749606833

[2020-01-31 14:25:43.321360][__main__.TRPOAgent.log][batch_info]: Current batch value loss: 0.01703865375814282

[2020-01-31 14:25:43.807557][__main__.TRPOAgent.log][learning]: Episode #3

[2020-01-31 14:25:43.807900][__main__.TRPOAgent.log][learning]: Performing rollouts: rollout length: 1000

[2020-01-31 14:25:43.808648][EnvironmentNew.Environment.log][thread_rollouts]: Thread number: 1

[2020-01-31 14:25:43.808293][EnvironmentNew.Environment.log][thread_rollouts]: Thread number: 0

[2020-01-31 14:25:43.846085][EnvironmentNew.Environment.log][thread_rollouts]: Thread number: 0, Steps performed: 12

[2020-01-31 14:25:43.846607][EnvironmentNew.Environment.log][thread_rollouts]: Thread number: 1, Steps performed: 11

[2020-01-31 14:25:43.847755][EnvironmentNew.Environment.log][thread_rollouts]: Thread number: 3

[2020-01-31 14:25:43.847631][EnvironmentNew.Environment.log][thread_rollouts]: Thread number: 2

[2020-01-31 14:25:43.881617][EnvironmentNew.Environment.log][thread_rollouts]: Thread number: 3, Steps performed: 11

[2020-01-31 14:25:43.886334][EnvironmentNew.Environment.log][thread_rollouts]: Thread number: 2, Steps performed: 11

[2020-01-31 14:25:43.887348][EnvironmentNew.Environment.log][thread_rollouts]: Thread number: 4

[2020-01-31 14:25:43.887897][EnvironmentNew.Environment.log][thread_rollouts]: Thread number: 5

[2020-01-31 14:25:43.926881][EnvironmentNew.Environment.log][thread_rollouts]: Thread number: 4, Steps performed: 11

[2020-01-31 14:25:43.930073][EnvironmentNew.Environment.log][thread_rollouts]: Thread number: 5, Steps performed: 14

[2020-01-31 14:25:43.930608][EnvironmentNew.Environment.log][thread_rollouts]: Thread number: 6

[2020-01-31 14:25:43.930758][EnvironmentNew.Environment.log][thread_rollouts]: Thread number: 7

[2020-01-31 14:25:43.981324][EnvironmentNew.Environment.log][thread_rollouts]: Thread number: 7, Steps performed: 14

[2020-01-31 14:25:43.989412][EnvironmentNew.Environment.log][thread_rollouts]: Thread number: 6, Steps performed: 20

[2020-01-31 14:25:43.990318][EnvironmentNew.Environment.log][thread_rollouts]: Thread number: 9

[2020-01-31 14:25:43.990139][EnvironmentNew.Environment.log][thread_rollouts]: Thread number: 8

[2020-01-31 14:25:44.029126][EnvironmentNew.Environment.log][thread_rollouts]: Thread number: 9, Steps performed: 11

[2020-01-31 14:25:44.029360][EnvironmentNew.Environment.log][thread_rollouts]: Thread number: 8, Steps performed: 11

[2020-01-31 14:25:44.030448][EnvironmentNew.Environment.log][thread_rollouts]: Thread number: 10

[2020-01-31 14:25:44.030657][EnvironmentNew.Environment.log][thread_rollouts]: Thread number: 11

[2020-01-31 14:25:44.068805][EnvironmentNew.Environment.log][thread_rollouts]: Thread number: 11, Steps performed: 11

[2020-01-31 14:25:44.068598][EnvironmentNew.Environment.log][thread_rollouts]: Thread number: 10, Steps performed: 12

[2020-01-31 14:25:44.070069][EnvironmentNew.Environment.log][thread_rollouts]: Thread number: 13

[2020-01-31 14:25:44.069933][EnvironmentNew.Environment.log][thread_rollouts]: Thread number: 12

[2020-01-31 14:25:44.106825][EnvironmentNew.Environment.log][thread_rollouts]: Thread number: 13, Steps performed: 11

[2020-01-31 14:25:44.110379][EnvironmentNew.Environment.log][thread_rollouts]: Thread number: 12, Steps performed: 14

[2020-01-31 14:25:44.110841][EnvironmentNew.Environment.log][thread_rollouts]: Thread number: 14

[2020-01-31 14:25:44.111032][EnvironmentNew.Environment.log][thread_rollouts]: Thread number: 15

[2020-01-31 14:25:44.143070][EnvironmentNew.Environment.log][thread_rollouts]: Thread number: 14, Steps performed: 11

[2020-01-31 14:25:44.143154][EnvironmentNew.Environment.log][thread_rollouts]: Thread number: 15, Steps performed: 11

[2020-01-31 14:25:44.144607][EnvironmentNew.Environment.log][thread_rollouts]: Thread number: 17

[2020-01-31 14:25:44.144396][EnvironmentNew.Environment.log][thread_rollouts]: Thread number: 16

[2020-01-31 14:25:44.184061][EnvironmentNew.Environment.log][thread_rollouts]: Thread number: 16, Steps performed: 11

[2020-01-31 14:25:44.185037][EnvironmentNew.Environment.log][thread_rollouts]: Thread number: 17, Steps performed: 13

[2020-01-31 14:25:44.185800][EnvironmentNew.Environment.log][thread_rollouts]: Thread number: 18

[2020-01-31 14:25:44.185959][EnvironmentNew.Environment.log][thread_rollouts]: Thread number: 19

[2020-01-31 14:25:44.219780][EnvironmentNew.Environment.log][thread_rollouts]: Thread number: 19, Steps performed: 11

[2020-01-31 14:25:44.222239][EnvironmentNew.Environment.log][thread_rollouts]: Thread number: 18, Steps performed: 12

[2020-01-31 14:25:44.222979][EnvironmentNew.Environment.log][thread_rollouts]: Thread number: 20

[2020-01-31 14:25:44.223153][EnvironmentNew.Environment.log][thread_rollouts]: Thread number: 21

[2020-01-31 14:25:44.261643][EnvironmentNew.Environment.log][thread_rollouts]: Thread number: 20, Steps performed: 11

[2020-01-31 14:25:44.273857][EnvironmentNew.Environment.log][thread_rollouts]: Thread number: 21, Steps performed: 18

[2020-01-31 14:25:44.274634][EnvironmentNew.Environment.log][thread_rollouts]: Thread number: 22

[2020-01-31 14:25:44.274883][EnvironmentNew.Environment.log][thread_rollouts]: Thread number: 23

[2020-01-31 14:25:44.311358][EnvironmentNew.Environment.log][thread_rollouts]: Thread number: 23, Steps performed: 11

[2020-01-31 14:25:44.311101][EnvironmentNew.Environment.log][thread_rollouts]: Thread number: 22, Steps performed: 11

[2020-01-31 14:25:44.312454][EnvironmentNew.Environment.log][thread_rollouts]: Thread number: 24

[2020-01-31 14:25:44.312720][EnvironmentNew.Environment.log][thread_rollouts]: Thread number: 25

[2020-01-31 14:25:44.346668][EnvironmentNew.Environment.log][thread_rollouts]: Thread number: 24, Steps performed: 11

[2020-01-31 14:25:44.347385][EnvironmentNew.Environment.log][thread_rollouts]: Thread number: 25, Steps performed: 11

[2020-01-31 14:25:44.348116][EnvironmentNew.Environment.log][thread_rollouts]: Thread number: 26

[2020-01-31 14:25:44.348342][EnvironmentNew.Environment.log][thread_rollouts]: Thread number: 27

[2020-01-31 14:25:44.386992][EnvironmentNew.Environment.log][thread_rollouts]: Thread number: 27, Steps performed: 11

[2020-01-31 14:25:44.387382][EnvironmentNew.Environment.log][thread_rollouts]: Thread number: 26, Steps performed: 11

[2020-01-31 14:25:44.388723][EnvironmentNew.Environment.log][thread_rollouts]: Thread number: 28

[2020-01-31 14:25:44.388966][EnvironmentNew.Environment.log][thread_rollouts]: Thread number: 29

[2020-01-31 14:25:44.421349][EnvironmentNew.Environment.log][thread_rollouts]: Thread number: 28, Steps performed: 11

[2020-01-31 14:25:44.425411][EnvironmentNew.Environment.log][thread_rollouts]: Thread number: 29, Steps performed: 13

[2020-01-31 14:25:44.426361][__main__.TRPOAgent.log][learning]: Rollouts performed

[2020-01-31 14:25:44.426709][__main__.TRPOAgent.log][batch_info]: Rollout statistics size: 362, Batch size: 100

[2020-01-31 14:25:44.427005][__main__.TRPOAgent.log][learning]: 

***************
BEGINNING TRAINING
***************



[2020-01-31 14:25:45.986784][__main__.TRPOAgent.log][linesearch]: Linesearch worked at 0, New mean kl div: 0.007177936597027934, New policy loss value: 35.003694073206596

[2020-01-31 14:25:45.987212][__main__.TRPOAgent.log][batch_info]: Current batch value loss: 0.00352774139361145

[2020-01-31 14:25:46.480586][__main__.TRPOAgent.log][learning]: Episode #4

[2020-01-31 14:25:46.480943][__main__.TRPOAgent.log][learning]: Performing rollouts: rollout length: 1000

[2020-01-31 14:25:46.481310][EnvironmentNew.Environment.log][thread_rollouts]: Thread number: 0

[2020-01-31 14:25:46.481458][EnvironmentNew.Environment.log][thread_rollouts]: Thread number: 1

[2020-01-31 14:25:46.516695][EnvironmentNew.Environment.log][thread_rollouts]: Thread number: 1, Steps performed: 9

[2020-01-31 14:25:46.519676][EnvironmentNew.Environment.log][thread_rollouts]: Thread number: 0, Steps performed: 10

[2020-01-31 14:25:46.520416][EnvironmentNew.Environment.log][thread_rollouts]: Thread number: 2

[2020-01-31 14:25:46.539747][EnvironmentNew.Environment.log][thread_rollouts]: Thread number: 2, Steps performed: 8

[2020-01-31 14:25:46.520576][EnvironmentNew.Environment.log][thread_rollouts]: Thread number: 3

[2020-01-31 14:25:46.555464][EnvironmentNew.Environment.log][thread_rollouts]: Thread number: 3, Steps performed: 8

[2020-01-31 14:25:46.556137][EnvironmentNew.Environment.log][thread_rollouts]: Thread number: 4

[2020-01-31 14:25:46.556361][EnvironmentNew.Environment.log][thread_rollouts]: Thread number: 5

[2020-01-31 14:25:46.576213][EnvironmentNew.Environment.log][thread_rollouts]: Thread number: 4, Steps performed: 8

[2020-01-31 14:25:46.595293][EnvironmentNew.Environment.log][thread_rollouts]: Thread number: 5, Steps performed: 13

[2020-01-31 14:25:46.596149][EnvironmentNew.Environment.log][thread_rollouts]: Thread number: 6

[2020-01-31 14:25:46.596415][EnvironmentNew.Environment.log][thread_rollouts]: Thread number: 7

[2020-01-31 14:25:46.624535][EnvironmentNew.Environment.log][thread_rollouts]: Thread number: 6, Steps performed: 8

[2020-01-31 14:25:46.627524][EnvironmentNew.Environment.log][thread_rollouts]: Thread number: 7, Steps performed: 9

[2020-01-31 14:25:46.628178][EnvironmentNew.Environment.log][thread_rollouts]: Thread number: 9

[2020-01-31 14:25:46.628035][EnvironmentNew.Environment.log][thread_rollouts]: Thread number: 8

[2020-01-31 14:25:46.657246][EnvironmentNew.Environment.log][thread_rollouts]: Thread number: 8, Steps performed: 8

[2020-01-31 14:25:46.657935][EnvironmentNew.Environment.log][thread_rollouts]: Thread number: 9, Steps performed: 9

[2020-01-31 14:25:46.658781][EnvironmentNew.Environment.log][thread_rollouts]: Thread number: 10

[2020-01-31 14:25:46.658935][EnvironmentNew.Environment.log][thread_rollouts]: Thread number: 11

[2020-01-31 14:25:46.683163][EnvironmentNew.Environment.log][thread_rollouts]: Thread number: 11, Steps performed: 8

[2020-01-31 14:25:46.683816][EnvironmentNew.Environment.log][thread_rollouts]: Thread number: 10, Steps performed: 10

[2020-01-31 14:25:46.684488][EnvironmentNew.Environment.log][thread_rollouts]: Thread number: 13

[2020-01-31 14:25:46.684351][EnvironmentNew.Environment.log][thread_rollouts]: Thread number: 12

[2020-01-31 14:25:46.717952][EnvironmentNew.Environment.log][thread_rollouts]: Thread number: 13, Steps performed: 8

[2020-01-31 14:25:46.720168][EnvironmentNew.Environment.log][thread_rollouts]: Thread number: 12, Steps performed: 10

[2020-01-31 14:25:46.720913][EnvironmentNew.Environment.log][thread_rollouts]: Thread number: 14

[2020-01-31 14:25:46.721071][EnvironmentNew.Environment.log][thread_rollouts]: Thread number: 15

[2020-01-31 14:25:46.751907][EnvironmentNew.Environment.log][thread_rollouts]: Thread number: 15, Steps performed: 10

[2020-01-31 14:25:46.751565][EnvironmentNew.Environment.log][thread_rollouts]: Thread number: 14, Steps performed: 8

[2020-01-31 14:25:46.753557][EnvironmentNew.Environment.log][thread_rollouts]: Thread number: 17

[2020-01-31 14:25:46.753302][EnvironmentNew.Environment.log][thread_rollouts]: Thread number: 16

[2020-01-31 14:25:46.788973][EnvironmentNew.Environment.log][thread_rollouts]: Thread number: 16, Steps performed: 8

[2020-01-31 14:25:46.789889][EnvironmentNew.Environment.log][thread_rollouts]: Thread number: 17, Steps performed: 11

[2020-01-31 14:25:46.790660][EnvironmentNew.Environment.log][thread_rollouts]: Thread number: 18

[2020-01-31 14:25:46.790880][EnvironmentNew.Environment.log][thread_rollouts]: Thread number: 19

[2020-01-31 14:25:46.819567][EnvironmentNew.Environment.log][thread_rollouts]: Thread number: 18, Steps performed: 8

[2020-01-31 14:25:46.824719][EnvironmentNew.Environment.log][thread_rollouts]: Thread number: 19, Steps performed: 12

[2020-01-31 14:25:46.825358][EnvironmentNew.Environment.log][thread_rollouts]: Thread number: 20

[2020-01-31 14:25:46.825545][EnvironmentNew.Environment.log][thread_rollouts]: Thread number: 21

[2020-01-31 14:25:46.860460][EnvironmentNew.Environment.log][thread_rollouts]: Thread number: 20, Steps performed: 10

[2020-01-31 14:25:46.862797][EnvironmentNew.Environment.log][thread_rollouts]: Thread number: 21, Steps performed: 10

[2020-01-31 14:25:46.863463][EnvironmentNew.Environment.log][thread_rollouts]: Thread number: 22

[2020-01-31 14:25:46.863592][EnvironmentNew.Environment.log][thread_rollouts]: Thread number: 23

[2020-01-31 14:25:46.890680][EnvironmentNew.Environment.log][thread_rollouts]: Thread number: 22, Steps performed: 8

[2020-01-31 14:25:46.891555][EnvironmentNew.Environment.log][thread_rollouts]: Thread number: 23, Steps performed: 8

[2020-01-31 14:25:46.892501][EnvironmentNew.Environment.log][thread_rollouts]: Thread number: 25

[2020-01-31 14:25:46.892320][EnvironmentNew.Environment.log][thread_rollouts]: Thread number: 24

[2020-01-31 14:25:46.927674][EnvironmentNew.Environment.log][thread_rollouts]: Thread number: 24, Steps performed: 10

[2020-01-31 14:25:46.927968][EnvironmentNew.Environment.log][thread_rollouts]: Thread number: 25, Steps performed: 9

[2020-01-31 14:25:46.929105][EnvironmentNew.Environment.log][thread_rollouts]: Thread number: 26

[2020-01-31 14:25:46.929291][EnvironmentNew.Environment.log][thread_rollouts]: Thread number: 27

[2020-01-31 14:25:46.954211][EnvironmentNew.Environment.log][thread_rollouts]: Thread number: 26, Steps performed: 8

[2020-01-31 14:25:46.957327][EnvironmentNew.Environment.log][thread_rollouts]: Thread number: 27, Steps performed: 10

[2020-01-31 14:25:46.957982][EnvironmentNew.Environment.log][thread_rollouts]: Thread number: 28

[2020-01-31 14:25:46.958175][EnvironmentNew.Environment.log][thread_rollouts]: Thread number: 29

[2020-01-31 14:25:46.989721][EnvironmentNew.Environment.log][thread_rollouts]: Thread number: 28, Steps performed: 8

[2020-01-31 14:25:46.990502][EnvironmentNew.Environment.log][thread_rollouts]: Thread number: 29, Steps performed: 8

[2020-01-31 14:25:46.991936][__main__.TRPOAgent.log][learning]: Rollouts performed

[2020-01-31 14:25:46.992501][__main__.TRPOAgent.log][batch_info]: Rollout statistics size: 272, Batch size: 100

[2020-01-31 14:25:46.992937][__main__.TRPOAgent.log][learning]: 

***************
BEGINNING TRAINING
***************



[2020-01-31 14:25:48.573063][__main__.TRPOAgent.log][linesearch]: Linesearch worked at 1, New mean kl div: 0.00910466924697887, New policy loss value: 26.413325541832155

[2020-01-31 14:25:48.573512][__main__.TRPOAgent.log][batch_info]: Current batch value loss: 0.00026958454576408997

[2020-01-31 14:25:49.081700][__main__.TRPOAgent.log][learning]: Episode #5

[2020-01-31 14:25:49.082066][__main__.TRPOAgent.log][learning]: Performing rollouts: rollout length: 1000

[2020-01-31 14:25:49.082655][EnvironmentNew.Environment.log][thread_rollouts]: Thread number: 1

[2020-01-31 14:25:49.082436][EnvironmentNew.Environment.log][thread_rollouts]: Thread number: 0

[2020-01-31 14:25:49.115457][EnvironmentNew.Environment.log][thread_rollouts]: Thread number: 1, Steps performed: 10

[2020-01-31 14:25:49.119171][EnvironmentNew.Environment.log][thread_rollouts]: Thread number: 0, Steps performed: 11

[2020-01-31 14:25:49.119904][EnvironmentNew.Environment.log][thread_rollouts]: Thread number: 2

[2020-01-31 14:25:49.120084][EnvironmentNew.Environment.log][thread_rollouts]: Thread number: 3

[2020-01-31 14:25:49.154746][EnvironmentNew.Environment.log][thread_rollouts]: Thread number: 2, Steps performed: 10

[2020-01-31 14:25:49.156012][EnvironmentNew.Environment.log][thread_rollouts]: Thread number: 3, Steps performed: 10

[2020-01-31 14:25:49.156980][EnvironmentNew.Environment.log][thread_rollouts]: Thread number: 4

[2020-01-31 14:25:49.157161][EnvironmentNew.Environment.log][thread_rollouts]: Thread number: 5

[2020-01-31 14:25:49.197079][EnvironmentNew.Environment.log][thread_rollouts]: Thread number: 4, Steps performed: 10

[2020-01-31 14:25:49.201084][EnvironmentNew.Environment.log][thread_rollouts]: Thread number: 5, Steps performed: 14

[2020-01-31 14:25:49.201671][EnvironmentNew.Environment.log][thread_rollouts]: Thread number: 7

[2020-01-31 14:25:49.201543][EnvironmentNew.Environment.log][thread_rollouts]: Thread number: 6

[2020-01-31 14:25:49.239051][EnvironmentNew.Environment.log][thread_rollouts]: Thread number: 6, Steps performed: 12

[2020-01-31 14:25:49.239558][EnvironmentNew.Environment.log][thread_rollouts]: Thread number: 7, Steps performed: 13

[2020-01-31 14:25:49.240525][EnvironmentNew.Environment.log][thread_rollouts]: Thread number: 9

[2020-01-31 14:25:49.240382][EnvironmentNew.Environment.log][thread_rollouts]: Thread number: 8

[2020-01-31 14:25:49.277682][EnvironmentNew.Environment.log][thread_rollouts]: Thread number: 9, Steps performed: 11

[2020-01-31 14:25:49.278095][EnvironmentNew.Environment.log][thread_rollouts]: Thread number: 8, Steps performed: 10

[2020-01-31 14:25:49.279027][EnvironmentNew.Environment.log][thread_rollouts]: Thread number: 10

[2020-01-31 14:25:49.279176][EnvironmentNew.Environment.log][thread_rollouts]: Thread number: 11

[2020-01-31 14:25:49.310528][EnvironmentNew.Environment.log][thread_rollouts]: Thread number: 10, Steps performed: 11

[2020-01-31 14:25:49.311350][EnvironmentNew.Environment.log][thread_rollouts]: Thread number: 11, Steps performed: 10

[2020-01-31 14:25:49.312001][EnvironmentNew.Environment.log][thread_rollouts]: Thread number: 12

[2020-01-31 14:25:49.312165][EnvironmentNew.Environment.log][thread_rollouts]: Thread number: 13

[2020-01-31 14:25:49.347961][EnvironmentNew.Environment.log][thread_rollouts]: Thread number: 12, Steps performed: 10

[2020-01-31 14:25:49.348661][EnvironmentNew.Environment.log][thread_rollouts]: Thread number: 13, Steps performed: 12

[2020-01-31 14:25:49.349348][EnvironmentNew.Environment.log][thread_rollouts]: Thread number: 14

[2020-01-31 14:25:49.349506][EnvironmentNew.Environment.log][thread_rollouts]: Thread number: 15

[2020-01-31 14:25:49.379541][EnvironmentNew.Environment.log][thread_rollouts]: Thread number: 15, Steps performed: 10

[2020-01-31 14:25:49.379239][EnvironmentNew.Environment.log][thread_rollouts]: Thread number: 14, Steps performed: 10

[2020-01-31 14:25:49.381271][EnvironmentNew.Environment.log][thread_rollouts]: Thread number: 16

[2020-01-31 14:25:49.381488][EnvironmentNew.Environment.log][thread_rollouts]: Thread number: 17

[2020-01-31 14:25:49.414501][EnvironmentNew.Environment.log][thread_rollouts]: Thread number: 17, Steps performed: 11

[2020-01-31 14:25:49.415632][EnvironmentNew.Environment.log][thread_rollouts]: Thread number: 16, Steps performed: 10

[2020-01-31 14:25:49.416577][EnvironmentNew.Environment.log][thread_rollouts]: Thread number: 19

[2020-01-31 14:25:49.416403][EnvironmentNew.Environment.log][thread_rollouts]: Thread number: 18

[2020-01-31 14:25:49.454042][EnvironmentNew.Environment.log][thread_rollouts]: Thread number: 19, Steps performed: 10

[2020-01-31 14:25:49.455815][EnvironmentNew.Environment.log][thread_rollouts]: Thread number: 18, Steps performed: 11

[2020-01-31 14:25:49.456845][EnvironmentNew.Environment.log][thread_rollouts]: Thread number: 21

[2020-01-31 14:25:49.456677][EnvironmentNew.Environment.log][thread_rollouts]: Thread number: 20

[2020-01-31 14:25:49.486848][EnvironmentNew.Environment.log][thread_rollouts]: Thread number: 21, Steps performed: 10

[2020-01-31 14:25:49.487784][EnvironmentNew.Environment.log][thread_rollouts]: Thread number: 20, Steps performed: 10

[2020-01-31 14:25:49.488781][EnvironmentNew.Environment.log][thread_rollouts]: Thread number: 22

[2020-01-31 14:25:49.488973][EnvironmentNew.Environment.log][thread_rollouts]: Thread number: 23

[2020-01-31 14:25:49.524908][EnvironmentNew.Environment.log][thread_rollouts]: Thread number: 23, Steps performed: 10

[2020-01-31 14:25:49.523602][EnvironmentNew.Environment.log][thread_rollouts]: Thread number: 22, Steps performed: 11

[2020-01-31 14:25:49.525960][EnvironmentNew.Environment.log][thread_rollouts]: Thread number: 24

[2020-01-31 14:25:49.526167][EnvironmentNew.Environment.log][thread_rollouts]: Thread number: 25

[2020-01-31 14:25:49.564007][EnvironmentNew.Environment.log][thread_rollouts]: Thread number: 24, Steps performed: 12

[2020-01-31 14:25:49.564088][EnvironmentNew.Environment.log][thread_rollouts]: Thread number: 25, Steps performed: 10

[2020-01-31 14:25:49.565293][EnvironmentNew.Environment.log][thread_rollouts]: Thread number: 26

[2020-01-31 14:25:49.565455][EnvironmentNew.Environment.log][thread_rollouts]: Thread number: 27

[2020-01-31 14:25:49.598205][EnvironmentNew.Environment.log][thread_rollouts]: Thread number: 26, Steps performed: 10

[2020-01-31 14:25:49.600301][EnvironmentNew.Environment.log][thread_rollouts]: Thread number: 27, Steps performed: 10

[2020-01-31 14:25:49.600952][EnvironmentNew.Environment.log][thread_rollouts]: Thread number: 28

[2020-01-31 14:25:49.601084][EnvironmentNew.Environment.log][thread_rollouts]: Thread number: 29

[2020-01-31 14:25:49.636889][EnvironmentNew.Environment.log][thread_rollouts]: Thread number: 28, Steps performed: 12

[2020-01-31 14:25:49.638330][EnvironmentNew.Environment.log][thread_rollouts]: Thread number: 29, Steps performed: 10

[2020-01-31 14:25:49.639173][__main__.TRPOAgent.log][learning]: Rollouts performed

[2020-01-31 14:25:49.639476][__main__.TRPOAgent.log][batch_info]: Rollout statistics size: 321, Batch size: 100

[2020-01-31 14:25:49.639741][__main__.TRPOAgent.log][learning]: 

***************
BEGINNING TRAINING
***************



[2020-01-31 14:25:51.214168][__main__.TRPOAgent.log][linesearch]: Linesearch failed. Mean kl divergence: 0.14018998628675317, Discarded policy loss value: 41.232200653928075

[2020-01-31 14:25:51.214590][__main__.TRPOAgent.log][batch_info]: Current batch value loss: 0.0006789169589865196

[2020-01-31 14:25:51.681403][__main__.TRPOAgent.log][learning]: Episode #6

[2020-01-31 14:25:51.681745][__main__.TRPOAgent.log][learning]: Performing rollouts: rollout length: 1000

[2020-01-31 14:25:51.682131][EnvironmentNew.Environment.log][thread_rollouts]: Thread number: 0

[2020-01-31 14:25:51.682379][EnvironmentNew.Environment.log][thread_rollouts]: Thread number: 1

[2020-01-31 14:25:51.716312][EnvironmentNew.Environment.log][thread_rollouts]: Thread number: 1, Steps performed: 11

[2020-01-31 14:25:51.716149][EnvironmentNew.Environment.log][thread_rollouts]: Thread number: 0, Steps performed: 11

[2020-01-31 14:25:51.717368][EnvironmentNew.Environment.log][thread_rollouts]: Thread number: 2

[2020-01-31 14:25:51.717586][EnvironmentNew.Environment.log][thread_rollouts]: Thread number: 3

[2020-01-31 14:25:51.754640][EnvironmentNew.Environment.log][thread_rollouts]: Thread number: 2, Steps performed: 11

[2020-01-31 14:25:51.759471][EnvironmentNew.Environment.log][thread_rollouts]: Thread number: 3, Steps performed: 11

[2020-01-31 14:25:51.760740][EnvironmentNew.Environment.log][thread_rollouts]: Thread number: 4

[2020-01-31 14:25:51.760971][EnvironmentNew.Environment.log][thread_rollouts]: Thread number: 5

[2020-01-31 14:25:51.796659][EnvironmentNew.Environment.log][thread_rollouts]: Thread number: 5, Steps performed: 11

[2020-01-31 14:25:51.799753][EnvironmentNew.Environment.log][thread_rollouts]: Thread number: 4, Steps performed: 13

[2020-01-31 14:25:51.800270][EnvironmentNew.Environment.log][thread_rollouts]: Thread number: 6

[2020-01-31 14:25:51.800431][EnvironmentNew.Environment.log][thread_rollouts]: Thread number: 7

[2020-01-31 14:25:51.835628][EnvironmentNew.Environment.log][thread_rollouts]: Thread number: 7, Steps performed: 11

[2020-01-31 14:25:51.833505][EnvironmentNew.Environment.log][thread_rollouts]: Thread number: 6, Steps performed: 11

[2020-01-31 14:25:51.836599][EnvironmentNew.Environment.log][thread_rollouts]: Thread number: 8

[2020-01-31 14:25:51.836708][EnvironmentNew.Environment.log][thread_rollouts]: Thread number: 9

[2020-01-31 14:25:51.875718][EnvironmentNew.Environment.log][thread_rollouts]: Thread number: 9, Steps performed: 11

[2020-01-31 14:25:51.881828][EnvironmentNew.Environment.log][thread_rollouts]: Thread number: 8, Steps performed: 15

[2020-01-31 14:25:51.882297][EnvironmentNew.Environment.log][thread_rollouts]: Thread number: 10

[2020-01-31 14:25:51.882522][EnvironmentNew.Environment.log][thread_rollouts]: Thread number: 11

[2020-01-31 14:25:51.920332][EnvironmentNew.Environment.log][thread_rollouts]: Thread number: 11, Steps performed: 11

[2020-01-31 14:25:51.921124][EnvironmentNew.Environment.log][thread_rollouts]: Thread number: 10, Steps performed: 11

[2020-01-31 14:25:51.921954][EnvironmentNew.Environment.log][thread_rollouts]: Thread number: 12

[2020-01-31 14:25:51.922211][EnvironmentNew.Environment.log][thread_rollouts]: Thread number: 13

[2020-01-31 14:25:51.962804][EnvironmentNew.Environment.log][thread_rollouts]: Thread number: 13, Steps performed: 11

[2020-01-31 14:25:51.962312][EnvironmentNew.Environment.log][thread_rollouts]: Thread number: 12, Steps performed: 11

[2020-01-31 14:25:51.963848][EnvironmentNew.Environment.log][thread_rollouts]: Thread number: 14

[2020-01-31 14:25:51.964004][EnvironmentNew.Environment.log][thread_rollouts]: Thread number: 15

[2020-01-31 14:25:52.001670][EnvironmentNew.Environment.log][thread_rollouts]: Thread number: 14, Steps performed: 11

[2020-01-31 14:25:52.001973][EnvironmentNew.Environment.log][thread_rollouts]: Thread number: 15, Steps performed: 11

[2020-01-31 14:25:52.003314][EnvironmentNew.Environment.log][thread_rollouts]: Thread number: 17

[2020-01-31 14:25:52.003128][EnvironmentNew.Environment.log][thread_rollouts]: Thread number: 16

[2020-01-31 14:25:52.045844][EnvironmentNew.Environment.log][thread_rollouts]: Thread number: 16, Steps performed: 12

[2020-01-31 14:25:52.043340][EnvironmentNew.Environment.log][thread_rollouts]: Thread number: 17, Steps performed: 12

[2020-01-31 14:25:52.046822][EnvironmentNew.Environment.log][thread_rollouts]: Thread number: 18

[2020-01-31 14:25:52.047120][EnvironmentNew.Environment.log][thread_rollouts]: Thread number: 19

[2020-01-31 14:25:52.084676][EnvironmentNew.Environment.log][thread_rollouts]: Thread number: 19, Steps performed: 12

[2020-01-31 14:25:52.088187][EnvironmentNew.Environment.log][thread_rollouts]: Thread number: 18, Steps performed: 14

[2020-01-31 14:25:52.088852][EnvironmentNew.Environment.log][thread_rollouts]: Thread number: 21

[2020-01-31 14:25:52.088666][EnvironmentNew.Environment.log][thread_rollouts]: Thread number: 20

[2020-01-31 14:25:52.130298][EnvironmentNew.Environment.log][thread_rollouts]: Thread number: 20, Steps performed: 12

[2020-01-31 14:25:52.130196][EnvironmentNew.Environment.log][thread_rollouts]: Thread number: 21, Steps performed: 12

[2020-01-31 14:25:52.131697][EnvironmentNew.Environment.log][thread_rollouts]: Thread number: 23

[2020-01-31 14:25:52.131542][EnvironmentNew.Environment.log][thread_rollouts]: Thread number: 22

[2020-01-31 14:25:52.165160][EnvironmentNew.Environment.log][thread_rollouts]: Thread number: 23, Steps performed: 11

[2020-01-31 14:25:52.172158][EnvironmentNew.Environment.log][thread_rollouts]: Thread number: 22, Steps performed: 15

[2020-01-31 14:25:52.172830][EnvironmentNew.Environment.log][thread_rollouts]: Thread number: 25

[2020-01-31 14:25:52.172694][EnvironmentNew.Environment.log][thread_rollouts]: Thread number: 24

[2020-01-31 14:25:52.211974][EnvironmentNew.Environment.log][thread_rollouts]: Thread number: 24, Steps performed: 11

[2020-01-31 14:25:52.214583][EnvironmentNew.Environment.log][thread_rollouts]: Thread number: 25, Steps performed: 11

[2020-01-31 14:25:52.215121][EnvironmentNew.Environment.log][thread_rollouts]: Thread number: 26

[2020-01-31 14:25:52.215370][EnvironmentNew.Environment.log][thread_rollouts]: Thread number: 27

[2020-01-31 14:25:52.249563][EnvironmentNew.Environment.log][thread_rollouts]: Thread number: 26, Steps performed: 11

[2020-01-31 14:25:52.250286][EnvironmentNew.Environment.log][thread_rollouts]: Thread number: 27, Steps performed: 11

[2020-01-31 14:25:52.251021][EnvironmentNew.Environment.log][thread_rollouts]: Thread number: 29

[2020-01-31 14:25:52.250882][EnvironmentNew.Environment.log][thread_rollouts]: Thread number: 28

[2020-01-31 14:25:52.292228][EnvironmentNew.Environment.log][thread_rollouts]: Thread number: 29, Steps performed: 14

[2020-01-31 14:25:52.292286][EnvironmentNew.Environment.log][thread_rollouts]: Thread number: 28, Steps performed: 12

[2020-01-31 14:25:52.293948][__main__.TRPOAgent.log][learning]: Rollouts performed

[2020-01-31 14:25:52.294324][__main__.TRPOAgent.log][batch_info]: Rollout statistics size: 352, Batch size: 100

[2020-01-31 14:25:52.294678][__main__.TRPOAgent.log][learning]: 

***************
BEGINNING TRAINING
***************



[2020-01-31 14:25:53.884141][__main__.TRPOAgent.log][linesearch]: Linesearch worked at 2, New mean kl div: 0.007561983404159317, New policy loss value: 42.870837125244776

[2020-01-31 14:25:53.884559][__main__.TRPOAgent.log][batch_info]: Current batch value loss: 0.00015507301595464793

[2020-01-31 14:25:54.368031][__main__.TRPOAgent.log][learning]: Episode #7

[2020-01-31 14:25:54.368401][__main__.TRPOAgent.log][learning]: Performing rollouts: rollout length: 1000

[2020-01-31 14:25:54.368788][EnvironmentNew.Environment.log][thread_rollouts]: Thread number: 0

[2020-01-31 14:25:54.369081][EnvironmentNew.Environment.log][thread_rollouts]: Thread number: 1

[2020-01-31 14:25:54.401912][EnvironmentNew.Environment.log][thread_rollouts]: Thread number: 1, Steps performed: 10

[2020-01-31 14:25:54.401992][EnvironmentNew.Environment.log][thread_rollouts]: Thread number: 0, Steps performed: 9

[2020-01-31 14:25:54.403177][EnvironmentNew.Environment.log][thread_rollouts]: Thread number: 2

[2020-01-31 14:25:54.403339][EnvironmentNew.Environment.log][thread_rollouts]: Thread number: 3

[2020-01-31 14:25:54.435998][EnvironmentNew.Environment.log][thread_rollouts]: Thread number: 3, Steps performed: 11

[2020-01-31 14:25:54.436199][EnvironmentNew.Environment.log][thread_rollouts]: Thread number: 2, Steps performed: 9

[2020-01-31 14:25:54.437481][EnvironmentNew.Environment.log][thread_rollouts]: Thread number: 5

[2020-01-31 14:25:54.437354][EnvironmentNew.Environment.log][thread_rollouts]: Thread number: 4

[2020-01-31 14:25:54.466367][EnvironmentNew.Environment.log][thread_rollouts]: Thread number: 4, Steps performed: 9

[2020-01-31 14:25:54.466790][EnvironmentNew.Environment.log][thread_rollouts]: Thread number: 5, Steps performed: 10

[2020-01-31 14:25:54.468309][EnvironmentNew.Environment.log][thread_rollouts]: Thread number: 7

[2020-01-31 14:25:54.468082][EnvironmentNew.Environment.log][thread_rollouts]: Thread number: 6

[2020-01-31 14:25:54.499432][EnvironmentNew.Environment.log][thread_rollouts]: Thread number: 7, Steps performed: 9

[2020-01-31 14:25:54.500024][EnvironmentNew.Environment.log][thread_rollouts]: Thread number: 6, Steps performed: 9

[2020-01-31 14:25:54.500864][EnvironmentNew.Environment.log][thread_rollouts]: Thread number: 8

[2020-01-31 14:25:54.500980][EnvironmentNew.Environment.log][thread_rollouts]: Thread number: 9

[2020-01-31 14:25:54.527331][EnvironmentNew.Environment.log][thread_rollouts]: Thread number: 9, Steps performed: 9

[2020-01-31 14:25:54.528199][EnvironmentNew.Environment.log][thread_rollouts]: Thread number: 8, Steps performed: 9

[2020-01-31 14:25:54.529127][EnvironmentNew.Environment.log][thread_rollouts]: Thread number: 10

[2020-01-31 14:25:54.529353][EnvironmentNew.Environment.log][thread_rollouts]: Thread number: 11

[2020-01-31 14:25:54.567196][EnvironmentNew.Environment.log][thread_rollouts]: Thread number: 10, Steps performed: 11

[2020-01-31 14:25:54.567920][EnvironmentNew.Environment.log][thread_rollouts]: Thread number: 11, Steps performed: 11

[2020-01-31 14:25:54.568714][EnvironmentNew.Environment.log][thread_rollouts]: Thread number: 13

[2020-01-31 14:25:54.568553][EnvironmentNew.Environment.log][thread_rollouts]: Thread number: 12

[2020-01-31 14:25:54.596111][EnvironmentNew.Environment.log][thread_rollouts]: Thread number: 13, Steps performed: 9

[2020-01-31 14:25:54.597598][EnvironmentNew.Environment.log][thread_rollouts]: Thread number: 12, Steps performed: 9

[2020-01-31 14:25:54.598670][EnvironmentNew.Environment.log][thread_rollouts]: Thread number: 14

[2020-01-31 14:25:54.598832][EnvironmentNew.Environment.log][thread_rollouts]: Thread number: 15

[2020-01-31 14:25:54.631923][EnvironmentNew.Environment.log][thread_rollouts]: Thread number: 14, Steps performed: 9

[2020-01-31 14:25:54.632608][EnvironmentNew.Environment.log][thread_rollouts]: Thread number: 15, Steps performed: 9

[2020-01-31 14:25:54.633077][EnvironmentNew.Environment.log][thread_rollouts]: Thread number: 16

[2020-01-31 14:25:54.633496][EnvironmentNew.Environment.log][thread_rollouts]: Thread number: 17

[2020-01-31 14:25:54.657913][EnvironmentNew.Environment.log][thread_rollouts]: Thread number: 16, Steps performed: 9

[2020-01-31 14:25:54.661343][EnvironmentNew.Environment.log][thread_rollouts]: Thread number: 17, Steps performed: 9

[2020-01-31 14:25:54.661906][EnvironmentNew.Environment.log][thread_rollouts]: Thread number: 18

[2020-01-31 14:25:54.662141][EnvironmentNew.Environment.log][thread_rollouts]: Thread number: 19

[2020-01-31 14:25:54.693318][EnvironmentNew.Environment.log][thread_rollouts]: Thread number: 19, Steps performed: 9

[2020-01-31 14:25:54.693654][EnvironmentNew.Environment.log][thread_rollouts]: Thread number: 18, Steps performed: 9

[2020-01-31 14:25:54.694807][EnvironmentNew.Environment.log][thread_rollouts]: Thread number: 20

[2020-01-31 14:25:54.695002][EnvironmentNew.Environment.log][thread_rollouts]: Thread number: 21

[2020-01-31 14:25:54.728092][EnvironmentNew.Environment.log][thread_rollouts]: Thread number: 20, Steps performed: 9

[2020-01-31 14:25:54.728571][EnvironmentNew.Environment.log][thread_rollouts]: Thread number: 21, Steps performed: 9

[2020-01-31 14:25:54.729681][EnvironmentNew.Environment.log][thread_rollouts]: Thread number: 22

[2020-01-31 14:25:54.729960][EnvironmentNew.Environment.log][thread_rollouts]: Thread number: 23

[2020-01-31 14:25:54.763119][EnvironmentNew.Environment.log][thread_rollouts]: Thread number: 22, Steps performed: 10

[2020-01-31 14:25:54.763559][EnvironmentNew.Environment.log][thread_rollouts]: Thread number: 23, Steps performed: 9

[2020-01-31 14:25:54.764932][EnvironmentNew.Environment.log][thread_rollouts]: Thread number: 25

[2020-01-31 14:25:54.764778][EnvironmentNew.Environment.log][thread_rollouts]: Thread number: 24

[2020-01-31 14:25:54.791335][EnvironmentNew.Environment.log][thread_rollouts]: Thread number: 24, Steps performed: 9

[2020-01-31 14:25:54.797110][EnvironmentNew.Environment.log][thread_rollouts]: Thread number: 25, Steps performed: 11

[2020-01-31 14:25:54.797956][EnvironmentNew.Environment.log][thread_rollouts]: Thread number: 27

[2020-01-31 14:25:54.797731][EnvironmentNew.Environment.log][thread_rollouts]: Thread number: 26

[2020-01-31 14:25:54.835676][EnvironmentNew.Environment.log][thread_rollouts]: Thread number: 27, Steps performed: 10

[2020-01-31 14:25:54.838734][EnvironmentNew.Environment.log][thread_rollouts]: Thread number: 26, Steps performed: 12

[2020-01-31 14:25:54.839513][EnvironmentNew.Environment.log][thread_rollouts]: Thread number: 29

[2020-01-31 14:25:54.839357][EnvironmentNew.Environment.log][thread_rollouts]: Thread number: 28

[2020-01-31 14:25:54.875449][EnvironmentNew.Environment.log][thread_rollouts]: Thread number: 29, Steps performed: 12

[2020-01-31 14:25:54.875741][EnvironmentNew.Environment.log][thread_rollouts]: Thread number: 28, Steps performed: 10

[2020-01-31 14:25:54.877175][__main__.TRPOAgent.log][learning]: Rollouts performed

[2020-01-31 14:25:54.877566][__main__.TRPOAgent.log][batch_info]: Rollout statistics size: 289, Batch size: 100

[2020-01-31 14:25:54.877908][__main__.TRPOAgent.log][learning]: 

***************
BEGINNING TRAINING
***************



[2020-01-31 14:25:56.395966][__main__.TRPOAgent.log][linesearch]: Linesearch failed. Mean kl divergence: 0.1943843449373869, Discarded policy loss value: 34.55154056173699

[2020-01-31 14:25:56.396383][__main__.TRPOAgent.log][batch_info]: Current batch value loss: 0.00019710901557079552

[2020-01-31 14:25:56.954422][__main__.TRPOAgent.log][learning]: Episode #8

[2020-01-31 14:25:56.954778][__main__.TRPOAgent.log][learning]: Performing rollouts: rollout length: 1000

[2020-01-31 14:25:56.955281][EnvironmentNew.Environment.log][thread_rollouts]: Thread number: 1

[2020-01-31 14:25:56.955139][EnvironmentNew.Environment.log][thread_rollouts]: Thread number: 0

[2020-01-31 14:25:56.988432][EnvironmentNew.Environment.log][thread_rollouts]: Thread number: 1, Steps performed: 9

[2020-01-31 14:25:56.988288][EnvironmentNew.Environment.log][thread_rollouts]: Thread number: 0, Steps performed: 9

[2020-01-31 14:25:56.989548][EnvironmentNew.Environment.log][thread_rollouts]: Thread number: 2

[2020-01-31 14:25:56.989687][EnvironmentNew.Environment.log][thread_rollouts]: Thread number: 3

[2020-01-31 14:25:57.028335][EnvironmentNew.Environment.log][thread_rollouts]: Thread number: 2, Steps performed: 9

[2020-01-31 14:25:57.029115][EnvironmentNew.Environment.log][thread_rollouts]: Thread number: 3, Steps performed: 9

[2020-01-31 14:25:57.030500][EnvironmentNew.Environment.log][thread_rollouts]: Thread number: 5

[2020-01-31 14:25:57.030243][EnvironmentNew.Environment.log][thread_rollouts]: Thread number: 4

[2020-01-31 14:25:57.072752][EnvironmentNew.Environment.log][thread_rollouts]: Thread number: 4, Steps performed: 9

[2020-01-31 14:25:57.082266][EnvironmentNew.Environment.log][thread_rollouts]: Thread number: 5, Steps performed: 15

[2020-01-31 14:25:57.084005][EnvironmentNew.Environment.log][thread_rollouts]: Thread number: 7

[2020-01-31 14:25:57.083596][EnvironmentNew.Environment.log][thread_rollouts]: Thread number: 6

[2020-01-31 14:25:57.124054][EnvironmentNew.Environment.log][thread_rollouts]: Thread number: 6, Steps performed: 11

[2020-01-31 14:25:57.127118][EnvironmentNew.Environment.log][thread_rollouts]: Thread number: 7, Steps performed: 13

[2020-01-31 14:25:57.127847][EnvironmentNew.Environment.log][thread_rollouts]: Thread number: 8

[2020-01-31 14:25:57.127994][EnvironmentNew.Environment.log][thread_rollouts]: Thread number: 9

[2020-01-31 14:25:57.174091][EnvironmentNew.Environment.log][thread_rollouts]: Thread number: 9, Steps performed: 12

[2020-01-31 14:25:57.172927][EnvironmentNew.Environment.log][thread_rollouts]: Thread number: 8, Steps performed: 11

[2020-01-31 14:25:57.175530][EnvironmentNew.Environment.log][thread_rollouts]: Thread number: 10

[2020-01-31 14:25:57.175690][EnvironmentNew.Environment.log][thread_rollouts]: Thread number: 11

[2020-01-31 14:25:57.203747][EnvironmentNew.Environment.log][thread_rollouts]: Thread number: 11, Steps performed: 9

[2020-01-31 14:25:57.204548][EnvironmentNew.Environment.log][thread_rollouts]: Thread number: 10, Steps performed: 11

[2020-01-31 14:25:57.205185][EnvironmentNew.Environment.log][thread_rollouts]: Thread number: 12

[2020-01-31 14:25:57.205314][EnvironmentNew.Environment.log][thread_rollouts]: Thread number: 13

[2020-01-31 14:25:57.232619][EnvironmentNew.Environment.log][thread_rollouts]: Thread number: 13, Steps performed: 9

[2020-01-31 14:25:57.232783][EnvironmentNew.Environment.log][thread_rollouts]: Thread number: 12, Steps performed: 9

[2020-01-31 14:25:57.233895][EnvironmentNew.Environment.log][thread_rollouts]: Thread number: 14

[2020-01-31 14:25:57.234032][EnvironmentNew.Environment.log][thread_rollouts]: Thread number: 15

[2020-01-31 14:25:57.261760][EnvironmentNew.Environment.log][thread_rollouts]: Thread number: 15, Steps performed: 9

[2020-01-31 14:25:57.262496][EnvironmentNew.Environment.log][thread_rollouts]: Thread number: 14, Steps performed: 9

[2020-01-31 14:25:57.263204][EnvironmentNew.Environment.log][thread_rollouts]: Thread number: 17

[2020-01-31 14:25:57.263073][EnvironmentNew.Environment.log][thread_rollouts]: Thread number: 16

[2020-01-31 14:25:57.287575][EnvironmentNew.Environment.log][thread_rollouts]: Thread number: 16, Steps performed: 9

[2020-01-31 14:25:57.287626][EnvironmentNew.Environment.log][thread_rollouts]: Thread number: 17, Steps performed: 9

[2020-01-31 14:25:57.288597][EnvironmentNew.Environment.log][thread_rollouts]: Thread number: 18

[2020-01-31 14:25:57.288756][EnvironmentNew.Environment.log][thread_rollouts]: Thread number: 19

[2020-01-31 14:25:57.315657][EnvironmentNew.Environment.log][thread_rollouts]: Thread number: 18, Steps performed: 9

[2020-01-31 14:25:57.318587][EnvironmentNew.Environment.log][thread_rollouts]: Thread number: 19, Steps performed: 12

[2020-01-31 14:25:57.319560][EnvironmentNew.Environment.log][thread_rollouts]: Thread number: 21

[2020-01-31 14:25:57.319424][EnvironmentNew.Environment.log][thread_rollouts]: Thread number: 20

[2020-01-31 14:25:57.344823][EnvironmentNew.Environment.log][thread_rollouts]: Thread number: 20, Steps performed: 9

[2020-01-31 14:25:57.346408][EnvironmentNew.Environment.log][thread_rollouts]: Thread number: 21, Steps performed: 11

[2020-01-31 14:25:57.347249][EnvironmentNew.Environment.log][thread_rollouts]: Thread number: 23

[2020-01-31 14:25:57.347128][EnvironmentNew.Environment.log][thread_rollouts]: Thread number: 22

[2020-01-31 14:25:57.371572][EnvironmentNew.Environment.log][thread_rollouts]: Thread number: 23, Steps performed: 9

[2020-01-31 14:25:57.372740][EnvironmentNew.Environment.log][thread_rollouts]: Thread number: 22, Steps performed: 10

[2020-01-31 14:25:57.373310][EnvironmentNew.Environment.log][thread_rollouts]: Thread number: 24

[2020-01-31 14:25:57.373450][EnvironmentNew.Environment.log][thread_rollouts]: Thread number: 25

[2020-01-31 14:25:57.395026][EnvironmentNew.Environment.log][thread_rollouts]: Thread number: 24, Steps performed: 9

[2020-01-31 14:25:57.395099][EnvironmentNew.Environment.log][thread_rollouts]: Thread number: 25, Steps performed: 9

[2020-01-31 14:25:57.396267][EnvironmentNew.Environment.log][thread_rollouts]: Thread number: 27

[2020-01-31 14:25:57.396134][EnvironmentNew.Environment.log][thread_rollouts]: Thread number: 26

[2020-01-31 14:25:57.420404][EnvironmentNew.Environment.log][thread_rollouts]: Thread number: 26, Steps performed: 9

[2020-01-31 14:25:57.421037][EnvironmentNew.Environment.log][thread_rollouts]: Thread number: 27, Steps performed: 10

[2020-01-31 14:25:57.421614][EnvironmentNew.Environment.log][thread_rollouts]: Thread number: 28

[2020-01-31 14:25:57.421717][EnvironmentNew.Environment.log][thread_rollouts]: Thread number: 29

[2020-01-31 14:25:57.446985][EnvironmentNew.Environment.log][thread_rollouts]: Thread number: 29, Steps performed: 11

[2020-01-31 14:25:57.447185][EnvironmentNew.Environment.log][thread_rollouts]: Thread number: 28, Steps performed: 11

[2020-01-31 14:25:57.448122][__main__.TRPOAgent.log][learning]: Rollouts performed

[2020-01-31 14:25:57.448378][__main__.TRPOAgent.log][batch_info]: Rollout statistics size: 300, Batch size: 100

[2020-01-31 14:25:57.448612][__main__.TRPOAgent.log][learning]: 

***************
BEGINNING TRAINING
***************



