LOGGER started at 2020-01-31 14:00:47.571459.
Currently active debug channels:
	act
	batch_info
	linesearch
	learning
	thread_rollouts
[2020-01-31 14:00:48.098231][__main__.TRPOAgent.log][learning]: Episode #0

[2020-01-31 14:00:48.355749][__main__.TRPOAgent.log][learning]: Performing rollouts: rollout length: 1000

[2020-01-31 14:00:48.356793][EnvironmentNew.Environment.log][thread_rollouts]: Thread number: 1

[2020-01-31 14:00:48.356512][EnvironmentNew.Environment.log][thread_rollouts]: Thread number: 0

[2020-01-31 14:00:48.392247][EnvironmentNew.Environment.log][thread_rollouts]: Thread number: 0, Steps performed: 9

[2020-01-31 14:00:48.392326][EnvironmentNew.Environment.log][thread_rollouts]: Thread number: 1, Steps performed: 9

[2020-01-31 14:00:48.393872][EnvironmentNew.Environment.log][thread_rollouts]: Thread number: 2

[2020-01-31 14:00:48.394023][EnvironmentNew.Environment.log][thread_rollouts]: Thread number: 3

[2020-01-31 14:00:48.425428][EnvironmentNew.Environment.log][thread_rollouts]: Thread number: 2, Steps performed: 9

[2020-01-31 14:00:48.426345][EnvironmentNew.Environment.log][thread_rollouts]: Thread number: 3, Steps performed: 10

[2020-01-31 14:00:48.427121][EnvironmentNew.Environment.log][thread_rollouts]: Thread number: 4

[2020-01-31 14:00:48.427295][EnvironmentNew.Environment.log][thread_rollouts]: Thread number: 5

[2020-01-31 14:00:48.453167][EnvironmentNew.Environment.log][thread_rollouts]: Thread number: 4, Steps performed: 9

[2020-01-31 14:00:48.462833][EnvironmentNew.Environment.log][thread_rollouts]: Thread number: 5, Steps performed: 14

[2020-01-31 14:00:48.463549][EnvironmentNew.Environment.log][thread_rollouts]: Thread number: 6

[2020-01-31 14:00:48.463699][EnvironmentNew.Environment.log][thread_rollouts]: Thread number: 7

[2020-01-31 14:00:48.494834][EnvironmentNew.Environment.log][thread_rollouts]: Thread number: 6, Steps performed: 10

[2020-01-31 14:00:48.496940][EnvironmentNew.Environment.log][thread_rollouts]: Thread number: 7, Steps performed: 10

[2020-01-31 14:00:48.497765][EnvironmentNew.Environment.log][thread_rollouts]: Thread number: 9

[2020-01-31 14:00:48.497582][EnvironmentNew.Environment.log][thread_rollouts]: Thread number: 8

[2020-01-31 14:00:48.528013][EnvironmentNew.Environment.log][thread_rollouts]: Thread number: 8, Steps performed: 9

[2020-01-31 14:00:48.528896][EnvironmentNew.Environment.log][thread_rollouts]: Thread number: 9, Steps performed: 9

[2020-01-31 14:00:48.529615][EnvironmentNew.Environment.log][thread_rollouts]: Thread number: 11

[2020-01-31 14:00:48.529491][EnvironmentNew.Environment.log][thread_rollouts]: Thread number: 10

[2020-01-31 14:00:48.560789][EnvironmentNew.Environment.log][thread_rollouts]: Thread number: 10, Steps performed: 9

[2020-01-31 14:00:48.561655][EnvironmentNew.Environment.log][thread_rollouts]: Thread number: 11, Steps performed: 9

[2020-01-31 14:00:48.562301][EnvironmentNew.Environment.log][thread_rollouts]: Thread number: 12

[2020-01-31 14:00:48.562459][EnvironmentNew.Environment.log][thread_rollouts]: Thread number: 13

[2020-01-31 14:00:48.591648][EnvironmentNew.Environment.log][thread_rollouts]: Thread number: 12, Steps performed: 9

[2020-01-31 14:00:48.597643][EnvironmentNew.Environment.log][thread_rollouts]: Thread number: 13, Steps performed: 11

[2020-01-31 14:00:48.598383][EnvironmentNew.Environment.log][thread_rollouts]: Thread number: 14

[2020-01-31 14:00:48.598549][EnvironmentNew.Environment.log][thread_rollouts]: Thread number: 15

[2020-01-31 14:00:48.631647][EnvironmentNew.Environment.log][thread_rollouts]: Thread number: 15, Steps performed: 10

[2020-01-31 14:00:48.634443][EnvironmentNew.Environment.log][thread_rollouts]: Thread number: 14, Steps performed: 14

[2020-01-31 14:00:48.635406][EnvironmentNew.Environment.log][thread_rollouts]: Thread number: 17

[2020-01-31 14:00:48.635235][EnvironmentNew.Environment.log][thread_rollouts]: Thread number: 16

[2020-01-31 14:00:48.664543][EnvironmentNew.Environment.log][thread_rollouts]: Thread number: 17, Steps performed: 9

[2020-01-31 14:00:48.664894][EnvironmentNew.Environment.log][thread_rollouts]: Thread number: 16, Steps performed: 9

[2020-01-31 14:00:48.665701][EnvironmentNew.Environment.log][thread_rollouts]: Thread number: 18

[2020-01-31 14:00:48.665850][EnvironmentNew.Environment.log][thread_rollouts]: Thread number: 19

[2020-01-31 14:00:48.696070][EnvironmentNew.Environment.log][thread_rollouts]: Thread number: 19, Steps performed: 9

[2020-01-31 14:00:48.695291][EnvironmentNew.Environment.log][thread_rollouts]: Thread number: 18, Steps performed: 9

[2020-01-31 14:00:48.697144][EnvironmentNew.Environment.log][thread_rollouts]: Thread number: 21

[2020-01-31 14:00:48.697038][EnvironmentNew.Environment.log][thread_rollouts]: Thread number: 20

[2020-01-31 14:00:48.719484][EnvironmentNew.Environment.log][thread_rollouts]: Thread number: 21, Steps performed: 9

[2020-01-31 14:00:48.719818][EnvironmentNew.Environment.log][thread_rollouts]: Thread number: 20, Steps performed: 9

[2020-01-31 14:00:48.720897][EnvironmentNew.Environment.log][thread_rollouts]: Thread number: 23

[2020-01-31 14:00:48.720782][EnvironmentNew.Environment.log][thread_rollouts]: Thread number: 22

[2020-01-31 14:00:48.742756][EnvironmentNew.Environment.log][thread_rollouts]: Thread number: 23, Steps performed: 10

[2020-01-31 14:00:48.743427][EnvironmentNew.Environment.log][thread_rollouts]: Thread number: 22, Steps performed: 9

[2020-01-31 14:00:48.743991][EnvironmentNew.Environment.log][thread_rollouts]: Thread number: 25

[2020-01-31 14:00:48.743890][EnvironmentNew.Environment.log][thread_rollouts]: Thread number: 24

[2020-01-31 14:00:48.769319][EnvironmentNew.Environment.log][thread_rollouts]: Thread number: 24, Steps performed: 11

[2020-01-31 14:00:48.769854][EnvironmentNew.Environment.log][thread_rollouts]: Thread number: 25, Steps performed: 12

[2020-01-31 14:00:48.770632][EnvironmentNew.Environment.log][thread_rollouts]: Thread number: 27

[2020-01-31 14:00:48.770535][EnvironmentNew.Environment.log][thread_rollouts]: Thread number: 26

[2020-01-31 14:00:48.791179][EnvironmentNew.Environment.log][thread_rollouts]: Thread number: 26, Steps performed: 9

[2020-01-31 14:00:48.791594][EnvironmentNew.Environment.log][thread_rollouts]: Thread number: 27, Steps performed: 9

[2020-01-31 14:00:48.792273][EnvironmentNew.Environment.log][thread_rollouts]: Thread number: 28

[2020-01-31 14:00:48.792418][EnvironmentNew.Environment.log][thread_rollouts]: Thread number: 29

[2020-01-31 14:00:48.815206][EnvironmentNew.Environment.log][thread_rollouts]: Thread number: 29, Steps performed: 9

[2020-01-31 14:00:48.815453][EnvironmentNew.Environment.log][thread_rollouts]: Thread number: 28, Steps performed: 11

[2020-01-31 14:00:48.816372][EnvironmentNew.Environment.log][thread_rollouts]: Thread number: 30

[2020-01-31 14:00:48.816465][EnvironmentNew.Environment.log][thread_rollouts]: Thread number: 31

[2020-01-31 14:00:48.836740][EnvironmentNew.Environment.log][thread_rollouts]: Thread number: 30, Steps performed: 9

[2020-01-31 14:00:48.836691][EnvironmentNew.Environment.log][thread_rollouts]: Thread number: 31, Steps performed: 9

[2020-01-31 14:00:48.837646][EnvironmentNew.Environment.log][thread_rollouts]: Thread number: 32

[2020-01-31 14:00:48.837753][EnvironmentNew.Environment.log][thread_rollouts]: Thread number: 33

[2020-01-31 14:00:48.858645][EnvironmentNew.Environment.log][thread_rollouts]: Thread number: 33, Steps performed: 9

[2020-01-31 14:00:48.858849][EnvironmentNew.Environment.log][thread_rollouts]: Thread number: 32, Steps performed: 9

[2020-01-31 14:00:48.859656][EnvironmentNew.Environment.log][thread_rollouts]: Thread number: 34

[2020-01-31 14:00:48.859799][EnvironmentNew.Environment.log][thread_rollouts]: Thread number: 35

[2020-01-31 14:00:48.879669][EnvironmentNew.Environment.log][thread_rollouts]: Thread number: 34, Steps performed: 9

[2020-01-31 14:00:48.882122][EnvironmentNew.Environment.log][thread_rollouts]: Thread number: 35, Steps performed: 10

[2020-01-31 14:00:48.882635][EnvironmentNew.Environment.log][thread_rollouts]: Thread number: 37

[2020-01-31 14:00:48.882537][EnvironmentNew.Environment.log][thread_rollouts]: Thread number: 36

[2020-01-31 14:00:48.902692][EnvironmentNew.Environment.log][thread_rollouts]: Thread number: 36, Steps performed: 9

[2020-01-31 14:00:48.903006][EnvironmentNew.Environment.log][thread_rollouts]: Thread number: 37, Steps performed: 9

[2020-01-31 14:00:48.903755][EnvironmentNew.Environment.log][thread_rollouts]: Thread number: 38

[2020-01-31 14:00:48.903857][EnvironmentNew.Environment.log][thread_rollouts]: Thread number: 39

[2020-01-31 14:00:48.927137][EnvironmentNew.Environment.log][thread_rollouts]: Thread number: 38, Steps performed: 11

[2020-01-31 14:00:48.927241][EnvironmentNew.Environment.log][thread_rollouts]: Thread number: 39, Steps performed: 10

[2020-01-31 14:00:48.928269][EnvironmentNew.Environment.log][thread_rollouts]: Thread number: 41

[2020-01-31 14:00:48.928150][EnvironmentNew.Environment.log][thread_rollouts]: Thread number: 40

[2020-01-31 14:00:48.947428][EnvironmentNew.Environment.log][thread_rollouts]: Thread number: 41, Steps performed: 9

[2020-01-31 14:00:48.949400][EnvironmentNew.Environment.log][thread_rollouts]: Thread number: 40, Steps performed: 10

[2020-01-31 14:00:48.949819][EnvironmentNew.Environment.log][thread_rollouts]: Thread number: 42

[2020-01-31 14:00:48.949943][EnvironmentNew.Environment.log][thread_rollouts]: Thread number: 43

[2020-01-31 14:00:48.969946][EnvironmentNew.Environment.log][thread_rollouts]: Thread number: 42, Steps performed: 9

[2020-01-31 14:00:48.970893][EnvironmentNew.Environment.log][thread_rollouts]: Thread number: 43, Steps performed: 10

[2020-01-31 14:00:48.971390][EnvironmentNew.Environment.log][thread_rollouts]: Thread number: 44

[2020-01-31 14:00:48.971522][EnvironmentNew.Environment.log][thread_rollouts]: Thread number: 45

[2020-01-31 14:00:48.992428][EnvironmentNew.Environment.log][thread_rollouts]: Thread number: 45, Steps performed: 9

[2020-01-31 14:00:48.993745][EnvironmentNew.Environment.log][thread_rollouts]: Thread number: 44, Steps performed: 11

[2020-01-31 14:00:48.994317][EnvironmentNew.Environment.log][thread_rollouts]: Thread number: 47

[2020-01-31 14:00:48.994221][EnvironmentNew.Environment.log][thread_rollouts]: Thread number: 46

[2020-01-31 14:00:49.015738][EnvironmentNew.Environment.log][thread_rollouts]: Thread number: 46, Steps performed: 10

[2020-01-31 14:00:49.015944][EnvironmentNew.Environment.log][thread_rollouts]: Thread number: 47, Steps performed: 9

[2020-01-31 14:00:49.016759][EnvironmentNew.Environment.log][thread_rollouts]: Thread number: 48

[2020-01-31 14:00:49.016884][EnvironmentNew.Environment.log][thread_rollouts]: Thread number: 49

[2020-01-31 14:00:49.038892][EnvironmentNew.Environment.log][thread_rollouts]: Thread number: 49, Steps performed: 9

[2020-01-31 14:00:49.039152][EnvironmentNew.Environment.log][thread_rollouts]: Thread number: 48, Steps performed: 10

[2020-01-31 14:00:49.039933][EnvironmentNew.Environment.log][thread_rollouts]: Thread number: 50

[2020-01-31 14:00:49.040034][EnvironmentNew.Environment.log][thread_rollouts]: Thread number: 51

[2020-01-31 14:00:49.062788][EnvironmentNew.Environment.log][thread_rollouts]: Thread number: 50, Steps performed: 9

[2020-01-31 14:00:49.066090][EnvironmentNew.Environment.log][thread_rollouts]: Thread number: 51, Steps performed: 12

[2020-01-31 14:00:49.066531][EnvironmentNew.Environment.log][thread_rollouts]: Thread number: 52

[2020-01-31 14:00:49.066672][EnvironmentNew.Environment.log][thread_rollouts]: Thread number: 53

[2020-01-31 14:00:49.160328][EnvironmentNew.Environment.log][thread_rollouts]: Thread number: 52, Steps performed: 9

[2020-01-31 14:00:49.172378][EnvironmentNew.Environment.log][thread_rollouts]: Thread number: 53, Steps performed: 9

[2020-01-31 14:00:49.172817][EnvironmentNew.Environment.log][thread_rollouts]: Thread number: 54

[2020-01-31 14:00:49.173005][EnvironmentNew.Environment.log][thread_rollouts]: Thread number: 55

[2020-01-31 14:00:49.201517][EnvironmentNew.Environment.log][thread_rollouts]: Thread number: 54, Steps performed: 9

[2020-01-31 14:00:49.205962][EnvironmentNew.Environment.log][thread_rollouts]: Thread number: 55, Steps performed: 9

[2020-01-31 14:00:49.206542][EnvironmentNew.Environment.log][thread_rollouts]: Thread number: 56

[2020-01-31 14:00:49.206809][EnvironmentNew.Environment.log][thread_rollouts]: Thread number: 57

[2020-01-31 14:00:49.240782][EnvironmentNew.Environment.log][thread_rollouts]: Thread number: 56, Steps performed: 9

[2020-01-31 14:00:49.241413][EnvironmentNew.Environment.log][thread_rollouts]: Thread number: 57, Steps performed: 9

[2020-01-31 14:00:49.242084][EnvironmentNew.Environment.log][thread_rollouts]: Thread number: 58

[2020-01-31 14:00:49.242217][EnvironmentNew.Environment.log][thread_rollouts]: Thread number: 59

[2020-01-31 14:00:49.272191][EnvironmentNew.Environment.log][thread_rollouts]: Thread number: 58, Steps performed: 9

[2020-01-31 14:00:49.272848][EnvironmentNew.Environment.log][thread_rollouts]: Thread number: 59, Steps performed: 9

[2020-01-31 14:00:49.273567][EnvironmentNew.Environment.log][thread_rollouts]: Thread number: 60

[2020-01-31 14:00:49.273712][EnvironmentNew.Environment.log][thread_rollouts]: Thread number: 61

[2020-01-31 14:00:49.303105][EnvironmentNew.Environment.log][thread_rollouts]: Thread number: 61, Steps performed: 10

[2020-01-31 14:00:49.303186][EnvironmentNew.Environment.log][thread_rollouts]: Thread number: 60, Steps performed: 10

[2020-01-31 14:00:49.304499][EnvironmentNew.Environment.log][thread_rollouts]: Thread number: 63

[2020-01-31 14:00:49.304345][EnvironmentNew.Environment.log][thread_rollouts]: Thread number: 62

[2020-01-31 14:00:49.334307][EnvironmentNew.Environment.log][thread_rollouts]: Thread number: 63, Steps performed: 10

[2020-01-31 14:00:49.335082][EnvironmentNew.Environment.log][thread_rollouts]: Thread number: 62, Steps performed: 9

[2020-01-31 14:00:49.336063][EnvironmentNew.Environment.log][thread_rollouts]: Thread number: 65

[2020-01-31 14:00:49.335915][EnvironmentNew.Environment.log][thread_rollouts]: Thread number: 64

[2020-01-31 14:00:49.367060][EnvironmentNew.Environment.log][thread_rollouts]: Thread number: 64, Steps performed: 10

[2020-01-31 14:00:49.370427][EnvironmentNew.Environment.log][thread_rollouts]: Thread number: 65, Steps performed: 12

[2020-01-31 14:00:49.371126][EnvironmentNew.Environment.log][thread_rollouts]: Thread number: 66

[2020-01-31 14:00:49.371385][EnvironmentNew.Environment.log][thread_rollouts]: Thread number: 67

[2020-01-31 14:00:49.408227][EnvironmentNew.Environment.log][thread_rollouts]: Thread number: 66, Steps performed: 10

[2020-01-31 14:00:49.410467][EnvironmentNew.Environment.log][thread_rollouts]: Thread number: 67, Steps performed: 10

[2020-01-31 14:00:49.417673][EnvironmentNew.Environment.log][thread_rollouts]: Thread number: 69

[2020-01-31 14:00:49.417501][EnvironmentNew.Environment.log][thread_rollouts]: Thread number: 68

[2020-01-31 14:00:49.447014][EnvironmentNew.Environment.log][thread_rollouts]: Thread number: 69, Steps performed: 9

[2020-01-31 14:00:49.447515][EnvironmentNew.Environment.log][thread_rollouts]: Thread number: 68, Steps performed: 9

[2020-01-31 14:00:49.448605][EnvironmentNew.Environment.log][thread_rollouts]: Thread number: 71

[2020-01-31 14:00:49.448375][EnvironmentNew.Environment.log][thread_rollouts]: Thread number: 70

[2020-01-31 14:00:49.480294][EnvironmentNew.Environment.log][thread_rollouts]: Thread number: 71, Steps performed: 10

[2020-01-31 14:00:49.479174][EnvironmentNew.Environment.log][thread_rollouts]: Thread number: 70, Steps performed: 9

[2020-01-31 14:00:49.481330][EnvironmentNew.Environment.log][thread_rollouts]: Thread number: 72

[2020-01-31 14:00:49.481483][EnvironmentNew.Environment.log][thread_rollouts]: Thread number: 73

[2020-01-31 14:00:49.512654][EnvironmentNew.Environment.log][thread_rollouts]: Thread number: 72, Steps performed: 10

[2020-01-31 14:00:49.513082][EnvironmentNew.Environment.log][thread_rollouts]: Thread number: 73, Steps performed: 9

[2020-01-31 14:00:49.514268][EnvironmentNew.Environment.log][thread_rollouts]: Thread number: 75

[2020-01-31 14:00:49.514098][EnvironmentNew.Environment.log][thread_rollouts]: Thread number: 74

[2020-01-31 14:00:49.539237][EnvironmentNew.Environment.log][thread_rollouts]: Thread number: 75, Steps performed: 9

[2020-01-31 14:00:49.541016][EnvironmentNew.Environment.log][thread_rollouts]: Thread number: 74, Steps performed: 9

[2020-01-31 14:00:49.541801][EnvironmentNew.Environment.log][thread_rollouts]: Thread number: 76

[2020-01-31 14:00:49.542072][EnvironmentNew.Environment.log][thread_rollouts]: Thread number: 77

[2020-01-31 14:00:49.571030][EnvironmentNew.Environment.log][thread_rollouts]: Thread number: 76, Steps performed: 9

[2020-01-31 14:00:49.571878][EnvironmentNew.Environment.log][thread_rollouts]: Thread number: 77, Steps performed: 9

[2020-01-31 14:00:49.572641][EnvironmentNew.Environment.log][thread_rollouts]: Thread number: 78

[2020-01-31 14:00:49.572789][EnvironmentNew.Environment.log][thread_rollouts]: Thread number: 79

[2020-01-31 14:00:49.608348][EnvironmentNew.Environment.log][thread_rollouts]: Thread number: 79, Steps performed: 10

[2020-01-31 14:00:49.608816][EnvironmentNew.Environment.log][thread_rollouts]: Thread number: 78, Steps performed: 10

[2020-01-31 14:00:49.610183][EnvironmentNew.Environment.log][thread_rollouts]: Thread number: 81

[2020-01-31 14:00:49.610023][EnvironmentNew.Environment.log][thread_rollouts]: Thread number: 80

[2020-01-31 14:00:49.651161][EnvironmentNew.Environment.log][thread_rollouts]: Thread number: 81, Steps performed: 9

[2020-01-31 14:00:49.651333][EnvironmentNew.Environment.log][thread_rollouts]: Thread number: 80, Steps performed: 14

[2020-01-31 14:00:49.652093][EnvironmentNew.Environment.log][thread_rollouts]: Thread number: 82

[2020-01-31 14:00:49.652213][EnvironmentNew.Environment.log][thread_rollouts]: Thread number: 83

[2020-01-31 14:00:49.681519][EnvironmentNew.Environment.log][thread_rollouts]: Thread number: 82, Steps performed: 9

[2020-01-31 14:00:49.683876][EnvironmentNew.Environment.log][thread_rollouts]: Thread number: 83, Steps performed: 12

[2020-01-31 14:00:49.684376][EnvironmentNew.Environment.log][thread_rollouts]: Thread number: 84

[2020-01-31 14:00:49.684608][EnvironmentNew.Environment.log][thread_rollouts]: Thread number: 85

[2020-01-31 14:00:49.718713][EnvironmentNew.Environment.log][thread_rollouts]: Thread number: 84, Steps performed: 9

[2020-01-31 14:00:49.721064][EnvironmentNew.Environment.log][thread_rollouts]: Thread number: 85, Steps performed: 12

[2020-01-31 14:00:49.721934][EnvironmentNew.Environment.log][thread_rollouts]: Thread number: 87

[2020-01-31 14:00:49.721732][EnvironmentNew.Environment.log][thread_rollouts]: Thread number: 86

[2020-01-31 14:00:49.749141][EnvironmentNew.Environment.log][thread_rollouts]: Thread number: 86, Steps performed: 9

[2020-01-31 14:00:49.749840][EnvironmentNew.Environment.log][thread_rollouts]: Thread number: 87, Steps performed: 9

[2020-01-31 14:00:49.750974][EnvironmentNew.Environment.log][thread_rollouts]: Thread number: 89

[2020-01-31 14:00:49.750822][EnvironmentNew.Environment.log][thread_rollouts]: Thread number: 88

[2020-01-31 14:00:49.783849][EnvironmentNew.Environment.log][thread_rollouts]: Thread number: 89, Steps performed: 9

[2020-01-31 14:00:49.783418][EnvironmentNew.Environment.log][thread_rollouts]: Thread number: 88, Steps performed: 9

[2020-01-31 14:00:49.785103][EnvironmentNew.Environment.log][thread_rollouts]: Thread number: 91

[2020-01-31 14:00:49.784946][EnvironmentNew.Environment.log][thread_rollouts]: Thread number: 90

[2020-01-31 14:00:49.816925][EnvironmentNew.Environment.log][thread_rollouts]: Thread number: 90, Steps performed: 9

[2020-01-31 14:00:49.816684][EnvironmentNew.Environment.log][thread_rollouts]: Thread number: 91, Steps performed: 9

[2020-01-31 14:00:49.818524][EnvironmentNew.Environment.log][thread_rollouts]: Thread number: 93

[2020-01-31 14:00:49.818303][EnvironmentNew.Environment.log][thread_rollouts]: Thread number: 92

[2020-01-31 14:00:49.850577][EnvironmentNew.Environment.log][thread_rollouts]: Thread number: 92, Steps performed: 9

[2020-01-31 14:00:49.852564][EnvironmentNew.Environment.log][thread_rollouts]: Thread number: 93, Steps performed: 10

[2020-01-31 14:00:49.853019][EnvironmentNew.Environment.log][thread_rollouts]: Thread number: 94

[2020-01-31 14:00:49.853142][EnvironmentNew.Environment.log][thread_rollouts]: Thread number: 95

[2020-01-31 14:00:49.881293][EnvironmentNew.Environment.log][thread_rollouts]: Thread number: 94, Steps performed: 10

[2020-01-31 14:00:49.880943][EnvironmentNew.Environment.log][thread_rollouts]: Thread number: 95, Steps performed: 9

[2020-01-31 14:00:49.882352][EnvironmentNew.Environment.log][thread_rollouts]: Thread number: 96

[2020-01-31 14:00:49.882539][EnvironmentNew.Environment.log][thread_rollouts]: Thread number: 97

[2020-01-31 14:00:49.915885][EnvironmentNew.Environment.log][thread_rollouts]: Thread number: 97, Steps performed: 10

[2020-01-31 14:00:49.915423][EnvironmentNew.Environment.log][thread_rollouts]: Thread number: 96, Steps performed: 10

[2020-01-31 14:00:49.916975][EnvironmentNew.Environment.log][thread_rollouts]: Thread number: 98

[2020-01-31 14:00:49.917206][EnvironmentNew.Environment.log][thread_rollouts]: Thread number: 99

[2020-01-31 14:00:49.947544][EnvironmentNew.Environment.log][thread_rollouts]: Thread number: 99, Steps performed: 10

[2020-01-31 14:00:49.947850][EnvironmentNew.Environment.log][thread_rollouts]: Thread number: 98, Steps performed: 9

[2020-01-31 14:00:49.949112][__main__.TRPOAgent.log][learning]: Rollouts performed

[2020-01-31 14:00:49.949430][__main__.TRPOAgent.log][batch_info]: Rollout statistics size: 966, Batch size: 100

[2020-01-31 14:00:49.949696][__main__.TRPOAgent.log][learning]: 

***************
BEGINNING TRAINING
***************



