LOGGER started at 2020-01-29 12:20:24.616554.
Currently active debug channels:
	act
	batch_info
	linesearch
	learning
[2020-01-29 12:20:25.019688][__main__.TRPOAgent.log][learning]: Episode #0

[2020-01-29 12:20:25.204775][__main__.TRPOAgent.log][learning]: Performing rollouts: rollout length: 1500

[2020-01-29 12:20:25.562632][__main__.TRPOAgent.log][learning]: Rollouts performed

[2020-01-29 12:20:25.564345][__main__.TRPOAgent.log][batch_info]: Rollout statistics size: 304, Batch size: 1000, Number of batches: 1

[2020-01-29 12:20:25.564696][__main__.TRPOAgent.log][learning]: 

***************
BEGINNING TRAINING
***************



[2020-01-29 12:20:25.565107][__main__.TRPOAgent.log][batch_info]: Batch #0, batch length: 304

[2020-01-29 12:20:26.032319][__main__.TRPOAgent.log][batch_info]: Current batch value loss: 5.781474050014942

[2020-01-29 12:20:27.247066][__main__.TRPOAgent.log][learning]: Episode #1

[2020-01-29 12:20:27.247652][__main__.TRPOAgent.log][learning]: Performing rollouts: rollout length: 1500

[2020-01-29 12:20:27.652926][__main__.TRPOAgent.log][learning]: Rollouts performed

[2020-01-29 12:20:27.655091][__main__.TRPOAgent.log][batch_info]: Rollout statistics size: 295, Batch size: 1000, Number of batches: 1

[2020-01-29 12:20:27.655527][__main__.TRPOAgent.log][learning]: 

***************
BEGINNING TRAINING
***************



[2020-01-29 12:20:27.656090][__main__.TRPOAgent.log][batch_info]: Batch #0, batch length: 295

[2020-01-29 12:20:27.948173][__main__.TRPOAgent.log][batch_info]: Current batch value loss: 6.108096214888965

[2020-01-29 12:20:28.702674][__main__.TRPOAgent.log][learning]: Episode #2

[2020-01-29 12:20:28.703180][__main__.TRPOAgent.log][learning]: Performing rollouts: rollout length: 1500

[2020-01-29 12:20:29.120194][__main__.TRPOAgent.log][learning]: Rollouts performed

[2020-01-29 12:20:29.121853][__main__.TRPOAgent.log][batch_info]: Rollout statistics size: 306, Batch size: 1000, Number of batches: 1

[2020-01-29 12:20:29.122217][__main__.TRPOAgent.log][learning]: 

***************
BEGINNING TRAINING
***************



[2020-01-29 12:20:29.122618][__main__.TRPOAgent.log][batch_info]: Batch #0, batch length: 306

[2020-01-29 12:20:29.367838][__main__.TRPOAgent.log][batch_info]: Current batch value loss: 4.633436044764832

[2020-01-29 12:20:29.926858][__main__.TRPOAgent.log][learning]: Episode #3

[2020-01-29 12:20:29.927224][__main__.TRPOAgent.log][learning]: Performing rollouts: rollout length: 1500

[2020-01-29 12:20:30.275526][__main__.TRPOAgent.log][learning]: Rollouts performed

[2020-01-29 12:20:30.277169][__main__.TRPOAgent.log][batch_info]: Rollout statistics size: 303, Batch size: 1000, Number of batches: 1

[2020-01-29 12:20:30.277588][__main__.TRPOAgent.log][learning]: 

***************
BEGINNING TRAINING
***************



[2020-01-29 12:20:30.278028][__main__.TRPOAgent.log][batch_info]: Batch #0, batch length: 303

[2020-01-29 12:20:30.484550][__main__.TRPOAgent.log][batch_info]: Current batch value loss: 2.788173405957645

[2020-01-29 12:20:31.072052][__main__.TRPOAgent.log][learning]: Episode #4

[2020-01-29 12:20:31.072445][__main__.TRPOAgent.log][learning]: Performing rollouts: rollout length: 1500

[2020-01-29 12:20:31.462851][__main__.TRPOAgent.log][learning]: Rollouts performed

[2020-01-29 12:20:31.464520][__main__.TRPOAgent.log][batch_info]: Rollout statistics size: 299, Batch size: 1000, Number of batches: 1

[2020-01-29 12:20:31.464967][__main__.TRPOAgent.log][learning]: 

***************
BEGINNING TRAINING
***************



[2020-01-29 12:20:31.465389][__main__.TRPOAgent.log][batch_info]: Batch #0, batch length: 299

[2020-01-29 12:20:31.681214][__main__.TRPOAgent.log][batch_info]: Current batch value loss: 1.255007972526146

[2020-01-29 12:20:32.261528][__main__.TRPOAgent.log][learning]: Episode #5

[2020-01-29 12:20:32.261877][__main__.TRPOAgent.log][learning]: Performing rollouts: rollout length: 1500

[2020-01-29 12:20:32.632393][__main__.TRPOAgent.log][learning]: Rollouts performed

[2020-01-29 12:20:32.634587][__main__.TRPOAgent.log][batch_info]: Rollout statistics size: 296, Batch size: 1000, Number of batches: 1

[2020-01-29 12:20:32.635063][__main__.TRPOAgent.log][learning]: 

***************
BEGINNING TRAINING
***************



[2020-01-29 12:20:32.635637][__main__.TRPOAgent.log][batch_info]: Batch #0, batch length: 296

[2020-01-29 12:20:32.852920][__main__.TRPOAgent.log][batch_info]: Current batch value loss: 0.4574783756738433

[2020-01-29 12:20:33.455739][__main__.TRPOAgent.log][learning]: Episode #6

[2020-01-29 12:20:33.456331][__main__.TRPOAgent.log][learning]: Performing rollouts: rollout length: 1500

[2020-01-29 12:20:33.807527][__main__.TRPOAgent.log][learning]: Rollouts performed

[2020-01-29 12:20:33.810104][__main__.TRPOAgent.log][batch_info]: Rollout statistics size: 299, Batch size: 1000, Number of batches: 1

[2020-01-29 12:20:33.810623][__main__.TRPOAgent.log][learning]: 

***************
BEGINNING TRAINING
***************



[2020-01-29 12:20:33.811408][__main__.TRPOAgent.log][batch_info]: Batch #0, batch length: 299

[2020-01-29 12:20:34.036408][__main__.TRPOAgent.log][batch_info]: Current batch value loss: 0.4456205366720153

[2020-01-29 12:20:34.615609][__main__.TRPOAgent.log][learning]: Episode #7

[2020-01-29 12:20:34.616020][__main__.TRPOAgent.log][learning]: Performing rollouts: rollout length: 1500

[2020-01-29 12:20:34.970435][__main__.TRPOAgent.log][learning]: Rollouts performed

[2020-01-29 12:20:34.971916][__main__.TRPOAgent.log][batch_info]: Rollout statistics size: 300, Batch size: 1000, Number of batches: 1

[2020-01-29 12:20:34.972279][__main__.TRPOAgent.log][learning]: 

***************
BEGINNING TRAINING
***************



[2020-01-29 12:20:34.972622][__main__.TRPOAgent.log][batch_info]: Batch #0, batch length: 300

[2020-01-29 12:20:35.187195][__main__.TRPOAgent.log][batch_info]: Current batch value loss: 0.24838299678638578

[2020-01-29 12:20:35.765028][__main__.TRPOAgent.log][learning]: Episode #8

[2020-01-29 12:20:35.765382][__main__.TRPOAgent.log][learning]: Performing rollouts: rollout length: 1500

[2020-01-29 12:20:36.156266][__main__.TRPOAgent.log][learning]: Rollouts performed

[2020-01-29 12:20:36.158075][__main__.TRPOAgent.log][batch_info]: Rollout statistics size: 300, Batch size: 1000, Number of batches: 1

[2020-01-29 12:20:36.158517][__main__.TRPOAgent.log][learning]: 

***************
BEGINNING TRAINING
***************



[2020-01-29 12:20:36.159047][__main__.TRPOAgent.log][batch_info]: Batch #0, batch length: 300

[2020-01-29 12:20:36.382836][__main__.TRPOAgent.log][batch_info]: Current batch value loss: 0.2720794929054925

[2020-01-29 12:20:36.951013][__main__.TRPOAgent.log][learning]: Episode #9

[2020-01-29 12:20:36.951598][__main__.TRPOAgent.log][learning]: Performing rollouts: rollout length: 1500

[2020-01-29 12:20:37.338641][__main__.TRPOAgent.log][learning]: Rollouts performed

[2020-01-29 12:20:37.340343][__main__.TRPOAgent.log][batch_info]: Rollout statistics size: 295, Batch size: 1000, Number of batches: 1

[2020-01-29 12:20:37.340737][__main__.TRPOAgent.log][learning]: 

***************
BEGINNING TRAINING
***************



[2020-01-29 12:20:37.341214][__main__.TRPOAgent.log][batch_info]: Batch #0, batch length: 295

[2020-01-29 12:20:37.558635][__main__.TRPOAgent.log][batch_info]: Current batch value loss: 0.17624924619539636

[2020-01-29 12:20:38.116376][__main__.TRPOAgent.log][learning]: Episode #10

[2020-01-29 12:20:38.116746][__main__.TRPOAgent.log][learning]: Performing rollouts: rollout length: 1500

[2020-01-29 12:20:38.475733][__main__.TRPOAgent.log][learning]: Rollouts performed

[2020-01-29 12:20:38.478364][__main__.TRPOAgent.log][batch_info]: Rollout statistics size: 304, Batch size: 1000, Number of batches: 1

[2020-01-29 12:20:38.478871][__main__.TRPOAgent.log][learning]: 

***************
BEGINNING TRAINING
***************



[2020-01-29 12:20:38.479509][__main__.TRPOAgent.log][batch_info]: Batch #0, batch length: 304

[2020-01-29 12:20:38.696397][__main__.TRPOAgent.log][batch_info]: Current batch value loss: 0.25479056804286565

[2020-01-29 12:20:39.247708][__main__.TRPOAgent.log][learning]: Episode #11

[2020-01-29 12:20:39.248120][__main__.TRPOAgent.log][learning]: Performing rollouts: rollout length: 1500

[2020-01-29 12:20:39.631293][__main__.TRPOAgent.log][learning]: Rollouts performed

[2020-01-29 12:20:39.633288][__main__.TRPOAgent.log][batch_info]: Rollout statistics size: 298, Batch size: 1000, Number of batches: 1

[2020-01-29 12:20:39.633757][__main__.TRPOAgent.log][learning]: 

***************
BEGINNING TRAINING
***************



[2020-01-29 12:20:39.634225][__main__.TRPOAgent.log][batch_info]: Batch #0, batch length: 298

[2020-01-29 12:20:39.856584][__main__.TRPOAgent.log][batch_info]: Current batch value loss: 0.20487044738831417

[2020-01-29 12:20:40.400487][__main__.TRPOAgent.log][learning]: Episode #12

[2020-01-29 12:20:40.401046][__main__.TRPOAgent.log][learning]: Performing rollouts: rollout length: 1500

[2020-01-29 12:20:40.805621][__main__.TRPOAgent.log][learning]: Rollouts performed

[2020-01-29 12:20:40.807988][__main__.TRPOAgent.log][batch_info]: Rollout statistics size: 301, Batch size: 1000, Number of batches: 1

[2020-01-29 12:20:40.808558][__main__.TRPOAgent.log][learning]: 

***************
BEGINNING TRAINING
***************



[2020-01-29 12:20:40.809257][__main__.TRPOAgent.log][batch_info]: Batch #0, batch length: 301

[2020-01-29 12:20:41.033675][__main__.TRPOAgent.log][batch_info]: Current batch value loss: 0.20044950999575323

[2020-01-29 12:20:41.684093][__main__.TRPOAgent.log][learning]: Episode #13

[2020-01-29 12:20:41.684558][__main__.TRPOAgent.log][learning]: Performing rollouts: rollout length: 1500

[2020-01-29 12:20:42.076915][__main__.TRPOAgent.log][learning]: Rollouts performed

[2020-01-29 12:20:42.078959][__main__.TRPOAgent.log][batch_info]: Rollout statistics size: 305, Batch size: 1000, Number of batches: 1

[2020-01-29 12:20:42.079283][__main__.TRPOAgent.log][learning]: 

***************
BEGINNING TRAINING
***************



[2020-01-29 12:20:42.079662][__main__.TRPOAgent.log][batch_info]: Batch #0, batch length: 305

[2020-01-29 12:20:42.297598][__main__.TRPOAgent.log][batch_info]: Current batch value loss: 0.3991671769876702

[2020-01-29 12:20:42.970979][__main__.TRPOAgent.log][learning]: Episode #14

[2020-01-29 12:20:42.971352][__main__.TRPOAgent.log][learning]: Performing rollouts: rollout length: 1500

[2020-01-29 12:20:43.370800][__main__.TRPOAgent.log][learning]: Rollouts performed

[2020-01-29 12:20:43.372600][__main__.TRPOAgent.log][batch_info]: Rollout statistics size: 305, Batch size: 1000, Number of batches: 1

[2020-01-29 12:20:43.373048][__main__.TRPOAgent.log][learning]: 

***************
BEGINNING TRAINING
***************



[2020-01-29 12:20:43.373523][__main__.TRPOAgent.log][batch_info]: Batch #0, batch length: 305

[2020-01-29 12:20:43.590020][__main__.TRPOAgent.log][batch_info]: Current batch value loss: 0.3679243912885124

[2020-01-29 12:20:44.283686][__main__.TRPOAgent.log][learning]: Episode #15

[2020-01-29 12:20:44.284158][__main__.TRPOAgent.log][learning]: Performing rollouts: rollout length: 1500

[2020-01-29 12:20:44.637701][__main__.TRPOAgent.log][learning]: Rollouts performed

[2020-01-29 12:20:44.639344][__main__.TRPOAgent.log][batch_info]: Rollout statistics size: 299, Batch size: 1000, Number of batches: 1

[2020-01-29 12:20:44.639778][__main__.TRPOAgent.log][learning]: 

***************
BEGINNING TRAINING
***************



[2020-01-29 12:20:44.640241][__main__.TRPOAgent.log][batch_info]: Batch #0, batch length: 299

[2020-01-29 12:20:44.858266][__main__.TRPOAgent.log][batch_info]: Current batch value loss: 0.1863572252140357

[2020-01-29 12:20:45.492726][__main__.TRPOAgent.log][learning]: Episode #16

[2020-01-29 12:20:45.493131][__main__.TRPOAgent.log][learning]: Performing rollouts: rollout length: 1500

[2020-01-29 12:20:45.889640][__main__.TRPOAgent.log][learning]: Rollouts performed

[2020-01-29 12:20:45.892391][__main__.TRPOAgent.log][batch_info]: Rollout statistics size: 305, Batch size: 1000, Number of batches: 1

[2020-01-29 12:20:45.892953][__main__.TRPOAgent.log][learning]: 

***************
BEGINNING TRAINING
***************



[2020-01-29 12:20:45.893851][__main__.TRPOAgent.log][batch_info]: Batch #0, batch length: 305

[2020-01-29 12:20:46.119526][__main__.TRPOAgent.log][batch_info]: Current batch value loss: 0.23212137037737013

[2020-01-29 12:20:46.826931][__main__.TRPOAgent.log][learning]: Episode #17

[2020-01-29 12:20:46.827555][__main__.TRPOAgent.log][learning]: Performing rollouts: rollout length: 1500

[2020-01-29 12:20:47.203133][__main__.TRPOAgent.log][learning]: Rollouts performed

[2020-01-29 12:20:47.205410][__main__.TRPOAgent.log][batch_info]: Rollout statistics size: 296, Batch size: 1000, Number of batches: 1

[2020-01-29 12:20:47.205954][__main__.TRPOAgent.log][learning]: 

***************
BEGINNING TRAINING
***************



[2020-01-29 12:20:47.206581][__main__.TRPOAgent.log][batch_info]: Batch #0, batch length: 296

[2020-01-29 12:20:47.419288][__main__.TRPOAgent.log][batch_info]: Current batch value loss: 0.15018258518662642

[2020-01-29 12:20:48.055681][__main__.TRPOAgent.log][learning]: Episode #18

[2020-01-29 12:20:48.056078][__main__.TRPOAgent.log][learning]: Performing rollouts: rollout length: 1500

[2020-01-29 12:20:48.408408][__main__.TRPOAgent.log][learning]: Rollouts performed

[2020-01-29 12:20:48.410714][__main__.TRPOAgent.log][batch_info]: Rollout statistics size: 305, Batch size: 1000, Number of batches: 1

[2020-01-29 12:20:48.411044][__main__.TRPOAgent.log][learning]: 

***************
BEGINNING TRAINING
***************



[2020-01-29 12:20:48.411460][__main__.TRPOAgent.log][batch_info]: Batch #0, batch length: 305

[2020-01-29 12:20:48.615064][__main__.TRPOAgent.log][batch_info]: Current batch value loss: 0.2618912089954664

[2020-01-29 12:20:49.300145][__main__.TRPOAgent.log][learning]: Episode #19

[2020-01-29 12:20:49.300617][__main__.TRPOAgent.log][learning]: Performing rollouts: rollout length: 1500

[2020-01-29 12:20:49.683259][__main__.TRPOAgent.log][learning]: Rollouts performed

[2020-01-29 12:20:49.685162][__main__.TRPOAgent.log][batch_info]: Rollout statistics size: 296, Batch size: 1000, Number of batches: 1

[2020-01-29 12:20:49.685586][__main__.TRPOAgent.log][learning]: 

***************
BEGINNING TRAINING
***************



[2020-01-29 12:20:49.686046][__main__.TRPOAgent.log][batch_info]: Batch #0, batch length: 296

[2020-01-29 12:20:49.905568][__main__.TRPOAgent.log][batch_info]: Current batch value loss: 0.11650797062754242

[2020-01-29 12:20:50.522118][__main__.TRPOAgent.log][learning]: Episode #20

[2020-01-29 12:20:50.522474][__main__.TRPOAgent.log][learning]: Performing rollouts: rollout length: 1500

[2020-01-29 12:20:50.887920][__main__.TRPOAgent.log][learning]: Rollouts performed

[2020-01-29 12:20:50.890125][__main__.TRPOAgent.log][batch_info]: Rollout statistics size: 302, Batch size: 1000, Number of batches: 1

[2020-01-29 12:20:50.890459][__main__.TRPOAgent.log][learning]: 

***************
BEGINNING TRAINING
***************



[2020-01-29 12:20:50.890810][__main__.TRPOAgent.log][batch_info]: Batch #0, batch length: 302

[2020-01-29 12:20:51.101529][__main__.TRPOAgent.log][batch_info]: Current batch value loss: 0.2961371000125915

[2020-01-29 12:20:51.724560][__main__.TRPOAgent.log][learning]: Episode #21

[2020-01-29 12:20:51.724910][__main__.TRPOAgent.log][learning]: Performing rollouts: rollout length: 1500

[2020-01-29 12:20:52.071878][__main__.TRPOAgent.log][learning]: Rollouts performed

[2020-01-29 12:20:52.073364][__main__.TRPOAgent.log][batch_info]: Rollout statistics size: 301, Batch size: 1000, Number of batches: 1

[2020-01-29 12:20:52.073711][__main__.TRPOAgent.log][learning]: 

***************
BEGINNING TRAINING
***************



[2020-01-29 12:20:52.074145][__main__.TRPOAgent.log][batch_info]: Batch #0, batch length: 301

[2020-01-29 12:20:52.287785][__main__.TRPOAgent.log][batch_info]: Current batch value loss: 0.13734109712818296

[2020-01-29 12:20:52.904354][__main__.TRPOAgent.log][learning]: Episode #22

[2020-01-29 12:20:52.904714][__main__.TRPOAgent.log][learning]: Performing rollouts: rollout length: 1500

[2020-01-29 12:20:53.280978][__main__.TRPOAgent.log][learning]: Rollouts performed

[2020-01-29 12:20:53.282692][__main__.TRPOAgent.log][batch_info]: Rollout statistics size: 301, Batch size: 1000, Number of batches: 1

[2020-01-29 12:20:53.283072][__main__.TRPOAgent.log][learning]: 

***************
BEGINNING TRAINING
***************



[2020-01-29 12:20:53.283509][__main__.TRPOAgent.log][batch_info]: Batch #0, batch length: 301

[2020-01-29 12:20:53.502206][__main__.TRPOAgent.log][batch_info]: Current batch value loss: 0.43839355243155137

[2020-01-29 12:20:54.128703][__main__.TRPOAgent.log][learning]: Episode #23

[2020-01-29 12:20:54.129059][__main__.TRPOAgent.log][learning]: Performing rollouts: rollout length: 1500

[2020-01-29 12:20:54.492919][__main__.TRPOAgent.log][learning]: Rollouts performed

[2020-01-29 12:20:54.495151][__main__.TRPOAgent.log][batch_info]: Rollout statistics size: 317, Batch size: 1000, Number of batches: 1

[2020-01-29 12:20:54.500181][__main__.TRPOAgent.log][learning]: 

***************
BEGINNING TRAINING
***************



[2020-01-29 12:20:54.500663][__main__.TRPOAgent.log][batch_info]: Batch #0, batch length: 317

[2020-01-29 12:20:54.712447][__main__.TRPOAgent.log][batch_info]: Current batch value loss: 4.83358447718153

[2020-01-29 12:20:55.312734][__main__.TRPOAgent.log][learning]: Episode #24

[2020-01-29 12:20:55.313153][__main__.TRPOAgent.log][learning]: Performing rollouts: rollout length: 1500

[2020-01-29 12:20:55.679418][__main__.TRPOAgent.log][learning]: Rollouts performed

[2020-01-29 12:20:55.680988][__main__.TRPOAgent.log][batch_info]: Rollout statistics size: 304, Batch size: 1000, Number of batches: 1

[2020-01-29 12:20:55.681343][__main__.TRPOAgent.log][learning]: 

***************
BEGINNING TRAINING
***************



[2020-01-29 12:20:55.681753][__main__.TRPOAgent.log][batch_info]: Batch #0, batch length: 304

[2020-01-29 12:20:55.900993][__main__.TRPOAgent.log][batch_info]: Current batch value loss: 0.26903565699297505

[2020-01-29 12:20:56.580105][__main__.TRPOAgent.log][learning]: Episode #25

[2020-01-29 12:20:56.580461][__main__.TRPOAgent.log][learning]: Performing rollouts: rollout length: 1500

[2020-01-29 12:20:56.952258][__main__.TRPOAgent.log][learning]: Rollouts performed

[2020-01-29 12:20:56.954196][__main__.TRPOAgent.log][batch_info]: Rollout statistics size: 300, Batch size: 1000, Number of batches: 1

[2020-01-29 12:20:56.954596][__main__.TRPOAgent.log][learning]: 

***************
BEGINNING TRAINING
***************



[2020-01-29 12:20:56.954945][__main__.TRPOAgent.log][batch_info]: Batch #0, batch length: 300

[2020-01-29 12:20:57.169708][__main__.TRPOAgent.log][batch_info]: Current batch value loss: 0.20403082019785265

[2020-01-29 12:20:57.813972][__main__.TRPOAgent.log][learning]: Episode #26

[2020-01-29 12:20:57.814324][__main__.TRPOAgent.log][learning]: Performing rollouts: rollout length: 1500

[2020-01-29 12:20:58.184052][__main__.TRPOAgent.log][learning]: Rollouts performed

[2020-01-29 12:20:58.185943][__main__.TRPOAgent.log][batch_info]: Rollout statistics size: 301, Batch size: 1000, Number of batches: 1

[2020-01-29 12:20:58.186356][__main__.TRPOAgent.log][learning]: 

***************
BEGINNING TRAINING
***************



[2020-01-29 12:20:58.186810][__main__.TRPOAgent.log][batch_info]: Batch #0, batch length: 301

[2020-01-29 12:20:58.399266][__main__.TRPOAgent.log][batch_info]: Current batch value loss: 0.19733317590407543

[2020-01-29 12:20:59.082306][__main__.TRPOAgent.log][learning]: Episode #27

[2020-01-29 12:20:59.082661][__main__.TRPOAgent.log][learning]: Performing rollouts: rollout length: 1500

[2020-01-29 12:20:59.459536][__main__.TRPOAgent.log][learning]: Rollouts performed

[2020-01-29 12:20:59.461148][__main__.TRPOAgent.log][batch_info]: Rollout statistics size: 299, Batch size: 1000, Number of batches: 1

[2020-01-29 12:20:59.461536][__main__.TRPOAgent.log][learning]: 

***************
BEGINNING TRAINING
***************



[2020-01-29 12:20:59.461915][__main__.TRPOAgent.log][batch_info]: Batch #0, batch length: 299

[2020-01-29 12:20:59.682248][__main__.TRPOAgent.log][batch_info]: Current batch value loss: 0.11452706126547857

[2020-01-29 12:21:00.464781][__main__.TRPOAgent.log][learning]: Episode #28

[2020-01-29 12:21:00.465158][__main__.TRPOAgent.log][learning]: Performing rollouts: rollout length: 1500

[2020-01-29 12:21:00.852327][__main__.TRPOAgent.log][learning]: Rollouts performed

[2020-01-29 12:21:00.855089][__main__.TRPOAgent.log][batch_info]: Rollout statistics size: 304, Batch size: 1000, Number of batches: 1

[2020-01-29 12:21:00.855679][__main__.TRPOAgent.log][learning]: 

***************
BEGINNING TRAINING
***************



[2020-01-29 12:21:00.856557][__main__.TRPOAgent.log][batch_info]: Batch #0, batch length: 304

[2020-01-29 12:21:01.089990][__main__.TRPOAgent.log][batch_info]: Current batch value loss: 0.28014465442945524

[2020-01-29 12:21:01.978021][__main__.TRPOAgent.log][learning]: Episode #29

[2020-01-29 12:21:01.978456][__main__.TRPOAgent.log][learning]: Performing rollouts: rollout length: 1500

[2020-01-29 12:21:02.399855][__main__.TRPOAgent.log][learning]: Rollouts performed

[2020-01-29 12:21:02.401659][__main__.TRPOAgent.log][batch_info]: Rollout statistics size: 304, Batch size: 1000, Number of batches: 1

[2020-01-29 12:21:02.402099][__main__.TRPOAgent.log][learning]: 

***************
BEGINNING TRAINING
***************



[2020-01-29 12:21:02.402772][__main__.TRPOAgent.log][batch_info]: Batch #0, batch length: 304

[2020-01-29 12:21:02.629863][__main__.TRPOAgent.log][batch_info]: Current batch value loss: 0.3834876563370521

[2020-01-29 12:21:03.284673][__main__.TRPOAgent.log][learning]: Episode #30

[2020-01-29 12:21:03.285039][__main__.TRPOAgent.log][learning]: Performing rollouts: rollout length: 1500

[2020-01-29 12:21:03.714959][__main__.TRPOAgent.log][learning]: Rollouts performed

[2020-01-29 12:21:03.716983][__main__.TRPOAgent.log][batch_info]: Rollout statistics size: 298, Batch size: 1000, Number of batches: 1

[2020-01-29 12:21:03.717453][__main__.TRPOAgent.log][learning]: 

***************
BEGINNING TRAINING
***************



[2020-01-29 12:21:03.717949][__main__.TRPOAgent.log][batch_info]: Batch #0, batch length: 298

[2020-01-29 12:21:03.960969][__main__.TRPOAgent.log][batch_info]: Current batch value loss: 0.11383603750653748

[2020-01-29 12:21:04.704492][__main__.TRPOAgent.log][learning]: Episode #31

[2020-01-29 12:21:04.705078][__main__.TRPOAgent.log][learning]: Performing rollouts: rollout length: 1500

[2020-01-29 12:21:05.145883][__main__.TRPOAgent.log][learning]: Rollouts performed

[2020-01-29 12:21:05.147588][__main__.TRPOAgent.log][batch_info]: Rollout statistics size: 308, Batch size: 1000, Number of batches: 1

[2020-01-29 12:21:05.147994][__main__.TRPOAgent.log][learning]: 

***************
BEGINNING TRAINING
***************



[2020-01-29 12:21:05.148393][__main__.TRPOAgent.log][batch_info]: Batch #0, batch length: 308

[2020-01-29 12:21:05.397440][__main__.TRPOAgent.log][batch_info]: Current batch value loss: 0.5311027737453262

[2020-01-29 12:21:06.181524][__main__.TRPOAgent.log][learning]: Episode #32

[2020-01-29 12:21:06.182023][__main__.TRPOAgent.log][learning]: Performing rollouts: rollout length: 1500

[2020-01-29 12:21:06.590410][__main__.TRPOAgent.log][learning]: Rollouts performed

[2020-01-29 12:21:06.592114][__main__.TRPOAgent.log][batch_info]: Rollout statistics size: 303, Batch size: 1000, Number of batches: 1

[2020-01-29 12:21:06.592562][__main__.TRPOAgent.log][learning]: 

***************
BEGINNING TRAINING
***************



[2020-01-29 12:21:06.593069][__main__.TRPOAgent.log][batch_info]: Batch #0, batch length: 303

[2020-01-29 12:21:06.806862][__main__.TRPOAgent.log][batch_info]: Current batch value loss: 0.30231157009208975

[2020-01-29 12:21:07.519546][__main__.TRPOAgent.log][learning]: Episode #33

[2020-01-29 12:21:07.519941][__main__.TRPOAgent.log][learning]: Performing rollouts: rollout length: 1500

[2020-01-29 12:21:07.926871][__main__.TRPOAgent.log][learning]: Rollouts performed

[2020-01-29 12:21:07.928612][__main__.TRPOAgent.log][batch_info]: Rollout statistics size: 300, Batch size: 1000, Number of batches: 1

[2020-01-29 12:21:07.928971][__main__.TRPOAgent.log][learning]: 

***************
BEGINNING TRAINING
***************



[2020-01-29 12:21:07.929427][__main__.TRPOAgent.log][batch_info]: Batch #0, batch length: 300

[2020-01-29 12:21:08.154573][__main__.TRPOAgent.log][batch_info]: Current batch value loss: 0.16841531837154738

[2020-01-29 12:21:08.868848][__main__.TRPOAgent.log][learning]: Episode #34

[2020-01-29 12:21:08.869310][__main__.TRPOAgent.log][learning]: Performing rollouts: rollout length: 1500

[2020-01-29 12:21:09.305791][__main__.TRPOAgent.log][learning]: Rollouts performed

[2020-01-29 12:21:09.307483][__main__.TRPOAgent.log][batch_info]: Rollout statistics size: 305, Batch size: 1000, Number of batches: 1

[2020-01-29 12:21:09.307897][__main__.TRPOAgent.log][learning]: 

***************
BEGINNING TRAINING
***************



[2020-01-29 12:21:09.308309][__main__.TRPOAgent.log][batch_info]: Batch #0, batch length: 305

[2020-01-29 12:21:09.534442][__main__.TRPOAgent.log][batch_info]: Current batch value loss: 0.30982466710876244

[2020-01-29 12:21:10.230922][__main__.TRPOAgent.log][learning]: Episode #35

[2020-01-29 12:21:10.231255][__main__.TRPOAgent.log][learning]: Performing rollouts: rollout length: 1500

[2020-01-29 12:21:10.632163][__main__.TRPOAgent.log][learning]: Rollouts performed

[2020-01-29 12:21:10.634142][__main__.TRPOAgent.log][batch_info]: Rollout statistics size: 305, Batch size: 1000, Number of batches: 1

[2020-01-29 12:21:10.634472][__main__.TRPOAgent.log][learning]: 

***************
BEGINNING TRAINING
***************



[2020-01-29 12:21:10.634922][__main__.TRPOAgent.log][batch_info]: Batch #0, batch length: 305

[2020-01-29 12:21:10.851355][__main__.TRPOAgent.log][batch_info]: Current batch value loss: 0.5408629823451776

[2020-01-29 12:21:11.655139][__main__.TRPOAgent.log][learning]: Episode #36

[2020-01-29 12:21:11.655671][__main__.TRPOAgent.log][learning]: Performing rollouts: rollout length: 1500

[2020-01-29 12:21:12.073950][__main__.TRPOAgent.log][learning]: Rollouts performed

[2020-01-29 12:21:12.076009][__main__.TRPOAgent.log][batch_info]: Rollout statistics size: 304, Batch size: 1000, Number of batches: 1

[2020-01-29 12:21:12.076381][__main__.TRPOAgent.log][learning]: 

***************
BEGINNING TRAINING
***************



[2020-01-29 12:21:12.076790][__main__.TRPOAgent.log][batch_info]: Batch #0, batch length: 304

[2020-01-29 12:21:12.291102][__main__.TRPOAgent.log][batch_info]: Current batch value loss: 0.2957958054960018

[2020-01-29 12:21:13.040511][__main__.TRPOAgent.log][learning]: Episode #37

[2020-01-29 12:21:13.040870][__main__.TRPOAgent.log][learning]: Performing rollouts: rollout length: 1500

[2020-01-29 12:21:13.475603][__main__.TRPOAgent.log][learning]: Rollouts performed

[2020-01-29 12:21:13.477637][__main__.TRPOAgent.log][batch_info]: Rollout statistics size: 300, Batch size: 1000, Number of batches: 1

[2020-01-29 12:21:13.478183][__main__.TRPOAgent.log][learning]: 

***************
BEGINNING TRAINING
***************



[2020-01-29 12:21:13.478858][__main__.TRPOAgent.log][batch_info]: Batch #0, batch length: 300

[2020-01-29 12:21:13.720332][__main__.TRPOAgent.log][batch_info]: Current batch value loss: 0.2954429355073525

[2020-01-29 12:21:14.374486][__main__.TRPOAgent.log][learning]: Episode #38

[2020-01-29 12:21:14.375002][__main__.TRPOAgent.log][learning]: Performing rollouts: rollout length: 1500

[2020-01-29 12:21:14.757323][__main__.TRPOAgent.log][learning]: Rollouts performed

[2020-01-29 12:21:14.759474][__main__.TRPOAgent.log][batch_info]: Rollout statistics size: 306, Batch size: 1000, Number of batches: 1

[2020-01-29 12:21:14.759814][__main__.TRPOAgent.log][learning]: 

***************
BEGINNING TRAINING
***************



[2020-01-29 12:21:14.760168][__main__.TRPOAgent.log][batch_info]: Batch #0, batch length: 306

[2020-01-29 12:21:14.991386][__main__.TRPOAgent.log][batch_info]: Current batch value loss: 0.6360809868833266

[2020-01-29 12:21:15.795928][__main__.TRPOAgent.log][learning]: Episode #39

[2020-01-29 12:21:15.796383][__main__.TRPOAgent.log][learning]: Performing rollouts: rollout length: 1500

[2020-01-29 12:21:16.205262][__main__.TRPOAgent.log][learning]: Rollouts performed

[2020-01-29 12:21:16.207198][__main__.TRPOAgent.log][batch_info]: Rollout statistics size: 314, Batch size: 1000, Number of batches: 1

[2020-01-29 12:21:16.207641][__main__.TRPOAgent.log][learning]: 

***************
BEGINNING TRAINING
***************



[2020-01-29 12:21:16.208129][__main__.TRPOAgent.log][batch_info]: Batch #0, batch length: 314

[2020-01-29 12:21:16.429335][__main__.TRPOAgent.log][batch_info]: Current batch value loss: 0.964264190596455

[2020-01-29 12:21:17.284345][__main__.TRPOAgent.log][learning]: Episode #40

[2020-01-29 12:21:17.284953][__main__.TRPOAgent.log][learning]: Performing rollouts: rollout length: 1500

[2020-01-29 12:21:17.679117][__main__.TRPOAgent.log][learning]: Rollouts performed

[2020-01-29 12:21:17.680950][__main__.TRPOAgent.log][batch_info]: Rollout statistics size: 292, Batch size: 1000, Number of batches: 1

[2020-01-29 12:21:17.681338][__main__.TRPOAgent.log][learning]: 

***************
BEGINNING TRAINING
***************



[2020-01-29 12:21:17.681900][__main__.TRPOAgent.log][batch_info]: Batch #0, batch length: 292

[2020-01-29 12:21:17.911038][__main__.TRPOAgent.log][batch_info]: Current batch value loss: 0.13773087639771664

[2020-01-29 12:21:18.813228][__main__.TRPOAgent.log][learning]: Episode #41

[2020-01-29 12:21:18.813594][__main__.TRPOAgent.log][learning]: Performing rollouts: rollout length: 1500

[2020-01-29 12:21:19.244389][__main__.TRPOAgent.log][learning]: Rollouts performed

[2020-01-29 12:21:19.246065][__main__.TRPOAgent.log][batch_info]: Rollout statistics size: 296, Batch size: 1000, Number of batches: 1

[2020-01-29 12:21:19.246407][__main__.TRPOAgent.log][learning]: 

***************
BEGINNING TRAINING
***************



[2020-01-29 12:21:19.246788][__main__.TRPOAgent.log][batch_info]: Batch #0, batch length: 296

[2020-01-29 12:21:19.480691][__main__.TRPOAgent.log][batch_info]: Current batch value loss: 0.11765762770275405

[2020-01-29 12:21:20.342813][__main__.TRPOAgent.log][learning]: Episode #42

[2020-01-29 12:21:20.343717][__main__.TRPOAgent.log][learning]: Performing rollouts: rollout length: 1500

[2020-01-29 12:21:20.730798][__main__.TRPOAgent.log][learning]: Rollouts performed

[2020-01-29 12:21:20.733564][__main__.TRPOAgent.log][batch_info]: Rollout statistics size: 298, Batch size: 1000, Number of batches: 1

[2020-01-29 12:21:20.734112][__main__.TRPOAgent.log][learning]: 

***************
BEGINNING TRAINING
***************



[2020-01-29 12:21:20.734716][__main__.TRPOAgent.log][batch_info]: Batch #0, batch length: 298

[2020-01-29 12:21:20.949479][__main__.TRPOAgent.log][batch_info]: Current batch value loss: 0.16941148891402197

[2020-01-29 12:21:21.714665][__main__.TRPOAgent.log][learning]: Episode #43

[2020-01-29 12:21:21.715021][__main__.TRPOAgent.log][learning]: Performing rollouts: rollout length: 1500

[2020-01-29 12:21:22.133987][__main__.TRPOAgent.log][learning]: Rollouts performed

[2020-01-29 12:21:22.135862][__main__.TRPOAgent.log][batch_info]: Rollout statistics size: 300, Batch size: 1000, Number of batches: 1

[2020-01-29 12:21:22.136342][__main__.TRPOAgent.log][learning]: 

***************
BEGINNING TRAINING
***************



[2020-01-29 12:21:22.136752][__main__.TRPOAgent.log][batch_info]: Batch #0, batch length: 300

[2020-01-29 12:21:22.405523][__main__.TRPOAgent.log][batch_info]: Current batch value loss: 0.11377184001639061

[2020-01-29 12:21:23.202153][__main__.TRPOAgent.log][learning]: Episode #44

[2020-01-29 12:21:23.202701][__main__.TRPOAgent.log][learning]: Performing rollouts: rollout length: 1500

[2020-01-29 12:21:23.664294][__main__.TRPOAgent.log][learning]: Rollouts performed

[2020-01-29 12:21:23.666787][__main__.TRPOAgent.log][batch_info]: Rollout statistics size: 299, Batch size: 1000, Number of batches: 1

[2020-01-29 12:21:23.667334][__main__.TRPOAgent.log][learning]: 

***************
BEGINNING TRAINING
***************



[2020-01-29 12:21:23.668064][__main__.TRPOAgent.log][batch_info]: Batch #0, batch length: 299

[2020-01-29 12:21:23.953882][__main__.TRPOAgent.log][batch_info]: Current batch value loss: 0.14838170002571457

[2020-01-29 12:21:24.672934][__main__.TRPOAgent.log][learning]: Episode #45

[2020-01-29 12:21:24.673494][__main__.TRPOAgent.log][learning]: Performing rollouts: rollout length: 1500

[2020-01-29 12:21:25.117245][__main__.TRPOAgent.log][learning]: Rollouts performed

[2020-01-29 12:21:25.119074][__main__.TRPOAgent.log][batch_info]: Rollout statistics size: 300, Batch size: 1000, Number of batches: 1

[2020-01-29 12:21:25.119493][__main__.TRPOAgent.log][learning]: 

***************
BEGINNING TRAINING
***************



[2020-01-29 12:21:25.119950][__main__.TRPOAgent.log][batch_info]: Batch #0, batch length: 300

[2020-01-29 12:21:25.379738][__main__.TRPOAgent.log][batch_info]: Current batch value loss: 0.14391086445420267

[2020-01-29 12:21:26.071400][__main__.TRPOAgent.log][learning]: Episode #46

[2020-01-29 12:21:26.071819][__main__.TRPOAgent.log][learning]: Performing rollouts: rollout length: 1500

