LOGGER started at 2020-01-29 15:43:00.010026.
Currently active debug channels:
	act
	batch_info
	linesearch
	learning
[2020-01-29 15:43:00.495259][__main__.TRPOAgent.log][learning]: Episode #0

[2020-01-29 15:43:00.729789][__main__.TRPOAgent.log][learning]: Performing rollouts: rollout length: 1500

[2020-01-29 15:43:01.072443][__main__.TRPOAgent.log][learning]: Rollouts performed

[2020-01-29 15:43:01.073835][__main__.TRPOAgent.log][batch_info]: Rollout statistics size: 297, Batch size: 100, Number of batches: 1

[2020-01-29 15:43:01.074174][__main__.TRPOAgent.log][learning]: 

***************
BEGINNING TRAINING
***************



[2020-01-29 15:43:01.074573][__main__.TRPOAgent.log][batch_info]: Batch #0, batch length: 297

[2020-01-29 15:43:01.687465][__main__.TRPOAgent.log][batch_info]: Current batch value loss: 1.0467145526056594

[2020-01-29 15:43:02.899011][__main__.TRPOAgent.log][learning]: Episode #1

[2020-01-29 15:43:02.901142][__main__.TRPOAgent.log][batch_info]: Rollout statistics size: 297, Batch size: 100, Number of batches: 1

[2020-01-29 15:43:02.901866][__main__.TRPOAgent.log][learning]: 

***************
BEGINNING TRAINING
***************



[2020-01-29 15:43:02.902791][__main__.TRPOAgent.log][batch_info]: Batch #0, batch length: 297

[2020-01-29 15:43:03.085661][__main__.TRPOAgent.log][batch_info]: Current batch value loss: 0.8882185339057302

[2020-01-29 15:43:03.650099][__main__.TRPOAgent.log][learning]: Episode #2

[2020-01-29 15:43:03.650990][__main__.TRPOAgent.log][batch_info]: Rollout statistics size: 297, Batch size: 100, Number of batches: 1

[2020-01-29 15:43:03.651301][__main__.TRPOAgent.log][learning]: 

***************
BEGINNING TRAINING
***************



[2020-01-29 15:43:03.651685][__main__.TRPOAgent.log][batch_info]: Batch #0, batch length: 297

[2020-01-29 15:43:03.806979][__main__.TRPOAgent.log][batch_info]: Current batch value loss: 0.9511052015181872

[2020-01-29 15:43:04.378773][__main__.TRPOAgent.log][learning]: Episode #3

[2020-01-29 15:43:04.379981][__main__.TRPOAgent.log][batch_info]: Rollout statistics size: 297, Batch size: 100, Number of batches: 1

[2020-01-29 15:43:04.380653][__main__.TRPOAgent.log][learning]: 

***************
BEGINNING TRAINING
***************



[2020-01-29 15:43:04.381403][__main__.TRPOAgent.log][batch_info]: Batch #0, batch length: 297

[2020-01-29 15:43:04.550074][__main__.TRPOAgent.log][batch_info]: Current batch value loss: 1.220503111093691

[2020-01-29 15:43:05.108447][__main__.TRPOAgent.log][learning]: Episode #4

[2020-01-29 15:43:05.109554][__main__.TRPOAgent.log][batch_info]: Rollout statistics size: 297, Batch size: 100, Number of batches: 1

[2020-01-29 15:43:05.109902][__main__.TRPOAgent.log][learning]: 

***************
BEGINNING TRAINING
***************



[2020-01-29 15:43:05.110552][__main__.TRPOAgent.log][batch_info]: Batch #0, batch length: 297

[2020-01-29 15:43:05.271854][__main__.TRPOAgent.log][batch_info]: Current batch value loss: 0.847511816801686

[2020-01-29 15:43:05.773432][__main__.TRPOAgent.log][learning]: Episode #5

[2020-01-29 15:43:05.773798][__main__.TRPOAgent.log][learning]: Performing rollouts: rollout length: 1500

[2020-01-29 15:43:06.055402][__main__.TRPOAgent.log][learning]: Rollouts performed

[2020-01-29 15:43:06.057183][__main__.TRPOAgent.log][batch_info]: Rollout statistics size: 283, Batch size: 100, Number of batches: 1

[2020-01-29 15:43:06.057719][__main__.TRPOAgent.log][learning]: 

***************
BEGINNING TRAINING
***************



[2020-01-29 15:43:06.058361][__main__.TRPOAgent.log][batch_info]: Batch #0, batch length: 283

[2020-01-29 15:43:06.213032][__main__.TRPOAgent.log][batch_info]: Current batch value loss: 0.2734665911011956

[2020-01-29 15:43:06.705230][__main__.TRPOAgent.log][learning]: Episode #6

[2020-01-29 15:43:06.706072][__main__.TRPOAgent.log][batch_info]: Rollout statistics size: 283, Batch size: 100, Number of batches: 1

[2020-01-29 15:43:06.706388][__main__.TRPOAgent.log][learning]: 

***************
BEGINNING TRAINING
***************



[2020-01-29 15:43:06.706884][__main__.TRPOAgent.log][batch_info]: Batch #0, batch length: 283

[2020-01-29 15:43:06.862257][__main__.TRPOAgent.log][batch_info]: Current batch value loss: 0.2715414099439655

[2020-01-29 15:43:07.354983][__main__.TRPOAgent.log][learning]: Episode #7

[2020-01-29 15:43:07.356002][__main__.TRPOAgent.log][batch_info]: Rollout statistics size: 283, Batch size: 100, Number of batches: 1

[2020-01-29 15:43:07.356396][__main__.TRPOAgent.log][learning]: 

***************
BEGINNING TRAINING
***************



[2020-01-29 15:43:07.356814][__main__.TRPOAgent.log][batch_info]: Batch #0, batch length: 283

[2020-01-29 15:43:07.504969][__main__.TRPOAgent.log][batch_info]: Current batch value loss: 0.29820300375884107

[2020-01-29 15:43:08.027520][__main__.TRPOAgent.log][learning]: Episode #8

[2020-01-29 15:43:08.028512][__main__.TRPOAgent.log][batch_info]: Rollout statistics size: 283, Batch size: 100, Number of batches: 1

[2020-01-29 15:43:08.028831][__main__.TRPOAgent.log][learning]: 

***************
BEGINNING TRAINING
***************



[2020-01-29 15:43:08.029367][__main__.TRPOAgent.log][batch_info]: Batch #0, batch length: 283

[2020-01-29 15:43:08.177990][__main__.TRPOAgent.log][batch_info]: Current batch value loss: 0.2727523156473603

[2020-01-29 15:43:08.737625][__main__.TRPOAgent.log][learning]: Episode #9

[2020-01-29 15:43:08.738801][__main__.TRPOAgent.log][batch_info]: Rollout statistics size: 283, Batch size: 100, Number of batches: 1

[2020-01-29 15:43:08.739460][__main__.TRPOAgent.log][learning]: 

***************
BEGINNING TRAINING
***************



[2020-01-29 15:43:08.739958][__main__.TRPOAgent.log][batch_info]: Batch #0, batch length: 283

[2020-01-29 15:43:08.892819][__main__.TRPOAgent.log][batch_info]: Current batch value loss: 0.3039376222358012

[2020-01-29 15:43:09.469800][__main__.TRPOAgent.log][learning]: Episode #10

[2020-01-29 15:43:09.470358][__main__.TRPOAgent.log][learning]: Performing rollouts: rollout length: 1500

[2020-01-29 15:43:09.760228][__main__.TRPOAgent.log][learning]: Rollouts performed

[2020-01-29 15:43:09.761644][__main__.TRPOAgent.log][batch_info]: Rollout statistics size: 275, Batch size: 100, Number of batches: 1

[2020-01-29 15:43:09.762059][__main__.TRPOAgent.log][learning]: 

***************
BEGINNING TRAINING
***************



[2020-01-29 15:43:09.762520][__main__.TRPOAgent.log][batch_info]: Batch #0, batch length: 275

[2020-01-29 15:43:09.907491][__main__.TRPOAgent.log][batch_info]: Current batch value loss: 0.11930123997503911

[2020-01-29 15:43:10.408094][__main__.TRPOAgent.log][learning]: Episode #11

[2020-01-29 15:43:10.409090][__main__.TRPOAgent.log][batch_info]: Rollout statistics size: 275, Batch size: 100, Number of batches: 1

[2020-01-29 15:43:10.409466][__main__.TRPOAgent.log][learning]: 

***************
BEGINNING TRAINING
***************



[2020-01-29 15:43:10.409945][__main__.TRPOAgent.log][batch_info]: Batch #0, batch length: 275

[2020-01-29 15:43:10.561653][__main__.TRPOAgent.log][batch_info]: Current batch value loss: 0.12020820029467524

[2020-01-29 15:43:11.060560][__main__.TRPOAgent.log][learning]: Episode #12

[2020-01-29 15:43:11.061345][__main__.TRPOAgent.log][batch_info]: Rollout statistics size: 275, Batch size: 100, Number of batches: 1

[2020-01-29 15:43:11.061660][__main__.TRPOAgent.log][learning]: 

***************
BEGINNING TRAINING
***************



[2020-01-29 15:43:11.062049][__main__.TRPOAgent.log][batch_info]: Batch #0, batch length: 275

[2020-01-29 15:43:11.209355][__main__.TRPOAgent.log][batch_info]: Current batch value loss: 0.10414619574402009

[2020-01-29 15:43:11.722749][__main__.TRPOAgent.log][learning]: Episode #13

[2020-01-29 15:43:11.723728][__main__.TRPOAgent.log][batch_info]: Rollout statistics size: 275, Batch size: 100, Number of batches: 1

[2020-01-29 15:43:11.724119][__main__.TRPOAgent.log][learning]: 

***************
BEGINNING TRAINING
***************



[2020-01-29 15:43:11.724600][__main__.TRPOAgent.log][batch_info]: Batch #0, batch length: 275

[2020-01-29 15:43:11.874395][__main__.TRPOAgent.log][batch_info]: Current batch value loss: 0.08915374263513348

[2020-01-29 15:43:12.469981][__main__.TRPOAgent.log][learning]: Episode #14

[2020-01-29 15:43:12.470872][__main__.TRPOAgent.log][batch_info]: Rollout statistics size: 275, Batch size: 100, Number of batches: 1

[2020-01-29 15:43:12.471218][__main__.TRPOAgent.log][learning]: 

***************
BEGINNING TRAINING
***************



[2020-01-29 15:43:12.471649][__main__.TRPOAgent.log][batch_info]: Batch #0, batch length: 275

[2020-01-29 15:43:12.627290][__main__.TRPOAgent.log][batch_info]: Current batch value loss: 0.09269840401235259

[2020-01-29 15:43:13.143465][__main__.TRPOAgent.log][learning]: Episode #15

[2020-01-29 15:43:13.143813][__main__.TRPOAgent.log][learning]: Performing rollouts: rollout length: 1500

[2020-01-29 15:43:13.418665][__main__.TRPOAgent.log][learning]: Rollouts performed

[2020-01-29 15:43:13.420075][__main__.TRPOAgent.log][batch_info]: Rollout statistics size: 270, Batch size: 100, Number of batches: 1

[2020-01-29 15:43:13.420495][__main__.TRPOAgent.log][learning]: 

***************
BEGINNING TRAINING
***************



[2020-01-29 15:43:13.420911][__main__.TRPOAgent.log][batch_info]: Batch #0, batch length: 270

[2020-01-29 15:43:13.576645][__main__.TRPOAgent.log][batch_info]: Current batch value loss: 0.0004937868374213395

[2020-01-29 15:43:14.112634][__main__.TRPOAgent.log][learning]: Episode #16

[2020-01-29 15:43:14.113488][__main__.TRPOAgent.log][batch_info]: Rollout statistics size: 270, Batch size: 100, Number of batches: 1

[2020-01-29 15:43:14.113861][__main__.TRPOAgent.log][learning]: 

***************
BEGINNING TRAINING
***************



[2020-01-29 15:43:14.114337][__main__.TRPOAgent.log][batch_info]: Batch #0, batch length: 270

[2020-01-29 15:43:14.282169][__main__.TRPOAgent.log][batch_info]: Current batch value loss: 2.5519784634680177e-05

[2020-01-29 15:43:14.878908][__main__.TRPOAgent.log][learning]: Episode #17

[2020-01-29 15:43:14.879900][__main__.TRPOAgent.log][batch_info]: Rollout statistics size: 270, Batch size: 100, Number of batches: 1

[2020-01-29 15:43:14.880255][__main__.TRPOAgent.log][learning]: 

***************
BEGINNING TRAINING
***************



[2020-01-29 15:43:14.880896][__main__.TRPOAgent.log][batch_info]: Batch #0, batch length: 270

[2020-01-29 15:43:15.001250][__main__.TRPOAgent.log][batch_info]: Current batch value loss: 1.1381547204394572e-06

[2020-01-29 15:43:17.059177][__main__.TRPOAgent.log][learning]: Episode #18

[2020-01-29 15:43:17.060229][__main__.TRPOAgent.log][batch_info]: Rollout statistics size: 270, Batch size: 100, Number of batches: 1

[2020-01-29 15:43:17.060633][__main__.TRPOAgent.log][learning]: 

***************
BEGINNING TRAINING
***************



[2020-01-29 15:43:17.061344][__main__.TRPOAgent.log][batch_info]: Batch #0, batch length: 270

[2020-01-29 15:43:17.214391][__main__.TRPOAgent.log][batch_info]: Current batch value loss: 2.731361856817564e-07

[2020-01-29 15:43:18.621213][__main__.TRPOAgent.log][learning]: Episode #19

[2020-01-29 15:43:18.622507][__main__.TRPOAgent.log][batch_info]: Rollout statistics size: 270, Batch size: 100, Number of batches: 1

[2020-01-29 15:43:18.623009][__main__.TRPOAgent.log][learning]: 

***************
BEGINNING TRAINING
***************



[2020-01-29 15:43:18.623857][__main__.TRPOAgent.log][batch_info]: Batch #0, batch length: 270

[2020-01-29 15:43:18.778346][__main__.TRPOAgent.log][batch_info]: Current batch value loss: 4.715059373556912e-08

[2020-01-29 15:43:19.874919][__main__.TRPOAgent.log][learning]: Episode #20

[2020-01-29 15:43:19.875333][__main__.TRPOAgent.log][learning]: Performing rollouts: rollout length: 1500

[2020-01-29 15:43:21.026498][__main__.TRPOAgent.log][learning]: Rollouts performed

[2020-01-29 15:43:21.028938][__main__.TRPOAgent.log][batch_info]: Rollout statistics size: 1410, Batch size: 100, Number of batches: 1

[2020-01-29 15:43:21.029297][__main__.TRPOAgent.log][learning]: 

***************
BEGINNING TRAINING
***************



[2020-01-29 15:43:21.029968][__main__.TRPOAgent.log][batch_info]: Batch #0, batch length: 1410

[2020-01-29 15:43:21.386930][__main__.TRPOAgent.log][batch_info]: Current batch value loss: 0.04978383333289141

[2020-01-29 15:43:22.919866][__main__.TRPOAgent.log][learning]: Episode #21

[2020-01-29 15:43:22.922363][__main__.TRPOAgent.log][batch_info]: Rollout statistics size: 1410, Batch size: 100, Number of batches: 1

[2020-01-29 15:43:22.922923][__main__.TRPOAgent.log][learning]: 

***************
BEGINNING TRAINING
***************



[2020-01-29 15:43:22.924106][__main__.TRPOAgent.log][batch_info]: Batch #0, batch length: 1410

[2020-01-29 15:43:23.242786][__main__.TRPOAgent.log][batch_info]: Current batch value loss: 0.020407715011138684

[2020-01-29 15:43:24.070063][__main__.TRPOAgent.log][learning]: Episode #22

[2020-01-29 15:43:24.073750][__main__.TRPOAgent.log][batch_info]: Rollout statistics size: 1410, Batch size: 100, Number of batches: 1

[2020-01-29 15:43:24.074420][__main__.TRPOAgent.log][learning]: 

***************
BEGINNING TRAINING
***************



[2020-01-29 15:43:24.075947][__main__.TRPOAgent.log][batch_info]: Batch #0, batch length: 1410

[2020-01-29 15:43:24.381992][__main__.TRPOAgent.log][batch_info]: Current batch value loss: 0.003469212205777727

[2020-01-29 15:43:25.049324][__main__.TRPOAgent.log][learning]: Episode #23

[2020-01-29 15:43:25.052916][__main__.TRPOAgent.log][batch_info]: Rollout statistics size: 1410, Batch size: 100, Number of batches: 1

[2020-01-29 15:43:25.053583][__main__.TRPOAgent.log][learning]: 

***************
BEGINNING TRAINING
***************



[2020-01-29 15:43:25.055176][__main__.TRPOAgent.log][batch_info]: Batch #0, batch length: 1410

[2020-01-29 15:43:25.396744][__main__.TRPOAgent.log][batch_info]: Current batch value loss: 0.0035828113133944666

[2020-01-29 15:43:26.099420][__main__.TRPOAgent.log][learning]: Episode #24

[2020-01-29 15:43:26.101981][__main__.TRPOAgent.log][batch_info]: Rollout statistics size: 1410, Batch size: 100, Number of batches: 1

[2020-01-29 15:43:26.102617][__main__.TRPOAgent.log][learning]: 

***************
BEGINNING TRAINING
***************



[2020-01-29 15:43:26.103944][__main__.TRPOAgent.log][batch_info]: Batch #0, batch length: 1410

[2020-01-29 15:43:26.449945][__main__.TRPOAgent.log][batch_info]: Current batch value loss: 0.0031079425997273835

[2020-01-29 15:43:27.122058][__main__.TRPOAgent.log][learning]: Episode #25

[2020-01-29 15:43:27.122848][__main__.TRPOAgent.log][learning]: Performing rollouts: rollout length: 1500

[2020-01-29 15:43:27.633239][__main__.TRPOAgent.log][learning]: Rollouts performed

[2020-01-29 15:43:27.635532][__main__.TRPOAgent.log][batch_info]: Rollout statistics size: 510, Batch size: 100, Number of batches: 1

[2020-01-29 15:43:27.636101][__main__.TRPOAgent.log][learning]: 

***************
BEGINNING TRAINING
***************



[2020-01-29 15:43:27.636947][__main__.TRPOAgent.log][batch_info]: Batch #0, batch length: 510

[2020-01-29 15:43:27.839217][__main__.TRPOAgent.log][batch_info]: Current batch value loss: 20.284706098809963

[2020-01-29 15:43:28.564793][__main__.TRPOAgent.log][learning]: Episode #26

[2020-01-29 15:43:28.566207][__main__.TRPOAgent.log][batch_info]: Rollout statistics size: 510, Batch size: 100, Number of batches: 1

[2020-01-29 15:43:28.566655][__main__.TRPOAgent.log][learning]: 

***************
BEGINNING TRAINING
***************



[2020-01-29 15:43:28.567277][__main__.TRPOAgent.log][batch_info]: Batch #0, batch length: 510

[2020-01-29 15:43:28.761005][__main__.TRPOAgent.log][batch_info]: Current batch value loss: 20.305674500238407

[2020-01-29 15:43:29.359642][__main__.TRPOAgent.log][learning]: Episode #27

[2020-01-29 15:43:29.361148][__main__.TRPOAgent.log][batch_info]: Rollout statistics size: 510, Batch size: 100, Number of batches: 1

[2020-01-29 15:43:29.361688][__main__.TRPOAgent.log][learning]: 

***************
BEGINNING TRAINING
***************



[2020-01-29 15:43:29.362392][__main__.TRPOAgent.log][batch_info]: Batch #0, batch length: 510

[2020-01-29 15:43:29.563299][__main__.TRPOAgent.log][batch_info]: Current batch value loss: 20.28367956657346

[2020-01-29 15:43:30.251339][__main__.TRPOAgent.log][learning]: Episode #28

[2020-01-29 15:43:30.253384][__main__.TRPOAgent.log][batch_info]: Rollout statistics size: 510, Batch size: 100, Number of batches: 1

[2020-01-29 15:43:30.254342][__main__.TRPOAgent.log][learning]: 

***************
BEGINNING TRAINING
***************



[2020-01-29 15:43:30.255474][__main__.TRPOAgent.log][batch_info]: Batch #0, batch length: 510

[2020-01-29 15:43:30.455469][__main__.TRPOAgent.log][batch_info]: Current batch value loss: 20.288758178420053

[2020-01-29 15:43:31.143117][__main__.TRPOAgent.log][learning]: Episode #29

[2020-01-29 15:43:31.144385][__main__.TRPOAgent.log][batch_info]: Rollout statistics size: 510, Batch size: 100, Number of batches: 1

[2020-01-29 15:43:31.144784][__main__.TRPOAgent.log][learning]: 

***************
BEGINNING TRAINING
***************



[2020-01-29 15:43:31.145356][__main__.TRPOAgent.log][batch_info]: Batch #0, batch length: 510

[2020-01-29 15:43:31.334285][__main__.TRPOAgent.log][batch_info]: Current batch value loss: 20.27485780393449

[2020-01-29 15:43:32.001771][__main__.TRPOAgent.log][learning]: Episode #30

[2020-01-29 15:43:32.002335][__main__.TRPOAgent.log][learning]: Performing rollouts: rollout length: 1500

[2020-01-29 15:43:32.429503][__main__.TRPOAgent.log][learning]: Rollouts performed

[2020-01-29 15:43:32.431014][__main__.TRPOAgent.log][batch_info]: Rollout statistics size: 510, Batch size: 100, Number of batches: 1

[2020-01-29 15:43:32.431518][__main__.TRPOAgent.log][learning]: 

***************
BEGINNING TRAINING
***************



[2020-01-29 15:43:32.431947][__main__.TRPOAgent.log][batch_info]: Batch #0, batch length: 510

[2020-01-29 15:43:32.625151][__main__.TRPOAgent.log][batch_info]: Current batch value loss: 20.278968914161783

[2020-01-29 15:43:33.318190][__main__.TRPOAgent.log][learning]: Episode #31

[2020-01-29 15:43:33.319975][__main__.TRPOAgent.log][batch_info]: Rollout statistics size: 510, Batch size: 100, Number of batches: 1

[2020-01-29 15:43:33.320671][__main__.TRPOAgent.log][learning]: 

***************
BEGINNING TRAINING
***************



[2020-01-29 15:43:33.321495][__main__.TRPOAgent.log][batch_info]: Batch #0, batch length: 510

[2020-01-29 15:43:33.516226][__main__.TRPOAgent.log][batch_info]: Current batch value loss: 20.275740842579626

[2020-01-29 15:43:34.228255][__main__.TRPOAgent.log][learning]: Episode #32

[2020-01-29 15:43:34.229917][__main__.TRPOAgent.log][batch_info]: Rollout statistics size: 510, Batch size: 100, Number of batches: 1

[2020-01-29 15:43:34.230406][__main__.TRPOAgent.log][learning]: 

***************
BEGINNING TRAINING
***************



[2020-01-29 15:43:34.231124][__main__.TRPOAgent.log][batch_info]: Batch #0, batch length: 510

[2020-01-29 15:43:34.417633][__main__.TRPOAgent.log][batch_info]: Current batch value loss: 20.303297483789287

[2020-01-29 15:43:35.066942][__main__.TRPOAgent.log][learning]: Episode #33

[2020-01-29 15:43:35.068165][__main__.TRPOAgent.log][batch_info]: Rollout statistics size: 510, Batch size: 100, Number of batches: 1

[2020-01-29 15:43:35.068603][__main__.TRPOAgent.log][learning]: 

***************
BEGINNING TRAINING
***************



[2020-01-29 15:43:35.069206][__main__.TRPOAgent.log][batch_info]: Batch #0, batch length: 510

[2020-01-29 15:43:35.264127][__main__.TRPOAgent.log][batch_info]: Current batch value loss: 20.293650209190087

[2020-01-29 15:43:35.934128][__main__.TRPOAgent.log][learning]: Episode #34

[2020-01-29 15:43:35.935716][__main__.TRPOAgent.log][batch_info]: Rollout statistics size: 510, Batch size: 100, Number of batches: 1

[2020-01-29 15:43:35.936229][__main__.TRPOAgent.log][learning]: 

***************
BEGINNING TRAINING
***************



[2020-01-29 15:43:35.937011][__main__.TRPOAgent.log][batch_info]: Batch #0, batch length: 510

[2020-01-29 15:43:36.136952][__main__.TRPOAgent.log][batch_info]: Current batch value loss: 20.29825512202475

[2020-01-29 15:43:36.823212][__main__.TRPOAgent.log][learning]: Episode #35

[2020-01-29 15:43:36.823767][__main__.TRPOAgent.log][learning]: Performing rollouts: rollout length: 1500

[2020-01-29 15:43:37.280487][__main__.TRPOAgent.log][learning]: Rollouts performed

[2020-01-29 15:43:37.282303][__main__.TRPOAgent.log][batch_info]: Rollout statistics size: 510, Batch size: 100, Number of batches: 1

[2020-01-29 15:43:37.282673][__main__.TRPOAgent.log][learning]: 

***************
BEGINNING TRAINING
***************



[2020-01-29 15:43:37.283072][__main__.TRPOAgent.log][batch_info]: Batch #0, batch length: 510

[2020-01-29 15:43:37.463944][__main__.TRPOAgent.log][batch_info]: Current batch value loss: 20.352248460071234

[2020-01-29 15:43:38.111965][__main__.TRPOAgent.log][learning]: Episode #36

[2020-01-29 15:43:38.113182][__main__.TRPOAgent.log][batch_info]: Rollout statistics size: 510, Batch size: 100, Number of batches: 1

[2020-01-29 15:43:38.113558][__main__.TRPOAgent.log][learning]: 

***************
BEGINNING TRAINING
***************



[2020-01-29 15:43:38.114081][__main__.TRPOAgent.log][batch_info]: Batch #0, batch length: 510

[2020-01-29 15:43:38.310271][__main__.TRPOAgent.log][batch_info]: Current batch value loss: 20.278146139362498

[2020-01-29 15:43:38.961392][__main__.TRPOAgent.log][learning]: Episode #37

[2020-01-29 15:43:38.962860][__main__.TRPOAgent.log][batch_info]: Rollout statistics size: 510, Batch size: 100, Number of batches: 1

[2020-01-29 15:43:38.963346][__main__.TRPOAgent.log][learning]: 

***************
BEGINNING TRAINING
***************



[2020-01-29 15:43:38.964158][__main__.TRPOAgent.log][batch_info]: Batch #0, batch length: 510

[2020-01-29 15:43:39.149067][__main__.TRPOAgent.log][batch_info]: Current batch value loss: 20.272034222440904

[2020-01-29 15:43:39.823907][__main__.TRPOAgent.log][learning]: Episode #38

[2020-01-29 15:43:39.825951][__main__.TRPOAgent.log][batch_info]: Rollout statistics size: 510, Batch size: 100, Number of batches: 1

[2020-01-29 15:43:39.826882][__main__.TRPOAgent.log][learning]: 

***************
BEGINNING TRAINING
***************



[2020-01-29 15:43:39.828252][__main__.TRPOAgent.log][batch_info]: Batch #0, batch length: 510

[2020-01-29 15:43:40.029169][__main__.TRPOAgent.log][batch_info]: Current batch value loss: 20.290669093839938

[2020-01-29 15:43:40.715263][__main__.TRPOAgent.log][learning]: Episode #39

[2020-01-29 15:43:40.716666][__main__.TRPOAgent.log][batch_info]: Rollout statistics size: 510, Batch size: 100, Number of batches: 1

[2020-01-29 15:43:40.717168][__main__.TRPOAgent.log][learning]: 

***************
BEGINNING TRAINING
***************



[2020-01-29 15:43:40.717911][__main__.TRPOAgent.log][batch_info]: Batch #0, batch length: 510

[2020-01-29 15:43:40.905788][__main__.TRPOAgent.log][batch_info]: Current batch value loss: 20.29699987406824

[2020-01-29 15:43:41.536486][__main__.TRPOAgent.log][learning]: Episode #40

[2020-01-29 15:43:41.536952][__main__.TRPOAgent.log][learning]: Performing rollouts: rollout length: 1500

[2020-01-29 15:43:42.016821][__main__.TRPOAgent.log][learning]: Rollouts performed

[2020-01-29 15:43:42.018395][__main__.TRPOAgent.log][batch_info]: Rollout statistics size: 510, Batch size: 100, Number of batches: 1

[2020-01-29 15:43:42.018858][__main__.TRPOAgent.log][learning]: 

***************
BEGINNING TRAINING
***************



[2020-01-29 15:43:42.019645][__main__.TRPOAgent.log][batch_info]: Batch #0, batch length: 510

[2020-01-29 15:43:42.206162][__main__.TRPOAgent.log][batch_info]: Current batch value loss: 20.27907443868599

[2020-01-29 15:43:42.953158][__main__.TRPOAgent.log][learning]: Episode #41

[2020-01-29 15:43:42.954617][__main__.TRPOAgent.log][batch_info]: Rollout statistics size: 510, Batch size: 100, Number of batches: 1

[2020-01-29 15:43:42.955019][__main__.TRPOAgent.log][learning]: 

***************
BEGINNING TRAINING
***************



[2020-01-29 15:43:42.955641][__main__.TRPOAgent.log][batch_info]: Batch #0, batch length: 510

[2020-01-29 15:43:43.158424][__main__.TRPOAgent.log][batch_info]: Current batch value loss: 20.291725175939135

[2020-01-29 15:43:43.887617][__main__.TRPOAgent.log][learning]: Episode #42

[2020-01-29 15:43:43.889239][__main__.TRPOAgent.log][batch_info]: Rollout statistics size: 510, Batch size: 100, Number of batches: 1

[2020-01-29 15:43:43.889845][__main__.TRPOAgent.log][learning]: 

***************
BEGINNING TRAINING
***************



[2020-01-29 15:43:43.890743][__main__.TRPOAgent.log][batch_info]: Batch #0, batch length: 510

[2020-01-29 15:43:44.080136][__main__.TRPOAgent.log][batch_info]: Current batch value loss: 20.292497782448226

[2020-01-29 15:43:44.781576][__main__.TRPOAgent.log][learning]: Episode #43

[2020-01-29 15:43:44.783328][__main__.TRPOAgent.log][batch_info]: Rollout statistics size: 510, Batch size: 100, Number of batches: 1

[2020-01-29 15:43:44.783932][__main__.TRPOAgent.log][learning]: 

***************
BEGINNING TRAINING
***************



[2020-01-29 15:43:44.784818][__main__.TRPOAgent.log][batch_info]: Batch #0, batch length: 510

[2020-01-29 15:43:44.985997][__main__.TRPOAgent.log][batch_info]: Current batch value loss: 20.30529010344808

[2020-01-29 15:43:45.720115][__main__.TRPOAgent.log][learning]: Episode #44

[2020-01-29 15:43:45.721920][__main__.TRPOAgent.log][batch_info]: Rollout statistics size: 510, Batch size: 100, Number of batches: 1

[2020-01-29 15:43:45.722559][__main__.TRPOAgent.log][learning]: 

***************
BEGINNING TRAINING
***************



[2020-01-29 15:43:45.723437][__main__.TRPOAgent.log][batch_info]: Batch #0, batch length: 510

[2020-01-29 15:43:45.915630][__main__.TRPOAgent.log][batch_info]: Current batch value loss: 20.288112711111726

[2020-01-29 15:43:46.535412][__main__.TRPOAgent.log][learning]: Episode #45

[2020-01-29 15:43:46.535901][__main__.TRPOAgent.log][learning]: Performing rollouts: rollout length: 1500

[2020-01-29 15:43:46.993653][__main__.TRPOAgent.log][learning]: Rollouts performed

[2020-01-29 15:43:46.995759][__main__.TRPOAgent.log][batch_info]: Rollout statistics size: 510, Batch size: 100, Number of batches: 1

[2020-01-29 15:43:46.996148][__main__.TRPOAgent.log][learning]: 

***************
BEGINNING TRAINING
***************



[2020-01-29 15:43:46.996659][__main__.TRPOAgent.log][batch_info]: Batch #0, batch length: 510

[2020-01-29 15:43:47.194325][__main__.TRPOAgent.log][batch_info]: Current batch value loss: 20.28994777400558

[2020-01-29 15:43:47.907298][__main__.TRPOAgent.log][learning]: Episode #46

[2020-01-29 15:43:47.909435][__main__.TRPOAgent.log][batch_info]: Rollout statistics size: 510, Batch size: 100, Number of batches: 1

[2020-01-29 15:43:47.909977][__main__.TRPOAgent.log][learning]: 

***************
BEGINNING TRAINING
***************



[2020-01-29 15:43:47.910641][__main__.TRPOAgent.log][batch_info]: Batch #0, batch length: 510

[2020-01-29 15:43:48.105017][__main__.TRPOAgent.log][batch_info]: Current batch value loss: 20.322010824525176

[2020-01-29 15:43:48.773433][__main__.TRPOAgent.log][learning]: Episode #47

[2020-01-29 15:43:48.775044][__main__.TRPOAgent.log][batch_info]: Rollout statistics size: 510, Batch size: 100, Number of batches: 1

[2020-01-29 15:43:48.775766][__main__.TRPOAgent.log][learning]: 

***************
BEGINNING TRAINING
***************



[2020-01-29 15:43:48.776523][__main__.TRPOAgent.log][batch_info]: Batch #0, batch length: 510

[2020-01-29 15:43:48.974163][__main__.TRPOAgent.log][batch_info]: Current batch value loss: 20.27271751151055

[2020-01-29 15:43:49.638629][__main__.TRPOAgent.log][learning]: Episode #48

[2020-01-29 15:43:49.640112][__main__.TRPOAgent.log][batch_info]: Rollout statistics size: 510, Batch size: 100, Number of batches: 1

[2020-01-29 15:43:49.640644][__main__.TRPOAgent.log][learning]: 

***************
BEGINNING TRAINING
***************



[2020-01-29 15:43:49.641563][__main__.TRPOAgent.log][batch_info]: Batch #0, batch length: 510

[2020-01-29 15:43:49.840166][__main__.TRPOAgent.log][batch_info]: Current batch value loss: 20.290283718815758

[2020-01-29 15:43:50.510605][__main__.TRPOAgent.log][learning]: Episode #49

[2020-01-29 15:43:50.512245][__main__.TRPOAgent.log][batch_info]: Rollout statistics size: 510, Batch size: 100, Number of batches: 1

[2020-01-29 15:43:50.512861][__main__.TRPOAgent.log][learning]: 

***************
BEGINNING TRAINING
***************



[2020-01-29 15:43:50.513502][__main__.TRPOAgent.log][batch_info]: Batch #0, batch length: 510

[2020-01-29 15:43:50.701293][__main__.TRPOAgent.log][batch_info]: Current batch value loss: 20.30033740810236

[2020-01-29 15:43:51.502346][__main__.TRPOAgent.log][learning]: Episode #50

[2020-01-29 15:43:51.502830][__main__.TRPOAgent.log][learning]: Performing rollouts: rollout length: 1500

[2020-01-29 15:43:51.947594][__main__.TRPOAgent.log][learning]: Rollouts performed

[2020-01-29 15:43:51.949379][__main__.TRPOAgent.log][batch_info]: Rollout statistics size: 510, Batch size: 100, Number of batches: 1

[2020-01-29 15:43:51.949718][__main__.TRPOAgent.log][learning]: 

***************
BEGINNING TRAINING
***************



[2020-01-29 15:43:51.950120][__main__.TRPOAgent.log][batch_info]: Batch #0, batch length: 510

[2020-01-29 15:43:52.146626][__main__.TRPOAgent.log][batch_info]: Current batch value loss: 20.389314481871676

[2020-01-29 15:43:52.923243][__main__.TRPOAgent.log][learning]: Episode #51

[2020-01-29 15:43:52.925136][__main__.TRPOAgent.log][batch_info]: Rollout statistics size: 510, Batch size: 100, Number of batches: 1

[2020-01-29 15:43:52.925921][__main__.TRPOAgent.log][learning]: 

***************
BEGINNING TRAINING
***************



[2020-01-29 15:43:52.927214][__main__.TRPOAgent.log][batch_info]: Batch #0, batch length: 510

[2020-01-29 15:43:53.128017][__main__.TRPOAgent.log][batch_info]: Current batch value loss: 20.302224668480317

[2020-01-29 15:43:53.838649][__main__.TRPOAgent.log][learning]: Episode #52

[2020-01-29 15:43:53.840037][__main__.TRPOAgent.log][batch_info]: Rollout statistics size: 510, Batch size: 100, Number of batches: 1

[2020-01-29 15:43:53.840476][__main__.TRPOAgent.log][learning]: 

***************
BEGINNING TRAINING
***************



[2020-01-29 15:43:53.841085][__main__.TRPOAgent.log][batch_info]: Batch #0, batch length: 510

[2020-01-29 15:43:54.024862][__main__.TRPOAgent.log][batch_info]: Current batch value loss: 20.294669091685073

[2020-01-29 15:43:54.637445][__main__.TRPOAgent.log][learning]: Episode #53

[2020-01-29 15:43:54.638611][__main__.TRPOAgent.log][batch_info]: Rollout statistics size: 510, Batch size: 100, Number of batches: 1

[2020-01-29 15:43:54.638991][__main__.TRPOAgent.log][learning]: 

***************
BEGINNING TRAINING
***************



[2020-01-29 15:43:54.639529][__main__.TRPOAgent.log][batch_info]: Batch #0, batch length: 510

[2020-01-29 15:43:54.828120][__main__.TRPOAgent.log][batch_info]: Current batch value loss: 20.282616716535653

[2020-01-29 15:43:55.676702][__main__.TRPOAgent.log][learning]: Episode #54

[2020-01-29 15:43:55.678211][__main__.TRPOAgent.log][batch_info]: Rollout statistics size: 510, Batch size: 100, Number of batches: 1

[2020-01-29 15:43:55.678709][__main__.TRPOAgent.log][learning]: 

***************
BEGINNING TRAINING
***************



[2020-01-29 15:43:55.679377][__main__.TRPOAgent.log][batch_info]: Batch #0, batch length: 510

[2020-01-29 15:43:55.872926][__main__.TRPOAgent.log][batch_info]: Current batch value loss: 20.289182377362387

[2020-01-29 15:43:56.739350][__main__.TRPOAgent.log][learning]: Episode #55

[2020-01-29 15:43:56.739875][__main__.TRPOAgent.log][learning]: Performing rollouts: rollout length: 1500

[2020-01-29 15:43:57.234258][__main__.TRPOAgent.log][learning]: Rollouts performed

[2020-01-29 15:43:57.235825][__main__.TRPOAgent.log][batch_info]: Rollout statistics size: 510, Batch size: 100, Number of batches: 1

[2020-01-29 15:43:57.236213][__main__.TRPOAgent.log][learning]: 

***************
BEGINNING TRAINING
***************



[2020-01-29 15:43:57.236709][__main__.TRPOAgent.log][batch_info]: Batch #0, batch length: 510

[2020-01-29 15:43:57.424027][__main__.TRPOAgent.log][batch_info]: Current batch value loss: 20.29794930534966

[2020-01-29 15:43:58.167424][__main__.TRPOAgent.log][learning]: Episode #56

[2020-01-29 15:43:58.168855][__main__.TRPOAgent.log][batch_info]: Rollout statistics size: 510, Batch size: 100, Number of batches: 1

[2020-01-29 15:43:58.169326][__main__.TRPOAgent.log][learning]: 

***************
BEGINNING TRAINING
***************



[2020-01-29 15:43:58.169954][__main__.TRPOAgent.log][batch_info]: Batch #0, batch length: 510

[2020-01-29 15:43:58.357634][__main__.TRPOAgent.log][batch_info]: Current batch value loss: 20.28737043226245

[2020-01-29 15:43:59.095634][__main__.TRPOAgent.log][learning]: Episode #57

[2020-01-29 15:43:59.097684][__main__.TRPOAgent.log][batch_info]: Rollout statistics size: 510, Batch size: 100, Number of batches: 1

[2020-01-29 15:43:59.098476][__main__.TRPOAgent.log][learning]: 

***************
BEGINNING TRAINING
***************



[2020-01-29 15:43:59.099590][__main__.TRPOAgent.log][batch_info]: Batch #0, batch length: 510

[2020-01-29 15:43:59.291627][__main__.TRPOAgent.log][batch_info]: Current batch value loss: 20.298433155077053

[2020-01-29 15:44:00.000754][__main__.TRPOAgent.log][learning]: Episode #58

[2020-01-29 15:44:00.002882][__main__.TRPOAgent.log][batch_info]: Rollout statistics size: 510, Batch size: 100, Number of batches: 1

[2020-01-29 15:44:00.003575][__main__.TRPOAgent.log][learning]: 

***************
BEGINNING TRAINING
***************



[2020-01-29 15:44:00.004513][__main__.TRPOAgent.log][batch_info]: Batch #0, batch length: 510

[2020-01-29 15:44:00.201969][__main__.TRPOAgent.log][batch_info]: Current batch value loss: 20.281574873264205

[2020-01-29 15:44:00.865420][__main__.TRPOAgent.log][learning]: Episode #59

[2020-01-29 15:44:00.867086][__main__.TRPOAgent.log][batch_info]: Rollout statistics size: 510, Batch size: 100, Number of batches: 1

[2020-01-29 15:44:00.867578][__main__.TRPOAgent.log][learning]: 

***************
BEGINNING TRAINING
***************



[2020-01-29 15:44:00.868403][__main__.TRPOAgent.log][batch_info]: Batch #0, batch length: 510

[2020-01-29 15:44:01.144608][__main__.TRPOAgent.log][batch_info]: Current batch value loss: 20.267082291278147

[2020-01-29 15:44:01.935357][__main__.TRPOAgent.log][learning]: Episode #60

[2020-01-29 15:44:01.935845][__main__.TRPOAgent.log][learning]: Performing rollouts: rollout length: 1500

[2020-01-29 15:44:02.426333][__main__.TRPOAgent.log][learning]: Rollouts performed

[2020-01-29 15:44:02.427975][__main__.TRPOAgent.log][batch_info]: Rollout statistics size: 510, Batch size: 100, Number of batches: 1

[2020-01-29 15:44:02.428481][__main__.TRPOAgent.log][learning]: 

***************
BEGINNING TRAINING
***************



[2020-01-29 15:44:02.429282][__main__.TRPOAgent.log][batch_info]: Batch #0, batch length: 510

[2020-01-29 15:44:02.625254][__main__.TRPOAgent.log][batch_info]: Current batch value loss: 20.29708314078088

[2020-01-29 15:44:03.258531][__main__.TRPOAgent.log][learning]: Episode #61

[2020-01-29 15:44:03.259537][__main__.TRPOAgent.log][batch_info]: Rollout statistics size: 510, Batch size: 100, Number of batches: 1

[2020-01-29 15:44:03.259869][__main__.TRPOAgent.log][learning]: 

***************
BEGINNING TRAINING
***************



[2020-01-29 15:44:03.260366][__main__.TRPOAgent.log][batch_info]: Batch #0, batch length: 510

[2020-01-29 15:44:03.447954][__main__.TRPOAgent.log][batch_info]: Current batch value loss: 20.285106841054763

[2020-01-29 15:44:04.274596][__main__.TRPOAgent.log][learning]: Episode #62

[2020-01-29 15:44:04.275920][__main__.TRPOAgent.log][batch_info]: Rollout statistics size: 510, Batch size: 100, Number of batches: 1

[2020-01-29 15:44:04.276360][__main__.TRPOAgent.log][learning]: 

***************
BEGINNING TRAINING
***************



[2020-01-29 15:44:04.277168][__main__.TRPOAgent.log][batch_info]: Batch #0, batch length: 510

[2020-01-29 15:44:04.464209][__main__.TRPOAgent.log][batch_info]: Current batch value loss: 20.291810119318363

[2020-01-29 15:44:05.206566][__main__.TRPOAgent.log][learning]: Episode #63

[2020-01-29 15:44:05.208062][__main__.TRPOAgent.log][batch_info]: Rollout statistics size: 510, Batch size: 100, Number of batches: 1

[2020-01-29 15:44:05.208572][__main__.TRPOAgent.log][learning]: 

***************
BEGINNING TRAINING
***************



[2020-01-29 15:44:05.209358][__main__.TRPOAgent.log][batch_info]: Batch #0, batch length: 510

[2020-01-29 15:44:05.396928][__main__.TRPOAgent.log][batch_info]: Current batch value loss: 20.289392709065066

[2020-01-29 15:44:06.104131][__main__.TRPOAgent.log][learning]: Episode #64

[2020-01-29 15:44:06.105819][__main__.TRPOAgent.log][batch_info]: Rollout statistics size: 510, Batch size: 100, Number of batches: 1

[2020-01-29 15:44:06.106289][__main__.TRPOAgent.log][learning]: 

***************
BEGINNING TRAINING
***************



[2020-01-29 15:44:06.107108][__main__.TRPOAgent.log][batch_info]: Batch #0, batch length: 510

[2020-01-29 15:44:06.303807][__main__.TRPOAgent.log][batch_info]: Current batch value loss: 20.297364329169653

[2020-01-29 15:44:07.025573][__main__.TRPOAgent.log][learning]: Episode #65

[2020-01-29 15:44:07.025992][__main__.TRPOAgent.log][learning]: Performing rollouts: rollout length: 1500

[2020-01-29 15:44:07.488717][__main__.TRPOAgent.log][learning]: Rollouts performed

[2020-01-29 15:44:07.490413][__main__.TRPOAgent.log][batch_info]: Rollout statistics size: 510, Batch size: 100, Number of batches: 1

[2020-01-29 15:44:07.490749][__main__.TRPOAgent.log][learning]: 

***************
BEGINNING TRAINING
***************



[2020-01-29 15:44:07.491237][__main__.TRPOAgent.log][batch_info]: Batch #0, batch length: 510

[2020-01-29 15:44:07.676693][__main__.TRPOAgent.log][batch_info]: Current batch value loss: 20.312683676893585

[2020-01-29 15:44:08.493547][__main__.TRPOAgent.log][learning]: Episode #66

[2020-01-29 15:44:08.495049][__main__.TRPOAgent.log][batch_info]: Rollout statistics size: 510, Batch size: 100, Number of batches: 1

[2020-01-29 15:44:08.495554][__main__.TRPOAgent.log][learning]: 

***************
BEGINNING TRAINING
***************



[2020-01-29 15:44:08.496507][__main__.TRPOAgent.log][batch_info]: Batch #0, batch length: 510

[2020-01-29 15:44:08.686125][__main__.TRPOAgent.log][batch_info]: Current batch value loss: 20.33755015952671

[2020-01-29 15:44:09.557866][__main__.TRPOAgent.log][learning]: Episode #67

[2020-01-29 15:44:09.559329][__main__.TRPOAgent.log][batch_info]: Rollout statistics size: 510, Batch size: 100, Number of batches: 1

[2020-01-29 15:44:09.559718][__main__.TRPOAgent.log][learning]: 

***************
BEGINNING TRAINING
***************



[2020-01-29 15:44:09.560518][__main__.TRPOAgent.log][batch_info]: Batch #0, batch length: 510

[2020-01-29 15:44:09.747859][__main__.TRPOAgent.log][batch_info]: Current batch value loss: 20.27730490419347

[2020-01-29 15:44:10.625964][__main__.TRPOAgent.log][learning]: Episode #68

[2020-01-29 15:44:10.627280][__main__.TRPOAgent.log][batch_info]: Rollout statistics size: 510, Batch size: 100, Number of batches: 1

[2020-01-29 15:44:10.627699][__main__.TRPOAgent.log][learning]: 

***************
BEGINNING TRAINING
***************



[2020-01-29 15:44:10.628499][__main__.TRPOAgent.log][batch_info]: Batch #0, batch length: 510

[2020-01-29 15:44:10.824148][__main__.TRPOAgent.log][batch_info]: Current batch value loss: 20.28724167493181

[2020-01-29 15:44:11.706097][__main__.TRPOAgent.log][learning]: Episode #69

[2020-01-29 15:44:11.708942][__main__.TRPOAgent.log][batch_info]: Rollout statistics size: 510, Batch size: 100, Number of batches: 1

[2020-01-29 15:44:11.709683][__main__.TRPOAgent.log][learning]: 

***************
BEGINNING TRAINING
***************



[2020-01-29 15:44:11.710841][__main__.TRPOAgent.log][batch_info]: Batch #0, batch length: 510

[2020-01-29 15:44:11.909396][__main__.TRPOAgent.log][batch_info]: Current batch value loss: 20.30464711977824

[2020-01-29 15:44:13.010111][__main__.TRPOAgent.log][learning]: Episode #70

[2020-01-29 15:44:13.010579][__main__.TRPOAgent.log][learning]: Performing rollouts: rollout length: 1500

