LOGGER started at 2020-01-29 20:22:09.154080.
Currently active debug channels:
	act
	batch_info
	linesearch
	learning
[2020-01-29 20:22:09.589875][__main__.TRPOAgent.log][learning]: Episode #0

[2020-01-29 20:22:09.850540][__main__.TRPOAgent.log][learning]: Performing rollouts: rollout length: 1000

[2020-01-29 20:22:10.236326][__main__.TRPOAgent.log][learning]: Rollouts performed

[2020-01-29 20:22:10.236699][__main__.TRPOAgent.log][batch_info]: Rollout statistics size: None, Batch size: 100

[2020-01-29 20:22:10.237169][__main__.TRPOAgent.log][learning]: 

***************
BEGINNING TRAINING
***************



[2020-01-29 20:22:12.111982][__main__.TRPOAgent.log][linesearch]: Linesearch worked at 0, New mean kl div: 0.006145996054068665, New policy loss value: 0.607133428032097

[2020-01-29 20:22:12.112507][__main__.TRPOAgent.log][batch_info]: Current batch value loss: 1.6614294190975754

[2020-01-29 20:22:13.552387][__main__.TRPOAgent.log][learning]: Episode #1

[2020-01-29 20:22:13.553190][__main__.TRPOAgent.log][learning]: Performing rollouts: rollout length: 1000

[2020-01-29 20:22:14.140878][__main__.TRPOAgent.log][learning]: Rollouts performed

[2020-01-29 20:22:14.141277][__main__.TRPOAgent.log][batch_info]: Rollout statistics size: None, Batch size: 100

[2020-01-29 20:22:14.141727][__main__.TRPOAgent.log][learning]: 

***************
BEGINNING TRAINING
***************



[2020-01-29 20:22:15.859015][__main__.TRPOAgent.log][linesearch]: Linesearch worked at 0, New mean kl div: 0.006301687953950621, New policy loss value: 0.6574817595854022

[2020-01-29 20:22:15.859431][__main__.TRPOAgent.log][batch_info]: Current batch value loss: 29.52718268605796

[2020-01-29 20:22:16.988391][__main__.TRPOAgent.log][learning]: Episode #2

[2020-01-29 20:22:16.988748][__main__.TRPOAgent.log][learning]: Performing rollouts: rollout length: 1000

[2020-01-29 20:22:17.677473][__main__.TRPOAgent.log][learning]: Rollouts performed

[2020-01-29 20:22:17.677811][__main__.TRPOAgent.log][batch_info]: Rollout statistics size: None, Batch size: 100

[2020-01-29 20:22:17.678294][__main__.TRPOAgent.log][learning]: 

***************
BEGINNING TRAINING
***************



[2020-01-29 20:22:19.439674][__main__.TRPOAgent.log][linesearch]: Linesearch failed. Mean kl divergence: -1.0918073106642252e-17, Discarded policy loss value: 5.296794718157929e-10

[2020-01-29 20:22:19.440090][__main__.TRPOAgent.log][batch_info]: Current batch value loss: 171.52519039188823

[2020-01-29 20:22:20.449011][__main__.TRPOAgent.log][learning]: Episode #3

[2020-01-29 20:22:20.449570][__main__.TRPOAgent.log][learning]: Performing rollouts: rollout length: 1000

[2020-01-29 20:22:21.144746][__main__.TRPOAgent.log][learning]: Rollouts performed

[2020-01-29 20:22:21.145102][__main__.TRPOAgent.log][batch_info]: Rollout statistics size: None, Batch size: 100

[2020-01-29 20:22:21.145649][__main__.TRPOAgent.log][learning]: 

***************
BEGINNING TRAINING
***************



[2020-01-29 20:22:22.843939][__main__.TRPOAgent.log][linesearch]: Linesearch worked at 0, New mean kl div: 0.0028591510767691135, New policy loss value: 0.8088239434072131

[2020-01-29 20:22:22.844341][__main__.TRPOAgent.log][batch_info]: Current batch value loss: 26.105510026184017

[2020-01-29 20:22:23.486964][__main__.TRPOAgent.log][learning]: Episode #4

[2020-01-29 20:22:23.487329][__main__.TRPOAgent.log][learning]: Performing rollouts: rollout length: 1000

[2020-01-29 20:22:23.898687][__main__.TRPOAgent.log][learning]: Rollouts performed

[2020-01-29 20:22:23.899051][__main__.TRPOAgent.log][batch_info]: Rollout statistics size: None, Batch size: 100

[2020-01-29 20:22:23.899613][__main__.TRPOAgent.log][learning]: 

***************
BEGINNING TRAINING
***************



[2020-01-29 20:22:25.657390][__main__.TRPOAgent.log][linesearch]: Linesearch failed. Mean kl divergence: -2.1294620324773687e-17, Discarded policy loss value: 6.281648354570379e-10

[2020-01-29 20:22:25.657814][__main__.TRPOAgent.log][batch_info]: Current batch value loss: 72.71501866959292

[2020-01-29 20:22:26.199267][__main__.TRPOAgent.log][learning]: Episode #5

[2020-01-29 20:22:26.199629][__main__.TRPOAgent.log][learning]: Performing rollouts: rollout length: 1000

[2020-01-29 20:22:26.586115][__main__.TRPOAgent.log][learning]: Rollouts performed

[2020-01-29 20:22:26.586507][__main__.TRPOAgent.log][batch_info]: Rollout statistics size: None, Batch size: 100

[2020-01-29 20:22:26.586827][__main__.TRPOAgent.log][learning]: 

***************
BEGINNING TRAINING
***************



[2020-01-29 20:22:28.241055][__main__.TRPOAgent.log][linesearch]: Linesearch failed. Mean kl divergence: 2.198534836876631e-18, Discarded policy loss value: 4.797213839608573e-10

[2020-01-29 20:22:28.241437][__main__.TRPOAgent.log][batch_info]: Current batch value loss: 6.478041638981085

[2020-01-29 20:22:29.159514][__main__.TRPOAgent.log][learning]: Episode #6

[2020-01-29 20:22:29.159962][__main__.TRPOAgent.log][learning]: Performing rollouts: rollout length: 1000

[2020-01-29 20:22:29.581700][__main__.TRPOAgent.log][learning]: Rollouts performed

[2020-01-29 20:22:29.582049][__main__.TRPOAgent.log][batch_info]: Rollout statistics size: None, Batch size: 100

[2020-01-29 20:22:29.582505][__main__.TRPOAgent.log][learning]: 

***************
BEGINNING TRAINING
***************



[2020-01-29 20:22:31.266406][__main__.TRPOAgent.log][linesearch]: Linesearch failed. Mean kl divergence: -6.738766779743116e-19, Discarded policy loss value: 6.400108097308661e-10

[2020-01-29 20:22:31.266827][__main__.TRPOAgent.log][batch_info]: Current batch value loss: 6.83698789707639

[2020-01-29 20:22:31.746417][__main__.TRPOAgent.log][learning]: Episode #7

[2020-01-29 20:22:31.746781][__main__.TRPOAgent.log][learning]: Performing rollouts: rollout length: 1000

[2020-01-29 20:22:32.097100][__main__.TRPOAgent.log][learning]: Rollouts performed

[2020-01-29 20:22:32.097451][__main__.TRPOAgent.log][batch_info]: Rollout statistics size: None, Batch size: 100

[2020-01-29 20:22:32.097956][__main__.TRPOAgent.log][learning]: 

***************
BEGINNING TRAINING
***************



[2020-01-29 20:22:33.788782][__main__.TRPOAgent.log][linesearch]: Linesearch failed. Mean kl divergence: 1.811881125410793e-17, Discarded policy loss value: 4.738780406655429e-10

[2020-01-29 20:22:33.789267][__main__.TRPOAgent.log][batch_info]: Current batch value loss: 14.333401946211234

[2020-01-29 20:22:34.282772][__main__.TRPOAgent.log][learning]: Episode #8

[2020-01-29 20:22:34.283188][__main__.TRPOAgent.log][learning]: Performing rollouts: rollout length: 1000

[2020-01-29 20:22:34.699620][__main__.TRPOAgent.log][learning]: Rollouts performed

[2020-01-29 20:22:34.699967][__main__.TRPOAgent.log][batch_info]: Rollout statistics size: None, Batch size: 100

[2020-01-29 20:22:34.700448][__main__.TRPOAgent.log][learning]: 

***************
BEGINNING TRAINING
***************



[2020-01-29 20:22:36.385788][__main__.TRPOAgent.log][linesearch]: Linesearch failed. Mean kl divergence: -6.2891499606023945e-18, Discarded policy loss value: 6.893155769968315e-10

[2020-01-29 20:22:36.386222][__main__.TRPOAgent.log][batch_info]: Current batch value loss: 38.40738176612649

[2020-01-29 20:22:36.916326][__main__.TRPOAgent.log][learning]: Episode #9

[2020-01-29 20:22:36.916682][__main__.TRPOAgent.log][learning]: Performing rollouts: rollout length: 1000

[2020-01-29 20:22:37.293759][__main__.TRPOAgent.log][learning]: Rollouts performed

[2020-01-29 20:22:37.294117][__main__.TRPOAgent.log][batch_info]: Rollout statistics size: None, Batch size: 100

[2020-01-29 20:22:37.294503][__main__.TRPOAgent.log][learning]: 

***************
BEGINNING TRAINING
***************



[2020-01-29 20:22:39.051556][__main__.TRPOAgent.log][linesearch]: Linesearch failed. Mean kl divergence: -6.062002711776928e-18, Discarded policy loss value: 6.175887521505469e-10

[2020-01-29 20:22:39.051971][__main__.TRPOAgent.log][batch_info]: Current batch value loss: 9.110053337706058

[2020-01-29 20:22:39.546507][__main__.TRPOAgent.log][learning]: Episode #10

[2020-01-29 20:22:39.546886][__main__.TRPOAgent.log][learning]: Performing rollouts: rollout length: 1000

[2020-01-29 20:22:39.911150][__main__.TRPOAgent.log][learning]: Rollouts performed

[2020-01-29 20:22:39.911528][__main__.TRPOAgent.log][batch_info]: Rollout statistics size: None, Batch size: 100

[2020-01-29 20:22:39.912066][__main__.TRPOAgent.log][learning]: 

***************
BEGINNING TRAINING
***************



[2020-01-29 20:22:41.586388][__main__.TRPOAgent.log][linesearch]: Linesearch failed. Mean kl divergence: -1.5072690325242396e-17, Discarded policy loss value: 5.489797363395461e-10

[2020-01-29 20:22:41.586815][__main__.TRPOAgent.log][batch_info]: Current batch value loss: 1.750197501294315

[2020-01-29 20:22:42.084345][__main__.TRPOAgent.log][learning]: Episode #11

[2020-01-29 20:22:42.084702][__main__.TRPOAgent.log][learning]: Performing rollouts: rollout length: 1000

[2020-01-29 20:22:42.545537][__main__.TRPOAgent.log][learning]: Rollouts performed

[2020-01-29 20:22:42.545929][__main__.TRPOAgent.log][batch_info]: Rollout statistics size: None, Batch size: 100

[2020-01-29 20:22:42.546452][__main__.TRPOAgent.log][learning]: 

***************
BEGINNING TRAINING
***************



[2020-01-29 20:22:44.192141][__main__.TRPOAgent.log][linesearch]: Linesearch failed. Mean kl divergence: 3.946189330914758e-18, Discarded policy loss value: 4.993753770283384e-10

[2020-01-29 20:22:44.192578][__main__.TRPOAgent.log][batch_info]: Current batch value loss: 1.0935355531301931

[2020-01-29 20:22:44.802368][__main__.TRPOAgent.log][learning]: Episode #12

[2020-01-29 20:22:44.803070][__main__.TRPOAgent.log][learning]: Performing rollouts: rollout length: 1000

[2020-01-29 20:22:45.157067][__main__.TRPOAgent.log][learning]: Rollouts performed

[2020-01-29 20:22:45.157434][__main__.TRPOAgent.log][batch_info]: Rollout statistics size: None, Batch size: 100

[2020-01-29 20:22:45.157834][__main__.TRPOAgent.log][learning]: 

***************
BEGINNING TRAINING
***************



[2020-01-29 20:22:46.802097][__main__.TRPOAgent.log][linesearch]: Linesearch failed. Mean kl divergence: -1.5842427190903218e-19, Discarded policy loss value: 4.05079281413676e-10

[2020-01-29 20:22:46.802515][__main__.TRPOAgent.log][batch_info]: Current batch value loss: 0.5643497582525014

[2020-01-29 20:22:47.393022][__main__.TRPOAgent.log][learning]: Episode #13

[2020-01-29 20:22:47.393391][__main__.TRPOAgent.log][learning]: Performing rollouts: rollout length: 1000

[2020-01-29 20:22:47.783067][__main__.TRPOAgent.log][learning]: Rollouts performed

[2020-01-29 20:22:47.783490][__main__.TRPOAgent.log][batch_info]: Rollout statistics size: None, Batch size: 100

[2020-01-29 20:22:47.783926][__main__.TRPOAgent.log][learning]: 

***************
BEGINNING TRAINING
***************



[2020-01-29 20:22:49.421908][__main__.TRPOAgent.log][linesearch]: Linesearch failed. Mean kl divergence: -6.3533851021724024e-18, Discarded policy loss value: 5.300984611870611e-10

[2020-01-29 20:22:49.422324][__main__.TRPOAgent.log][batch_info]: Current batch value loss: 20.447332797868118

[2020-01-29 20:22:49.987276][__main__.TRPOAgent.log][learning]: Episode #14

[2020-01-29 20:22:49.987626][__main__.TRPOAgent.log][learning]: Performing rollouts: rollout length: 1000

[2020-01-29 20:22:50.398990][__main__.TRPOAgent.log][learning]: Rollouts performed

[2020-01-29 20:22:50.399384][__main__.TRPOAgent.log][batch_info]: Rollout statistics size: None, Batch size: 100

[2020-01-29 20:22:50.399947][__main__.TRPOAgent.log][learning]: 

***************
BEGINNING TRAINING
***************



[2020-01-29 20:22:52.078393][__main__.TRPOAgent.log][linesearch]: Linesearch failed. Mean kl divergence: -1.9819060722334867e-18, Discarded policy loss value: 6.408438096360183e-10

[2020-01-29 20:22:52.078856][__main__.TRPOAgent.log][batch_info]: Current batch value loss: 43.08286850018935

[2020-01-29 20:22:52.739030][__main__.TRPOAgent.log][learning]: Episode #15

[2020-01-29 20:22:52.739618][__main__.TRPOAgent.log][learning]: Performing rollouts: rollout length: 1000

[2020-01-29 20:22:53.120821][__main__.TRPOAgent.log][learning]: Rollouts performed

[2020-01-29 20:22:53.121233][__main__.TRPOAgent.log][batch_info]: Rollout statistics size: None, Batch size: 100

[2020-01-29 20:22:53.121671][__main__.TRPOAgent.log][learning]: 

***************
BEGINNING TRAINING
***************



[2020-01-29 20:22:54.987597][__main__.TRPOAgent.log][linesearch]: Linesearch failed. Mean kl divergence: 2.5850949565894566e-18, Discarded policy loss value: 4.905513157012098e-10

[2020-01-29 20:22:54.988022][__main__.TRPOAgent.log][batch_info]: Current batch value loss: 2.5264463871717453

[2020-01-29 20:22:55.554739][__main__.TRPOAgent.log][learning]: Episode #16

[2020-01-29 20:22:55.555102][__main__.TRPOAgent.log][learning]: Performing rollouts: rollout length: 1000

[2020-01-29 20:22:55.915652][__main__.TRPOAgent.log][learning]: Rollouts performed

[2020-01-29 20:22:55.916074][__main__.TRPOAgent.log][batch_info]: Rollout statistics size: None, Batch size: 100

[2020-01-29 20:22:55.916474][__main__.TRPOAgent.log][learning]: 

***************
BEGINNING TRAINING
***************



[2020-01-29 20:22:57.793213][__main__.TRPOAgent.log][linesearch]: Linesearch failed. Mean kl divergence: -1.5996965375168773e-17, Discarded policy loss value: 5.557116653545002e-10

[2020-01-29 20:22:57.793638][__main__.TRPOAgent.log][batch_info]: Current batch value loss: 0.13058218718506395

[2020-01-29 20:22:58.557445][__main__.TRPOAgent.log][learning]: Episode #17

[2020-01-29 20:22:58.558132][__main__.TRPOAgent.log][learning]: Performing rollouts: rollout length: 1000

[2020-01-29 20:22:58.969009][__main__.TRPOAgent.log][learning]: Rollouts performed

[2020-01-29 20:22:58.969363][__main__.TRPOAgent.log][batch_info]: Rollout statistics size: None, Batch size: 100

[2020-01-29 20:22:58.969814][__main__.TRPOAgent.log][learning]: 

***************
BEGINNING TRAINING
***************



[2020-01-29 20:23:00.686907][__main__.TRPOAgent.log][linesearch]: Linesearch failed. Mean kl divergence: 2.0913871419980876e-17, Discarded policy loss value: 6.125179252854946e-10

[2020-01-29 20:23:00.687339][__main__.TRPOAgent.log][batch_info]: Current batch value loss: 1.271153242593685

[2020-01-29 20:23:01.424930][__main__.TRPOAgent.log][learning]: Episode #18

[2020-01-29 20:23:01.425300][__main__.TRPOAgent.log][learning]: Performing rollouts: rollout length: 1000

[2020-01-29 20:23:01.882543][__main__.TRPOAgent.log][learning]: Rollouts performed

[2020-01-29 20:23:01.883104][__main__.TRPOAgent.log][batch_info]: Rollout statistics size: None, Batch size: 100

[2020-01-29 20:23:01.883642][__main__.TRPOAgent.log][learning]: 

***************
BEGINNING TRAINING
***************



[2020-01-29 20:23:03.692667][__main__.TRPOAgent.log][linesearch]: Linesearch failed. Mean kl divergence: -1.8518448084188634e-17, Discarded policy loss value: 4.453968586303496e-10

[2020-01-29 20:23:03.693109][__main__.TRPOAgent.log][batch_info]: Current batch value loss: 127.70898329506495

[2020-01-29 20:23:04.391093][__main__.TRPOAgent.log][learning]: Episode #19

[2020-01-29 20:23:04.391777][__main__.TRPOAgent.log][learning]: Performing rollouts: rollout length: 1000

[2020-01-29 20:23:04.739775][__main__.TRPOAgent.log][learning]: Rollouts performed

[2020-01-29 20:23:04.740174][__main__.TRPOAgent.log][batch_info]: Rollout statistics size: None, Batch size: 100

[2020-01-29 20:23:04.740543][__main__.TRPOAgent.log][learning]: 

***************
BEGINNING TRAINING
***************



[2020-01-29 20:23:06.416444][__main__.TRPOAgent.log][linesearch]: Linesearch failed. Mean kl divergence: -1.5063757528227616e-17, Discarded policy loss value: 4.0747907271265684e-10

[2020-01-29 20:23:06.416957][__main__.TRPOAgent.log][batch_info]: Current batch value loss: 7.034271079225137

[2020-01-29 20:23:07.044916][__main__.TRPOAgent.log][learning]: Episode #20

[2020-01-29 20:23:07.045277][__main__.TRPOAgent.log][learning]: Performing rollouts: rollout length: 1000

[2020-01-29 20:23:07.456540][__main__.TRPOAgent.log][learning]: Rollouts performed

[2020-01-29 20:23:07.456954][__main__.TRPOAgent.log][batch_info]: Rollout statistics size: None, Batch size: 100

[2020-01-29 20:23:07.457341][__main__.TRPOAgent.log][learning]: 

***************
BEGINNING TRAINING
***************



[2020-01-29 20:23:09.244764][__main__.TRPOAgent.log][linesearch]: Linesearch failed. Mean kl divergence: 3.1559218858577346e-18, Discarded policy loss value: 4.54597150765627e-10

[2020-01-29 20:23:09.245189][__main__.TRPOAgent.log][batch_info]: Current batch value loss: 1.353241904405877

[2020-01-29 20:23:09.802363][__main__.TRPOAgent.log][learning]: Episode #21

[2020-01-29 20:23:09.802807][__main__.TRPOAgent.log][learning]: Performing rollouts: rollout length: 1000

[2020-01-29 20:23:10.147304][__main__.TRPOAgent.log][learning]: Rollouts performed

[2020-01-29 20:23:10.147673][__main__.TRPOAgent.log][batch_info]: Rollout statistics size: None, Batch size: 100

[2020-01-29 20:23:10.148270][__main__.TRPOAgent.log][learning]: 

***************
BEGINNING TRAINING
***************



[2020-01-29 20:23:11.843002][__main__.TRPOAgent.log][linesearch]: Linesearch failed. Mean kl divergence: 3.3286503059868904e-18, Discarded policy loss value: 4.6008628168872513e-10

[2020-01-29 20:23:11.843450][__main__.TRPOAgent.log][batch_info]: Current batch value loss: 1.9504363551735877

[2020-01-29 20:23:12.510272][__main__.TRPOAgent.log][learning]: Episode #22

[2020-01-29 20:23:12.510643][__main__.TRPOAgent.log][learning]: Performing rollouts: rollout length: 1000

[2020-01-29 20:23:12.957118][__main__.TRPOAgent.log][learning]: Rollouts performed

[2020-01-29 20:23:12.957534][__main__.TRPOAgent.log][batch_info]: Rollout statistics size: None, Batch size: 100

[2020-01-29 20:23:12.957971][__main__.TRPOAgent.log][learning]: 

***************
BEGINNING TRAINING
***************



[2020-01-29 20:23:14.698784][__main__.TRPOAgent.log][linesearch]: Linesearch failed. Mean kl divergence: -7.775101460698097e-18, Discarded policy loss value: 4.890206606750544e-10

[2020-01-29 20:23:14.699251][__main__.TRPOAgent.log][batch_info]: Current batch value loss: 0.6553142085671425

[2020-01-29 20:23:15.313529][__main__.TRPOAgent.log][learning]: Episode #23

[2020-01-29 20:23:15.313899][__main__.TRPOAgent.log][learning]: Performing rollouts: rollout length: 1000

[2020-01-29 20:23:15.737806][__main__.TRPOAgent.log][learning]: Rollouts performed

[2020-01-29 20:23:15.738400][__main__.TRPOAgent.log][batch_info]: Rollout statistics size: None, Batch size: 100

[2020-01-29 20:23:15.738816][__main__.TRPOAgent.log][learning]: 

***************
BEGINNING TRAINING
***************



[2020-01-29 20:23:17.553641][__main__.TRPOAgent.log][linesearch]: Linesearch failed. Mean kl divergence: -4.416836502871351e-17, Discarded policy loss value: 5.302914331825135e-10

[2020-01-29 20:23:17.554066][__main__.TRPOAgent.log][batch_info]: Current batch value loss: 1.2010256475321233

[2020-01-29 20:23:18.092770][__main__.TRPOAgent.log][learning]: Episode #24

[2020-01-29 20:23:18.093131][__main__.TRPOAgent.log][learning]: Performing rollouts: rollout length: 1000

[2020-01-29 20:23:18.492682][__main__.TRPOAgent.log][learning]: Rollouts performed

[2020-01-29 20:23:18.493164][__main__.TRPOAgent.log][batch_info]: Rollout statistics size: None, Batch size: 100

[2020-01-29 20:23:18.493571][__main__.TRPOAgent.log][learning]: 

***************
BEGINNING TRAINING
***************



[2020-01-29 20:23:20.346616][__main__.TRPOAgent.log][linesearch]: Linesearch failed. Mean kl divergence: -3.4929309390465525e-18, Discarded policy loss value: 6.172141621531539e-10

[2020-01-29 20:23:20.347004][__main__.TRPOAgent.log][batch_info]: Current batch value loss: 0.13774876389215934

[2020-01-29 20:23:20.930178][__main__.TRPOAgent.log][learning]: Episode #25

[2020-01-29 20:23:20.930646][__main__.TRPOAgent.log][learning]: Performing rollouts: rollout length: 1000

[2020-01-29 20:23:21.349326][__main__.TRPOAgent.log][learning]: Rollouts performed

[2020-01-29 20:23:21.349757][__main__.TRPOAgent.log][batch_info]: Rollout statistics size: None, Batch size: 100

[2020-01-29 20:23:21.350119][__main__.TRPOAgent.log][learning]: 

***************
BEGINNING TRAINING
***************



[2020-01-29 20:23:23.338122][__main__.TRPOAgent.log][linesearch]: Linesearch failed. Mean kl divergence: 1.9903346507900107e-17, Discarded policy loss value: 5.508890065174853e-10

[2020-01-29 20:23:23.338590][__main__.TRPOAgent.log][batch_info]: Current batch value loss: 2.827504173666239

[2020-01-29 20:23:24.063201][__main__.TRPOAgent.log][learning]: Episode #26

[2020-01-29 20:23:24.063653][__main__.TRPOAgent.log][learning]: Performing rollouts: rollout length: 1000

[2020-01-29 20:23:24.520960][__main__.TRPOAgent.log][learning]: Rollouts performed

[2020-01-29 20:23:24.521387][__main__.TRPOAgent.log][batch_info]: Rollout statistics size: None, Batch size: 100

[2020-01-29 20:23:24.521815][__main__.TRPOAgent.log][learning]: 

***************
BEGINNING TRAINING
***************



[2020-01-29 20:23:26.239973][__main__.TRPOAgent.log][linesearch]: Linesearch failed. Mean kl divergence: 4.345001671934207e-18, Discarded policy loss value: 4.862776084279956e-10

[2020-01-29 20:23:26.240356][__main__.TRPOAgent.log][batch_info]: Current batch value loss: 3.7894791798158125

[2020-01-29 20:23:26.964996][__main__.TRPOAgent.log][learning]: Episode #27

[2020-01-29 20:23:26.965678][__main__.TRPOAgent.log][learning]: Performing rollouts: rollout length: 1000

[2020-01-29 20:23:27.371774][__main__.TRPOAgent.log][learning]: Rollouts performed

[2020-01-29 20:23:27.372149][__main__.TRPOAgent.log][batch_info]: Rollout statistics size: None, Batch size: 100

[2020-01-29 20:23:27.372460][__main__.TRPOAgent.log][learning]: 

***************
BEGINNING TRAINING
***************



[2020-01-29 20:23:29.348348][__main__.TRPOAgent.log][linesearch]: Linesearch failed. Mean kl divergence: 1.020418191924011e-17, Discarded policy loss value: 7.091089795937828e-10

[2020-01-29 20:23:29.348757][__main__.TRPOAgent.log][batch_info]: Current batch value loss: 31.87428321050746

[2020-01-29 20:23:30.122600][__main__.TRPOAgent.log][learning]: Episode #28

[2020-01-29 20:23:30.123314][__main__.TRPOAgent.log][learning]: Performing rollouts: rollout length: 1000

[2020-01-29 20:23:30.527447][__main__.TRPOAgent.log][learning]: Rollouts performed

[2020-01-29 20:23:30.527817][__main__.TRPOAgent.log][batch_info]: Rollout statistics size: None, Batch size: 100

[2020-01-29 20:23:30.528181][__main__.TRPOAgent.log][learning]: 

***************
BEGINNING TRAINING
***************



[2020-01-29 20:23:32.309444][__main__.TRPOAgent.log][linesearch]: Linesearch failed. Mean kl divergence: -6.920929871473988e-18, Discarded policy loss value: 4.4119270572808464e-10

[2020-01-29 20:23:32.309840][__main__.TRPOAgent.log][batch_info]: Current batch value loss: 1.1130717690874008

[2020-01-29 20:23:32.982731][__main__.TRPOAgent.log][learning]: Episode #29

[2020-01-29 20:23:32.983422][__main__.TRPOAgent.log][learning]: Performing rollouts: rollout length: 1000

[2020-01-29 20:23:33.404091][__main__.TRPOAgent.log][learning]: Rollouts performed

[2020-01-29 20:23:33.405171][__main__.TRPOAgent.log][batch_info]: Rollout statistics size: None, Batch size: 100

[2020-01-29 20:23:33.405742][__main__.TRPOAgent.log][learning]: 

***************
BEGINNING TRAINING
***************



[2020-01-29 20:23:35.173989][__main__.TRPOAgent.log][linesearch]: Linesearch failed. Mean kl divergence: -1.4248349789972673e-17, Discarded policy loss value: 5.298720567815574e-10

[2020-01-29 20:23:35.174408][__main__.TRPOAgent.log][batch_info]: Current batch value loss: 21.96535735609941

[2020-01-29 20:23:35.847554][__main__.TRPOAgent.log][learning]: Episode #30

[2020-01-29 20:23:35.847917][__main__.TRPOAgent.log][learning]: Performing rollouts: rollout length: 1000

[2020-01-29 20:23:36.214272][__main__.TRPOAgent.log][learning]: Rollouts performed

[2020-01-29 20:23:36.214703][__main__.TRPOAgent.log][batch_info]: Rollout statistics size: None, Batch size: 100

[2020-01-29 20:23:36.215191][__main__.TRPOAgent.log][learning]: 

***************
BEGINNING TRAINING
***************



[2020-01-29 20:23:37.878689][__main__.TRPOAgent.log][linesearch]: Linesearch failed. Mean kl divergence: -6.0210771164073604e-18, Discarded policy loss value: 5.34716406665822e-10

[2020-01-29 20:23:37.879109][__main__.TRPOAgent.log][batch_info]: Current batch value loss: 2.95200978084044

[2020-01-29 20:23:38.468896][__main__.TRPOAgent.log][learning]: Episode #31

[2020-01-29 20:23:38.469422][__main__.TRPOAgent.log][learning]: Performing rollouts: rollout length: 1000

[2020-01-29 20:23:38.855519][__main__.TRPOAgent.log][learning]: Rollouts performed

[2020-01-29 20:23:38.855933][__main__.TRPOAgent.log][batch_info]: Rollout statistics size: None, Batch size: 100

[2020-01-29 20:23:38.856381][__main__.TRPOAgent.log][learning]: 

***************
BEGINNING TRAINING
***************



[2020-01-29 20:23:40.553065][__main__.TRPOAgent.log][linesearch]: Linesearch failed. Mean kl divergence: 7.309727366384706e-18, Discarded policy loss value: 3.8507888314488646e-10

[2020-01-29 20:23:40.556524][__main__.TRPOAgent.log][batch_info]: Current batch value loss: 0.8278978394175117

[2020-01-29 20:23:41.180500][__main__.TRPOAgent.log][learning]: Episode #32

[2020-01-29 20:23:41.180837][__main__.TRPOAgent.log][learning]: Performing rollouts: rollout length: 1000

[2020-01-29 20:23:41.524310][__main__.TRPOAgent.log][learning]: Rollouts performed

[2020-01-29 20:23:41.524720][__main__.TRPOAgent.log][batch_info]: Rollout statistics size: None, Batch size: 100

[2020-01-29 20:23:41.525147][__main__.TRPOAgent.log][learning]: 

***************
BEGINNING TRAINING
***************



[2020-01-29 20:23:43.476919][__main__.TRPOAgent.log][linesearch]: Linesearch failed. Mean kl divergence: -2.1009196377881706e-17, Discarded policy loss value: 5.311419562337084e-10

[2020-01-29 20:23:43.477347][__main__.TRPOAgent.log][batch_info]: Current batch value loss: 0.22960310794587713

[2020-01-29 20:23:44.318275][__main__.TRPOAgent.log][learning]: Episode #33

[2020-01-29 20:23:44.318922][__main__.TRPOAgent.log][learning]: Performing rollouts: rollout length: 1000

[2020-01-29 20:23:44.678790][__main__.TRPOAgent.log][learning]: Rollouts performed

[2020-01-29 20:23:44.679193][__main__.TRPOAgent.log][batch_info]: Rollout statistics size: None, Batch size: 100

[2020-01-29 20:23:44.679632][__main__.TRPOAgent.log][learning]: 

***************
BEGINNING TRAINING
***************



[2020-01-29 20:23:46.473435][__main__.TRPOAgent.log][linesearch]: Linesearch failed. Mean kl divergence: -1.2033985440364026e-17, Discarded policy loss value: 5.34365301987215e-10

[2020-01-29 20:23:46.473856][__main__.TRPOAgent.log][batch_info]: Current batch value loss: 0.12170728296041489

[2020-01-29 20:23:47.221107][__main__.TRPOAgent.log][learning]: Episode #34

[2020-01-29 20:23:47.221781][__main__.TRPOAgent.log][learning]: Performing rollouts: rollout length: 1000

[2020-01-29 20:23:47.570650][__main__.TRPOAgent.log][learning]: Rollouts performed

[2020-01-29 20:23:47.571051][__main__.TRPOAgent.log][batch_info]: Rollout statistics size: None, Batch size: 100

[2020-01-29 20:23:47.571481][__main__.TRPOAgent.log][learning]: 

***************
BEGINNING TRAINING
***************



[2020-01-29 20:23:49.262395][__main__.TRPOAgent.log][linesearch]: Linesearch failed. Mean kl divergence: 5.609388723291843e-20, Discarded policy loss value: 3.180775017380191e-10

[2020-01-29 20:23:49.262814][__main__.TRPOAgent.log][batch_info]: Current batch value loss: 1.0916159346699714

[2020-01-29 20:23:49.994204][__main__.TRPOAgent.log][learning]: Episode #35

[2020-01-29 20:23:49.994690][__main__.TRPOAgent.log][learning]: Performing rollouts: rollout length: 1000

[2020-01-29 20:23:50.353430][__main__.TRPOAgent.log][learning]: Rollouts performed

[2020-01-29 20:23:50.353814][__main__.TRPOAgent.log][batch_info]: Rollout statistics size: None, Batch size: 100

[2020-01-29 20:23:50.354290][__main__.TRPOAgent.log][learning]: 

***************
BEGINNING TRAINING
***************



[2020-01-29 20:23:52.017655][__main__.TRPOAgent.log][linesearch]: Linesearch failed. Mean kl divergence: -5.927773144033354e-19, Discarded policy loss value: 4.1206219895770083e-10

[2020-01-29 20:23:52.018064][__main__.TRPOAgent.log][batch_info]: Current batch value loss: 0.8199867952149361

[2020-01-29 20:23:52.631571][__main__.TRPOAgent.log][learning]: Episode #36

[2020-01-29 20:23:52.632095][__main__.TRPOAgent.log][learning]: Performing rollouts: rollout length: 1000

[2020-01-29 20:23:53.030918][__main__.TRPOAgent.log][learning]: Rollouts performed

[2020-01-29 20:23:53.031297][__main__.TRPOAgent.log][batch_info]: Rollout statistics size: None, Batch size: 100

[2020-01-29 20:23:53.031740][__main__.TRPOAgent.log][learning]: 

***************
BEGINNING TRAINING
***************



[2020-01-29 20:23:54.816187][__main__.TRPOAgent.log][linesearch]: Linesearch failed. Mean kl divergence: 1.2878627391593204e-17, Discarded policy loss value: 4.388750892014476e-10

[2020-01-29 20:23:54.816737][__main__.TRPOAgent.log][batch_info]: Current batch value loss: 17.13874168395996

[2020-01-29 20:23:55.624904][__main__.TRPOAgent.log][learning]: Episode #37

[2020-01-29 20:23:55.625413][__main__.TRPOAgent.log][learning]: Performing rollouts: rollout length: 1000

[2020-01-29 20:23:55.987192][__main__.TRPOAgent.log][learning]: Rollouts performed

[2020-01-29 20:23:55.987570][__main__.TRPOAgent.log][batch_info]: Rollout statistics size: None, Batch size: 100

[2020-01-29 20:23:55.987968][__main__.TRPOAgent.log][learning]: 

***************
BEGINNING TRAINING
***************



[2020-01-29 20:23:57.673626][__main__.TRPOAgent.log][linesearch]: Linesearch failed. Mean kl divergence: 8.931645646940661e-18, Discarded policy loss value: 3.2473750421226743e-10

[2020-01-29 20:23:57.674021][__main__.TRPOAgent.log][batch_info]: Current batch value loss: 84.81228599706665

[2020-01-29 20:23:58.279681][__main__.TRPOAgent.log][learning]: Episode #38

[2020-01-29 20:23:58.280048][__main__.TRPOAgent.log][learning]: Performing rollouts: rollout length: 1000

[2020-01-29 20:23:58.616944][__main__.TRPOAgent.log][learning]: Rollouts performed

[2020-01-29 20:23:58.617308][__main__.TRPOAgent.log][batch_info]: Rollout statistics size: None, Batch size: 100

[2020-01-29 20:23:58.617705][__main__.TRPOAgent.log][learning]: 

***************
BEGINNING TRAINING
***************



[2020-01-29 20:24:00.349025][__main__.TRPOAgent.log][linesearch]: Linesearch failed. Mean kl divergence: 5.281234213386482e-18, Discarded policy loss value: 4.723271088731262e-10

[2020-01-29 20:24:00.349426][__main__.TRPOAgent.log][batch_info]: Current batch value loss: 0.3111570727143606

[2020-01-29 20:24:01.055463][__main__.TRPOAgent.log][learning]: Episode #39

[2020-01-29 20:24:01.055856][__main__.TRPOAgent.log][learning]: Performing rollouts: rollout length: 1000

[2020-01-29 20:24:01.416464][__main__.TRPOAgent.log][learning]: Rollouts performed

[2020-01-29 20:24:01.416995][__main__.TRPOAgent.log][batch_info]: Rollout statistics size: None, Batch size: 100

[2020-01-29 20:24:01.417438][__main__.TRPOAgent.log][learning]: 

***************
BEGINNING TRAINING
***************



[2020-01-29 20:24:03.217691][__main__.TRPOAgent.log][linesearch]: Linesearch failed. Mean kl divergence: -3.9342574424524614e-17, Discarded policy loss value: 4.1447093258533483e-10

[2020-01-29 20:24:03.218115][__main__.TRPOAgent.log][batch_info]: Current batch value loss: 0.11239756175782531

[2020-01-29 20:24:03.854026][__main__.TRPOAgent.log][learning]: Episode #40

[2020-01-29 20:24:03.854549][__main__.TRPOAgent.log][learning]: Performing rollouts: rollout length: 1000

[2020-01-29 20:24:04.198024][__main__.TRPOAgent.log][learning]: Rollouts performed

[2020-01-29 20:24:04.198430][__main__.TRPOAgent.log][batch_info]: Rollout statistics size: None, Batch size: 100

[2020-01-29 20:24:04.198866][__main__.TRPOAgent.log][learning]: 

***************
BEGINNING TRAINING
***************



[2020-01-29 20:24:06.124334][__main__.TRPOAgent.log][linesearch]: Linesearch failed. Mean kl divergence: -3.552155442767791e-18, Discarded policy loss value: 3.0302749329927194e-10

[2020-01-29 20:24:06.124773][__main__.TRPOAgent.log][batch_info]: Current batch value loss: 1.1939892197648685

[2020-01-29 20:24:06.890010][__main__.TRPOAgent.log][learning]: Episode #41

[2020-01-29 20:24:06.890348][__main__.TRPOAgent.log][learning]: Performing rollouts: rollout length: 1000

[2020-01-29 20:24:07.219382][__main__.TRPOAgent.log][learning]: Rollouts performed

[2020-01-29 20:24:07.219756][__main__.TRPOAgent.log][batch_info]: Rollout statistics size: None, Batch size: 100

[2020-01-29 20:24:07.220136][__main__.TRPOAgent.log][learning]: 

***************
BEGINNING TRAINING
***************



[2020-01-29 20:24:08.886608][__main__.TRPOAgent.log][linesearch]: Linesearch failed. Mean kl divergence: -5.35951544345748e-17, Discarded policy loss value: 4.846490495066266e-10

[2020-01-29 20:24:08.887009][__main__.TRPOAgent.log][batch_info]: Current batch value loss: 0.077202634915011

[2020-01-29 20:24:09.525059][__main__.TRPOAgent.log][learning]: Episode #42

[2020-01-29 20:24:09.525415][__main__.TRPOAgent.log][learning]: Performing rollouts: rollout length: 1000

[2020-01-29 20:24:09.856391][__main__.TRPOAgent.log][learning]: Rollouts performed

[2020-01-29 20:24:09.856803][__main__.TRPOAgent.log][batch_info]: Rollout statistics size: None, Batch size: 100

[2020-01-29 20:24:09.857246][__main__.TRPOAgent.log][learning]: 

***************
BEGINNING TRAINING
***************



[2020-01-29 20:24:11.507589][__main__.TRPOAgent.log][linesearch]: Linesearch failed. Mean kl divergence: -4.742076866579705e-17, Discarded policy loss value: 4.644965853924432e-10

[2020-01-29 20:24:11.507985][__main__.TRPOAgent.log][batch_info]: Current batch value loss: 0.23268483225256203

[2020-01-29 20:24:12.103955][__main__.TRPOAgent.log][learning]: Episode #43

[2020-01-29 20:24:12.104321][__main__.TRPOAgent.log][learning]: Performing rollouts: rollout length: 1000

[2020-01-29 20:24:12.431035][__main__.TRPOAgent.log][learning]: Rollouts performed

[2020-01-29 20:24:12.431646][__main__.TRPOAgent.log][batch_info]: Rollout statistics size: None, Batch size: 100

[2020-01-29 20:24:12.432041][__main__.TRPOAgent.log][learning]: 

***************
BEGINNING TRAINING
***************



[2020-01-29 20:24:14.097760][__main__.TRPOAgent.log][linesearch]: Linesearch failed. Mean kl divergence: 1.8077370773929132e-18, Discarded policy loss value: 5.779327367521865e-10

[2020-01-29 20:24:14.098175][__main__.TRPOAgent.log][batch_info]: Current batch value loss: 0.0905219166445022

[2020-01-29 20:24:14.893498][__main__.TRPOAgent.log][learning]: Episode #44

[2020-01-29 20:24:14.893865][__main__.TRPOAgent.log][learning]: Performing rollouts: rollout length: 1000

[2020-01-29 20:24:15.248903][__main__.TRPOAgent.log][learning]: Rollouts performed

[2020-01-29 20:24:15.249458][__main__.TRPOAgent.log][batch_info]: Rollout statistics size: None, Batch size: 100

[2020-01-29 20:24:15.253104][__main__.TRPOAgent.log][learning]: 

***************
BEGINNING TRAINING
***************



[2020-01-29 20:24:16.903612][__main__.TRPOAgent.log][linesearch]: Linesearch failed. Mean kl divergence: -1.2855245473203743e-17, Discarded policy loss value: 5.153438116703652e-10

[2020-01-29 20:24:16.904000][__main__.TRPOAgent.log][batch_info]: Current batch value loss: 3.170976559546861

[2020-01-29 20:24:17.559267][__main__.TRPOAgent.log][learning]: Episode #45

[2020-01-29 20:24:17.559619][__main__.TRPOAgent.log][learning]: Performing rollouts: rollout length: 1000

[2020-01-29 20:24:17.898191][__main__.TRPOAgent.log][learning]: Rollouts performed

[2020-01-29 20:24:17.898606][__main__.TRPOAgent.log][batch_info]: Rollout statistics size: None, Batch size: 100

[2020-01-29 20:24:17.899048][__main__.TRPOAgent.log][learning]: 

***************
BEGINNING TRAINING
***************



[2020-01-29 20:24:19.558106][__main__.TRPOAgent.log][linesearch]: Linesearch failed. Mean kl divergence: -4.025202178459957e-17, Discarded policy loss value: 4.170358769511682e-10

[2020-01-29 20:24:19.558556][__main__.TRPOAgent.log][batch_info]: Current batch value loss: 1.8031528974857793

[2020-01-29 20:24:20.232561][__main__.TRPOAgent.log][learning]: Episode #46

[2020-01-29 20:24:20.232997][__main__.TRPOAgent.log][learning]: Performing rollouts: rollout length: 1000

[2020-01-29 20:24:20.591783][__main__.TRPOAgent.log][learning]: Rollouts performed

[2020-01-29 20:24:20.592151][__main__.TRPOAgent.log][batch_info]: Rollout statistics size: None, Batch size: 100

[2020-01-29 20:24:20.592493][__main__.TRPOAgent.log][learning]: 

***************
BEGINNING TRAINING
***************



[2020-01-29 20:24:22.360073][__main__.TRPOAgent.log][linesearch]: Linesearch failed. Mean kl divergence: -2.7135848196874085e-17, Discarded policy loss value: 6.343617046320516e-10

[2020-01-29 20:24:22.360498][__main__.TRPOAgent.log][batch_info]: Current batch value loss: 19.8363264601212

[2020-01-29 20:24:22.960655][__main__.TRPOAgent.log][learning]: Episode #47

[2020-01-29 20:24:22.961136][__main__.TRPOAgent.log][learning]: Performing rollouts: rollout length: 1000

[2020-01-29 20:24:23.267062][__main__.TRPOAgent.log][learning]: Rollouts performed

[2020-01-29 20:24:23.267437][__main__.TRPOAgent.log][batch_info]: Rollout statistics size: None, Batch size: 100

[2020-01-29 20:24:23.267868][__main__.TRPOAgent.log][learning]: 

***************
BEGINNING TRAINING
***************



[2020-01-29 20:24:24.937828][__main__.TRPOAgent.log][linesearch]: Linesearch failed. Mean kl divergence: -2.410921543226371e-17, Discarded policy loss value: 3.739760057043379e-10

[2020-01-29 20:24:24.938262][__main__.TRPOAgent.log][batch_info]: Current batch value loss: 0.415890483930707

[2020-01-29 20:24:25.594199][__main__.TRPOAgent.log][learning]: Episode #48

[2020-01-29 20:24:25.594562][__main__.TRPOAgent.log][learning]: Performing rollouts: rollout length: 1000

[2020-01-29 20:24:25.922920][__main__.TRPOAgent.log][learning]: Rollouts performed

[2020-01-29 20:24:25.923336][__main__.TRPOAgent.log][batch_info]: Rollout statistics size: None, Batch size: 100

[2020-01-29 20:24:25.923743][__main__.TRPOAgent.log][learning]: 

***************
BEGINNING TRAINING
***************



[2020-01-29 20:24:27.594965][__main__.TRPOAgent.log][linesearch]: Linesearch failed. Mean kl divergence: -1.6694878884224566e-17, Discarded policy loss value: 5.474901056007692e-10

[2020-01-29 20:24:27.595358][__main__.TRPOAgent.log][batch_info]: Current batch value loss: 1.8677613653919913

[2020-01-29 20:24:28.314362][__main__.TRPOAgent.log][learning]: Episode #49

[2020-01-29 20:24:28.315097][__main__.TRPOAgent.log][learning]: Performing rollouts: rollout length: 1000

[2020-01-29 20:24:28.639146][__main__.TRPOAgent.log][learning]: Rollouts performed

[2020-01-29 20:24:28.639551][__main__.TRPOAgent.log][batch_info]: Rollout statistics size: None, Batch size: 100

[2020-01-29 20:24:28.639969][__main__.TRPOAgent.log][learning]: 

***************
BEGINNING TRAINING
***************



[2020-01-29 20:24:30.297320][__main__.TRPOAgent.log][linesearch]: Linesearch failed. Mean kl divergence: -1.0588025292204172e-17, Discarded policy loss value: 3.818778536310222e-10

[2020-01-29 20:24:30.297718][__main__.TRPOAgent.log][batch_info]: Current batch value loss: 0.4400408004410565

[2020-01-29 20:24:31.132923][__main__.TRPOAgent.log][learning]: Episode #50

[2020-01-29 20:24:31.133513][__main__.TRPOAgent.log][learning]: Performing rollouts: rollout length: 1000

[2020-01-29 20:24:31.588234][__main__.TRPOAgent.log][learning]: Rollouts performed

[2020-01-29 20:24:31.588913][__main__.TRPOAgent.log][batch_info]: Rollout statistics size: None, Batch size: 100

[2020-01-29 20:24:31.589432][__main__.TRPOAgent.log][learning]: 

***************
BEGINNING TRAINING
***************



