LOGGER started at 2020-01-29 13:09:18.991031.
Currently active debug channels:
	act
	batch_info
	linesearch
	learning
[2020-01-29 13:09:19.383444][__main__.TRPOAgent.log][learning]: Episode #0

[2020-01-29 13:09:19.577444][__main__.TRPOAgent.log][learning]: Performing rollouts: rollout length: 1500

[2020-01-29 13:09:20.066147][__main__.TRPOAgent.log][learning]: Rollouts performed

[2020-01-29 13:09:20.067812][__main__.TRPOAgent.log][batch_info]: Rollout statistics size: 502, Batch size: 1000, Number of batches: 1

[2020-01-29 13:09:20.068192][__main__.TRPOAgent.log][learning]: 

***************
BEGINNING TRAINING
***************



[2020-01-29 13:09:20.068644][__main__.TRPOAgent.log][batch_info]: Batch #0, batch length: 502

[2020-01-29 13:09:20.592283][__main__.TRPOAgent.log][batch_info]: Current batch value loss: 0.11267151752022427

[2020-01-29 13:09:21.707929][__main__.TRPOAgent.log][learning]: Episode #1

[2020-01-29 13:09:21.710141][__main__.TRPOAgent.log][batch_info]: Rollout statistics size: 502, Batch size: 1000, Number of batches: 1

[2020-01-29 13:09:21.710762][__main__.TRPOAgent.log][learning]: 

***************
BEGINNING TRAINING
***************



[2020-01-29 13:09:21.711640][__main__.TRPOAgent.log][batch_info]: Batch #0, batch length: 502

