LOGGER started at 2020-01-29 13:11:37.618447.
Currently active debug channels:
	act
	batch_info
	linesearch
	learning
[2020-01-29 13:11:37.995871][__main__.TRPOAgent.log][learning]: Episode #0

[2020-01-29 13:11:38.188957][__main__.TRPOAgent.log][learning]: Performing rollouts: rollout length: 1500

[2020-01-29 13:11:39.356419][__main__.TRPOAgent.log][learning]: Rollouts performed

[2020-01-29 13:11:39.358922][__main__.TRPOAgent.log][batch_info]: Rollout statistics size: 1389, Batch size: 1000, Number of batches: 1

[2020-01-29 13:11:39.359266][__main__.TRPOAgent.log][learning]: 

***************
BEGINNING TRAINING
***************



[2020-01-29 13:11:39.360095][__main__.TRPOAgent.log][batch_info]: Batch #0, batch length: 1389

[2020-01-29 13:11:41.940896][__main__.TRPOAgent.log][batch_info]: Current batch value loss: 14.351809557160603

[2020-01-29 13:11:43.620623][__main__.TRPOAgent.log][learning]: Episode #1

[2020-01-29 13:11:43.629252][__main__.TRPOAgent.log][batch_info]: Rollout statistics size: 1389, Batch size: 1000, Number of batches: 1

[2020-01-29 13:11:43.630330][__main__.TRPOAgent.log][learning]: 

***************
BEGINNING TRAINING
***************



[2020-01-29 13:11:43.633684][__main__.TRPOAgent.log][batch_info]: Batch #0, batch length: 1389

[2020-01-29 13:11:46.045820][__main__.TRPOAgent.log][batch_info]: Current batch value loss: 15.664997769752942

[2020-01-29 13:11:47.079862][__main__.TRPOAgent.log][learning]: Episode #2

[2020-01-29 13:11:47.080444][__main__.TRPOAgent.log][learning]: Performing rollouts: rollout length: 1500

[2020-01-29 13:11:48.138304][__main__.TRPOAgent.log][learning]: Rollouts performed

[2020-01-29 13:11:48.140873][__main__.TRPOAgent.log][batch_info]: Rollout statistics size: 1281, Batch size: 1000, Number of batches: 1

[2020-01-29 13:11:48.141242][__main__.TRPOAgent.log][learning]: 

***************
BEGINNING TRAINING
***************



[2020-01-29 13:11:48.141851][__main__.TRPOAgent.log][batch_info]: Batch #0, batch length: 1281

[2020-01-29 13:11:50.299353][__main__.TRPOAgent.log][batch_info]: Current batch value loss: 5.097789100096003

[2020-01-29 13:11:51.009758][__main__.TRPOAgent.log][learning]: Episode #3

[2020-01-29 13:11:51.012067][__main__.TRPOAgent.log][batch_info]: Rollout statistics size: 1281, Batch size: 1000, Number of batches: 1

[2020-01-29 13:11:51.012530][__main__.TRPOAgent.log][learning]: 

***************
BEGINNING TRAINING
***************



[2020-01-29 13:11:51.013319][__main__.TRPOAgent.log][batch_info]: Batch #0, batch length: 1281

[2020-01-29 13:11:53.079576][__main__.TRPOAgent.log][batch_info]: Current batch value loss: 4.47421695990562

[2020-01-29 13:11:53.793812][__main__.TRPOAgent.log][learning]: Episode #4

[2020-01-29 13:11:53.794279][__main__.TRPOAgent.log][learning]: Performing rollouts: rollout length: 1500

[2020-01-29 13:11:54.871390][__main__.TRPOAgent.log][learning]: Rollouts performed

[2020-01-29 13:11:54.873544][__main__.TRPOAgent.log][batch_info]: Rollout statistics size: 1296, Batch size: 1000, Number of batches: 1

[2020-01-29 13:11:54.873883][__main__.TRPOAgent.log][learning]: 

***************
BEGINNING TRAINING
***************



[2020-01-29 13:11:54.874565][__main__.TRPOAgent.log][batch_info]: Batch #0, batch length: 1296

[2020-01-29 13:11:56.958741][__main__.TRPOAgent.log][batch_info]: Current batch value loss: 4.7804019369318125

[2020-01-29 13:11:57.772233][__main__.TRPOAgent.log][learning]: Episode #5

[2020-01-29 13:11:57.775530][__main__.TRPOAgent.log][batch_info]: Rollout statistics size: 1296, Batch size: 1000, Number of batches: 1

[2020-01-29 13:11:57.776083][__main__.TRPOAgent.log][learning]: 

***************
BEGINNING TRAINING
***************



[2020-01-29 13:11:57.777170][__main__.TRPOAgent.log][batch_info]: Batch #0, batch length: 1296

[2020-01-29 13:11:59.833958][__main__.TRPOAgent.log][batch_info]: Current batch value loss: 5.014433234039714

[2020-01-29 13:12:00.802320][__main__.TRPOAgent.log][learning]: Episode #6

[2020-01-29 13:12:00.802978][__main__.TRPOAgent.log][learning]: Performing rollouts: rollout length: 1500

[2020-01-29 13:12:02.143351][__main__.TRPOAgent.log][learning]: Rollouts performed

[2020-01-29 13:12:02.145534][__main__.TRPOAgent.log][batch_info]: Rollout statistics size: 1297, Batch size: 1000, Number of batches: 1

[2020-01-29 13:12:02.145875][__main__.TRPOAgent.log][learning]: 

***************
BEGINNING TRAINING
***************



[2020-01-29 13:12:02.146528][__main__.TRPOAgent.log][batch_info]: Batch #0, batch length: 1297

[2020-01-29 13:12:04.822711][__main__.TRPOAgent.log][batch_info]: Current batch value loss: 5.367346957694193

[2020-01-29 13:12:05.923776][__main__.TRPOAgent.log][learning]: Episode #7

[2020-01-29 13:12:05.928632][__main__.TRPOAgent.log][batch_info]: Rollout statistics size: 1297, Batch size: 1000, Number of batches: 1

[2020-01-29 13:12:05.929394][__main__.TRPOAgent.log][learning]: 

***************
BEGINNING TRAINING
***************



[2020-01-29 13:12:05.931636][__main__.TRPOAgent.log][batch_info]: Batch #0, batch length: 1297

[2020-01-29 13:12:08.207188][__main__.TRPOAgent.log][batch_info]: Current batch value loss: 5.371506974486717

[2020-01-29 13:12:09.017902][__main__.TRPOAgent.log][learning]: Episode #8

[2020-01-29 13:12:09.018645][__main__.TRPOAgent.log][learning]: Performing rollouts: rollout length: 1500

[2020-01-29 13:12:10.281284][__main__.TRPOAgent.log][learning]: Rollouts performed

[2020-01-29 13:12:10.283642][__main__.TRPOAgent.log][batch_info]: Rollout statistics size: 1298, Batch size: 1000, Number of batches: 1

[2020-01-29 13:12:10.284021][__main__.TRPOAgent.log][learning]: 

***************
BEGINNING TRAINING
***************



[2020-01-29 13:12:10.284749][__main__.TRPOAgent.log][batch_info]: Batch #0, batch length: 1298

[2020-01-29 13:12:12.611060][__main__.TRPOAgent.log][batch_info]: Current batch value loss: 4.920617835440805

[2020-01-29 13:12:13.517485][__main__.TRPOAgent.log][learning]: Episode #9

[2020-01-29 13:12:13.521158][__main__.TRPOAgent.log][batch_info]: Rollout statistics size: 1298, Batch size: 1000, Number of batches: 1

[2020-01-29 13:12:13.521837][__main__.TRPOAgent.log][learning]: 

***************
BEGINNING TRAINING
***************



[2020-01-29 13:12:13.523033][__main__.TRPOAgent.log][batch_info]: Batch #0, batch length: 1298

[2020-01-29 13:12:15.794603][__main__.TRPOAgent.log][batch_info]: Current batch value loss: 4.900682386078341

[2020-01-29 13:12:16.612635][__main__.TRPOAgent.log][learning]: Episode #10

[2020-01-29 13:12:16.613025][__main__.TRPOAgent.log][learning]: Performing rollouts: rollout length: 1500

[2020-01-29 13:12:18.059797][__main__.TRPOAgent.log][learning]: Rollouts performed

[2020-01-29 13:12:18.062665][__main__.TRPOAgent.log][batch_info]: Rollout statistics size: 1405, Batch size: 1000, Number of batches: 1

[2020-01-29 13:12:18.063177][__main__.TRPOAgent.log][learning]: 

***************
BEGINNING TRAINING
***************



[2020-01-29 13:12:18.064480][__main__.TRPOAgent.log][batch_info]: Batch #0, batch length: 1405

[2020-01-29 13:12:20.910178][__main__.TRPOAgent.log][batch_info]: Current batch value loss: 9.705531222872153

[2020-01-29 13:12:21.647240][__main__.TRPOAgent.log][learning]: Episode #11

[2020-01-29 13:12:21.649426][__main__.TRPOAgent.log][batch_info]: Rollout statistics size: 1405, Batch size: 1000, Number of batches: 1

[2020-01-29 13:12:21.649761][__main__.TRPOAgent.log][learning]: 

***************
BEGINNING TRAINING
***************



[2020-01-29 13:12:21.650487][__main__.TRPOAgent.log][batch_info]: Batch #0, batch length: 1405

[2020-01-29 13:12:24.187242][__main__.TRPOAgent.log][batch_info]: Current batch value loss: 9.731243963889543

[2020-01-29 13:12:24.867316][__main__.TRPOAgent.log][learning]: Episode #12

[2020-01-29 13:12:24.867868][__main__.TRPOAgent.log][learning]: Performing rollouts: rollout length: 1500

[2020-01-29 13:12:26.063252][__main__.TRPOAgent.log][learning]: Rollouts performed

[2020-01-29 13:12:26.067002][__main__.TRPOAgent.log][batch_info]: Rollout statistics size: 1386, Batch size: 1000, Number of batches: 1

[2020-01-29 13:12:26.067526][__main__.TRPOAgent.log][learning]: 

***************
BEGINNING TRAINING
***************



[2020-01-29 13:12:26.068853][__main__.TRPOAgent.log][batch_info]: Batch #0, batch length: 1386

[2020-01-29 13:12:28.475899][__main__.TRPOAgent.log][batch_info]: Current batch value loss: 6.402331000733823

[2020-01-29 13:12:29.336192][__main__.TRPOAgent.log][learning]: Episode #13

[2020-01-29 13:12:29.339415][__main__.TRPOAgent.log][batch_info]: Rollout statistics size: 1386, Batch size: 1000, Number of batches: 1

[2020-01-29 13:12:29.340001][__main__.TRPOAgent.log][learning]: 

***************
BEGINNING TRAINING
***************



[2020-01-29 13:12:29.341356][__main__.TRPOAgent.log][batch_info]: Batch #0, batch length: 1386

