LOGGER started at 2020-01-29 13:40:41.650289.
Currently active debug channels:
	act
	batch_info
	linesearch
	learning
[2020-01-29 13:40:42.043055][__main__.TRPOAgent.log][learning]: Episode #0

[2020-01-29 13:40:42.268401][__main__.TRPOAgent.log][learning]: Performing rollouts: rollout length: 1500

[2020-01-29 13:40:43.206045][__main__.TRPOAgent.log][learning]: Rollouts performed

[2020-01-29 13:40:43.208370][__main__.TRPOAgent.log][batch_info]: Rollout statistics size: 974, Batch size: 100, Number of batches: 1

[2020-01-29 13:40:43.208716][__main__.TRPOAgent.log][learning]: 

***************
BEGINNING TRAINING
***************



[2020-01-29 13:40:43.209434][__main__.TRPOAgent.log][batch_info]: Batch #0, batch length: 974

[2020-01-29 13:40:43.719762][__main__.TRPOAgent.log][batch_info]: Current batch value loss: 0.767103342162256

[2020-01-29 13:40:45.157952][__main__.TRPOAgent.log][learning]: Episode #1

[2020-01-29 13:40:45.158683][__main__.TRPOAgent.log][learning]: Performing rollouts: rollout length: 1500

[2020-01-29 13:40:46.090510][__main__.TRPOAgent.log][learning]: Rollouts performed

[2020-01-29 13:40:46.093023][__main__.TRPOAgent.log][batch_info]: Rollout statistics size: 972, Batch size: 100, Number of batches: 1

[2020-01-29 13:40:46.093370][__main__.TRPOAgent.log][learning]: 

***************
BEGINNING TRAINING
***************



[2020-01-29 13:40:46.093914][__main__.TRPOAgent.log][batch_info]: Batch #0, batch length: 972

[2020-01-29 13:40:46.385304][__main__.TRPOAgent.log][batch_info]: Current batch value loss: 0.6245479100736672

[2020-01-29 13:40:47.151443][__main__.TRPOAgent.log][learning]: Episode #2

[2020-01-29 13:40:47.151870][__main__.TRPOAgent.log][learning]: Performing rollouts: rollout length: 1500

[2020-01-29 13:40:48.088395][__main__.TRPOAgent.log][learning]: Rollouts performed

[2020-01-29 13:40:48.090961][__main__.TRPOAgent.log][batch_info]: Rollout statistics size: 970, Batch size: 100, Number of batches: 1

[2020-01-29 13:40:48.091328][__main__.TRPOAgent.log][learning]: 

***************
BEGINNING TRAINING
***************



[2020-01-29 13:40:48.091904][__main__.TRPOAgent.log][batch_info]: Batch #0, batch length: 970

[2020-01-29 13:40:48.383585][__main__.TRPOAgent.log][batch_info]: Current batch value loss: 0.48748366423047235

[2020-01-29 13:40:48.950613][__main__.TRPOAgent.log][learning]: Episode #3

[2020-01-29 13:40:48.950963][__main__.TRPOAgent.log][learning]: Performing rollouts: rollout length: 1500

[2020-01-29 13:40:49.848203][__main__.TRPOAgent.log][learning]: Rollouts performed

[2020-01-29 13:40:49.850715][__main__.TRPOAgent.log][batch_info]: Rollout statistics size: 962, Batch size: 100, Number of batches: 1

[2020-01-29 13:40:49.851129][__main__.TRPOAgent.log][learning]: 

***************
BEGINNING TRAINING
***************



[2020-01-29 13:40:49.851748][__main__.TRPOAgent.log][batch_info]: Batch #0, batch length: 962

[2020-01-29 13:40:50.123339][__main__.TRPOAgent.log][batch_info]: Current batch value loss: 0.40255901681706957

[2020-01-29 13:40:50.680027][__main__.TRPOAgent.log][learning]: Episode #4

[2020-01-29 13:40:50.680454][__main__.TRPOAgent.log][learning]: Performing rollouts: rollout length: 1500

[2020-01-29 13:40:51.563270][__main__.TRPOAgent.log][learning]: Rollouts performed

[2020-01-29 13:40:51.565658][__main__.TRPOAgent.log][batch_info]: Rollout statistics size: 958, Batch size: 100, Number of batches: 1

[2020-01-29 13:40:51.566077][__main__.TRPOAgent.log][learning]: 

***************
BEGINNING TRAINING
***************



[2020-01-29 13:40:51.566723][__main__.TRPOAgent.log][batch_info]: Batch #0, batch length: 958

[2020-01-29 13:40:51.848878][__main__.TRPOAgent.log][batch_info]: Current batch value loss: 0.33851130760517717

[2020-01-29 13:40:52.486887][__main__.TRPOAgent.log][learning]: Episode #5

[2020-01-29 13:40:52.487260][__main__.TRPOAgent.log][learning]: Performing rollouts: rollout length: 1500

[2020-01-29 13:40:53.354495][__main__.TRPOAgent.log][learning]: Rollouts performed

[2020-01-29 13:40:53.357870][__main__.TRPOAgent.log][batch_info]: Rollout statistics size: 935, Batch size: 100, Number of batches: 1

[2020-01-29 13:40:53.358338][__main__.TRPOAgent.log][learning]: 

***************
BEGINNING TRAINING
***************



[2020-01-29 13:40:53.358934][__main__.TRPOAgent.log][batch_info]: Batch #0, batch length: 935

[2020-01-29 13:40:53.630734][__main__.TRPOAgent.log][batch_info]: Current batch value loss: 0.27569292638630594

[2020-01-29 13:40:54.306905][__main__.TRPOAgent.log][learning]: Episode #6

[2020-01-29 13:40:54.307578][__main__.TRPOAgent.log][learning]: Performing rollouts: rollout length: 1500

[2020-01-29 13:40:55.174726][__main__.TRPOAgent.log][learning]: Rollouts performed

[2020-01-29 13:40:55.177544][__main__.TRPOAgent.log][batch_info]: Rollout statistics size: 935, Batch size: 100, Number of batches: 1

[2020-01-29 13:40:55.178086][__main__.TRPOAgent.log][learning]: 

***************
BEGINNING TRAINING
***************



[2020-01-29 13:40:55.179071][__main__.TRPOAgent.log][batch_info]: Batch #0, batch length: 935

[2020-01-29 13:40:55.459433][__main__.TRPOAgent.log][batch_info]: Current batch value loss: 0.26798408966324

[2020-01-29 13:40:56.104686][__main__.TRPOAgent.log][learning]: Episode #7

[2020-01-29 13:40:56.105078][__main__.TRPOAgent.log][learning]: Performing rollouts: rollout length: 1500

[2020-01-29 13:40:56.957566][__main__.TRPOAgent.log][learning]: Rollouts performed

[2020-01-29 13:40:56.959738][__main__.TRPOAgent.log][batch_info]: Rollout statistics size: 943, Batch size: 100, Number of batches: 1

[2020-01-29 13:40:56.960244][__main__.TRPOAgent.log][learning]: 

***************
BEGINNING TRAINING
***************



[2020-01-29 13:40:56.960774][__main__.TRPOAgent.log][batch_info]: Batch #0, batch length: 943

[2020-01-29 13:40:57.244071][__main__.TRPOAgent.log][batch_info]: Current batch value loss: 0.41182173171594993

[2020-01-29 13:40:57.973798][__main__.TRPOAgent.log][learning]: Episode #8

[2020-01-29 13:40:57.974354][__main__.TRPOAgent.log][learning]: Performing rollouts: rollout length: 1500

[2020-01-29 13:40:58.853384][__main__.TRPOAgent.log][learning]: Rollouts performed

[2020-01-29 13:40:58.855874][__main__.TRPOAgent.log][batch_info]: Rollout statistics size: 933, Batch size: 100, Number of batches: 1

[2020-01-29 13:40:58.856285][__main__.TRPOAgent.log][learning]: 

***************
BEGINNING TRAINING
***************



[2020-01-29 13:40:58.856909][__main__.TRPOAgent.log][batch_info]: Batch #0, batch length: 933

[2020-01-29 13:40:59.137466][__main__.TRPOAgent.log][batch_info]: Current batch value loss: 0.23361453031655074

[2020-01-29 13:40:59.738803][__main__.TRPOAgent.log][learning]: Episode #9

[2020-01-29 13:40:59.739165][__main__.TRPOAgent.log][learning]: Performing rollouts: rollout length: 1500

[2020-01-29 13:41:00.603511][__main__.TRPOAgent.log][learning]: Rollouts performed

[2020-01-29 13:41:00.605774][__main__.TRPOAgent.log][batch_info]: Rollout statistics size: 920, Batch size: 100, Number of batches: 1

[2020-01-29 13:41:00.606122][__main__.TRPOAgent.log][learning]: 

***************
BEGINNING TRAINING
***************



[2020-01-29 13:41:00.606792][__main__.TRPOAgent.log][batch_info]: Batch #0, batch length: 920

[2020-01-29 13:41:00.888836][__main__.TRPOAgent.log][batch_info]: Current batch value loss: 0.13430659377783374

[2020-01-29 13:41:01.456022][__main__.TRPOAgent.log][learning]: Episode #10

[2020-01-29 13:41:01.456375][__main__.TRPOAgent.log][learning]: Performing rollouts: rollout length: 1500

[2020-01-29 13:41:02.309093][__main__.TRPOAgent.log][learning]: Rollouts performed

[2020-01-29 13:41:02.311851][__main__.TRPOAgent.log][batch_info]: Rollout statistics size: 917, Batch size: 100, Number of batches: 1

[2020-01-29 13:41:02.312403][__main__.TRPOAgent.log][learning]: 

***************
BEGINNING TRAINING
***************



[2020-01-29 13:41:02.313396][__main__.TRPOAgent.log][batch_info]: Batch #0, batch length: 917

[2020-01-29 13:41:02.591397][__main__.TRPOAgent.log][batch_info]: Current batch value loss: 0.13314719093657845

[2020-01-29 13:41:03.137978][__main__.TRPOAgent.log][learning]: Episode #11

[2020-01-29 13:41:03.138404][__main__.TRPOAgent.log][learning]: Performing rollouts: rollout length: 1500

[2020-01-29 13:41:03.982247][__main__.TRPOAgent.log][learning]: Rollouts performed

[2020-01-29 13:41:03.984582][__main__.TRPOAgent.log][batch_info]: Rollout statistics size: 930, Batch size: 100, Number of batches: 1

[2020-01-29 13:41:03.984906][__main__.TRPOAgent.log][learning]: 

***************
BEGINNING TRAINING
***************



[2020-01-29 13:41:03.985407][__main__.TRPOAgent.log][batch_info]: Batch #0, batch length: 930

[2020-01-29 13:41:04.269630][__main__.TRPOAgent.log][batch_info]: Current batch value loss: 0.38513110810891604

[2020-01-29 13:41:04.862800][__main__.TRPOAgent.log][learning]: Episode #12

[2020-01-29 13:41:04.863174][__main__.TRPOAgent.log][learning]: Performing rollouts: rollout length: 1500

[2020-01-29 13:41:05.704478][__main__.TRPOAgent.log][learning]: Rollouts performed

[2020-01-29 13:41:05.706614][__main__.TRPOAgent.log][batch_info]: Rollout statistics size: 908, Batch size: 100, Number of batches: 1

[2020-01-29 13:41:05.706951][__main__.TRPOAgent.log][learning]: 

***************
BEGINNING TRAINING
***************



[2020-01-29 13:41:05.707502][__main__.TRPOAgent.log][batch_info]: Batch #0, batch length: 908

[2020-01-29 13:41:05.990949][__main__.TRPOAgent.log][batch_info]: Current batch value loss: 0.0614014549499843

[2020-01-29 13:41:06.607319][__main__.TRPOAgent.log][learning]: Episode #13

[2020-01-29 13:41:06.607734][__main__.TRPOAgent.log][learning]: Performing rollouts: rollout length: 1500

[2020-01-29 13:41:07.457075][__main__.TRPOAgent.log][learning]: Rollouts performed

[2020-01-29 13:41:07.459456][__main__.TRPOAgent.log][batch_info]: Rollout statistics size: 908, Batch size: 100, Number of batches: 1

[2020-01-29 13:41:07.459830][__main__.TRPOAgent.log][learning]: 

***************
BEGINNING TRAINING
***************



[2020-01-29 13:41:07.460508][__main__.TRPOAgent.log][batch_info]: Batch #0, batch length: 908

[2020-01-29 13:41:07.739463][__main__.TRPOAgent.log][batch_info]: Current batch value loss: 0.057124326777484656

[2020-01-29 13:41:08.440264][__main__.TRPOAgent.log][learning]: Episode #14

[2020-01-29 13:41:08.440747][__main__.TRPOAgent.log][learning]: Performing rollouts: rollout length: 1500

[2020-01-29 13:41:09.281421][__main__.TRPOAgent.log][learning]: Rollouts performed

[2020-01-29 13:41:09.283906][__main__.TRPOAgent.log][batch_info]: Rollout statistics size: 904, Batch size: 100, Number of batches: 1

[2020-01-29 13:41:09.284269][__main__.TRPOAgent.log][learning]: 

***************
BEGINNING TRAINING
***************



[2020-01-29 13:41:09.284789][__main__.TRPOAgent.log][batch_info]: Batch #0, batch length: 904

[2020-01-29 13:41:09.565541][__main__.TRPOAgent.log][batch_info]: Current batch value loss: 0.02337743011432703

[2020-01-29 13:41:10.241994][__main__.TRPOAgent.log][learning]: Episode #15

[2020-01-29 13:41:10.242364][__main__.TRPOAgent.log][learning]: Performing rollouts: rollout length: 1500

[2020-01-29 13:41:11.230930][__main__.TRPOAgent.log][learning]: Rollouts performed

[2020-01-29 13:41:11.233242][__main__.TRPOAgent.log][batch_info]: Rollout statistics size: 900, Batch size: 100, Number of batches: 1

[2020-01-29 13:41:11.233562][__main__.TRPOAgent.log][learning]: 

***************
BEGINNING TRAINING
***************



[2020-01-29 13:41:11.234157][__main__.TRPOAgent.log][batch_info]: Batch #0, batch length: 900

[2020-01-29 13:41:11.506524][__main__.TRPOAgent.log][batch_info]: Current batch value loss: 5.241752405262348e-08

[2020-01-29 13:41:12.156827][__main__.TRPOAgent.log][learning]: Episode #16

[2020-01-29 13:41:12.157192][__main__.TRPOAgent.log][learning]: Performing rollouts: rollout length: 1500

[2020-01-29 13:41:13.114642][__main__.TRPOAgent.log][learning]: Rollouts performed

[2020-01-29 13:41:13.117841][__main__.TRPOAgent.log][batch_info]: Rollout statistics size: 900, Batch size: 100, Number of batches: 1

[2020-01-29 13:41:13.118237][__main__.TRPOAgent.log][learning]: 

***************
BEGINNING TRAINING
***************



[2020-01-29 13:41:13.118896][__main__.TRPOAgent.log][batch_info]: Batch #0, batch length: 900

[2020-01-29 13:41:13.412010][__main__.TRPOAgent.log][batch_info]: Current batch value loss: 3.9145778840148555e-12

[2020-01-29 13:41:14.176986][__main__.TRPOAgent.log][learning]: Episode #17

[2020-01-29 13:41:14.177357][__main__.TRPOAgent.log][learning]: Performing rollouts: rollout length: 1500

[2020-01-29 13:41:15.315374][__main__.TRPOAgent.log][learning]: Rollouts performed

[2020-01-29 13:41:15.319089][__main__.TRPOAgent.log][batch_info]: Rollout statistics size: 900, Batch size: 100, Number of batches: 1

[2020-01-29 13:41:15.319585][__main__.TRPOAgent.log][learning]: 

***************
BEGINNING TRAINING
***************



[2020-01-29 13:41:15.320344][__main__.TRPOAgent.log][batch_info]: Batch #0, batch length: 900

[2020-01-29 13:41:15.659238][__main__.TRPOAgent.log][batch_info]: Current batch value loss: 3.308424980369858e-16

[2020-01-29 13:41:16.422846][__main__.TRPOAgent.log][learning]: Episode #18

[2020-01-29 13:41:16.423360][__main__.TRPOAgent.log][learning]: Performing rollouts: rollout length: 1500

