LOGGER started at 2020-01-31 14:00:37.306972.
Currently active debug channels:
	act
	batch_info
	linesearch
	learning
	thread_rollouts
[2020-01-31 14:00:37.782884][__main__.TRPOAgent.log][learning]: Episode #0

[2020-01-31 14:00:37.962021][__main__.TRPOAgent.log][learning]: Performing rollouts: rollout length: 1000

[2020-01-31 14:00:37.969106][EnvironmentNew.Environment.log][thread_rollouts]: Thread number: 0

[2020-01-31 14:00:37.969341][EnvironmentNew.Environment.log][thread_rollouts]: Thread number: 1

[2020-01-31 14:00:38.083392][EnvironmentNew.Environment.log][thread_rollouts]: Thread number: 1, Steps performed: 45

[2020-01-31 14:00:38.120142][EnvironmentNew.Environment.log][thread_rollouts]: Thread number: 0, Steps performed: 77

[2020-01-31 14:00:38.120815][EnvironmentNew.Environment.log][thread_rollouts]: Thread number: 2

[2020-01-31 14:00:38.121274][EnvironmentNew.Environment.log][thread_rollouts]: Thread number: 3

[2020-01-31 14:00:38.279403][EnvironmentNew.Environment.log][thread_rollouts]: Thread number: 3, Steps performed: 77

[2020-01-31 14:00:38.291856][EnvironmentNew.Environment.log][thread_rollouts]: Thread number: 2, Steps performed: 75

[2020-01-31 14:00:38.292501][EnvironmentNew.Environment.log][thread_rollouts]: Thread number: 4

[2020-01-31 14:00:38.292710][EnvironmentNew.Environment.log][thread_rollouts]: Thread number: 5

[2020-01-31 14:00:38.379570][EnvironmentNew.Environment.log][thread_rollouts]: Thread number: 4, Steps performed: 35

[2020-01-31 14:00:38.382162][EnvironmentNew.Environment.log][thread_rollouts]: Thread number: 5, Steps performed: 37

[2020-01-31 14:00:38.382902][EnvironmentNew.Environment.log][thread_rollouts]: Thread number: 6

[2020-01-31 14:00:38.383213][EnvironmentNew.Environment.log][thread_rollouts]: Thread number: 7

[2020-01-31 14:00:38.458492][EnvironmentNew.Environment.log][thread_rollouts]: Thread number: 7, Steps performed: 29

[2020-01-31 14:00:38.477365][EnvironmentNew.Environment.log][thread_rollouts]: Thread number: 6, Steps performed: 48

[2020-01-31 14:00:38.477913][EnvironmentNew.Environment.log][thread_rollouts]: Thread number: 8

[2020-01-31 14:00:38.478045][EnvironmentNew.Environment.log][thread_rollouts]: Thread number: 9

[2020-01-31 14:00:38.570922][EnvironmentNew.Environment.log][thread_rollouts]: Thread number: 8, Steps performed: 36

[2020-01-31 14:00:38.628146][EnvironmentNew.Environment.log][thread_rollouts]: Thread number: 9, Steps performed: 80

[2020-01-31 14:00:38.628862][EnvironmentNew.Environment.log][thread_rollouts]: Thread number: 11

[2020-01-31 14:00:38.628717][EnvironmentNew.Environment.log][thread_rollouts]: Thread number: 10

[2020-01-31 14:00:38.713059][EnvironmentNew.Environment.log][thread_rollouts]: Thread number: 11, Steps performed: 36

[2020-01-31 14:00:38.712935][EnvironmentNew.Environment.log][thread_rollouts]: Thread number: 10, Steps performed: 34

[2020-01-31 14:00:38.714189][EnvironmentNew.Environment.log][thread_rollouts]: Thread number: 13

[2020-01-31 14:00:38.714068][EnvironmentNew.Environment.log][thread_rollouts]: Thread number: 12

[2020-01-31 14:00:38.811978][EnvironmentNew.Environment.log][thread_rollouts]: Thread number: 13, Steps performed: 37

[2020-01-31 14:00:38.853597][EnvironmentNew.Environment.log][thread_rollouts]: Thread number: 12, Steps performed: 77

[2020-01-31 14:00:38.854201][EnvironmentNew.Environment.log][thread_rollouts]: Thread number: 14

[2020-01-31 14:00:38.854574][EnvironmentNew.Environment.log][thread_rollouts]: Thread number: 15

[2020-01-31 14:00:38.927690][EnvironmentNew.Environment.log][thread_rollouts]: Thread number: 15, Steps performed: 27

[2020-01-31 14:00:38.936833][EnvironmentNew.Environment.log][thread_rollouts]: Thread number: 14, Steps performed: 37

[2020-01-31 14:00:38.937297][EnvironmentNew.Environment.log][thread_rollouts]: Thread number: 16

[2020-01-31 14:00:38.937405][EnvironmentNew.Environment.log][thread_rollouts]: Thread number: 17

[2020-01-31 14:00:39.037649][EnvironmentNew.Environment.log][thread_rollouts]: Thread number: 16, Steps performed: 40

[2020-01-31 14:00:39.073632][EnvironmentNew.Environment.log][thread_rollouts]: Thread number: 17, Steps performed: 75

[2020-01-31 14:00:39.074180][EnvironmentNew.Environment.log][thread_rollouts]: Thread number: 18

[2020-01-31 14:00:39.074598][EnvironmentNew.Environment.log][thread_rollouts]: Thread number: 19

[2020-01-31 14:00:39.178013][EnvironmentNew.Environment.log][thread_rollouts]: Thread number: 19, Steps performed: 41

[2020-01-31 14:00:39.227927][EnvironmentNew.Environment.log][thread_rollouts]: Thread number: 18, Steps performed: 77

[2020-01-31 14:00:39.228435][EnvironmentNew.Environment.log][thread_rollouts]: Thread number: 20

[2020-01-31 14:00:39.228669][EnvironmentNew.Environment.log][thread_rollouts]: Thread number: 21

[2020-01-31 14:00:39.348313][EnvironmentNew.Environment.log][thread_rollouts]: Thread number: 20, Steps performed: 49

[2020-01-31 14:00:39.395064][EnvironmentNew.Environment.log][thread_rollouts]: Thread number: 21, Steps performed: 79

[2020-01-31 14:00:39.395614][EnvironmentNew.Environment.log][thread_rollouts]: Thread number: 22

[2020-01-31 14:00:39.395848][EnvironmentNew.Environment.log][thread_rollouts]: Thread number: 23

[2020-01-31 14:00:39.495363][EnvironmentNew.Environment.log][thread_rollouts]: Thread number: 23, Steps performed: 34

[2020-01-31 14:00:39.508136][EnvironmentNew.Environment.log][thread_rollouts]: Thread number: 22, Steps performed: 43

[2020-01-31 14:00:39.508720][EnvironmentNew.Environment.log][thread_rollouts]: Thread number: 24

[2020-01-31 14:00:39.508870][EnvironmentNew.Environment.log][thread_rollouts]: Thread number: 25

[2020-01-31 14:00:39.616842][EnvironmentNew.Environment.log][thread_rollouts]: Thread number: 25, Steps performed: 42

[2020-01-31 14:00:39.617469][EnvironmentNew.Environment.log][thread_rollouts]: Thread number: 24, Steps performed: 40

[2020-01-31 14:00:39.618462][EnvironmentNew.Environment.log][thread_rollouts]: Thread number: 27

[2020-01-31 14:00:39.618319][EnvironmentNew.Environment.log][thread_rollouts]: Thread number: 26

[2020-01-31 14:00:39.706085][EnvironmentNew.Environment.log][thread_rollouts]: Thread number: 27, Steps performed: 35

[2020-01-31 14:00:39.709513][EnvironmentNew.Environment.log][thread_rollouts]: Thread number: 26, Steps performed: 43

[2020-01-31 14:00:39.709996][EnvironmentNew.Environment.log][thread_rollouts]: Thread number: 28

[2020-01-31 14:00:39.710450][EnvironmentNew.Environment.log][thread_rollouts]: Thread number: 29

[2020-01-31 14:00:39.788880][EnvironmentNew.Environment.log][thread_rollouts]: Thread number: 28, Steps performed: 34

[2020-01-31 14:00:39.808129][EnvironmentNew.Environment.log][thread_rollouts]: Thread number: 29, Steps performed: 44

[2020-01-31 14:00:39.808641][EnvironmentNew.Environment.log][thread_rollouts]: Thread number: 30

[2020-01-31 14:00:39.808879][EnvironmentNew.Environment.log][thread_rollouts]: Thread number: 31

[2020-01-31 14:00:39.901010][EnvironmentNew.Environment.log][thread_rollouts]: Thread number: 31, Steps performed: 42

[2020-01-31 14:00:39.900641][EnvironmentNew.Environment.log][thread_rollouts]: Thread number: 30, Steps performed: 36

[2020-01-31 14:00:39.902131][EnvironmentNew.Environment.log][thread_rollouts]: Thread number: 33

[2020-01-31 14:00:39.901981][EnvironmentNew.Environment.log][thread_rollouts]: Thread number: 32

[2020-01-31 14:00:39.982496][EnvironmentNew.Environment.log][thread_rollouts]: Thread number: 33, Steps performed: 33

[2020-01-31 14:00:40.043352][EnvironmentNew.Environment.log][thread_rollouts]: Thread number: 32, Steps performed: 77

[2020-01-31 14:00:40.043878][EnvironmentNew.Environment.log][thread_rollouts]: Thread number: 34

[2020-01-31 14:00:40.044035][EnvironmentNew.Environment.log][thread_rollouts]: Thread number: 35

[2020-01-31 14:00:40.122839][EnvironmentNew.Environment.log][thread_rollouts]: Thread number: 35, Steps performed: 31

[2020-01-31 14:00:40.178102][EnvironmentNew.Environment.log][thread_rollouts]: Thread number: 34, Steps performed: 75

[2020-01-31 14:00:40.178793][EnvironmentNew.Environment.log][thread_rollouts]: Thread number: 37

[2020-01-31 14:00:40.178623][EnvironmentNew.Environment.log][thread_rollouts]: Thread number: 36

[2020-01-31 14:00:40.249268][EnvironmentNew.Environment.log][thread_rollouts]: Thread number: 36, Steps performed: 27

[2020-01-31 14:00:40.315247][EnvironmentNew.Environment.log][thread_rollouts]: Thread number: 37, Steps performed: 75

[2020-01-31 14:00:40.315825][EnvironmentNew.Environment.log][thread_rollouts]: Thread number: 38

[2020-01-31 14:00:40.316088][EnvironmentNew.Environment.log][thread_rollouts]: Thread number: 39

[2020-01-31 14:00:40.445853][EnvironmentNew.Environment.log][thread_rollouts]: Thread number: 39, Steps performed: 46

[2020-01-31 14:00:40.466491][EnvironmentNew.Environment.log][thread_rollouts]: Thread number: 38, Steps performed: 74

[2020-01-31 14:00:40.466959][EnvironmentNew.Environment.log][thread_rollouts]: Thread number: 40

[2020-01-31 14:00:40.467292][EnvironmentNew.Environment.log][thread_rollouts]: Thread number: 41

[2020-01-31 14:00:40.564197][EnvironmentNew.Environment.log][thread_rollouts]: Thread number: 40, Steps performed: 37

[2020-01-31 14:00:40.612156][EnvironmentNew.Environment.log][thread_rollouts]: Thread number: 41, Steps performed: 73

[2020-01-31 14:00:40.612815][EnvironmentNew.Environment.log][thread_rollouts]: Thread number: 43

[2020-01-31 14:00:40.612673][EnvironmentNew.Environment.log][thread_rollouts]: Thread number: 42

[2020-01-31 14:00:40.706585][EnvironmentNew.Environment.log][thread_rollouts]: Thread number: 42, Steps performed: 34

[2020-01-31 14:00:40.710238][EnvironmentNew.Environment.log][thread_rollouts]: Thread number: 43, Steps performed: 44

[2020-01-31 14:00:40.710677][EnvironmentNew.Environment.log][thread_rollouts]: Thread number: 44

[2020-01-31 14:00:40.710812][EnvironmentNew.Environment.log][thread_rollouts]: Thread number: 45

[2020-01-31 14:00:40.895351][EnvironmentNew.Environment.log][thread_rollouts]: Thread number: 44, Steps performed: 74

[2020-01-31 14:00:40.907612][EnvironmentNew.Environment.log][thread_rollouts]: Thread number: 45, Steps performed: 79

[2020-01-31 14:00:40.908164][EnvironmentNew.Environment.log][thread_rollouts]: Thread number: 46

[2020-01-31 14:00:40.908320][EnvironmentNew.Environment.log][thread_rollouts]: Thread number: 47

[2020-01-31 14:00:41.016717][EnvironmentNew.Environment.log][thread_rollouts]: Thread number: 47, Steps performed: 34

[2020-01-31 14:00:41.017804][EnvironmentNew.Environment.log][thread_rollouts]: Thread number: 46, Steps performed: 37

[2020-01-31 14:00:41.019181][EnvironmentNew.Environment.log][thread_rollouts]: Thread number: 49

[2020-01-31 14:00:41.018869][EnvironmentNew.Environment.log][thread_rollouts]: Thread number: 48

[2020-01-31 14:00:41.125541][EnvironmentNew.Environment.log][thread_rollouts]: Thread number: 49, Steps performed: 38

[2020-01-31 14:00:41.129555][EnvironmentNew.Environment.log][thread_rollouts]: Thread number: 48, Steps performed: 38

[2020-01-31 14:00:41.130167][EnvironmentNew.Environment.log][thread_rollouts]: Thread number: 50

[2020-01-31 14:00:41.130377][EnvironmentNew.Environment.log][thread_rollouts]: Thread number: 51

[2020-01-31 14:00:41.257612][EnvironmentNew.Environment.log][thread_rollouts]: Thread number: 50, Steps performed: 41

[2020-01-31 14:00:41.260331][EnvironmentNew.Environment.log][thread_rollouts]: Thread number: 51, Steps performed: 42

