LOGGER started at 2020-01-27 17:49:17.261807.
Currently active debug channels:
	rollouts
	act
	training
	batch_info
	linesearch
	learning
	thread_rollouts
[2020-01-27 17:49:17.429036][__main__.TRPOAgent.log][learning]: Episode #0

[2020-01-27 17:49:17.673733][__main__.TRPOAgent.log][learning]: Performing rollouts: rollout length: 1500

[2020-01-27 17:49:17.695178][Environment.Environment.log][rollouts]: Rollout thread #1

[2020-01-27 17:49:17.696237][Environment.Environment.log][rollouts]: Rollout thread #2

[2020-01-27 17:49:17.696133][Environment.Environment.log][thread_rollouts]: Thread number: 0

[2020-01-27 17:49:17.698168][Environment.Environment.log][thread_rollouts]: Thread number: 1

[2020-01-27 17:49:21.138906][Environment.Environment.log][thread_rollouts]: Thread number: 0, Steps performed: 1500

[2020-01-27 17:49:21.188137][Environment.Environment.log][thread_rollouts]: Thread number: 1, Steps performed: 1500

[2020-01-27 17:49:21.188596][Environment.Environment.log][rollouts]: Rollout thread #3

[2020-01-27 17:49:21.189088][Environment.Environment.log][thread_rollouts]: Thread number: 2

[2020-01-27 17:49:21.189252][Environment.Environment.log][rollouts]: Rollout thread #4

[2020-01-27 17:49:21.191716][Environment.Environment.log][thread_rollouts]: Thread number: 3

[2020-01-27 17:49:24.620338][Environment.Environment.log][thread_rollouts]: Thread number: 3, Steps performed: 1500

[2020-01-27 17:49:24.622765][Environment.Environment.log][thread_rollouts]: Thread number: 2, Steps performed: 1500

[2020-01-27 17:49:24.623333][Environment.Environment.log][rollouts]: Rollout thread #5

[2020-01-27 17:49:24.623754][Environment.Environment.log][thread_rollouts]: Thread number: 4

[2020-01-27 17:49:24.623810][Environment.Environment.log][rollouts]: Rollout thread #6

[2020-01-27 17:49:24.626219][Environment.Environment.log][thread_rollouts]: Thread number: 5

[2020-01-27 17:49:27.775008][Environment.Environment.log][thread_rollouts]: Thread number: 5, Steps performed: 1500

[2020-01-27 17:49:27.806027][Environment.Environment.log][thread_rollouts]: Thread number: 4, Steps performed: 1500

[2020-01-27 17:49:27.806657][Environment.Environment.log][rollouts]: Rollout thread #7

[2020-01-27 17:49:27.807427][Environment.Environment.log][rollouts]: Rollout thread #8

[2020-01-27 17:49:27.807346][Environment.Environment.log][thread_rollouts]: Thread number: 6

[2020-01-27 17:49:27.808331][Environment.Environment.log][thread_rollouts]: Thread number: 7

[2020-01-27 17:49:30.886325][Environment.Environment.log][thread_rollouts]: Thread number: 7, Steps performed: 1500

[2020-01-27 17:49:30.896177][Environment.Environment.log][thread_rollouts]: Thread number: 6, Steps performed: 1500

[2020-01-27 17:49:30.896723][Environment.Environment.log][rollouts]: Rollout thread #9

[2020-01-27 17:49:30.897354][Environment.Environment.log][thread_rollouts]: Thread number: 8

[2020-01-27 17:49:30.897462][Environment.Environment.log][rollouts]: Rollout thread #10

[2020-01-27 17:49:30.900941][Environment.Environment.log][thread_rollouts]: Thread number: 9

[2020-01-27 17:49:33.892789][Environment.Environment.log][thread_rollouts]: Thread number: 8, Steps performed: 1500

[2020-01-27 17:49:33.993167][Environment.Environment.log][thread_rollouts]: Thread number: 9, Steps performed: 1500

[2020-01-27 17:49:33.993710][__main__.TRPOAgent.log][rollouts]: Unpacking actions

[2020-01-27 17:49:34.000376][__main__.TRPOAgent.log][rollouts]: Unpacking rewards

[2020-01-27 17:49:34.058316][__main__.TRPOAgent.log][rollouts]: Unpacking observations

[2020-01-27 17:49:34.061782][__main__.TRPOAgent.log][learning]: Rollouts performed

[2020-01-27 17:49:34.063150][__main__.TRPOAgent.log][batch_info]: Rollout statistics size: 15000, Batch size: 5000, Number of batches: 3

[2020-01-27 17:49:34.063538][__main__.TRPOAgent.log][learning]: 

***************
BEGINNING TRAINING
***************



[2020-01-27 17:49:34.079574][__main__.TRPOAgent.log][batch_info]: Batch #0, batch length: 5000

[2020-01-27 17:49:37.836202][__main__.TRPOAgent.log][training]: policy_gradient: [ 0.00000000e+00  5.77303610e-04  0.00000000e+00  0.00000000e+00
 -4.01420261e-04  3.84298606e-05  0.00000000e+00 -3.50628440e-05
  6.66532988e-04  0.00000000e+00  0.00000000e+00  2.43614486e-04
  0.00000000e+00 -2.07367295e-04  0.00000000e+00  1.97390977e-04
  4.23975493e-04 -1.71862904e-04  3.71344376e-04  0.00000000e+00
  8.13937933e-06  3.13741627e-04 -1.36009896e-04  6.76697673e-04
  3.94578728e-06  5.22898365e-04  0.00000000e+00 -5.12817952e-04
  0.00000000e+00  0.00000000e+00  0.00000000e+00  0.00000000e+00
  0.00000000e+00  2.79719714e-04  0.00000000e+00  0.00000000e+00
 -8.32680768e-05  5.96718464e-05  0.00000000e+00  1.49842932e-04
  1.75829932e-04  0.00000000e+00  0.00000000e+00  4.69563064e-05
  0.00000000e+00 -5.26669285e-05  0.00000000e+00  1.82120356e-04
  6.53085051e-05 -1.45519612e-04  9.93007818e-05  0.00000000e+00
 -1.97071904e-05  2.21194953e-04 -2.34431724e-04  1.46427755e-04
  2.68280774e-04  1.92643809e-04  0.00000000e+00 -2.03710105e-04
  0.00000000e+00  0.00000000e+00  0.00000000e+00  0.00000000e+00
  0.00000000e+00  1.13327828e-04  0.00000000e+00  0.00000000e+00
  2.70248504e-04  1.36365769e-04  0.00000000e+00  5.16644095e-04
 -3.30838492e-04  0.00000000e+00  0.00000000e+00 -1.75235295e-04
  0.00000000e+00  1.09317673e-04  0.00000000e+00  3.10124298e-04
 -3.56473512e-04 -2.29072717e-04 -1.80111494e-04  0.00000000e+00
 -7.26201071e-05  2.78674556e-04 -5.55559011e-04 -4.36563820e-04
  8.36654248e-04 -8.78792090e-05  0.00000000e+00  3.98044267e-05
  0.00000000e+00  0.00000000e+00  0.00000000e+00  0.00000000e+00
  0.00000000e+00  0.00000000e+00  0.00000000e+00  0.00000000e+00
  0.00000000e+00  0.00000000e+00  0.00000000e+00  0.00000000e+00
  0.00000000e+00  0.00000000e+00  0.00000000e+00  0.00000000e+00
  0.00000000e+00  0.00000000e+00  0.00000000e+00  0.00000000e+00
  6.67654964e-05  0.00000000e+00  2.38899421e-05  0.00000000e+00
 -4.64681914e-05  0.00000000e+00  0.00000000e+00 -8.39916370e-06
 -4.60183936e-05  0.00000000e+00 -4.47560101e-05  0.00000000e+00
 -4.73579305e-05 -1.67063417e-05  2.63714109e-05 -1.97142565e-05
  0.00000000e+00  0.00000000e+00  0.00000000e+00  0.00000000e+00
  0.00000000e+00  0.00000000e+00  0.00000000e+00  0.00000000e+00
  0.00000000e+00  0.00000000e+00  0.00000000e+00  0.00000000e+00
  0.00000000e+00  0.00000000e+00  0.00000000e+00  0.00000000e+00
  0.00000000e+00  0.00000000e+00  0.00000000e+00  0.00000000e+00
  0.00000000e+00  0.00000000e+00  0.00000000e+00  0.00000000e+00
  0.00000000e+00  0.00000000e+00  0.00000000e+00  0.00000000e+00
  0.00000000e+00  0.00000000e+00  0.00000000e+00  0.00000000e+00
  1.72750567e-04  0.00000000e+00  6.83126693e-05  0.00000000e+00
 -2.00164822e-04  0.00000000e+00  0.00000000e+00 -1.61874328e-05
  2.85619660e-06  0.00000000e+00 -1.38051243e-04  0.00000000e+00
  2.14047628e-05 -2.71774035e-04 -1.73714651e-05  1.24343485e-05
 -6.30047372e-05  0.00000000e+00 -1.96276960e-05  0.00000000e+00
  7.98101501e-06  0.00000000e+00  0.00000000e+00  1.04142828e-05
  9.81406097e-05  0.00000000e+00  3.22509043e-05  0.00000000e+00
  1.09283776e-04 -8.67961774e-05 -6.33016829e-05  4.70742493e-05
  0.00000000e+00  0.00000000e+00  0.00000000e+00  0.00000000e+00
  0.00000000e+00  0.00000000e+00  0.00000000e+00  0.00000000e+00
  0.00000000e+00  0.00000000e+00  0.00000000e+00  0.00000000e+00
  0.00000000e+00  0.00000000e+00  0.00000000e+00  0.00000000e+00
  1.45596705e-04  0.00000000e+00  5.09841238e-05  0.00000000e+00
 -8.76444998e-05  0.00000000e+00  0.00000000e+00 -1.92658254e-05
 -1.21234598e-04  0.00000000e+00 -9.37898439e-05  0.00000000e+00
 -1.27926056e-04  2.71029385e-06  7.21697828e-05 -5.38568452e-05
  2.66389638e-05  0.00000000e+00  1.32574550e-05  0.00000000e+00
 -6.43592523e-05  0.00000000e+00  0.00000000e+00 -1.72831188e-07
  5.15292275e-05  0.00000000e+00 -3.06106785e-05  0.00000000e+00
  6.36139683e-05 -1.37674291e-04 -3.85489327e-05  2.85013479e-05
  0.00000000e+00  0.00000000e+00  0.00000000e+00  0.00000000e+00
  0.00000000e+00  0.00000000e+00  0.00000000e+00  0.00000000e+00
  0.00000000e+00  0.00000000e+00  0.00000000e+00  0.00000000e+00
  0.00000000e+00  0.00000000e+00  0.00000000e+00  0.00000000e+00
  0.00000000e+00  0.00000000e+00  0.00000000e+00  0.00000000e+00
  0.00000000e+00  0.00000000e+00  0.00000000e+00  0.00000000e+00
  0.00000000e+00  0.00000000e+00  0.00000000e+00  0.00000000e+00
  0.00000000e+00  0.00000000e+00  0.00000000e+00  0.00000000e+00
  6.91748490e-05  0.00000000e+00  2.78055285e-05  0.00000000e+00
 -8.56984591e-05  0.00000000e+00  0.00000000e+00 -6.09724365e-06
  9.60347457e-06  0.00000000e+00 -5.68238403e-05  0.00000000e+00
  1.85583868e-05 -1.24684753e-04 -1.28958100e-05  9.38112482e-06
  0.00000000e+00  0.00000000e+00  0.00000000e+00  0.00000000e+00
  0.00000000e+00  0.00000000e+00  0.00000000e+00  0.00000000e+00
  0.00000000e+00  0.00000000e+00  0.00000000e+00  0.00000000e+00
  0.00000000e+00  0.00000000e+00  0.00000000e+00  0.00000000e+00
  2.61849121e-04  0.00000000e+00  9.32909964e-05  0.00000000e+00
 -1.77282040e-04  0.00000000e+00  0.00000000e+00 -3.32851204e-05
 -1.88050378e-04  0.00000000e+00 -1.74148304e-04  0.00000000e+00
 -1.94670721e-04 -5.13314808e-05  1.08741496e-04 -8.12567123e-05
  0.00000000e+00  0.00000000e+00  0.00000000e+00  0.00000000e+00
  0.00000000e+00  0.00000000e+00  0.00000000e+00  0.00000000e+00
  0.00000000e+00  0.00000000e+00  0.00000000e+00  0.00000000e+00
  0.00000000e+00  0.00000000e+00  0.00000000e+00  0.00000000e+00
  1.13591551e-04  0.00000000e+00  4.39823103e-05  0.00000000e+00
 -1.20100650e-04  0.00000000e+00  0.00000000e+00 -1.14429115e-05
 -1.56895984e-05  0.00000000e+00 -8.75694343e-05  0.00000000e+00
 -6.66502775e-06 -1.45773652e-04  9.11972094e-07 -9.65131066e-07
  1.83302334e-04  0.00000000e+00  7.25867074e-05  0.00000000e+00
 -2.13638594e-04  0.00000000e+00  0.00000000e+00 -1.70896383e-05
  4.93356978e-06  0.00000000e+00 -1.46830780e-04  0.00000000e+00
  2.49586853e-05 -2.91941243e-04 -1.97685938e-05  1.41840264e-05
  1.24822491e-04  0.00000000e+00  4.71024053e-05  0.00000000e+00
 -1.16866462e-04  0.00000000e+00  0.00000000e+00 -1.36223528e-05
 -4.02870835e-05  0.00000000e+00 -9.20221327e-05  0.00000000e+00
 -3.45314124e-05 -1.16986535e-04  1.71832313e-05 -1.30526003e-05
  3.18050660e-04  0.00000000e+00  1.14874633e-04  0.00000000e+00
 -2.34521923e-04  0.00000000e+00  0.00000000e+00 -3.90980869e-05
 -1.99141676e-04  0.00000000e+00 -2.16867528e-04  0.00000000e+00
 -2.01897944e-04 -1.17216330e-04  1.11529753e-04 -8.34662447e-05
  0.00000000e+00  0.00000000e+00  0.00000000e+00  0.00000000e+00
  0.00000000e+00  0.00000000e+00  0.00000000e+00  0.00000000e+00
  0.00000000e+00  0.00000000e+00  0.00000000e+00  0.00000000e+00
  0.00000000e+00  0.00000000e+00  0.00000000e+00  0.00000000e+00
 -3.08792163e-05  0.00000000e+00 -8.76838074e-06  0.00000000e+00
 -6.55867441e-06  0.00000000e+00  0.00000000e+00  5.83044273e-06
  6.40705604e-05  0.00000000e+00  1.28921506e-05  0.00000000e+00
  7.24156009e-05 -7.24769619e-05 -4.22381648e-05  3.13819593e-05
  2.35070462e-04  0.00000000e+00  9.06162275e-05  0.00000000e+00
 -2.43592231e-04  0.00000000e+00  0.00000000e+00 -2.40236372e-05
 -4.00167218e-05  0.00000000e+00 -1.79842000e-04  0.00000000e+00
 -2.27038148e-05 -2.87520426e-04  7.18689681e-06 -5.92491019e-06
  1.43675310e-04  0.00000000e+00  5.72241241e-05  0.00000000e+00
 -1.71505720e-04  0.00000000e+00  0.00000000e+00 -1.31140265e-05
  1.00483352e-05  0.00000000e+00 -1.16216268e-04  0.00000000e+00
  2.68604262e-05 -2.40415060e-04 -1.98349370e-05  1.43341025e-05
  1.25035617e-04  0.00000000e+00  4.70008993e-05  0.00000000e+00
 -1.14828522e-04  0.00000000e+00  0.00000000e+00 -1.38008227e-05
 -4.37688425e-05  0.00000000e+00 -9.15564665e-05  0.00000000e+00
 -3.86195814e-05 -1.10788700e-04  1.96088666e-05 -1.48508171e-05
 -5.06112499e-05  0.00000000e+00 -1.46872543e-05  0.00000000e+00
 -6.86561005e-06  0.00000000e+00  0.00000000e+00  9.28670199e-06
  9.90874276e-05  0.00000000e+00  2.22114381e-05  0.00000000e+00
  1.11695264e-04 -1.07684516e-04 -6.50688527e-05  4.83523656e-05
  1.64141824e-04  0.00000000e+00  5.74173602e-05  0.00000000e+00
 -9.80606160e-05  0.00000000e+00  0.00000000e+00 -2.17716245e-05
 -1.37816762e-04  0.00000000e+00 -1.05528111e-04  0.00000000e+00
 -1.45566390e-04  5.19266481e-06  8.21627772e-05 -6.13100250e-05
  0.00000000e+00  0.00000000e+00  0.00000000e+00  0.00000000e+00
  0.00000000e+00  0.00000000e+00  0.00000000e+00  0.00000000e+00
  0.00000000e+00  0.00000000e+00  0.00000000e+00  0.00000000e+00
  0.00000000e+00  0.00000000e+00  0.00000000e+00  0.00000000e+00
  3.14220319e-04  0.00000000e+00  1.14250533e-04  0.00000000e+00
 -2.41036519e-04  0.00000000e+00  0.00000000e+00 -3.79793909e-05
 -1.82498037e-04  0.00000000e+00 -2.16855197e-04  0.00000000e+00
 -1.82649008e-04 -1.42507423e-04  1.00184723e-04 -7.50485219e-05
  0.00000000e+00  0.00000000e+00  0.00000000e+00  0.00000000e+00
  0.00000000e+00  0.00000000e+00  0.00000000e+00  0.00000000e+00
  0.00000000e+00  0.00000000e+00  0.00000000e+00  0.00000000e+00
  0.00000000e+00  0.00000000e+00  0.00000000e+00  0.00000000e+00
  0.00000000e+00  0.00000000e+00  0.00000000e+00  0.00000000e+00
  0.00000000e+00  0.00000000e+00  0.00000000e+00  0.00000000e+00
  0.00000000e+00  0.00000000e+00  0.00000000e+00  0.00000000e+00
  0.00000000e+00  0.00000000e+00  0.00000000e+00  0.00000000e+00
  0.00000000e+00  0.00000000e+00  0.00000000e+00  0.00000000e+00
  0.00000000e+00  0.00000000e+00  0.00000000e+00  0.00000000e+00
  0.00000000e+00  0.00000000e+00  0.00000000e+00  0.00000000e+00
  0.00000000e+00  0.00000000e+00  0.00000000e+00  0.00000000e+00
  0.00000000e+00  0.00000000e+00  0.00000000e+00  0.00000000e+00
  0.00000000e+00  0.00000000e+00  0.00000000e+00  0.00000000e+00
  0.00000000e+00  0.00000000e+00  0.00000000e+00  0.00000000e+00
  0.00000000e+00  0.00000000e+00  0.00000000e+00  0.00000000e+00
  1.94418317e-04  0.00000000e+00  1.06407399e-04  0.00000000e+00
 -5.88403768e-04  0.00000000e+00  0.00000000e+00  6.97215388e-06
  5.57123487e-04  0.00000000e+00 -2.56442254e-04  0.00000000e+00
  6.78010987e-04 -1.34415919e-03 -4.08457802e-04  3.02219026e-04
 -1.48507901e-04 -4.30260731e-05  1.91533974e-04  0.00000000e+00
  0.00000000e+00  0.00000000e+00 -5.11184069e-05 -7.83578850e-06
  5.89541954e-05  0.00000000e+00  0.00000000e+00  0.00000000e+00
 -1.18952617e-05 -1.01942273e-04  1.13837535e-04  0.00000000e+00
  0.00000000e+00  0.00000000e+00  0.00000000e+00  0.00000000e+00
  0.00000000e+00  3.18261110e-05 -4.64232273e-05  1.45971163e-05
 -3.38003167e-04 -1.94885022e-04  5.32888189e-04  0.00000000e+00
  0.00000000e+00  0.00000000e+00  1.32538964e-05 -2.39511542e-05
  1.06972578e-05  0.00000000e+00  0.00000000e+00  0.00000000e+00
 -2.20969617e-04  5.45571759e-05  1.66412441e-04 -2.66890211e-04
 -1.19871994e-04  3.86762205e-04 -2.84524000e-04  6.75246308e-05
  2.16999370e-04 -4.83026562e-05 -1.56770613e-04  2.05073269e-04
  2.68015812e-04 -1.30815956e-03  1.04014374e-03]

[2020-01-27 17:49:37.836750][__main__.TRPOAgent.log][training]: Initiating conjugate gradients

[2020-01-27 17:49:38.081666][__main__.TRPOAgent.log][training]: gradient_step_direction: tf.Tensor(
[ 0.          0.0850012   0.          0.         -0.0374963   0.01363317
  0.          0.02724667  0.06955842  0.          0.          0.0220608
  0.         -0.02124504  0.          0.04586318  0.03520535 -0.03739716
  0.0390134   0.         -0.00339608  0.05963357 -0.05276526  0.06438649
  0.05232668  0.06519591  0.         -0.0668104   0.          0.
  0.          0.          0.          0.19542415  0.          0.
 -0.05818127  0.04168686  0.          0.10467674  0.12285108  0.
  0.          0.03280992  0.         -0.03679822  0.          0.12723192
  0.04563566 -0.10166251  0.06938058  0.         -0.01376688  0.15453213
 -0.16377399  0.1023115   0.18741655  0.13459282  0.         -0.14232326
  0.          0.          0.          0.          0.          0.02747369
  0.          0.         -0.01507693  0.00331488  0.          0.00437067
  0.02639425  0.          0.          0.00902042  0.         -0.00813785
  0.          0.01252428  0.01510461 -0.0104322   0.01475362  0.
 -0.00046881  0.01743512 -0.01257344  0.02563541  0.00983021  0.02268677
  0.         -0.0227843   0.          0.          0.          0.
  0.          0.          0.          0.          0.          0.
  0.          0.          0.          0.          0.          0.
  0.          0.          0.          0.          0.02156964  0.
  0.00725609  0.         -0.00933121  0.          0.         -0.00310757
 -0.02353265  0.         -0.01287785  0.         -0.02553006  0.0108465
  0.014604   -0.01087817  0.          0.          0.          0.
  0.          0.          0.          0.          0.          0.
  0.          0.          0.          0.          0.          0.
  0.          0.          0.          0.          0.          0.
  0.          0.          0.          0.          0.          0.
  0.          0.          0.          0.         -0.03942282  0.
 -0.01251564  0.          0.00787604  0.          0.          0.00631641
  0.05701134  0.          0.02098203  0.          0.06318994 -0.04606834
 -0.03652182  0.02716725 -0.06309062  0.         -0.02088896  0.
  0.02317462  0.          0.          0.00937528  0.07511522  0.
  0.03652087  0.          0.08209202 -0.04350287 -0.04712759  0.03508761
  0.          0.          0.          0.          0.          0.
  0.          0.          0.          0.          0.          0.
  0.          0.          0.          0.          0.06334728  0.
  0.0211824   0.         -0.02583261  0.          0.         -0.00923558
 -0.07151021  0.         -0.03738304  0.         -0.0778093   0.03634947
  0.04457363 -0.03319548 -0.04598331  0.         -0.01504112  0.
  0.0146314   0.          0.          0.00698985  0.05819368  0.
  0.02598921  0.          0.06390094 -0.03816689 -0.03676841  0.02736671
  0.          0.          0.          0.          0.          0.
  0.          0.          0.          0.          0.          0.
  0.          0.          0.          0.          0.          0.
  0.          0.          0.          0.          0.          0.
  0.          0.          0.          0.          0.          0.
  0.          0.         -0.02239386  0.         -0.00718273  0.
  0.00537551  0.          0.          0.00352545  0.03100965  0.
  0.01216964  0.          0.03427106 -0.02359093 -0.01978039  0.01471657
  0.          0.          0.          0.          0.          0.
  0.          0.          0.          0.          0.          0.
  0.          0.          0.          0.          0.09050706  0.
  0.03040051  0.         -0.03858428  0.          0.         -0.01307901
 -0.09961315  0.         -0.05387733  0.         -0.10815132  0.0471417
  0.06188926 -0.04609751  0.          0.          0.          0.
  0.          0.          0.          0.          0.          0.
  0.          0.          0.          0.          0.          0.
 -0.01220069  0.         -0.00372114  0.          0.00056526  0.
  0.          0.00208469  0.02049988  0.          0.00597246  0.
  0.02292769 -0.0196106  -0.013308    0.00989383 -0.04331712  0.
 -0.01376846  0.          0.00885686  0.          0.          0.00692629
  0.06233374  0.          0.02311114  0.          0.06906683 -0.05003924
 -0.03991236  0.02968995  0.00459383  0.          0.0018254   0.
 -0.00543122  0.          0.         -0.00042294  0.00024128  0.
 -0.00370126  0.          0.00076438 -0.00753699 -0.00057802  0.00041669
  0.08707041  0.          0.02941363  0.         -0.03917875  0.
  0.         -0.01243952 -0.09268914  0.         -0.05240481  0.
 -0.10033588  0.03946282  0.05733351 -0.04271243  0.          0.
  0.          0.          0.          0.          0.          0.
  0.          0.          0.          0.          0.          0.
  0.          0.         -0.04339578  0.         -0.01433657  0.
  0.01555236  0.          0.          0.00647553  0.05225837  0.
  0.02501227  0.          0.05716407 -0.03103178 -0.03283131  0.02444228
 -0.01935292  0.         -0.00576357  0.         -0.00081249  0.
  0.          0.00342533  0.03512426  0.          0.00899788  0.
  0.03944602 -0.03599351 -0.0229398   0.01705031 -0.03878072  0.
 -0.01237828  0.          0.00856547  0.          0.          0.0061568
  0.05483545  0.          0.02086789  0.          0.06068821 -0.04297992
 -0.03505121  0.02607573  0.00726745  0.          0.0027044   0.
 -0.0063368   0.          0.         -0.00082555 -0.0030586   0.
 -0.00522763  0.         -0.00285223 -0.00547471  0.00150106 -0.00113096
 -0.06649838  0.         -0.02197726  0.          0.0239345   0.
  0.          0.00991579  0.07992276  0.          0.0383566   0.
  0.08741186 -0.047259   -0.05019991  0.03737323  0.07230655  0.
  0.02417306  0.         -0.02942241  0.          0.         -0.01054619
 -0.08172118  0.         -0.04265242  0.         -0.08892871  0.04167264
  0.05094598 -0.03794094  0.          0.          0.          0.
  0.          0.          0.          0.          0.          0.
  0.          0.          0.          0.          0.          0.
  0.07489515  0.          0.02540356  0.         -0.03496583  0.
  0.         -0.01061228 -0.0777978   0.         -0.04542917  0.
 -0.08402672  0.03032613  0.04796107 -0.03573537  0.          0.
  0.          0.          0.          0.          0.          0.
  0.          0.          0.          0.          0.          0.
  0.          0.          0.          0.          0.          0.
  0.          0.          0.          0.          0.          0.
  0.          0.          0.          0.          0.          0.
  0.          0.          0.          0.          0.          0.
  0.          0.          0.          0.          0.          0.
  0.          0.          0.          0.          0.          0.
  0.          0.          0.          0.          0.          0.
  0.          0.          0.          0.          0.          0.
  0.          0.         -0.03401049  0.         -0.01224693  0.
  0.02462213  0.          0.          0.00421257  0.02199111  0.
  0.02306356  0.          0.02241151  0.0112298  -0.01241499  0.00928757
 -0.0388756   0.01547359  0.02340201  0.          0.          0.
 -0.01691258  0.00772007  0.00919251  0.          0.          0.
  0.04675408 -0.03256795 -0.01418613  0.          0.          0.
  0.          0.          0.          0.0365035  -0.0224151  -0.0140884
 -0.03939136  0.00193835  0.03745301  0.          0.          0.
  0.01754002 -0.01091988 -0.00662014  0.          0.          0.
 -0.11787911  0.06372356  0.05415554 -0.04832329  0.01320431  0.03511898
 -0.15040386  0.08111648  0.06928737  0.05964241 -0.04397313 -0.01566929
  0.03993018  0.00331504 -0.04324522], shape=(675,), dtype=float64)

[2020-01-27 17:49:38.114320][__main__.TRPOAgent.log][batch_info]: Batch #1, batch length: 5000

[2020-01-27 17:49:41.869307][__main__.TRPOAgent.log][training]: policy_gradient: [ 0.00000000e+00  1.06428461e-03  0.00000000e+00  0.00000000e+00
 -5.44905942e-04  1.42862690e-04  0.00000000e+00  2.28028737e-04
  9.70687394e-04  0.00000000e+00  0.00000000e+00  3.24417294e-04
  0.00000000e+00 -2.98421897e-04  0.00000000e+00  5.15606587e-04
  5.35809694e-04 -4.26035478e-04  5.43149796e-04  0.00000000e+00
 -2.64849146e-05  6.99754259e-04 -5.46389852e-04  9.29207067e-04
  4.74558066e-04  8.57475381e-04  0.00000000e+00 -8.66873294e-04
  0.00000000e+00  0.00000000e+00  0.00000000e+00  0.00000000e+00
  0.00000000e+00  9.94286278e-05  0.00000000e+00  0.00000000e+00
 -3.87228704e-05  1.78432872e-05  0.00000000e+00  3.95772680e-05
  7.45690879e-05  0.00000000e+00  0.00000000e+00  2.25219981e-05
  0.00000000e+00 -2.26427131e-05  0.00000000e+00  5.76420797e-05
  3.47087639e-05 -4.66198320e-05  4.19111990e-05  0.00000000e+00
 -5.06493682e-06  7.29506644e-05 -6.95056406e-05  6.69337923e-05
  7.35116933e-05  7.34573936e-05  0.00000000e+00 -7.60825375e-05
  0.00000000e+00  0.00000000e+00  0.00000000e+00  0.00000000e+00
  0.00000000e+00 -5.14356903e-04  0.00000000e+00  0.00000000e+00
  6.48443355e-04  7.30814647e-05  0.00000000e+00  4.67388861e-04
 -9.78483639e-04  0.00000000e+00  0.00000000e+00 -4.02880979e-04
  0.00000000e+00  3.09742301e-04  0.00000000e+00  5.02138292e-05
 -7.44061814e-04 -9.60946539e-06 -5.41635243e-04  0.00000000e+00
 -6.90826504e-05 -9.86793112e-05 -3.19411576e-04 -1.07728186e-03
  6.92853680e-04 -6.24611326e-04  0.00000000e+00  5.73930493e-04
  0.00000000e+00  0.00000000e+00  0.00000000e+00  0.00000000e+00
  0.00000000e+00  0.00000000e+00  0.00000000e+00  0.00000000e+00
  0.00000000e+00  0.00000000e+00  0.00000000e+00  0.00000000e+00
  0.00000000e+00  0.00000000e+00  0.00000000e+00  0.00000000e+00
  0.00000000e+00  0.00000000e+00  0.00000000e+00  0.00000000e+00
  7.83604324e-05  0.00000000e+00  2.78372992e-05  0.00000000e+00
 -5.20596607e-05  0.00000000e+00  0.00000000e+00 -1.00297477e-05
 -5.77908671e-05  0.00000000e+00 -5.18387592e-05  0.00000000e+00
 -6.00456553e-05 -1.25209473e-05  3.36056685e-05 -2.51051975e-05
  0.00000000e+00  0.00000000e+00  0.00000000e+00  0.00000000e+00
  0.00000000e+00  0.00000000e+00  0.00000000e+00  0.00000000e+00
  0.00000000e+00  0.00000000e+00  0.00000000e+00  0.00000000e+00
  0.00000000e+00  0.00000000e+00  0.00000000e+00  0.00000000e+00
  0.00000000e+00  0.00000000e+00  0.00000000e+00  0.00000000e+00
  0.00000000e+00  0.00000000e+00  0.00000000e+00  0.00000000e+00
  0.00000000e+00  0.00000000e+00  0.00000000e+00  0.00000000e+00
  0.00000000e+00  0.00000000e+00  0.00000000e+00  0.00000000e+00
  4.01752994e-04  0.00000000e+00  1.43839732e-04  0.00000000e+00
 -2.80661935e-04  0.00000000e+00  0.00000000e+00 -5.04683938e-05
 -2.75315254e-04  0.00000000e+00 -2.69604660e-04  0.00000000e+00
 -2.83087822e-04 -1.03517477e-04  1.57567026e-04 -1.17798290e-04
  1.53559623e-05  0.00000000e+00  5.95696875e-06  0.00000000e+00
 -1.63734703e-05  0.00000000e+00  0.00000000e+00 -1.53737586e-06
 -1.91116583e-06  0.00000000e+00 -1.18764340e-05  0.00000000e+00
 -6.53283177e-07 -2.00998766e-05 -2.40493446e-08 -2.12798512e-08
  0.00000000e+00  0.00000000e+00  0.00000000e+00  0.00000000e+00
  0.00000000e+00  0.00000000e+00  0.00000000e+00  0.00000000e+00
  0.00000000e+00  0.00000000e+00  0.00000000e+00  0.00000000e+00
  0.00000000e+00  0.00000000e+00  0.00000000e+00  0.00000000e+00
  1.36800101e-04  0.00000000e+00  4.84062953e-05  0.00000000e+00
 -8.85293845e-05  0.00000000e+00  0.00000000e+00 -1.76731228e-05
 -1.04482916e-04  0.00000000e+00 -8.98434909e-05  0.00000000e+00
 -1.09067980e-04 -1.51242341e-05  6.11906413e-05 -4.56976414e-05
  1.45337281e-04  0.00000000e+00  5.22716122e-05  0.00000000e+00
 -1.04439846e-04  0.00000000e+00  0.00000000e+00 -1.80555980e-05
 -9.51613799e-05  0.00000000e+00 -9.83410681e-05  0.00000000e+00
 -9.71722030e-05 -4.57636095e-05  5.38864787e-05 -4.03061582e-05
  0.00000000e+00  0.00000000e+00  0.00000000e+00  0.00000000e+00
  0.00000000e+00  0.00000000e+00  0.00000000e+00  0.00000000e+00
  0.00000000e+00  0.00000000e+00  0.00000000e+00  0.00000000e+00
  0.00000000e+00  0.00000000e+00  0.00000000e+00  0.00000000e+00
  0.00000000e+00  0.00000000e+00  0.00000000e+00  0.00000000e+00
  0.00000000e+00  0.00000000e+00  0.00000000e+00  0.00000000e+00
  0.00000000e+00  0.00000000e+00  0.00000000e+00  0.00000000e+00
  0.00000000e+00  0.00000000e+00  0.00000000e+00  0.00000000e+00
  1.74682421e-04  0.00000000e+00  6.25807505e-05  0.00000000e+00
 -1.22513530e-04  0.00000000e+00  0.00000000e+00 -2.19102796e-05
 -1.18972658e-04  0.00000000e+00 -1.17358295e-04  0.00000000e+00
 -1.22219544e-04 -4.63863901e-05  6.79944803e-05 -5.08365322e-05
  0.00000000e+00  0.00000000e+00  0.00000000e+00  0.00000000e+00
  0.00000000e+00  0.00000000e+00  0.00000000e+00  0.00000000e+00
  0.00000000e+00  0.00000000e+00  0.00000000e+00  0.00000000e+00
  0.00000000e+00  0.00000000e+00  0.00000000e+00  0.00000000e+00
  2.94968457e-04  0.00000000e+00  1.04717198e-04  0.00000000e+00
 -1.95111868e-04  0.00000000e+00  0.00000000e+00 -3.78137329e-05
 -2.18841838e-04  0.00000000e+00 -1.94896520e-04  0.00000000e+00
 -2.27564592e-04 -4.46906353e-05  1.27414670e-04 -9.51800138e-05
  0.00000000e+00  0.00000000e+00  0.00000000e+00  0.00000000e+00
  0.00000000e+00  0.00000000e+00  0.00000000e+00  0.00000000e+00
  0.00000000e+00  0.00000000e+00  0.00000000e+00  0.00000000e+00
  0.00000000e+00  0.00000000e+00  0.00000000e+00  0.00000000e+00
  2.35498067e-04  0.00000000e+00  8.42341232e-05  0.00000000e+00
 -1.63517332e-04  0.00000000e+00  0.00000000e+00 -2.96527448e-05
 -1.62908675e-04  0.00000000e+00 -1.57757499e-04  0.00000000e+00
 -1.67740194e-04 -5.78201222e-05  9.34330612e-05 -6.98443037e-05
  4.29398305e-04  0.00000000e+00  1.53746398e-04  0.00000000e+00
 -3.00083085e-04  0.00000000e+00  0.00000000e+00 -5.39336961e-05
 -2.94094936e-04  0.00000000e+00 -2.88186769e-04  0.00000000e+00
 -3.02372515e-04 -1.10950415e-04  1.68293471e-04 -1.25818215e-04
  2.21166929e-04  0.00000000e+00  7.89884320e-05  0.00000000e+00
 -1.52094927e-04  0.00000000e+00  0.00000000e+00 -2.79503235e-05
 -1.55239696e-04  0.00000000e+00 -1.47747615e-04  0.00000000e+00
 -1.60182504e-04 -5.00937181e-05  8.93233102e-05 -6.67620131e-05
  4.06052751e-04  0.00000000e+00  1.44433100e-04  0.00000000e+00
 -2.72030346e-04  0.00000000e+00  0.00000000e+00 -5.18156585e-05
 -2.96009972e-04  0.00000000e+00 -2.69251475e-04  0.00000000e+00
 -3.07070289e-04 -7.13566195e-05  1.71714622e-04 -1.28294232e-04
  0.00000000e+00  0.00000000e+00  0.00000000e+00  0.00000000e+00
  0.00000000e+00  0.00000000e+00  0.00000000e+00  0.00000000e+00
  0.00000000e+00  0.00000000e+00  0.00000000e+00  0.00000000e+00
  0.00000000e+00  0.00000000e+00  0.00000000e+00  0.00000000e+00
  3.35931919e-05  0.00000000e+00  1.23262959e-05  0.00000000e+00
 -2.71442217e-05  0.00000000e+00  0.00000000e+00 -3.96497677e-06
 -1.74133010e-05  0.00000000e+00 -2.35666643e-05  0.00000000e+00
 -1.70507210e-05 -1.91671743e-05  9.23802799e-06 -6.93198216e-06
  4.75028511e-04  0.00000000e+00  1.69871377e-04  0.00000000e+00
 -3.29352546e-04  0.00000000e+00  0.00000000e+00 -5.98466611e-05
 -3.29342000e-04  0.00000000e+00 -3.18082085e-04  0.00000000e+00
 -3.39220514e-04 -1.15252152e-04  1.88982152e-04 -1.41267096e-04
  3.46658184e-04  0.00000000e+00  1.24149637e-04  0.00000000e+00
 -2.42609845e-04  0.00000000e+00  0.00000000e+00 -4.35170604e-05
 -2.36893376e-04  0.00000000e+00 -2.32753721e-04  0.00000000e+00
 -2.43479751e-04 -9.05703572e-05  1.35491135e-04 -1.01297226e-04
  2.15974043e-04  0.00000000e+00  7.71130901e-05  0.00000000e+00
 -1.48268814e-04  0.00000000e+00  0.00000000e+00 -2.73117534e-05
 -1.51983719e-04  0.00000000e+00 -1.44207599e-04  0.00000000e+00
 -1.56880703e-04 -4.81884216e-05  8.74991468e-05 -6.53968753e-05
  4.53894760e-05  0.00000000e+00  1.67133097e-05  0.00000000e+00
 -3.73969134e-05  0.00000000e+00  0.00000000e+00 -5.30726989e-06
 -2.24282586e-05  0.00000000e+00 -3.20428000e-05  0.00000000e+00
 -2.17397918e-05 -2.79592014e-05  1.17098271e-05 -8.79390757e-06
  1.52363904e-04  0.00000000e+00  5.39004373e-05  0.00000000e+00
 -9.84407675e-05  0.00000000e+00  0.00000000e+00 -1.96949445e-05
 -1.16615015e-04  0.00000000e+00 -1.00020308e-04  0.00000000e+00
 -1.21765967e-04 -1.63856076e-05  6.83243682e-05 -5.10241841e-05
  0.00000000e+00  0.00000000e+00  0.00000000e+00  0.00000000e+00
  0.00000000e+00  0.00000000e+00  0.00000000e+00  0.00000000e+00
  0.00000000e+00  0.00000000e+00  0.00000000e+00  0.00000000e+00
  0.00000000e+00  0.00000000e+00  0.00000000e+00  0.00000000e+00
  4.24413251e-04  0.00000000e+00  1.51084044e-04  0.00000000e+00
 -2.85807902e-04  0.00000000e+00  0.00000000e+00 -5.40561411e-05
 -3.07141472e-04  0.00000000e+00 -2.81837382e-04  0.00000000e+00
 -3.18295073e-04 -7.88067414e-05  1.77897049e-04 -1.32922874e-04
  0.00000000e+00  0.00000000e+00  0.00000000e+00  0.00000000e+00
  0.00000000e+00  0.00000000e+00  0.00000000e+00  0.00000000e+00
  0.00000000e+00  0.00000000e+00  0.00000000e+00  0.00000000e+00
  0.00000000e+00  0.00000000e+00  0.00000000e+00  0.00000000e+00
  0.00000000e+00  0.00000000e+00  0.00000000e+00  0.00000000e+00
  0.00000000e+00  0.00000000e+00  0.00000000e+00  0.00000000e+00
  0.00000000e+00  0.00000000e+00  0.00000000e+00  0.00000000e+00
  0.00000000e+00  0.00000000e+00  0.00000000e+00  0.00000000e+00
  0.00000000e+00  0.00000000e+00  0.00000000e+00  0.00000000e+00
  0.00000000e+00  0.00000000e+00  0.00000000e+00  0.00000000e+00
  0.00000000e+00  0.00000000e+00  0.00000000e+00  0.00000000e+00
  0.00000000e+00  0.00000000e+00  0.00000000e+00  0.00000000e+00
  0.00000000e+00  0.00000000e+00  0.00000000e+00  0.00000000e+00
  0.00000000e+00  0.00000000e+00  0.00000000e+00  0.00000000e+00
  0.00000000e+00  0.00000000e+00  0.00000000e+00  0.00000000e+00
  0.00000000e+00  0.00000000e+00  0.00000000e+00  0.00000000e+00
  1.00541419e-03  0.00000000e+00  4.02134715e-04  0.00000000e+00
 -1.22095720e-03  0.00000000e+00  0.00000000e+00 -9.03273951e-05
  1.02029917e-04  0.00000000e+00 -8.19047685e-04  0.00000000e+00
  2.25404034e-04 -1.74182828e-03 -1.61067825e-04  1.16809505e-04
 -2.39259011e-04  7.46289433e-06  2.31796117e-04  0.00000000e+00
  0.00000000e+00  0.00000000e+00 -7.21536590e-05  3.12476790e-06
  6.90288911e-05  0.00000000e+00  0.00000000e+00  0.00000000e+00
 -1.63249787e-04 -7.25353508e-06  1.70503322e-04  0.00000000e+00
  0.00000000e+00  0.00000000e+00  0.00000000e+00  0.00000000e+00
  0.00000000e+00 -3.01245665e-05 -6.03482960e-06  3.61593961e-05
 -6.86387770e-04  9.25680421e-06  6.77130965e-04  0.00000000e+00
  0.00000000e+00  0.00000000e+00 -1.93012479e-05 -2.88132408e-06
  2.21825720e-05  0.00000000e+00  0.00000000e+00  0.00000000e+00
 -1.82539815e-04  2.05562811e-05  1.61983534e-04 -4.92224610e-04
  1.00203264e-05  4.82204284e-04 -2.39026084e-04  2.62514552e-05
  2.12774629e-04 -2.86680985e-04 -8.95364031e-06  2.95634626e-04
 -6.33775904e-04 -1.51803625e-03  2.15181215e-03]

[2020-01-27 17:49:41.870070][__main__.TRPOAgent.log][training]: Initiating conjugate gradients

[2020-01-27 17:49:42.110068][__main__.TRPOAgent.log][training]: gradient_step_direction: tf.Tensor(
[ 0.00000000e+00  4.68882413e-02  0.00000000e+00  0.00000000e+00
 -2.36635552e-03  1.42805659e-02  0.00000000e+00  4.25032657e-02
  1.41416893e-02  0.00000000e+00  0.00000000e+00  4.63579315e-04
  0.00000000e+00 -3.84618513e-03  0.00000000e+00  3.95401298e-02
 -3.65462140e-03 -3.08797008e-02  8.24324270e-03  0.00000000e+00
 -5.76812582e-03  4.42871254e-02 -5.68596222e-02  5.63583833e-03
  7.27293766e-02  2.59648835e-02  0.00000000e+00 -2.94821256e-02
  0.00000000e+00  0.00000000e+00  0.00000000e+00  0.00000000e+00
  0.00000000e+00  3.09749624e-02  0.00000000e+00  0.00000000e+00
 -1.21251284e-02  5.53590152e-03  0.00000000e+00  1.22367884e-02
  2.33122311e-02  0.00000000e+00  0.00000000e+00  7.05576711e-03
  0.00000000e+00 -7.08044119e-03  0.00000000e+00  1.79091617e-02
  1.08906675e-02 -1.44888698e-02  1.31013808e-02  0.00000000e+00
 -1.56473581e-03  2.26878525e-02 -2.15594187e-02  2.09526849e-02
  2.27530576e-02  2.29178910e-02  0.00000000e+00 -2.37268379e-02
  0.00000000e+00  0.00000000e+00  0.00000000e+00  0.00000000e+00
  0.00000000e+00  2.27507355e-02  0.00000000e+00  0.00000000e+00
 -4.26845495e-04  7.19531190e-03  0.00000000e+00  2.17049953e-02
  5.90763322e-03  0.00000000e+00  0.00000000e+00 -2.36012096e-04
  0.00000000e+00 -1.55617108e-03  0.00000000e+00  1.97461588e-02
 -2.68190820e-03 -1.53868556e-02  3.47689484e-03  0.00000000e+00
 -2.95213558e-03  2.19372787e-02 -2.86818726e-02  1.55789757e-03
  3.70165434e-02  1.22047567e-02  0.00000000e+00 -1.40147583e-02
  0.00000000e+00  0.00000000e+00  0.00000000e+00  0.00000000e+00
  0.00000000e+00  0.00000000e+00  0.00000000e+00  0.00000000e+00
  0.00000000e+00  0.00000000e+00  0.00000000e+00  0.00000000e+00
  0.00000000e+00  0.00000000e+00  0.00000000e+00  0.00000000e+00
  0.00000000e+00  0.00000000e+00  0.00000000e+00  0.00000000e+00
  4.71317695e-03  0.00000000e+00  1.51320462e-03  0.00000000e+00
 -1.14950121e-03  0.00000000e+00  0.00000000e+00 -7.40734365e-04
 -6.49886152e-03  0.00000000e+00 -2.56635958e-03  0.00000000e+00
 -7.18028699e-03  4.91327754e-03  4.14370911e-03 -3.08296556e-03
  0.00000000e+00  0.00000000e+00  0.00000000e+00  0.00000000e+00
  0.00000000e+00  0.00000000e+00  0.00000000e+00  0.00000000e+00
  0.00000000e+00  0.00000000e+00  0.00000000e+00  0.00000000e+00
  0.00000000e+00  0.00000000e+00  0.00000000e+00  0.00000000e+00
  0.00000000e+00  0.00000000e+00  0.00000000e+00  0.00000000e+00
  0.00000000e+00  0.00000000e+00  0.00000000e+00  0.00000000e+00
  0.00000000e+00  0.00000000e+00  0.00000000e+00  0.00000000e+00
  0.00000000e+00  0.00000000e+00  0.00000000e+00  0.00000000e+00
 -6.73709946e-04  0.00000000e+00 -9.26333064e-04  0.00000000e+00
  8.89670257e-03  0.00000000e+00  0.00000000e+00 -4.99870197e-04
 -1.23910999e-02  0.00000000e+00  2.79744229e-03  0.00000000e+00
 -1.46987339e-02  2.42660148e-02  8.75989778e-03 -6.49037231e-03
 -1.02225637e-02  0.00000000e+00 -3.60066865e-03  0.00000000e+00
  6.41188057e-03  0.00000000e+00  0.00000000e+00  1.33476971e-03
  8.11817213e-03  0.00000000e+00  6.65700222e-03  0.00000000e+00
  8.51686918e-03  5.48052641e-04 -4.79059190e-03  3.57640975e-03
  0.00000000e+00  0.00000000e+00  0.00000000e+00  0.00000000e+00
  0.00000000e+00  0.00000000e+00  0.00000000e+00  0.00000000e+00
  0.00000000e+00  0.00000000e+00  0.00000000e+00  0.00000000e+00
  0.00000000e+00  0.00000000e+00  0.00000000e+00  0.00000000e+00
  1.24820627e-02  0.00000000e+00  4.12907351e-03  0.00000000e+00
 -4.53981257e-03  0.00000000e+00  0.00000000e+00 -1.85796741e-03
 -1.49298942e-02  0.00000000e+00 -7.21285152e-03  0.00000000e+00
 -1.63226377e-02  8.73580222e-03  9.37221909e-03 -6.97767438e-03
 -5.49609715e-03  0.00000000e+00 -2.17157432e-03  0.00000000e+00
  6.34604930e-03  0.00000000e+00  0.00000000e+00  5.16549417e-04
 -5.69472238e-05  0.00000000e+00  4.38594076e-03  0.00000000e+00
 -6.40949510e-04  8.58296448e-03  5.28860102e-04 -3.77949853e-04
  0.00000000e+00  0.00000000e+00  0.00000000e+00  0.00000000e+00
  0.00000000e+00  0.00000000e+00  0.00000000e+00  0.00000000e+00
  0.00000000e+00  0.00000000e+00  0.00000000e+00  0.00000000e+00
  0.00000000e+00  0.00000000e+00  0.00000000e+00  0.00000000e+00
  0.00000000e+00  0.00000000e+00  0.00000000e+00  0.00000000e+00
  0.00000000e+00  0.00000000e+00  0.00000000e+00  0.00000000e+00
  0.00000000e+00  0.00000000e+00  0.00000000e+00  0.00000000e+00
  0.00000000e+00  0.00000000e+00  0.00000000e+00  0.00000000e+00
 -1.16266773e-03  0.00000000e+00 -7.06869537e-04  0.00000000e+00
  4.38618835e-03  0.00000000e+00  0.00000000e+00 -1.01864840e-04
 -4.65481944e-03  0.00000000e+00  1.77501901e-03  0.00000000e+00
 -5.61664973e-03  1.05185112e-02  3.37163545e-03 -2.49580739e-03
  0.00000000e+00  0.00000000e+00  0.00000000e+00  0.00000000e+00
  0.00000000e+00  0.00000000e+00  0.00000000e+00  0.00000000e+00
  0.00000000e+00  0.00000000e+00  0.00000000e+00  0.00000000e+00
  0.00000000e+00  0.00000000e+00  0.00000000e+00  0.00000000e+00
  1.92836827e-02  0.00000000e+00  6.23526956e-03  0.00000000e+00
 -5.24527399e-03  0.00000000e+00  0.00000000e+00 -2.99306187e-03
 -2.57627170e-02  0.00000000e+00 -1.06510134e-02  0.00000000e+00
 -2.84014098e-02  1.85522014e-02  1.63730988e-02 -1.21834491e-02
  0.00000000e+00  0.00000000e+00  0.00000000e+00  0.00000000e+00
  0.00000000e+00  0.00000000e+00  0.00000000e+00  0.00000000e+00
  0.00000000e+00  0.00000000e+00  0.00000000e+00  0.00000000e+00
  0.00000000e+00  0.00000000e+00  0.00000000e+00  0.00000000e+00
  1.41119771e-03  0.00000000e+00  8.85025702e-05  0.00000000e+00
  4.13956355e-03  0.00000000e+00  0.00000000e+00 -5.32817329e-04
 -8.78518957e-03  0.00000000e+00  4.79611855e-04  0.00000000e+00
 -1.02241121e-02  1.42913727e-02  6.04268360e-03 -4.48191459e-03
 -9.15706087e-04  0.00000000e+00 -1.05847908e-03  0.00000000e+00
  9.62539461e-03  0.00000000e+00  0.00000000e+00 -5.08291534e-04
 -1.30789100e-02  0.00000000e+00  3.11560950e-03  0.00000000e+00
 -1.55359944e-02  2.59285208e-02  9.26434469e-03 -6.86360902e-03
  3.98316003e-03  0.00000000e+00  1.01241663e-03  0.00000000e+00
  2.30500580e-03  0.00000000e+00  0.00000000e+00 -8.53286132e-04
 -1.04900546e-02  0.00000000e+00 -1.25687869e-03  0.00000000e+00
 -1.19683246e-02  1.35205824e-02  7.01091866e-03 -5.20603734e-03
  2.03332161e-02  0.00000000e+00  6.41123511e-03  0.00000000e+00
 -3.52122625e-03  0.00000000e+00  0.00000000e+00 -3.29535991e-03
 -3.02301347e-02  0.00000000e+00 -1.06713670e-02  0.00000000e+00
 -3.35658964e-02  2.53077182e-02  1.94163820e-02 -1.44415433e-02
  0.00000000e+00  0.00000000e+00  0.00000000e+00  0.00000000e+00
  0.00000000e+00  0.00000000e+00  0.00000000e+00  0.00000000e+00
  0.00000000e+00  0.00000000e+00  0.00000000e+00  0.00000000e+00
  0.00000000e+00  0.00000000e+00  0.00000000e+00  0.00000000e+00
 -6.69583822e-03  0.00000000e+00 -2.39892473e-03  0.00000000e+00
  4.69749252e-03  0.00000000e+00  0.00000000e+00  8.39759027e-04
  4.55831689e-03  0.00000000e+00  4.49889901e-03  0.00000000e+00
  4.68239857e-03  1.78196491e-03 -2.60486723e-03  1.94755636e-03
  3.71705478e-03  0.00000000e+00  4.82884815e-04  0.00000000e+00
  7.83165956e-03  0.00000000e+00  0.00000000e+00 -1.19033753e-03
 -1.84542816e-02  0.00000000e+00  4.08259831e-04  0.00000000e+00
 -2.13983313e-02  2.88598466e-02  1.26263882e-02 -9.36706604e-03
 -1.37015610e-03  0.00000000e+00 -1.07511180e-03  0.00000000e+00
  8.14636689e-03  0.00000000e+00  0.00000000e+00 -3.26582723e-04
 -1.00271638e-02  0.00000000e+00  2.92053294e-03  0.00000000e+00
 -1.19806708e-02  2.09089148e-02  7.16209254e-03 -5.30444202e-03
  4.35018411e-03  0.00000000e+00  1.14967330e-03  0.00000000e+00
  1.97664703e-03  0.00000000e+00  0.00000000e+00 -8.94400238e-04
 -1.06318084e-02  0.00000000e+00 -1.52320688e-03  0.00000000e+00
 -1.20973605e-02  1.32202648e-02  7.07779931e-03 -5.25653820e-03
 -1.03492039e-02  0.00000000e+00 -3.69658734e-03  0.00000000e+00
  7.12238375e-03  0.00000000e+00  0.00000000e+00  1.30752885e-03
  7.25613076e-03  0.00000000e+00  6.91512548e-03  0.00000000e+00
  7.48596012e-03  2.35924883e-03 -4.17407551e-03  3.11982296e-03
  1.41922784e-02  0.00000000e+00  4.70028105e-03  0.00000000e+00
 -5.22906851e-03  0.00000000e+00  0.00000000e+00 -2.10787048e-03
 -1.68729336e-02  0.00000000e+00 -8.21982767e-03  0.00000000e+00
 -1.84379837e-02  9.74047440e-03  1.05843320e-02 -7.88034404e-03
  0.00000000e+00  0.00000000e+00  0.00000000e+00  0.00000000e+00
  0.00000000e+00  0.00000000e+00  0.00000000e+00  0.00000000e+00
  0.00000000e+00  0.00000000e+00  0.00000000e+00  0.00000000e+00
  0.00000000e+00  0.00000000e+00  0.00000000e+00  0.00000000e+00
  1.85848055e-02  0.00000000e+00  5.76834352e-03  0.00000000e+00
 -2.09185810e-03  0.00000000e+00  0.00000000e+00 -3.09014826e-03
 -2.93491595e-02  0.00000000e+00 -9.44018113e-03  0.00000000e+00
 -3.27083653e-02  2.63527805e-02  1.89533572e-02 -1.40939365e-02
  0.00000000e+00  0.00000000e+00  0.00000000e+00  0.00000000e+00
  0.00000000e+00  0.00000000e+00  0.00000000e+00  0.00000000e+00
  0.00000000e+00  0.00000000e+00  0.00000000e+00  0.00000000e+00
  0.00000000e+00  0.00000000e+00  0.00000000e+00  0.00000000e+00
  0.00000000e+00  0.00000000e+00  0.00000000e+00  0.00000000e+00
  0.00000000e+00  0.00000000e+00  0.00000000e+00  0.00000000e+00
  0.00000000e+00  0.00000000e+00  0.00000000e+00  0.00000000e+00
  0.00000000e+00  0.00000000e+00  0.00000000e+00  0.00000000e+00
  0.00000000e+00  0.00000000e+00  0.00000000e+00  0.00000000e+00
  0.00000000e+00  0.00000000e+00  0.00000000e+00  0.00000000e+00
  0.00000000e+00  0.00000000e+00  0.00000000e+00  0.00000000e+00
  0.00000000e+00  0.00000000e+00  0.00000000e+00  0.00000000e+00
  0.00000000e+00  0.00000000e+00  0.00000000e+00  0.00000000e+00
  0.00000000e+00  0.00000000e+00  0.00000000e+00  0.00000000e+00
  0.00000000e+00  0.00000000e+00  0.00000000e+00  0.00000000e+00
  0.00000000e+00  0.00000000e+00  0.00000000e+00  0.00000000e+00
 -1.60232465e-02  0.00000000e+00 -4.44959948e-03  0.00000000e+00
 -4.63708235e-03  0.00000000e+00  0.00000000e+00  3.11100678e-03
  3.51282402e-02  0.00000000e+00  6.34633235e-03  0.00000000e+00
  3.97982861e-02 -4.11360726e-02 -2.32387672e-02  1.72634023e-02
 -1.42391110e-02  1.38830539e-02  3.56057053e-04  0.00000000e+00
  0.00000000e+00  0.00000000e+00 -5.00432782e-03  4.31821549e-03
  6.86112330e-04  0.00000000e+00  0.00000000e+00  0.00000000e+00
  3.14616398e-04  7.61570442e-03 -7.93032082e-03  0.00000000e+00
  0.00000000e+00  0.00000000e+00  0.00000000e+00  0.00000000e+00
  0.00000000e+00  3.87358923e-03  6.98954336e-04 -4.57254356e-03
 -3.09757043e-02  3.79998905e-02 -7.02418627e-03  0.00000000e+00
  0.00000000e+00  0.00000000e+00  1.68137693e-03  5.96026095e-04
 -2.27740303e-03  0.00000000e+00  0.00000000e+00  0.00000000e+00
 -2.29386333e-02  1.28273887e-02  1.01112446e-02 -2.49611525e-02
  2.77592995e-02 -2.79814699e-03 -2.94959126e-02  1.66966198e-02
  1.27992928e-02 -2.52198610e-03  1.39430294e-02 -1.14210433e-02
  3.68129328e-02 -4.52002316e-02  8.38729881e-03], shape=(675,), dtype=float64)

[2020-01-27 17:49:42.141666][__main__.TRPOAgent.log][batch_info]: Batch #2, batch length: 5000

[2020-01-27 17:49:45.914426][__main__.TRPOAgent.log][training]: policy_gradient: [ 0.00000000e+00  1.80742183e-03  0.00000000e+00  0.00000000e+00
 -6.39286806e-04  3.48205976e-04  0.00000000e+00  8.16361250e-04
  1.27005017e-03  0.00000000e+00  0.00000000e+00  3.68111220e-04
  0.00000000e+00 -3.83826467e-04  0.00000000e+00  1.09806317e-03
  5.49535192e-04 -8.83622233e-04  7.15024922e-04  0.00000000e+00
 -1.05811061e-04  1.36629299e-03 -1.36138890e-03  1.11131242e-03
  1.49105096e-03  1.30004166e-03  0.00000000e+00 -1.35702835e-03
  0.00000000e+00  0.00000000e+00  0.00000000e+00  0.00000000e+00
  0.00000000e+00 -1.40001095e-05  0.00000000e+00  0.00000000e+00
  3.30471981e-06 -3.30506682e-06  0.00000000e+00 -8.79392883e-06
 -7.65904505e-06  0.00000000e+00  0.00000000e+00 -1.79876217e-06
  0.00000000e+00  2.26512752e-06  0.00000000e+00 -9.78608313e-06
 -2.18173096e-06  7.76621799e-06 -4.34458861e-06  0.00000000e+00
  1.16982937e-06 -1.16075751e-05  1.30408218e-05 -5.92115425e-06
 -1.54939708e-05 -9.17091400e-06  0.00000000e+00  9.84852558e-06
  0.00000000e+00  0.00000000e+00  0.00000000e+00  0.00000000e+00
  0.00000000e+00  4.49165812e-04  0.00000000e+00  0.00000000e+00
 -2.84531812e-05  1.34665682e-04  0.00000000e+00  3.98483663e-04
  1.43121696e-04  0.00000000e+00  0.00000000e+00  8.13762987e-06
  0.00000000e+00 -3.93308119e-05  0.00000000e+00  3.74277159e-04
 -2.77222144e-05 -2.92574708e-04  8.31593328e-05  0.00000000e+00
 -5.40257345e-05  4.20650799e-04 -5.35921889e-04  6.34252243e-05
  6.82857999e-04  2.51888207e-04  0.00000000e+00 -2.84751873e-04
  0.00000000e+00  0.00000000e+00  0.00000000e+00  0.00000000e+00
  0.00000000e+00  0.00000000e+00  0.00000000e+00  0.00000000e+00
  0.00000000e+00  0.00000000e+00  0.00000000e+00  0.00000000e+00
  0.00000000e+00  0.00000000e+00  0.00000000e+00  0.00000000e+00
  0.00000000e+00  0.00000000e+00  0.00000000e+00  0.00000000e+00
  1.00901176e-04  0.00000000e+00  3.42827715e-05  0.00000000e+00
 -4.78237989e-05  0.00000000e+00  0.00000000e+00 -1.42474928e-05
 -1.03718523e-04  0.00000000e+00 -6.14031497e-05  0.00000000e+00
 -1.11912940e-04  3.88071119e-05  6.38471436e-05 -4.75749997e-05
  0.00000000e+00  0.00000000e+00  0.00000000e+00  0.00000000e+00
  0.00000000e+00  0.00000000e+00  0.00000000e+00  0.00000000e+00
  0.00000000e+00  0.00000000e+00  0.00000000e+00  0.00000000e+00
  0.00000000e+00  0.00000000e+00  0.00000000e+00  0.00000000e+00
  0.00000000e+00  0.00000000e+00  0.00000000e+00  0.00000000e+00
  0.00000000e+00  0.00000000e+00  0.00000000e+00  0.00000000e+00
  0.00000000e+00  0.00000000e+00  0.00000000e+00  0.00000000e+00
  0.00000000e+00  0.00000000e+00  0.00000000e+00  0.00000000e+00
  6.56144871e-04  0.00000000e+00  2.22736225e-04  0.00000000e+00
 -3.08538756e-04  0.00000000e+00  0.00000000e+00 -9.28193566e-05
 -6.78205943e-04  0.00000000e+00 -3.98612746e-04  0.00000000e+00
 -7.32168318e-04  2.59367850e-04  4.17814299e-04 -3.11319179e-04
  8.20716720e-05  0.00000000e+00  2.77956776e-05  0.00000000e+00
 -3.77988655e-05  0.00000000e+00  0.00000000e+00 -1.16650521e-05
 -8.60417352e-05  0.00000000e+00 -4.96382217e-05  0.00000000e+00
 -9.30100252e-05  3.47114652e-05  5.31108943e-05 -3.95702585e-05
  0.00000000e+00  0.00000000e+00  0.00000000e+00  0.00000000e+00
  0.00000000e+00  0.00000000e+00  0.00000000e+00  0.00000000e+00
  0.00000000e+00  0.00000000e+00  0.00000000e+00  0.00000000e+00
  0.00000000e+00  0.00000000e+00  0.00000000e+00  0.00000000e+00
  1.52375359e-04  0.00000000e+00  5.18060862e-05  0.00000000e+00
 -7.26408012e-05  0.00000000e+00  0.00000000e+00 -2.14866418e-05
 -1.55989379e-04  0.00000000e+00 -9.28445217e-05  0.00000000e+00
 -1.68248471e-04  5.74035856e-05  9.59686538e-05 -7.15118010e-05
  2.66722221e-04  0.00000000e+00  9.05088075e-05  0.00000000e+00
 -1.25011873e-04  0.00000000e+00  0.00000000e+00 -3.77593329e-05
 -2.76313619e-04  0.00000000e+00 -1.61921883e-04  0.00000000e+00
 -2.98361864e-04  1.06601688e-04  1.70278921e-04 -1.26875415e-04
  0.00000000e+00  0.00000000e+00  0.00000000e+00  0.00000000e+00
  0.00000000e+00  0.00000000e+00  0.00000000e+00  0.00000000e+00
  0.00000000e+00  0.00000000e+00  0.00000000e+00  0.00000000e+00
  0.00000000e+00  0.00000000e+00  0.00000000e+00  0.00000000e+00
  0.00000000e+00  0.00000000e+00  0.00000000e+00  0.00000000e+00
  0.00000000e+00  0.00000000e+00  0.00000000e+00  0.00000000e+00
  0.00000000e+00  0.00000000e+00  0.00000000e+00  0.00000000e+00
  0.00000000e+00  0.00000000e+00  0.00000000e+00  0.00000000e+00
  2.90153306e-04  0.00000000e+00  9.84905062e-05  0.00000000e+00
 -1.36370984e-04  0.00000000e+00  0.00000000e+00 -4.10502705e-05
 -3.00012176e-04  0.00000000e+00 -1.76251385e-04  0.00000000e+00
 -3.23893479e-04  1.14888413e-04  1.84833832e-04 -1.37721940e-04
  0.00000000e+00  0.00000000e+00  0.00000000e+00  0.00000000e+00
  0.00000000e+00  0.00000000e+00  0.00000000e+00  0.00000000e+00
  0.00000000e+00  0.00000000e+00  0.00000000e+00  0.00000000e+00
  0.00000000e+00  0.00000000e+00  0.00000000e+00  0.00000000e+00
  3.71198440e-04  0.00000000e+00  1.26132923e-04  0.00000000e+00
 -1.76087943e-04  0.00000000e+00  0.00000000e+00 -5.24035669e-05
 -3.81330765e-04  0.00000000e+00 -2.25934225e-04  0.00000000e+00
 -4.11434716e-04  1.42329540e-04  2.34719848e-04 -1.74899580e-04
  0.00000000e+00  0.00000000e+00  0.00000000e+00  0.00000000e+00
  0.00000000e+00  0.00000000e+00  0.00000000e+00  0.00000000e+00
  0.00000000e+00  0.00000000e+00  0.00000000e+00  0.00000000e+00
  0.00000000e+00  0.00000000e+00  0.00000000e+00  0.00000000e+00
  3.74521786e-04  0.00000000e+00  1.27147331e-04  0.00000000e+00
 -1.76251817e-04  0.00000000e+00  0.00000000e+00 -5.29707299e-05
 -3.86899621e-04  0.00000000e+00 -2.27563818e-04  0.00000000e+00
 -4.17662158e-04  1.47642961e-04  2.38334212e-04 -1.77586701e-04
  7.02388776e-04  0.00000000e+00  2.38433034e-04  0.00000000e+00
 -3.30268783e-04  0.00000000e+00  0.00000000e+00 -9.93621536e-05
 -7.26027900e-04  0.00000000e+00 -4.26702014e-04  0.00000000e+00
 -7.83797639e-04  2.77691167e-04  4.47277404e-04 -3.33272479e-04
  3.36875171e-04  0.00000000e+00  1.14383862e-04  0.00000000e+00
 -1.58747580e-04  0.00000000e+00  0.00000000e+00 -4.76314194e-05
 -3.47684736e-04  0.00000000e+00 -2.04748428e-04  0.00000000e+00
 -3.75296537e-04  1.32194567e-04  2.14149530e-04 -1.59567211e-04
  5.45714588e-04  0.00000000e+00  1.85382338e-04  0.00000000e+00
 -2.58246794e-04  0.00000000e+00  0.00000000e+00 -7.70842421e-05
 -5.61567816e-04  0.00000000e+00 -3.31980818e-04  0.00000000e+00
 -6.05997755e-04  2.11039088e-04  3.45743726e-04 -2.57625410e-04
  0.00000000e+00  0.00000000e+00  0.00000000e+00  0.00000000e+00
  0.00000000e+00  0.00000000e+00  0.00000000e+00  0.00000000e+00
  0.00000000e+00  0.00000000e+00  0.00000000e+00  0.00000000e+00
  0.00000000e+00  0.00000000e+00  0.00000000e+00  0.00000000e+00
  9.19742220e-05  0.00000000e+00  3.11797300e-05  0.00000000e+00
 -4.27322199e-05  0.00000000e+00  0.00000000e+00 -1.30466766e-05
 -9.58548859e-05  0.00000000e+00 -5.57311605e-05  0.00000000e+00
 -1.03561319e-04  3.78341670e-05  5.91200203e-05 -4.40489268e-05
  7.50591031e-04  0.00000000e+00  2.54825670e-04  0.00000000e+00
 -3.53301456e-04  0.00000000e+00  0.00000000e+00 -1.06155499e-04
 -7.75291709e-04  0.00000000e+00 -4.56087257e-04  0.00000000e+00
 -8.36924724e-04  2.95697006e-04  4.77578660e-04 -3.55851931e-04
  5.70572756e-04  0.00000000e+00  1.93682755e-04  0.00000000e+00
 -2.68238813e-04  0.00000000e+00  0.00000000e+00 -8.07184405e-05
 -5.89850356e-04  0.00000000e+00 -3.46609978e-04  0.00000000e+00
 -6.36792057e-04  2.25717560e-04  3.63390179e-04 -2.70766756e-04
  3.26391409e-04  0.00000000e+00  1.10827292e-04  0.00000000e+00
 -1.53845695e-04  0.00000000e+00  0.00000000e+00 -4.61464342e-05
 -3.36805945e-04  0.00000000e+00 -1.98387230e-04  0.00000000e+00
 -3.63547864e-04  1.27970691e-04  2.07443901e-04 -1.54570874e-04
  1.31548863e-04  0.00000000e+00  4.45908194e-05  0.00000000e+00
 -6.10585698e-05  0.00000000e+00  0.00000000e+00 -1.86645906e-05
 -1.37191517e-04  0.00000000e+00 -7.96943202e-05  0.00000000e+00
 -1.48230524e-04  5.42863052e-05  8.46229137e-05 -6.30502721e-05
  1.68089585e-04  0.00000000e+00  5.71514567e-05  0.00000000e+00
 -8.01652411e-05  0.00000000e+00  0.00000000e+00 -2.37002278e-05
 -1.72025806e-04  0.00000000e+00 -1.02428644e-04  0.00000000e+00
 -1.85540040e-04  6.32288512e-05  1.05830285e-04 -7.88604171e-05
  0.00000000e+00  0.00000000e+00  0.00000000e+00  0.00000000e+00
  0.00000000e+00  0.00000000e+00  0.00000000e+00  0.00000000e+00
  0.00000000e+00  0.00000000e+00  0.00000000e+00  0.00000000e+00
  0.00000000e+00  0.00000000e+00  0.00000000e+00  0.00000000e+00
  5.85301219e-04  0.00000000e+00  1.98809623e-04  0.00000000e+00
 -2.76727910e-04  0.00000000e+00  0.00000000e+00 -8.26935074e-05
 -6.02689366e-04  0.00000000e+00 -3.55992770e-04  0.00000000e+00
 -6.50411791e-04  2.27069567e-04  3.71094541e-04 -2.76514078e-04
  0.00000000e+00  0.00000000e+00  0.00000000e+00  0.00000000e+00
  0.00000000e+00  0.00000000e+00  0.00000000e+00  0.00000000e+00
  0.00000000e+00  0.00000000e+00  0.00000000e+00  0.00000000e+00
  0.00000000e+00  0.00000000e+00  0.00000000e+00  0.00000000e+00
  0.00000000e+00  0.00000000e+00  0.00000000e+00  0.00000000e+00
  0.00000000e+00  0.00000000e+00  0.00000000e+00  0.00000000e+00
  0.00000000e+00  0.00000000e+00  0.00000000e+00  0.00000000e+00
  0.00000000e+00  0.00000000e+00  0.00000000e+00  0.00000000e+00
  0.00000000e+00  0.00000000e+00  0.00000000e+00  0.00000000e+00
  0.00000000e+00  0.00000000e+00  0.00000000e+00  0.00000000e+00
  0.00000000e+00  0.00000000e+00  0.00000000e+00  0.00000000e+00
  0.00000000e+00  0.00000000e+00  0.00000000e+00  0.00000000e+00
  0.00000000e+00  0.00000000e+00  0.00000000e+00  0.00000000e+00
  0.00000000e+00  0.00000000e+00  0.00000000e+00  0.00000000e+00
  0.00000000e+00  0.00000000e+00  0.00000000e+00  0.00000000e+00
  0.00000000e+00  0.00000000e+00  0.00000000e+00  0.00000000e+00
 -3.36508206e-04  0.00000000e+00 -9.73010910e-05  0.00000000e+00
 -4.99866186e-05  0.00000000e+00  0.00000000e+00  6.20471012e-05
  6.65437579e-04  0.00000000e+00  1.46473771e-04  0.00000000e+00
  7.50460341e-04 -7.28385110e-04 -4.37280991e-04  3.24932294e-04
 -4.00700857e-04  1.72921193e-04  2.27779664e-04  0.00000000e+00
  0.00000000e+00  0.00000000e+00 -1.15708144e-04  4.98136482e-05
  6.58944959e-05  0.00000000e+00  0.00000000e+00  0.00000000e+00
 -3.45877318e-04  1.50954673e-04  1.94922645e-04  0.00000000e+00
  0.00000000e+00  0.00000000e+00  0.00000000e+00  0.00000000e+00
  0.00000000e+00 -9.13942749e-05  4.03970135e-05  5.09972614e-05
 -1.22087496e-03  5.28530724e-04  6.92344239e-04  0.00000000e+00
  0.00000000e+00  0.00000000e+00 -5.27736562e-05  2.32518256e-05
  2.95218306e-05  0.00000000e+00  0.00000000e+00  0.00000000e+00
 -2.18460762e-04  9.22386046e-05  1.26222157e-04 -8.55663751e-04
  3.69990076e-04  4.85673675e-04 -2.89971681e-04  1.22559720e-04
  1.67411961e-04 -5.85176183e-04  2.54984190e-04  3.30191992e-04
  7.20571571e-04 -8.12758563e-04  9.21869919e-05]

[2020-01-27 17:49:45.915064][__main__.TRPOAgent.log][training]: Initiating conjugate gradients

[2020-01-27 17:49:46.155228][__main__.TRPOAgent.log][training]: gradient_step_direction: tf.Tensor(
[ 0.          0.19282528  0.          0.         -0.06471083  0.0384371
  0.          0.09233074  0.13087726  0.          0.          0.0370407
  0.         -0.03944788  0.          0.11986182  0.05422879 -0.09622349
  0.07375167  0.         -0.01203091  0.14793489 -0.15053051  0.1128647
  0.16743476  0.13678937  0.         -0.14336975  0.          0.
  0.          0.          0.         -0.0033001   0.          0.
  0.00080527 -0.00076937  0.         -0.00203348 -0.00184016  0.
  0.         -0.0004408   0.          0.00054523  0.         -0.00228634
 -0.00054739  0.00181594 -0.00104316  0.          0.00027016 -0.00271979
  0.00303415 -0.00143861 -0.00358929 -0.00217611  0.          0.00233207
  0.          0.          0.          0.          0.          0.10527203
  0.          0.         -0.03451284  0.02128559  0.          0.05163096
  0.07037292  0.          0.          0.01970096  0.         -0.02118578
  0.          0.06607217  0.02857845 -0.0529892   0.03967316  0.
 -0.00674165  0.08127169 -0.08341728  0.06028733  0.09336358  0.07423428
  0.         -0.07794371  0.          0.          0.          0.
  0.          0.          0.          0.          0.          0.
  0.          0.          0.          0.          0.          0.
  0.          0.          0.          0.          0.01043017  0.
  0.00352132  0.         -0.00466683  0.          0.         -0.00149196
 -0.01114349  0.         -0.00627023  0.         -0.01206676  0.00480271
  0.00689625 -0.00513747  0.          0.          0.          0.
  0.          0.          0.          0.          0.          0.
  0.          0.          0.          0.          0.          0.
  0.          0.          0.          0.          0.          0.
  0.          0.          0.          0.          0.          0.
  0.          0.          0.          0.          0.0694239   0.
  0.02340035  0.         -0.03059843  0.          0.         -0.0099628
 -0.07488011  0.         -0.04160582  0.         -0.08115334  0.03329482
  0.04639917 -0.03456389  0.00920091  0.          0.00308936  0.
 -0.00390845  0.          0.         -0.00133058 -0.01014801  0.
 -0.00547325  0.         -0.01101986  0.00483248  0.00630665 -0.00469738
  0.          0.          0.          0.          0.          0.
  0.          0.          0.          0.          0.          0.
  0.          0.          0.          0.          0.01547737  0.
  0.00523176  0.         -0.00700466  0.          0.         -0.00220841
 -0.01641457  0.         -0.00932655  0.         -0.01776271  0.00689938
  0.0101482  -0.00756039  0.02848718  0.          0.00959588  0.
 -0.01248003  0.          0.         -0.00409335 -0.03084143  0.
 -0.01705135  0.         -0.0334364   0.01387835  0.01912029 -0.01424287
  0.          0.          0.          0.          0.          0.
  0.          0.          0.          0.          0.          0.
  0.          0.          0.          0.          0.          0.
  0.          0.          0.          0.          0.          0.
  0.          0.          0.          0.          0.          0.
  0.          0.          0.030744    0.          0.0103617   0.
 -0.01353783  0.          0.         -0.00441284 -0.03317936  0.
 -0.01842143  0.         -0.03596088  0.01478025  0.02056104 -0.01531638
  0.          0.          0.          0.          0.          0.
  0.          0.          0.          0.          0.          0.
  0.          0.          0.          0.          0.03827163  0.
  0.01292318  0.         -0.01715294  0.          0.         -0.00547248
 -0.04084506  0.         -0.0230155   0.         -0.0442249   0.01754025
  0.02527366 -0.01882814  0.          0.          0.          0.
  0.          0.          0.          0.          0.          0.
  0.          0.          0.          0.          0.          0.
  0.03953494  0.          0.01332795  0.         -0.01745094  0.
  0.         -0.00567173 -0.04260242  0.         -0.02370057  0.
 -0.04616769  0.01888609  0.02639516 -0.01966251  0.07432669  0.
  0.02505268  0.         -0.0327565   0.          0.         -0.01066658
 -0.08017252  0.         -0.04454328  0.         -0.08688956  0.0356542
  0.04967895 -0.03700707  0.03542246  0.          0.01194476  0.
 -0.01567507  0.          0.         -0.00507901 -0.03811077  0.
 -0.02124617  0.         -0.04129432  0.01680889  0.02360731 -0.01758592
  0.05667375  0.          0.01912733  0.         -0.02528143  0.
  0.         -0.00811208 -0.06066631  0.         -0.03404887  0.
 -0.06570409  0.02631479  0.03755358 -0.02797583  0.          0.
  0.          0.          0.          0.          0.          0.
  0.          0.          0.          0.          0.          0.
  0.          0.          0.0100682   0.          0.00338586  0.
 -0.00434193  0.          0.         -0.00145149 -0.01100533  0.
 -0.00600727  0.         -0.01194144  0.00510195  0.00683144 -0.00508852
  0.07918787  0.          0.02669673  0.         -0.03496687  0.
  0.         -0.01135949 -0.08531232  0.         -0.04747547  0.
 -0.09244994  0.03779166  0.05285528 -0.03937347  0.06040989  0.
  0.02036112  0.         -0.02661416  0.          0.         -0.00867002
 -0.06517499  0.         -0.03620055  0.         -0.07063684  0.0290043
  0.04038687 -0.03008513  0.03429504  0.          0.01156517  0.
 -0.01518332  0.          0.         -0.00491686 -0.03688687  0.
 -0.02057194  0.         -0.03996713  0.01625344  0.02284827 -0.01702052
  0.01443975  0.          0.0048551   0.         -0.00621635  0.
  0.         -0.00208246 -0.01580026  0.         -0.00861258  0.
 -0.0171458   0.0073481   0.00980918 -0.0073065   0.01705195  0.
  0.00576453  0.         -0.00772365  0.          0.         -0.00243264
 -0.01807476  0.         -0.01027716  0.         -0.01955829  0.00758303
  0.01117378 -0.00832448  0.          0.          0.          0.
  0.          0.          0.          0.          0.          0.
  0.          0.          0.          0.          0.          0.
  0.06094937  0.          0.02056648  0.         -0.02714117  0.
  0.         -0.00872737 -0.0653157   0.         -0.03660437  0.
 -0.07074663  0.02843604  0.04043767 -0.03012415  0.          0.
  0.          0.          0.          0.          0.          0.
  0.          0.          0.          0.          0.          0.
  0.          0.          0.          0.          0.          0.
  0.          0.          0.          0.          0.          0.
  0.          0.          0.          0.          0.          0.
  0.          0.          0.          0.          0.          0.
  0.          0.          0.          0.          0.          0.
  0.          0.          0.          0.          0.          0.
  0.          0.          0.          0.          0.          0.
  0.          0.          0.          0.          0.          0.
  0.          0.         -0.10690256  0.         -0.0359483   0.
  0.04607433  0.          0.          0.01541358  0.11689492  0.
  0.06377659  0.          0.12684195 -0.0542506  -0.07256464  0.05405096
 -0.04271889  0.02035806  0.02236083  0.          0.          0.
 -0.01228296  0.00583155  0.00645141  0.          0.          0.
 -0.03761881  0.01823832  0.01938049  0.          0.          0.
  0.          0.          0.         -0.01016428  0.00501943  0.00514485
 -0.13089104  0.06268317  0.06820787  0.          0.          0.
 -0.00583633  0.00286904  0.0029673   0.          0.          0.
 -0.02239368  0.01029781  0.01209587 -0.09154435  0.0437605   0.04778385
 -0.02978024  0.01371894  0.0160613  -0.06346534  0.03069541  0.03276993
  0.16022946 -0.07977514 -0.08045432], shape=(675,), dtype=float64)

