LOGGER started at 2020-01-28 17:24:18.863752.
Currently active debug channels:
	rollouts
	act
	training
	batch_info
	linesearch
	learning
	thread_rollouts
[2020-01-28 17:24:19.261856][__main__.TRPOAgent.log][learning]: Episode #0

[2020-01-28 17:24:19.476046][__main__.TRPOAgent.log][learning]: Performing rollouts: rollout length: 50

[2020-01-28 17:24:19.492856][EnvironmentNew.Environment.log][rollouts]: Rollout thread #1

[2020-01-28 17:24:19.493621][EnvironmentNew.Environment.log][rollouts]: Rollout thread #2

[2020-01-28 17:24:19.494318][EnvironmentNew.Environment.log][thread_rollouts]: Thread number: 1

[2020-01-28 17:24:19.493570][EnvironmentNew.Environment.log][thread_rollouts]: Thread number: 0

[2020-01-28 17:24:19.626614][EnvironmentNew.Environment.log][thread_rollouts]: Thread number: 1, Steps performed: 50

[2020-01-28 17:24:19.631020][EnvironmentNew.Environment.log][thread_rollouts]: Thread number: 0, Steps performed: 50

[2020-01-28 17:24:19.631536][EnvironmentNew.Environment.log][rollouts]: Rollout thread #3

[2020-01-28 17:24:19.631992][EnvironmentNew.Environment.log][thread_rollouts]: Thread number: 2

[2020-01-28 17:24:19.632060][EnvironmentNew.Environment.log][rollouts]: Rollout thread #4

[2020-01-28 17:24:19.633458][EnvironmentNew.Environment.log][thread_rollouts]: Thread number: 3

[2020-01-28 17:24:19.763857][EnvironmentNew.Environment.log][thread_rollouts]: Thread number: 2, Steps performed: 50

[2020-01-28 17:24:19.771102][EnvironmentNew.Environment.log][thread_rollouts]: Thread number: 3, Steps performed: 50

[2020-01-28 17:24:19.771601][EnvironmentNew.Environment.log][rollouts]: Rollout thread #5

[2020-01-28 17:24:19.772098][EnvironmentNew.Environment.log][thread_rollouts]: Thread number: 4

[2020-01-28 17:24:19.772155][EnvironmentNew.Environment.log][rollouts]: Rollout thread #6

[2020-01-28 17:24:19.773791][EnvironmentNew.Environment.log][thread_rollouts]: Thread number: 5

[2020-01-28 17:24:19.917751][EnvironmentNew.Environment.log][thread_rollouts]: Thread number: 4, Steps performed: 50

[2020-01-28 17:24:19.938696][EnvironmentNew.Environment.log][thread_rollouts]: Thread number: 5, Steps performed: 50

[2020-01-28 17:24:19.939274][EnvironmentNew.Environment.log][rollouts]: Rollout thread #7

[2020-01-28 17:24:19.940004][EnvironmentNew.Environment.log][rollouts]: Rollout thread #8

[2020-01-28 17:24:19.939944][EnvironmentNew.Environment.log][thread_rollouts]: Thread number: 6

[2020-01-28 17:24:19.942425][EnvironmentNew.Environment.log][thread_rollouts]: Thread number: 7

[2020-01-28 17:24:20.091402][EnvironmentNew.Environment.log][thread_rollouts]: Thread number: 6, Steps performed: 50

[2020-01-28 17:24:20.098222][EnvironmentNew.Environment.log][thread_rollouts]: Thread number: 7, Steps performed: 50

[2020-01-28 17:24:20.098808][EnvironmentNew.Environment.log][rollouts]: Rollout thread #9

[2020-01-28 17:24:20.099316][EnvironmentNew.Environment.log][thread_rollouts]: Thread number: 8

[2020-01-28 17:24:20.099375][EnvironmentNew.Environment.log][rollouts]: Rollout thread #10

[2020-01-28 17:24:20.103395][EnvironmentNew.Environment.log][thread_rollouts]: Thread number: 9

[2020-01-28 17:24:20.236736][EnvironmentNew.Environment.log][thread_rollouts]: Thread number: 9, Steps performed: 50

[2020-01-28 17:24:20.236089][EnvironmentNew.Environment.log][thread_rollouts]: Thread number: 8, Steps performed: 50

[2020-01-28 17:24:20.237972][EnvironmentNew.Environment.log][rollouts]: Rollout thread #11

[2020-01-28 17:24:20.238776][EnvironmentNew.Environment.log][rollouts]: Rollout thread #12

[2020-01-28 17:24:20.238714][EnvironmentNew.Environment.log][thread_rollouts]: Thread number: 10

[2020-01-28 17:24:20.240285][EnvironmentNew.Environment.log][thread_rollouts]: Thread number: 11

[2020-01-28 17:24:20.392762][EnvironmentNew.Environment.log][thread_rollouts]: Thread number: 10, Steps performed: 50

[2020-01-28 17:24:20.396489][EnvironmentNew.Environment.log][thread_rollouts]: Thread number: 11, Steps performed: 50

[2020-01-28 17:24:20.397273][EnvironmentNew.Environment.log][rollouts]: Rollout thread #13

[2020-01-28 17:24:20.398092][EnvironmentNew.Environment.log][thread_rollouts]: Thread number: 12

[2020-01-28 17:24:20.398181][EnvironmentNew.Environment.log][rollouts]: Rollout thread #14

[2020-01-28 17:24:20.400549][EnvironmentNew.Environment.log][thread_rollouts]: Thread number: 13

[2020-01-28 17:24:20.535391][EnvironmentNew.Environment.log][thread_rollouts]: Thread number: 13, Steps performed: 50

[2020-01-28 17:24:20.558213][EnvironmentNew.Environment.log][thread_rollouts]: Thread number: 12, Steps performed: 50

[2020-01-28 17:24:20.558727][EnvironmentNew.Environment.log][rollouts]: Rollout thread #15

[2020-01-28 17:24:20.559509][EnvironmentNew.Environment.log][thread_rollouts]: Thread number: 14

[2020-01-28 17:24:20.621074][EnvironmentNew.Environment.log][thread_rollouts]: Thread number: 14, Steps performed: 50

[2020-01-28 17:24:20.621870][__main__.TRPOAgent.log][learning]: Rollouts performed

[2020-01-28 17:24:20.624944][__main__.TRPOAgent.log][batch_info]: Rollout statistics size: 750, Batch size: 1000, Number of batches: 1

[2020-01-28 17:24:20.625492][__main__.TRPOAgent.log][learning]: 

***************
BEGINNING TRAINING
***************



[2020-01-28 17:24:20.626483][__main__.TRPOAgent.log][batch_info]: Batch #0, batch length: 750

[2020-01-28 17:24:20.644668][__main__.TRPOAgent.log][training]: policy_gradient: [-4.05157429e-03  3.03110542e-04 -1.35341257e-03 -1.80099050e-03
  0.00000000e+00  1.31613554e-03  2.98891394e-03  2.19573064e-03
 -3.64710254e-03 -2.52331475e-04  0.00000000e+00  2.93952310e-03
 -6.60513539e-04  0.00000000e+00 -2.93709158e-03  0.00000000e+00
  0.00000000e+00 -2.85785626e-03  2.22973884e-03  1.57988947e-03
 -8.12774239e-04 -1.32796109e-03  0.00000000e+00  0.00000000e+00
  0.00000000e+00  4.78761514e-03  0.00000000e+00  0.00000000e+00
 -1.42085059e-03  4.66188874e-03  0.00000000e+00 -1.31197462e-03
  0.00000000e+00  1.64850118e-03  0.00000000e+00 -9.50710818e-05
 -8.55613647e-04 -2.16219968e-03  2.29589373e-03 -6.71567742e-05
  0.00000000e+00 -1.35286750e-03 -2.30737075e-04  0.00000000e+00
  1.13172512e-03  0.00000000e+00  0.00000000e+00  9.49167032e-04
 -6.13790535e-04 -5.89209100e-04  1.76068613e-03 -1.96095394e-04
  0.00000000e+00  0.00000000e+00  0.00000000e+00 -2.96289284e-03
  0.00000000e+00  0.00000000e+00  1.24210532e-03 -3.21491142e-03
  0.00000000e+00  3.51256245e-04  0.00000000e+00 -1.73760503e-03
  3.12381875e-03 -1.38621373e-03  0.00000000e+00  0.00000000e+00
  0.00000000e+00 -2.10778234e-03  3.78931339e-03 -1.68153105e-03
 -8.45197724e-04  1.51947333e-03 -6.74275609e-04 -5.88158408e-04
  1.05737509e-03 -4.69216678e-04 -1.67015396e-03  3.00255706e-03
 -1.33240311e-03 -1.76345437e-03  3.17029000e-03 -1.40683563e-03
  0.00000000e+00  0.00000000e+00  0.00000000e+00 -2.20392464e-03
  3.96215539e-03 -1.75823075e-03 -2.07882635e-03  3.73725711e-03
 -1.65843076e-03  0.00000000e+00  0.00000000e+00  0.00000000e+00
 -1.41314199e-03  2.54050798e-03 -1.12736600e-03  0.00000000e+00
  0.00000000e+00  0.00000000e+00  0.00000000e+00  0.00000000e+00
  0.00000000e+00 -1.21953285e-03  2.19244278e-03 -9.72909927e-04
 -9.06571875e-05  1.62981010e-04 -7.23238226e-05 -4.99679723e-05
  8.98310528e-05 -3.98630805e-05 -9.80479177e-05  1.76267863e-04
 -7.82199448e-05 -1.35733965e-04  2.44018807e-04 -1.08284842e-04
  0.00000000e+00  0.00000000e+00  0.00000000e+00  0.00000000e+00
  0.00000000e+00  0.00000000e+00  0.00000000e+00  0.00000000e+00
  0.00000000e+00 -1.93310345e-03  3.47528047e-03 -1.54217702e-03
  0.00000000e+00  0.00000000e+00  0.00000000e+00  0.00000000e+00
  0.00000000e+00  0.00000000e+00 -3.50519037e-04  6.30153530e-04
 -2.79634493e-04 -1.88985457e-03  3.39752882e-03 -1.50767425e-03
  0.00000000e+00  0.00000000e+00  0.00000000e+00 -1.57717896e-03
  2.83540917e-03 -1.25823020e-03  0.00000000e+00  0.00000000e+00
  0.00000000e+00  1.16398664e-03 -5.15195536e-03  3.98796873e-03]

[2020-01-28 17:24:20.645300][__main__.TRPOAgent.log][training]: Initiating conjugate gradients

[2020-01-28 17:24:20.694563][__main__.TRPOAgent.log][training]: gradient_step_direction: [-3.33727244  0.22882885 -0.43775174 -1.52920806  0.          0.94985529
  2.25376058  1.88740398 -2.93921929 -0.16920607  0.          2.29378987
 -0.43461878  0.         -2.25864673  0.          0.         -2.17474271
  1.67761026  1.21199252 -0.84374962 -0.91426516  0.          0.
  0.          3.85066329  0.          0.         -1.19760331  3.79937907
  0.         -0.98560762  0.          0.44021147  0.         -0.24635036
 -0.60289554 -0.54704421  0.82066705  0.04143266  0.         -0.627659
  0.10472487  0.          0.61219912  0.          0.          0.58536014
 -0.44809823 -0.32797974  0.26770531  0.22873417  0.          0.
  0.         -1.07384306  0.          0.          0.34332633 -1.06803998
  0.          0.26298819  0.         -1.29354904  2.47922577 -1.18567673
  0.          0.          0.         -1.56912519  3.00739709 -1.43827189
 -0.62920209  1.20593343 -0.57673134 -0.4378508   0.83918811 -0.40133732
 -1.24333552  2.38298616 -1.13965064 -1.31279242  2.51610778 -1.20331536
  0.          0.          0.         -1.64069772  3.14457353 -1.50387581
 -1.54756909  2.9660825  -1.41851341  0.          0.          0.
 -1.05200459  2.01627987 -0.96427528  0.          0.          0.
  0.          0.          0.         -0.9078735   1.74003714 -0.83216364
 -0.06748917  0.12935025 -0.06186108 -0.03719834  0.07129462 -0.03409628
 -0.07299115  0.13989538 -0.06690423 -0.10104629  0.19366607 -0.09261979
  0.          0.          0.          0.          0.          0.
  0.          0.          0.         -1.43908661  2.75816416 -1.31907755
  0.          0.          0.          0.          0.          0.
 -0.26094167  0.50012277 -0.23918109 -1.40689025  2.69645639 -1.28956613
  0.          0.          0.         -1.17412088  2.25032886 -1.07620798
  0.          0.          0.          1.03149427 -2.06213881  1.03064454]

[2020-01-28 17:24:20.759149][__main__.TRPOAgent.log][linesearch]: Linesearch failed. Mean kl divergence: -2.999999954080677e-08, Discarded policy loss value: -5.6600329756406606e-11

[2020-01-28 17:24:21.125079][__main__.TRPOAgent.log][batch_info]: Current batch value loss: 275.73709446179447

