LOGGER started at 2020-01-27 21:54:33.697122.
Currently active debug channels:
	rollouts
	act
	training
	batch_info
	linesearch
	learning
	thread_rollouts
[2020-01-27 21:54:33.829173][__main__.TRPOAgent.log][learning]: Episode #0

[2020-01-27 21:54:34.037655][__main__.TRPOAgent.log][learning]: Performing rollouts: rollout length: 5000

[2020-01-27 21:54:34.080608][Environment.Environment.log][rollouts]: Rollout thread #1

[2020-01-27 21:54:34.081431][Environment.Environment.log][rollouts]: Rollout thread #2

[2020-01-27 21:54:34.081307][Environment.Environment.log][thread_rollouts]: Thread number: 0

[2020-01-27 21:54:34.082801][Environment.Environment.log][thread_rollouts]: Thread number: 1

[2020-01-27 21:54:44.197407][Environment.Environment.log][thread_rollouts]: Thread number: 0, Steps performed: 5000

[2020-01-27 21:54:44.287973][Environment.Environment.log][thread_rollouts]: Thread number: 1, Steps performed: 5000

[2020-01-27 21:54:44.288596][Environment.Environment.log][rollouts]: Rollout thread #3

[2020-01-27 21:54:44.289292][Environment.Environment.log][rollouts]: Rollout thread #4

[2020-01-27 21:54:44.289194][Environment.Environment.log][thread_rollouts]: Thread number: 2

[2020-01-27 21:54:44.290159][Environment.Environment.log][thread_rollouts]: Thread number: 3

[2020-01-27 21:54:55.988315][Environment.Environment.log][thread_rollouts]: Thread number: 3, Steps performed: 5000

[2020-01-27 21:54:56.062884][Environment.Environment.log][thread_rollouts]: Thread number: 2, Steps performed: 5000

[2020-01-27 21:54:56.063276][Environment.Environment.log][rollouts]: Rollout thread #5

[2020-01-27 21:54:56.063856][Environment.Environment.log][thread_rollouts]: Thread number: 4

[2020-01-27 21:54:56.063931][Environment.Environment.log][rollouts]: Rollout thread #6

[2020-01-27 21:54:56.065875][Environment.Environment.log][thread_rollouts]: Thread number: 5

[2020-01-27 21:55:06.289786][Environment.Environment.log][thread_rollouts]: Thread number: 4, Steps performed: 5000

[2020-01-27 21:55:06.322933][Environment.Environment.log][thread_rollouts]: Thread number: 5, Steps performed: 5000

[2020-01-27 21:55:06.323426][Environment.Environment.log][rollouts]: Rollout thread #7

[2020-01-27 21:55:06.324359][Environment.Environment.log][rollouts]: Rollout thread #8

[2020-01-27 21:55:06.324131][Environment.Environment.log][thread_rollouts]: Thread number: 6

[2020-01-27 21:55:06.325593][Environment.Environment.log][thread_rollouts]: Thread number: 7

[2020-01-27 21:55:17.996364][Environment.Environment.log][thread_rollouts]: Thread number: 6, Steps performed: 5000

[2020-01-27 21:55:18.089581][Environment.Environment.log][thread_rollouts]: Thread number: 7, Steps performed: 5000

[2020-01-27 21:55:18.090045][Environment.Environment.log][rollouts]: Rollout thread #9

[2020-01-27 21:55:18.090698][Environment.Environment.log][rollouts]: Rollout thread #10

[2020-01-27 21:55:18.090648][Environment.Environment.log][thread_rollouts]: Thread number: 8

[2020-01-27 21:55:18.091871][Environment.Environment.log][thread_rollouts]: Thread number: 9

[2020-01-27 21:55:29.033452][Environment.Environment.log][thread_rollouts]: Thread number: 9, Steps performed: 5000

[2020-01-27 21:55:29.060854][Environment.Environment.log][thread_rollouts]: Thread number: 8, Steps performed: 5000

[2020-01-27 21:55:29.061264][Environment.Environment.log][rollouts]: Rollout thread #11

[2020-01-27 21:55:29.061729][Environment.Environment.log][thread_rollouts]: Thread number: 10

[2020-01-27 21:55:29.061954][Environment.Environment.log][rollouts]: Rollout thread #12

[2020-01-27 21:55:29.066795][Environment.Environment.log][thread_rollouts]: Thread number: 11

[2020-01-27 21:55:39.197528][Environment.Environment.log][thread_rollouts]: Thread number: 11, Steps performed: 5000

[2020-01-27 21:55:39.262169][Environment.Environment.log][thread_rollouts]: Thread number: 10, Steps performed: 5000

[2020-01-27 21:55:39.262553][Environment.Environment.log][rollouts]: Rollout thread #13

[2020-01-27 21:55:39.263198][Environment.Environment.log][rollouts]: Rollout thread #14

[2020-01-27 21:55:39.263094][Environment.Environment.log][thread_rollouts]: Thread number: 12

[2020-01-27 21:55:39.264249][Environment.Environment.log][thread_rollouts]: Thread number: 13

[2020-01-27 21:55:49.448270][Environment.Environment.log][thread_rollouts]: Thread number: 12, Steps performed: 5000

[2020-01-27 21:55:49.514885][Environment.Environment.log][thread_rollouts]: Thread number: 13, Steps performed: 5000

[2020-01-27 21:55:49.515254][Environment.Environment.log][rollouts]: Rollout thread #15

[2020-01-27 21:55:49.515774][Environment.Environment.log][rollouts]: Rollout thread #16

[2020-01-27 21:55:49.515725][Environment.Environment.log][thread_rollouts]: Thread number: 14

[2020-01-27 21:55:49.516872][Environment.Environment.log][thread_rollouts]: Thread number: 15

[2020-01-27 21:55:59.707476][Environment.Environment.log][thread_rollouts]: Thread number: 15, Steps performed: 5000

[2020-01-27 21:55:59.765040][Environment.Environment.log][thread_rollouts]: Thread number: 14, Steps performed: 5000

[2020-01-27 21:55:59.765504][Environment.Environment.log][rollouts]: Rollout thread #17

[2020-01-27 21:55:59.766003][Environment.Environment.log][thread_rollouts]: Thread number: 16

[2020-01-27 21:55:59.766141][Environment.Environment.log][rollouts]: Rollout thread #18

[2020-01-27 21:55:59.768296][Environment.Environment.log][thread_rollouts]: Thread number: 17

[2020-01-27 21:56:10.344836][Environment.Environment.log][thread_rollouts]: Thread number: 17, Steps performed: 5000

[2020-01-27 21:56:10.386225][Environment.Environment.log][thread_rollouts]: Thread number: 16, Steps performed: 5000

[2020-01-27 21:56:10.386685][Environment.Environment.log][rollouts]: Rollout thread #19

[2020-01-27 21:56:10.387347][Environment.Environment.log][thread_rollouts]: Thread number: 18

[2020-01-27 21:56:10.387493][Environment.Environment.log][rollouts]: Rollout thread #20

[2020-01-27 21:56:10.389206][Environment.Environment.log][thread_rollouts]: Thread number: 19

[2020-01-27 21:56:21.676126][Environment.Environment.log][thread_rollouts]: Thread number: 18, Steps performed: 5000

[2020-01-27 21:56:21.737144][Environment.Environment.log][thread_rollouts]: Thread number: 19, Steps performed: 5000

[2020-01-27 21:56:21.737537][Environment.Environment.log][rollouts]: Rollout thread #21

[2020-01-27 21:56:21.738064][Environment.Environment.log][thread_rollouts]: Thread number: 20

[2020-01-27 21:56:21.738129][Environment.Environment.log][rollouts]: Rollout thread #22

[2020-01-27 21:56:21.740066][Environment.Environment.log][thread_rollouts]: Thread number: 21

[2020-01-27 21:56:32.111385][Environment.Environment.log][thread_rollouts]: Thread number: 20, Steps performed: 5000

[2020-01-27 21:56:32.222138][Environment.Environment.log][thread_rollouts]: Thread number: 21, Steps performed: 5000

[2020-01-27 21:56:32.222774][Environment.Environment.log][rollouts]: Rollout thread #23

[2020-01-27 21:56:32.223447][Environment.Environment.log][thread_rollouts]: Thread number: 22

[2020-01-27 21:56:32.223517][Environment.Environment.log][rollouts]: Rollout thread #24

[2020-01-27 21:56:32.225299][Environment.Environment.log][thread_rollouts]: Thread number: 23

[2020-01-27 21:56:43.554409][Environment.Environment.log][thread_rollouts]: Thread number: 22, Steps performed: 5000

[2020-01-27 21:56:43.728281][Environment.Environment.log][thread_rollouts]: Thread number: 23, Steps performed: 5000

[2020-01-27 21:56:43.728922][Environment.Environment.log][rollouts]: Rollout thread #25

[2020-01-27 21:56:43.730400][Environment.Environment.log][thread_rollouts]: Thread number: 24

[2020-01-27 21:56:43.730506][Environment.Environment.log][rollouts]: Rollout thread #26

[2020-01-27 21:56:43.736932][Environment.Environment.log][thread_rollouts]: Thread number: 25

[2020-01-27 21:56:55.070891][Environment.Environment.log][thread_rollouts]: Thread number: 24, Steps performed: 5000

[2020-01-27 21:56:55.140213][Environment.Environment.log][thread_rollouts]: Thread number: 25, Steps performed: 5000

[2020-01-27 21:56:55.140649][Environment.Environment.log][rollouts]: Rollout thread #27

[2020-01-27 21:56:55.141202][Environment.Environment.log][rollouts]: Rollout thread #28

[2020-01-27 21:56:55.141149][Environment.Environment.log][thread_rollouts]: Thread number: 26

[2020-01-27 21:56:55.142410][Environment.Environment.log][thread_rollouts]: Thread number: 27

[2020-01-27 21:57:07.651816][Environment.Environment.log][thread_rollouts]: Thread number: 26, Steps performed: 5000

[2020-01-27 21:57:07.766111][Environment.Environment.log][thread_rollouts]: Thread number: 27, Steps performed: 5000

[2020-01-27 21:57:07.766746][Environment.Environment.log][rollouts]: Rollout thread #29

[2020-01-27 21:57:07.767355][Environment.Environment.log][thread_rollouts]: Thread number: 28

[2020-01-27 21:57:07.767431][Environment.Environment.log][rollouts]: Rollout thread #30

[2020-01-27 21:57:07.769098][Environment.Environment.log][thread_rollouts]: Thread number: 29

[2020-01-27 21:57:19.236857][Environment.Environment.log][thread_rollouts]: Thread number: 29, Steps performed: 5000

[2020-01-27 21:57:19.351079][Environment.Environment.log][thread_rollouts]: Thread number: 28, Steps performed: 5000

[2020-01-27 21:57:19.351502][__main__.TRPOAgent.log][rollouts]: Unpacking actions

[2020-01-27 21:57:19.391755][__main__.TRPOAgent.log][rollouts]: Unpacking rewards

[2020-01-27 21:57:24.966110][__main__.TRPOAgent.log][rollouts]: Unpacking observations

[2020-01-27 21:57:24.988578][__main__.TRPOAgent.log][learning]: Rollouts performed

[2020-01-27 21:57:24.990245][__main__.TRPOAgent.log][batch_info]: Rollout statistics size: 150000, Batch size: 60000, Number of batches: 3

[2020-01-27 21:57:24.990697][__main__.TRPOAgent.log][learning]: 

***************
BEGINNING TRAINING
***************



[2020-01-27 21:57:25.180759][__main__.TRPOAgent.log][batch_info]: Batch #0, batch length: 60000

[2020-01-27 21:58:14.525691][__main__.TRPOAgent.log][training]: policy_gradient: [-3.00276097e-04  2.05758063e-06 -7.08120260e-04 -4.36473277e-04
  0.00000000e+00  0.00000000e+00  0.00000000e+00  0.00000000e+00
 -3.03717837e-04 -1.32000150e-04  5.10550173e-04 -5.35622991e-04
 -2.51040378e-04 -3.09081517e-04  5.67521526e-04 -3.11357562e-04
  0.00000000e+00  2.64514233e-04  0.00000000e+00  0.00000000e+00
  0.00000000e+00  6.51693511e-04  2.57161523e-04  0.00000000e+00
 -4.15367688e-04 -3.21612879e-04  1.16311977e-04  0.00000000e+00
  0.00000000e+00  2.16334558e-04  0.00000000e+00  5.32298517e-04
  4.98447648e-06 -1.12276345e-07  1.17114358e-05  7.76161403e-06
  0.00000000e+00  0.00000000e+00  0.00000000e+00  0.00000000e+00
  5.21050875e-06  4.67527072e-07 -5.98932616e-06  8.74923864e-06
  4.81952633e-06  3.72176284e-06 -9.59283574e-06  5.41790901e-06
  0.00000000e+00 -5.42343604e-06  0.00000000e+00  0.00000000e+00
  0.00000000e+00 -1.09242779e-05 -3.52167464e-06  0.00000000e+00
  6.72266311e-06  3.58818829e-06 -1.38924476e-06  0.00000000e+00
  0.00000000e+00 -4.05803899e-06  0.00000000e+00 -7.92443657e-06
  3.75887639e-04 -4.37861696e-06  8.54189657e-04  5.50704164e-04
  0.00000000e+00  0.00000000e+00  0.00000000e+00  0.00000000e+00
  3.73207581e-04  5.58921513e-05 -4.97220877e-04  6.39088566e-04
  3.33717768e-04  2.91723972e-04 -6.87269743e-04  3.93103544e-04
  0.00000000e+00 -3.74382469e-04  0.00000000e+00  0.00000000e+00
  0.00000000e+00 -8.04622213e-04 -2.59306288e-04  0.00000000e+00
  4.81307583e-04  3.06084823e-04 -1.07804030e-04  0.00000000e+00
  0.00000000e+00 -2.82060997e-04  0.00000000e+00 -6.10812959e-04
 -6.69257636e-05  0.00000000e+00 -1.02238463e-05  0.00000000e+00
  2.69959927e-05 -2.12652671e-05 -5.19500391e-05 -1.72181007e-05
  1.99813510e-05  0.00000000e+00  0.00000000e+00  0.00000000e+00
  0.00000000e+00  0.00000000e+00  2.51148583e-05  1.48796626e-05
  3.33313941e-09  0.00000000e+00  5.09349040e-10  0.00000000e+00
 -1.34386798e-09  1.05919516e-09  2.58805987e-09  8.58018907e-10
 -9.94955204e-10  0.00000000e+00  0.00000000e+00  0.00000000e+00
  0.00000000e+00  0.00000000e+00 -9.23213845e-10 -7.40712182e-10
 -1.32479314e-04  0.00000000e+00 -2.02680424e-05  0.00000000e+00
  5.33246880e-05 -4.21144127e-05 -1.02973469e-04 -3.41731892e-05
  3.95191853e-05  0.00000000e+00  0.00000000e+00  0.00000000e+00
  0.00000000e+00  0.00000000e+00  5.05207030e-05  2.93912450e-05
 -1.90457806e-04  0.00000000e+00 -2.90253758e-05  0.00000000e+00
  7.70900359e-05 -6.04705809e-05 -1.47517533e-04 -4.87900160e-05
  5.69417503e-05  0.00000000e+00  0.00000000e+00  0.00000000e+00
  0.00000000e+00  0.00000000e+00  6.95975327e-05  4.24911674e-05
  0.00000000e+00  0.00000000e+00  0.00000000e+00  0.00000000e+00
  0.00000000e+00  0.00000000e+00  0.00000000e+00  0.00000000e+00
  0.00000000e+00  0.00000000e+00  0.00000000e+00  0.00000000e+00
  0.00000000e+00  0.00000000e+00  0.00000000e+00  0.00000000e+00
  0.00000000e+00  0.00000000e+00  0.00000000e+00  0.00000000e+00
  0.00000000e+00  0.00000000e+00  0.00000000e+00  0.00000000e+00
  0.00000000e+00  0.00000000e+00  0.00000000e+00  0.00000000e+00
  0.00000000e+00  0.00000000e+00  0.00000000e+00  0.00000000e+00
  0.00000000e+00  0.00000000e+00  0.00000000e+00  0.00000000e+00
  0.00000000e+00  0.00000000e+00  0.00000000e+00  0.00000000e+00
  0.00000000e+00  0.00000000e+00  0.00000000e+00  0.00000000e+00
  0.00000000e+00  0.00000000e+00  0.00000000e+00  0.00000000e+00
  0.00000000e+00  0.00000000e+00  0.00000000e+00  0.00000000e+00
  0.00000000e+00  0.00000000e+00  0.00000000e+00  0.00000000e+00
  0.00000000e+00  0.00000000e+00  0.00000000e+00  0.00000000e+00
  0.00000000e+00  0.00000000e+00  0.00000000e+00  0.00000000e+00
 -2.84485017e-04  0.00000000e+00 -4.34671968e-05  0.00000000e+00
  1.14722478e-04 -9.03988346e-05 -2.20864471e-04 -7.32143480e-05
  8.49266477e-05  0.00000000e+00  0.00000000e+00  0.00000000e+00
  0.00000000e+00  0.00000000e+00  1.06975754e-04  6.32327083e-05
 -4.02630632e-05  0.00000000e+00 -6.13875484e-06  0.00000000e+00
  1.62865193e-05 -1.27853938e-05 -3.11981243e-05 -1.03225325e-05
  1.20344701e-05  0.00000000e+00  0.00000000e+00  0.00000000e+00
  0.00000000e+00  0.00000000e+00  1.47868882e-05  8.97692222e-06
 -5.08247834e-05  0.00000000e+00 -7.80767010e-06  0.00000000e+00
  2.03362771e-05 -1.61781249e-05 -3.96528599e-05 -1.32063350e-05
  1.51251800e-05  0.00000000e+00  0.00000000e+00  0.00000000e+00
  0.00000000e+00  0.00000000e+00  2.02416153e-05  1.12085531e-05
 -9.16493822e-05  0.00000000e+00 -1.39761106e-05  0.00000000e+00
  3.70622498e-05 -2.91047171e-05 -7.10275744e-05 -2.35048652e-05
  2.73906118e-05  0.00000000e+00  0.00000000e+00  0.00000000e+00
  0.00000000e+00  0.00000000e+00  3.37309468e-05  2.04282156e-05
 -2.65900489e-05  0.00000000e+00 -4.10435796e-06  0.00000000e+00
  1.05649010e-05 -8.47693914e-06 -2.08358746e-05 -6.96806906e-06
  7.89092076e-06  0.00000000e+00  0.00000000e+00  0.00000000e+00
  0.00000000e+00  0.00000000e+00  1.11171341e-05  5.82277233e-06
 -3.77477833e-04  0.00000000e+00 -5.76052273e-05  0.00000000e+00
  1.52491033e-04 -1.19901680e-04 -2.92734683e-04 -9.69347772e-05
  1.12767232e-04  0.00000000e+00  0.00000000e+00  0.00000000e+00
  0.00000000e+00  0.00000000e+00  1.40046406e-04  8.40506282e-05
 -1.69565896e-04  0.00000000e+00 -2.58680264e-05  0.00000000e+00
  6.85330636e-05 -5.38549830e-05 -1.31458524e-04 -4.35177753e-05
  5.06656860e-05  0.00000000e+00  0.00000000e+00  0.00000000e+00
  0.00000000e+00  0.00000000e+00  6.26765990e-05  3.77744137e-05
 -2.83295718e-04  0.00000000e+00 -4.33031882e-05  0.00000000e+00
  1.14175659e-04 -9.00326701e-05 -2.20022988e-04 -7.29614520e-05
  8.45516247e-05  0.00000000e+00  0.00000000e+00  0.00000000e+00
  0.00000000e+00  0.00000000e+00  1.07004642e-04  6.29311476e-05
  0.00000000e+00  0.00000000e+00  0.00000000e+00  0.00000000e+00
  0.00000000e+00  0.00000000e+00  0.00000000e+00  0.00000000e+00
  0.00000000e+00  0.00000000e+00  0.00000000e+00  0.00000000e+00
  0.00000000e+00  0.00000000e+00  0.00000000e+00  0.00000000e+00
 -1.62445913e-05  0.00000000e+00 -2.51202359e-06  0.00000000e+00
  6.43708373e-06 -5.18182006e-06 -1.27502789e-05 -4.27067506e-06
  4.81563554e-06  0.00000000e+00  0.00000000e+00  0.00000000e+00
  0.00000000e+00  0.00000000e+00  6.91432948e-06  3.54771122e-06
  0.00000000e+00  0.00000000e+00  0.00000000e+00  0.00000000e+00
  0.00000000e+00  0.00000000e+00  0.00000000e+00  0.00000000e+00
  0.00000000e+00  0.00000000e+00  0.00000000e+00  0.00000000e+00
  0.00000000e+00  0.00000000e+00  0.00000000e+00  0.00000000e+00
  0.00000000e+00  0.00000000e+00  0.00000000e+00  0.00000000e+00
  0.00000000e+00  0.00000000e+00  0.00000000e+00  0.00000000e+00
  0.00000000e+00  0.00000000e+00  0.00000000e+00  0.00000000e+00
  0.00000000e+00  0.00000000e+00  0.00000000e+00  0.00000000e+00
  0.00000000e+00  0.00000000e+00  0.00000000e+00  0.00000000e+00
  0.00000000e+00  0.00000000e+00  0.00000000e+00  0.00000000e+00
  0.00000000e+00  0.00000000e+00  0.00000000e+00  0.00000000e+00
  0.00000000e+00  0.00000000e+00  0.00000000e+00  0.00000000e+00
 -4.69971133e-04  0.00000000e+00 -7.17229441e-05  0.00000000e+00
  1.89845539e-04 -1.49282966e-04 -3.64475972e-04 -1.20694857e-04
  1.40395487e-04  0.00000000e+00  0.00000000e+00  0.00000000e+00
  0.00000000e+00  0.00000000e+00  1.74435136e-04  1.04639812e-04
 -4.17231722e-04  0.00000000e+00 -6.37780927e-05  0.00000000e+00
  1.68147410e-04 -1.32599540e-04 -3.24054769e-04 -1.07462353e-04
  1.24523402e-04  0.00000000e+00  0.00000000e+00  0.00000000e+00
  0.00000000e+00  0.00000000e+00  1.57650730e-04  9.26791871e-05
  0.00000000e+00  0.00000000e+00  0.00000000e+00  0.00000000e+00
  0.00000000e+00  0.00000000e+00  0.00000000e+00  0.00000000e+00
  0.00000000e+00  0.00000000e+00  0.00000000e+00  0.00000000e+00
  0.00000000e+00  0.00000000e+00  0.00000000e+00  0.00000000e+00
 -6.05273029e-05  0.00000000e+00 -9.17840018e-06  0.00000000e+00
  2.46731311e-05 -1.91870742e-05 -4.66690635e-05 -1.53677658e-05
  1.81477612e-05  0.00000000e+00  0.00000000e+00  0.00000000e+00
  0.00000000e+00  0.00000000e+00  2.08856397e-05  1.35999797e-05
 -6.99832989e-05  0.00000000e+00 -1.06869950e-05  0.00000000e+00
  2.82442459e-05 -2.22341712e-05 -5.43052237e-05 -1.79929074e-05
  2.08986468e-05  0.00000000e+00  0.00000000e+00  0.00000000e+00
  0.00000000e+00  0.00000000e+00  2.61565052e-05  1.55677120e-05
 -6.31472697e-05  0.00000000e+00 -9.57698218e-06  0.00000000e+00
  2.57362337e-05 -2.00184553e-05 -4.86951225e-05 -1.60368399e-05
  1.89318456e-05  0.00000000e+00  0.00000000e+00  0.00000000e+00
  0.00000000e+00  0.00000000e+00  2.18243336e-05  1.41859564e-05
  0.00000000e+00  0.00000000e+00  0.00000000e+00  0.00000000e+00
  0.00000000e+00  0.00000000e+00  0.00000000e+00  0.00000000e+00
  0.00000000e+00  0.00000000e+00  0.00000000e+00  0.00000000e+00
  0.00000000e+00  0.00000000e+00  0.00000000e+00  0.00000000e+00
  0.00000000e+00  0.00000000e+00  0.00000000e+00  0.00000000e+00
  0.00000000e+00  0.00000000e+00  0.00000000e+00  0.00000000e+00
  0.00000000e+00  0.00000000e+00  0.00000000e+00  0.00000000e+00
  0.00000000e+00  0.00000000e+00  0.00000000e+00  0.00000000e+00
 -8.64582841e-05  0.00000000e+00 -1.32226878e-05  0.00000000e+00
  3.48180196e-05 -2.74815485e-05 -6.71810634e-05 -2.22882396e-05
  2.57960774e-05  0.00000000e+00  0.00000000e+00  0.00000000e+00
  0.00000000e+00  0.00000000e+00  3.28473759e-05  1.91908713e-05
  0.00000000e+00  0.00000000e+00  0.00000000e+00  0.00000000e+00
  0.00000000e+00  0.00000000e+00  0.00000000e+00  0.00000000e+00
  0.00000000e+00  0.00000000e+00  0.00000000e+00  0.00000000e+00
  0.00000000e+00  0.00000000e+00  0.00000000e+00  0.00000000e+00
 -4.62544980e-04  0.00000000e+00 -7.06615089e-05  0.00000000e+00
  1.86572873e-04 -1.46971802e-04 -3.59049027e-04 -1.19003592e-04
  1.38095934e-04  0.00000000e+00  0.00000000e+00  0.00000000e+00
  0.00000000e+00  0.00000000e+00  1.73611486e-04  1.02835303e-04
 -1.27168484e-03  0.00000000e+00 -2.09116733e-04  0.00000000e+00
  4.56594579e-04 -4.13924298e-04 -1.05576076e-03 -3.71763127e-04
  3.62915755e-04  0.00000000e+00  0.00000000e+00  0.00000000e+00
  0.00000000e+00  0.00000000e+00  6.88048329e-04  2.51527769e-04
 -1.39024187e-04  7.23565481e-05  6.66676391e-05  0.00000000e+00
  0.00000000e+00  0.00000000e+00 -1.79582724e-04  9.35258185e-05
  8.60569055e-05  0.00000000e+00  0.00000000e+00  0.00000000e+00
 -1.70328811e-04  8.91144428e-05  8.12143684e-05 -6.06277237e-04
  3.16078162e-04  2.90199075e-04 -7.48958979e-05  3.87981675e-05
  3.60977304e-05 -5.29292804e-05  2.80501199e-05  2.48791605e-05
 -3.20474764e-04  1.66766672e-04  1.53708092e-04  0.00000000e+00
  0.00000000e+00  0.00000000e+00  0.00000000e+00  0.00000000e+00
  0.00000000e+00  0.00000000e+00  0.00000000e+00  0.00000000e+00
  0.00000000e+00  0.00000000e+00  0.00000000e+00  0.00000000e+00
  0.00000000e+00  0.00000000e+00 -1.43503470e-06  7.11052511e-07
  7.23982193e-07 -1.69212818e-05  8.83780347e-06  8.08347836e-06
 -1.84491759e-03  8.78534397e-04  9.66383194e-04]

[2020-01-27 21:58:14.526205][__main__.TRPOAgent.log][training]: Initiating conjugate gradients

[2020-01-27 21:58:14.657629][__main__.TRPOAgent.log][training]: gradient_step_direction: [-3.25863641e-04  2.23291405e-06 -7.68461587e-04 -4.73666644e-04
  0.00000000e+00  0.00000000e+00  0.00000000e+00  0.00000000e+00
 -3.29598663e-04 -1.43248330e-04  5.54055883e-04 -5.81265241e-04
 -2.72432379e-04 -3.35419401e-04  6.15881959e-04 -3.37889395e-04
  0.00000000e+00  2.87054387e-04  0.00000000e+00  0.00000000e+00
  0.00000000e+00  7.07226524e-04  2.79075128e-04  0.00000000e+00
 -4.50762577e-04 -3.49018602e-04  1.26223315e-04  0.00000000e+00
  0.00000000e+00  2.34769159e-04  0.00000000e+00  5.77657478e-04
  5.40922061e-06 -1.21843792e-07  1.27094069e-05  8.42300746e-06
  0.00000000e+00  0.00000000e+00  0.00000000e+00  0.00000000e+00
  5.65451385e-06  5.07366638e-07 -6.49969694e-06  9.49479091e-06
  5.23021450e-06  4.03890686e-06 -1.04102738e-05  5.87958739e-06
  0.00000000e+00 -5.88558541e-06  0.00000000e+00  0.00000000e+00
  0.00000000e+00 -1.18551727e-05 -3.82176847e-06  0.00000000e+00
  7.29552402e-06  3.89394998e-06 -1.50762701e-06  0.00000000e+00
  0.00000000e+00 -4.40383824e-06  0.00000000e+00 -8.59970466e-06
  4.07918298e-04 -4.75173375e-06  9.26978052e-04  5.97631532e-04
  0.00000000e+00  0.00000000e+00  0.00000000e+00  0.00000000e+00
  4.05009864e-04  6.06549109e-05 -5.39590753e-04  6.93547469e-04
  3.62154989e-04  3.16582760e-04 -7.45834326e-04  4.26601229e-04
  0.00000000e+00 -4.06284867e-04  0.00000000e+00  0.00000000e+00
  0.00000000e+00 -8.73186799e-04 -2.81402655e-04  0.00000000e+00
  5.22321433e-04  3.32167348e-04 -1.16990376e-04  0.00000000e+00
  0.00000000e+00 -3.06096370e-04  0.00000000e+00 -6.62862401e-04
 -7.26287346e-05  0.00000000e+00 -1.10950549e-05  0.00000000e+00
  2.92964127e-05 -2.30773526e-05 -5.63768779e-05 -1.86853134e-05
  2.16840296e-05  0.00000000e+00  0.00000000e+00  0.00000000e+00
  0.00000000e+00  0.00000000e+00  2.72549805e-05  1.61476091e-05
  3.61716751e-09  0.00000000e+00  5.52752398e-10  0.00000000e+00
 -1.45838353e-09  1.14945277e-09  2.80859722e-09  9.31133606e-10
 -1.07973871e-09  0.00000000e+00  0.00000000e+00  0.00000000e+00
  0.00000000e+00  0.00000000e+00 -1.00188402e-09 -8.03830777e-10
 -1.43768325e-04  0.00000000e+00 -2.19951509e-05  0.00000000e+00
  5.78686654e-05 -4.57031245e-05 -1.11748187e-04 -3.70852024e-05
  4.28867490e-05  0.00000000e+00  0.00000000e+00  0.00000000e+00
  0.00000000e+00  0.00000000e+00  5.48257433e-05  3.18957726e-05
 -2.06687361e-04  0.00000000e+00 -3.14987264e-05  0.00000000e+00
  8.36591390e-05 -6.56234841e-05 -1.60088002e-04 -5.29475785e-05
  6.17939498e-05  0.00000000e+00  0.00000000e+00  0.00000000e+00
  0.00000000e+00  0.00000000e+00  7.55281743e-05  4.61119838e-05
  0.00000000e+00  0.00000000e+00  0.00000000e+00  0.00000000e+00
  0.00000000e+00  0.00000000e+00  0.00000000e+00  0.00000000e+00
  0.00000000e+00  0.00000000e+00  0.00000000e+00  0.00000000e+00
  0.00000000e+00  0.00000000e+00  0.00000000e+00  0.00000000e+00
  0.00000000e+00  0.00000000e+00  0.00000000e+00  0.00000000e+00
  0.00000000e+00  0.00000000e+00  0.00000000e+00  0.00000000e+00
  0.00000000e+00  0.00000000e+00  0.00000000e+00  0.00000000e+00
  0.00000000e+00  0.00000000e+00  0.00000000e+00  0.00000000e+00
  0.00000000e+00  0.00000000e+00  0.00000000e+00  0.00000000e+00
  0.00000000e+00  0.00000000e+00  0.00000000e+00  0.00000000e+00
  0.00000000e+00  0.00000000e+00  0.00000000e+00  0.00000000e+00
  0.00000000e+00  0.00000000e+00  0.00000000e+00  0.00000000e+00
  0.00000000e+00  0.00000000e+00  0.00000000e+00  0.00000000e+00
  0.00000000e+00  0.00000000e+00  0.00000000e+00  0.00000000e+00
  0.00000000e+00  0.00000000e+00  0.00000000e+00  0.00000000e+00
  0.00000000e+00  0.00000000e+00  0.00000000e+00  0.00000000e+00
 -3.08726949e-04  0.00000000e+00 -4.71711839e-05  0.00000000e+00
  1.24498370e-04 -9.81020257e-05 -2.39685081e-04 -7.94531907e-05
  9.21635351e-05  0.00000000e+00  0.00000000e+00  0.00000000e+00
  0.00000000e+00  0.00000000e+00  1.16091521e-04  6.86209816e-05
 -4.36940153e-05  0.00000000e+00 -6.66185894e-06  0.00000000e+00
  1.76743488e-05 -1.38748805e-05 -3.38566222e-05 -1.12021504e-05
  1.30599681e-05  0.00000000e+00  0.00000000e+00  0.00000000e+00
  0.00000000e+00  0.00000000e+00  1.60469290e-05  9.74187618e-06
 -5.51557354e-05  0.00000000e+00 -8.47298813e-06  0.00000000e+00
  2.20692001e-05 -1.75567177e-05 -4.30318144e-05 -1.43316916e-05
  1.64140479e-05  0.00000000e+00  0.00000000e+00  0.00000000e+00
  0.00000000e+00  0.00000000e+00  2.19664719e-05  1.21636719e-05
 -9.94591366e-05  0.00000000e+00 -1.51670623e-05  0.00000000e+00
  4.02204497e-05 -3.15848287e-05 -7.70800747e-05 -2.55077944e-05
  2.97246587e-05  0.00000000e+00  0.00000000e+00  0.00000000e+00
  0.00000000e+00  0.00000000e+00  3.66052751e-05  2.21689731e-05
 -2.88558771e-05  0.00000000e+00 -4.45410421e-06  0.00000000e+00
  1.14651721e-05 -9.19928785e-06 -2.26113700e-05 -7.56184184e-06
  8.56333286e-06  0.00000000e+00  0.00000000e+00  0.00000000e+00
  0.00000000e+00  0.00000000e+00  1.20644628e-05  6.31895049e-06
 -4.09643998e-04  0.00000000e+00 -6.25139639e-05  0.00000000e+00
  1.65485310e-04 -1.30118909e-04 -3.17679597e-04 -1.05194918e-04
  1.22376510e-04  0.00000000e+00  0.00000000e+00  0.00000000e+00
  0.00000000e+00  0.00000000e+00  1.51980235e-04  9.12128670e-05
 -1.84015181e-04  0.00000000e+00 -2.80723285e-05  0.00000000e+00
  7.43729982e-05 -5.84441485e-05 -1.42660551e-04 -4.72260724e-05
  5.49830808e-05  0.00000000e+00  0.00000000e+00  0.00000000e+00
  0.00000000e+00  0.00000000e+00  6.80174844e-05  4.09932994e-05
 -3.07436306e-04  0.00000000e+00 -4.69931996e-05  0.00000000e+00
  1.23904954e-04 -9.77046589e-05 -2.38771892e-04 -7.91787445e-05
  9.17565551e-05  0.00000000e+00  0.00000000e+00  0.00000000e+00
  0.00000000e+00  0.00000000e+00  1.16122870e-04  6.82937239e-05
  0.00000000e+00  0.00000000e+00  0.00000000e+00  0.00000000e+00
  0.00000000e+00  0.00000000e+00  0.00000000e+00  0.00000000e+00
  0.00000000e+00  0.00000000e+00  0.00000000e+00  0.00000000e+00
  0.00000000e+00  0.00000000e+00  0.00000000e+00  0.00000000e+00
 -1.76288479e-05  0.00000000e+00 -2.72608163e-06  0.00000000e+00
  6.98560945e-06 -5.62338051e-06 -1.38367734e-05 -4.63459375e-06
  5.22599216e-06  0.00000000e+00  0.00000000e+00  0.00000000e+00
  0.00000000e+00  0.00000000e+00  7.50352293e-06  3.85002371e-06
  0.00000000e+00  0.00000000e+00  0.00000000e+00  0.00000000e+00
  0.00000000e+00  0.00000000e+00  0.00000000e+00  0.00000000e+00
  0.00000000e+00  0.00000000e+00  0.00000000e+00  0.00000000e+00
  0.00000000e+00  0.00000000e+00  0.00000000e+00  0.00000000e+00
  0.00000000e+00  0.00000000e+00  0.00000000e+00  0.00000000e+00
  0.00000000e+00  0.00000000e+00  0.00000000e+00  0.00000000e+00
  0.00000000e+00  0.00000000e+00  0.00000000e+00  0.00000000e+00
  0.00000000e+00  0.00000000e+00  0.00000000e+00  0.00000000e+00
  0.00000000e+00  0.00000000e+00  0.00000000e+00  0.00000000e+00
  0.00000000e+00  0.00000000e+00  0.00000000e+00  0.00000000e+00
  0.00000000e+00  0.00000000e+00  0.00000000e+00  0.00000000e+00
  0.00000000e+00  0.00000000e+00  0.00000000e+00  0.00000000e+00
 -5.10018966e-04  0.00000000e+00 -7.78346992e-05  0.00000000e+00
  2.06022920e-04 -1.62003873e-04 -3.95534205e-04 -1.30979675e-04
  1.52359062e-04  0.00000000e+00  0.00000000e+00  0.00000000e+00
  0.00000000e+00  0.00000000e+00  1.89299345e-04  1.13556524e-04
 -4.52785450e-04  0.00000000e+00 -6.92128401e-05  0.00000000e+00
  1.82475821e-04 -1.43898796e-04 -3.51668574e-04 -1.16619584e-04
  1.35134463e-04  0.00000000e+00  0.00000000e+00  0.00000000e+00
  0.00000000e+00  0.00000000e+00  1.71084683e-04  1.00576695e-04
  0.00000000e+00  0.00000000e+00  0.00000000e+00  0.00000000e+00
  0.00000000e+00  0.00000000e+00  0.00000000e+00  0.00000000e+00
  0.00000000e+00  0.00000000e+00  0.00000000e+00  0.00000000e+00
  0.00000000e+00  0.00000000e+00  0.00000000e+00  0.00000000e+00
 -6.56850395e-05  0.00000000e+00 -9.96052276e-06  0.00000000e+00
  2.67756122e-05 -2.08220698e-05 -5.06458925e-05 -1.66773052e-05
  1.96941934e-05  0.00000000e+00  0.00000000e+00  0.00000000e+00
  0.00000000e+00  0.00000000e+00  2.26653758e-05  1.47588801e-05
 -7.59468129e-05  0.00000000e+00 -1.15976700e-05  0.00000000e+00
  3.06510338e-05 -2.41288203e-05 -5.89327558e-05 -1.95261440e-05
  2.26794913e-05  0.00000000e+00  0.00000000e+00  0.00000000e+00
  0.00000000e+00  0.00000000e+00  2.83853897e-05  1.68942894e-05
 -6.85282625e-05  0.00000000e+00 -1.03930693e-05  0.00000000e+00
  2.79293053e-05 -2.17242957e-05 -5.28445988e-05 -1.74033934e-05
  2.05450923e-05  0.00000000e+00  0.00000000e+00  0.00000000e+00
  0.00000000e+00  0.00000000e+00  2.36840590e-05  1.53947898e-05
  0.00000000e+00  0.00000000e+00  0.00000000e+00  0.00000000e+00
  0.00000000e+00  0.00000000e+00  0.00000000e+00  0.00000000e+00
  0.00000000e+00  0.00000000e+00  0.00000000e+00  0.00000000e+00
  0.00000000e+00  0.00000000e+00  0.00000000e+00  0.00000000e+00
  0.00000000e+00  0.00000000e+00  0.00000000e+00  0.00000000e+00
  0.00000000e+00  0.00000000e+00  0.00000000e+00  0.00000000e+00
  0.00000000e+00  0.00000000e+00  0.00000000e+00  0.00000000e+00
  0.00000000e+00  0.00000000e+00  0.00000000e+00  0.00000000e+00
 -9.38256874e-05  0.00000000e+00 -1.43494379e-05  0.00000000e+00
  3.77849810e-05 -2.98233443e-05 -7.29057895e-05 -2.41874960e-05
  2.79942485e-05  0.00000000e+00  0.00000000e+00  0.00000000e+00
  0.00000000e+00  0.00000000e+00  3.56464121e-05  2.08261905e-05
  0.00000000e+00  0.00000000e+00  0.00000000e+00  0.00000000e+00
  0.00000000e+00  0.00000000e+00  0.00000000e+00  0.00000000e+00
  0.00000000e+00  0.00000000e+00  0.00000000e+00  0.00000000e+00
  0.00000000e+00  0.00000000e+00  0.00000000e+00  0.00000000e+00
 -5.01960005e-04  0.00000000e+00 -7.66828155e-05  0.00000000e+00
  2.02471380e-04 -1.59495767e-04 -3.89644811e-04 -1.29144291e-04
  1.49863556e-04  0.00000000e+00  0.00000000e+00  0.00000000e+00
  0.00000000e+00  0.00000000e+00  1.88405509e-04  1.11598247e-04
 -1.38004941e-03  0.00000000e+00 -2.26936278e-04  0.00000000e+00
  4.95502550e-04 -4.49196190e-04 -1.14572571e-03 -4.03442323e-04
  3.93841036e-04  0.00000000e+00  0.00000000e+00  0.00000000e+00
  0.00000000e+00  0.00000000e+00  7.46679259e-04  2.72961302e-04
 -1.50870909e-04  7.85222947e-05  7.23486145e-05  0.00000000e+00
  0.00000000e+00  0.00000000e+00 -1.94885576e-04  1.01495470e-04
  9.33901060e-05  0.00000000e+00  0.00000000e+00  0.00000000e+00
 -1.84843106e-04  9.67081864e-05  8.81349200e-05 -6.57940175e-04
  3.43012253e-04  3.14927921e-04 -8.12780311e-05  4.21042908e-05
  3.91737403e-05 -5.74395637e-05  3.04403656e-05  2.69991981e-05
 -3.47783504e-04  1.80977425e-04  1.66806079e-04  0.00000000e+00
  0.00000000e+00  0.00000000e+00  0.00000000e+00  0.00000000e+00
  0.00000000e+00  0.00000000e+00  0.00000000e+00  0.00000000e+00
  0.00000000e+00  0.00000000e+00  0.00000000e+00  0.00000000e+00
  0.00000000e+00  0.00000000e+00 -1.55731887e-06  7.71643705e-07
  7.85675169e-07 -1.83632016e-05  9.59090265e-06  8.77229895e-06
 -2.00212927e-03  9.53397289e-04  1.04873198e-03]

[2020-01-27 21:58:14.880114][__main__.TRPOAgent.log][linesearch]: Linesearch worked at 0, New mean kl div: 0.004747376821111839, New policy loss value: -0.00041036676243500473

[2020-01-27 21:58:16.870714][__main__.TRPOAgent.log][batch_info]: Current batch value loss: 140.4826971498737

[2020-01-27 21:58:16.871122][__main__.TRPOAgent.log][linesearch]: Linesearch successful, updating policy parameters

[2020-01-27 21:58:16.939130][__main__.TRPOAgent.log][batch_info]: Batch #1, batch length: 60000

[2020-01-27 21:59:08.133514][__main__.TRPOAgent.log][training]: policy_gradient: [-2.12495560e-04 -5.43675310e-08  1.42256595e-04  4.37051655e-04
  0.00000000e+00  0.00000000e+00  0.00000000e+00  0.00000000e+00
  5.74243283e-05  4.91283702e-04 -5.16456221e-05  2.34509348e-04
  1.03959124e-04  3.84464285e-04 -8.50834963e-05 -2.48328421e-04
  0.00000000e+00  0.00000000e+00  0.00000000e+00  0.00000000e+00
  0.00000000e+00  5.03956957e-05 -5.50014191e-04  0.00000000e+00
  5.00027904e-04 -6.02634701e-05  8.64010768e-05  0.00000000e+00
  0.00000000e+00  1.06804660e-04  0.00000000e+00  9.87583578e-05
  4.05669605e-05  3.04844326e-09 -1.97663744e-05 -1.72201951e-05
  0.00000000e+00  0.00000000e+00  0.00000000e+00  0.00000000e+00
 -6.23307849e-06 -1.44800936e-05  4.04998623e-07 -2.46572566e-05
 -4.25917009e-05  6.25325127e-06  2.13173020e-05 -1.60297115e-05
  0.00000000e+00  0.00000000e+00  0.00000000e+00  0.00000000e+00
  0.00000000e+00  2.21122321e-05  8.94915292e-07  0.00000000e+00
  3.17039797e-06  5.11629066e-06 -1.19613104e-06  0.00000000e+00
  0.00000000e+00  1.29520522e-05  0.00000000e+00 -1.81924063e-05
 -1.24785949e-04  1.18566250e-07  1.53793866e-05 -4.10148318e-04
  0.00000000e+00  0.00000000e+00  0.00000000e+00  0.00000000e+00
 -6.44786576e-05 -5.19276832e-04  8.45770464e-05  1.96390513e-05
  3.45916982e-04 -5.92431797e-04 -8.63222001e-05  4.64467327e-04
  0.00000000e+00  0.00000000e+00  0.00000000e+00  0.00000000e+00
  0.00000000e+00 -2.71428125e-04  7.11842459e-04  0.00000000e+00
 -6.25521080e-04  2.72643354e-05 -8.85995828e-05  0.00000000e+00
  0.00000000e+00 -2.04019992e-04  0.00000000e+00  9.42259273e-05
  0.00000000e+00 -1.73434787e-05  1.58704953e-05  0.00000000e+00
 -7.21703189e-05  3.61847314e-05  0.00000000e+00 -1.00882336e-04
 -4.90325638e-05  0.00000000e+00  0.00000000e+00  0.00000000e+00
  0.00000000e+00  0.00000000e+00 -4.43570042e-05 -3.90762614e-05
  0.00000000e+00  0.00000000e+00  3.82011003e-10  0.00000000e+00
 -1.17744093e-09  7.58297788e-10  0.00000000e+00  0.00000000e+00
 -8.98501100e-10  0.00000000e+00  0.00000000e+00  0.00000000e+00
  0.00000000e+00  0.00000000e+00 -7.78787213e-10 -6.33961126e-10
  0.00000000e+00 -3.52470152e-05  3.52256570e-05  0.00000000e+00
 -1.57321894e-04  7.97391441e-05  0.00000000e+00 -2.02650832e-04
 -1.07389881e-04  0.00000000e+00  0.00000000e+00  0.00000000e+00
  0.00000000e+00  0.00000000e+00 -9.69750748e-05 -8.51629148e-05
  0.00000000e+00 -4.23634420e-05  3.44677317e-05  0.00000000e+00
 -1.61957646e-04  7.96208662e-05  0.00000000e+00 -2.59248882e-04
 -1.09106239e-04  0.00000000e+00  0.00000000e+00  0.00000000e+00
  0.00000000e+00  0.00000000e+00 -9.90227585e-05 -8.77246699e-05
  0.00000000e+00  0.00000000e+00  0.00000000e+00  0.00000000e+00
  0.00000000e+00  0.00000000e+00  0.00000000e+00  0.00000000e+00
  0.00000000e+00  0.00000000e+00  0.00000000e+00  0.00000000e+00
  0.00000000e+00  0.00000000e+00  0.00000000e+00  0.00000000e+00
  0.00000000e+00  0.00000000e+00  0.00000000e+00  0.00000000e+00
  0.00000000e+00  0.00000000e+00  0.00000000e+00  0.00000000e+00
  0.00000000e+00  0.00000000e+00  0.00000000e+00  0.00000000e+00
  0.00000000e+00  0.00000000e+00  0.00000000e+00  0.00000000e+00
  0.00000000e+00  0.00000000e+00  0.00000000e+00  0.00000000e+00
  0.00000000e+00  0.00000000e+00  0.00000000e+00  0.00000000e+00
  0.00000000e+00  0.00000000e+00  0.00000000e+00  0.00000000e+00
  0.00000000e+00  0.00000000e+00  0.00000000e+00  0.00000000e+00
  0.00000000e+00  0.00000000e+00  0.00000000e+00  0.00000000e+00
  0.00000000e+00  0.00000000e+00  0.00000000e+00  0.00000000e+00
  0.00000000e+00  0.00000000e+00  0.00000000e+00  0.00000000e+00
  0.00000000e+00  0.00000000e+00  0.00000000e+00  0.00000000e+00
  0.00000000e+00 -4.91869770e-05  5.78071895e-05  0.00000000e+00
 -2.55443502e-04  1.30247307e-04  0.00000000e+00 -3.18823017e-04
 -1.74823578e-04  0.00000000e+00  0.00000000e+00  0.00000000e+00
  0.00000000e+00  0.00000000e+00 -1.57712672e-04 -1.38262576e-04
  0.00000000e+00 -8.14438110e-06  7.64476372e-06  0.00000000e+00
 -3.51524993e-05  1.75009496e-05  0.00000000e+00 -5.22395400e-05
 -2.38099923e-05  0.00000000e+00  0.00000000e+00  0.00000000e+00
  0.00000000e+00  0.00000000e+00 -2.15646499e-05 -1.90357695e-05
  0.00000000e+00  0.00000000e+00 -1.81512181e-07  0.00000000e+00
 -1.32531012e-06  1.15463926e-08  0.00000000e+00 -5.99670240e-08
 -5.17303346e-07  0.00000000e+00  0.00000000e+00  0.00000000e+00
  0.00000000e+00  0.00000000e+00 -6.00295236e-07 -7.31416414e-07
  0.00000000e+00 -2.75096306e-05  2.07623563e-05  0.00000000e+00
 -9.78658256e-05  4.80409075e-05  0.00000000e+00 -1.56516574e-04
 -6.58874956e-05  0.00000000e+00  0.00000000e+00  0.00000000e+00
  0.00000000e+00  0.00000000e+00 -5.98128444e-05 -5.30107259e-05
  0.00000000e+00 -8.45007877e-06  1.15642556e-05  0.00000000e+00
 -4.87390548e-05  2.55955101e-05  0.00000000e+00 -4.47372981e-05
 -3.37932409e-05  0.00000000e+00  0.00000000e+00  0.00000000e+00
  0.00000000e+00  0.00000000e+00 -3.03360231e-05 -2.63649693e-05
  0.00000000e+00 -6.49648935e-05  6.91276817e-05  0.00000000e+00
 -3.11418856e-04  1.56942460e-04  0.00000000e+00 -4.26134754e-04
 -2.12049565e-04  0.00000000e+00  0.00000000e+00  0.00000000e+00
  0.00000000e+00  0.00000000e+00 -1.91666515e-04 -1.68599175e-04
  0.00000000e+00 -1.31220742e-05  2.29334991e-05  0.00000000e+00
 -9.96680876e-05  5.12873423e-05  0.00000000e+00 -1.19347442e-04
 -6.84866102e-05  0.00000000e+00  0.00000000e+00  0.00000000e+00
  0.00000000e+00  0.00000000e+00 -6.16893372e-05 -5.39369143e-05
  0.00000000e+00 -4.85246426e-05  5.92781061e-05  0.00000000e+00
 -2.60261019e-04  1.33223571e-04  0.00000000e+00 -3.14457625e-04
 -1.78425689e-04  0.00000000e+00  0.00000000e+00  0.00000000e+00
  0.00000000e+00  0.00000000e+00 -1.60857639e-04 -1.40859113e-04
  0.00000000e+00  0.00000000e+00  0.00000000e+00  0.00000000e+00
  0.00000000e+00  0.00000000e+00  0.00000000e+00  0.00000000e+00
  0.00000000e+00  0.00000000e+00  0.00000000e+00  0.00000000e+00
  0.00000000e+00  0.00000000e+00  0.00000000e+00  0.00000000e+00
  0.00000000e+00  0.00000000e+00  0.00000000e+00  0.00000000e+00
  0.00000000e+00  0.00000000e+00  0.00000000e+00  0.00000000e+00
  0.00000000e+00  0.00000000e+00  0.00000000e+00  0.00000000e+00
  0.00000000e+00  0.00000000e+00  0.00000000e+00  0.00000000e+00
  0.00000000e+00  0.00000000e+00  0.00000000e+00  0.00000000e+00
  0.00000000e+00  0.00000000e+00  0.00000000e+00  0.00000000e+00
  0.00000000e+00  0.00000000e+00  0.00000000e+00  0.00000000e+00
  0.00000000e+00  0.00000000e+00  0.00000000e+00  0.00000000e+00
  0.00000000e+00  0.00000000e+00  0.00000000e+00  0.00000000e+00
  0.00000000e+00  0.00000000e+00  0.00000000e+00  0.00000000e+00
  0.00000000e+00  0.00000000e+00  0.00000000e+00  0.00000000e+00
  0.00000000e+00  0.00000000e+00  0.00000000e+00  0.00000000e+00
  0.00000000e+00  0.00000000e+00  0.00000000e+00  0.00000000e+00
  0.00000000e+00  0.00000000e+00  0.00000000e+00  0.00000000e+00
  0.00000000e+00  0.00000000e+00  0.00000000e+00  0.00000000e+00
  0.00000000e+00  0.00000000e+00  0.00000000e+00  0.00000000e+00
  0.00000000e+00 -5.70868216e-05  7.56319247e-05  0.00000000e+00
 -3.33863805e-04  1.70264505e-04  0.00000000e+00 -4.22637988e-04
 -2.28512439e-04  0.00000000e+00  0.00000000e+00  0.00000000e+00
  0.00000000e+00  0.00000000e+00 -2.06140342e-04 -1.80708053e-04
  0.00000000e+00 -5.45427458e-05  8.00288099e-05  0.00000000e+00
 -3.45579115e-04  1.78648995e-04  0.00000000e+00 -3.86748707e-04
 -2.37944975e-04  0.00000000e+00  0.00000000e+00  0.00000000e+00
  0.00000000e+00  0.00000000e+00 -2.14164630e-04 -1.86998056e-04
  0.00000000e+00  0.00000000e+00  0.00000000e+00  0.00000000e+00
  0.00000000e+00  0.00000000e+00  0.00000000e+00  0.00000000e+00
  0.00000000e+00  0.00000000e+00  0.00000000e+00  0.00000000e+00
  0.00000000e+00  0.00000000e+00  0.00000000e+00  0.00000000e+00
  0.00000000e+00 -2.18536779e-05  9.67676805e-06  0.00000000e+00
 -5.24972902e-05  2.37865022e-05  0.00000000e+00 -1.22605338e-04
 -3.41795251e-05  0.00000000e+00  0.00000000e+00  0.00000000e+00
  0.00000000e+00  0.00000000e+00 -3.14339349e-05 -2.84780977e-05
  0.00000000e+00 -1.70522408e-05  1.60511198e-05  0.00000000e+00
 -7.29101933e-05  3.65758661e-05  0.00000000e+00 -1.01890540e-04
 -4.95470737e-05  0.00000000e+00  0.00000000e+00  0.00000000e+00
  0.00000000e+00  0.00000000e+00 -4.48183635e-05 -3.94764353e-05
  0.00000000e+00 -1.03289406e-05  4.57478126e-06  0.00000000e+00
 -2.63371297e-05  1.15314353e-05  0.00000000e+00 -7.12566184e-05
 -1.69115514e-05  0.00000000e+00  0.00000000e+00  0.00000000e+00
  0.00000000e+00  0.00000000e+00 -1.56380636e-05 -1.42955641e-05
  0.00000000e+00  0.00000000e+00  0.00000000e+00  0.00000000e+00
  0.00000000e+00  0.00000000e+00  0.00000000e+00  0.00000000e+00
  0.00000000e+00  0.00000000e+00  0.00000000e+00  0.00000000e+00
  0.00000000e+00  0.00000000e+00  0.00000000e+00  0.00000000e+00
  0.00000000e+00  0.00000000e+00  0.00000000e+00  0.00000000e+00
  0.00000000e+00  0.00000000e+00  0.00000000e+00  0.00000000e+00
  0.00000000e+00  0.00000000e+00  0.00000000e+00  0.00000000e+00
  0.00000000e+00  0.00000000e+00  0.00000000e+00  0.00000000e+00
  0.00000000e+00 -6.59227970e-06  1.53753988e-05  0.00000000e+00
 -6.41264514e-05  3.38529584e-05  0.00000000e+00 -5.90200839e-05
 -4.45657744e-05  0.00000000e+00  0.00000000e+00  0.00000000e+00
  0.00000000e+00  0.00000000e+00 -3.99713849e-05 -3.46849046e-05
  0.00000000e+00  0.00000000e+00  0.00000000e+00  0.00000000e+00
  0.00000000e+00  0.00000000e+00  0.00000000e+00  0.00000000e+00
  0.00000000e+00  0.00000000e+00  0.00000000e+00  0.00000000e+00
  0.00000000e+00  0.00000000e+00  0.00000000e+00  0.00000000e+00
  0.00000000e+00 -5.61746557e-05  8.21738600e-05  0.00000000e+00
 -3.56549580e-04  1.83761092e-04  0.00000000e+00 -4.11862089e-04
 -2.45170497e-04  0.00000000e+00  0.00000000e+00  0.00000000e+00
  0.00000000e+00  0.00000000e+00 -2.20779838e-04 -1.92946187e-04
  0.00000000e+00 -4.56547229e-04  8.51569506e-05  0.00000000e+00
 -5.69804264e-04  2.32525425e-04  0.00000000e+00 -1.71253649e-03
 -3.55931907e-04  0.00000000e+00  0.00000000e+00  0.00000000e+00
  0.00000000e+00  0.00000000e+00 -3.32765224e-04 -3.09644059e-04
  0.00000000e+00  0.00000000e+00  0.00000000e+00 -7.60263574e-07
  3.57542111e-07  4.02721463e-07  1.68928459e-04 -1.01987190e-04
 -6.69412690e-05  0.00000000e+00  0.00000000e+00  0.00000000e+00
  2.82115008e-04 -1.81948557e-04 -1.00166451e-04  7.86475745e-04
 -4.87857819e-04 -2.98617926e-04  0.00000000e+00  0.00000000e+00
  0.00000000e+00 -2.68291725e-05  1.40564164e-05  1.27727561e-05
  5.56838945e-04 -3.41390196e-04 -2.15448749e-04  0.00000000e+00
  0.00000000e+00  0.00000000e+00  0.00000000e+00  0.00000000e+00
  0.00000000e+00  0.00000000e+00  0.00000000e+00  0.00000000e+00
  0.00000000e+00  0.00000000e+00  0.00000000e+00  0.00000000e+00
  0.00000000e+00  0.00000000e+00  1.90461339e-04 -1.26366971e-04
 -6.40943681e-05  7.73923310e-05 -4.91155999e-05 -2.82767311e-05
  1.26237871e-03 -9.15801950e-04 -3.46576757e-04]

[2020-01-27 21:59:08.134158][__main__.TRPOAgent.log][training]: Initiating conjugate gradients

[2020-01-27 21:59:08.513434][__main__.TRPOAgent.log][training]: gradient_step_direction: [ 1.41640361e-03 -4.36642818e-06  4.54996021e-03  2.10359855e-02
  0.00000000e+00  0.00000000e+00  0.00000000e+00  0.00000000e+00
 -2.09772751e-04  2.78261438e-02 -3.71798474e-03  1.07672411e-02
 -8.68952324e-03  2.75844804e-02  5.64692207e-03 -2.09687463e-02
  0.00000000e+00  0.00000000e+00  0.00000000e+00  0.00000000e+00
  0.00000000e+00  6.79160849e-03 -3.90788963e-02  0.00000000e+00
  3.28701588e-02 -3.34146899e-04  5.28504957e-03  0.00000000e+00
  0.00000000e+00  1.52920264e-02  0.00000000e+00 -2.68231535e-03
  3.35223012e-03  2.44832422e-07 -1.61145717e-03 -1.47445324e-03
  0.00000000e+00  0.00000000e+00  0.00000000e+00  0.00000000e+00
 -5.30840542e-04 -1.23365164e-03  2.16212119e-05 -2.00824340e-03
 -3.50310264e-03  4.69080383e-04  1.78891640e-03 -1.27029068e-03
  0.00000000e+00  0.00000000e+00  0.00000000e+00  0.00000000e+00
  0.00000000e+00  1.75818853e-03  1.05211778e-04  0.00000000e+00
  1.85900461e-04  4.43512876e-04 -1.08398576e-04  0.00000000e+00
  0.00000000e+00  1.07922489e-03  0.00000000e+00 -1.52901250e-03
 -3.76075362e-02  9.52372738e-06  1.17982487e-02 -1.24750425e-02
  0.00000000e+00  0.00000000e+00  0.00000000e+00  0.00000000e+00
  1.71792409e-03 -2.46892016e-02  6.14939419e-03  1.42054609e-02
  5.35003101e-02 -4.31547639e-02 -2.51753471e-02  3.93369950e-02
  0.00000000e+00  0.00000000e+00  0.00000000e+00  0.00000000e+00
  0.00000000e+00 -2.66634191e-02  4.97419951e-02  0.00000000e+00
 -3.99741832e-02 -4.29065583e-03 -4.70725110e-03  0.00000000e+00
  0.00000000e+00 -2.60837925e-02  0.00000000e+00  2.31819334e-02
  0.00000000e+00 -1.42327717e-03  1.00879707e-03  0.00000000e+00
 -2.58293899e-03  1.90622734e-03  0.00000000e+00 -7.84280844e-03
 -2.11347091e-03  0.00000000e+00  0.00000000e+00  0.00000000e+00
  0.00000000e+00  0.00000000e+00 -1.78807771e-03 -1.38557011e-03
  0.00000000e+00  0.00000000e+00  3.10840245e-08  0.00000000e+00
 -9.56396561e-08  6.16691151e-08  0.00000000e+00  0.00000000e+00
 -7.30263434e-08  0.00000000e+00  0.00000000e+00  0.00000000e+00
  0.00000000e+00  0.00000000e+00 -6.32829623e-08 -5.14929877e-08
  0.00000000e+00 -2.89251945e-03  2.27867325e-03  0.00000000e+00
 -6.07382046e-03  4.35191941e-03  0.00000000e+00 -1.57541044e-02
 -4.89322716e-03  0.00000000e+00  0.00000000e+00  0.00000000e+00
  0.00000000e+00  0.00000000e+00 -4.16183463e-03 -3.26095635e-03
  0.00000000e+00 -3.47650097e-03  2.12874243e-03  0.00000000e+00
 -5.00516180e-03  3.93550890e-03  0.00000000e+00 -2.01527617e-02
 -4.23723414e-03  0.00000000e+00  0.00000000e+00  0.00000000e+00
  0.00000000e+00  0.00000000e+00 -3.54419917e-03 -2.67980683e-03
  0.00000000e+00  0.00000000e+00  0.00000000e+00  0.00000000e+00
  0.00000000e+00  0.00000000e+00  0.00000000e+00  0.00000000e+00
  0.00000000e+00  0.00000000e+00  0.00000000e+00  0.00000000e+00
  0.00000000e+00  0.00000000e+00  0.00000000e+00  0.00000000e+00
  0.00000000e+00  0.00000000e+00  0.00000000e+00  0.00000000e+00
  0.00000000e+00  0.00000000e+00  0.00000000e+00  0.00000000e+00
  0.00000000e+00  0.00000000e+00  0.00000000e+00  0.00000000e+00
  0.00000000e+00  0.00000000e+00  0.00000000e+00  0.00000000e+00
  0.00000000e+00  0.00000000e+00  0.00000000e+00  0.00000000e+00
  0.00000000e+00  0.00000000e+00  0.00000000e+00  0.00000000e+00
  0.00000000e+00  0.00000000e+00  0.00000000e+00  0.00000000e+00
  0.00000000e+00  0.00000000e+00  0.00000000e+00  0.00000000e+00
  0.00000000e+00  0.00000000e+00  0.00000000e+00  0.00000000e+00
  0.00000000e+00  0.00000000e+00  0.00000000e+00  0.00000000e+00
  0.00000000e+00  0.00000000e+00  0.00000000e+00  0.00000000e+00
  0.00000000e+00  0.00000000e+00  0.00000000e+00  0.00000000e+00
  0.00000000e+00 -4.03645563e-03  3.82232161e-03  0.00000000e+00
 -1.03657726e-02  7.32875776e-03  0.00000000e+00 -2.47733512e-02
 -8.29321932e-03  0.00000000e+00  0.00000000e+00  0.00000000e+00
  0.00000000e+00  0.00000000e+00 -7.07043931e-03 -5.56733448e-03
  0.00000000e+00 -6.68355935e-04  4.85852915e-04  0.00000000e+00
 -1.20660322e-03  9.10231054e-04  0.00000000e+00 -4.05991406e-03
 -9.98882220e-04  0.00000000e+00  0.00000000e+00  0.00000000e+00
  0.00000000e+00  0.00000000e+00 -8.41769647e-04 -6.46841672e-04
  0.00000000e+00  0.00000000e+00 -2.10028339e-05  0.00000000e+00
 -5.66006967e-05 -1.77522773e-05  0.00000000e+00 -2.57856366e-06
 -1.13871866e-05  0.00000000e+00  0.00000000e+00  0.00000000e+00
  0.00000000e+00  0.00000000e+00 -1.96498971e-05 -3.16235410e-05
  0.00000000e+00 -2.25755479e-03  1.26469844e-03  0.00000000e+00
 -2.95668299e-03  2.33645349e-03  0.00000000e+00 -1.21703139e-02
 -2.50987920e-03  0.00000000e+00  0.00000000e+00  0.00000000e+00
  0.00000000e+00  0.00000000e+00 -2.09747395e-03 -1.58278691e-03
  0.00000000e+00 -6.93455529e-04  7.86813853e-04  0.00000000e+00
 -2.33759749e-03  1.54916297e-03  0.00000000e+00 -3.47779599e-03
 -1.80945304e-03  0.00000000e+00  0.00000000e+00  0.00000000e+00
  0.00000000e+00  0.00000000e+00 -1.56048191e-03 -1.25769011e-03
  0.00000000e+00 -5.33123668e-03  4.49352727e-03  0.00000000e+00
 -1.16957473e-02  8.52055958e-03  0.00000000e+00 -3.31131090e-02
 -9.50483867e-03  0.00000000e+00  0.00000000e+00  0.00000000e+00
  0.00000000e+00  0.00000000e+00 -8.06013432e-03 -6.27631993e-03
  0.00000000e+00 -1.07680852e-03  1.57604139e-03  0.00000000e+00
 -4.37076293e-03  3.03613306e-03  0.00000000e+00 -9.26371320e-03
 -3.46514260e-03  0.00000000e+00  0.00000000e+00  0.00000000e+00
  0.00000000e+00  0.00000000e+00 -2.96353402e-03 -2.34863076e-03
  0.00000000e+00 -3.98210356e-03  3.94287578e-03  0.00000000e+00
 -1.08297345e-02  7.58632552e-03  0.00000000e+00 -2.44334033e-02
 -8.62307294e-03  0.00000000e+00  0.00000000e+00  0.00000000e+00
  0.00000000e+00  0.00000000e+00 -7.36378381e-03 -5.81801584e-03
  0.00000000e+00  0.00000000e+00  0.00000000e+00  0.00000000e+00
  0.00000000e+00  0.00000000e+00  0.00000000e+00  0.00000000e+00
  0.00000000e+00  0.00000000e+00  0.00000000e+00  0.00000000e+00
  0.00000000e+00  0.00000000e+00  0.00000000e+00  0.00000000e+00
  0.00000000e+00  0.00000000e+00  0.00000000e+00  0.00000000e+00
  0.00000000e+00  0.00000000e+00  0.00000000e+00  0.00000000e+00
  0.00000000e+00  0.00000000e+00  0.00000000e+00  0.00000000e+00
  0.00000000e+00  0.00000000e+00  0.00000000e+00  0.00000000e+00
  0.00000000e+00  0.00000000e+00  0.00000000e+00  0.00000000e+00
  0.00000000e+00  0.00000000e+00  0.00000000e+00  0.00000000e+00
  0.00000000e+00  0.00000000e+00  0.00000000e+00  0.00000000e+00
  0.00000000e+00  0.00000000e+00  0.00000000e+00  0.00000000e+00
  0.00000000e+00  0.00000000e+00  0.00000000e+00  0.00000000e+00
  0.00000000e+00  0.00000000e+00  0.00000000e+00  0.00000000e+00
  0.00000000e+00  0.00000000e+00  0.00000000e+00  0.00000000e+00
  0.00000000e+00  0.00000000e+00  0.00000000e+00  0.00000000e+00
  0.00000000e+00  0.00000000e+00  0.00000000e+00  0.00000000e+00
  0.00000000e+00  0.00000000e+00  0.00000000e+00  0.00000000e+00
  0.00000000e+00  0.00000000e+00  0.00000000e+00  0.00000000e+00
  0.00000000e+00  0.00000000e+00  0.00000000e+00  0.00000000e+00
  0.00000000e+00 -4.68468932e-03  5.06156621e-03  0.00000000e+00
 -1.36940511e-02  9.69192410e-03  0.00000000e+00 -3.28258829e-02
 -1.09619163e-02  0.00000000e+00  0.00000000e+00  0.00000000e+00
  0.00000000e+00  0.00000000e+00 -9.34392980e-03 -7.35470135e-03
  0.00000000e+00 -4.47594014e-03  5.43887103e-03  0.00000000e+00
 -1.53675476e-02  1.05431513e-02  0.00000000e+00 -3.00388476e-02
 -1.21060318e-02  0.00000000e+00  0.00000000e+00  0.00000000e+00
  0.00000000e+00  0.00000000e+00 -1.03764805e-02 -8.26054989e-03
  0.00000000e+00  0.00000000e+00  0.00000000e+00  0.00000000e+00
  0.00000000e+00  0.00000000e+00  0.00000000e+00  0.00000000e+00
  0.00000000e+00  0.00000000e+00  0.00000000e+00  0.00000000e+00
  0.00000000e+00  0.00000000e+00  0.00000000e+00  0.00000000e+00
  0.00000000e+00 -1.79340172e-03  4.84362456e-04  0.00000000e+00
 -5.42844721e-04  7.82550853e-04  0.00000000e+00 -9.53623924e-03
 -6.68276097e-04  0.00000000e+00  0.00000000e+00  0.00000000e+00
  0.00000000e+00  0.00000000e+00 -5.01121649e-04 -2.83107142e-04
  0.00000000e+00 -1.39937415e-03  1.02462401e-03  0.00000000e+00
 -2.62727258e-03  1.93647906e-03  0.00000000e+00 -7.92035149e-03
 -2.14829915e-03  0.00000000e+00  0.00000000e+00  0.00000000e+00
  0.00000000e+00  0.00000000e+00 -1.81795882e-03 -1.40940430e-03
  0.00000000e+00 -8.47619641e-04  2.22019421e-04  0.00000000e+00
 -9.88063828e-05  3.28134934e-04  0.00000000e+00 -5.53845751e-03
 -2.30595986e-04  0.00000000e+00  0.00000000e+00  0.00000000e+00
  0.00000000e+00  0.00000000e+00 -1.52148905e-04 -4.75956088e-05
  0.00000000e+00  0.00000000e+00  0.00000000e+00  0.00000000e+00
  0.00000000e+00  0.00000000e+00  0.00000000e+00  0.00000000e+00
  0.00000000e+00  0.00000000e+00  0.00000000e+00  0.00000000e+00
  0.00000000e+00  0.00000000e+00  0.00000000e+00  0.00000000e+00
  0.00000000e+00  0.00000000e+00  0.00000000e+00  0.00000000e+00
  0.00000000e+00  0.00000000e+00  0.00000000e+00  0.00000000e+00
  0.00000000e+00  0.00000000e+00  0.00000000e+00  0.00000000e+00
  0.00000000e+00  0.00000000e+00  0.00000000e+00  0.00000000e+00
  0.00000000e+00 -5.40971410e-04  1.08695112e-03  0.00000000e+00
 -3.23958110e-03  2.13827250e-03  0.00000000e+00 -4.57993993e-03
 -2.50257221e-03  0.00000000e+00  0.00000000e+00  0.00000000e+00
  0.00000000e+00  0.00000000e+00 -2.15977002e-03 -1.74316472e-03
  0.00000000e+00  0.00000000e+00  0.00000000e+00  0.00000000e+00
  0.00000000e+00  0.00000000e+00  0.00000000e+00  0.00000000e+00
  0.00000000e+00  0.00000000e+00  0.00000000e+00  0.00000000e+00
  0.00000000e+00  0.00000000e+00  0.00000000e+00  0.00000000e+00
  0.00000000e+00 -4.60984386e-03  5.57541138e-03  0.00000000e+00
 -1.55996721e-02  1.07764779e-02  0.00000000e+00 -3.19870322e-02
 -1.23323547e-02  0.00000000e+00  0.00000000e+00  0.00000000e+00
  0.00000000e+00  0.00000000e+00 -1.05575230e-02 -8.38375487e-03
  0.00000000e+00 -3.74670266e-02  1.61912260e-03  0.00000000e+00
  9.92675471e-03  5.02409640e-04  0.00000000e+00 -1.33488086e-01
  3.52913788e-03  0.00000000e+00  0.00000000e+00  0.00000000e+00
  0.00000000e+00  0.00000000e+00  4.30304861e-03  5.49088624e-03
  0.00000000e+00  0.00000000e+00  0.00000000e+00 -6.24157318e-05
  2.93879201e-05  3.30278117e-05  1.09475176e-02 -5.76653982e-03
 -5.18097778e-03  0.00000000e+00  0.00000000e+00  0.00000000e+00
  1.24106314e-02 -5.53651129e-03 -6.87412011e-03  4.40662171e-02
 -2.20839568e-02 -2.19822603e-02  0.00000000e+00  0.00000000e+00
  0.00000000e+00 -2.23178459e-03  1.22880438e-03  1.00298021e-03
  3.25116803e-02 -1.66093089e-02 -1.59023714e-02  0.00000000e+00
  0.00000000e+00  0.00000000e+00  0.00000000e+00  0.00000000e+00
  0.00000000e+00  0.00000000e+00  0.00000000e+00  0.00000000e+00
  0.00000000e+00  0.00000000e+00  0.00000000e+00  0.00000000e+00
  0.00000000e+00  0.00000000e+00  6.34486503e-03 -2.47926177e-03
 -3.86560326e-03  3.58873825e-03 -1.65208634e-03 -1.93665191e-03
 -5.32927997e-05  1.26684564e-02 -1.26151636e-02]

[2020-01-27 21:59:08.831022][__main__.TRPOAgent.log][linesearch]: Linesearch worked at 1, New mean kl div: 2.1367666256746355e-05, New policy loss value: -7.982426947548049e-05

[2020-01-27 21:59:10.619450][__main__.TRPOAgent.log][batch_info]: Current batch value loss: 105.2365467020838

[2020-01-27 21:59:10.619861][__main__.TRPOAgent.log][linesearch]: Linesearch successful, updating policy parameters

[2020-01-27 21:59:10.664536][__main__.TRPOAgent.log][batch_info]: Batch #2, batch length: 30000

[2020-01-27 21:59:35.822949][__main__.TRPOAgent.log][training]: policy_gradient: [ 1.29471009e-04 -1.83020544e-07 -1.16996837e-04 -4.02255928e-05
  0.00000000e+00  0.00000000e+00  0.00000000e+00  0.00000000e+00
  2.19641782e-05  7.74806669e-05 -2.14543833e-04 -1.36259569e-04
 -1.44303012e-04  2.96837899e-05  3.70676117e-05 -5.39059778e-05
  0.00000000e+00  0.00000000e+00  0.00000000e+00  0.00000000e+00
  0.00000000e+00  1.48091592e-04  7.77314425e-05  0.00000000e+00
  1.67038246e-05 -2.31777538e-05 -8.57852114e-06  0.00000000e+00
  0.00000000e+00 -5.45549925e-05  0.00000000e+00 -1.96250869e-05
  3.46633106e-05  1.04560514e-08 -1.95687841e-05 -2.02099323e-05
  0.00000000e+00  0.00000000e+00  0.00000000e+00  0.00000000e+00
 -2.80105755e-06 -1.92403884e-05 -5.59889578e-07 -2.07346848e-05
 -3.40203638e-05  4.74537197e-07  2.00740983e-05 -5.63183699e-06
  0.00000000e+00  0.00000000e+00  0.00000000e+00  0.00000000e+00
  0.00000000e+00  1.79253473e-05  1.39348453e-05  0.00000000e+00
 -6.55668306e-06  2.63710344e-06 -2.78677691e-06  0.00000000e+00
  0.00000000e+00  7.24089643e-06  0.00000000e+00 -1.39648817e-05
 -2.76257738e-05  3.93005081e-07  7.43956263e-05 -3.11154863e-05
  0.00000000e+00  0.00000000e+00  0.00000000e+00  0.00000000e+00
 -4.11943062e-05 -3.39414174e-04  4.73514186e-04  9.52901399e-05
  5.01930815e-05 -3.77581201e-05  3.45288713e-05  4.85098316e-05
  0.00000000e+00  0.00000000e+00  0.00000000e+00  0.00000000e+00
  0.00000000e+00 -1.22949901e-04 -4.55018548e-05  0.00000000e+00
 -4.99426563e-05  4.21301101e-05 -2.30317928e-07  0.00000000e+00
  0.00000000e+00  1.53600084e-04  0.00000000e+00 -3.24426782e-05
  0.00000000e+00  0.00000000e+00 -8.52749263e-06  0.00000000e+00
  1.10763834e-05 -1.55962123e-05  0.00000000e+00  0.00000000e+00
  1.05859215e-05  0.00000000e+00  0.00000000e+00  0.00000000e+00
  0.00000000e+00  0.00000000e+00  9.29395289e-06  6.00871038e-06
  0.00000000e+00  0.00000000e+00  1.28139962e-09  0.00000000e+00
 -3.57090449e-09  2.77324178e-09  0.00000000e+00  0.00000000e+00
 -2.48339244e-09  0.00000000e+00  0.00000000e+00  0.00000000e+00
  0.00000000e+00  0.00000000e+00 -2.37000035e-09 -1.95317322e-09
  0.00000000e+00  0.00000000e+00 -2.04021234e-05  0.00000000e+00
  1.01006939e-05 -3.36182758e-05  0.00000000e+00  0.00000000e+00
  1.76480914e-05  0.00000000e+00  0.00000000e+00  0.00000000e+00
  0.00000000e+00  0.00000000e+00  1.38624457e-05  5.34152063e-06
  0.00000000e+00  0.00000000e+00 -3.33455384e-05  0.00000000e+00
  5.57400236e-05 -6.37874023e-05  0.00000000e+00  0.00000000e+00
  4.72136359e-05  0.00000000e+00  0.00000000e+00  0.00000000e+00
  0.00000000e+00  0.00000000e+00  4.26879314e-05  3.03423145e-05
  0.00000000e+00  0.00000000e+00  0.00000000e+00  0.00000000e+00
  0.00000000e+00  0.00000000e+00  0.00000000e+00  0.00000000e+00
  0.00000000e+00  0.00000000e+00  0.00000000e+00  0.00000000e+00
  0.00000000e+00  0.00000000e+00  0.00000000e+00  0.00000000e+00
  0.00000000e+00  0.00000000e+00  0.00000000e+00  0.00000000e+00
  0.00000000e+00  0.00000000e+00  0.00000000e+00  0.00000000e+00
  0.00000000e+00  0.00000000e+00  0.00000000e+00  0.00000000e+00
  0.00000000e+00  0.00000000e+00  0.00000000e+00  0.00000000e+00
  0.00000000e+00  0.00000000e+00  0.00000000e+00  0.00000000e+00
  0.00000000e+00  0.00000000e+00  0.00000000e+00  0.00000000e+00
  0.00000000e+00  0.00000000e+00  0.00000000e+00  0.00000000e+00
  0.00000000e+00  0.00000000e+00  0.00000000e+00  0.00000000e+00
  0.00000000e+00  0.00000000e+00  0.00000000e+00  0.00000000e+00
  0.00000000e+00  0.00000000e+00  0.00000000e+00  0.00000000e+00
  0.00000000e+00  0.00000000e+00  0.00000000e+00  0.00000000e+00
  0.00000000e+00  0.00000000e+00  0.00000000e+00  0.00000000e+00
  0.00000000e+00  0.00000000e+00 -3.70345350e-05  0.00000000e+00
  3.84218386e-05 -6.55516468e-05  0.00000000e+00  0.00000000e+00
  4.14405896e-05  0.00000000e+00  0.00000000e+00  0.00000000e+00
  0.00000000e+00  0.00000000e+00  3.54195337e-05  2.07616424e-05
  0.00000000e+00  0.00000000e+00 -3.98586171e-06  0.00000000e+00
  1.06794927e-05 -8.52986279e-06  0.00000000e+00  0.00000000e+00
  7.52432324e-06  0.00000000e+00  0.00000000e+00  0.00000000e+00
  0.00000000e+00  0.00000000e+00  7.15348367e-06  5.83967152e-06
  0.00000000e+00  0.00000000e+00 -2.27996132e-06  0.00000000e+00
  1.82373050e-06 -3.91349982e-06  0.00000000e+00  0.00000000e+00
  2.29760000e-06  0.00000000e+00  0.00000000e+00  0.00000000e+00
  0.00000000e+00  0.00000000e+00  1.90398440e-06  9.79769716e-07
  0.00000000e+00  0.00000000e+00 -1.96273551e-05  0.00000000e+00
  2.50060456e-05 -3.57871454e-05  0.00000000e+00  0.00000000e+00
  2.41366631e-05  0.00000000e+00  0.00000000e+00  0.00000000e+00
  0.00000000e+00  0.00000000e+00  2.11423278e-05  1.35611627e-05
  0.00000000e+00  0.00000000e+00 -5.48998315e-06  0.00000000e+00
 -1.13156391e-05 -5.88367764e-06  0.00000000e+00  0.00000000e+00
 -1.82208025e-06  0.00000000e+00  0.00000000e+00  0.00000000e+00
  0.00000000e+00  0.00000000e+00 -3.43513863e-06 -6.29361160e-06
  0.00000000e+00  0.00000000e+00 -5.05725014e-05  0.00000000e+00
  7.66100556e-05 -9.49549433e-05  0.00000000e+00  0.00000000e+00
  6.78937584e-05  0.00000000e+00  0.00000000e+00  0.00000000e+00
  0.00000000e+00  0.00000000e+00  6.06942705e-05  4.16512137e-05
  0.00000000e+00  0.00000000e+00 -1.67677530e-05  0.00000000e+00
  3.44025407e-05 -3.35117904e-05  0.00000000e+00  0.00000000e+00
  2.67256975e-05  0.00000000e+00  0.00000000e+00  0.00000000e+00
  0.00000000e+00  0.00000000e+00  2.47199095e-05  1.87688119e-05
  0.00000000e+00  0.00000000e+00 -3.92432945e-05  0.00000000e+00
  3.30349576e-05 -6.77307784e-05  0.00000000e+00  0.00000000e+00
  4.03168691e-05  0.00000000e+00  0.00000000e+00  0.00000000e+00
  0.00000000e+00  0.00000000e+00  3.36115023e-05  1.77699501e-05
  0.00000000e+00  0.00000000e+00  0.00000000e+00  0.00000000e+00
  0.00000000e+00  0.00000000e+00  0.00000000e+00  0.00000000e+00
  0.00000000e+00  0.00000000e+00  0.00000000e+00  0.00000000e+00
  0.00000000e+00  0.00000000e+00  0.00000000e+00  0.00000000e+00
  0.00000000e+00  0.00000000e+00  0.00000000e+00  0.00000000e+00
  0.00000000e+00  0.00000000e+00  0.00000000e+00  0.00000000e+00
  0.00000000e+00  0.00000000e+00  0.00000000e+00  0.00000000e+00
  0.00000000e+00  0.00000000e+00  0.00000000e+00  0.00000000e+00
  0.00000000e+00  0.00000000e+00  0.00000000e+00  0.00000000e+00
  0.00000000e+00  0.00000000e+00  0.00000000e+00  0.00000000e+00
  0.00000000e+00  0.00000000e+00  0.00000000e+00  0.00000000e+00
  0.00000000e+00  0.00000000e+00  0.00000000e+00  0.00000000e+00
  0.00000000e+00  0.00000000e+00  0.00000000e+00  0.00000000e+00
  0.00000000e+00  0.00000000e+00  0.00000000e+00  0.00000000e+00
  0.00000000e+00  0.00000000e+00  0.00000000e+00  0.00000000e+00
  0.00000000e+00  0.00000000e+00  0.00000000e+00  0.00000000e+00
  0.00000000e+00  0.00000000e+00  0.00000000e+00  0.00000000e+00
  0.00000000e+00  0.00000000e+00  0.00000000e+00  0.00000000e+00
  0.00000000e+00  0.00000000e+00  0.00000000e+00  0.00000000e+00
  0.00000000e+00  0.00000000e+00  0.00000000e+00  0.00000000e+00
  0.00000000e+00  0.00000000e+00 -5.64770838e-05  0.00000000e+00
  9.07074691e-05 -1.07202631e-04  0.00000000e+00  0.00000000e+00
  7.82333941e-05  0.00000000e+00  0.00000000e+00  0.00000000e+00
  0.00000000e+00  0.00000000e+00  7.04115753e-05  4.93528208e-05
  0.00000000e+00  0.00000000e+00 -5.04089849e-05  0.00000000e+00
  4.43313562e-05 -8.74294035e-05  0.00000000e+00  0.00000000e+00
  5.26763160e-05  0.00000000e+00  0.00000000e+00  0.00000000e+00
  0.00000000e+00  0.00000000e+00  4.41434577e-05  2.38710500e-05
  0.00000000e+00  0.00000000e+00  0.00000000e+00  0.00000000e+00
  0.00000000e+00  0.00000000e+00  0.00000000e+00  0.00000000e+00
  0.00000000e+00  0.00000000e+00  0.00000000e+00  0.00000000e+00
  0.00000000e+00  0.00000000e+00  0.00000000e+00  0.00000000e+00
  0.00000000e+00  0.00000000e+00 -1.40193451e-05  0.00000000e+00
  3.55700456e-05 -2.95527638e-05  0.00000000e+00  0.00000000e+00
  2.55320677e-05  0.00000000e+00  0.00000000e+00  0.00000000e+00
  0.00000000e+00  0.00000000e+00  2.41433305e-05  1.94419944e-05
  0.00000000e+00  0.00000000e+00 -1.16453732e-05  0.00000000e+00
  1.33948528e-05 -2.09084280e-05  0.00000000e+00  0.00000000e+00
  1.36457445e-05  0.00000000e+00  0.00000000e+00  0.00000000e+00
  0.00000000e+00  0.00000000e+00  1.18080672e-05  7.25187414e-06
  0.00000000e+00  0.00000000e+00 -1.39733193e-05  0.00000000e+00
  3.60730509e-05 -2.95954159e-05  0.00000000e+00  0.00000000e+00
  2.57384470e-05  0.00000000e+00  0.00000000e+00  0.00000000e+00
  0.00000000e+00  0.00000000e+00  2.43805195e-05  1.97195967e-05
  0.00000000e+00  0.00000000e+00  0.00000000e+00  0.00000000e+00
  0.00000000e+00  0.00000000e+00  0.00000000e+00  0.00000000e+00
  0.00000000e+00  0.00000000e+00  0.00000000e+00  0.00000000e+00
  0.00000000e+00  0.00000000e+00  0.00000000e+00  0.00000000e+00
  0.00000000e+00  0.00000000e+00  0.00000000e+00  0.00000000e+00
  0.00000000e+00  0.00000000e+00  0.00000000e+00  0.00000000e+00
  0.00000000e+00  0.00000000e+00  0.00000000e+00  0.00000000e+00
  0.00000000e+00  0.00000000e+00  0.00000000e+00  0.00000000e+00
  0.00000000e+00  0.00000000e+00 -3.86216439e-06  0.00000000e+00
  4.54711606e-06 -6.95784205e-06  0.00000000e+00  0.00000000e+00
  4.57462618e-06  0.00000000e+00  0.00000000e+00  0.00000000e+00
  0.00000000e+00  0.00000000e+00  3.96960044e-06  2.46276953e-06
  0.00000000e+00  0.00000000e+00  0.00000000e+00  0.00000000e+00
  0.00000000e+00  0.00000000e+00  0.00000000e+00  0.00000000e+00
  0.00000000e+00  0.00000000e+00  0.00000000e+00  0.00000000e+00
  0.00000000e+00  0.00000000e+00  0.00000000e+00  0.00000000e+00
  0.00000000e+00  0.00000000e+00 -5.28105189e-05  0.00000000e+00
  6.14088367e-05 -9.49672574e-05  0.00000000e+00  0.00000000e+00
  6.21931820e-05  0.00000000e+00  0.00000000e+00  0.00000000e+00
  0.00000000e+00  0.00000000e+00  5.38876620e-05  3.32526005e-05
  0.00000000e+00  0.00000000e+00 -1.32042356e-04  0.00000000e+00
 -8.16341807e-06 -2.01005285e-04  0.00000000e+00  0.00000000e+00
  7.97868750e-05  0.00000000e+00  0.00000000e+00  0.00000000e+00
  0.00000000e+00  0.00000000e+00  5.21716909e-05 -5.93928898e-06
  0.00000000e+00  0.00000000e+00  0.00000000e+00  0.00000000e+00
  0.00000000e+00  0.00000000e+00 -9.11384987e-05  3.66060169e-05
  5.45324817e-05  0.00000000e+00  0.00000000e+00  0.00000000e+00
 -1.81890961e-04  8.08014423e-05  1.01089518e-04 -4.11710211e-04
  1.67822338e-04  2.43887874e-04  0.00000000e+00  0.00000000e+00
  0.00000000e+00  0.00000000e+00  0.00000000e+00  0.00000000e+00
 -1.88429622e-04  4.97475495e-05  1.38682073e-04  0.00000000e+00
  0.00000000e+00  0.00000000e+00  0.00000000e+00  0.00000000e+00
  0.00000000e+00  0.00000000e+00  0.00000000e+00  0.00000000e+00
  0.00000000e+00  0.00000000e+00  0.00000000e+00  0.00000000e+00
  0.00000000e+00  0.00000000e+00 -8.98289270e-05  1.03414226e-05
  7.94875044e-05 -3.40687082e-05  8.18107174e-06  2.58876365e-05
 -8.29127486e-04  1.24436044e-04  7.04691442e-04]

[2020-01-27 21:59:35.824106][__main__.TRPOAgent.log][training]: Initiating conjugate gradients

[2020-01-27 21:59:35.906303][__main__.TRPOAgent.log][training]: gradient_step_direction: [ 4.72840285e-04 -6.68408213e-07 -4.27283435e-04 -1.46907643e-04
  0.00000000e+00  0.00000000e+00  0.00000000e+00  0.00000000e+00
  8.02152413e-05  2.82966671e-04 -7.83534226e-04 -4.97632741e-04
 -5.27008153e-04  1.08407988e-04  1.35374399e-04 -1.96869693e-04
  0.00000000e+00  0.00000000e+00  0.00000000e+00  0.00000000e+00
  0.00000000e+00  5.40844400e-04  2.83882528e-04  0.00000000e+00
  6.10039361e-05 -8.46473333e-05 -3.13295648e-05  0.00000000e+00
  0.00000000e+00 -1.99239956e-04  0.00000000e+00 -7.16726602e-05
  1.26593666e-04  3.81864817e-08 -7.14670370e-05 -7.38085707e-05
  0.00000000e+00  0.00000000e+00  0.00000000e+00  0.00000000e+00
 -1.02297252e-05 -7.02677052e-05 -2.04476932e-06 -7.57250159e-05
 -1.24245563e-04  1.73305441e-06  7.33124922e-05 -2.05679976e-05
  0.00000000e+00  0.00000000e+00  0.00000000e+00  0.00000000e+00
  0.00000000e+00  6.54650515e-05  5.08913636e-05  0.00000000e+00
 -2.39456223e-05  9.63094942e-06 -1.01775710e-05  0.00000000e+00
  0.00000000e+00  2.64444337e-05  0.00000000e+00 -5.10010593e-05
 -1.00891920e-04  1.43529146e-06  2.71699814e-04 -1.13636678e-04
  0.00000000e+00  0.00000000e+00  0.00000000e+00  0.00000000e+00
 -1.50445475e-04 -1.23957244e-03  1.72931827e-03  3.48008539e-04
  1.83309847e-04 -1.37896200e-04  1.26102681e-04  1.77162460e-04
  0.00000000e+00  0.00000000e+00  0.00000000e+00  0.00000000e+00
  0.00000000e+00 -4.49024583e-04 -1.66177047e-04  0.00000000e+00
 -1.82395271e-04  1.53863118e-04 -8.41142703e-07  0.00000000e+00
  0.00000000e+00  5.60961931e-04  0.00000000e+00 -1.18483707e-04
  0.00000000e+00  0.00000000e+00 -3.11432039e-05  0.00000000e+00
  4.04519922e-05 -5.69588320e-05  0.00000000e+00  0.00000000e+00
  3.86607794e-05  0.00000000e+00  0.00000000e+00  0.00000000e+00
  0.00000000e+00  0.00000000e+00  3.39423887e-05  2.19443746e-05
  0.00000000e+00  0.00000000e+00  4.67979175e-09  0.00000000e+00
 -1.30412785e-08  1.01281394e-08  0.00000000e+00  0.00000000e+00
 -9.06958239e-09  0.00000000e+00  0.00000000e+00  0.00000000e+00
  0.00000000e+00  0.00000000e+00 -8.65546382e-09 -7.13317203e-09
  0.00000000e+00  0.00000000e+00 -7.45104706e-05  0.00000000e+00
  3.68886826e-05 -1.22777100e-04  0.00000000e+00  0.00000000e+00
  6.44524871e-05  0.00000000e+00  0.00000000e+00  0.00000000e+00
  0.00000000e+00  0.00000000e+00  5.06269536e-05  1.95077350e-05
  0.00000000e+00  0.00000000e+00 -1.21781038e-04  0.00000000e+00
  2.03567801e-04 -2.32957583e-04  0.00000000e+00  0.00000000e+00
  1.72428632e-04  0.00000000e+00  0.00000000e+00  0.00000000e+00
  0.00000000e+00  0.00000000e+00  1.55900334e-04  1.10812982e-04
  0.00000000e+00  0.00000000e+00  0.00000000e+00  0.00000000e+00
  0.00000000e+00  0.00000000e+00  0.00000000e+00  0.00000000e+00
  0.00000000e+00  0.00000000e+00  0.00000000e+00  0.00000000e+00
  0.00000000e+00  0.00000000e+00  0.00000000e+00  0.00000000e+00
  0.00000000e+00  0.00000000e+00  0.00000000e+00  0.00000000e+00
  0.00000000e+00  0.00000000e+00  0.00000000e+00  0.00000000e+00
  0.00000000e+00  0.00000000e+00  0.00000000e+00  0.00000000e+00
  0.00000000e+00  0.00000000e+00  0.00000000e+00  0.00000000e+00
  0.00000000e+00  0.00000000e+00  0.00000000e+00  0.00000000e+00
  0.00000000e+00  0.00000000e+00  0.00000000e+00  0.00000000e+00
  0.00000000e+00  0.00000000e+00  0.00000000e+00  0.00000000e+00
  0.00000000e+00  0.00000000e+00  0.00000000e+00  0.00000000e+00
  0.00000000e+00  0.00000000e+00  0.00000000e+00  0.00000000e+00
  0.00000000e+00  0.00000000e+00  0.00000000e+00  0.00000000e+00
  0.00000000e+00  0.00000000e+00  0.00000000e+00  0.00000000e+00
  0.00000000e+00  0.00000000e+00  0.00000000e+00  0.00000000e+00
  0.00000000e+00  0.00000000e+00 -1.35253600e-04  0.00000000e+00
  1.40320163e-04 -2.39400770e-04  0.00000000e+00  0.00000000e+00
  1.51344925e-04  0.00000000e+00  0.00000000e+00  0.00000000e+00
  0.00000000e+00  0.00000000e+00  1.29355463e-04  7.58234678e-05
  0.00000000e+00  0.00000000e+00 -1.45567413e-05  0.00000000e+00
  3.90025103e-05 -3.11518599e-05  0.00000000e+00  0.00000000e+00
  2.74795351e-05  0.00000000e+00  0.00000000e+00  0.00000000e+00
  0.00000000e+00  0.00000000e+00  2.61251941e-05  2.13270288e-05
  0.00000000e+00  0.00000000e+00 -8.32663284e-06  0.00000000e+00
  6.66043504e-06 -1.42924688e-05  0.00000000e+00  0.00000000e+00
  8.39105095e-06  0.00000000e+00  0.00000000e+00  0.00000000e+00
  0.00000000e+00  0.00000000e+00  6.95352982e-06  3.57821101e-06
  0.00000000e+00  0.00000000e+00 -7.16809441e-05  0.00000000e+00
  9.13244268e-05 -1.30698016e-04  0.00000000e+00  0.00000000e+00
  8.81493604e-05  0.00000000e+00  0.00000000e+00  0.00000000e+00
  0.00000000e+00  0.00000000e+00  7.72137664e-05  4.95266397e-05
  0.00000000e+00  0.00000000e+00 -2.00499340e-05  0.00000000e+00
 -4.13257765e-05 -2.14877433e-05  0.00000000e+00  0.00000000e+00
 -6.65440818e-06  0.00000000e+00  0.00000000e+00  0.00000000e+00
  0.00000000e+00  0.00000000e+00 -1.25454489e-05 -2.29848606e-05
  0.00000000e+00  0.00000000e+00 -1.84695524e-04  0.00000000e+00
  2.79787117e-04 -3.46784370e-04  0.00000000e+00  0.00000000e+00
  2.47954381e-04  0.00000000e+00  0.00000000e+00  0.00000000e+00
  0.00000000e+00  0.00000000e+00  2.21661176e-04  1.52114144e-04
  0.00000000e+00  0.00000000e+00 -6.12374087e-05  0.00000000e+00
  1.25641309e-04 -1.22388205e-04  0.00000000e+00  0.00000000e+00
  9.76047570e-05  0.00000000e+00  0.00000000e+00  0.00000000e+00
  0.00000000e+00  0.00000000e+00  9.02794308e-05  6.85454638e-05
  0.00000000e+00  0.00000000e+00 -1.43320197e-04  0.00000000e+00
  1.20646767e-04 -2.47359163e-04  0.00000000e+00  0.00000000e+00
  1.47240992e-04  0.00000000e+00  0.00000000e+00  0.00000000e+00
  0.00000000e+00  0.00000000e+00  1.22752363e-04  6.48975265e-05
  0.00000000e+00  0.00000000e+00  0.00000000e+00  0.00000000e+00
  0.00000000e+00  0.00000000e+00  0.00000000e+00  0.00000000e+00
  0.00000000e+00  0.00000000e+00  0.00000000e+00  0.00000000e+00
  0.00000000e+00  0.00000000e+00  0.00000000e+00  0.00000000e+00
  0.00000000e+00  0.00000000e+00  0.00000000e+00  0.00000000e+00
  0.00000000e+00  0.00000000e+00  0.00000000e+00  0.00000000e+00
  0.00000000e+00  0.00000000e+00  0.00000000e+00  0.00000000e+00
  0.00000000e+00  0.00000000e+00  0.00000000e+00  0.00000000e+00
  0.00000000e+00  0.00000000e+00  0.00000000e+00  0.00000000e+00
  0.00000000e+00  0.00000000e+00  0.00000000e+00  0.00000000e+00
  0.00000000e+00  0.00000000e+00  0.00000000e+00  0.00000000e+00
  0.00000000e+00  0.00000000e+00  0.00000000e+00  0.00000000e+00
  0.00000000e+00  0.00000000e+00  0.00000000e+00  0.00000000e+00
  0.00000000e+00  0.00000000e+00  0.00000000e+00  0.00000000e+00
  0.00000000e+00  0.00000000e+00  0.00000000e+00  0.00000000e+00
  0.00000000e+00  0.00000000e+00  0.00000000e+00  0.00000000e+00
  0.00000000e+00  0.00000000e+00  0.00000000e+00  0.00000000e+00
  0.00000000e+00  0.00000000e+00  0.00000000e+00  0.00000000e+00
  0.00000000e+00  0.00000000e+00  0.00000000e+00  0.00000000e+00
  0.00000000e+00  0.00000000e+00  0.00000000e+00  0.00000000e+00
  0.00000000e+00  0.00000000e+00 -2.06259614e-04  0.00000000e+00
  3.31272195e-04 -3.91514077e-04  0.00000000e+00  0.00000000e+00
  2.85715702e-04  0.00000000e+00  0.00000000e+00  0.00000000e+00
  0.00000000e+00  0.00000000e+00  2.57149685e-04  1.80241136e-04
  0.00000000e+00  0.00000000e+00 -1.84098347e-04  0.00000000e+00
  1.61902276e-04 -3.19300392e-04  0.00000000e+00  0.00000000e+00
  1.92378853e-04  0.00000000e+00  0.00000000e+00  0.00000000e+00
  0.00000000e+00  0.00000000e+00  1.61216053e-04  8.71793164e-05
  0.00000000e+00  0.00000000e+00  0.00000000e+00  0.00000000e+00
  0.00000000e+00  0.00000000e+00  0.00000000e+00  0.00000000e+00
  0.00000000e+00  0.00000000e+00  0.00000000e+00  0.00000000e+00
  0.00000000e+00  0.00000000e+00  0.00000000e+00  0.00000000e+00
  0.00000000e+00  0.00000000e+00 -5.11999650e-05  0.00000000e+00
  1.29905147e-04 -1.07929469e-04  0.00000000e+00  0.00000000e+00
  9.32455089e-05  0.00000000e+00  0.00000000e+00  0.00000000e+00
  0.00000000e+00  0.00000000e+00  8.81737104e-05  7.10039894e-05
  0.00000000e+00  0.00000000e+00 -4.25299964e-05  0.00000000e+00
  4.89192602e-05 -7.63595425e-05  0.00000000e+00  0.00000000e+00
  4.98355402e-05  0.00000000e+00  0.00000000e+00  0.00000000e+00
  0.00000000e+00  0.00000000e+00  4.31241703e-05  2.64845254e-05
  0.00000000e+00  0.00000000e+00 -5.10318742e-05  0.00000000e+00
  1.31742169e-04 -1.08085238e-04  0.00000000e+00  0.00000000e+00
  9.39992255e-05  0.00000000e+00  0.00000000e+00  0.00000000e+00
  0.00000000e+00  0.00000000e+00  8.90399468e-05  7.20178190e-05
  0.00000000e+00  0.00000000e+00  0.00000000e+00  0.00000000e+00
  0.00000000e+00  0.00000000e+00  0.00000000e+00  0.00000000e+00
  0.00000000e+00  0.00000000e+00  0.00000000e+00  0.00000000e+00
  0.00000000e+00  0.00000000e+00  0.00000000e+00  0.00000000e+00
  0.00000000e+00  0.00000000e+00  0.00000000e+00  0.00000000e+00
  0.00000000e+00  0.00000000e+00  0.00000000e+00  0.00000000e+00
  0.00000000e+00  0.00000000e+00  0.00000000e+00  0.00000000e+00
  0.00000000e+00  0.00000000e+00  0.00000000e+00  0.00000000e+00
  0.00000000e+00  0.00000000e+00 -1.41049870e-05  0.00000000e+00
  1.66064949e-05 -2.54106926e-05  0.00000000e+00  0.00000000e+00
  1.67069644e-05  0.00000000e+00  0.00000000e+00  0.00000000e+00
  0.00000000e+00  0.00000000e+00  1.44973536e-05  8.99426560e-06
  0.00000000e+00  0.00000000e+00  0.00000000e+00  0.00000000e+00
  0.00000000e+00  0.00000000e+00  0.00000000e+00  0.00000000e+00
  0.00000000e+00  0.00000000e+00  0.00000000e+00  0.00000000e+00
  0.00000000e+00  0.00000000e+00  0.00000000e+00  0.00000000e+00
  0.00000000e+00  0.00000000e+00 -1.92868974e-04  0.00000000e+00
  2.24270839e-04 -3.46829342e-04  0.00000000e+00  0.00000000e+00
  2.27135341e-04  0.00000000e+00  0.00000000e+00  0.00000000e+00
  0.00000000e+00  0.00000000e+00  1.96802802e-04  1.21441620e-04
  0.00000000e+00  0.00000000e+00 -4.82231082e-04  0.00000000e+00
 -2.98135694e-05 -7.34090176e-04  0.00000000e+00  0.00000000e+00
  2.91389160e-04  0.00000000e+00  0.00000000e+00  0.00000000e+00
  0.00000000e+00  0.00000000e+00  1.90535915e-04 -2.16908411e-05
  0.00000000e+00  0.00000000e+00  0.00000000e+00  0.00000000e+00
  0.00000000e+00  0.00000000e+00 -3.32846356e-04  1.33688611e-04
  1.99157744e-04  0.00000000e+00  0.00000000e+00  0.00000000e+00
 -6.64282869e-04  2.95094455e-04  3.69188414e-04 -1.50360435e-03
  6.12902937e-04  8.90701417e-04  0.00000000e+00  0.00000000e+00
  0.00000000e+00  0.00000000e+00  0.00000000e+00  0.00000000e+00
 -6.88162676e-04  1.81682723e-04  5.06479953e-04  0.00000000e+00
  0.00000000e+00  0.00000000e+00  0.00000000e+00  0.00000000e+00
  0.00000000e+00  0.00000000e+00  0.00000000e+00  0.00000000e+00
  0.00000000e+00  0.00000000e+00  0.00000000e+00  0.00000000e+00
  0.00000000e+00  0.00000000e+00 -3.28063677e-04  3.77678465e-05
  2.90295830e-04 -1.24422122e-04  2.98780423e-05  9.45440794e-05
 -3.02805144e-03  4.54452119e-04  2.57359932e-03]

[2020-01-27 21:59:36.056981][__main__.TRPOAgent.log][linesearch]: Linesearch worked at 0, New mean kl div: 0.009096085769718458, New policy loss value: -0.0003105194104424792

[2020-01-27 21:59:37.179265][__main__.TRPOAgent.log][batch_info]: Current batch value loss: 100.57309931641743

[2020-01-27 21:59:37.179692][__main__.TRPOAgent.log][linesearch]: Linesearch successful, updating policy parameters

[2020-01-27 21:59:37.190777][__main__.TRPOAgent.log][learning]: Episode #1

[2020-01-27 21:59:37.191046][__main__.TRPOAgent.log][learning]: Performing rollouts: rollout length: 5000

[2020-01-27 21:59:37.242369][Environment.Environment.log][rollouts]: Rollout thread #1

[2020-01-27 21:59:37.242993][Environment.Environment.log][rollouts]: Rollout thread #2

[2020-01-27 21:59:37.242915][Environment.Environment.log][thread_rollouts]: Thread number: 0

[2020-01-27 21:59:37.244975][Environment.Environment.log][thread_rollouts]: Thread number: 1

[2020-01-27 21:59:50.152862][Environment.Environment.log][thread_rollouts]: Thread number: 0, Steps performed: 5000

[2020-01-27 21:59:50.268268][Environment.Environment.log][thread_rollouts]: Thread number: 1, Steps performed: 5000

[2020-01-27 21:59:50.268909][Environment.Environment.log][rollouts]: Rollout thread #3

[2020-01-27 21:59:50.269834][Environment.Environment.log][thread_rollouts]: Thread number: 2

[2020-01-27 21:59:50.269929][Environment.Environment.log][rollouts]: Rollout thread #4

[2020-01-27 21:59:50.274419][Environment.Environment.log][thread_rollouts]: Thread number: 3

[2020-01-27 22:00:01.173790][Environment.Environment.log][thread_rollouts]: Thread number: 3, Steps performed: 5000

[2020-01-27 22:00:01.178570][Environment.Environment.log][thread_rollouts]: Thread number: 2, Steps performed: 5000

[2020-01-27 22:00:01.178955][Environment.Environment.log][rollouts]: Rollout thread #5

[2020-01-27 22:00:01.179353][Environment.Environment.log][thread_rollouts]: Thread number: 4

[2020-01-27 22:00:01.179398][Environment.Environment.log][rollouts]: Rollout thread #6

[2020-01-27 22:00:01.181541][Environment.Environment.log][thread_rollouts]: Thread number: 5

[2020-01-27 22:00:11.835789][Environment.Environment.log][thread_rollouts]: Thread number: 5, Steps performed: 5000

[2020-01-27 22:00:11.871772][Environment.Environment.log][thread_rollouts]: Thread number: 4, Steps performed: 5000

[2020-01-27 22:00:11.872551][Environment.Environment.log][rollouts]: Rollout thread #7

[2020-01-27 22:00:11.873281][Environment.Environment.log][thread_rollouts]: Thread number: 6

[2020-01-27 22:00:11.873375][Environment.Environment.log][rollouts]: Rollout thread #8

[2020-01-27 22:00:11.875710][Environment.Environment.log][thread_rollouts]: Thread number: 7

[2020-01-27 22:00:23.697081][Environment.Environment.log][thread_rollouts]: Thread number: 7, Steps performed: 5000

[2020-01-27 22:00:23.858025][Environment.Environment.log][thread_rollouts]: Thread number: 6, Steps performed: 5000

[2020-01-27 22:00:23.858711][Environment.Environment.log][rollouts]: Rollout thread #9

[2020-01-27 22:00:23.859701][Environment.Environment.log][thread_rollouts]: Thread number: 8

[2020-01-27 22:00:23.859802][Environment.Environment.log][rollouts]: Rollout thread #10

[2020-01-27 22:00:23.862121][Environment.Environment.log][thread_rollouts]: Thread number: 9

