LOGGER started at 2020-01-27 14:08:07.354158.
Currently active debug channels:
	rollouts
	training
	batch_info
	linesearch
	learning
	thread_rollouts
[2020-01-27 14:08:07.499258][__main__.TRPOAgent.log][learning]: Episode #0

[2020-01-27 14:08:07.707923][__main__.TRPOAgent.log][learning]: Performing rollouts: rollout length: 1000

[2020-01-27 14:08:07.761206][Environment.Environment.log][rollouts]: Rollout thread #1

[2020-01-27 14:08:07.762232][Environment.Environment.log][rollouts]: Rollout thread #2

[2020-01-27 14:08:07.762052][Environment.Environment.log][thread_rollouts]: Thread number: 0

[2020-01-27 14:08:07.764173][Environment.Environment.log][thread_rollouts]: Thread number: 1

[2020-01-27 14:08:09.871486][Environment.Environment.log][thread_rollouts]: Thread number: 0, Steps performed: 1000

[2020-01-27 14:08:09.985889][Environment.Environment.log][thread_rollouts]: Thread number: 1, Steps performed: 1000

[2020-01-27 14:08:09.986436][Environment.Environment.log][rollouts]: Rollout thread #3

[2020-01-27 14:08:09.987413][Environment.Environment.log][rollouts]: Rollout thread #4

[2020-01-27 14:08:09.987185][Environment.Environment.log][thread_rollouts]: Thread number: 2

[2020-01-27 14:08:09.988370][Environment.Environment.log][thread_rollouts]: Thread number: 3

[2020-01-27 14:08:12.118463][Environment.Environment.log][thread_rollouts]: Thread number: 3, Steps performed: 1000

[2020-01-27 14:08:12.149919][Environment.Environment.log][thread_rollouts]: Thread number: 2, Steps performed: 1000

[2020-01-27 14:08:12.150421][Environment.Environment.log][rollouts]: Rollout thread #5

[2020-01-27 14:08:12.150912][Environment.Environment.log][thread_rollouts]: Thread number: 4

[2020-01-27 14:08:12.150973][Environment.Environment.log][rollouts]: Rollout thread #6

[2020-01-27 14:08:12.154516][Environment.Environment.log][thread_rollouts]: Thread number: 5

[2020-01-27 14:08:14.324740][Environment.Environment.log][thread_rollouts]: Thread number: 4, Steps performed: 1000

[2020-01-27 14:08:14.326861][Environment.Environment.log][thread_rollouts]: Thread number: 5, Steps performed: 1000

[2020-01-27 14:08:14.327799][Environment.Environment.log][rollouts]: Rollout thread #7

[2020-01-27 14:08:14.328370][Environment.Environment.log][thread_rollouts]: Thread number: 6

[2020-01-27 14:08:14.328433][Environment.Environment.log][rollouts]: Rollout thread #8

[2020-01-27 14:08:14.330369][Environment.Environment.log][thread_rollouts]: Thread number: 7

[2020-01-27 14:08:16.492584][Environment.Environment.log][thread_rollouts]: Thread number: 6, Steps performed: 1000

[2020-01-27 14:08:16.525061][Environment.Environment.log][thread_rollouts]: Thread number: 7, Steps performed: 1000

[2020-01-27 14:08:16.525540][Environment.Environment.log][rollouts]: Rollout thread #9

[2020-01-27 14:08:16.526091][Environment.Environment.log][rollouts]: Rollout thread #10

[2020-01-27 14:08:16.526028][Environment.Environment.log][thread_rollouts]: Thread number: 8

[2020-01-27 14:08:16.527255][Environment.Environment.log][thread_rollouts]: Thread number: 9

[2020-01-27 14:08:18.650807][Environment.Environment.log][thread_rollouts]: Thread number: 9, Steps performed: 1000

[2020-01-27 14:08:18.707537][Environment.Environment.log][thread_rollouts]: Thread number: 8, Steps performed: 1000

[2020-01-27 14:08:18.708003][Environment.Environment.log][rollouts]: Rollout thread #11

[2020-01-27 14:08:18.708622][Environment.Environment.log][rollouts]: Rollout thread #12

[2020-01-27 14:08:18.708553][Environment.Environment.log][thread_rollouts]: Thread number: 10

[2020-01-27 14:08:18.709729][Environment.Environment.log][thread_rollouts]: Thread number: 11

[2020-01-27 14:08:20.919800][Environment.Environment.log][thread_rollouts]: Thread number: 11, Steps performed: 1000

[2020-01-27 14:08:20.940618][Environment.Environment.log][thread_rollouts]: Thread number: 10, Steps performed: 1000

[2020-01-27 14:08:20.941085][Environment.Environment.log][rollouts]: Rollout thread #13

[2020-01-27 14:08:20.941581][Environment.Environment.log][thread_rollouts]: Thread number: 12

[2020-01-27 14:08:20.941633][Environment.Environment.log][rollouts]: Rollout thread #14

[2020-01-27 14:08:20.943378][Environment.Environment.log][thread_rollouts]: Thread number: 13

[2020-01-27 14:08:23.102501][Environment.Environment.log][thread_rollouts]: Thread number: 13, Steps performed: 1000

[2020-01-27 14:08:23.108114][Environment.Environment.log][thread_rollouts]: Thread number: 12, Steps performed: 1000

[2020-01-27 14:08:23.108568][Environment.Environment.log][rollouts]: Rollout thread #15

[2020-01-27 14:08:23.109149][Environment.Environment.log][thread_rollouts]: Thread number: 14

[2020-01-27 14:08:23.109210][Environment.Environment.log][rollouts]: Rollout thread #16

[2020-01-27 14:08:23.111366][Environment.Environment.log][thread_rollouts]: Thread number: 15

[2020-01-27 14:08:25.378991][Environment.Environment.log][thread_rollouts]: Thread number: 14, Steps performed: 1000

[2020-01-27 14:08:25.388924][Environment.Environment.log][thread_rollouts]: Thread number: 15, Steps performed: 1000

[2020-01-27 14:08:25.389486][Environment.Environment.log][rollouts]: Rollout thread #17

[2020-01-27 14:08:25.390007][Environment.Environment.log][thread_rollouts]: Thread number: 16

[2020-01-27 14:08:25.390060][Environment.Environment.log][rollouts]: Rollout thread #18

[2020-01-27 14:08:25.391714][Environment.Environment.log][thread_rollouts]: Thread number: 17

[2020-01-27 14:08:27.512412][Environment.Environment.log][thread_rollouts]: Thread number: 16, Steps performed: 1000

[2020-01-27 14:08:27.567972][Environment.Environment.log][thread_rollouts]: Thread number: 17, Steps performed: 1000

[2020-01-27 14:08:27.568434][Environment.Environment.log][rollouts]: Rollout thread #19

[2020-01-27 14:08:27.569113][Environment.Environment.log][thread_rollouts]: Thread number: 18

[2020-01-27 14:08:27.569197][Environment.Environment.log][rollouts]: Rollout thread #20

[2020-01-27 14:08:27.570365][Environment.Environment.log][thread_rollouts]: Thread number: 19

[2020-01-27 14:08:29.999457][Environment.Environment.log][thread_rollouts]: Thread number: 19, Steps performed: 1000

[2020-01-27 14:08:30.002123][Environment.Environment.log][thread_rollouts]: Thread number: 18, Steps performed: 1000

