LOGGER started at 2020-01-27 15:31:31.492270.
Currently active debug channels:
	rollouts
	training
	batch_info
	linesearch
	learning
	thread_rollouts
[2020-01-27 15:31:31.637482][__main__.TRPOAgent.log][learning]: Episode #0

[2020-01-27 15:31:31.840811][__main__.TRPOAgent.log][learning]: Performing rollouts: rollout length: 1500

[2020-01-27 15:31:31.885310][Environment.Environment.log][rollouts]: Rollout thread #1

[2020-01-27 15:31:31.886201][Environment.Environment.log][rollouts]: Rollout thread #2

[2020-01-27 15:31:31.886134][Environment.Environment.log][thread_rollouts]: Thread number: 0

[2020-01-27 15:31:31.888228][Environment.Environment.log][thread_rollouts]: Thread number: 1

[2020-01-27 15:31:35.182618][Environment.Environment.log][thread_rollouts]: Thread number: 0, Steps performed: 1500

[2020-01-27 15:31:35.216578][Environment.Environment.log][thread_rollouts]: Thread number: 1, Steps performed: 1500

[2020-01-27 15:31:35.217066][Environment.Environment.log][rollouts]: Rollout thread #3

[2020-01-27 15:31:35.217631][Environment.Environment.log][thread_rollouts]: Thread number: 2

[2020-01-27 15:31:35.217821][Environment.Environment.log][rollouts]: Rollout thread #4

[2020-01-27 15:31:35.219813][Environment.Environment.log][thread_rollouts]: Thread number: 3

[2020-01-27 15:31:38.469656][Environment.Environment.log][thread_rollouts]: Thread number: 2, Steps performed: 1500

[2020-01-27 15:31:38.478494][Environment.Environment.log][thread_rollouts]: Thread number: 3, Steps performed: 1500

[2020-01-27 15:31:38.478957][Environment.Environment.log][rollouts]: Rollout thread #5

[2020-01-27 15:31:38.479612][Environment.Environment.log][thread_rollouts]: Thread number: 4

[2020-01-27 15:31:38.479862][Environment.Environment.log][rollouts]: Rollout thread #6

[2020-01-27 15:31:38.482601][Environment.Environment.log][thread_rollouts]: Thread number: 5

[2020-01-27 15:31:42.165467][Environment.Environment.log][thread_rollouts]: Thread number: 4, Steps performed: 1500

[2020-01-27 15:31:42.211622][Environment.Environment.log][thread_rollouts]: Thread number: 5, Steps performed: 1500

