LOGGER started at 2020-01-27 17:13:02.966627.
Currently active debug channels:
	rollouts
	act
	training
	batch_info
	linesearch
	learning
	thread_rollouts
[2020-01-27 17:13:03.105461][__main__.TRPOAgent.log][learning]: Episode #0

[2020-01-27 17:13:03.315056][__main__.TRPOAgent.log][learning]: Performing rollouts: rollout length: 1500

[2020-01-27 17:13:03.332459][Environment.Environment.log][rollouts]: Rollout thread #1

[2020-01-27 17:13:03.333160][Environment.Environment.log][thread_rollouts]: Thread number: 0

[2020-01-27 17:13:03.333232][Environment.Environment.log][rollouts]: Rollout thread #2

[2020-01-27 17:13:03.338359][Environment.Environment.log][thread_rollouts]: Thread number: 1

[2020-01-27 17:13:06.531852][Environment.Environment.log][thread_rollouts]: Thread number: 0, Steps performed: 1500

[2020-01-27 17:13:06.594790][Environment.Environment.log][thread_rollouts]: Thread number: 1, Steps performed: 1500

[2020-01-27 17:13:06.595314][Environment.Environment.log][rollouts]: Rollout thread #3

[2020-01-27 17:13:06.596063][Environment.Environment.log][thread_rollouts]: Thread number: 2

[2020-01-27 17:13:06.596239][Environment.Environment.log][rollouts]: Rollout thread #4

[2020-01-27 17:13:06.598156][Environment.Environment.log][thread_rollouts]: Thread number: 3

[2020-01-27 17:13:09.759191][Environment.Environment.log][thread_rollouts]: Thread number: 2, Steps performed: 1500

[2020-01-27 17:13:09.791771][Environment.Environment.log][thread_rollouts]: Thread number: 3, Steps performed: 1500

[2020-01-27 17:13:09.792326][Environment.Environment.log][rollouts]: Rollout thread #5

[2020-01-27 17:13:09.793055][Environment.Environment.log][rollouts]: Rollout thread #6

[2020-01-27 17:13:09.792986][Environment.Environment.log][thread_rollouts]: Thread number: 4

[2020-01-27 17:13:09.793819][Environment.Environment.log][thread_rollouts]: Thread number: 5

[2020-01-27 17:13:12.975010][Environment.Environment.log][thread_rollouts]: Thread number: 5, Steps performed: 1500

[2020-01-27 17:13:13.001014][Environment.Environment.log][thread_rollouts]: Thread number: 4, Steps performed: 1500

[2020-01-27 17:13:13.001581][Environment.Environment.log][rollouts]: Rollout thread #7

[2020-01-27 17:13:13.002088][Environment.Environment.log][thread_rollouts]: Thread number: 6

[2020-01-27 17:13:13.002214][Environment.Environment.log][rollouts]: Rollout thread #8

[2020-01-27 17:13:13.006393][Environment.Environment.log][thread_rollouts]: Thread number: 7

[2020-01-27 17:13:16.168451][Environment.Environment.log][thread_rollouts]: Thread number: 7, Steps performed: 1500

[2020-01-27 17:13:16.235887][Environment.Environment.log][thread_rollouts]: Thread number: 6, Steps performed: 1500

[2020-01-27 17:13:16.236430][Environment.Environment.log][rollouts]: Rollout thread #9

[2020-01-27 17:13:16.237229][Environment.Environment.log][thread_rollouts]: Thread number: 8

[2020-01-27 17:13:16.237289][Environment.Environment.log][rollouts]: Rollout thread #10

[2020-01-27 17:13:16.239498][Environment.Environment.log][thread_rollouts]: Thread number: 9

[2020-01-27 17:13:19.363447][Environment.Environment.log][thread_rollouts]: Thread number: 9, Steps performed: 1500

[2020-01-27 17:13:19.424512][Environment.Environment.log][thread_rollouts]: Thread number: 8, Steps performed: 1500

[2020-01-27 17:13:19.425052][__main__.TRPOAgent.log][rollouts]: Unpacking actions

[2020-01-27 17:13:19.431152][__main__.TRPOAgent.log][rollouts]: Unpacking rewards

[2020-01-27 17:13:19.499019][__main__.TRPOAgent.log][rollouts]: Unpacking observations

[2020-01-27 17:13:19.501903][__main__.TRPOAgent.log][learning]: Rollouts performed

[2020-01-27 17:13:19.503167][__main__.TRPOAgent.log][batch_info]: Rollout statistics size: 15000, Batch size: 5000, Number of batches: 3

[2020-01-27 17:13:19.503511][__main__.TRPOAgent.log][learning]: 

***************
BEGINNING TRAINING
***************



[2020-01-27 17:13:19.518922][__main__.TRPOAgent.log][batch_info]: Batch #0, batch length: 5000

[2020-01-27 17:13:23.379465][__main__.TRPOAgent.log][training]: policy_gradient: [ 0.00000000e+00  0.00000000e+00  5.07639054e+00 -8.17488799e+00
  0.00000000e+00  0.00000000e+00  0.00000000e+00 -8.15181643e+00
 -5.18090782e+00  5.40272371e+00  2.35121285e+00  8.40318741e+00
  3.24842705e+00  2.07525122e+00  0.00000000e+00  9.70143955e+00
  0.00000000e+00  0.00000000e+00  0.00000000e+00 -7.44079923e-01
  5.50934253e+00 -1.72865510e+01 -6.26336446e+00  5.03764344e+00
  0.00000000e+00  0.00000000e+00  0.00000000e+00  5.22722359e-01
  0.00000000e+00  0.00000000e+00  1.18507517e+00 -1.31074460e+01
  0.00000000e+00  0.00000000e+00 -2.40396993e-03 -3.38333681e-03
  0.00000000e+00  0.00000000e+00  0.00000000e+00  8.73170177e-03
  3.09958829e-03  2.16710446e-03 -4.27172143e-03 -1.58739204e-03
  7.64423257e-03  7.46296751e-03  0.00000000e+00 -7.60964176e-04
  0.00000000e+00  0.00000000e+00  0.00000000e+00 -2.77422874e-03
 -1.01547794e-02 -1.24268029e-02  3.91297506e-03 -6.32292610e-03
  0.00000000e+00  0.00000000e+00  0.00000000e+00 -1.57414941e-02
  0.00000000e+00  0.00000000e+00  1.91815869e-02 -6.39639917e-03
  0.00000000e+00  0.00000000e+00 -9.69858793e+00  1.56290027e+01
  0.00000000e+00  0.00000000e+00  0.00000000e+00  1.55685322e+01
  9.89796600e+00 -1.03290317e+01 -4.48811654e+00 -1.60581790e+01
 -6.21852861e+00 -3.97549411e+00  0.00000000e+00 -1.85405169e+01
  0.00000000e+00  0.00000000e+00  0.00000000e+00  1.42579656e+00
 -1.05165742e+01  3.30541383e+01  1.19655851e+01 -9.62059547e+00
  0.00000000e+00  0.00000000e+00  0.00000000e+00 -9.78497870e-01
  0.00000000e+00  0.00000000e+00 -2.28878142e+00  2.50589245e+01
  0.00000000e+00  0.00000000e+00  0.00000000e+00  0.00000000e+00
  0.00000000e+00  0.00000000e+00  0.00000000e+00  0.00000000e+00
  0.00000000e+00  0.00000000e+00  0.00000000e+00  0.00000000e+00
  0.00000000e+00  0.00000000e+00  0.00000000e+00  0.00000000e+00
  0.00000000e+00  0.00000000e+00  0.00000000e+00  0.00000000e+00
  0.00000000e+00  0.00000000e+00  0.00000000e+00  0.00000000e+00
  0.00000000e+00  0.00000000e+00  0.00000000e+00  0.00000000e+00
  0.00000000e+00  0.00000000e+00  0.00000000e+00  0.00000000e+00
  3.02678726e+00 -7.06005374e-01  7.96728811e-01 -5.79113227e-01
  2.14530813e+00  0.00000000e+00 -9.44696604e-01  1.47499504e+00
  0.00000000e+00  0.00000000e+00  7.47633664e-01 -2.23069717e+00
  1.25865024e+00  0.00000000e+00  0.00000000e+00 -3.67797651e-01
  2.72455092e+00 -6.35500961e-01  7.17197043e-01 -5.21285797e-01
  1.93109830e+00  0.00000000e+00 -8.55491823e-01  1.32770092e+00
  0.00000000e+00  0.00000000e+00  6.72939528e-01 -2.00794117e+00
  1.13298118e+00  0.00000000e+00  0.00000000e+00 -3.31073041e-01
  0.00000000e+00  0.00000000e+00  0.00000000e+00  0.00000000e+00
  0.00000000e+00  0.00000000e+00  0.00000000e+00  0.00000000e+00
  0.00000000e+00  0.00000000e+00  0.00000000e+00  0.00000000e+00
  0.00000000e+00  0.00000000e+00  0.00000000e+00  0.00000000e+00
  0.00000000e+00  0.00000000e+00  0.00000000e+00  0.00000000e+00
  0.00000000e+00  0.00000000e+00  0.00000000e+00  0.00000000e+00
  0.00000000e+00  0.00000000e+00  0.00000000e+00  0.00000000e+00
  0.00000000e+00  0.00000000e+00  0.00000000e+00  0.00000000e+00
  0.00000000e+00  0.00000000e+00  0.00000000e+00  0.00000000e+00
  0.00000000e+00  0.00000000e+00  0.00000000e+00  0.00000000e+00
  0.00000000e+00  0.00000000e+00  0.00000000e+00  0.00000000e+00
  0.00000000e+00  0.00000000e+00  0.00000000e+00  0.00000000e+00
  7.87533948e+00 -1.83694023e+00  2.07299879e+00 -1.50678339e+00
  5.58183754e+00  0.00000000e+00 -2.45911927e+00  3.83775894e+00
  0.00000000e+00  0.00000000e+00  1.94524480e+00 -5.80400529e+00
  3.27486048e+00  0.00000000e+00  0.00000000e+00 -9.56965934e-01
  8.56294364e+00 -1.99731820e+00  2.25401967e+00 -1.63834146e+00
  6.06920122e+00  0.00000000e+00 -2.67905990e+00  4.17282729e+00
  0.00000000e+00  0.00000000e+00  2.11504530e+00 -6.31074652e+00
  3.56080423e+00  0.00000000e+00  0.00000000e+00 -1.04052106e+00
  8.19766245e+00 -1.91210798e+00  2.15789439e+00 -1.56845166e+00
  5.81030730e+00  0.00000000e+00 -2.57049647e+00  3.99480992e+00
  0.00000000e+00  0.00000000e+00  2.02477623e+00 -6.04152664e+00
  3.40891952e+00  0.00000000e+00  0.00000000e+00 -9.96135693e-01
  3.85901437e+00 -9.00104080e-01  1.01586328e+00 -7.38340547e-01
  2.73519038e+00  0.00000000e+00 -1.21914847e+00  1.88052151e+00
  0.00000000e+00  0.00000000e+00  9.53083649e-01 -2.84400085e+00
  1.60475550e+00  0.00000000e+00  0.00000000e+00 -4.68929080e-01
  6.04306867e+00 -1.40957414e+00  1.59064366e+00 -1.15621785e+00
  4.28315535e+00  0.00000000e+00 -1.87602314e+00  2.94489050e+00
  0.00000000e+00  0.00000000e+00  1.49275114e+00 -4.45367592e+00
  2.51290816e+00  0.00000000e+00  0.00000000e+00 -7.34315938e-01
  4.26526953e+00 -9.94900082e-01  1.12267442e+00 -8.16072901e-01
  3.02309559e+00  0.00000000e+00 -1.31980913e+00  2.07854721e+00
  0.00000000e+00  0.00000000e+00  1.05363512e+00 -3.14346763e+00
  1.77363029e+00  0.00000000e+00  0.00000000e+00 -5.18287721e-01
  6.28842936e+00 -1.46675515e+00  1.65540338e+00 -1.20315725e+00
  4.45711319e+00  0.00000000e+00 -1.98885972e+00  3.06438603e+00
  0.00000000e+00  0.00000000e+00  1.55307344e+00 -4.63441602e+00
  2.61502305e+00  0.00000000e+00  0.00000000e+00 -7.64140641e-01
  0.00000000e+00  0.00000000e+00  0.00000000e+00  0.00000000e+00
  0.00000000e+00  0.00000000e+00  0.00000000e+00  0.00000000e+00
  0.00000000e+00  0.00000000e+00  0.00000000e+00  0.00000000e+00
  0.00000000e+00  0.00000000e+00  0.00000000e+00  0.00000000e+00
  6.37687655e+00 -1.48742370e+00  1.67855217e+00 -1.22008383e+00
  4.51976225e+00  0.00000000e+00 -1.98886170e+00  3.10754246e+00
  0.00000000e+00  0.00000000e+00  1.57513600e+00 -4.69966658e+00
  2.65173809e+00  0.00000000e+00  0.00000000e+00 -7.74880699e-01
  0.00000000e+00  0.00000000e+00  0.00000000e+00  0.00000000e+00
  0.00000000e+00  0.00000000e+00  0.00000000e+00  0.00000000e+00
  0.00000000e+00  0.00000000e+00  0.00000000e+00  0.00000000e+00
  0.00000000e+00  0.00000000e+00  0.00000000e+00  0.00000000e+00
  0.00000000e+00  0.00000000e+00  0.00000000e+00  0.00000000e+00
  0.00000000e+00  0.00000000e+00  0.00000000e+00  0.00000000e+00
  0.00000000e+00  0.00000000e+00  0.00000000e+00  0.00000000e+00
  0.00000000e+00  0.00000000e+00  0.00000000e+00  0.00000000e+00
  0.00000000e+00  0.00000000e+00  0.00000000e+00  0.00000000e+00
  0.00000000e+00  0.00000000e+00  0.00000000e+00  0.00000000e+00
  0.00000000e+00  0.00000000e+00  0.00000000e+00  0.00000000e+00
  0.00000000e+00  0.00000000e+00  0.00000000e+00  0.00000000e+00
  2.16434504e+00 -5.04830191e-01  5.69741261e-01 -4.14101824e-01
  1.53404042e+00  0.00000000e+00 -6.81666906e-01  1.05470286e+00
  0.00000000e+00  0.00000000e+00  5.34557508e-01 -1.59507532e+00
  9.00029217e-01  0.00000000e+00  0.00000000e+00 -2.63000348e-01
  3.82208495e-01 -8.91384969e-02  1.00650992e-01 -7.31263705e-02
  2.70912650e-01  0.00000000e+00 -1.28399482e-01  1.86237342e-01
  0.00000000e+00  0.00000000e+00  9.43365364e-02 -2.81660099e-01
  1.58957758e-01  0.00000000e+00  0.00000000e+00 -4.64462471e-02
  3.62243767e+00 -8.44922045e-01  9.53590001e-01 -6.93076487e-01
  2.56751092e+00  0.00000000e+00 -1.14527565e+00  1.76523450e+00
  0.00000000e+00  0.00000000e+00  8.94648127e-01 -2.66964742e+00
  1.50637807e+00  0.00000000e+00  0.00000000e+00 -4.40181640e-01
  6.30656829e+00 -1.47099391e+00  1.66015073e+00 -1.20662859e+00
  4.46996137e+00  0.00000000e+00 -1.98885025e+00  3.07323666e+00
  0.00000000e+00  0.00000000e+00  1.55759815e+00 -4.64779776e+00
  2.62255262e+00  0.00000000e+00  0.00000000e+00 -7.66343231e-01
  2.85516601e+00 -6.65991974e-01  7.51491975e-01 -5.46278920e-01
  2.02364886e+00  0.00000000e+00 -8.78310834e-01  1.39138714e+00
  0.00000000e+00  0.00000000e+00  7.05342378e-01 -2.10424566e+00
  1.18725378e+00  0.00000000e+00  0.00000000e+00 -3.46939733e-01
  0.00000000e+00  0.00000000e+00  0.00000000e+00  0.00000000e+00
  0.00000000e+00  0.00000000e+00  0.00000000e+00  0.00000000e+00
  0.00000000e+00  0.00000000e+00  0.00000000e+00  0.00000000e+00
  0.00000000e+00  0.00000000e+00  0.00000000e+00  0.00000000e+00
  0.00000000e+00  0.00000000e+00  0.00000000e+00  0.00000000e+00
  0.00000000e+00  0.00000000e+00  0.00000000e+00  0.00000000e+00
  0.00000000e+00  0.00000000e+00  0.00000000e+00  0.00000000e+00
  0.00000000e+00  0.00000000e+00  0.00000000e+00  0.00000000e+00
  0.00000000e+00  0.00000000e+00  0.00000000e+00  0.00000000e+00
  0.00000000e+00  0.00000000e+00  0.00000000e+00  0.00000000e+00
  0.00000000e+00  0.00000000e+00  0.00000000e+00  0.00000000e+00
  0.00000000e+00  0.00000000e+00  0.00000000e+00  0.00000000e+00
  4.06299524e+00 -9.47688520e-01  1.06953742e+00 -7.77368648e-01
  2.87976102e+00  0.00000000e+00 -1.27888351e+00  1.97993200e+00
  0.00000000e+00  0.00000000e+00  1.00349878e+00 -2.99434115e+00
  1.68956911e+00  0.00000000e+00  0.00000000e+00 -4.93714580e-01
  0.00000000e+00  0.00000000e+00  0.00000000e+00  0.00000000e+00
  0.00000000e+00  0.00000000e+00  0.00000000e+00  0.00000000e+00
  0.00000000e+00  0.00000000e+00  0.00000000e+00  0.00000000e+00
  0.00000000e+00  0.00000000e+00  0.00000000e+00  0.00000000e+00
  0.00000000e+00  0.00000000e+00  0.00000000e+00  0.00000000e+00
  0.00000000e+00  0.00000000e+00  0.00000000e+00  0.00000000e+00
  0.00000000e+00  0.00000000e+00  0.00000000e+00  0.00000000e+00
  0.00000000e+00  0.00000000e+00  0.00000000e+00  0.00000000e+00
  1.36856756e-02 -3.18949050e-03  3.61194230e-03 -2.61818225e-03
  9.70291941e-03  0.00000000e+00 -4.26930299e-05  6.66528345e-03
  0.00000000e+00  0.00000000e+00  3.36498723e-03 -1.00813877e-02
  5.69563989e-03  0.00000000e+00  0.00000000e+00 -1.66354388e-03
  4.79817160e+00 -1.11919861e+00  1.26295557e+00 -9.18032478e-01
  3.40080499e+00  0.00000000e+00 -1.48769619e+00  2.33823461e+00
  0.00000000e+00  0.00000000e+00  1.18525277e+00 -3.53620478e+00
  1.99523437e+00  0.00000000e+00  0.00000000e+00 -5.83043320e-01
  4.41243953e+01 -1.02923737e+01  1.16138011e+01 -8.44231853e+00
  3.12739584e+01  0.00000000e+00 -1.37756113e+01  2.15027893e+01
  0.00000000e+00  0.00000000e+00  1.09004097e+01 -3.25194634e+01
  1.83481285e+01  0.00000000e+00  0.00000000e+00 -5.36169080e+00
 -2.47994602e+00  5.03080065e+00 -2.55085464e+00 -2.45640178e+00
  4.98310996e+00 -2.52670818e+00 -9.06436090e-01  1.83872362e+00
 -9.32287529e-01 -3.58440064e+00  7.27180106e+00 -3.68740042e+00
 -2.34971710e+00  4.76684916e+00 -2.41713206e+00  0.00000000e+00
  0.00000000e+00  0.00000000e+00 -1.31420369e-02  2.65514987e-02
 -1.34094618e-02 -2.35345295e+00  4.77445150e+00 -2.42099855e+00
  0.00000000e+00  0.00000000e+00  0.00000000e+00  0.00000000e+00
  0.00000000e+00  0.00000000e+00 -1.24870934e+00  2.53272289e+00
 -1.28401355e+00 -4.11051285e+00  8.33901492e+00 -4.22850206e+00
 -1.26763127e+00  2.57167398e+00 -1.30404272e+00  0.00000000e+00
  0.00000000e+00  0.00000000e+00  0.00000000e+00  0.00000000e+00
  0.00000000e+00 -5.98343603e-01  1.21334374e+00 -6.15000133e-01
 -2.89196923e+01  5.86749769e+01 -2.97552846e+01]

[2020-01-27 17:13:23.379998][__main__.TRPOAgent.log][training]: Initiating conjugate gradients

[2020-01-27 17:13:23.626936][__main__.TRPOAgent.log][training]: gradient_step_direction: tf.Tensor(
[ 0.00000000e+00  0.00000000e+00  4.33449701e-01 -9.86656469e-01
  0.00000000e+00  0.00000000e+00  0.00000000e+00  2.55273432e-01
 -7.00760611e-02  6.28191240e-01 -2.98464486e-01  7.36896627e-01
  1.26813150e+00  1.44440212e+00  0.00000000e+00  9.72398459e-01
  0.00000000e+00  0.00000000e+00  0.00000000e+00 -3.91699954e-01
 -8.50593372e-01 -3.67614849e+00 -1.52438094e-01 -7.03935777e-01
  0.00000000e+00  0.00000000e+00  0.00000000e+00 -1.95275452e+00
  0.00000000e+00  0.00000000e+00  3.36762711e+00 -2.54790680e+00
  0.00000000e+00  0.00000000e+00  6.03313120e-01 -8.58655685e-01
  0.00000000e+00  0.00000000e+00  0.00000000e+00 -9.87555806e-01
 -5.99676118e-01  5.66958928e-01  3.00440167e-01  9.55755427e-01
  2.90279487e-01  1.85356387e-01  0.00000000e+00  1.09269013e+00
  0.00000000e+00  0.00000000e+00  0.00000000e+00 -5.51253892e-02
  6.95291204e-01 -1.83762876e+00 -7.33147131e-01  5.86339544e-01
  0.00000000e+00  0.00000000e+00  0.00000000e+00  1.99209518e-01
  0.00000000e+00  0.00000000e+00 -1.33833147e-03 -1.43149508e+00
  0.00000000e+00  0.00000000e+00 -9.60842179e+00  1.74490223e+01
  0.00000000e+00  0.00000000e+00  0.00000000e+00  1.54440885e+01
  1.02439989e+01 -1.15505980e+01 -4.25160271e+00 -1.66909566e+01
 -7.54200701e+00 -4.57934583e+00  0.00000000e+00 -1.94215906e+01
  0.00000000e+00  0.00000000e+00  0.00000000e+00  1.89910111e+00
 -1.01803052e+01  3.58899008e+01  1.22075470e+01 -1.01935087e+01
  0.00000000e+00  0.00000000e+00  0.00000000e+00  7.85236352e-01
  0.00000000e+00  0.00000000e+00 -6.18559147e+00  2.66000619e+01
  0.00000000e+00  0.00000000e+00  0.00000000e+00  0.00000000e+00
  0.00000000e+00  0.00000000e+00  0.00000000e+00  0.00000000e+00
  0.00000000e+00  0.00000000e+00  0.00000000e+00  0.00000000e+00
  0.00000000e+00  0.00000000e+00  0.00000000e+00  0.00000000e+00
  0.00000000e+00  0.00000000e+00  0.00000000e+00  0.00000000e+00
  0.00000000e+00  0.00000000e+00  0.00000000e+00  0.00000000e+00
  0.00000000e+00  0.00000000e+00  0.00000000e+00  0.00000000e+00
  0.00000000e+00  0.00000000e+00  0.00000000e+00  0.00000000e+00
  5.36990646e-01 -1.07145385e-01  2.04575851e-01 -1.00821515e-01
  3.99658403e-01  0.00000000e+00  6.37837702e-01  2.35547298e-01
  0.00000000e+00  0.00000000e+00  2.99918942e-02 -3.64190474e-01
  2.54050733e-01  0.00000000e+00  0.00000000e+00 -6.88382287e-02
  1.90171203e-01 -2.93066068e-02  1.02608328e-01 -3.47890654e-02
  1.50624646e-01  0.00000000e+00  7.06319856e-01  7.09503951e-02
  0.00000000e+00  0.00000000e+00 -3.83424685e-02 -1.13919206e-01
  1.04638226e-01  0.00000000e+00  0.00000000e+00 -2.60892049e-02
  0.00000000e+00  0.00000000e+00  0.00000000e+00  0.00000000e+00
  0.00000000e+00  0.00000000e+00  0.00000000e+00  0.00000000e+00
  0.00000000e+00  0.00000000e+00  0.00000000e+00  0.00000000e+00
  0.00000000e+00  0.00000000e+00  0.00000000e+00  0.00000000e+00
  0.00000000e+00  0.00000000e+00  0.00000000e+00  0.00000000e+00
  0.00000000e+00  0.00000000e+00  0.00000000e+00  0.00000000e+00
  0.00000000e+00  0.00000000e+00  0.00000000e+00  0.00000000e+00
  0.00000000e+00  0.00000000e+00  0.00000000e+00  0.00000000e+00
  0.00000000e+00  0.00000000e+00  0.00000000e+00  0.00000000e+00
  0.00000000e+00  0.00000000e+00  0.00000000e+00  0.00000000e+00
  0.00000000e+00  0.00000000e+00  0.00000000e+00  0.00000000e+00
  0.00000000e+00  0.00000000e+00  0.00000000e+00  0.00000000e+00
  1.33247536e+00 -2.63961841e-01  5.14284393e-01 -2.49973874e-01
  9.93707998e-01  0.00000000e+00  1.68874653e+00  5.81730330e-01
  0.00000000e+00  0.00000000e+00  6.36168442e-02 -9.00371007e-01
  6.33631864e-01  0.00000000e+00  0.00000000e+00 -1.71190957e-01
  1.14958825e+00 -2.18487972e-01  4.75972167e-01 -2.14683659e-01
  8.67044193e-01  0.00000000e+00  1.97108501e+00  4.88544178e-01
  0.00000000e+00  0.00000000e+00  2.48621772e-03 -7.60679407e-01
  5.62360697e-01  0.00000000e+00  0.00000000e+00 -1.49525050e-01
  7.73386948e-01 -1.34249953e-01  3.64684957e-01 -1.43077763e-01
  5.96707506e-01  0.00000000e+00  2.03448800e+00  3.10284537e-01
  0.00000000e+00  0.00000000e+00 -7.05313654e-02 -4.89545720e-01
  3.99958956e-01  0.00000000e+00  0.00000000e+00 -1.03115775e-01
 -1.56247052e-01  5.59505291e-02  2.69737304e-02  3.19633037e-02
 -9.02210586e-02  0.00000000e+00  1.19228527e+00 -1.04292548e-01
  0.00000000e+00  0.00000000e+00 -1.49157972e-01  1.49149574e-01
 -3.18517248e-02  0.00000000e+00  0.00000000e+00  1.51234321e-02
  1.64920646e+00 -3.46067694e-01  5.68930332e-01 -3.11446400e-01
  1.20954212e+00  0.00000000e+00  1.01330894e+00  7.47952126e-01
  0.00000000e+00  0.00000000e+00  1.88487906e-01 -1.14813763e+00
  7.51369476e-01  0.00000000e+00  0.00000000e+00 -2.08048930e-01
  1.41052345e+00 -3.00703880e-01  4.70107744e-01 -2.66872719e-01
  1.02952256e+00  0.00000000e+00  6.04085460e-01  6.46517819e-01
  0.00000000e+00  0.00000000e+00  1.87970032e-01 -9.90201212e-01
  6.34609957e-01  0.00000000e+00  0.00000000e+00 -1.77003881e-01
 -3.80712870e-01  1.20050033e-01  8.88586953e-03  7.61555306e-02
 -2.36961891e-01  0.00000000e+00  1.99972663e+00 -2.30624838e-01
  0.00000000e+00  0.00000000e+00 -2.71161792e-01  3.35044204e-01
 -1.05253754e-01  0.00000000e+00  0.00000000e+00  4.00738130e-02
  0.00000000e+00  0.00000000e+00  0.00000000e+00  0.00000000e+00
  0.00000000e+00  0.00000000e+00  0.00000000e+00  0.00000000e+00
  0.00000000e+00  0.00000000e+00  0.00000000e+00  0.00000000e+00
  0.00000000e+00  0.00000000e+00  0.00000000e+00  0.00000000e+00
  1.21357304e+00 -2.44566259e-01  4.53872438e-01 -2.28108732e-01
  9.00659582e-01  0.00000000e+00  1.30673398e+00  5.35822315e-01
  0.00000000e+00  0.00000000e+00  8.15137269e-02 -8.27275933e-01
  5.70028312e-01  0.00000000e+00  0.00000000e+00 -1.55091277e-01
  0.00000000e+00  0.00000000e+00  0.00000000e+00  0.00000000e+00
  0.00000000e+00  0.00000000e+00  0.00000000e+00  0.00000000e+00
  0.00000000e+00  0.00000000e+00  0.00000000e+00  0.00000000e+00
  0.00000000e+00  0.00000000e+00  0.00000000e+00  0.00000000e+00
  0.00000000e+00  0.00000000e+00  0.00000000e+00  0.00000000e+00
  0.00000000e+00  0.00000000e+00  0.00000000e+00  0.00000000e+00
  0.00000000e+00  0.00000000e+00  0.00000000e+00  0.00000000e+00
  0.00000000e+00  0.00000000e+00  0.00000000e+00  0.00000000e+00
  0.00000000e+00  0.00000000e+00  0.00000000e+00  0.00000000e+00
  0.00000000e+00  0.00000000e+00  0.00000000e+00  0.00000000e+00
  0.00000000e+00  0.00000000e+00  0.00000000e+00  0.00000000e+00
  0.00000000e+00  0.00000000e+00  0.00000000e+00  0.00000000e+00
  3.23382470e-02  3.90785417e-03  4.84919124e-02 -4.97283741e-03
  3.49685241e-02  0.00000000e+00  6.14615466e-01 -7.67448273e-04
  0.00000000e+00  0.00000000e+00 -5.69194998e-02 -3.87419990e-03
  3.28916473e-02  0.00000000e+00  0.00000000e+00 -6.19723715e-03
 -4.53037685e-01  1.05739943e-01 -1.19014463e-01  8.66865907e-02
 -3.21029979e-01  0.00000000e+00  3.15341817e-01 -2.20869376e-01
  0.00000000e+00  0.00000000e+00 -1.12287313e-01  3.34000236e-01
 -1.88274686e-01  0.00000000e+00  0.00000000e+00  5.50370858e-02
 -1.96261624e-01  6.38764807e-02  1.15265358e-02  3.94699881e-02
 -1.20063296e-01  0.00000000e+00  1.14154637e+00 -1.21760774e-01
  0.00000000e+00  0.00000000e+00 -1.51063362e-01  1.76186393e-01
 -5.08813596e-02  0.00000000e+00  0.00000000e+00  2.02645159e-02
 -5.31934088e-02  4.51452990e-02  1.00299559e-01  1.36494686e-02
 -3.25694225e-03  0.00000000e+00  1.85735252e+00 -7.31704769e-02
  0.00000000e+00  0.00000000e+00 -1.98708243e-01  9.62642199e-02
  3.34710159e-02  0.00000000e+00  0.00000000e+00 -1.95226534e-05
  1.23973641e+00 -2.68965633e-01  3.96877823e-01 -2.35055008e-01
  8.99952570e-01  0.00000000e+00  2.71147333e-01  5.74978667e-01
  0.00000000e+00  0.00000000e+00  1.91688260e-01 -8.78448806e-01
  5.49839078e-01  0.00000000e+00  0.00000000e+00 -1.54647084e-01
  0.00000000e+00  0.00000000e+00  0.00000000e+00  0.00000000e+00
  0.00000000e+00  0.00000000e+00  0.00000000e+00  0.00000000e+00
  0.00000000e+00  0.00000000e+00  0.00000000e+00  0.00000000e+00
  0.00000000e+00  0.00000000e+00  0.00000000e+00  0.00000000e+00
  0.00000000e+00  0.00000000e+00  0.00000000e+00  0.00000000e+00
  0.00000000e+00  0.00000000e+00  0.00000000e+00  0.00000000e+00
  0.00000000e+00  0.00000000e+00  0.00000000e+00  0.00000000e+00
  0.00000000e+00  0.00000000e+00  0.00000000e+00  0.00000000e+00
  0.00000000e+00  0.00000000e+00  0.00000000e+00  0.00000000e+00
  0.00000000e+00  0.00000000e+00  0.00000000e+00  0.00000000e+00
  0.00000000e+00  0.00000000e+00  0.00000000e+00  0.00000000e+00
  0.00000000e+00  0.00000000e+00  0.00000000e+00  0.00000000e+00
  1.04680380e-01 -2.73362910e-03  1.03260163e-01 -1.77288023e-02
  9.70088884e-02  0.00000000e+00  1.13395750e+00  1.97179008e-02
  0.00000000e+00  0.00000000e+00 -9.70518678e-02 -3.93542069e-02
  8.03495840e-02  0.00000000e+00  0.00000000e+00 -1.70142402e-02
  0.00000000e+00  0.00000000e+00  0.00000000e+00  0.00000000e+00
  0.00000000e+00  0.00000000e+00  0.00000000e+00  0.00000000e+00
  0.00000000e+00  0.00000000e+00  0.00000000e+00  0.00000000e+00
  0.00000000e+00  0.00000000e+00  0.00000000e+00  0.00000000e+00
  0.00000000e+00  0.00000000e+00  0.00000000e+00  0.00000000e+00
  0.00000000e+00  0.00000000e+00  0.00000000e+00  0.00000000e+00
  0.00000000e+00  0.00000000e+00  0.00000000e+00  0.00000000e+00
  0.00000000e+00  0.00000000e+00  0.00000000e+00  0.00000000e+00
 -1.53392646e-02  1.18376249e-02  2.48003624e-02  3.81085960e-03
 -2.18160912e-03  0.00000000e+00  1.34125986e-03 -1.93957640e-02
  0.00000000e+00  0.00000000e+00 -5.06076738e-02  2.57013505e-02
  7.64683436e-03  0.00000000e+00  0.00000000e+00  2.28209937e-04
  1.41573462e+00 -2.99112117e-01  4.81280862e-01 -2.67572044e-01
  1.03616980e+00  0.00000000e+00  7.56653198e-01  6.45005707e-01
  0.00000000e+00  0.00000000e+00  1.73344579e-01 -9.89148723e-01
  6.41543895e-01  0.00000000e+00  0.00000000e+00 -1.78193058e-01
  4.66748982e+01 -1.11389453e+01  1.14065089e+01 -8.95699590e+00
  3.28169034e+01  0.00000000e+00 -1.05212970e+01  2.31088902e+01
  0.00000000e+00  0.00000000e+00  1.29568943e+01 -3.48377871e+01
  1.89813877e+01  0.00000000e+00  0.00000000e+00 -5.62177478e+00
 -2.11513683e-01  2.16217937e-02  1.89891889e-01 -3.49556006e-01
  2.49740983e-01  9.98150239e-02  6.88007814e-02 -2.18098875e-01
  1.49298094e-01 -1.02693287e+00  1.43158964e+00 -4.04656774e-01
 -5.32985464e-01  6.56991930e-01 -1.24006466e-01  0.00000000e+00
  0.00000000e+00  0.00000000e+00  1.06455497e-01 -2.44532665e-01
  1.38077168e-01 -5.11660393e-01  6.75192454e-01 -1.63532061e-01
  0.00000000e+00  0.00000000e+00  0.00000000e+00  0.00000000e+00
  0.00000000e+00  0.00000000e+00  5.12616145e-01 -1.13072826e+00
  6.18112113e-01 -9.80020564e-01  1.27568183e+00 -2.95661268e-01
 -3.31538716e-01  4.56828235e-01 -1.25289519e-01  0.00000000e+00
  0.00000000e+00  0.00000000e+00  0.00000000e+00  0.00000000e+00
  0.00000000e+00  6.11532800e-01 -1.25312519e+00  6.41592394e-01
 -2.81607802e+01  6.21349238e+01 -3.39741436e+01], shape=(675,), dtype=float64)

[2020-01-27 17:13:23.855838][__main__.TRPOAgent.log][linesearch]: Linesearch failed. Mean kl divergence: 9.847220861716615e-07, Discarded policy loss value: -94.37193872422529

[2020-01-27 17:13:24.775649][__main__.TRPOAgent.log][batch_info]: Current batch value loss: 268.9429770781659

[2020-01-27 17:13:24.781414][__main__.TRPOAgent.log][batch_info]: Batch #1, batch length: 5000

[2020-01-27 17:13:28.692006][__main__.TRPOAgent.log][training]: policy_gradient: [ 0.00000000e+00  0.00000000e+00  8.27395598e-03 -1.29607799e-02
  0.00000000e+00  0.00000000e+00  0.00000000e+00 -1.96819664e-02
 -1.12911994e-02  8.74081730e-03  7.02399589e-03  1.41918696e-02
 -2.44148518e-04 -4.60234784e-03  0.00000000e+00  1.56891043e-02
  0.00000000e+00  0.00000000e+00  0.00000000e+00  5.98572111e-04
  1.76470144e-02 -1.59362060e-02 -1.30550972e-02  1.63453169e-02
  0.00000000e+00  0.00000000e+00  0.00000000e+00  1.28420807e-02
  0.00000000e+00  0.00000000e+00 -1.47457586e-02 -1.32024028e-02
  0.00000000e+00  0.00000000e+00  2.59499589e-05  3.76008215e-05
  0.00000000e+00  0.00000000e+00  0.00000000e+00 -5.51160211e-05
 -1.53155443e-05 -2.52084826e-05  2.69223494e-05  1.27913503e-05
 -5.09695305e-05 -3.28125131e-05  0.00000000e+00  7.19812489e-06
  0.00000000e+00  0.00000000e+00  0.00000000e+00  1.96883596e-05
  5.70199730e-05  6.45853550e-05 -2.42406287e-05  1.74018415e-05
  0.00000000e+00  0.00000000e+00  0.00000000e+00  9.95559308e-05
  0.00000000e+00  0.00000000e+00 -1.29847617e-04  2.21234898e-05
  0.00000000e+00  0.00000000e+00 -1.81075477e-02  2.87494605e-02
  0.00000000e+00  0.00000000e+00  0.00000000e+00  4.14427559e-02
  2.40483835e-02 -1.93416158e-02 -1.45274739e-02 -3.10484308e-02
 -1.08619115e-03  7.93667782e-03  0.00000000e+00 -3.45235564e-02
  0.00000000e+00  0.00000000e+00  0.00000000e+00 -7.74841611e-04
 -3.63702556e-02  3.84707206e-02  2.78961675e-02 -3.37914793e-02
  0.00000000e+00  0.00000000e+00  0.00000000e+00 -2.47803831e-02
  0.00000000e+00  0.00000000e+00  2.75713524e-02  3.12424613e-02
  0.00000000e+00  0.00000000e+00  0.00000000e+00  0.00000000e+00
  0.00000000e+00  0.00000000e+00  0.00000000e+00  0.00000000e+00
  0.00000000e+00  0.00000000e+00  0.00000000e+00  0.00000000e+00
  0.00000000e+00  0.00000000e+00  0.00000000e+00  0.00000000e+00
  0.00000000e+00  0.00000000e+00  0.00000000e+00  0.00000000e+00
  0.00000000e+00  0.00000000e+00  0.00000000e+00  0.00000000e+00
  0.00000000e+00  0.00000000e+00  0.00000000e+00  0.00000000e+00
  0.00000000e+00  0.00000000e+00  0.00000000e+00  0.00000000e+00
  4.99246033e-03 -1.30471431e-03  8.24610209e-04 -9.70074677e-04
  3.39100287e-03  0.00000000e+00 -6.79139924e-03  2.63525253e-03
  0.00000000e+00  0.00000000e+00  2.02792915e-03 -3.92375460e-03
  1.83796335e-03  0.00000000e+00  0.00000000e+00 -5.78887865e-04
  4.49372531e-03 -1.17525067e-03  7.39181220e-04 -8.73259225e-04
  3.05132983e-03  0.00000000e+00 -6.08452306e-03  2.37325876e-03
  0.00000000e+00  0.00000000e+00  1.83029936e-03 -3.53330457e-03
  1.65287061e-03  0.00000000e+00  0.00000000e+00 -5.20885198e-04
  0.00000000e+00  0.00000000e+00  0.00000000e+00  0.00000000e+00
  0.00000000e+00  0.00000000e+00  0.00000000e+00  0.00000000e+00
  0.00000000e+00  0.00000000e+00  0.00000000e+00  0.00000000e+00
  0.00000000e+00  0.00000000e+00  0.00000000e+00  0.00000000e+00
  0.00000000e+00  0.00000000e+00  0.00000000e+00  0.00000000e+00
  0.00000000e+00  0.00000000e+00  0.00000000e+00  0.00000000e+00
  0.00000000e+00  0.00000000e+00  0.00000000e+00  0.00000000e+00
  0.00000000e+00  0.00000000e+00  0.00000000e+00  0.00000000e+00
  0.00000000e+00  0.00000000e+00  0.00000000e+00  0.00000000e+00
  0.00000000e+00  0.00000000e+00  0.00000000e+00  0.00000000e+00
  0.00000000e+00  0.00000000e+00  0.00000000e+00  0.00000000e+00
  0.00000000e+00  0.00000000e+00  0.00000000e+00  0.00000000e+00
  1.29897381e-02 -3.39489134e-03  2.14485587e-03 -2.52402971e-03
  8.82274931e-03  0.00000000e+00 -1.76640711e-02  6.85686577e-03
  0.00000000e+00  0.00000000e+00  5.27750378e-03 -1.02094399e-02
  4.78181607e-03  0.00000000e+00  0.00000000e+00 -1.50615339e-03
  1.41236626e-02 -3.69213680e-03  2.32897341e-03 -2.74445666e-03
  9.59198244e-03  0.00000000e+00 -1.91770194e-02  7.45671585e-03
  0.00000000e+00  0.00000000e+00  5.74325509e-03 -1.11022166e-02
  5.19772420e-03  0.00000000e+00  0.00000000e+00 -1.63745464e-03
  1.35209262e-02 -3.53554806e-03  2.22617683e-03 -2.62743867e-03
  9.18161196e-03  0.00000000e+00 -1.83269012e-02  7.13990369e-03
  0.00000000e+00  0.00000000e+00  5.50368787e-03 -1.06301227e-02
  4.97425138e-03  0.00000000e+00  0.00000000e+00 -1.56738201e-03
  6.36452985e-03 -1.66579413e-03  1.04248217e-03 -1.23694461e-03
  4.32030838e-03  0.00000000e+00 -8.57632615e-03  3.36311331e-03
  0.00000000e+00  0.00000000e+00  2.59947417e-03 -5.00648382e-03
  2.33883007e-03  0.00000000e+00  0.00000000e+00 -7.37486096e-04
  9.96802247e-03 -2.60329170e-03  1.65243730e-03 -1.93668340e-03
  6.77233859e-03  0.00000000e+00 -1.36157728e-02  5.25910190e-03
  0.00000000e+00  0.00000000e+00  4.03924029e-03 -7.83122899e-03
  3.67262765e-03  0.00000000e+00  0.00000000e+00 -1.15615712e-03
  7.03573231e-03 -1.83674719e-03  1.16890642e-03 -1.36689188e-03
  4.78089510e-03  0.00000000e+00 -9.63432703e-03  3.71097274e-03
  0.00000000e+00  0.00000000e+00  2.84685211e-03 -5.52623768e-03
  2.59349992e-03  0.00000000e+00  0.00000000e+00 -8.16196284e-04
  1.03711802e-02 -2.71483438e-03  1.69744104e-03 -2.01567587e-03
  7.03966822e-03  0.00000000e+00 -1.39631349e-02  5.48083036e-03
  0.00000000e+00  0.00000000e+00  4.23804776e-03 -8.15886150e-03
  3.81055075e-03  0.00000000e+00  0.00000000e+00 -1.20167984e-03
  0.00000000e+00  0.00000000e+00  0.00000000e+00  0.00000000e+00
  0.00000000e+00  0.00000000e+00  0.00000000e+00  0.00000000e+00
  0.00000000e+00  0.00000000e+00  0.00000000e+00  0.00000000e+00
  0.00000000e+00  0.00000000e+00  0.00000000e+00  0.00000000e+00
  1.05182446e-02 -2.74856066e-03  1.73816626e-03 -2.04375243e-03
  7.14451061e-03  0.00000000e+00 -1.43162701e-02  5.55166434e-03
  0.00000000e+00  0.00000000e+00  4.27110370e-03 -8.26624035e-03
  3.87268513e-03  0.00000000e+00  0.00000000e+00 -1.21966450e-03
  0.00000000e+00  0.00000000e+00  0.00000000e+00  0.00000000e+00
  0.00000000e+00  0.00000000e+00  0.00000000e+00  0.00000000e+00
  0.00000000e+00  0.00000000e+00  0.00000000e+00  0.00000000e+00
  0.00000000e+00  0.00000000e+00  0.00000000e+00  0.00000000e+00
  0.00000000e+00  0.00000000e+00  0.00000000e+00  0.00000000e+00
  0.00000000e+00  0.00000000e+00  0.00000000e+00  0.00000000e+00
  0.00000000e+00  0.00000000e+00  0.00000000e+00  0.00000000e+00
  0.00000000e+00  0.00000000e+00  0.00000000e+00  0.00000000e+00
  0.00000000e+00  0.00000000e+00  0.00000000e+00  0.00000000e+00
  0.00000000e+00  0.00000000e+00  0.00000000e+00  0.00000000e+00
  0.00000000e+00  0.00000000e+00  0.00000000e+00  0.00000000e+00
  0.00000000e+00  0.00000000e+00  0.00000000e+00  0.00000000e+00
  3.56966381e-03 -9.33933555e-04  5.85944451e-04 -6.93725224e-04
  2.42350097e-03  0.00000000e+00 -4.82182548e-03  1.88574771e-03
  0.00000000e+00  0.00000000e+00  1.45593502e-03 -2.80735510e-03
  1.31238344e-03  0.00000000e+00  0.00000000e+00 -4.13703514e-04
  6.30035999e-04 -1.66204763e-04  9.86412884e-05 -1.22585713e-04
  4.26301996e-04  0.00000000e+00 -8.06549976e-04  3.34803744e-04
  0.00000000e+00  0.00000000e+00  2.64722980e-04 -4.97875010e-04
  2.29309147e-04  0.00000000e+00  0.00000000e+00 -7.27466316e-05
  5.97431565e-03 -1.56381088e-03  9.78050538e-04 -1.16112227e-03
  4.05527139e-03  0.00000000e+00 -8.04569636e-03  3.15713166e-03
  0.00000000e+00  0.00000000e+00  2.44093656e-03 -4.69979019e-03
  2.19518352e-03  0.00000000e+00  0.00000000e+00 -6.92240976e-04
  1.04013409e-02 -2.72174946e-03  1.70579900e-03 -2.02143377e-03
  7.06117156e-03  0.00000000e+00 -1.40356120e-02  5.49535492e-03
  0.00000000e+00  0.00000000e+00  4.24481756e-03 -8.18088036e-03
  3.82329641e-03  0.00000000e+00  0.00000000e+00 -1.20536855e-03
  4.70993071e-03 -1.22869262e-03  7.85577619e-04 -9.14945058e-04
  3.20140202e-03  0.00000000e+00 -6.47816449e-03  2.48296497e-03
  0.00000000e+00  0.00000000e+00  1.90077362e-03 -3.69789376e-03
  1.73766308e-03  0.00000000e+00  0.00000000e+00 -5.46560832e-04
  0.00000000e+00  0.00000000e+00  0.00000000e+00  0.00000000e+00
  0.00000000e+00  0.00000000e+00  0.00000000e+00  0.00000000e+00
  0.00000000e+00  0.00000000e+00  0.00000000e+00  0.00000000e+00
  0.00000000e+00  0.00000000e+00  0.00000000e+00  0.00000000e+00
  0.00000000e+00  0.00000000e+00  0.00000000e+00  0.00000000e+00
  0.00000000e+00  0.00000000e+00  0.00000000e+00  0.00000000e+00
  0.00000000e+00  0.00000000e+00  0.00000000e+00  0.00000000e+00
  0.00000000e+00  0.00000000e+00  0.00000000e+00  0.00000000e+00
  0.00000000e+00  0.00000000e+00  0.00000000e+00  0.00000000e+00
  0.00000000e+00  0.00000000e+00  0.00000000e+00  0.00000000e+00
  0.00000000e+00  0.00000000e+00  0.00000000e+00  0.00000000e+00
  0.00000000e+00  0.00000000e+00  0.00000000e+00  0.00000000e+00
  6.70114873e-03 -1.75309494e-03  1.10042161e-03 -1.30228125e-03
  4.54965336e-03  0.00000000e+00 -9.05603276e-03  3.53982923e-03
  0.00000000e+00  0.00000000e+00  2.73240963e-03 -5.26987670e-03
  2.46389350e-03  0.00000000e+00  0.00000000e+00 -7.76650582e-04
  0.00000000e+00  0.00000000e+00  0.00000000e+00  0.00000000e+00
  0.00000000e+00  0.00000000e+00  0.00000000e+00  0.00000000e+00
  0.00000000e+00  0.00000000e+00  0.00000000e+00  0.00000000e+00
  0.00000000e+00  0.00000000e+00  0.00000000e+00  0.00000000e+00
  0.00000000e+00  0.00000000e+00  0.00000000e+00  0.00000000e+00
  0.00000000e+00  0.00000000e+00  0.00000000e+00  0.00000000e+00
  0.00000000e+00  0.00000000e+00  0.00000000e+00  0.00000000e+00
  0.00000000e+00  0.00000000e+00  0.00000000e+00  0.00000000e+00
 -1.98963812e-05  5.05586254e-06 -3.78836169e-06  3.85077400e-06
 -1.36654116e-05  0.00000000e+00  3.92405138e-06 -1.02947012e-05
  0.00000000e+00  0.00000000e+00 -7.26678836e-06  1.53866477e-05
 -7.56898473e-06  0.00000000e+00  0.00000000e+00  2.33551070e-06
  7.91464800e-03 -2.06670668e-03  1.31314797e-03 -1.53770042e-03
  5.37759620e-03  0.00000000e+00 -1.08212816e-02  4.17528968e-03
  0.00000000e+00  0.00000000e+00  3.20537596e-03 -6.21747345e-03
  2.91661853e-03  0.00000000e+00  0.00000000e+00 -9.18055940e-04
  8.36622931e-02 -2.16296064e-02  1.46371254e-02 -1.62313834e-02
  5.70721721e-02  0.00000000e+00 -1.02335171e-01  4.38224907e-02
  0.00000000e+00  0.00000000e+00  3.26545934e-02 -6.53445854e-02
  3.11981853e-02  0.00000000e+00  0.00000000e+00 -9.74727358e-03
 -2.37726094e-03  8.34097157e-03 -5.96371063e-03 -2.35541670e-03
  8.24767356e-03 -5.89225685e-03 -8.69775509e-04  3.06790939e-03
 -2.19813388e-03 -3.46964311e-03  1.20658453e-02 -8.59620219e-03
 -2.26671359e-03  7.90424879e-03 -5.63753520e-03  0.00000000e+00
  0.00000000e+00  0.00000000e+00 -1.49443702e-05  5.65406212e-05
 -4.15962511e-05 -2.27730827e-03  7.93872511e-03 -5.66141685e-03
  0.00000000e+00  0.00000000e+00  0.00000000e+00  0.00000000e+00
  0.00000000e+00  0.00000000e+00 -1.17617555e-03  4.21345921e-03
 -3.03728366e-03 -3.97205026e-03  1.38406027e-02 -9.86855243e-03
 -1.22716594e-03  4.27108291e-03 -3.04391697e-03  0.00000000e+00
  0.00000000e+00  0.00000000e+00  0.00000000e+00  0.00000000e+00
  0.00000000e+00 -5.46396918e-04  2.01348042e-03 -1.46708350e-03
 -3.44083339e-02  1.11825654e-01 -7.74173200e-02]

[2020-01-27 17:13:28.692508][__main__.TRPOAgent.log][training]: Initiating conjugate gradients

[2020-01-27 17:13:28.929796][__main__.TRPOAgent.log][training]: gradient_step_direction: tf.Tensor(
[ 0.00000000e+00  0.00000000e+00 -2.36304479e+01 -9.95031981e+00
  0.00000000e+00  0.00000000e+00  0.00000000e+00  2.23358345e+01
 -9.57076556e+00 -1.30664536e+01 -9.32992288e+00 -2.33440506e+01
  1.25252331e+01 -1.11289598e+01  0.00000000e+00 -3.12487096e+01
  0.00000000e+00  0.00000000e+00  0.00000000e+00 -1.34275210e+01
 -2.32769791e+01 -3.69673483e+00 -8.35736803e+00 -1.07270644e+01
  0.00000000e+00  0.00000000e+00  0.00000000e+00 -4.68514474e+01
  0.00000000e+00  0.00000000e+00 -2.57031138e+01 -3.26689959e+00
  0.00000000e+00  0.00000000e+00 -4.12628613e-01  2.18705837e+00
  0.00000000e+00  0.00000000e+00  0.00000000e+00  1.11582024e+00
  9.62152176e-01 -1.47006578e+00 -2.55619322e-01 -1.33232465e+00
 -9.73646453e-01 -1.27215311e-01  0.00000000e+00 -1.60848477e+00
  0.00000000e+00  0.00000000e+00  0.00000000e+00  3.20643928e-01
 -8.51313697e-01  3.04642288e+00  9.83972677e-01 -1.48511094e+00
  0.00000000e+00  0.00000000e+00  0.00000000e+00  5.22058151e-01
  0.00000000e+00  0.00000000e+00 -4.67594367e-01  1.90773600e+00
  0.00000000e+00  0.00000000e+00  3.12831606e+01  4.02391334e+01
  0.00000000e+00  0.00000000e+00  0.00000000e+00 -1.89993679e+01
  3.28043148e+01  1.08579284e+01  1.05908300e+01  2.19338000e+01
 -3.08410980e+01  1.77042482e+01  0.00000000e+00  3.37519443e+01
  0.00000000e+00  0.00000000e+00  0.00000000e+00  2.70108621e+01
  2.73472615e+01  4.98467388e+01  3.34723941e+01  5.21858048e+00
  0.00000000e+00  0.00000000e+00  0.00000000e+00  8.44446478e+01
  0.00000000e+00  0.00000000e+00  5.00475029e+01  3.92169900e+01
  0.00000000e+00  0.00000000e+00  0.00000000e+00  0.00000000e+00
  0.00000000e+00  0.00000000e+00  0.00000000e+00  0.00000000e+00
  0.00000000e+00  0.00000000e+00  0.00000000e+00  0.00000000e+00
  0.00000000e+00  0.00000000e+00  0.00000000e+00  0.00000000e+00
  0.00000000e+00  0.00000000e+00  0.00000000e+00  0.00000000e+00
  0.00000000e+00  0.00000000e+00  0.00000000e+00  0.00000000e+00
  0.00000000e+00  0.00000000e+00  0.00000000e+00  0.00000000e+00
  0.00000000e+00  0.00000000e+00  0.00000000e+00  0.00000000e+00
  1.26237442e+01 -2.30449770e+00  2.69591769e+00 -1.56277351e+00
  1.05265889e+01  0.00000000e+00 -7.00112945e+00  8.00297989e+00
  0.00000000e+00  0.00000000e+00  4.77229266e+00 -7.53320431e+00
  5.38487996e+00  0.00000000e+00  0.00000000e+00 -1.57986197e+00
  1.82495666e+01 -3.71068681e+00  4.13437925e+00 -2.72744141e+00
  1.43247625e+01  0.00000000e+00 -8.96189010e+00  1.06031353e+01
  0.00000000e+00  0.00000000e+00  6.16723166e+00 -1.19084636e+01
  7.65972677e+00  0.00000000e+00  0.00000000e+00 -2.25294496e+00
  0.00000000e+00  0.00000000e+00  0.00000000e+00  0.00000000e+00
  0.00000000e+00  0.00000000e+00  0.00000000e+00  0.00000000e+00
  0.00000000e+00  0.00000000e+00  0.00000000e+00  0.00000000e+00
  0.00000000e+00  0.00000000e+00  0.00000000e+00  0.00000000e+00
  0.00000000e+00  0.00000000e+00  0.00000000e+00  0.00000000e+00
  0.00000000e+00  0.00000000e+00  0.00000000e+00  0.00000000e+00
  0.00000000e+00  0.00000000e+00  0.00000000e+00  0.00000000e+00
  0.00000000e+00  0.00000000e+00  0.00000000e+00  0.00000000e+00
  0.00000000e+00  0.00000000e+00  0.00000000e+00  0.00000000e+00
  0.00000000e+00  0.00000000e+00  0.00000000e+00  0.00000000e+00
  0.00000000e+00  0.00000000e+00  0.00000000e+00  0.00000000e+00
  0.00000000e+00  0.00000000e+00  0.00000000e+00  0.00000000e+00
 -1.72676492e+01  5.68039574e+00 -6.22057244e+00  5.52063365e+00
 -8.14318260e+00  0.00000000e+00  1.83320906e+00 -3.57983202e+00
  0.00000000e+00  0.00000000e+00  1.10077085e-01  1.73102033e+01
 -6.84945247e+00  0.00000000e+00  0.00000000e+00  1.98133647e+00
  1.08481162e+01 -7.61435744e-01  9.35877288e-01  3.31871550e-01
  1.21126554e+01  0.00000000e+00 -9.74993325e+00  1.05841165e+01
  0.00000000e+00  0.00000000e+00  7.59609513e+00 -3.05932480e+00
  4.82334875e+00  0.00000000e+00  0.00000000e+00 -1.43977942e+00
 -6.98153666e-01  1.82060800e+00 -2.14625234e+00  2.43456344e+00
  3.70273582e+00  0.00000000e+00 -4.79461758e+00  4.78310448e+00
  0.00000000e+00  0.00000000e+00  4.73691196e+00  5.17737880e+00
 -5.19878893e-02  0.00000000e+00  0.00000000e+00 -2.44871876e-02
  2.35106753e-01  6.70880937e-01 -1.05299473e+00  1.03245353e+00
  2.08517688e+00  0.00000000e+00 -2.31317538e+00  2.60544070e+00
  0.00000000e+00  0.00000000e+00  2.67934808e+00  1.92651434e+00
  1.17072471e-01  0.00000000e+00  0.00000000e+00 -6.92039236e-02
  4.97866238e+00  1.74904106e-01  2.62739150e-01  7.55645107e-01
  6.74301833e+00  0.00000000e+00 -6.08131038e+00  6.03780182e+00
  0.00000000e+00  0.00000000e+00  4.20107488e+00 -3.30460883e-02
  2.43994537e+00  0.00000000e+00  0.00000000e+00 -7.08176368e-01
 -2.18027927e+01  6.05166005e+00 -6.39816604e+00  5.37960284e+00
 -1.31604048e+01  0.00000000e+00  5.74691649e+00 -8.10896676e+00
  0.00000000e+00  0.00000000e+00 -3.41881305e+00  1.86748555e+01
 -8.76641752e+00  0.00000000e+00  0.00000000e+00  2.57195282e+00
  3.91710396e+00  2.56062088e-01 -8.30596723e-01  1.00492151e+00
  5.88917311e+00  0.00000000e+00 -5.14142574e+00  5.98643936e+00
  0.00000000e+00  0.00000000e+00  5.31198778e+00  5.12444868e-01
  1.63849159e+00  0.00000000e+00  0.00000000e+00 -5.39653821e-01
  0.00000000e+00  0.00000000e+00  0.00000000e+00  0.00000000e+00
  0.00000000e+00  0.00000000e+00  0.00000000e+00  0.00000000e+00
  0.00000000e+00  0.00000000e+00  0.00000000e+00  0.00000000e+00
  0.00000000e+00  0.00000000e+00  0.00000000e+00  0.00000000e+00
  1.17030063e+01 -1.37441746e+00  1.78384099e+00 -4.42302882e-01
  1.16291650e+01  0.00000000e+00 -8.82337864e+00  9.59325146e+00
  0.00000000e+00  0.00000000e+00  6.33635697e+00 -4.88315877e+00
  5.16371276e+00  0.00000000e+00  0.00000000e+00 -1.52015267e+00
  0.00000000e+00  0.00000000e+00  0.00000000e+00  0.00000000e+00
  0.00000000e+00  0.00000000e+00  0.00000000e+00  0.00000000e+00
  0.00000000e+00  0.00000000e+00  0.00000000e+00  0.00000000e+00
  0.00000000e+00  0.00000000e+00  0.00000000e+00  0.00000000e+00
  0.00000000e+00  0.00000000e+00  0.00000000e+00  0.00000000e+00
  0.00000000e+00  0.00000000e+00  0.00000000e+00  0.00000000e+00
  0.00000000e+00  0.00000000e+00  0.00000000e+00  0.00000000e+00
  0.00000000e+00  0.00000000e+00  0.00000000e+00  0.00000000e+00
  0.00000000e+00  0.00000000e+00  0.00000000e+00  0.00000000e+00
  0.00000000e+00  0.00000000e+00  0.00000000e+00  0.00000000e+00
  0.00000000e+00  0.00000000e+00  0.00000000e+00  0.00000000e+00
  0.00000000e+00  0.00000000e+00  0.00000000e+00  0.00000000e+00
  1.36733124e+01 -2.76812869e+00  3.02344077e+00 -2.01032964e+00
  1.07822146e+01  0.00000000e+00 -6.74975086e+00  8.03969738e+00
  0.00000000e+00  0.00000000e+00  4.76707467e+00 -8.87464824e+00
  5.72079239e+00  0.00000000e+00  0.00000000e+00 -1.68710102e+00
  1.30530838e+01 -3.01730888e+00  3.16987385e+00 -2.39540159e+00
  9.39491526e+00  0.00000000e+00 -5.29380974e+00  6.67207111e+00
  0.00000000e+00  0.00000000e+00  3.73648143e+00 -9.48952369e+00
  5.35421110e+00  0.00000000e+00  0.00000000e+00 -1.58134030e+00
  2.41464118e+01 -4.95343337e+00  5.30083798e+00 -3.60878818e+00
  1.89126957e+01  0.00000000e+00 -1.17225148e+01  1.41086072e+01
  0.00000000e+00  0.00000000e+00  8.43882892e+00 -1.58287633e+01
  1.00549205e+01  0.00000000e+00  0.00000000e+00 -2.97178962e+00
  1.32266875e+01 -1.87640766e+00  1.73911074e+00 -7.67469214e-01
  1.25339981e+01  0.00000000e+00 -8.98138813e+00  1.04833316e+01
  0.00000000e+00  0.00000000e+00  7.42179903e+00 -6.27668607e+00
  5.57034589e+00  0.00000000e+00  0.00000000e+00 -1.67814356e+00
  1.77260111e-01  6.38152450e-01 -2.79956063e-01  7.78224498e-01
  1.69492723e+00  0.00000000e+00 -2.15309430e+00  1.72304589e+00
  0.00000000e+00  0.00000000e+00  1.17416415e+00  1.67128732e+00
  3.30237718e-01  0.00000000e+00  0.00000000e+00 -7.98433314e-02
  0.00000000e+00  0.00000000e+00  0.00000000e+00  0.00000000e+00
  0.00000000e+00  0.00000000e+00  0.00000000e+00  0.00000000e+00
  0.00000000e+00  0.00000000e+00  0.00000000e+00  0.00000000e+00
  0.00000000e+00  0.00000000e+00  0.00000000e+00  0.00000000e+00
  0.00000000e+00  0.00000000e+00  0.00000000e+00  0.00000000e+00
  0.00000000e+00  0.00000000e+00  0.00000000e+00  0.00000000e+00
  0.00000000e+00  0.00000000e+00  0.00000000e+00  0.00000000e+00
  0.00000000e+00  0.00000000e+00  0.00000000e+00  0.00000000e+00
  0.00000000e+00  0.00000000e+00  0.00000000e+00  0.00000000e+00
  0.00000000e+00  0.00000000e+00  0.00000000e+00  0.00000000e+00
  0.00000000e+00  0.00000000e+00  0.00000000e+00  0.00000000e+00
  0.00000000e+00  0.00000000e+00  0.00000000e+00  0.00000000e+00
  3.75374645e+01 -7.95900831e+00  8.82099445e+00 -6.04419995e+00
  2.86598101e+01  0.00000000e+00 -1.74294089e+01  2.08678846e+01
  0.00000000e+00  0.00000000e+00  1.18467412e+01 -2.53969545e+01
  1.56852094e+01  0.00000000e+00  0.00000000e+00 -4.61057847e+00
  0.00000000e+00  0.00000000e+00  0.00000000e+00  0.00000000e+00
  0.00000000e+00  0.00000000e+00  0.00000000e+00  0.00000000e+00
  0.00000000e+00  0.00000000e+00  0.00000000e+00  0.00000000e+00
  0.00000000e+00  0.00000000e+00  0.00000000e+00  0.00000000e+00
  0.00000000e+00  0.00000000e+00  0.00000000e+00  0.00000000e+00
  0.00000000e+00  0.00000000e+00  0.00000000e+00  0.00000000e+00
  0.00000000e+00  0.00000000e+00  0.00000000e+00  0.00000000e+00
  0.00000000e+00  0.00000000e+00  0.00000000e+00  0.00000000e+00
 -9.74260159e+00  2.29984993e+00 -2.47100106e+00  1.86750632e+00
 -6.87586760e+00  0.00000000e+00  1.16217768e+00 -4.78522271e+00
  0.00000000e+00  0.00000000e+00 -2.55782849e+00  7.22831434e+00
 -4.00554570e+00  0.00000000e+00  0.00000000e+00  1.17850400e+00
  1.77986008e+01 -3.07786044e+00  3.89777549e+00 -2.04773952e+00
  1.51807341e+01  0.00000000e+00 -1.04009954e+01  1.15226430e+01
  0.00000000e+00  0.00000000e+00  6.68306977e+00 -1.02079517e+01
  7.71651410e+00  0.00000000e+00  0.00000000e+00 -2.24725266e+00
 -6.40785301e+00  1.02838275e+01 -1.26537549e+01  1.35796403e+01
  1.78910857e+01  0.00000000e+00 -3.03546550e+01  2.45856621e+01
  0.00000000e+00  0.00000000e+00  2.54837565e+01  2.95728120e+01
 -1.58797347e+00  0.00000000e+00  0.00000000e+00  2.14923459e-01
 -1.40846217e+01  2.57054633e+01 -1.16208416e+01 -1.07904751e+01
  1.85555212e+01 -7.76504615e+00  1.09310078e+01 -2.26138171e+01
  1.16828093e+01 -1.76318758e+01  2.95280841e+01 -1.18962083e+01
 -2.69812774e+01  5.09805906e+01 -2.39993132e+01  0.00000000e+00
  0.00000000e+00  0.00000000e+00 -2.40727275e+01  4.90237393e+01
 -2.49510119e+01 -2.35705724e+01  4.42653539e+01 -2.06947815e+01
  0.00000000e+00  0.00000000e+00  0.00000000e+00  0.00000000e+00
  0.00000000e+00  0.00000000e+00 -2.30833158e+01  4.72715378e+01
 -2.41882220e+01 -1.69065914e+01  2.77685578e+01 -1.08619664e+01
 -1.06205565e+00  8.39673614e-02  9.78088289e-01  0.00000000e+00
  0.00000000e+00  0.00000000e+00  0.00000000e+00  0.00000000e+00
  0.00000000e+00 -1.87169876e+00  5.10768337e+00 -3.23598461e+00
  6.97622268e+00 -5.22240855e+01  4.52478628e+01], shape=(675,), dtype=float64)

[2020-01-27 17:13:28.960735][__main__.TRPOAgent.log][batch_info]: Batch #2, batch length: 5000

[2020-01-27 17:13:32.996225][__main__.TRPOAgent.log][training]: policy_gradient: [ 0.00000000e+00  0.00000000e+00 -9.39740827e-02  1.53932167e-01
  0.00000000e+00  0.00000000e+00  0.00000000e+00  1.62759290e-01
  1.01899097e-01 -1.02087464e-01 -4.91001424e-02 -1.57776979e-01
 -5.21973355e-02 -2.47268720e-02  0.00000000e+00 -1.81118236e-01
  0.00000000e+00  0.00000000e+00  0.00000000e+00  1.12365445e-02
 -1.17610016e-01  3.02619976e-01  1.21795618e-01 -1.09392145e-01
  0.00000000e+00  0.00000000e+00  0.00000000e+00 -2.89155110e-02
  0.00000000e+00  0.00000000e+00  6.93146559e-04  2.30514341e-01
  0.00000000e+00  0.00000000e+00  2.01332504e-04 -2.62727787e-04
  0.00000000e+00  0.00000000e+00  0.00000000e+00 -3.34230922e-04
 -1.97060791e-04  1.73371561e-04  1.05046147e-04  3.09961607e-04
  7.60707420e-05  4.80445401e-05  0.00000000e+00  3.51932814e-04
  0.00000000e+00  0.00000000e+00  0.00000000e+00 -1.11769198e-05
  2.41544285e-04 -5.66190841e-04 -2.42617432e-04  1.93987947e-04
  0.00000000e+00  0.00000000e+00  0.00000000e+00  9.67067566e-05
  0.00000000e+00  0.00000000e+00 -6.53877482e-05 -4.50187579e-04
  0.00000000e+00  0.00000000e+00  1.81743951e-01 -2.95686837e-01
  0.00000000e+00  0.00000000e+00  0.00000000e+00 -3.13752537e-01
 -1.96164233e-01  1.96056382e-01  9.46653148e-02  3.04235656e-01
  1.00357951e-01  4.83933233e-02  0.00000000e+00  3.49187796e-01
  0.00000000e+00  0.00000000e+00  0.00000000e+00 -2.15013753e-02
  2.26352584e-01 -5.83859998e-01 -2.34733194e-01  2.09593080e-01
  0.00000000e+00  0.00000000e+00  0.00000000e+00  5.58982206e-02
  0.00000000e+00  0.00000000e+00 -1.23000091e-03 -4.45215071e-01
  0.00000000e+00  0.00000000e+00  0.00000000e+00  0.00000000e+00
  0.00000000e+00  0.00000000e+00  0.00000000e+00  0.00000000e+00
  0.00000000e+00  0.00000000e+00  0.00000000e+00  0.00000000e+00
  0.00000000e+00  0.00000000e+00  0.00000000e+00  0.00000000e+00
  0.00000000e+00  0.00000000e+00  0.00000000e+00  0.00000000e+00
  0.00000000e+00  0.00000000e+00  0.00000000e+00  0.00000000e+00
  0.00000000e+00  0.00000000e+00  0.00000000e+00  0.00000000e+00
  0.00000000e+00  0.00000000e+00  0.00000000e+00  0.00000000e+00
 -5.67108964e-02  1.35437571e-02 -1.38251717e-02  1.08839524e-02
 -3.98629346e-02  0.00000000e+00  2.64913378e-02 -2.80917811e-02
  0.00000000e+00  0.00000000e+00 -1.57980014e-02  4.23455296e-02
 -2.30462360e-02  0.00000000e+00  0.00000000e+00  6.82863847e-03
 -5.11402852e-02  1.22121896e-02 -1.24712978e-02  9.81471495e-03
 -3.59485191e-02  0.00000000e+00  2.38971594e-02 -2.53306603e-02
  0.00000000e+00  0.00000000e+00 -1.42394569e-02  3.81839321e-02
 -2.07844624e-02  0.00000000e+00  0.00000000e+00  6.15810868e-03
  0.00000000e+00  0.00000000e+00  0.00000000e+00  0.00000000e+00
  0.00000000e+00  0.00000000e+00  0.00000000e+00  0.00000000e+00
  0.00000000e+00  0.00000000e+00  0.00000000e+00  0.00000000e+00
  0.00000000e+00  0.00000000e+00  0.00000000e+00  0.00000000e+00
  0.00000000e+00  0.00000000e+00  0.00000000e+00  0.00000000e+00
  0.00000000e+00  0.00000000e+00  0.00000000e+00  0.00000000e+00
  0.00000000e+00  0.00000000e+00  0.00000000e+00  0.00000000e+00
  0.00000000e+00  0.00000000e+00  0.00000000e+00  0.00000000e+00
  0.00000000e+00  0.00000000e+00  0.00000000e+00  0.00000000e+00
  0.00000000e+00  0.00000000e+00  0.00000000e+00  0.00000000e+00
  0.00000000e+00  0.00000000e+00  0.00000000e+00  0.00000000e+00
  0.00000000e+00  0.00000000e+00  0.00000000e+00  0.00000000e+00
 -1.47575333e-01  3.52438371e-02 -3.59773230e-02  2.83226227e-02
 -1.03733178e-01  0.00000000e+00  6.89385746e-02 -7.31011634e-02
  0.00000000e+00  0.00000000e+00 -4.11086967e-02  1.10192752e-01
 -5.99722702e-02  0.00000000e+00  0.00000000e+00  1.77698045e-02
 -1.60554378e-01  3.83422711e-02 -3.91457115e-02  3.08134293e-02
 -1.12857642e-01  0.00000000e+00  7.50098091e-02 -7.95285590e-02
  0.00000000e+00  0.00000000e+00 -4.47172769e-02  1.19881937e-01
 -6.52488066e-02  0.00000000e+00  0.00000000e+00  1.93328742e-02
 -1.53808263e-01  3.67298947e-02 -3.75055269e-02  2.95185814e-02
 -1.08117025e-01  0.00000000e+00  7.18670160e-02 -7.61850450e-02
  0.00000000e+00  0.00000000e+00 -4.28308530e-02  1.14842473e-01
 -6.25094557e-02  0.00000000e+00  0.00000000e+00  1.85208149e-02
 -7.25681838e-02  1.73274039e-02 -1.77028115e-02  1.39269208e-02
 -5.10128437e-02  0.00000000e+00  3.39217445e-02 -3.59417813e-02
  0.00000000e+00  0.00000000e+00 -2.01960637e-02  5.41800878e-02
 -2.94961240e-02  0.00000000e+00  0.00000000e+00  8.73871149e-03
 -1.13043495e-01  2.69995073e-02 -2.75499557e-02  2.16955499e-02
 -7.94574976e-02  0.00000000e+00  5.27901778e-02 -5.59995473e-02
  0.00000000e+00  0.00000000e+00 -3.15038760e-02  8.44126637e-02
 -4.59347678e-02  0.00000000e+00  0.00000000e+00  1.36112625e-02
 -7.97099329e-02  1.90390611e-02 -1.94227031e-02  1.52982073e-02
 -5.60265126e-02  0.00000000e+00  3.72169862e-02 -3.94881934e-02
  0.00000000e+00  0.00000000e+00 -2.22198803e-02  5.95233267e-02
 -3.23881105e-02  0.00000000e+00  0.00000000e+00  9.59745998e-03
 -1.18292617e-01  2.82447058e-02 -2.88589406e-02  2.27020700e-02
 -8.31560244e-02  0.00000000e+00  5.52989079e-02 -5.85875769e-02
  0.00000000e+00  0.00000000e+00 -3.29185006e-02  8.83174919e-02
 -4.80821796e-02  0.00000000e+00  0.00000000e+00  1.42449806e-02
  0.00000000e+00  0.00000000e+00  0.00000000e+00  0.00000000e+00
  0.00000000e+00  0.00000000e+00  0.00000000e+00  0.00000000e+00
  0.00000000e+00  0.00000000e+00  0.00000000e+00  0.00000000e+00
  0.00000000e+00  0.00000000e+00  0.00000000e+00  0.00000000e+00
 -1.19453430e-01  2.85283296e-02 -2.91195927e-02  2.29255317e-02
 -8.39652467e-02  0.00000000e+00  5.57979829e-02 -5.91718190e-02
  0.00000000e+00  0.00000000e+00 -3.32781301e-02  8.91954111e-02
 -4.85430495e-02  0.00000000e+00  0.00000000e+00  1.43834889e-02
  0.00000000e+00  0.00000000e+00  0.00000000e+00  0.00000000e+00
  0.00000000e+00  0.00000000e+00  0.00000000e+00  0.00000000e+00
  0.00000000e+00  0.00000000e+00  0.00000000e+00  0.00000000e+00
  0.00000000e+00  0.00000000e+00  0.00000000e+00  0.00000000e+00
  0.00000000e+00  0.00000000e+00  0.00000000e+00  0.00000000e+00
  0.00000000e+00  0.00000000e+00  0.00000000e+00  0.00000000e+00
  0.00000000e+00  0.00000000e+00  0.00000000e+00  0.00000000e+00
  0.00000000e+00  0.00000000e+00  0.00000000e+00  0.00000000e+00
  0.00000000e+00  0.00000000e+00  0.00000000e+00  0.00000000e+00
  0.00000000e+00  0.00000000e+00  0.00000000e+00  0.00000000e+00
  0.00000000e+00  0.00000000e+00  0.00000000e+00  0.00000000e+00
  0.00000000e+00  0.00000000e+00  0.00000000e+00  0.00000000e+00
 -4.06624594e-02  9.70962716e-03 -9.91780540e-03  7.80378603e-03
 -2.85837483e-02  0.00000000e+00  1.90042556e-02 -2.01401204e-02
  0.00000000e+00  0.00000000e+00 -1.13192977e-02  3.03598186e-02
 -1.65268744e-02  0.00000000e+00  0.00000000e+00  4.89650590e-03
 -7.32495845e-03  1.74724375e-03 -1.79307210e-03  1.40558180e-03
 -5.15104327e-03  0.00000000e+00  3.43595029e-03 -3.62537694e-03
  0.00000000e+00  0.00000000e+00 -2.02855569e-03  5.46580343e-03
 -2.98030867e-03  0.00000000e+00  0.00000000e+00  8.82426501e-04
 -6.81349852e-02  1.62686706e-02 -1.66220437e-02  1.30761024e-02
 -4.78966739e-02  0.00000000e+00  3.18508125e-02 -3.37458048e-02
  0.00000000e+00  0.00000000e+00 -1.89611491e-02  5.08698712e-02
 -2.76945424e-02  0.00000000e+00  0.00000000e+00  8.20490227e-03
 -1.18530501e-01  2.83028318e-02 -2.89123444e-02  2.27478641e-02
 -8.33218541e-02  0.00000000e+00  5.54011607e-02 -5.87073097e-02
  0.00000000e+00  0.00000000e+00 -3.29922176e-02  8.84974087e-02
 -4.81766196e-02  0.00000000e+00  0.00000000e+00  1.42733643e-02
 -5.32648024e-02  1.27237284e-02 -1.29746978e-02  1.02228933e-02
 -3.74374977e-02  0.00000000e+00  2.48615121e-02 -2.63890443e-02
  0.00000000e+00  0.00000000e+00 -1.48548618e-02  3.97775401e-02
 -2.16407633e-02  0.00000000e+00  0.00000000e+00  6.41310107e-03
  0.00000000e+00  0.00000000e+00  0.00000000e+00  0.00000000e+00
  0.00000000e+00  0.00000000e+00  0.00000000e+00  0.00000000e+00
  0.00000000e+00  0.00000000e+00  0.00000000e+00  0.00000000e+00
  0.00000000e+00  0.00000000e+00  0.00000000e+00  0.00000000e+00
  0.00000000e+00  0.00000000e+00  0.00000000e+00  0.00000000e+00
  0.00000000e+00  0.00000000e+00  0.00000000e+00  0.00000000e+00
  0.00000000e+00  0.00000000e+00  0.00000000e+00  0.00000000e+00
  0.00000000e+00  0.00000000e+00  0.00000000e+00  0.00000000e+00
  0.00000000e+00  0.00000000e+00  0.00000000e+00  0.00000000e+00
  0.00000000e+00  0.00000000e+00  0.00000000e+00  0.00000000e+00
  0.00000000e+00  0.00000000e+00  0.00000000e+00  0.00000000e+00
  0.00000000e+00  0.00000000e+00  0.00000000e+00  0.00000000e+00
 -7.63193714e-02  1.82241772e-02 -1.86141088e-02  1.46469451e-02
 -5.36486511e-02  0.00000000e+00  3.56678885e-02 -3.78012490e-02
  0.00000000e+00  0.00000000e+00 -2.12461975e-02  5.69826541e-02
 -3.10189892e-02  0.00000000e+00  0.00000000e+00  9.19021689e-03
  0.00000000e+00  0.00000000e+00  0.00000000e+00  0.00000000e+00
  0.00000000e+00  0.00000000e+00  0.00000000e+00  0.00000000e+00
  0.00000000e+00  0.00000000e+00  0.00000000e+00  0.00000000e+00
  0.00000000e+00  0.00000000e+00  0.00000000e+00  0.00000000e+00
  0.00000000e+00  0.00000000e+00  0.00000000e+00  0.00000000e+00
  0.00000000e+00  0.00000000e+00  0.00000000e+00  0.00000000e+00
  0.00000000e+00  0.00000000e+00  0.00000000e+00  0.00000000e+00
  0.00000000e+00  0.00000000e+00  0.00000000e+00  0.00000000e+00
 -1.06408888e-04  2.50396240e-05 -2.72432240e-05  2.03824224e-05
 -7.51889107e-05  0.00000000e+00  3.35276493e-06 -5.21712993e-05
  0.00000000e+00  0.00000000e+00 -2.75277781e-05  7.88043456e-05
 -4.38760394e-05  0.00000000e+00  0.00000000e+00  1.28867232e-05
 -8.97226504e-02  2.14299471e-02 -2.18649007e-02  1.72198091e-02
 -6.30649819e-02  0.00000000e+00  4.18966659e-02 -4.44474774e-02
  0.00000000e+00  0.00000000e+00 -2.50070795e-02  6.69991043e-02
 -3.64577042e-02  0.00000000e+00  0.00000000e+00  1.08031770e-02
 -8.34517283e-01  1.98870446e-01 -2.04942253e-01  1.60114924e-01
 -5.87046926e-01  0.00000000e+00  3.88488663e-01 -4.12758304e-01
  0.00000000e+00  0.00000000e+00 -2.30035543e-01  6.22377495e-01
 -3.39861983e-01  0.00000000e+00  0.00000000e+00  1.00570525e-01
  4.27911221e-02 -9.46214646e-02  5.18303424e-02  4.23233451e-02
 -9.36004840e-02  5.12771388e-02  1.57098049e-02 -3.47255066e-02
  1.90157017e-02  6.16266648e-02 -1.36364538e-01  7.47378733e-02
  4.04378983e-02 -8.94598830e-02  4.90219846e-02  0.00000000e+00
  0.00000000e+00  0.00000000e+00  2.57383509e-04 -5.50306342e-04
  2.92922833e-04  4.05345400e-02 -8.96772769e-02  4.91427369e-02
  0.00000000e+00  0.00000000e+00  0.00000000e+00  0.00000000e+00
  0.00000000e+00  0.00000000e+00  2.17622670e-02 -4.80481586e-02
  2.62858916e-02  7.07403940e-02 -1.56507240e-01  8.57668460e-02
  2.18092032e-02 -4.82555450e-02  2.64463418e-02  0.00000000e+00
  0.00000000e+00  0.00000000e+00  0.00000000e+00  0.00000000e+00
  0.00000000e+00  1.05399264e-02 -2.32237609e-02  1.26838345e-02
  5.06266359e-01 -1.11085471e+00  6.04588350e-01]

[2020-01-27 17:13:32.996779][__main__.TRPOAgent.log][training]: Initiating conjugate gradients

[2020-01-27 17:13:33.239701][__main__.TRPOAgent.log][training]: gradient_step_direction: tf.Tensor(
[ 0.00000000e+00  0.00000000e+00 -2.93257369e+00 -1.24931429e+00
  0.00000000e+00  0.00000000e+00  0.00000000e+00  2.82766007e+00
 -8.44804099e-01 -1.11166742e+00 -1.19932778e+00 -2.95772228e+00
  1.28339506e+00  3.69508434e-01  0.00000000e+00 -3.56185799e+00
  0.00000000e+00  0.00000000e+00  0.00000000e+00 -1.72584448e+00
 -3.57242685e+00 -1.21548590e+00 -5.94911254e-03 -2.30758126e+00
  0.00000000e+00  0.00000000e+00  0.00000000e+00 -7.04021050e+00
  0.00000000e+00  0.00000000e+00  1.86394639e+00 -1.23242682e+00
  0.00000000e+00  0.00000000e+00  2.34915580e-01  5.88599357e-01
  0.00000000e+00  0.00000000e+00  0.00000000e+00 -2.69917502e-02
  1.31592672e-01 -4.07674591e-01  3.66492236e-02 -3.00000983e-02
 -2.48319462e-01  1.99034068e-01  0.00000000e+00 -7.30884061e-02
  0.00000000e+00  0.00000000e+00  0.00000000e+00  1.13487501e-01
 -8.62769420e-02  1.26536532e-01  3.89666563e-02 -5.31781329e-01
  0.00000000e+00  0.00000000e+00  0.00000000e+00  2.67299132e-01
  0.00000000e+00  0.00000000e+00 -1.45679555e-01 -1.50034834e-01
  0.00000000e+00  0.00000000e+00  5.16951693e+00  3.41159417e+00
  0.00000000e+00  0.00000000e+00  0.00000000e+00 -4.68819260e+00
  2.13395284e+00  1.44083127e+00  2.11578963e+00  4.80137683e+00
 -2.94614233e+00 -9.69233294e-01  0.00000000e+00  5.80025038e+00
  0.00000000e+00  0.00000000e+00  0.00000000e+00  3.43634705e+00
  6.37223470e+00  4.28778756e+00  6.09365377e-01  3.84507972e+00
  0.00000000e+00  0.00000000e+00  0.00000000e+00  1.36651841e+01
  0.00000000e+00  0.00000000e+00 -3.92022433e+00  3.74369505e+00
  0.00000000e+00  0.00000000e+00  0.00000000e+00  0.00000000e+00
  0.00000000e+00  0.00000000e+00  0.00000000e+00  0.00000000e+00
  0.00000000e+00  0.00000000e+00  0.00000000e+00  0.00000000e+00
  0.00000000e+00  0.00000000e+00  0.00000000e+00  0.00000000e+00
  0.00000000e+00  0.00000000e+00  0.00000000e+00  0.00000000e+00
  0.00000000e+00  0.00000000e+00  0.00000000e+00  0.00000000e+00
  0.00000000e+00  0.00000000e+00  0.00000000e+00  0.00000000e+00
  0.00000000e+00  0.00000000e+00  0.00000000e+00  0.00000000e+00
  1.85220405e+00 -4.71453145e-01  4.18368587e-01 -2.61591502e-01
  1.60628206e+00  0.00000000e+00 -6.70169484e-01  1.14674043e+00
  0.00000000e+00  0.00000000e+00  5.78749678e-01 -1.16605569e+00
  8.81129075e-01  0.00000000e+00  0.00000000e+00 -2.88921216e-01
  1.46427425e+00 -3.97917586e-01  2.50246250e-01 -1.98838894e-01
  1.28008043e+00  0.00000000e+00 -5.36477703e-01  9.63482840e-01
  0.00000000e+00  0.00000000e+00  5.89202855e-01 -9.36404169e-01
  6.73290119e-01  0.00000000e+00  0.00000000e+00 -2.31278372e-01
  0.00000000e+00  0.00000000e+00  0.00000000e+00  0.00000000e+00
  0.00000000e+00  0.00000000e+00  0.00000000e+00  0.00000000e+00
  0.00000000e+00  0.00000000e+00  0.00000000e+00  0.00000000e+00
  0.00000000e+00  0.00000000e+00  0.00000000e+00  0.00000000e+00
  0.00000000e+00  0.00000000e+00  0.00000000e+00  0.00000000e+00
  0.00000000e+00  0.00000000e+00  0.00000000e+00  0.00000000e+00
  0.00000000e+00  0.00000000e+00  0.00000000e+00  0.00000000e+00
  0.00000000e+00  0.00000000e+00  0.00000000e+00  0.00000000e+00
  0.00000000e+00  0.00000000e+00  0.00000000e+00  0.00000000e+00
  0.00000000e+00  0.00000000e+00  0.00000000e+00  0.00000000e+00
  0.00000000e+00  0.00000000e+00  0.00000000e+00  0.00000000e+00
  0.00000000e+00  0.00000000e+00  0.00000000e+00  0.00000000e+00
 -2.94226801e+00  5.78529267e-01 -9.72597530e-01  8.03821326e-01
 -1.32723555e+00  0.00000000e+00  1.08123303e+00 -7.91100090e-01
  0.00000000e+00  0.00000000e+00 -3.81875411e-01  2.67711874e+00
 -9.43728076e-01  0.00000000e+00  0.00000000e+00  1.92417790e-01
  4.37395724e-01 -2.40221490e-01 -1.73688910e-01  1.76004805e-01
  1.11228999e+00  0.00000000e+00 -1.55480715e-01  9.42339523e-01
  0.00000000e+00  0.00000000e+00  6.02211733e-01  1.94151064e-01
  4.50401810e-01  0.00000000e+00  0.00000000e+00 -2.28519547e-01
  3.79550549e-02 -1.64474251e-01 -3.47919099e-01  2.38890464e-01
  7.70456959e-01  0.00000000e+00 -1.66552806e-02  7.50256753e-01
  0.00000000e+00  0.00000000e+00  6.14632578e-01  4.25886785e-01
  2.33269181e-01  0.00000000e+00  0.00000000e+00 -1.67892175e-01
  4.11679328e-01 -2.06292617e-01 -1.89324107e-01  3.32028844e-02
  6.02934859e-01  0.00000000e+00 -1.62754914e-01  5.98538673e-01
  0.00000000e+00  0.00000000e+00  5.96372648e-01 -1.54206854e-01
  2.10760275e-01  0.00000000e+00  0.00000000e+00 -1.19573789e-01
  1.44806698e+00 -3.75561282e-01  3.85875573e-01 -8.74831283e-02
  1.65528632e+00  0.00000000e+00 -5.05737311e-01  1.13400398e+00
  0.00000000e+00  0.00000000e+00  3.67871818e-01 -5.98659370e-01
  8.93036728e-01  0.00000000e+00  0.00000000e+00 -3.11528891e-01
 -2.30129067e+00  5.27401489e-01 -5.42051654e-01  5.75933811e-01
 -1.16901590e+00  0.00000000e+00  8.58967783e-01 -8.44102579e-01
  0.00000000e+00  0.00000000e+00 -6.59274845e-01  2.05684611e+00
 -7.22301678e-01  0.00000000e+00  0.00000000e+00  1.80535427e-01
 -9.34674902e-01  2.92323712e-02 -7.62886972e-01  3.60329196e-01
 -1.65002355e-01  0.00000000e+00  3.16698347e-01  2.06088541e-01
  0.00000000e+00  0.00000000e+00  6.26803151e-01  9.16116161e-01
 -3.39633333e-01  0.00000000e+00  0.00000000e+00  2.04138823e-03
  0.00000000e+00  0.00000000e+00  0.00000000e+00  0.00000000e+00
  0.00000000e+00  0.00000000e+00  0.00000000e+00  0.00000000e+00
  0.00000000e+00  0.00000000e+00  0.00000000e+00  0.00000000e+00
  0.00000000e+00  0.00000000e+00  0.00000000e+00  0.00000000e+00
  1.94017457e+00 -5.29899427e-01  3.84876117e-01 -1.75120046e-01
  1.99946365e+00  0.00000000e+00 -6.95308307e-01  1.45158201e+00
  0.00000000e+00  0.00000000e+00  7.02333750e-01 -1.00070491e+00
  1.05015563e+00  0.00000000e+00  0.00000000e+00 -3.71410937e-01
  0.00000000e+00  0.00000000e+00  0.00000000e+00  0.00000000e+00
  0.00000000e+00  0.00000000e+00  0.00000000e+00  0.00000000e+00
  0.00000000e+00  0.00000000e+00  0.00000000e+00  0.00000000e+00
  0.00000000e+00  0.00000000e+00  0.00000000e+00  0.00000000e+00
  0.00000000e+00  0.00000000e+00  0.00000000e+00  0.00000000e+00
  0.00000000e+00  0.00000000e+00  0.00000000e+00  0.00000000e+00
  0.00000000e+00  0.00000000e+00  0.00000000e+00  0.00000000e+00
  0.00000000e+00  0.00000000e+00  0.00000000e+00  0.00000000e+00
  0.00000000e+00  0.00000000e+00  0.00000000e+00  0.00000000e+00
  0.00000000e+00  0.00000000e+00  0.00000000e+00  0.00000000e+00
  0.00000000e+00  0.00000000e+00  0.00000000e+00  0.00000000e+00
  0.00000000e+00  0.00000000e+00  0.00000000e+00  0.00000000e+00
  1.61238895e+00 -4.29293377e-01  2.87640340e-01 -2.44786540e-01
  1.32640852e+00  0.00000000e+00 -5.92029667e-01  9.96431733e-01
  0.00000000e+00  0.00000000e+00  6.26722015e-01 -1.08957489e+00
  7.07354216e-01  0.00000000e+00  0.00000000e+00 -2.36643437e-01
  2.76948538e+00 -6.87853646e-01  5.91489599e-01 -5.22059702e-01
  1.96125067e+00  0.00000000e+00 -1.01940725e+00  1.43370771e+00
  0.00000000e+00  0.00000000e+00  9.08455181e-01 -2.08018506e+00
  1.10305721e+00  0.00000000e+00  0.00000000e+00 -3.37304620e-01
  2.41091648e+00 -6.69237246e-01  3.43384741e-01 -3.56530526e-01
  1.99731928e+00  0.00000000e+00 -8.92332585e-01  1.55327803e+00
  0.00000000e+00  0.00000000e+00  1.07901316e+00 -1.64264386e+00
  1.03395889e+00  0.00000000e+00  0.00000000e+00 -3.57578303e-01
  7.63802729e-02 -1.83673954e-01 -4.16308010e-01  1.69885181e-01
  5.77696730e-01  0.00000000e+00 -4.48465439e-02  6.66804072e-01
  0.00000000e+00  0.00000000e+00  7.45993716e-01  2.12514497e-01
  1.20774059e-01  0.00000000e+00  0.00000000e+00 -1.25776374e-01
  1.46593496e+00 -3.26948199e-01  5.02751797e-01 -1.87441970e-01
  1.37066953e+00  0.00000000e+00 -5.13428125e-01  8.69318262e-01
  0.00000000e+00  0.00000000e+00  1.80765297e-01 -8.01799515e-01
  8.02759848e-01  0.00000000e+00  0.00000000e+00 -2.48674687e-01
  0.00000000e+00  0.00000000e+00  0.00000000e+00  0.00000000e+00
  0.00000000e+00  0.00000000e+00  0.00000000e+00  0.00000000e+00
  0.00000000e+00  0.00000000e+00  0.00000000e+00  0.00000000e+00
  0.00000000e+00  0.00000000e+00  0.00000000e+00  0.00000000e+00
  0.00000000e+00  0.00000000e+00  0.00000000e+00  0.00000000e+00
  0.00000000e+00  0.00000000e+00  0.00000000e+00  0.00000000e+00
  0.00000000e+00  0.00000000e+00  0.00000000e+00  0.00000000e+00
  0.00000000e+00  0.00000000e+00  0.00000000e+00  0.00000000e+00
  0.00000000e+00  0.00000000e+00  0.00000000e+00  0.00000000e+00
  0.00000000e+00  0.00000000e+00  0.00000000e+00  0.00000000e+00
  0.00000000e+00  0.00000000e+00  0.00000000e+00  0.00000000e+00
  0.00000000e+00  0.00000000e+00  0.00000000e+00  0.00000000e+00
  5.44116348e+00 -1.36572132e+00  1.18704431e+00 -9.21104185e-01
  4.20467553e+00  0.00000000e+00 -1.98978086e+00  3.04229126e+00
  0.00000000e+00  0.00000000e+00  1.75408784e+00 -3.81894491e+00
  2.33745933e+00  0.00000000e+00  0.00000000e+00 -7.38265629e-01
  0.00000000e+00  0.00000000e+00  0.00000000e+00  0.00000000e+00
  0.00000000e+00  0.00000000e+00  0.00000000e+00  0.00000000e+00
  0.00000000e+00  0.00000000e+00  0.00000000e+00  0.00000000e+00
  0.00000000e+00  0.00000000e+00  0.00000000e+00  0.00000000e+00
  0.00000000e+00  0.00000000e+00  0.00000000e+00  0.00000000e+00
  0.00000000e+00  0.00000000e+00  0.00000000e+00  0.00000000e+00
  0.00000000e+00  0.00000000e+00  0.00000000e+00  0.00000000e+00
  0.00000000e+00  0.00000000e+00  0.00000000e+00  0.00000000e+00
 -2.95001127e+00  7.03405096e-01 -7.22953402e-01  5.66215390e-01
 -2.07420218e+00  0.00000000e+00  2.50319929e-01 -1.45934849e+00
  0.00000000e+00  0.00000000e+00 -8.15617732e-01  2.20126153e+00
 -1.20042065e+00  0.00000000e+00  0.00000000e+00  3.55312727e-01
  1.86091999e+00 -4.56455281e-01  5.20177629e-01 -2.04723059e-01
  1.82634639e+00  0.00000000e+00 -6.59250654e-01  1.23595004e+00
  0.00000000e+00  0.00000000e+00  4.24567475e-01 -9.86178646e-01
  1.01772501e+00  0.00000000e+00  0.00000000e+00 -3.35274584e-01
 -3.01145364e+00 -1.69807050e-01 -2.84097652e+00  1.89598956e+00
  1.82637918e+00  0.00000000e+00  1.79766178e+00  2.51835146e+00
  0.00000000e+00  0.00000000e+00  2.71161789e+00  4.59801478e+00
 -1.43049155e-01  0.00000000e+00  0.00000000e+00 -5.05007395e-01
  3.24919930e-01 -4.97713138e-01  1.72793208e-01 -2.02732110e-01
  2.43109100e-01 -4.03769899e-02  1.99136888e+00 -3.62195173e+00
  1.63058285e+00 -2.66871516e+00  4.20602135e+00 -1.53730619e+00
 -2.65095478e+00  4.85260844e+00 -2.20165366e+00  0.00000000e+00
  0.00000000e+00  0.00000000e+00 -6.21815787e+00  1.27965248e+01
 -6.57836693e+00 -2.49939826e+00  4.65565280e+00 -2.15625455e+00
  0.00000000e+00  0.00000000e+00  0.00000000e+00  0.00000000e+00
  0.00000000e+00  0.00000000e+00 -1.47498555e+00  4.36841799e+00
 -2.89343244e+00 -3.16384436e+00  5.44574627e+00 -2.28190191e+00
 -3.21155514e-01  3.01931783e-01  1.92237308e-02  0.00000000e+00
  0.00000000e+00  0.00000000e+00  0.00000000e+00  0.00000000e+00
  0.00000000e+00  7.13055179e-01 -5.72028476e-02 -6.55852331e-01
 -1.00516713e-01 -2.45519181e+00  2.55570853e+00], shape=(675,), dtype=float64)

[2020-01-27 17:13:33.359383][__main__.TRPOAgent.log][linesearch]: Linesearch worked at 3, New policy loss value: 1.8897359879532032

