LOGGER started at 2020-01-29 17:14:22.820277.
Currently active debug channels:
	act
	batch_info
	linesearch
	learning
[2020-01-29 17:14:23.229831][__main__.TRPOAgent.log][learning]: Episode #0

[2020-01-29 17:14:23.423366][__main__.TRPOAgent.log][learning]: Performing rollouts: rollout length: 1500

[2020-01-29 17:14:36.048938][__main__.TRPOAgent.log][learning]: Rollouts performed

[2020-01-29 17:14:36.064483][__main__.TRPOAgent.log][batch_info]: Rollout statistics size: 15000, Batch size: 1000, Number of batches: 1

[2020-01-29 17:14:36.064870][__main__.TRPOAgent.log][learning]: 

***************
BEGINNING TRAINING
***************



[2020-01-29 17:14:36.070343][__main__.TRPOAgent.log][batch_info]: Batch #0, batch length: 15000

[2020-01-29 17:14:36.817824][__main__.TRPOAgent.log][linesearch]: Linesearch worked at 6, New mean kl div: 0.0043077880352749036, New policy loss value: 0.0006463190602663682

[2020-01-29 17:14:41.565127][__main__.TRPOAgent.log][batch_info]: Current batch value loss: 289.89763751539317

[2020-01-29 17:15:07.970882][__main__.TRPOAgent.log][learning]: Episode #1

[2020-01-29 17:15:08.039308][__main__.TRPOAgent.log][batch_info]: Rollout statistics size: 15000, Batch size: 1000, Number of batches: 1

[2020-01-29 17:15:08.039962][__main__.TRPOAgent.log][learning]: 

***************
BEGINNING TRAINING
***************



[2020-01-29 17:15:08.049239][__main__.TRPOAgent.log][batch_info]: Batch #0, batch length: 15000

[2020-01-29 17:15:08.753593][__main__.TRPOAgent.log][linesearch]: Linesearch worked at 6, New mean kl div: 0.004285731649778947, New policy loss value: 0.0006663531207420534

[2020-01-29 17:15:13.510551][__main__.TRPOAgent.log][batch_info]: Current batch value loss: 292.6179656233829

[2020-01-29 17:15:39.269693][__main__.TRPOAgent.log][learning]: Episode #2

[2020-01-29 17:15:39.287312][__main__.TRPOAgent.log][batch_info]: Rollout statistics size: 15000, Batch size: 1000, Number of batches: 1

[2020-01-29 17:15:39.287727][__main__.TRPOAgent.log][learning]: 

***************
BEGINNING TRAINING
***************



[2020-01-29 17:15:39.293993][__main__.TRPOAgent.log][batch_info]: Batch #0, batch length: 15000

[2020-01-29 17:15:39.978621][__main__.TRPOAgent.log][linesearch]: Linesearch worked at 6, New mean kl div: 0.004532706324082706, New policy loss value: 0.0005226307802919829

[2020-01-29 17:15:44.801670][__main__.TRPOAgent.log][batch_info]: Current batch value loss: 287.65504648229404

[2020-01-29 17:16:10.611673][__main__.TRPOAgent.log][learning]: Episode #3

[2020-01-29 17:16:10.659805][__main__.TRPOAgent.log][batch_info]: Rollout statistics size: 15000, Batch size: 1000, Number of batches: 1

[2020-01-29 17:16:10.660998][__main__.TRPOAgent.log][learning]: 

***************
BEGINNING TRAINING
***************



[2020-01-29 17:16:10.678652][__main__.TRPOAgent.log][batch_info]: Batch #0, batch length: 15000

[2020-01-29 17:16:11.378684][__main__.TRPOAgent.log][linesearch]: Linesearch worked at 6, New mean kl div: 0.003983348648625936, New policy loss value: 0.000545793965096099

[2020-01-29 17:16:16.285703][__main__.TRPOAgent.log][batch_info]: Current batch value loss: 284.95778800492707

