LOGGER started at 2020-01-24 13:14:42.837931.
Currently active debug channels:
	rollouts
	batch_info
	linesearch
	learning
	thread_rollouts
	utils_kl
	cg
	GAE
[2020-01-24 13:14:43.003785][__main__.TRPOAgent.log][learning]: Episode #5

[2020-01-24 13:14:43.203883][__main__.TRPOAgent.log][learning]: Performing rollouts: rollout length: 1024

[2020-01-24 13:14:43.223992][Environment.Environment.log][rollouts]: Rollout thread #1

[2020-01-24 13:14:43.225053][Environment.Environment.log][rollouts]: Rollout thread #2

[2020-01-24 13:14:43.224866][Environment.Environment.log][thread_rollouts]: Thread number: 0

[2020-01-24 13:14:43.226584][Environment.Environment.log][thread_rollouts]: Thread number: 1

[2020-01-24 13:14:43.226732][Environment.Environment.log][rollouts]: Rollout thread #3

[2020-01-24 13:14:43.238324][Environment.Environment.log][thread_rollouts]: Thread number: 2

[2020-01-24 13:14:43.238686][Environment.Environment.log][rollouts]: Rollout thread #4

[2020-01-24 13:14:43.267283][Environment.Environment.log][rollouts]: Rollout thread #5

[2020-01-24 13:14:43.266380][Environment.Environment.log][thread_rollouts]: Thread number: 3

[2020-01-24 13:14:43.292091][Environment.Environment.log][thread_rollouts]: Thread number: 4

[2020-01-24 13:14:43.292942][Environment.Environment.log][rollouts]: Rollout thread #6

[2020-01-24 13:14:43.347857][Environment.Environment.log][thread_rollouts]: Thread number: 5

[2020-01-24 13:14:43.348271][Environment.Environment.log][rollouts]: Rollout thread #7

[2020-01-24 13:14:43.379312][Environment.Environment.log][rollouts]: Rollout thread #8

[2020-01-24 13:14:43.376383][Environment.Environment.log][thread_rollouts]: Thread number: 6

[2020-01-24 13:14:43.413399][Environment.Environment.log][thread_rollouts]: Thread number: 7

[2020-01-24 13:15:00.953546][Environment.Environment.log][thread_rollouts]: Thread number: 1, Steps performed: 1024

[2020-01-24 13:15:01.056708][Environment.Environment.log][thread_rollouts]: Thread number: 0, Steps performed: 1024

[2020-01-24 13:15:01.060029][Environment.Environment.log][thread_rollouts]: Thread number: 3, Steps performed: 1024

[2020-01-24 13:15:01.269996][Environment.Environment.log][thread_rollouts]: Thread number: 2, Steps performed: 1024

[2020-01-24 13:15:01.395510][Environment.Environment.log][thread_rollouts]: Thread number: 5, Steps performed: 1024

[2020-01-24 13:15:01.401659][Environment.Environment.log][thread_rollouts]: Thread number: 6, Steps performed: 1024

[2020-01-24 13:15:01.429240][Environment.Environment.log][thread_rollouts]: Thread number: 4, Steps performed: 1024

[2020-01-24 13:15:01.455583][Environment.Environment.log][thread_rollouts]: Thread number: 7, Steps performed: 1024

[2020-01-24 13:15:01.456125][Environment.Environment.log][rollouts]: Rollout thread #9

[2020-01-24 13:15:01.456630][Environment.Environment.log][thread_rollouts]: Thread number: 8

[2020-01-24 13:15:01.456710][Environment.Environment.log][rollouts]: Rollout thread #10

[2020-01-24 13:15:01.461142][Environment.Environment.log][rollouts]: Rollout thread #11

[2020-01-24 13:15:01.459951][Environment.Environment.log][thread_rollouts]: Thread number: 9

[2020-01-24 13:15:01.465907][Environment.Environment.log][thread_rollouts]: Thread number: 10

[2020-01-24 13:15:01.466093][Environment.Environment.log][rollouts]: Rollout thread #12

[2020-01-24 13:15:01.477830][Environment.Environment.log][thread_rollouts]: Thread number: 11

[2020-01-24 13:15:01.478643][Environment.Environment.log][rollouts]: Rollout thread #13

[2020-01-24 13:15:01.495938][Environment.Environment.log][thread_rollouts]: Thread number: 12

[2020-01-24 13:15:01.496383][Environment.Environment.log][rollouts]: Rollout thread #14

[2020-01-24 13:15:01.525778][Environment.Environment.log][thread_rollouts]: Thread number: 13

[2020-01-24 13:15:01.527335][Environment.Environment.log][rollouts]: Rollout thread #15

[2020-01-24 13:15:01.553569][Environment.Environment.log][thread_rollouts]: Thread number: 14

[2020-01-24 13:15:01.558233][Environment.Environment.log][rollouts]: Rollout thread #16

[2020-01-24 13:15:01.600990][Environment.Environment.log][thread_rollouts]: Thread number: 15

[2020-01-24 13:15:19.007007][Environment.Environment.log][thread_rollouts]: Thread number: 9, Steps performed: 1024

[2020-01-24 13:15:19.234731][Environment.Environment.log][thread_rollouts]: Thread number: 8, Steps performed: 1024

[2020-01-24 13:15:19.252057][Environment.Environment.log][thread_rollouts]: Thread number: 15, Steps performed: 1024

[2020-01-24 13:15:19.323310][Environment.Environment.log][thread_rollouts]: Thread number: 12, Steps performed: 1024

[2020-01-24 13:15:19.346523][Environment.Environment.log][thread_rollouts]: Thread number: 13, Steps performed: 1024

[2020-01-24 13:15:19.383728][Environment.Environment.log][thread_rollouts]: Thread number: 10, Steps performed: 1024

[2020-01-24 13:15:19.435827][Environment.Environment.log][thread_rollouts]: Thread number: 14, Steps performed: 1024

[2020-01-24 13:15:19.444677][Environment.Environment.log][thread_rollouts]: Thread number: 11, Steps performed: 1024

[2020-01-24 13:15:19.445241][__main__.TRPOAgent.log][rollouts]: Unpacking actions

[2020-01-24 13:15:19.450342][__main__.TRPOAgent.log][rollouts]: Unpacking rewards

[2020-01-24 13:15:19.463260][__main__.TRPOAgent.log][rollouts]: Unpacking observations

[2020-01-24 13:15:19.466831][__main__.TRPOAgent.log][learning]: Rollouts performed

[2020-01-24 13:15:19.468107][__main__.TRPOAgent.log][batch_info]: Rollout statistics size: 16384, Batch size: 4096, Number of batches: 4

[2020-01-24 13:15:19.468423][__main__.TRPOAgent.log][learning]: 

***************
BEGINNING TRAINING
***************



[2020-01-24 13:15:19.473495][__main__.TRPOAgent.log][batch_info]: Batch #0, batch length: 4096

