LOGGER started at 2020-01-29 17:21:55.590934.
Currently active debug channels:
	act
	batch_info
	linesearch
	learning
[2020-01-29 17:21:55.964202][__main__.TRPOAgent.log][learning]: Episode #0

[2020-01-29 17:21:56.153089][__main__.TRPOAgent.log][learning]: Performing rollouts: rollout length: 1500

[2020-01-29 17:22:34.373980][__main__.TRPOAgent.log][learning]: Rollouts performed

[2020-01-29 17:22:34.419191][__main__.TRPOAgent.log][batch_info]: Rollout statistics size: 45000, Batch size: 1000, Number of batches: 1

[2020-01-29 17:22:34.419600][__main__.TRPOAgent.log][learning]: 

***************
BEGINNING TRAINING
***************



[2020-01-29 17:22:34.436019][__main__.TRPOAgent.log][batch_info]: Batch #0, batch length: 45000

[2020-01-29 17:22:36.203247][__main__.TRPOAgent.log][linesearch]: Linesearch failed. Mean kl divergence: 0.1728524978821377, Discarded policy loss value: 0.0017922582261498362

[2020-01-29 17:22:50.744680][__main__.TRPOAgent.log][batch_info]: Current batch value loss: 284.7795173541992

[2020-01-29 17:23:17.798015][__main__.TRPOAgent.log][learning]: Episode #1

[2020-01-29 17:23:17.801537][__main__.TRPOAgent.log][learning]: Performing rollouts: rollout length: 1500

[2020-01-29 17:23:56.682696][__main__.TRPOAgent.log][learning]: Rollouts performed

[2020-01-29 17:23:56.731438][__main__.TRPOAgent.log][batch_info]: Rollout statistics size: 45000, Batch size: 1000, Number of batches: 1

[2020-01-29 17:23:56.731866][__main__.TRPOAgent.log][learning]: 

***************
BEGINNING TRAINING
***************



[2020-01-29 17:23:56.758095][__main__.TRPOAgent.log][batch_info]: Batch #0, batch length: 45000

[2020-01-29 17:23:58.321480][__main__.TRPOAgent.log][linesearch]: Linesearch failed. Mean kl divergence: 0.19708597273426876, Discarded policy loss value: 0.002651386720049573

