LOGGER started at 2020-01-27 21:46:23.932335.
Currently active debug channels:
	rollouts
	act
	training
	batch_info
	linesearch
	learning
	thread_rollouts
[2020-01-27 21:46:24.067719][__main__.TRPOAgent.log][learning]: Episode #0

[2020-01-27 21:46:24.268700][__main__.TRPOAgent.log][learning]: Performing rollouts: rollout length: 5000

[2020-01-27 21:46:24.329326][Environment.Environment.log][rollouts]: Rollout thread #1

[2020-01-27 21:46:24.330108][Environment.Environment.log][thread_rollouts]: Thread number: 0

[2020-01-27 21:46:24.330267][Environment.Environment.log][rollouts]: Rollout thread #2

[2020-01-27 21:46:24.334875][Environment.Environment.log][thread_rollouts]: Thread number: 1

[2020-01-27 21:46:34.632234][Environment.Environment.log][thread_rollouts]: Thread number: 1, Steps performed: 5000

[2020-01-27 21:46:34.687769][Environment.Environment.log][thread_rollouts]: Thread number: 0, Steps performed: 5000

[2020-01-27 21:46:34.688267][Environment.Environment.log][rollouts]: Rollout thread #3

[2020-01-27 21:46:34.688816][Environment.Environment.log][thread_rollouts]: Thread number: 2

[2020-01-27 21:46:34.688873][Environment.Environment.log][rollouts]: Rollout thread #4

[2020-01-27 21:46:34.690959][Environment.Environment.log][thread_rollouts]: Thread number: 3

[2020-01-27 21:46:44.704053][Environment.Environment.log][thread_rollouts]: Thread number: 2, Steps performed: 5000

[2020-01-27 21:46:44.796289][Environment.Environment.log][thread_rollouts]: Thread number: 3, Steps performed: 5000

[2020-01-27 21:46:44.797003][Environment.Environment.log][rollouts]: Rollout thread #5

[2020-01-27 21:46:44.797690][Environment.Environment.log][rollouts]: Rollout thread #6

[2020-01-27 21:46:44.797602][Environment.Environment.log][thread_rollouts]: Thread number: 4

[2020-01-27 21:46:44.798989][Environment.Environment.log][thread_rollouts]: Thread number: 5

[2020-01-27 21:46:54.659657][Environment.Environment.log][thread_rollouts]: Thread number: 5, Steps performed: 5000

[2020-01-27 21:46:54.828869][Environment.Environment.log][thread_rollouts]: Thread number: 4, Steps performed: 5000

[2020-01-27 21:46:54.829480][Environment.Environment.log][rollouts]: Rollout thread #7

[2020-01-27 21:46:54.830217][Environment.Environment.log][rollouts]: Rollout thread #8

[2020-01-27 21:46:54.830164][Environment.Environment.log][thread_rollouts]: Thread number: 6

[2020-01-27 21:46:54.831289][Environment.Environment.log][thread_rollouts]: Thread number: 7

[2020-01-27 21:47:07.502308][Environment.Environment.log][thread_rollouts]: Thread number: 6, Steps performed: 5000

[2020-01-27 21:47:07.612672][Environment.Environment.log][thread_rollouts]: Thread number: 7, Steps performed: 5000

[2020-01-27 21:47:07.613143][Environment.Environment.log][rollouts]: Rollout thread #9

[2020-01-27 21:47:07.613867][Environment.Environment.log][thread_rollouts]: Thread number: 8

[2020-01-27 21:47:07.613939][Environment.Environment.log][rollouts]: Rollout thread #10

[2020-01-27 21:47:07.615883][Environment.Environment.log][thread_rollouts]: Thread number: 9

[2020-01-27 21:47:19.323413][Environment.Environment.log][thread_rollouts]: Thread number: 9, Steps performed: 5000

[2020-01-27 21:47:19.483950][Environment.Environment.log][thread_rollouts]: Thread number: 8, Steps performed: 5000

[2020-01-27 21:47:19.484584][Environment.Environment.log][rollouts]: Rollout thread #11

[2020-01-27 21:47:19.485228][Environment.Environment.log][thread_rollouts]: Thread number: 10

[2020-01-27 21:47:19.485366][Environment.Environment.log][rollouts]: Rollout thread #12

[2020-01-27 21:47:19.489938][Environment.Environment.log][thread_rollouts]: Thread number: 11

[2020-01-27 21:47:32.416543][Environment.Environment.log][thread_rollouts]: Thread number: 10, Steps performed: 5000

[2020-01-27 21:47:32.468531][Environment.Environment.log][thread_rollouts]: Thread number: 11, Steps performed: 5000

[2020-01-27 21:47:32.468924][Environment.Environment.log][rollouts]: Rollout thread #13

[2020-01-27 21:47:32.469637][Environment.Environment.log][thread_rollouts]: Thread number: 12

[2020-01-27 21:47:32.469760][Environment.Environment.log][rollouts]: Rollout thread #14

[2020-01-27 21:47:32.471659][Environment.Environment.log][thread_rollouts]: Thread number: 13

[2020-01-27 21:47:43.713474][Environment.Environment.log][thread_rollouts]: Thread number: 12, Steps performed: 5000

[2020-01-27 21:47:43.741459][Environment.Environment.log][thread_rollouts]: Thread number: 13, Steps performed: 5000

[2020-01-27 21:47:43.742054][Environment.Environment.log][rollouts]: Rollout thread #15

[2020-01-27 21:47:43.742790][Environment.Environment.log][thread_rollouts]: Thread number: 14

[2020-01-27 21:47:43.742874][Environment.Environment.log][rollouts]: Rollout thread #16

[2020-01-27 21:47:43.748823][Environment.Environment.log][thread_rollouts]: Thread number: 15

