LOGGER started at 2020-01-31 15:06:05.431173.
Currently active debug channels:
	act
	batch_info
	linesearch
	learning
	thread_rollouts
[2020-01-31 15:06:05.826425][__main__.TRPOAgent.log][learning]: Episode #0

[2020-01-31 15:06:06.002682][__main__.TRPOAgent.log][learning]: Performing rollouts: rollout length: 1600

[2020-01-31 15:06:06.003277][EnvironmentNew.Environment.log][thread_rollouts]: Thread number: 0

[2020-01-31 15:06:06.003477][EnvironmentNew.Environment.log][thread_rollouts]: Thread number: 1

[2020-01-31 15:06:10.466781][EnvironmentNew.Environment.log][thread_rollouts]: Thread number: 1, Steps performed: 1936

[2020-01-31 15:06:10.619309][EnvironmentNew.Environment.log][thread_rollouts]: Thread number: 0, Steps performed: 2000

[2020-01-31 15:06:10.619912][EnvironmentNew.Environment.log][thread_rollouts]: Thread number: 2

[2020-01-31 15:06:10.620322][EnvironmentNew.Environment.log][thread_rollouts]: Thread number: 3

[2020-01-31 15:06:15.266400][EnvironmentNew.Environment.log][thread_rollouts]: Thread number: 2, Steps performed: 2000

[2020-01-31 15:06:15.299636][EnvironmentNew.Environment.log][thread_rollouts]: Thread number: 3, Steps performed: 2000

[2020-01-31 15:06:15.300235][EnvironmentNew.Environment.log][thread_rollouts]: Thread number: 4

[2020-01-31 15:06:15.300373][EnvironmentNew.Environment.log][thread_rollouts]: Thread number: 5

[2020-01-31 15:06:16.319873][EnvironmentNew.Environment.log][thread_rollouts]: Thread number: 5, Steps performed: 434

[2020-01-31 15:06:17.827736][EnvironmentNew.Environment.log][thread_rollouts]: Thread number: 4, Steps performed: 2000

[2020-01-31 15:06:17.828332][EnvironmentNew.Environment.log][thread_rollouts]: Thread number: 6

[2020-01-31 15:06:17.828847][EnvironmentNew.Environment.log][thread_rollouts]: Thread number: 7

[2020-01-31 15:06:22.434739][EnvironmentNew.Environment.log][thread_rollouts]: Thread number: 7, Steps performed: 2000

[2020-01-31 15:06:22.470747][EnvironmentNew.Environment.log][thread_rollouts]: Thread number: 6, Steps performed: 2000

[2020-01-31 15:06:22.471600][EnvironmentNew.Environment.log][thread_rollouts]: Thread number: 8

[2020-01-31 15:06:22.472145][EnvironmentNew.Environment.log][thread_rollouts]: Thread number: 9

[2020-01-31 15:06:27.035104][EnvironmentNew.Environment.log][thread_rollouts]: Thread number: 9, Steps performed: 2000

[2020-01-31 15:06:27.076600][EnvironmentNew.Environment.log][thread_rollouts]: Thread number: 8, Steps performed: 2000

[2020-01-31 15:06:27.077234][EnvironmentNew.Environment.log][thread_rollouts]: Thread number: 10

[2020-01-31 15:06:27.077513][EnvironmentNew.Environment.log][thread_rollouts]: Thread number: 11

[2020-01-31 15:06:30.499423][EnvironmentNew.Environment.log][thread_rollouts]: Thread number: 11, Steps performed: 1392

[2020-01-31 15:06:30.515040][EnvironmentNew.Environment.log][thread_rollouts]: Thread number: 10, Steps performed: 1455

[2020-01-31 15:06:30.528452][__main__.TRPOAgent.log][learning]: Rollouts performed

[2020-01-31 15:06:30.528780][__main__.TRPOAgent.log][batch_info]: Rollout statistics size: 21217, Batch size: 1000

[2020-01-31 15:06:30.529036][__main__.TRPOAgent.log][learning]: 

***************
BEGINNING TRAINING
***************



[2020-01-31 15:06:35.716545][__main__.TRPOAgent.log][linesearch]: Linesearch worked at 0, New mean kl div: tf.Tensor(0.0, shape=(), dtype=float64), New policy loss value: tf.Tensor(0.007378408029172621, shape=(), dtype=float64)

[2020-01-31 15:06:35.717095][__main__.TRPOAgent.log][batch_info]: Current batch value loss: 0.0006972700378112025

[2020-01-31 15:07:03.478950][__main__.TRPOAgent.log][learning]: Episode #1

[2020-01-31 15:07:03.480591][__main__.TRPOAgent.log][learning]: Performing rollouts: rollout length: 1600

[2020-01-31 15:07:03.483152][EnvironmentNew.Environment.log][thread_rollouts]: Thread number: 1

[2020-01-31 15:07:03.482384][EnvironmentNew.Environment.log][thread_rollouts]: Thread number: 0

[2020-01-31 15:07:04.770889][EnvironmentNew.Environment.log][thread_rollouts]: Thread number: 1, Steps performed: 600

[2020-01-31 15:07:05.947822][EnvironmentNew.Environment.log][thread_rollouts]: Thread number: 0, Steps performed: 1864

[2020-01-31 15:07:05.948795][EnvironmentNew.Environment.log][thread_rollouts]: Thread number: 3

[2020-01-31 15:07:05.948448][EnvironmentNew.Environment.log][thread_rollouts]: Thread number: 2

[2020-01-31 15:07:10.170686][EnvironmentNew.Environment.log][thread_rollouts]: Thread number: 3, Steps performed: 2000

[2020-01-31 15:07:10.211595][EnvironmentNew.Environment.log][thread_rollouts]: Thread number: 2, Steps performed: 2000

[2020-01-31 15:07:10.212318][EnvironmentNew.Environment.log][thread_rollouts]: Thread number: 5

[2020-01-31 15:07:10.212184][EnvironmentNew.Environment.log][thread_rollouts]: Thread number: 4

[2020-01-31 15:07:13.935558][EnvironmentNew.Environment.log][thread_rollouts]: Thread number: 5, Steps performed: 1768

[2020-01-31 15:07:14.193938][EnvironmentNew.Environment.log][thread_rollouts]: Thread number: 4, Steps performed: 2000

[2020-01-31 15:07:14.194629][EnvironmentNew.Environment.log][thread_rollouts]: Thread number: 6

[2020-01-31 15:07:14.194912][EnvironmentNew.Environment.log][thread_rollouts]: Thread number: 7

[2020-01-31 15:07:18.387639][EnvironmentNew.Environment.log][thread_rollouts]: Thread number: 7, Steps performed: 2000

[2020-01-31 15:07:18.421501][EnvironmentNew.Environment.log][thread_rollouts]: Thread number: 6, Steps performed: 2000

[2020-01-31 15:07:18.422310][EnvironmentNew.Environment.log][thread_rollouts]: Thread number: 9

[2020-01-31 15:07:18.422145][EnvironmentNew.Environment.log][thread_rollouts]: Thread number: 8

[2020-01-31 15:07:22.646344][EnvironmentNew.Environment.log][thread_rollouts]: Thread number: 9, Steps performed: 2000

[2020-01-31 15:07:22.685326][EnvironmentNew.Environment.log][thread_rollouts]: Thread number: 8, Steps performed: 2000

[2020-01-31 15:07:22.686103][EnvironmentNew.Environment.log][thread_rollouts]: Thread number: 11

[2020-01-31 15:07:22.685943][EnvironmentNew.Environment.log][thread_rollouts]: Thread number: 10

[2020-01-31 15:07:26.836090][EnvironmentNew.Environment.log][thread_rollouts]: Thread number: 10, Steps performed: 2000

[2020-01-31 15:07:26.914554][EnvironmentNew.Environment.log][thread_rollouts]: Thread number: 11, Steps performed: 2000

[2020-01-31 15:07:26.949819][__main__.TRPOAgent.log][learning]: Rollouts performed

[2020-01-31 15:07:26.950227][__main__.TRPOAgent.log][batch_info]: Rollout statistics size: 22232, Batch size: 1000

[2020-01-31 15:07:26.950646][__main__.TRPOAgent.log][learning]: 

***************
BEGINNING TRAINING
***************



[2020-01-31 15:07:31.690027][__main__.TRPOAgent.log][linesearch]: Linesearch worked at 0, New mean kl div: tf.Tensor(0.0, shape=(), dtype=float64), New policy loss value: tf.Tensor(0.001629479833519828, shape=(), dtype=float64)

[2020-01-31 15:07:31.690528][__main__.TRPOAgent.log][batch_info]: Current batch value loss: 4.1839200012014493e-07

