LOGGER started at 2020-01-31 15:55:46.536854.
Currently active debug channels:
	act
	batch_info
	linesearch
	learning
	thread_rollouts
[2020-01-31 15:55:46.980467][__main__.TRPOAgent.log][learning]: Episode #0

[2020-01-31 15:55:47.166654][__main__.TRPOAgent.log][learning]: Performing rollouts: rollout length: 2000

[2020-01-31 15:55:47.167217][EnvironmentNew.Environment.log][thread_rollouts]: Thread number: 0

[2020-01-31 15:55:47.167404][EnvironmentNew.Environment.log][thread_rollouts]: Thread number: 1

[2020-01-31 15:55:52.044190][EnvironmentNew.Environment.log][thread_rollouts]: Thread number: 0, Steps performed: 1874

[2020-01-31 15:55:52.092512][EnvironmentNew.Environment.log][thread_rollouts]: Thread number: 1, Steps performed: 2000

[2020-01-31 15:55:52.093326][EnvironmentNew.Environment.log][thread_rollouts]: Thread number: 3

[2020-01-31 15:55:52.093145][EnvironmentNew.Environment.log][thread_rollouts]: Thread number: 2

[2020-01-31 15:55:54.816133][EnvironmentNew.Environment.log][thread_rollouts]: Thread number: 2, Steps performed: 1158

[2020-01-31 15:55:55.687221][EnvironmentNew.Environment.log][thread_rollouts]: Thread number: 3, Steps performed: 2000

[2020-01-31 15:55:55.687934][EnvironmentNew.Environment.log][thread_rollouts]: Thread number: 4

[2020-01-31 15:55:55.688667][EnvironmentNew.Environment.log][thread_rollouts]: Thread number: 5

[2020-01-31 15:56:00.345318][EnvironmentNew.Environment.log][thread_rollouts]: Thread number: 4, Steps performed: 2000

[2020-01-31 15:56:00.425226][EnvironmentNew.Environment.log][thread_rollouts]: Thread number: 5, Steps performed: 2000

[2020-01-31 15:56:00.425812][EnvironmentNew.Environment.log][thread_rollouts]: Thread number: 6

[2020-01-31 15:56:00.425966][EnvironmentNew.Environment.log][thread_rollouts]: Thread number: 7

[2020-01-31 15:56:04.930643][EnvironmentNew.Environment.log][thread_rollouts]: Thread number: 7, Steps performed: 2000

[2020-01-31 15:56:04.947961][EnvironmentNew.Environment.log][thread_rollouts]: Thread number: 6, Steps performed: 2000

[2020-01-31 15:56:04.948955][EnvironmentNew.Environment.log][thread_rollouts]: Thread number: 9

[2020-01-31 15:56:04.948739][EnvironmentNew.Environment.log][thread_rollouts]: Thread number: 8

[2020-01-31 15:56:09.312695][EnvironmentNew.Environment.log][thread_rollouts]: Thread number: 9, Steps performed: 2000

[2020-01-31 15:56:09.329599][EnvironmentNew.Environment.log][thread_rollouts]: Thread number: 8, Steps performed: 2000

[2020-01-31 15:56:09.330448][EnvironmentNew.Environment.log][thread_rollouts]: Thread number: 11

[2020-01-31 15:56:09.330214][EnvironmentNew.Environment.log][thread_rollouts]: Thread number: 10

[2020-01-31 15:56:11.359880][EnvironmentNew.Environment.log][thread_rollouts]: Thread number: 11, Steps performed: 869

[2020-01-31 15:56:12.361866][EnvironmentNew.Environment.log][thread_rollouts]: Thread number: 10, Steps performed: 2000

[2020-01-31 15:56:12.362661][EnvironmentNew.Environment.log][thread_rollouts]: Thread number: 13

[2020-01-31 15:56:12.362511][EnvironmentNew.Environment.log][thread_rollouts]: Thread number: 12

[2020-01-31 15:56:16.904033][EnvironmentNew.Environment.log][thread_rollouts]: Thread number: 13, Steps performed: 2000

[2020-01-31 15:56:16.949801][EnvironmentNew.Environment.log][thread_rollouts]: Thread number: 12, Steps performed: 2000

[2020-01-31 15:56:16.950377][EnvironmentNew.Environment.log][thread_rollouts]: Thread number: 14

[2020-01-31 15:56:18.737885][EnvironmentNew.Environment.log][thread_rollouts]: Thread number: 14, Steps performed: 2000

[2020-01-31 15:56:18.756743][__main__.TRPOAgent.log][learning]: Rollouts performed

[2020-01-31 15:56:18.757108][__main__.TRPOAgent.log][batch_info]: Rollout statistics size: 27901, Batch size: 4000

[2020-01-31 15:56:18.757785][__main__.TRPOAgent.log][learning]: 

***************
BEGINNING TRAINING
***************



[2020-01-31 15:56:23.872720][__main__.TRPOAgent.log][batch_info]: Rollout statistics size: 27901, Batch size: 4000, Number of batches: 7

[2020-01-31 15:56:23.873096][__main__.TRPOAgent.log][learning]: 

***************
BEGINNING TRAINING
***************



[2020-01-31 15:56:23.873379][__main__.TRPOAgent.log][batch_info]: Batch #0, batch length: 4000

[2020-01-31 15:56:25.069007][__main__.TRPOAgent.log][linesearch]: Linesearch failed. Mean kl divergence: tf.Tensor(0.0, shape=(), dtype=float64), Discarded policy loss value: tf.Tensor(-0.014242073379493294, shape=(), dtype=float64)

[2020-01-31 15:56:25.069424][__main__.TRPOAgent.log][batch_info]: Current batch value loss: 0

[2020-01-31 15:56:25.071879][__main__.TRPOAgent.log][batch_info]: Batch #1, batch length: 4000

[2020-01-31 15:56:26.233193][__main__.TRPOAgent.log][linesearch]: Linesearch failed. Mean kl divergence: tf.Tensor(0.0, shape=(), dtype=float64), Discarded policy loss value: tf.Tensor(-0.06598547184594557, shape=(), dtype=float64)

[2020-01-31 15:56:26.233617][__main__.TRPOAgent.log][batch_info]: Current batch value loss: 0

[2020-01-31 15:56:26.236103][__main__.TRPOAgent.log][batch_info]: Batch #2, batch length: 4000

[2020-01-31 15:56:26.897764][__main__.TRPOAgent.log][linesearch]: Linesearch worked at 0, New mean kl div: tf.Tensor(0.0, shape=(), dtype=float64), New policy loss value: tf.Tensor(0.004887768219827245, shape=(), dtype=float64)

[2020-01-31 15:56:26.898202][__main__.TRPOAgent.log][batch_info]: Current batch value loss: 0

[2020-01-31 15:56:26.900717][__main__.TRPOAgent.log][batch_info]: Batch #3, batch length: 4000

[2020-01-31 15:56:27.603865][__main__.TRPOAgent.log][linesearch]: Linesearch worked at 0, New mean kl div: tf.Tensor(0.0, shape=(), dtype=float64), New policy loss value: tf.Tensor(0.00603118942103795, shape=(), dtype=float64)

[2020-01-31 15:56:27.604388][__main__.TRPOAgent.log][batch_info]: Current batch value loss: 0

[2020-01-31 15:56:27.607156][__main__.TRPOAgent.log][batch_info]: Batch #4, batch length: 4000

[2020-01-31 15:56:28.303823][__main__.TRPOAgent.log][linesearch]: Linesearch worked at 0, New mean kl div: tf.Tensor(0.0, shape=(), dtype=float64), New policy loss value: tf.Tensor(0.007463629789336165, shape=(), dtype=float64)

[2020-01-31 15:56:28.304276][__main__.TRPOAgent.log][batch_info]: Current batch value loss: 0

[2020-01-31 15:56:28.306936][__main__.TRPOAgent.log][batch_info]: Batch #5, batch length: 4000

[2020-01-31 15:56:29.789461][__main__.TRPOAgent.log][linesearch]: Linesearch worked at 0, New mean kl div: tf.Tensor(0.0, shape=(), dtype=float64), New policy loss value: tf.Tensor(0.18291670119902437, shape=(), dtype=float64)

[2020-01-31 15:56:29.790087][__main__.TRPOAgent.log][batch_info]: Current batch value loss: 0

[2020-01-31 15:56:29.793032][__main__.TRPOAgent.log][batch_info]: Batch #6, batch length: 3901

[2020-01-31 15:56:31.055878][__main__.TRPOAgent.log][linesearch]: Linesearch worked at 0, New mean kl div: tf.Tensor(0.0, shape=(), dtype=float64), New policy loss value: tf.Tensor(0.017169091032521247, shape=(), dtype=float64)

[2020-01-31 15:56:31.056311][__main__.TRPOAgent.log][batch_info]: Current batch value loss: 0

[2020-01-31 15:57:05.743613][__main__.TRPOAgent.log][learning]: Episode #1

[2020-01-31 15:57:05.744978][__main__.TRPOAgent.log][learning]: Performing rollouts: rollout length: 2000

[2020-01-31 15:57:05.746967][EnvironmentNew.Environment.log][thread_rollouts]: Thread number: 0

[2020-01-31 15:57:05.747776][EnvironmentNew.Environment.log][thread_rollouts]: Thread number: 1

[2020-01-31 15:57:08.871912][EnvironmentNew.Environment.log][thread_rollouts]: Thread number: 1, Steps performed: 1234

[2020-01-31 15:57:09.711131][EnvironmentNew.Environment.log][thread_rollouts]: Thread number: 0, Steps performed: 2000

[2020-01-31 15:57:09.712127][EnvironmentNew.Environment.log][thread_rollouts]: Thread number: 3

[2020-01-31 15:57:09.711772][EnvironmentNew.Environment.log][thread_rollouts]: Thread number: 2

[2020-01-31 15:57:11.984174][EnvironmentNew.Environment.log][thread_rollouts]: Thread number: 2, Steps performed: 924

[2020-01-31 15:57:12.819753][EnvironmentNew.Environment.log][thread_rollouts]: Thread number: 3, Steps performed: 1867

[2020-01-31 15:57:12.820445][EnvironmentNew.Environment.log][thread_rollouts]: Thread number: 4

[2020-01-31 15:57:12.820832][EnvironmentNew.Environment.log][thread_rollouts]: Thread number: 5

[2020-01-31 15:57:17.155154][EnvironmentNew.Environment.log][thread_rollouts]: Thread number: 5, Steps performed: 1851

[2020-01-31 15:57:17.266170][EnvironmentNew.Environment.log][thread_rollouts]: Thread number: 4, Steps performed: 2000

[2020-01-31 15:57:17.267072][EnvironmentNew.Environment.log][thread_rollouts]: Thread number: 7

[2020-01-31 15:57:17.266885][EnvironmentNew.Environment.log][thread_rollouts]: Thread number: 6

[2020-01-31 15:57:19.152316][EnvironmentNew.Environment.log][thread_rollouts]: Thread number: 6, Steps performed: 851

[2020-01-31 15:57:19.497255][EnvironmentNew.Environment.log][thread_rollouts]: Thread number: 7, Steps performed: 1136

[2020-01-31 15:57:19.498056][EnvironmentNew.Environment.log][thread_rollouts]: Thread number: 9

[2020-01-31 15:57:19.497883][EnvironmentNew.Environment.log][thread_rollouts]: Thread number: 8

[2020-01-31 15:57:23.742812][EnvironmentNew.Environment.log][thread_rollouts]: Thread number: 9, Steps performed: 2000

[2020-01-31 15:57:23.822240][EnvironmentNew.Environment.log][thread_rollouts]: Thread number: 8, Steps performed: 2000

[2020-01-31 15:57:23.822942][EnvironmentNew.Environment.log][thread_rollouts]: Thread number: 10

[2020-01-31 15:57:23.823168][EnvironmentNew.Environment.log][thread_rollouts]: Thread number: 11

[2020-01-31 15:57:26.917688][EnvironmentNew.Environment.log][thread_rollouts]: Thread number: 11, Steps performed: 1190

[2020-01-31 15:57:27.712290][EnvironmentNew.Environment.log][thread_rollouts]: Thread number: 10, Steps performed: 2000

[2020-01-31 15:57:27.713210][EnvironmentNew.Environment.log][thread_rollouts]: Thread number: 13

[2020-01-31 15:57:27.712959][EnvironmentNew.Environment.log][thread_rollouts]: Thread number: 12

[2020-01-31 15:57:31.092344][EnvironmentNew.Environment.log][thread_rollouts]: Thread number: 12, Steps performed: 1296

[2020-01-31 15:57:31.148925][EnvironmentNew.Environment.log][thread_rollouts]: Thread number: 13, Steps performed: 1340

[2020-01-31 15:57:31.149545][EnvironmentNew.Environment.log][thread_rollouts]: Thread number: 14

[2020-01-31 15:57:33.090360][EnvironmentNew.Environment.log][thread_rollouts]: Thread number: 14, Steps performed: 1959

[2020-01-31 15:57:33.120394][__main__.TRPOAgent.log][learning]: Rollouts performed

[2020-01-31 15:57:33.120789][__main__.TRPOAgent.log][batch_info]: Rollout statistics size: 23648, Batch size: 4000

[2020-01-31 15:57:33.121272][__main__.TRPOAgent.log][learning]: 

***************
BEGINNING TRAINING
***************



[2020-01-31 15:57:37.893690][__main__.TRPOAgent.log][batch_info]: Rollout statistics size: 23648, Batch size: 4000, Number of batches: 6

[2020-01-31 15:57:37.894105][__main__.TRPOAgent.log][learning]: 

***************
BEGINNING TRAINING
***************



[2020-01-31 15:57:37.894692][__main__.TRPOAgent.log][batch_info]: Batch #0, batch length: 4000

[2020-01-31 15:57:39.486947][__main__.TRPOAgent.log][linesearch]: Linesearch failed. Mean kl divergence: tf.Tensor(0.0, shape=(), dtype=float64), Discarded policy loss value: tf.Tensor(-0.07550887476632949, shape=(), dtype=float64)

[2020-01-31 15:57:39.487377][__main__.TRPOAgent.log][batch_info]: Current batch value loss: 0

[2020-01-31 15:57:39.489857][__main__.TRPOAgent.log][batch_info]: Batch #1, batch length: 4000

[2020-01-31 15:57:40.467685][__main__.TRPOAgent.log][linesearch]: Linesearch worked at 0, New mean kl div: tf.Tensor(0.0, shape=(), dtype=float64), New policy loss value: tf.Tensor(0.06114311603489912, shape=(), dtype=float64)

[2020-01-31 15:57:40.468120][__main__.TRPOAgent.log][batch_info]: Current batch value loss: 0

[2020-01-31 15:57:40.470361][__main__.TRPOAgent.log][batch_info]: Batch #2, batch length: 4000

[2020-01-31 15:57:41.449524][__main__.TRPOAgent.log][linesearch]: Linesearch worked at 0, New mean kl div: tf.Tensor(0.0, shape=(), dtype=float64), New policy loss value: tf.Tensor(0.05156632155154267, shape=(), dtype=float64)

[2020-01-31 15:57:41.449985][__main__.TRPOAgent.log][batch_info]: Current batch value loss: 0

[2020-01-31 15:57:41.458488][__main__.TRPOAgent.log][batch_info]: Batch #3, batch length: 4000

[2020-01-31 15:57:42.499614][__main__.TRPOAgent.log][linesearch]: Linesearch worked at 0, New mean kl div: tf.Tensor(0.0, shape=(), dtype=float64), New policy loss value: tf.Tensor(0.04021482819618508, shape=(), dtype=float64)

[2020-01-31 15:57:42.500138][__main__.TRPOAgent.log][batch_info]: Current batch value loss: 0

[2020-01-31 15:57:42.503174][__main__.TRPOAgent.log][batch_info]: Batch #4, batch length: 4000

[2020-01-31 15:57:44.582068][__main__.TRPOAgent.log][linesearch]: Linesearch failed. Mean kl divergence: tf.Tensor(0.0, shape=(), dtype=float64), Discarded policy loss value: tf.Tensor(-0.08506127583486313, shape=(), dtype=float64)

[2020-01-31 15:57:44.582483][__main__.TRPOAgent.log][batch_info]: Current batch value loss: 0

[2020-01-31 15:57:44.584980][__main__.TRPOAgent.log][batch_info]: Batch #5, batch length: 3648

[2020-01-31 15:57:46.067968][__main__.TRPOAgent.log][linesearch]: Linesearch worked at 0, New mean kl div: tf.Tensor(0.0, shape=(), dtype=float64), New policy loss value: tf.Tensor(0.2742226902642611, shape=(), dtype=float64)

[2020-01-31 15:57:46.068401][__main__.TRPOAgent.log][batch_info]: Current batch value loss: 0

[2020-01-31 15:57:59.262709][__main__.TRPOAgent.log][learning]: Episode #2

[2020-01-31 15:57:59.263183][__main__.TRPOAgent.log][learning]: Performing rollouts: rollout length: 2000

[2020-01-31 15:57:59.264274][EnvironmentNew.Environment.log][thread_rollouts]: Thread number: 1

[2020-01-31 15:57:59.263699][EnvironmentNew.Environment.log][thread_rollouts]: Thread number: 0

[2020-01-31 15:58:00.274464][EnvironmentNew.Environment.log][thread_rollouts]: Thread number: 1, Steps performed: 452

[2020-01-31 15:58:00.841354][EnvironmentNew.Environment.log][thread_rollouts]: Thread number: 0, Steps performed: 1066

[2020-01-31 15:58:00.842079][EnvironmentNew.Environment.log][thread_rollouts]: Thread number: 2

[2020-01-31 15:58:00.842314][EnvironmentNew.Environment.log][thread_rollouts]: Thread number: 3

[2020-01-31 15:58:02.897643][EnvironmentNew.Environment.log][thread_rollouts]: Thread number: 2, Steps performed: 940

[2020-01-31 15:58:02.992167][EnvironmentNew.Environment.log][thread_rollouts]: Thread number: 3, Steps performed: 1013

[2020-01-31 15:58:02.993376][EnvironmentNew.Environment.log][thread_rollouts]: Thread number: 5

[2020-01-31 15:58:02.992951][EnvironmentNew.Environment.log][thread_rollouts]: Thread number: 4

[2020-01-31 15:58:04.545610][EnvironmentNew.Environment.log][thread_rollouts]: Thread number: 5, Steps performed: 735

[2020-01-31 15:58:05.113978][EnvironmentNew.Environment.log][thread_rollouts]: Thread number: 4, Steps performed: 1348

[2020-01-31 15:58:05.114662][EnvironmentNew.Environment.log][thread_rollouts]: Thread number: 6

[2020-01-31 15:58:05.115204][EnvironmentNew.Environment.log][thread_rollouts]: Thread number: 7

[2020-01-31 15:58:06.063394][EnvironmentNew.Environment.log][thread_rollouts]: Thread number: 7, Steps performed: 421

[2020-01-31 15:58:06.262230][EnvironmentNew.Environment.log][thread_rollouts]: Thread number: 6, Steps performed: 638

[2020-01-31 15:58:06.262942][EnvironmentNew.Environment.log][thread_rollouts]: Thread number: 8

[2020-01-31 15:58:06.263375][EnvironmentNew.Environment.log][thread_rollouts]: Thread number: 9

[2020-01-31 15:58:08.415000][EnvironmentNew.Environment.log][thread_rollouts]: Thread number: 9, Steps performed: 1002

[2020-01-31 15:58:08.778759][EnvironmentNew.Environment.log][thread_rollouts]: Thread number: 8, Steps performed: 1356

[2020-01-31 15:58:08.779753][EnvironmentNew.Environment.log][thread_rollouts]: Thread number: 11

[2020-01-31 15:58:08.779426][EnvironmentNew.Environment.log][thread_rollouts]: Thread number: 10

[2020-01-31 15:58:10.680330][EnvironmentNew.Environment.log][thread_rollouts]: Thread number: 10, Steps performed: 891

[2020-01-31 15:58:10.702583][EnvironmentNew.Environment.log][thread_rollouts]: Thread number: 11, Steps performed: 868

[2020-01-31 15:58:10.703454][EnvironmentNew.Environment.log][thread_rollouts]: Thread number: 13

[2020-01-31 15:58:10.703200][EnvironmentNew.Environment.log][thread_rollouts]: Thread number: 12

[2020-01-31 15:58:13.131909][EnvironmentNew.Environment.log][thread_rollouts]: Thread number: 12, Steps performed: 1138

[2020-01-31 15:58:13.195347][EnvironmentNew.Environment.log][thread_rollouts]: Thread number: 13, Steps performed: 1191

[2020-01-31 15:58:13.195951][EnvironmentNew.Environment.log][thread_rollouts]: Thread number: 14

[2020-01-31 15:58:14.207334][EnvironmentNew.Environment.log][thread_rollouts]: Thread number: 14, Steps performed: 1108

[2020-01-31 15:58:14.224874][__main__.TRPOAgent.log][learning]: Rollouts performed

[2020-01-31 15:58:14.225324][__main__.TRPOAgent.log][batch_info]: Rollout statistics size: 14167, Batch size: 4000

[2020-01-31 15:58:14.225819][__main__.TRPOAgent.log][learning]: 

***************
BEGINNING TRAINING
***************



[2020-01-31 15:58:16.990165][__main__.TRPOAgent.log][batch_info]: Rollout statistics size: 14167, Batch size: 4000, Number of batches: 4

[2020-01-31 15:58:16.990552][__main__.TRPOAgent.log][learning]: 

***************
BEGINNING TRAINING
***************



[2020-01-31 15:58:16.990971][__main__.TRPOAgent.log][batch_info]: Batch #0, batch length: 4000

[2020-01-31 15:58:18.450550][__main__.TRPOAgent.log][linesearch]: Linesearch failed. Mean kl divergence: tf.Tensor(0.0, shape=(), dtype=float64), Discarded policy loss value: tf.Tensor(-0.05478290942522797, shape=(), dtype=float64)

[2020-01-31 15:58:18.451040][__main__.TRPOAgent.log][batch_info]: Current batch value loss: 0

[2020-01-31 15:58:18.453718][__main__.TRPOAgent.log][batch_info]: Batch #1, batch length: 4000

[2020-01-31 15:58:19.517077][__main__.TRPOAgent.log][linesearch]: Linesearch worked at 0, New mean kl div: tf.Tensor(0.0, shape=(), dtype=float64), New policy loss value: tf.Tensor(0.373676475273864, shape=(), dtype=float64)

[2020-01-31 15:58:19.517580][__main__.TRPOAgent.log][batch_info]: Current batch value loss: 0

[2020-01-31 15:58:19.520672][__main__.TRPOAgent.log][batch_info]: Batch #2, batch length: 4000

[2020-01-31 15:58:20.586383][__main__.TRPOAgent.log][linesearch]: Linesearch worked at 0, New mean kl div: tf.Tensor(0.0, shape=(), dtype=float64), New policy loss value: tf.Tensor(0.14013614019168655, shape=(), dtype=float64)

[2020-01-31 15:58:20.586882][__main__.TRPOAgent.log][batch_info]: Current batch value loss: 0

[2020-01-31 15:58:20.589649][__main__.TRPOAgent.log][batch_info]: Batch #3, batch length: 2167

[2020-01-31 15:58:21.628574][__main__.TRPOAgent.log][linesearch]: Linesearch worked at 0, New mean kl div: tf.Tensor(0.0, shape=(), dtype=float64), New policy loss value: tf.Tensor(0.03991803036558162, shape=(), dtype=float64)

[2020-01-31 15:58:21.629055][__main__.TRPOAgent.log][batch_info]: Current batch value loss: 0

[2020-01-31 15:58:26.985980][__main__.TRPOAgent.log][learning]: Episode #3

[2020-01-31 15:58:26.986677][__main__.TRPOAgent.log][learning]: Performing rollouts: rollout length: 2000

[2020-01-31 15:58:26.987725][EnvironmentNew.Environment.log][thread_rollouts]: Thread number: 1

[2020-01-31 15:58:26.987401][EnvironmentNew.Environment.log][thread_rollouts]: Thread number: 0

[2020-01-31 15:58:28.186117][EnvironmentNew.Environment.log][thread_rollouts]: Thread number: 0, Steps performed: 548

[2020-01-31 15:58:28.322318][EnvironmentNew.Environment.log][thread_rollouts]: Thread number: 1, Steps performed: 679

[2020-01-31 15:58:28.323210][EnvironmentNew.Environment.log][thread_rollouts]: Thread number: 3

[2020-01-31 15:58:28.323036][EnvironmentNew.Environment.log][thread_rollouts]: Thread number: 2

[2020-01-31 15:58:29.697811][EnvironmentNew.Environment.log][thread_rollouts]: Thread number: 2, Steps performed: 624

[2020-01-31 15:58:29.866749][EnvironmentNew.Environment.log][thread_rollouts]: Thread number: 3, Steps performed: 780

[2020-01-31 15:58:29.867421][EnvironmentNew.Environment.log][thread_rollouts]: Thread number: 4

[2020-01-31 15:58:29.868024][EnvironmentNew.Environment.log][thread_rollouts]: Thread number: 5

[2020-01-31 15:58:30.500852][EnvironmentNew.Environment.log][thread_rollouts]: Thread number: 5, Steps performed: 303

[2020-01-31 15:58:30.900233][EnvironmentNew.Environment.log][thread_rollouts]: Thread number: 4, Steps performed: 704

[2020-01-31 15:58:30.900925][EnvironmentNew.Environment.log][thread_rollouts]: Thread number: 6

[2020-01-31 15:58:30.901460][EnvironmentNew.Environment.log][thread_rollouts]: Thread number: 7

[2020-01-31 15:58:31.892449][EnvironmentNew.Environment.log][thread_rollouts]: Thread number: 7, Steps performed: 474

[2020-01-31 15:58:32.046443][EnvironmentNew.Environment.log][thread_rollouts]: Thread number: 6, Steps performed: 582

[2020-01-31 15:58:32.047493][EnvironmentNew.Environment.log][thread_rollouts]: Thread number: 9

[2020-01-31 15:58:32.047164][EnvironmentNew.Environment.log][thread_rollouts]: Thread number: 8

[2020-01-31 15:58:33.358763][EnvironmentNew.Environment.log][thread_rollouts]: Thread number: 8, Steps performed: 593

[2020-01-31 15:58:33.489506][EnvironmentNew.Environment.log][thread_rollouts]: Thread number: 9, Steps performed: 713

[2020-01-31 15:58:33.490199][EnvironmentNew.Environment.log][thread_rollouts]: Thread number: 10

[2020-01-31 15:58:33.490548][EnvironmentNew.Environment.log][thread_rollouts]: Thread number: 11

[2020-01-31 15:58:34.136546][EnvironmentNew.Environment.log][thread_rollouts]: Thread number: 10, Steps performed: 312

[2020-01-31 15:58:34.678089][EnvironmentNew.Environment.log][thread_rollouts]: Thread number: 11, Steps performed: 857

[2020-01-31 15:58:34.679142][EnvironmentNew.Environment.log][thread_rollouts]: Thread number: 13

[2020-01-31 15:58:34.678782][EnvironmentNew.Environment.log][thread_rollouts]: Thread number: 12

[2020-01-31 15:58:36.160042][EnvironmentNew.Environment.log][thread_rollouts]: Thread number: 12, Steps performed: 673

[2020-01-31 15:58:36.296134][EnvironmentNew.Environment.log][thread_rollouts]: Thread number: 13, Steps performed: 823

[2020-01-31 15:58:36.296753][EnvironmentNew.Environment.log][thread_rollouts]: Thread number: 14

[2020-01-31 15:58:36.889231][EnvironmentNew.Environment.log][thread_rollouts]: Thread number: 14, Steps performed: 641

[2020-01-31 15:58:36.906309][__main__.TRPOAgent.log][learning]: Rollouts performed

[2020-01-31 15:58:36.906866][__main__.TRPOAgent.log][batch_info]: Rollout statistics size: 9306, Batch size: 4000

[2020-01-31 15:58:36.907410][__main__.TRPOAgent.log][learning]: 

***************
BEGINNING TRAINING
***************



[2020-01-31 15:58:38.923421][__main__.TRPOAgent.log][batch_info]: Rollout statistics size: 9306, Batch size: 4000, Number of batches: 3

[2020-01-31 15:58:38.923822][__main__.TRPOAgent.log][learning]: 

***************
BEGINNING TRAINING
***************



[2020-01-31 15:58:38.924322][__main__.TRPOAgent.log][batch_info]: Batch #0, batch length: 4000

[2020-01-31 15:58:40.001037][__main__.TRPOAgent.log][linesearch]: Linesearch failed. Mean kl divergence: tf.Tensor(0.0, shape=(), dtype=float64), Discarded policy loss value: tf.Tensor(-0.05354682426263218, shape=(), dtype=float64)

[2020-01-31 15:58:40.001504][__main__.TRPOAgent.log][batch_info]: Current batch value loss: 0

[2020-01-31 15:58:40.004192][__main__.TRPOAgent.log][batch_info]: Batch #1, batch length: 4000

[2020-01-31 15:58:40.763388][__main__.TRPOAgent.log][linesearch]: Linesearch worked at 0, New mean kl div: tf.Tensor(0.0, shape=(), dtype=float64), New policy loss value: tf.Tensor(0.10032851561771566, shape=(), dtype=float64)

[2020-01-31 15:58:40.763906][__main__.TRPOAgent.log][batch_info]: Current batch value loss: 0

[2020-01-31 15:58:40.767105][__main__.TRPOAgent.log][batch_info]: Batch #2, batch length: 1306

[2020-01-31 15:58:41.524131][__main__.TRPOAgent.log][linesearch]: Linesearch worked at 0, New mean kl div: tf.Tensor(0.0, shape=(), dtype=float64), New policy loss value: tf.Tensor(0.1379869129518783, shape=(), dtype=float64)

[2020-01-31 15:58:41.524615][__main__.TRPOAgent.log][batch_info]: Current batch value loss: 0

[2020-01-31 15:58:52.291459][__main__.TRPOAgent.log][learning]: Episode #4

[2020-01-31 15:58:52.291819][__main__.TRPOAgent.log][learning]: Performing rollouts: rollout length: 2000

[2020-01-31 15:58:52.292183][EnvironmentNew.Environment.log][thread_rollouts]: Thread number: 0

[2020-01-31 15:58:52.292352][EnvironmentNew.Environment.log][thread_rollouts]: Thread number: 1

[2020-01-31 15:58:52.926787][EnvironmentNew.Environment.log][thread_rollouts]: Thread number: 0, Steps performed: 295

[2020-01-31 15:58:53.593377][EnvironmentNew.Environment.log][thread_rollouts]: Thread number: 1, Steps performed: 1000

[2020-01-31 15:58:53.594061][EnvironmentNew.Environment.log][thread_rollouts]: Thread number: 2

[2020-01-31 15:58:53.594295][EnvironmentNew.Environment.log][thread_rollouts]: Thread number: 3

[2020-01-31 15:58:55.443333][EnvironmentNew.Environment.log][thread_rollouts]: Thread number: 2, Steps performed: 879

[2020-01-31 15:58:55.488650][EnvironmentNew.Environment.log][thread_rollouts]: Thread number: 3, Steps performed: 878

[2020-01-31 15:58:55.489462][EnvironmentNew.Environment.log][thread_rollouts]: Thread number: 5

[2020-01-31 15:58:55.489259][EnvironmentNew.Environment.log][thread_rollouts]: Thread number: 4

[2020-01-31 15:58:56.450390][EnvironmentNew.Environment.log][thread_rollouts]: Thread number: 5, Steps performed: 454

[2020-01-31 15:58:56.916222][EnvironmentNew.Environment.log][thread_rollouts]: Thread number: 4, Steps performed: 943

[2020-01-31 15:58:56.916924][EnvironmentNew.Environment.log][thread_rollouts]: Thread number: 6

[2020-01-31 15:58:56.917283][EnvironmentNew.Environment.log][thread_rollouts]: Thread number: 7

[2020-01-31 15:58:57.867060][EnvironmentNew.Environment.log][thread_rollouts]: Thread number: 6, Steps performed: 452

[2020-01-31 15:58:58.294669][EnvironmentNew.Environment.log][thread_rollouts]: Thread number: 7, Steps performed: 882

[2020-01-31 15:58:58.295495][EnvironmentNew.Environment.log][thread_rollouts]: Thread number: 8

[2020-01-31 15:58:58.295979][EnvironmentNew.Environment.log][thread_rollouts]: Thread number: 9

[2020-01-31 15:58:59.295708][EnvironmentNew.Environment.log][thread_rollouts]: Thread number: 9, Steps performed: 443

[2020-01-31 15:58:59.734122][EnvironmentNew.Environment.log][thread_rollouts]: Thread number: 8, Steps performed: 915

[2020-01-31 15:58:59.734841][EnvironmentNew.Environment.log][thread_rollouts]: Thread number: 10

[2020-01-31 15:58:59.735206][EnvironmentNew.Environment.log][thread_rollouts]: Thread number: 11

[2020-01-31 15:59:00.757185][EnvironmentNew.Environment.log][thread_rollouts]: Thread number: 10, Steps performed: 448

[2020-01-31 15:59:01.022435][EnvironmentNew.Environment.log][thread_rollouts]: Thread number: 11, Steps performed: 723

[2020-01-31 15:59:01.023261][EnvironmentNew.Environment.log][thread_rollouts]: Thread number: 13

[2020-01-31 15:59:01.023082][EnvironmentNew.Environment.log][thread_rollouts]: Thread number: 12

[2020-01-31 15:59:02.006650][EnvironmentNew.Environment.log][thread_rollouts]: Thread number: 12, Steps performed: 452

[2020-01-31 15:59:02.033623][EnvironmentNew.Environment.log][thread_rollouts]: Thread number: 13, Steps performed: 477

[2020-01-31 15:59:02.034248][EnvironmentNew.Environment.log][thread_rollouts]: Thread number: 14

[2020-01-31 15:59:02.585932][EnvironmentNew.Environment.log][thread_rollouts]: Thread number: 14, Steps performed: 594

[2020-01-31 15:59:02.593925][__main__.TRPOAgent.log][learning]: Rollouts performed

[2020-01-31 15:59:02.594472][__main__.TRPOAgent.log][batch_info]: Rollout statistics size: 9835, Batch size: 4000

[2020-01-31 15:59:02.594744][__main__.TRPOAgent.log][learning]: 

***************
BEGINNING TRAINING
***************



[2020-01-31 15:59:04.535947][__main__.TRPOAgent.log][batch_info]: Rollout statistics size: 9835, Batch size: 4000, Number of batches: 3

[2020-01-31 15:59:04.536302][__main__.TRPOAgent.log][learning]: 

***************
BEGINNING TRAINING
***************



[2020-01-31 15:59:04.536667][__main__.TRPOAgent.log][batch_info]: Batch #0, batch length: 4000

[2020-01-31 15:59:05.316992][__main__.TRPOAgent.log][linesearch]: Linesearch worked at 0, New mean kl div: tf.Tensor(0.0, shape=(), dtype=float64), New policy loss value: tf.Tensor(0.02944345025551314, shape=(), dtype=float64)

[2020-01-31 15:59:05.317504][__main__.TRPOAgent.log][batch_info]: Current batch value loss: 0

[2020-01-31 15:59:05.320499][__main__.TRPOAgent.log][batch_info]: Batch #1, batch length: 4000

[2020-01-31 15:59:06.123242][__main__.TRPOAgent.log][linesearch]: Linesearch worked at 0, New mean kl div: tf.Tensor(0.0, shape=(), dtype=float64), New policy loss value: tf.Tensor(0.023935781277875802, shape=(), dtype=float64)

[2020-01-31 15:59:06.123700][__main__.TRPOAgent.log][batch_info]: Current batch value loss: 0

[2020-01-31 15:59:06.126116][__main__.TRPOAgent.log][batch_info]: Batch #2, batch length: 1835

[2020-01-31 15:59:06.908282][__main__.TRPOAgent.log][linesearch]: Linesearch worked at 0, New mean kl div: tf.Tensor(0.0, shape=(), dtype=float64), New policy loss value: tf.Tensor(0.16290124917254356, shape=(), dtype=float64)

[2020-01-31 15:59:06.908759][__main__.TRPOAgent.log][batch_info]: Current batch value loss: 0

[2020-01-31 15:59:18.519080][__main__.TRPOAgent.log][learning]: Episode #5

[2020-01-31 15:59:18.519546][__main__.TRPOAgent.log][learning]: Performing rollouts: rollout length: 2000

[2020-01-31 15:59:18.520049][EnvironmentNew.Environment.log][thread_rollouts]: Thread number: 0

[2020-01-31 15:59:18.520374][EnvironmentNew.Environment.log][thread_rollouts]: Thread number: 1

[2020-01-31 15:59:19.311355][EnvironmentNew.Environment.log][thread_rollouts]: Thread number: 1, Steps performed: 373

[2020-01-31 15:59:19.417650][EnvironmentNew.Environment.log][thread_rollouts]: Thread number: 0, Steps performed: 409

[2020-01-31 15:59:19.418575][EnvironmentNew.Environment.log][thread_rollouts]: Thread number: 3

[2020-01-31 15:59:19.418395][EnvironmentNew.Environment.log][thread_rollouts]: Thread number: 2

[2020-01-31 15:59:19.997624][EnvironmentNew.Environment.log][thread_rollouts]: Thread number: 3, Steps performed: 258

[2020-01-31 15:59:20.086215][EnvironmentNew.Environment.log][thread_rollouts]: Thread number: 2, Steps performed: 328

[2020-01-31 15:59:20.087079][EnvironmentNew.Environment.log][thread_rollouts]: Thread number: 5

[2020-01-31 15:59:20.086859][EnvironmentNew.Environment.log][thread_rollouts]: Thread number: 4

[2020-01-31 15:59:21.133577][EnvironmentNew.Environment.log][thread_rollouts]: Thread number: 4, Steps performed: 450

[2020-01-31 15:59:21.368057][EnvironmentNew.Environment.log][thread_rollouts]: Thread number: 5, Steps performed: 663

[2020-01-31 15:59:21.368809][EnvironmentNew.Environment.log][thread_rollouts]: Thread number: 6

[2020-01-31 15:59:21.369064][EnvironmentNew.Environment.log][thread_rollouts]: Thread number: 7

[2020-01-31 15:59:22.193031][EnvironmentNew.Environment.log][thread_rollouts]: Thread number: 7, Steps performed: 323

[2020-01-31 15:59:22.212989][EnvironmentNew.Environment.log][thread_rollouts]: Thread number: 6, Steps performed: 351

[2020-01-31 15:59:22.213622][EnvironmentNew.Environment.log][thread_rollouts]: Thread number: 8

[2020-01-31 15:59:22.213812][EnvironmentNew.Environment.log][thread_rollouts]: Thread number: 9

[2020-01-31 15:59:22.967465][EnvironmentNew.Environment.log][thread_rollouts]: Thread number: 9, Steps performed: 320

[2020-01-31 15:59:23.020462][EnvironmentNew.Environment.log][thread_rollouts]: Thread number: 8, Steps performed: 359

[2020-01-31 15:59:23.021112][EnvironmentNew.Environment.log][thread_rollouts]: Thread number: 10

[2020-01-31 15:59:23.021399][EnvironmentNew.Environment.log][thread_rollouts]: Thread number: 11

[2020-01-31 15:59:23.824340][EnvironmentNew.Environment.log][thread_rollouts]: Thread number: 11, Steps performed: 335

[2020-01-31 15:59:23.930448][EnvironmentNew.Environment.log][thread_rollouts]: Thread number: 10, Steps performed: 440

[2020-01-31 15:59:23.931365][EnvironmentNew.Environment.log][thread_rollouts]: Thread number: 13

[2020-01-31 15:59:23.931146][EnvironmentNew.Environment.log][thread_rollouts]: Thread number: 12

[2020-01-31 15:59:24.666646][EnvironmentNew.Environment.log][thread_rollouts]: Thread number: 13, Steps performed: 319

[2020-01-31 15:59:25.016249][EnvironmentNew.Environment.log][thread_rollouts]: Thread number: 12, Steps performed: 651

[2020-01-31 15:59:25.017017][EnvironmentNew.Environment.log][thread_rollouts]: Thread number: 14

[2020-01-31 15:59:25.444119][EnvironmentNew.Environment.log][thread_rollouts]: Thread number: 14, Steps performed: 423

[2020-01-31 15:59:25.450519][__main__.TRPOAgent.log][learning]: Rollouts performed

[2020-01-31 15:59:25.450875][__main__.TRPOAgent.log][batch_info]: Rollout statistics size: 6002, Batch size: 4000

[2020-01-31 15:59:25.451169][__main__.TRPOAgent.log][learning]: 

***************
BEGINNING TRAINING
***************



[2020-01-31 15:59:26.796386][__main__.TRPOAgent.log][batch_info]: Rollout statistics size: 6002, Batch size: 4000, Number of batches: 2

[2020-01-31 15:59:26.796751][__main__.TRPOAgent.log][learning]: 

***************
BEGINNING TRAINING
***************



[2020-01-31 15:59:26.797016][__main__.TRPOAgent.log][batch_info]: Batch #0, batch length: 4000

[2020-01-31 15:59:27.628531][__main__.TRPOAgent.log][linesearch]: Linesearch failed. Mean kl divergence: tf.Tensor(0.0, shape=(), dtype=float64), Discarded policy loss value: tf.Tensor(-0.03161860899044671, shape=(), dtype=float64)

[2020-01-31 15:59:27.629035][__main__.TRPOAgent.log][batch_info]: Current batch value loss: 0

[2020-01-31 15:59:27.631988][__main__.TRPOAgent.log][batch_info]: Batch #1, batch length: 2002

[2020-01-31 15:59:28.192666][__main__.TRPOAgent.log][linesearch]: Linesearch worked at 0, New mean kl div: tf.Tensor(0.0, shape=(), dtype=float64), New policy loss value: tf.Tensor(0.08291267737145204, shape=(), dtype=float64)

[2020-01-31 15:59:28.193126][__main__.TRPOAgent.log][batch_info]: Current batch value loss: 0

[2020-01-31 15:59:34.472972][__main__.TRPOAgent.log][learning]: Episode #6

[2020-01-31 15:59:34.473329][__main__.TRPOAgent.log][learning]: Performing rollouts: rollout length: 2000

[2020-01-31 15:59:34.473727][EnvironmentNew.Environment.log][thread_rollouts]: Thread number: 0

[2020-01-31 15:59:34.474251][EnvironmentNew.Environment.log][thread_rollouts]: Thread number: 1

[2020-01-31 15:59:34.975012][EnvironmentNew.Environment.log][thread_rollouts]: Thread number: 0, Steps performed: 215

[2020-01-31 15:59:35.159087][EnvironmentNew.Environment.log][thread_rollouts]: Thread number: 1, Steps performed: 429

[2020-01-31 15:59:35.159944][EnvironmentNew.Environment.log][thread_rollouts]: Thread number: 3

[2020-01-31 15:59:35.159758][EnvironmentNew.Environment.log][thread_rollouts]: Thread number: 2

[2020-01-31 15:59:35.783558][EnvironmentNew.Environment.log][thread_rollouts]: Thread number: 3, Steps performed: 284

[2020-01-31 15:59:35.870512][EnvironmentNew.Environment.log][thread_rollouts]: Thread number: 2, Steps performed: 371

[2020-01-31 15:59:35.871199][EnvironmentNew.Environment.log][thread_rollouts]: Thread number: 4

[2020-01-31 15:59:35.871595][EnvironmentNew.Environment.log][thread_rollouts]: Thread number: 5

[2020-01-31 15:59:36.543756][EnvironmentNew.Environment.log][thread_rollouts]: Thread number: 5, Steps performed: 289

[2020-01-31 15:59:36.584135][EnvironmentNew.Environment.log][thread_rollouts]: Thread number: 4, Steps performed: 351

[2020-01-31 15:59:36.584708][EnvironmentNew.Environment.log][thread_rollouts]: Thread number: 6

[2020-01-31 15:59:36.585058][EnvironmentNew.Environment.log][thread_rollouts]: Thread number: 7

[2020-01-31 15:59:37.471666][EnvironmentNew.Environment.log][thread_rollouts]: Thread number: 6, Steps performed: 406

[2020-01-31 15:59:37.529984][EnvironmentNew.Environment.log][thread_rollouts]: Thread number: 7, Steps performed: 426

[2020-01-31 15:59:37.530624][EnvironmentNew.Environment.log][thread_rollouts]: Thread number: 8

[2020-01-31 15:59:37.530874][EnvironmentNew.Environment.log][thread_rollouts]: Thread number: 9

[2020-01-31 15:59:38.136221][EnvironmentNew.Environment.log][thread_rollouts]: Thread number: 9, Steps performed: 264

[2020-01-31 15:59:38.240099][EnvironmentNew.Environment.log][thread_rollouts]: Thread number: 8, Steps performed: 375

[2020-01-31 15:59:38.240777][EnvironmentNew.Environment.log][thread_rollouts]: Thread number: 10

[2020-01-31 15:59:38.240979][EnvironmentNew.Environment.log][thread_rollouts]: Thread number: 11

[2020-01-31 15:59:39.134263][EnvironmentNew.Environment.log][thread_rollouts]: Thread number: 11, Steps performed: 406

[2020-01-31 15:59:39.207349][EnvironmentNew.Environment.log][thread_rollouts]: Thread number: 10, Steps performed: 469

[2020-01-31 15:59:39.208224][EnvironmentNew.Environment.log][thread_rollouts]: Thread number: 12

[2020-01-31 15:59:39.208393][EnvironmentNew.Environment.log][thread_rollouts]: Thread number: 13

[2020-01-31 15:59:39.852756][EnvironmentNew.Environment.log][thread_rollouts]: Thread number: 13, Steps performed: 297

[2020-01-31 15:59:39.999130][EnvironmentNew.Environment.log][thread_rollouts]: Thread number: 12, Steps performed: 437

[2020-01-31 15:59:39.999836][EnvironmentNew.Environment.log][thread_rollouts]: Thread number: 14

[2020-01-31 15:59:40.363883][EnvironmentNew.Environment.log][thread_rollouts]: Thread number: 14, Steps performed: 396

[2020-01-31 15:59:40.369051][__main__.TRPOAgent.log][learning]: Rollouts performed

[2020-01-31 15:59:40.369400][__main__.TRPOAgent.log][batch_info]: Rollout statistics size: 5415, Batch size: 4000

[2020-01-31 15:59:40.369643][__main__.TRPOAgent.log][learning]: 

***************
BEGINNING TRAINING
***************



[2020-01-31 15:59:41.597903][__main__.TRPOAgent.log][batch_info]: Rollout statistics size: 5415, Batch size: 4000, Number of batches: 2

[2020-01-31 15:59:41.598259][__main__.TRPOAgent.log][learning]: 

***************
BEGINNING TRAINING
***************



[2020-01-31 15:59:41.598669][__main__.TRPOAgent.log][batch_info]: Batch #0, batch length: 4000

[2020-01-31 15:59:42.137274][__main__.TRPOAgent.log][linesearch]: Linesearch worked at 0, New mean kl div: tf.Tensor(0.0, shape=(), dtype=float64), New policy loss value: tf.Tensor(0.03469787623175311, shape=(), dtype=float64)

[2020-01-31 15:59:42.137732][__main__.TRPOAgent.log][batch_info]: Current batch value loss: 0

[2020-01-31 15:59:42.141703][__main__.TRPOAgent.log][batch_info]: Batch #1, batch length: 1415

[2020-01-31 15:59:42.662331][__main__.TRPOAgent.log][linesearch]: Linesearch worked at 0, New mean kl div: tf.Tensor(0.0, shape=(), dtype=float64), New policy loss value: tf.Tensor(0.11427048264802694, shape=(), dtype=float64)

[2020-01-31 15:59:42.662831][__main__.TRPOAgent.log][batch_info]: Current batch value loss: 0

[2020-01-31 15:59:48.669826][__main__.TRPOAgent.log][learning]: Episode #7

[2020-01-31 15:59:48.670412][__main__.TRPOAgent.log][learning]: Performing rollouts: rollout length: 2000

[2020-01-31 15:59:48.671010][EnvironmentNew.Environment.log][thread_rollouts]: Thread number: 0

[2020-01-31 15:59:48.671671][EnvironmentNew.Environment.log][thread_rollouts]: Thread number: 1

[2020-01-31 15:59:49.496133][EnvironmentNew.Environment.log][thread_rollouts]: Thread number: 0, Steps performed: 391

[2020-01-31 15:59:49.578457][EnvironmentNew.Environment.log][thread_rollouts]: Thread number: 1, Steps performed: 443

[2020-01-31 15:59:49.579313][EnvironmentNew.Environment.log][thread_rollouts]: Thread number: 3

[2020-01-31 15:59:49.579146][EnvironmentNew.Environment.log][thread_rollouts]: Thread number: 2

[2020-01-31 15:59:50.246422][EnvironmentNew.Environment.log][thread_rollouts]: Thread number: 3, Steps performed: 307

[2020-01-31 15:59:50.293959][EnvironmentNew.Environment.log][thread_rollouts]: Thread number: 2, Steps performed: 347

[2020-01-31 15:59:50.294586][EnvironmentNew.Environment.log][thread_rollouts]: Thread number: 4

[2020-01-31 15:59:50.294875][EnvironmentNew.Environment.log][thread_rollouts]: Thread number: 5

[2020-01-31 15:59:51.021385][EnvironmentNew.Environment.log][thread_rollouts]: Thread number: 5, Steps performed: 328

[2020-01-31 15:59:51.074991][EnvironmentNew.Environment.log][thread_rollouts]: Thread number: 4, Steps performed: 372

[2020-01-31 15:59:51.075637][EnvironmentNew.Environment.log][thread_rollouts]: Thread number: 6

[2020-01-31 15:59:51.075972][EnvironmentNew.Environment.log][thread_rollouts]: Thread number: 7

[2020-01-31 15:59:51.652089][EnvironmentNew.Environment.log][thread_rollouts]: Thread number: 7, Steps performed: 244

[2020-01-31 15:59:51.889244][EnvironmentNew.Environment.log][thread_rollouts]: Thread number: 6, Steps performed: 443

[2020-01-31 15:59:51.889917][EnvironmentNew.Environment.log][thread_rollouts]: Thread number: 8

[2020-01-31 15:59:51.890292][EnvironmentNew.Environment.log][thread_rollouts]: Thread number: 9

[2020-01-31 15:59:52.632524][EnvironmentNew.Environment.log][thread_rollouts]: Thread number: 9, Steps performed: 320

[2020-01-31 15:59:52.642170][EnvironmentNew.Environment.log][thread_rollouts]: Thread number: 8, Steps performed: 325

[2020-01-31 15:59:52.642965][EnvironmentNew.Environment.log][thread_rollouts]: Thread number: 10

[2020-01-31 15:59:52.643208][EnvironmentNew.Environment.log][thread_rollouts]: Thread number: 11

[2020-01-31 15:59:53.279980][EnvironmentNew.Environment.log][thread_rollouts]: Thread number: 11, Steps performed: 293

[2020-01-31 15:59:53.359916][EnvironmentNew.Environment.log][thread_rollouts]: Thread number: 10, Steps performed: 354

[2020-01-31 15:59:53.360742][EnvironmentNew.Environment.log][thread_rollouts]: Thread number: 12

[2020-01-31 15:59:53.361289][EnvironmentNew.Environment.log][thread_rollouts]: Thread number: 13

[2020-01-31 15:59:54.100732][EnvironmentNew.Environment.log][thread_rollouts]: Thread number: 13, Steps performed: 345

[2020-01-31 15:59:54.124863][EnvironmentNew.Environment.log][thread_rollouts]: Thread number: 12, Steps performed: 345

[2020-01-31 15:59:54.125472][EnvironmentNew.Environment.log][thread_rollouts]: Thread number: 14

[2020-01-31 15:59:54.380851][EnvironmentNew.Environment.log][thread_rollouts]: Thread number: 14, Steps performed: 264

[2020-01-31 15:59:54.386123][__main__.TRPOAgent.log][learning]: Rollouts performed

[2020-01-31 15:59:54.386514][__main__.TRPOAgent.log][batch_info]: Rollout statistics size: 5121, Batch size: 4000

[2020-01-31 15:59:54.386751][__main__.TRPOAgent.log][learning]: 

***************
BEGINNING TRAINING
***************



[2020-01-31 15:59:55.597315][__main__.TRPOAgent.log][batch_info]: Rollout statistics size: 5121, Batch size: 4000, Number of batches: 2

[2020-01-31 15:59:55.597683][__main__.TRPOAgent.log][learning]: 

***************
BEGINNING TRAINING
***************



[2020-01-31 15:59:55.598074][__main__.TRPOAgent.log][batch_info]: Batch #0, batch length: 4000

[2020-01-31 15:59:56.386317][__main__.TRPOAgent.log][linesearch]: Linesearch failed. Mean kl divergence: tf.Tensor(0.0, shape=(), dtype=float64), Discarded policy loss value: tf.Tensor(-0.02627232777458443, shape=(), dtype=float64)

[2020-01-31 15:59:56.386780][__main__.TRPOAgent.log][batch_info]: Current batch value loss: 0

[2020-01-31 15:59:56.389647][__main__.TRPOAgent.log][batch_info]: Batch #1, batch length: 1121

[2020-01-31 15:59:56.902737][__main__.TRPOAgent.log][linesearch]: Linesearch worked at 0, New mean kl div: tf.Tensor(0.0, shape=(), dtype=float64), New policy loss value: tf.Tensor(0.125324260858979, shape=(), dtype=float64)

[2020-01-31 15:59:56.903233][__main__.TRPOAgent.log][batch_info]: Current batch value loss: 0

[2020-01-31 16:00:02.810294][__main__.TRPOAgent.log][learning]: Episode #8

[2020-01-31 16:00:02.810659][__main__.TRPOAgent.log][learning]: Performing rollouts: rollout length: 2000

[2020-01-31 16:00:02.811069][EnvironmentNew.Environment.log][thread_rollouts]: Thread number: 0

[2020-01-31 16:00:02.811327][EnvironmentNew.Environment.log][thread_rollouts]: Thread number: 1

[2020-01-31 16:00:03.606439][EnvironmentNew.Environment.log][thread_rollouts]: Thread number: 1, Steps performed: 354

[2020-01-31 16:00:03.715348][EnvironmentNew.Environment.log][thread_rollouts]: Thread number: 0, Steps performed: 467

[2020-01-31 16:00:03.716043][EnvironmentNew.Environment.log][thread_rollouts]: Thread number: 2

[2020-01-31 16:00:03.716362][EnvironmentNew.Environment.log][thread_rollouts]: Thread number: 3

[2020-01-31 16:00:04.975594][EnvironmentNew.Environment.log][thread_rollouts]: Thread number: 2, Steps performed: 597

[2020-01-31 16:00:05.119267][EnvironmentNew.Environment.log][thread_rollouts]: Thread number: 3, Steps performed: 707

[2020-01-31 16:00:05.119965][EnvironmentNew.Environment.log][thread_rollouts]: Thread number: 4

[2020-01-31 16:00:05.120805][EnvironmentNew.Environment.log][thread_rollouts]: Thread number: 5

[2020-01-31 16:00:05.535399][EnvironmentNew.Environment.log][thread_rollouts]: Thread number: 4, Steps performed: 197

[2020-01-31 16:00:05.651991][EnvironmentNew.Environment.log][thread_rollouts]: Thread number: 5, Steps performed: 289

[2020-01-31 16:00:05.652670][EnvironmentNew.Environment.log][thread_rollouts]: Thread number: 6

[2020-01-31 16:00:05.653246][EnvironmentNew.Environment.log][thread_rollouts]: Thread number: 7

[2020-01-31 16:00:06.570454][EnvironmentNew.Environment.log][thread_rollouts]: Thread number: 7, Steps performed: 400

[2020-01-31 16:00:06.699088][EnvironmentNew.Environment.log][thread_rollouts]: Thread number: 6, Steps performed: 498

[2020-01-31 16:00:06.699790][EnvironmentNew.Environment.log][thread_rollouts]: Thread number: 8

[2020-01-31 16:00:06.700199][EnvironmentNew.Environment.log][thread_rollouts]: Thread number: 9

[2020-01-31 16:00:07.112561][EnvironmentNew.Environment.log][thread_rollouts]: Thread number: 8, Steps performed: 198

[2020-01-31 16:00:07.313529][EnvironmentNew.Environment.log][thread_rollouts]: Thread number: 9, Steps performed: 378

[2020-01-31 16:00:07.314297][EnvironmentNew.Environment.log][thread_rollouts]: Thread number: 10

[2020-01-31 16:00:07.314813][EnvironmentNew.Environment.log][thread_rollouts]: Thread number: 11

[2020-01-31 16:00:08.133280][EnvironmentNew.Environment.log][thread_rollouts]: Thread number: 11, Steps performed: 385

[2020-01-31 16:00:08.144114][EnvironmentNew.Environment.log][thread_rollouts]: Thread number: 10, Steps performed: 390

[2020-01-31 16:00:08.144823][EnvironmentNew.Environment.log][thread_rollouts]: Thread number: 13

[2020-01-31 16:00:08.144684][EnvironmentNew.Environment.log][thread_rollouts]: Thread number: 12

[2020-01-31 16:00:09.018187][EnvironmentNew.Environment.log][thread_rollouts]: Thread number: 13, Steps performed: 354

[2020-01-31 16:00:09.025352][EnvironmentNew.Environment.log][thread_rollouts]: Thread number: 12, Steps performed: 391

[2020-01-31 16:00:09.026075][EnvironmentNew.Environment.log][thread_rollouts]: Thread number: 14

[2020-01-31 16:00:09.473245][EnvironmentNew.Environment.log][thread_rollouts]: Thread number: 14, Steps performed: 474

[2020-01-31 16:00:09.478463][__main__.TRPOAgent.log][learning]: Rollouts performed

[2020-01-31 16:00:09.478810][__main__.TRPOAgent.log][batch_info]: Rollout statistics size: 6079, Batch size: 4000

[2020-01-31 16:00:09.479053][__main__.TRPOAgent.log][learning]: 

***************
BEGINNING TRAINING
***************



[2020-01-31 16:00:10.927665][__main__.TRPOAgent.log][batch_info]: Rollout statistics size: 6079, Batch size: 4000, Number of batches: 2

[2020-01-31 16:00:10.928092][__main__.TRPOAgent.log][learning]: 

***************
BEGINNING TRAINING
***************



[2020-01-31 16:00:10.928530][__main__.TRPOAgent.log][batch_info]: Batch #0, batch length: 4000

[2020-01-31 16:00:11.777264][__main__.TRPOAgent.log][linesearch]: Linesearch failed. Mean kl divergence: tf.Tensor(0.0, shape=(), dtype=float64), Discarded policy loss value: tf.Tensor(-0.034266202794966914, shape=(), dtype=float64)

[2020-01-31 16:00:11.777706][__main__.TRPOAgent.log][batch_info]: Current batch value loss: 0

[2020-01-31 16:00:11.780406][__main__.TRPOAgent.log][batch_info]: Batch #1, batch length: 2079

[2020-01-31 16:00:12.346404][__main__.TRPOAgent.log][linesearch]: Linesearch worked at 0, New mean kl div: tf.Tensor(0.0, shape=(), dtype=float64), New policy loss value: tf.Tensor(0.09742206564862017, shape=(), dtype=float64)

[2020-01-31 16:00:12.347021][__main__.TRPOAgent.log][batch_info]: Current batch value loss: 0

[2020-01-31 16:00:20.708176][__main__.TRPOAgent.log][learning]: Episode #9

[2020-01-31 16:00:20.708534][__main__.TRPOAgent.log][learning]: Performing rollouts: rollout length: 2000

[2020-01-31 16:00:20.708904][EnvironmentNew.Environment.log][thread_rollouts]: Thread number: 0

[2020-01-31 16:00:20.709463][EnvironmentNew.Environment.log][thread_rollouts]: Thread number: 1

[2020-01-31 16:00:21.448116][EnvironmentNew.Environment.log][thread_rollouts]: Thread number: 1, Steps performed: 345

[2020-01-31 16:00:21.534148][EnvironmentNew.Environment.log][thread_rollouts]: Thread number: 0, Steps performed: 415

[2020-01-31 16:00:21.534761][EnvironmentNew.Environment.log][thread_rollouts]: Thread number: 2

[2020-01-31 16:00:21.535206][EnvironmentNew.Environment.log][thread_rollouts]: Thread number: 3

[2020-01-31 16:00:22.125162][EnvironmentNew.Environment.log][thread_rollouts]: Thread number: 2, Steps performed: 237

[2020-01-31 16:00:22.321601][EnvironmentNew.Environment.log][thread_rollouts]: Thread number: 3, Steps performed: 471

[2020-01-31 16:00:22.322266][EnvironmentNew.Environment.log][thread_rollouts]: Thread number: 4

[2020-01-31 16:00:22.322960][EnvironmentNew.Environment.log][thread_rollouts]: Thread number: 5

[2020-01-31 16:00:23.028814][EnvironmentNew.Environment.log][thread_rollouts]: Thread number: 4, Steps performed: 308

[2020-01-31 16:00:23.174718][EnvironmentNew.Environment.log][thread_rollouts]: Thread number: 5, Steps performed: 450

[2020-01-31 16:00:23.175396][EnvironmentNew.Environment.log][thread_rollouts]: Thread number: 6

[2020-01-31 16:00:23.176002][EnvironmentNew.Environment.log][thread_rollouts]: Thread number: 7

[2020-01-31 16:00:24.010303][EnvironmentNew.Environment.log][thread_rollouts]: Thread number: 6, Steps performed: 370

[2020-01-31 16:00:24.074703][EnvironmentNew.Environment.log][thread_rollouts]: Thread number: 7, Steps performed: 421

[2020-01-31 16:00:24.075466][EnvironmentNew.Environment.log][thread_rollouts]: Thread number: 9

[2020-01-31 16:00:24.075327][EnvironmentNew.Environment.log][thread_rollouts]: Thread number: 8

[2020-01-31 16:00:24.900875][EnvironmentNew.Environment.log][thread_rollouts]: Thread number: 8, Steps performed: 370

[2020-01-31 16:00:25.050729][EnvironmentNew.Environment.log][thread_rollouts]: Thread number: 9, Steps performed: 524

[2020-01-31 16:00:25.051470][EnvironmentNew.Environment.log][thread_rollouts]: Thread number: 10

[2020-01-31 16:00:25.052425][EnvironmentNew.Environment.log][thread_rollouts]: Thread number: 11

[2020-01-31 16:00:25.928583][EnvironmentNew.Environment.log][thread_rollouts]: Thread number: 11, Steps performed: 390

[2020-01-31 16:00:26.093667][EnvironmentNew.Environment.log][thread_rollouts]: Thread number: 10, Steps performed: 565

[2020-01-31 16:00:26.094969][EnvironmentNew.Environment.log][thread_rollouts]: Thread number: 13

[2020-01-31 16:00:26.094560][EnvironmentNew.Environment.log][thread_rollouts]: Thread number: 12

[2020-01-31 16:00:27.101938][EnvironmentNew.Environment.log][thread_rollouts]: Thread number: 13, Steps performed: 460

[2020-01-31 16:00:27.123212][EnvironmentNew.Environment.log][thread_rollouts]: Thread number: 12, Steps performed: 482

[2020-01-31 16:00:27.123838][EnvironmentNew.Environment.log][thread_rollouts]: Thread number: 14

[2020-01-31 16:00:27.543431][EnvironmentNew.Environment.log][thread_rollouts]: Thread number: 14, Steps performed: 453

[2020-01-31 16:00:27.551362][__main__.TRPOAgent.log][learning]: Rollouts performed

[2020-01-31 16:00:27.551936][__main__.TRPOAgent.log][batch_info]: Rollout statistics size: 6261, Batch size: 4000

[2020-01-31 16:00:27.552367][__main__.TRPOAgent.log][learning]: 

***************
BEGINNING TRAINING
***************



[2020-01-31 16:00:29.008250][__main__.TRPOAgent.log][batch_info]: Rollout statistics size: 6261, Batch size: 4000, Number of batches: 2

[2020-01-31 16:00:29.008633][__main__.TRPOAgent.log][learning]: 

***************
BEGINNING TRAINING
***************



[2020-01-31 16:00:29.009046][__main__.TRPOAgent.log][batch_info]: Batch #0, batch length: 4000

[2020-01-31 16:00:29.678904][__main__.TRPOAgent.log][linesearch]: Linesearch worked at 0, New mean kl div: tf.Tensor(0.0, shape=(), dtype=float64), New policy loss value: tf.Tensor(0.01871715361569305, shape=(), dtype=float64)

[2020-01-31 16:00:29.679401][__main__.TRPOAgent.log][batch_info]: Current batch value loss: 0

[2020-01-31 16:00:29.684655][__main__.TRPOAgent.log][batch_info]: Batch #1, batch length: 2261

[2020-01-31 16:00:30.346074][__main__.TRPOAgent.log][linesearch]: Linesearch worked at 0, New mean kl div: tf.Tensor(0.0, shape=(), dtype=float64), New policy loss value: tf.Tensor(0.07382031501389222, shape=(), dtype=float64)

[2020-01-31 16:00:30.346553][__main__.TRPOAgent.log][batch_info]: Current batch value loss: 0

[2020-01-31 16:00:37.812549][__main__.TRPOAgent.log][learning]: Episode #10

[2020-01-31 16:00:37.813093][__main__.TRPOAgent.log][learning]: Performing rollouts: rollout length: 2000

[2020-01-31 16:00:37.813745][EnvironmentNew.Environment.log][thread_rollouts]: Thread number: 0

[2020-01-31 16:00:37.814224][EnvironmentNew.Environment.log][thread_rollouts]: Thread number: 1

[2020-01-31 16:00:38.492786][EnvironmentNew.Environment.log][thread_rollouts]: Thread number: 1, Steps performed: 296

[2020-01-31 16:00:38.734087][EnvironmentNew.Environment.log][thread_rollouts]: Thread number: 0, Steps performed: 563

[2020-01-31 16:00:38.734844][EnvironmentNew.Environment.log][thread_rollouts]: Thread number: 2

[2020-01-31 16:00:38.735125][EnvironmentNew.Environment.log][thread_rollouts]: Thread number: 3

[2020-01-31 16:00:39.500921][EnvironmentNew.Environment.log][thread_rollouts]: Thread number: 3, Steps performed: 330

[2020-01-31 16:00:39.649622][EnvironmentNew.Environment.log][thread_rollouts]: Thread number: 2, Steps performed: 493

[2020-01-31 16:00:39.650470][EnvironmentNew.Environment.log][thread_rollouts]: Thread number: 5

[2020-01-31 16:00:39.650262][EnvironmentNew.Environment.log][thread_rollouts]: Thread number: 4

[2020-01-31 16:00:40.401610][EnvironmentNew.Environment.log][thread_rollouts]: Thread number: 5, Steps performed: 343

[2020-01-31 16:00:40.403452][EnvironmentNew.Environment.log][thread_rollouts]: Thread number: 4, Steps performed: 323

[2020-01-31 16:00:40.404409][EnvironmentNew.Environment.log][thread_rollouts]: Thread number: 7

[2020-01-31 16:00:40.404265][EnvironmentNew.Environment.log][thread_rollouts]: Thread number: 6

[2020-01-31 16:00:41.151767][EnvironmentNew.Environment.log][thread_rollouts]: Thread number: 6, Steps performed: 338

[2020-01-31 16:00:41.239398][EnvironmentNew.Environment.log][thread_rollouts]: Thread number: 7, Steps performed: 422

[2020-01-31 16:00:41.240423][EnvironmentNew.Environment.log][thread_rollouts]: Thread number: 9

[2020-01-31 16:00:41.240056][EnvironmentNew.Environment.log][thread_rollouts]: Thread number: 8

[2020-01-31 16:00:42.223638][EnvironmentNew.Environment.log][thread_rollouts]: Thread number: 8, Steps performed: 461

[2020-01-31 16:00:42.372813][EnvironmentNew.Environment.log][thread_rollouts]: Thread number: 9, Steps performed: 610

[2020-01-31 16:00:42.373968][EnvironmentNew.Environment.log][thread_rollouts]: Thread number: 11

[2020-01-31 16:00:42.373791][EnvironmentNew.Environment.log][thread_rollouts]: Thread number: 10

[2020-01-31 16:00:43.304157][EnvironmentNew.Environment.log][thread_rollouts]: Thread number: 11, Steps performed: 437

[2020-01-31 16:00:43.742650][EnvironmentNew.Environment.log][thread_rollouts]: Thread number: 10, Steps performed: 881

[2020-01-31 16:00:43.743822][EnvironmentNew.Environment.log][thread_rollouts]: Thread number: 13

[2020-01-31 16:00:43.743337][EnvironmentNew.Environment.log][thread_rollouts]: Thread number: 12

[2020-01-31 16:00:44.358011][EnvironmentNew.Environment.log][thread_rollouts]: Thread number: 12, Steps performed: 286

[2020-01-31 16:00:44.663799][EnvironmentNew.Environment.log][thread_rollouts]: Thread number: 13, Steps performed: 602

[2020-01-31 16:00:44.664408][EnvironmentNew.Environment.log][thread_rollouts]: Thread number: 14

[2020-01-31 16:00:44.944321][EnvironmentNew.Environment.log][thread_rollouts]: Thread number: 14, Steps performed: 276

[2020-01-31 16:00:44.950359][__main__.TRPOAgent.log][learning]: Rollouts performed

[2020-01-31 16:00:44.950705][__main__.TRPOAgent.log][batch_info]: Rollout statistics size: 6661, Batch size: 4000

[2020-01-31 16:00:44.950947][__main__.TRPOAgent.log][learning]: 

***************
BEGINNING TRAINING
***************



[2020-01-31 16:00:46.555281][__main__.TRPOAgent.log][batch_info]: Rollout statistics size: 6661, Batch size: 4000, Number of batches: 2

[2020-01-31 16:00:46.555686][__main__.TRPOAgent.log][learning]: 

***************
BEGINNING TRAINING
***************



[2020-01-31 16:00:46.556163][__main__.TRPOAgent.log][batch_info]: Batch #0, batch length: 4000

[2020-01-31 16:00:47.465378][__main__.TRPOAgent.log][linesearch]: Linesearch failed. Mean kl divergence: tf.Tensor(0.0, shape=(), dtype=float64), Discarded policy loss value: tf.Tensor(-0.05708484875383413, shape=(), dtype=float64)

[2020-01-31 16:00:47.465871][__main__.TRPOAgent.log][batch_info]: Current batch value loss: 0

[2020-01-31 16:00:47.468384][__main__.TRPOAgent.log][batch_info]: Batch #1, batch length: 2661

[2020-01-31 16:00:48.070044][__main__.TRPOAgent.log][linesearch]: Linesearch worked at 0, New mean kl div: tf.Tensor(0.0, shape=(), dtype=float64), New policy loss value: tf.Tensor(0.1069970695119419, shape=(), dtype=float64)

[2020-01-31 16:00:48.070491][__main__.TRPOAgent.log][batch_info]: Current batch value loss: 0

[2020-01-31 16:00:59.428551][__main__.TRPOAgent.log][learning]: Episode #11

[2020-01-31 16:00:59.429014][__main__.TRPOAgent.log][learning]: Performing rollouts: rollout length: 2000

[2020-01-31 16:00:59.430017][EnvironmentNew.Environment.log][thread_rollouts]: Thread number: 1

[2020-01-31 16:00:59.429490][EnvironmentNew.Environment.log][thread_rollouts]: Thread number: 0

[2020-01-31 16:01:00.615155][EnvironmentNew.Environment.log][thread_rollouts]: Thread number: 1, Steps performed: 516

[2020-01-31 16:01:01.096578][EnvironmentNew.Environment.log][thread_rollouts]: Thread number: 0, Steps performed: 1044

[2020-01-31 16:01:01.097572][EnvironmentNew.Environment.log][thread_rollouts]: Thread number: 3

[2020-01-31 16:01:01.097328][EnvironmentNew.Environment.log][thread_rollouts]: Thread number: 2

[2020-01-31 16:01:02.674107][EnvironmentNew.Environment.log][thread_rollouts]: Thread number: 3, Steps performed: 519

[2020-01-31 16:01:02.746792][EnvironmentNew.Environment.log][thread_rollouts]: Thread number: 2, Steps performed: 606

[2020-01-31 16:01:02.747459][EnvironmentNew.Environment.log][thread_rollouts]: Thread number: 4

[2020-01-31 16:01:02.747846][EnvironmentNew.Environment.log][thread_rollouts]: Thread number: 5

[2020-01-31 16:01:03.319113][EnvironmentNew.Environment.log][thread_rollouts]: Thread number: 5, Steps performed: 247

[2020-01-31 16:01:03.450573][EnvironmentNew.Environment.log][thread_rollouts]: Thread number: 4, Steps performed: 359

[2020-01-31 16:01:03.451235][EnvironmentNew.Environment.log][thread_rollouts]: Thread number: 6

[2020-01-31 16:01:03.451473][EnvironmentNew.Environment.log][thread_rollouts]: Thread number: 7

[2020-01-31 16:01:03.968897][EnvironmentNew.Environment.log][thread_rollouts]: Thread number: 6, Steps performed: 231

[2020-01-31 16:01:04.147293][EnvironmentNew.Environment.log][thread_rollouts]: Thread number: 7, Steps performed: 416

[2020-01-31 16:01:04.148278][EnvironmentNew.Environment.log][thread_rollouts]: Thread number: 9

[2020-01-31 16:01:04.147984][EnvironmentNew.Environment.log][thread_rollouts]: Thread number: 8

[2020-01-31 16:01:05.035494][EnvironmentNew.Environment.log][thread_rollouts]: Thread number: 8, Steps performed: 397

[2020-01-31 16:01:05.456594][EnvironmentNew.Environment.log][thread_rollouts]: Thread number: 9, Steps performed: 864

[2020-01-31 16:01:05.457733][EnvironmentNew.Environment.log][thread_rollouts]: Thread number: 11

[2020-01-31 16:01:05.457342][EnvironmentNew.Environment.log][thread_rollouts]: Thread number: 10

[2020-01-31 16:01:06.206740][EnvironmentNew.Environment.log][thread_rollouts]: Thread number: 11, Steps performed: 325

[2020-01-31 16:01:06.554849][EnvironmentNew.Environment.log][thread_rollouts]: Thread number: 10, Steps performed: 708

[2020-01-31 16:01:06.555529][EnvironmentNew.Environment.log][thread_rollouts]: Thread number: 12

[2020-01-31 16:01:06.556060][EnvironmentNew.Environment.log][thread_rollouts]: Thread number: 13

[2020-01-31 16:01:07.277217][EnvironmentNew.Environment.log][thread_rollouts]: Thread number: 13, Steps performed: 303

[2020-01-31 16:01:07.283480][EnvironmentNew.Environment.log][thread_rollouts]: Thread number: 12, Steps performed: 318

[2020-01-31 16:01:07.284010][EnvironmentNew.Environment.log][thread_rollouts]: Thread number: 14

[2020-01-31 16:01:07.598061][EnvironmentNew.Environment.log][thread_rollouts]: Thread number: 14, Steps performed: 331

[2020-01-31 16:01:07.604803][__main__.TRPOAgent.log][learning]: Rollouts performed

[2020-01-31 16:01:07.605174][__main__.TRPOAgent.log][batch_info]: Rollout statistics size: 7184, Batch size: 4000

[2020-01-31 16:01:07.605424][__main__.TRPOAgent.log][learning]: 

***************
BEGINNING TRAINING
***************



[2020-01-31 16:01:09.199911][__main__.TRPOAgent.log][batch_info]: Rollout statistics size: 7184, Batch size: 4000, Number of batches: 2

[2020-01-31 16:01:09.200294][__main__.TRPOAgent.log][learning]: 

***************
BEGINNING TRAINING
***************



[2020-01-31 16:01:09.200710][__main__.TRPOAgent.log][batch_info]: Batch #0, batch length: 4000

[2020-01-31 16:01:09.830768][__main__.TRPOAgent.log][linesearch]: Linesearch worked at 0, New mean kl div: tf.Tensor(0.0, shape=(), dtype=float64), New policy loss value: tf.Tensor(0.021119295014519278, shape=(), dtype=float64)

[2020-01-31 16:01:09.831251][__main__.TRPOAgent.log][batch_info]: Current batch value loss: 0

[2020-01-31 16:01:09.833889][__main__.TRPOAgent.log][batch_info]: Batch #1, batch length: 3184

[2020-01-31 16:01:10.452653][__main__.TRPOAgent.log][linesearch]: Linesearch worked at 0, New mean kl div: tf.Tensor(0.0, shape=(), dtype=float64), New policy loss value: tf.Tensor(0.2800718908781674, shape=(), dtype=float64)

[2020-01-31 16:01:10.453084][__main__.TRPOAgent.log][batch_info]: Current batch value loss: 0

[2020-01-31 16:01:20.104218][__main__.TRPOAgent.log][learning]: Episode #12

[2020-01-31 16:01:20.104582][__main__.TRPOAgent.log][learning]: Performing rollouts: rollout length: 2000

[2020-01-31 16:01:20.104970][EnvironmentNew.Environment.log][thread_rollouts]: Thread number: 0

[2020-01-31 16:01:20.105320][EnvironmentNew.Environment.log][thread_rollouts]: Thread number: 1

[2020-01-31 16:01:20.993305][EnvironmentNew.Environment.log][thread_rollouts]: Thread number: 0, Steps performed: 402

[2020-01-31 16:01:21.110341][EnvironmentNew.Environment.log][thread_rollouts]: Thread number: 1, Steps performed: 509

[2020-01-31 16:01:21.110998][EnvironmentNew.Environment.log][thread_rollouts]: Thread number: 2

[2020-01-31 16:01:21.111390][EnvironmentNew.Environment.log][thread_rollouts]: Thread number: 3

[2020-01-31 16:01:21.911623][EnvironmentNew.Environment.log][thread_rollouts]: Thread number: 3, Steps performed: 358

[2020-01-31 16:01:22.245402][EnvironmentNew.Environment.log][thread_rollouts]: Thread number: 2, Steps performed: 738

[2020-01-31 16:01:22.246257][EnvironmentNew.Environment.log][thread_rollouts]: Thread number: 5

[2020-01-31 16:01:22.246116][EnvironmentNew.Environment.log][thread_rollouts]: Thread number: 4

[2020-01-31 16:01:22.915148][EnvironmentNew.Environment.log][thread_rollouts]: Thread number: 4, Steps performed: 282

[2020-01-31 16:01:23.312242][EnvironmentNew.Environment.log][thread_rollouts]: Thread number: 5, Steps performed: 740

[2020-01-31 16:01:23.313307][EnvironmentNew.Environment.log][thread_rollouts]: Thread number: 6

[2020-01-31 16:01:23.313604][EnvironmentNew.Environment.log][thread_rollouts]: Thread number: 7

[2020-01-31 16:01:24.243847][EnvironmentNew.Environment.log][thread_rollouts]: Thread number: 7, Steps performed: 446

[2020-01-31 16:01:24.351954][EnvironmentNew.Environment.log][thread_rollouts]: Thread number: 6, Steps performed: 513

[2020-01-31 16:01:24.352622][EnvironmentNew.Environment.log][thread_rollouts]: Thread number: 8

[2020-01-31 16:01:24.353104][EnvironmentNew.Environment.log][thread_rollouts]: Thread number: 9

[2020-01-31 16:01:25.303633][EnvironmentNew.Environment.log][thread_rollouts]: Thread number: 9, Steps performed: 445

[2020-01-31 16:01:25.571528][EnvironmentNew.Environment.log][thread_rollouts]: Thread number: 8, Steps performed: 708

[2020-01-31 16:01:25.572147][EnvironmentNew.Environment.log][thread_rollouts]: Thread number: 10

[2020-01-31 16:01:25.572394][EnvironmentNew.Environment.log][thread_rollouts]: Thread number: 11

[2020-01-31 16:01:26.247266][EnvironmentNew.Environment.log][thread_rollouts]: Thread number: 11, Steps performed: 312

[2020-01-31 16:01:26.369481][EnvironmentNew.Environment.log][thread_rollouts]: Thread number: 10, Steps performed: 429

[2020-01-31 16:01:26.370407][EnvironmentNew.Environment.log][thread_rollouts]: Thread number: 13

[2020-01-31 16:01:26.370139][EnvironmentNew.Environment.log][thread_rollouts]: Thread number: 12

[2020-01-31 16:01:27.025155][EnvironmentNew.Environment.log][thread_rollouts]: Thread number: 13, Steps performed: 276

[2020-01-31 16:01:27.350397][EnvironmentNew.Environment.log][thread_rollouts]: Thread number: 12, Steps performed: 617

[2020-01-31 16:01:27.351358][EnvironmentNew.Environment.log][thread_rollouts]: Thread number: 14

[2020-01-31 16:01:28.012345][EnvironmentNew.Environment.log][thread_rollouts]: Thread number: 14, Steps performed: 693

[2020-01-31 16:01:28.021446][__main__.TRPOAgent.log][learning]: Rollouts performed

[2020-01-31 16:01:28.022062][__main__.TRPOAgent.log][batch_info]: Rollout statistics size: 7468, Batch size: 4000

[2020-01-31 16:01:28.022528][__main__.TRPOAgent.log][learning]: 

***************
BEGINNING TRAINING
***************



[2020-01-31 16:01:29.739603][__main__.TRPOAgent.log][batch_info]: Rollout statistics size: 7468, Batch size: 4000, Number of batches: 2

[2020-01-31 16:01:29.739998][__main__.TRPOAgent.log][learning]: 

***************
BEGINNING TRAINING
***************



[2020-01-31 16:01:29.740416][__main__.TRPOAgent.log][batch_info]: Batch #0, batch length: 4000

[2020-01-31 16:01:30.382887][__main__.TRPOAgent.log][linesearch]: Linesearch worked at 0, New mean kl div: tf.Tensor(0.0, shape=(), dtype=float64), New policy loss value: tf.Tensor(0.033726085764954304, shape=(), dtype=float64)

[2020-01-31 16:01:30.383415][__main__.TRPOAgent.log][batch_info]: Current batch value loss: 0

[2020-01-31 16:01:30.385642][__main__.TRPOAgent.log][batch_info]: Batch #1, batch length: 3468

[2020-01-31 16:01:31.030984][__main__.TRPOAgent.log][linesearch]: Linesearch worked at 0, New mean kl div: tf.Tensor(0.0, shape=(), dtype=float64), New policy loss value: tf.Tensor(0.047853424134446355, shape=(), dtype=float64)

[2020-01-31 16:01:31.031416][__main__.TRPOAgent.log][batch_info]: Current batch value loss: 0

[2020-01-31 16:01:38.458677][__main__.TRPOAgent.log][learning]: Episode #13

[2020-01-31 16:01:38.459154][__main__.TRPOAgent.log][learning]: Performing rollouts: rollout length: 2000

[2020-01-31 16:01:38.460015][EnvironmentNew.Environment.log][thread_rollouts]: Thread number: 1

[2020-01-31 16:01:38.459667][EnvironmentNew.Environment.log][thread_rollouts]: Thread number: 0

[2020-01-31 16:01:39.262849][EnvironmentNew.Environment.log][thread_rollouts]: Thread number: 0, Steps performed: 366

[2020-01-31 16:01:39.391722][EnvironmentNew.Environment.log][thread_rollouts]: Thread number: 1, Steps performed: 467

[2020-01-31 16:01:39.392534][EnvironmentNew.Environment.log][thread_rollouts]: Thread number: 3

[2020-01-31 16:01:39.392349][EnvironmentNew.Environment.log][thread_rollouts]: Thread number: 2

[2020-01-31 16:01:40.237639][EnvironmentNew.Environment.log][thread_rollouts]: Thread number: 3, Steps performed: 383

[2020-01-31 16:01:40.518447][EnvironmentNew.Environment.log][thread_rollouts]: Thread number: 2, Steps performed: 632

[2020-01-31 16:01:40.519113][EnvironmentNew.Environment.log][thread_rollouts]: Thread number: 4

[2020-01-31 16:01:40.519475][EnvironmentNew.Environment.log][thread_rollouts]: Thread number: 5

[2020-01-31 16:01:41.255203][EnvironmentNew.Environment.log][thread_rollouts]: Thread number: 4, Steps performed: 328

[2020-01-31 16:01:41.442626][EnvironmentNew.Environment.log][thread_rollouts]: Thread number: 5, Steps performed: 538

[2020-01-31 16:01:41.443672][EnvironmentNew.Environment.log][thread_rollouts]: Thread number: 6

[2020-01-31 16:01:41.444058][EnvironmentNew.Environment.log][thread_rollouts]: Thread number: 7

[2020-01-31 16:01:42.530555][EnvironmentNew.Environment.log][thread_rollouts]: Thread number: 7, Steps performed: 527

[2020-01-31 16:01:42.568176][EnvironmentNew.Environment.log][thread_rollouts]: Thread number: 6, Steps performed: 528

[2020-01-31 16:01:42.568800][EnvironmentNew.Environment.log][thread_rollouts]: Thread number: 8

[2020-01-31 16:01:42.569167][EnvironmentNew.Environment.log][thread_rollouts]: Thread number: 9

[2020-01-31 16:01:43.354777][EnvironmentNew.Environment.log][thread_rollouts]: Thread number: 8, Steps performed: 367

[2020-01-31 16:01:43.378966][EnvironmentNew.Environment.log][thread_rollouts]: Thread number: 9, Steps performed: 386

[2020-01-31 16:01:43.379659][EnvironmentNew.Environment.log][thread_rollouts]: Thread number: 10

[2020-01-31 16:01:43.379916][EnvironmentNew.Environment.log][thread_rollouts]: Thread number: 11

[2020-01-31 16:01:43.894908][EnvironmentNew.Environment.log][thread_rollouts]: Thread number: 10, Steps performed: 239

[2020-01-31 16:01:44.059335][EnvironmentNew.Environment.log][thread_rollouts]: Thread number: 11, Steps performed: 395

[2020-01-31 16:01:44.060390][EnvironmentNew.Environment.log][thread_rollouts]: Thread number: 13

[2020-01-31 16:01:44.060055][EnvironmentNew.Environment.log][thread_rollouts]: Thread number: 12

[2020-01-31 16:01:44.978981][EnvironmentNew.Environment.log][thread_rollouts]: Thread number: 13, Steps performed: 390

[2020-01-31 16:01:45.116061][EnvironmentNew.Environment.log][thread_rollouts]: Thread number: 12, Steps performed: 546

[2020-01-31 16:01:45.117087][EnvironmentNew.Environment.log][thread_rollouts]: Thread number: 14

[2020-01-31 16:01:45.542772][EnvironmentNew.Environment.log][thread_rollouts]: Thread number: 14, Steps performed: 372

[2020-01-31 16:01:45.548970][__main__.TRPOAgent.log][learning]: Rollouts performed

[2020-01-31 16:01:45.549327][__main__.TRPOAgent.log][batch_info]: Rollout statistics size: 6464, Batch size: 4000

[2020-01-31 16:01:45.549571][__main__.TRPOAgent.log][learning]: 

***************
BEGINNING TRAINING
***************



[2020-01-31 16:01:46.996440][__main__.TRPOAgent.log][batch_info]: Rollout statistics size: 6464, Batch size: 4000, Number of batches: 2

[2020-01-31 16:01:46.996814][__main__.TRPOAgent.log][learning]: 

***************
BEGINNING TRAINING
***************



[2020-01-31 16:01:46.997248][__main__.TRPOAgent.log][batch_info]: Batch #0, batch length: 4000

[2020-01-31 16:01:47.956140][__main__.TRPOAgent.log][linesearch]: Linesearch failed. Mean kl divergence: tf.Tensor(0.0, shape=(), dtype=float64), Discarded policy loss value: tf.Tensor(-0.028867596784013877, shape=(), dtype=float64)

[2020-01-31 16:01:47.956687][__main__.TRPOAgent.log][batch_info]: Current batch value loss: 0

[2020-01-31 16:01:47.961175][__main__.TRPOAgent.log][batch_info]: Batch #1, batch length: 2464

