LOGGER started at 2020-01-26 13:54:39.088691.
Currently active debug channels:
	rollouts
	batch_info
	learning
	thread_rollouts
[2020-01-26 13:54:39.213781][__main__.TRPOAgent.log][learning]: Episode #0

[2020-01-26 13:54:39.405738][__main__.TRPOAgent.log][learning]: Performing rollouts: rollout length: 1500

[2020-01-26 13:54:39.440514][Environment.Environment.log][rollouts]: Rollout thread #1

[2020-01-26 13:54:39.441281][Environment.Environment.log][rollouts]: Rollout thread #2

[2020-01-26 13:54:39.441204][Environment.Environment.log][thread_rollouts]: Thread number: 0

[2020-01-26 13:54:39.443287][Environment.Environment.log][thread_rollouts]: Thread number: 1

[2020-01-26 13:54:42.746955][Environment.Environment.log][thread_rollouts]: Thread number: 0, Steps performed: 1500

[2020-01-26 13:54:42.756782][Environment.Environment.log][thread_rollouts]: Thread number: 1, Steps performed: 1500

[2020-01-26 13:54:42.757308][Environment.Environment.log][rollouts]: Rollout thread #3

[2020-01-26 13:54:42.757853][Environment.Environment.log][thread_rollouts]: Thread number: 2

[2020-01-26 13:54:42.757923][Environment.Environment.log][rollouts]: Rollout thread #4

[2020-01-26 13:54:42.761872][Environment.Environment.log][thread_rollouts]: Thread number: 3

[2020-01-26 13:54:46.042244][Environment.Environment.log][thread_rollouts]: Thread number: 2, Steps performed: 1500

[2020-01-26 13:54:46.114944][Environment.Environment.log][thread_rollouts]: Thread number: 3, Steps performed: 1500

[2020-01-26 13:54:46.115462][Environment.Environment.log][rollouts]: Rollout thread #5

[2020-01-26 13:54:46.116145][Environment.Environment.log][thread_rollouts]: Thread number: 4

[2020-01-26 13:54:46.116236][Environment.Environment.log][rollouts]: Rollout thread #6

[2020-01-26 13:54:46.118194][Environment.Environment.log][thread_rollouts]: Thread number: 5

[2020-01-26 13:54:49.259525][Environment.Environment.log][thread_rollouts]: Thread number: 4, Steps performed: 1500

[2020-01-26 13:54:49.330484][Environment.Environment.log][thread_rollouts]: Thread number: 5, Steps performed: 1500

[2020-01-26 13:54:49.330942][Environment.Environment.log][rollouts]: Rollout thread #7

[2020-01-26 13:54:49.331552][Environment.Environment.log][thread_rollouts]: Thread number: 6

[2020-01-26 13:54:49.331605][Environment.Environment.log][rollouts]: Rollout thread #8

[2020-01-26 13:54:49.333404][Environment.Environment.log][thread_rollouts]: Thread number: 7

[2020-01-26 13:54:52.639904][Environment.Environment.log][thread_rollouts]: Thread number: 7, Steps performed: 1500

[2020-01-26 13:54:52.651423][Environment.Environment.log][thread_rollouts]: Thread number: 6, Steps performed: 1500

[2020-01-26 13:54:52.651962][Environment.Environment.log][rollouts]: Rollout thread #9

[2020-01-26 13:54:52.652967][Environment.Environment.log][thread_rollouts]: Thread number: 8

[2020-01-26 13:54:52.653033][Environment.Environment.log][rollouts]: Rollout thread #10

[2020-01-26 13:54:52.656087][Environment.Environment.log][thread_rollouts]: Thread number: 9

[2020-01-26 13:54:55.897945][Environment.Environment.log][thread_rollouts]: Thread number: 8, Steps performed: 1500

[2020-01-26 13:54:55.904710][Environment.Environment.log][thread_rollouts]: Thread number: 9, Steps performed: 1500

[2020-01-26 13:54:55.905162][Environment.Environment.log][rollouts]: Rollout thread #11

[2020-01-26 13:54:55.905632][Environment.Environment.log][thread_rollouts]: Thread number: 10

[2020-01-26 13:54:55.905684][Environment.Environment.log][rollouts]: Rollout thread #12

[2020-01-26 13:54:55.907184][Environment.Environment.log][thread_rollouts]: Thread number: 11

[2020-01-26 13:54:58.537669][Environment.Environment.log][thread_rollouts]: Thread number: 10, Steps performed: 1240

[2020-01-26 13:54:58.827274][Environment.Environment.log][thread_rollouts]: Thread number: 11, Steps performed: 1500

[2020-01-26 13:54:58.827773][Environment.Environment.log][rollouts]: Rollout thread #13

[2020-01-26 13:54:58.828471][Environment.Environment.log][thread_rollouts]: Thread number: 12

[2020-01-26 13:54:58.828569][Environment.Environment.log][rollouts]: Rollout thread #14

[2020-01-26 13:54:58.830732][Environment.Environment.log][thread_rollouts]: Thread number: 13

[2020-01-26 13:55:02.100806][Environment.Environment.log][thread_rollouts]: Thread number: 12, Steps performed: 1500

[2020-01-26 13:55:02.174685][Environment.Environment.log][thread_rollouts]: Thread number: 13, Steps performed: 1500

[2020-01-26 13:55:02.175191][Environment.Environment.log][rollouts]: Rollout thread #15

[2020-01-26 13:55:02.175765][Environment.Environment.log][thread_rollouts]: Thread number: 14

[2020-01-26 13:55:02.176082][Environment.Environment.log][rollouts]: Rollout thread #16

[2020-01-26 13:55:02.178553][Environment.Environment.log][thread_rollouts]: Thread number: 15

[2020-01-26 13:55:05.469218][Environment.Environment.log][thread_rollouts]: Thread number: 15, Steps performed: 1500

[2020-01-26 13:55:05.477445][Environment.Environment.log][thread_rollouts]: Thread number: 14, Steps performed: 1500

[2020-01-26 13:55:05.477903][Environment.Environment.log][rollouts]: Rollout thread #17

[2020-01-26 13:55:05.478561][Environment.Environment.log][thread_rollouts]: Thread number: 16

[2020-01-26 13:55:05.478612][Environment.Environment.log][rollouts]: Rollout thread #18

[2020-01-26 13:55:05.482281][Environment.Environment.log][thread_rollouts]: Thread number: 17

[2020-01-26 13:55:06.729477][Environment.Environment.log][thread_rollouts]: Thread number: 16, Steps performed: 545

[2020-01-26 13:55:07.633616][Environment.Environment.log][thread_rollouts]: Thread number: 17, Steps performed: 1500

[2020-01-26 13:55:07.634137][Environment.Environment.log][rollouts]: Rollout thread #19

[2020-01-26 13:55:07.634976][Environment.Environment.log][thread_rollouts]: Thread number: 18

[2020-01-26 13:55:07.635066][Environment.Environment.log][rollouts]: Rollout thread #20

[2020-01-26 13:55:07.637336][Environment.Environment.log][thread_rollouts]: Thread number: 19

[2020-01-26 13:55:10.851122][Environment.Environment.log][thread_rollouts]: Thread number: 19, Steps performed: 1500

[2020-01-26 13:55:10.857621][Environment.Environment.log][thread_rollouts]: Thread number: 18, Steps performed: 1500

[2020-01-26 13:55:10.858261][Environment.Environment.log][rollouts]: Rollout thread #21

[2020-01-26 13:55:10.858831][Environment.Environment.log][thread_rollouts]: Thread number: 20

[2020-01-26 13:55:10.858907][Environment.Environment.log][rollouts]: Rollout thread #22

[2020-01-26 13:55:10.863723][Environment.Environment.log][thread_rollouts]: Thread number: 21

[2020-01-26 13:55:14.162390][Environment.Environment.log][thread_rollouts]: Thread number: 20, Steps performed: 1500

[2020-01-26 13:55:14.193315][Environment.Environment.log][thread_rollouts]: Thread number: 21, Steps performed: 1500

[2020-01-26 13:55:14.193807][Environment.Environment.log][rollouts]: Rollout thread #23

[2020-01-26 13:55:14.194400][Environment.Environment.log][thread_rollouts]: Thread number: 22

[2020-01-26 13:55:14.194559][Environment.Environment.log][rollouts]: Rollout thread #24

[2020-01-26 13:55:14.196188][Environment.Environment.log][thread_rollouts]: Thread number: 23

[2020-01-26 13:55:17.465489][Environment.Environment.log][thread_rollouts]: Thread number: 22, Steps performed: 1500

[2020-01-26 13:55:17.525086][Environment.Environment.log][thread_rollouts]: Thread number: 23, Steps performed: 1500

[2020-01-26 13:55:17.525541][Environment.Environment.log][rollouts]: Rollout thread #25

[2020-01-26 13:55:17.526168][Environment.Environment.log][thread_rollouts]: Thread number: 24

[2020-01-26 13:55:17.526225][Environment.Environment.log][rollouts]: Rollout thread #26

[2020-01-26 13:55:17.529871][Environment.Environment.log][thread_rollouts]: Thread number: 25

[2020-01-26 13:55:20.688459][Environment.Environment.log][thread_rollouts]: Thread number: 24, Steps performed: 1500

[2020-01-26 13:55:20.755064][Environment.Environment.log][thread_rollouts]: Thread number: 25, Steps performed: 1500

[2020-01-26 13:55:20.755630][Environment.Environment.log][rollouts]: Rollout thread #27

[2020-01-26 13:55:20.756425][Environment.Environment.log][thread_rollouts]: Thread number: 26

[2020-01-26 13:55:20.756587][Environment.Environment.log][rollouts]: Rollout thread #28

[2020-01-26 13:55:20.758980][Environment.Environment.log][thread_rollouts]: Thread number: 27

[2020-01-26 13:55:24.034420][Environment.Environment.log][thread_rollouts]: Thread number: 26, Steps performed: 1500

[2020-01-26 13:55:24.048368][Environment.Environment.log][thread_rollouts]: Thread number: 27, Steps performed: 1500

[2020-01-26 13:55:24.049132][Environment.Environment.log][rollouts]: Rollout thread #29

[2020-01-26 13:55:24.049652][Environment.Environment.log][thread_rollouts]: Thread number: 28

[2020-01-26 13:55:24.049720][Environment.Environment.log][rollouts]: Rollout thread #30

[2020-01-26 13:55:24.051830][Environment.Environment.log][thread_rollouts]: Thread number: 29

[2020-01-26 13:55:27.383423][Environment.Environment.log][thread_rollouts]: Thread number: 29, Steps performed: 1500

[2020-01-26 13:55:27.400097][Environment.Environment.log][thread_rollouts]: Thread number: 28, Steps performed: 1500

[2020-01-26 13:55:27.400611][__main__.TRPOAgent.log][rollouts]: Unpacking actions

[2020-01-26 13:55:27.411845][__main__.TRPOAgent.log][rollouts]: Unpacking rewards

[2020-01-26 13:55:27.886016][__main__.TRPOAgent.log][rollouts]: Unpacking observations

[2020-01-26 13:55:27.892610][__main__.TRPOAgent.log][learning]: Rollouts performed

[2020-01-26 13:55:27.894195][__main__.TRPOAgent.log][batch_info]: Rollout statistics size: 43785, Batch size: 4500, Number of batches: 10

[2020-01-26 13:55:27.894735][__main__.TRPOAgent.log][learning]: 

***************
BEGINNING TRAINING
***************



[2020-01-26 13:55:27.924611][__main__.TRPOAgent.log][batch_info]: Batch #0, batch length: 4500

