LOGGER started at 2020-01-27 12:01:55.171319.
Currently active debug channels:
	rollouts
	training
	batch_info
	linesearch
	learning
	thread_rollouts
[2020-01-27 12:01:55.300603][__main__.TRPOAgent.log][learning]: Episode #0

[2020-01-27 12:01:55.506925][__main__.TRPOAgent.log][learning]: Performing rollouts: rollout length: 3000

[2020-01-27 12:01:55.548158][Environment.Environment.log][rollouts]: Rollout thread #1

[2020-01-27 12:01:55.548973][Environment.Environment.log][rollouts]: Rollout thread #2

[2020-01-27 12:01:55.550255][Environment.Environment.log][thread_rollouts]: Thread number: 1

[2020-01-27 12:01:55.548880][Environment.Environment.log][thread_rollouts]: Thread number: 0

[2020-01-27 12:02:06.872888][Environment.Environment.log][thread_rollouts]: Thread number: 1, Steps performed: 5000

[2020-01-27 12:02:06.962088][Environment.Environment.log][thread_rollouts]: Thread number: 0, Steps performed: 5000

[2020-01-27 12:02:06.962511][Environment.Environment.log][rollouts]: Rollout thread #3

[2020-01-27 12:02:06.963432][Environment.Environment.log][thread_rollouts]: Thread number: 2

[2020-01-27 12:02:06.963511][Environment.Environment.log][rollouts]: Rollout thread #4

[2020-01-27 12:02:06.967439][Environment.Environment.log][thread_rollouts]: Thread number: 3

[2020-01-27 12:02:19.912902][Environment.Environment.log][thread_rollouts]: Thread number: 3, Steps performed: 5000

[2020-01-27 12:02:20.009059][Environment.Environment.log][thread_rollouts]: Thread number: 2, Steps performed: 5000

