LOGGER started at 2020-01-29 17:35:52.952757.
Currently active debug channels:
	act
	batch_info
	linesearch
	learning
[2020-01-29 17:35:53.395145][__main__.TRPOAgent.log][learning]: Episode #0

[2020-01-29 17:35:53.608673][__main__.TRPOAgent.log][learning]: Performing rollouts: rollout length: 1500

[2020-01-29 17:36:08.278515][__main__.TRPOAgent.log][learning]: Rollouts performed

[2020-01-29 17:36:08.298920][__main__.TRPOAgent.log][batch_info]: Rollout statistics size: 15000, Batch size: 1000, Number of batches: 1

[2020-01-29 17:36:08.299363][__main__.TRPOAgent.log][learning]: 

***************
BEGINNING TRAINING
***************



[2020-01-29 17:36:08.304796][__main__.TRPOAgent.log][batch_info]: Batch #0, batch length: 15000

[2020-01-29 17:36:08.938396][__main__.TRPOAgent.log][linesearch]: Linesearch worked at 1, New mean kl div: 0.001257896536893154, New policy loss value: 0.0002809535315124587

[2020-01-29 17:36:11.601406][__main__.TRPOAgent.log][batch_info]: Current batch value loss: 291.0487683631274

[2020-01-29 17:36:38.274886][__main__.TRPOAgent.log][learning]: Episode #1

[2020-01-29 17:36:38.276575][__main__.TRPOAgent.log][learning]: Performing rollouts: rollout length: 1500

[2020-01-29 17:36:51.126926][__main__.TRPOAgent.log][learning]: Rollouts performed

[2020-01-29 17:36:51.149775][__main__.TRPOAgent.log][batch_info]: Rollout statistics size: 15000, Batch size: 1000, Number of batches: 1

[2020-01-29 17:36:51.150183][__main__.TRPOAgent.log][learning]: 

***************
BEGINNING TRAINING
***************



[2020-01-29 17:36:51.160659][__main__.TRPOAgent.log][batch_info]: Batch #0, batch length: 15000

[2020-01-29 17:36:51.655559][__main__.TRPOAgent.log][linesearch]: Linesearch worked at 1, New mean kl div: 0.00029008458259744167, New policy loss value: 0.00017052513718925866

[2020-01-29 17:36:54.029186][__main__.TRPOAgent.log][batch_info]: Current batch value loss: 282.5334122346922

[2020-01-29 17:37:19.691371][__main__.TRPOAgent.log][learning]: Episode #2

[2020-01-29 17:37:19.692479][__main__.TRPOAgent.log][learning]: Performing rollouts: rollout length: 1500

[2020-01-29 17:37:34.294124][__main__.TRPOAgent.log][learning]: Rollouts performed

[2020-01-29 17:37:34.316493][__main__.TRPOAgent.log][batch_info]: Rollout statistics size: 15000, Batch size: 1000, Number of batches: 1

[2020-01-29 17:37:34.316903][__main__.TRPOAgent.log][learning]: 

***************
BEGINNING TRAINING
***************



[2020-01-29 17:37:34.327459][__main__.TRPOAgent.log][batch_info]: Batch #0, batch length: 15000

[2020-01-29 17:37:34.841472][__main__.TRPOAgent.log][linesearch]: Linesearch worked at 1, New mean kl div: 0.001432299111946049, New policy loss value: 0.0003150803626640088

[2020-01-29 17:37:37.246166][__main__.TRPOAgent.log][batch_info]: Current batch value loss: 269.7450100922499

[2020-01-29 17:38:03.036975][__main__.TRPOAgent.log][learning]: Episode #3

[2020-01-29 17:38:03.038402][__main__.TRPOAgent.log][learning]: Performing rollouts: rollout length: 1500

