LOGGER started at 2020-01-31 13:23:45.328629.
Currently active debug channels:
	act
	batch_info
	linesearch
	learning
	thread_rollouts
[2020-01-31 13:23:45.882786][__main__.TRPOAgent.log][learning]: Episode #0

[2020-01-31 13:23:46.061475][__main__.TRPOAgent.log][learning]: Performing rollouts: rollout length: 1600

[2020-01-31 13:23:46.062468][EnvironmentNew.Environment.log][thread_rollouts]: Thread number: 0

[2020-01-31 13:23:46.062721][EnvironmentNew.Environment.log][thread_rollouts]: Thread number: 1

[2020-01-31 13:23:51.615736][EnvironmentNew.Environment.log][thread_rollouts]: Thread number: 0, Steps performed: 1600

[2020-01-31 13:23:51.619660][EnvironmentNew.Environment.log][thread_rollouts]: Thread number: 1, Steps performed: 1600

[2020-01-31 13:23:51.620307][EnvironmentNew.Environment.log][thread_rollouts]: Thread number: 2

[2020-01-31 13:23:51.620416][EnvironmentNew.Environment.log][thread_rollouts]: Thread number: 3

[2020-01-31 13:23:57.116187][EnvironmentNew.Environment.log][thread_rollouts]: Thread number: 2, Steps performed: 1600

[2020-01-31 13:23:57.132047][EnvironmentNew.Environment.log][thread_rollouts]: Thread number: 3, Steps performed: 1600

[2020-01-31 13:23:57.133023][EnvironmentNew.Environment.log][thread_rollouts]: Thread number: 5

[2020-01-31 13:23:57.132644][EnvironmentNew.Environment.log][thread_rollouts]: Thread number: 4

[2020-01-31 13:24:02.668777][EnvironmentNew.Environment.log][thread_rollouts]: Thread number: 5, Steps performed: 1600

[2020-01-31 13:24:02.670434][EnvironmentNew.Environment.log][thread_rollouts]: Thread number: 4, Steps performed: 1600

[2020-01-31 13:24:02.671186][EnvironmentNew.Environment.log][thread_rollouts]: Thread number: 7

[2020-01-31 13:24:02.671064][EnvironmentNew.Environment.log][thread_rollouts]: Thread number: 6

[2020-01-31 13:24:08.114421][EnvironmentNew.Environment.log][thread_rollouts]: Thread number: 6, Steps performed: 1600

[2020-01-31 13:24:08.150301][EnvironmentNew.Environment.log][thread_rollouts]: Thread number: 7, Steps performed: 1600

[2020-01-31 13:24:08.151192][EnvironmentNew.Environment.log][thread_rollouts]: Thread number: 9

[2020-01-31 13:24:08.150903][EnvironmentNew.Environment.log][thread_rollouts]: Thread number: 8

[2020-01-31 13:24:13.868851][EnvironmentNew.Environment.log][thread_rollouts]: Thread number: 8, Steps performed: 1600

[2020-01-31 13:24:13.872344][EnvironmentNew.Environment.log][thread_rollouts]: Thread number: 9, Steps performed: 1600

[2020-01-31 13:24:13.873007][EnvironmentNew.Environment.log][thread_rollouts]: Thread number: 10

[2020-01-31 13:24:13.873151][EnvironmentNew.Environment.log][thread_rollouts]: Thread number: 11

[2020-01-31 13:24:20.369171][EnvironmentNew.Environment.log][thread_rollouts]: Thread number: 10, Steps performed: 1600

[2020-01-31 13:24:20.417701][EnvironmentNew.Environment.log][thread_rollouts]: Thread number: 11, Steps performed: 1600

[2020-01-31 13:24:20.428281][__main__.TRPOAgent.log][learning]: Rollouts performed

