LOGGER started at 2020-01-27 13:01:19.276547.
Currently active debug channels:
	rollouts
	training
	batch_info
	linesearch
	learning
	thread_rollouts
[2020-01-27 13:01:19.405820][__main__.TRPOAgent.log][learning]: Episode #0

[2020-01-27 13:01:19.619650][__main__.TRPOAgent.log][learning]: Performing rollouts: rollout length: 3000

[2020-01-27 13:01:19.638681][Environment.Environment.log][rollouts]: Rollout thread #1

[2020-01-27 13:01:19.639547][Environment.Environment.log][rollouts]: Rollout thread #2

[2020-01-27 13:01:19.639478][Environment.Environment.log][thread_rollouts]: Thread number: 0

[2020-01-27 13:01:19.641296][Environment.Environment.log][thread_rollouts]: Thread number: 1

[2020-01-27 13:02:14.204387][Environment.Environment.log][thread_rollouts]: Thread number: 1, Steps performed: 2955

[2020-01-27 13:02:35.367661][Environment.Environment.log][thread_rollouts]: Thread number: 0, Steps performed: 3907

[2020-01-27 13:02:35.368325][Environment.Environment.log][rollouts]: Rollout thread #3

[2020-01-27 13:02:35.369214][Environment.Environment.log][rollouts]: Rollout thread #4

[2020-01-27 13:02:35.369084][Environment.Environment.log][thread_rollouts]: Thread number: 2

[2020-01-27 13:02:35.370220][Environment.Environment.log][thread_rollouts]: Thread number: 3

[2020-01-27 13:03:02.350918][Environment.Environment.log][thread_rollouts]: Thread number: 2, Steps performed: 3160

[2020-01-27 13:05:45.665515][Environment.Environment.log][thread_rollouts]: Thread number: 3, Steps performed: 2768

[2020-01-27 13:05:45.665926][Environment.Environment.log][rollouts]: Rollout thread #5

[2020-01-27 13:05:45.666640][Environment.Environment.log][thread_rollouts]: Thread number: 4

[2020-01-27 13:05:45.666704][Environment.Environment.log][rollouts]: Rollout thread #6

[2020-01-27 13:05:45.669250][Environment.Environment.log][thread_rollouts]: Thread number: 5

[2020-01-27 13:30:52.988440][Environment.Environment.log][thread_rollouts]: Thread number: 5, Steps performed: 3119

[2020-01-27 13:30:52.990361][Environment.Environment.log][thread_rollouts]: Thread number: 4, Steps performed: 2983

