LOGGER started at 2020-01-31 15:51:58.616399.
Currently active debug channels:
	act
	batch_info
	linesearch
	learning
	thread_rollouts
[2020-01-31 15:51:59.022414][__main__.TRPOAgent.log][learning]: Episode #0

[2020-01-31 15:51:59.203774][__main__.TRPOAgent.log][learning]: Performing rollouts: rollout length: 2000

[2020-01-31 15:51:59.210719][EnvironmentNew.Environment.log][thread_rollouts]: Thread number: 0

[2020-01-31 15:51:59.211036][EnvironmentNew.Environment.log][thread_rollouts]: Thread number: 1

[2020-01-31 15:52:04.196540][EnvironmentNew.Environment.log][thread_rollouts]: Thread number: 1, Steps performed: 2000

[2020-01-31 15:52:04.244140][EnvironmentNew.Environment.log][thread_rollouts]: Thread number: 0, Steps performed: 2000

[2020-01-31 15:52:04.244860][EnvironmentNew.Environment.log][thread_rollouts]: Thread number: 2

[2020-01-31 15:52:04.245146][EnvironmentNew.Environment.log][thread_rollouts]: Thread number: 3

[2020-01-31 15:52:07.771571][EnvironmentNew.Environment.log][thread_rollouts]: Thread number: 3, Steps performed: 1493

[2020-01-31 15:52:08.292805][EnvironmentNew.Environment.log][thread_rollouts]: Thread number: 2, Steps performed: 2000

[2020-01-31 15:52:08.293469][EnvironmentNew.Environment.log][thread_rollouts]: Thread number: 4

[2020-01-31 15:52:08.293667][EnvironmentNew.Environment.log][thread_rollouts]: Thread number: 5

[2020-01-31 15:52:12.947839][EnvironmentNew.Environment.log][thread_rollouts]: Thread number: 5, Steps performed: 2000

[2020-01-31 15:52:13.004325][EnvironmentNew.Environment.log][thread_rollouts]: Thread number: 4, Steps performed: 2000

[2020-01-31 15:52:13.005124][EnvironmentNew.Environment.log][thread_rollouts]: Thread number: 7

[2020-01-31 15:52:13.004935][EnvironmentNew.Environment.log][thread_rollouts]: Thread number: 6

[2020-01-31 15:52:17.447710][EnvironmentNew.Environment.log][thread_rollouts]: Thread number: 6, Steps performed: 2000

[2020-01-31 15:52:17.482954][EnvironmentNew.Environment.log][thread_rollouts]: Thread number: 7, Steps performed: 2000

[2020-01-31 15:52:17.483547][EnvironmentNew.Environment.log][thread_rollouts]: Thread number: 8

[2020-01-31 15:52:17.483775][EnvironmentNew.Environment.log][thread_rollouts]: Thread number: 9

[2020-01-31 15:52:21.940088][EnvironmentNew.Environment.log][thread_rollouts]: Thread number: 9, Steps performed: 2000

[2020-01-31 15:52:21.992253][EnvironmentNew.Environment.log][thread_rollouts]: Thread number: 8, Steps performed: 2000

[2020-01-31 15:52:21.993011][EnvironmentNew.Environment.log][thread_rollouts]: Thread number: 11

[2020-01-31 15:52:21.992872][EnvironmentNew.Environment.log][thread_rollouts]: Thread number: 10

[2020-01-31 15:52:26.951589][EnvironmentNew.Environment.log][thread_rollouts]: Thread number: 10, Steps performed: 2000

[2020-01-31 15:52:27.015847][EnvironmentNew.Environment.log][thread_rollouts]: Thread number: 11, Steps performed: 2000

[2020-01-31 15:52:27.016485][EnvironmentNew.Environment.log][thread_rollouts]: Thread number: 12

[2020-01-31 15:52:27.016690][EnvironmentNew.Environment.log][thread_rollouts]: Thread number: 13

[2020-01-31 15:52:30.568892][EnvironmentNew.Environment.log][thread_rollouts]: Thread number: 12, Steps performed: 1629

[2020-01-31 15:52:30.824666][EnvironmentNew.Environment.log][thread_rollouts]: Thread number: 13, Steps performed: 1872

[2020-01-31 15:52:30.825384][EnvironmentNew.Environment.log][thread_rollouts]: Thread number: 14

[2020-01-31 15:52:32.749420][EnvironmentNew.Environment.log][thread_rollouts]: Thread number: 14, Steps performed: 2000

[2020-01-31 15:52:32.767345][__main__.TRPOAgent.log][learning]: Rollouts performed

[2020-01-31 15:52:32.767682][__main__.TRPOAgent.log][batch_info]: Rollout statistics size: 28994, Batch size: 4000

[2020-01-31 15:52:32.768132][__main__.TRPOAgent.log][learning]: 

***************
BEGINNING TRAINING
***************



[2020-01-31 15:52:38.465704][__main__.TRPOAgent.log][batch_info]: Rollout statistics size: 28994, Batch size: 4000, Number of batches: 8

[2020-01-31 15:52:38.466104][__main__.TRPOAgent.log][learning]: 

***************
BEGINNING TRAINING
***************



