LOGGER started at 2020-01-29 17:49:28.154513.
Currently active debug channels:
	act
	batch_info
	linesearch
	learning
[2020-01-29 17:49:28.521248][__main__.TRPOAgent.log][learning]: Episode #0

[2020-01-29 17:49:28.706007][__main__.TRPOAgent.log][learning]: Performing rollouts: rollout length: 1500

[2020-01-29 17:49:40.716023][__main__.TRPOAgent.log][learning]: Rollouts performed

[2020-01-29 17:49:40.737308][__main__.TRPOAgent.log][batch_info]: Rollout statistics size: 15000, Batch size: 1000, Number of batches: 1

[2020-01-29 17:49:40.737668][__main__.TRPOAgent.log][learning]: 

***************
BEGINNING TRAINING
***************



[2020-01-29 17:49:40.746889][__main__.TRPOAgent.log][batch_info]: Batch #0, batch length: 15000

[2020-01-29 17:49:41.263400][__main__.TRPOAgent.log][linesearch]: Linesearch worked at 1, New mean kl div: 0.0004789170074565106, New policy loss value: 8.61918654813015e-05

[2020-01-29 17:49:43.636388][__main__.TRPOAgent.log][batch_info]: Current batch value loss: 291.97116239782633

[2020-01-29 17:50:10.237889][__main__.TRPOAgent.log][learning]: Episode #1

[2020-01-29 17:50:10.241559][__main__.TRPOAgent.log][learning]: Performing rollouts: rollout length: 1500

[2020-01-29 17:50:24.858377][__main__.TRPOAgent.log][learning]: Rollouts performed

[2020-01-29 17:50:24.873050][__main__.TRPOAgent.log][batch_info]: Rollout statistics size: 15000, Batch size: 1000, Number of batches: 1

[2020-01-29 17:50:24.873515][__main__.TRPOAgent.log][learning]: 

***************
BEGINNING TRAINING
***************



[2020-01-29 17:50:24.879581][__main__.TRPOAgent.log][batch_info]: Batch #0, batch length: 15000

[2020-01-29 17:50:25.391044][__main__.TRPOAgent.log][linesearch]: Linesearch worked at 1, New mean kl div: 0.0012467854494386766, New policy loss value: 0.00017637097133907294

[2020-01-29 17:50:28.214155][__main__.TRPOAgent.log][batch_info]: Current batch value loss: 292.29961067227407

