LOGGER started at 2020-01-27 14:08:43.819473.
Currently active debug channels:
	rollouts
	training
	batch_info
	linesearch
	learning
	thread_rollouts
[2020-01-27 14:08:43.949216][__main__.TRPOAgent.log][learning]: Episode #0

[2020-01-27 14:08:44.180152][__main__.TRPOAgent.log][learning]: Performing rollouts: rollout length: 1000

[2020-01-27 14:08:44.215333][Environment.Environment.log][rollouts]: Rollout thread #1

[2020-01-27 14:08:44.216112][Environment.Environment.log][rollouts]: Rollout thread #2

[2020-01-27 14:08:44.216041][Environment.Environment.log][thread_rollouts]: Thread number: 0

[2020-01-27 14:08:44.219839][Environment.Environment.log][thread_rollouts]: Thread number: 1

[2020-01-27 14:08:46.724087][Environment.Environment.log][thread_rollouts]: Thread number: 1, Steps performed: 1000

[2020-01-27 14:08:46.775374][Environment.Environment.log][thread_rollouts]: Thread number: 0, Steps performed: 1000

[2020-01-27 14:08:46.775866][Environment.Environment.log][rollouts]: Rollout thread #3

[2020-01-27 14:08:46.776443][Environment.Environment.log][rollouts]: Rollout thread #4

[2020-01-27 14:08:46.776376][Environment.Environment.log][thread_rollouts]: Thread number: 2

[2020-01-27 14:08:46.777266][Environment.Environment.log][thread_rollouts]: Thread number: 3

[2020-01-27 14:08:48.930977][Environment.Environment.log][thread_rollouts]: Thread number: 2, Steps performed: 1000

[2020-01-27 14:08:48.938347][Environment.Environment.log][thread_rollouts]: Thread number: 3, Steps performed: 1000

[2020-01-27 14:08:48.938934][Environment.Environment.log][rollouts]: Rollout thread #5

[2020-01-27 14:08:48.939773][Environment.Environment.log][thread_rollouts]: Thread number: 4

[2020-01-27 14:08:48.939867][Environment.Environment.log][rollouts]: Rollout thread #6

[2020-01-27 14:08:48.941813][Environment.Environment.log][thread_rollouts]: Thread number: 5

[2020-01-27 14:08:51.109372][Environment.Environment.log][thread_rollouts]: Thread number: 5, Steps performed: 1000

[2020-01-27 14:08:51.183004][Environment.Environment.log][thread_rollouts]: Thread number: 4, Steps performed: 1000

[2020-01-27 14:08:51.183563][Environment.Environment.log][rollouts]: Rollout thread #7

[2020-01-27 14:08:51.184533][Environment.Environment.log][rollouts]: Rollout thread #8

[2020-01-27 14:08:51.184411][Environment.Environment.log][thread_rollouts]: Thread number: 6

[2020-01-27 14:08:51.185553][Environment.Environment.log][thread_rollouts]: Thread number: 7

[2020-01-27 14:08:53.341295][Environment.Environment.log][thread_rollouts]: Thread number: 7, Steps performed: 1000

[2020-01-27 14:08:53.354091][Environment.Environment.log][thread_rollouts]: Thread number: 6, Steps performed: 1000

[2020-01-27 14:08:53.354587][Environment.Environment.log][rollouts]: Rollout thread #9

[2020-01-27 14:08:53.355103][Environment.Environment.log][thread_rollouts]: Thread number: 8

[2020-01-27 14:08:53.355219][Environment.Environment.log][rollouts]: Rollout thread #10

[2020-01-27 14:08:53.356993][Environment.Environment.log][thread_rollouts]: Thread number: 9

[2020-01-27 14:08:55.508294][Environment.Environment.log][thread_rollouts]: Thread number: 8, Steps performed: 1000

[2020-01-27 14:08:55.544229][Environment.Environment.log][thread_rollouts]: Thread number: 9, Steps performed: 1000

[2020-01-27 14:08:55.544708][Environment.Environment.log][rollouts]: Rollout thread #11

[2020-01-27 14:08:55.545299][Environment.Environment.log][thread_rollouts]: Thread number: 10

[2020-01-27 14:08:55.545371][Environment.Environment.log][rollouts]: Rollout thread #12

[2020-01-27 14:08:55.547694][Environment.Environment.log][thread_rollouts]: Thread number: 11

[2020-01-27 14:08:57.674134][Environment.Environment.log][thread_rollouts]: Thread number: 11, Steps performed: 1000

[2020-01-27 14:08:57.701167][Environment.Environment.log][thread_rollouts]: Thread number: 10, Steps performed: 1000

[2020-01-27 14:08:57.701720][Environment.Environment.log][rollouts]: Rollout thread #13

[2020-01-27 14:08:57.702302][Environment.Environment.log][thread_rollouts]: Thread number: 12

[2020-01-27 14:08:57.702389][Environment.Environment.log][rollouts]: Rollout thread #14

[2020-01-27 14:08:57.704884][Environment.Environment.log][thread_rollouts]: Thread number: 13

[2020-01-27 14:08:59.877708][Environment.Environment.log][thread_rollouts]: Thread number: 13, Steps performed: 1000

[2020-01-27 14:08:59.925717][Environment.Environment.log][thread_rollouts]: Thread number: 12, Steps performed: 1000

[2020-01-27 14:08:59.926208][Environment.Environment.log][rollouts]: Rollout thread #15

[2020-01-27 14:08:59.926837][Environment.Environment.log][thread_rollouts]: Thread number: 14

[2020-01-27 14:08:59.926909][Environment.Environment.log][rollouts]: Rollout thread #16

[2020-01-27 14:08:59.928954][Environment.Environment.log][thread_rollouts]: Thread number: 15

[2020-01-27 14:09:02.070306][Environment.Environment.log][thread_rollouts]: Thread number: 14, Steps performed: 1000

[2020-01-27 14:09:02.141295][Environment.Environment.log][thread_rollouts]: Thread number: 15, Steps performed: 1000

[2020-01-27 14:09:02.141781][Environment.Environment.log][rollouts]: Rollout thread #17

[2020-01-27 14:09:02.142392][Environment.Environment.log][thread_rollouts]: Thread number: 16

[2020-01-27 14:09:02.142463][Environment.Environment.log][rollouts]: Rollout thread #18

[2020-01-27 14:09:02.144488][Environment.Environment.log][thread_rollouts]: Thread number: 17

[2020-01-27 14:09:04.320688][Environment.Environment.log][thread_rollouts]: Thread number: 16, Steps performed: 1000

[2020-01-27 14:09:04.346406][Environment.Environment.log][thread_rollouts]: Thread number: 17, Steps performed: 1000

[2020-01-27 14:09:04.346939][Environment.Environment.log][rollouts]: Rollout thread #19

[2020-01-27 14:09:04.347592][Environment.Environment.log][rollouts]: Rollout thread #20

[2020-01-27 14:09:04.347513][Environment.Environment.log][thread_rollouts]: Thread number: 18

[2020-01-27 14:09:04.348556][Environment.Environment.log][thread_rollouts]: Thread number: 19

[2020-01-27 14:09:06.512175][Environment.Environment.log][thread_rollouts]: Thread number: 18, Steps performed: 1000

[2020-01-27 14:09:06.575948][Environment.Environment.log][thread_rollouts]: Thread number: 19, Steps performed: 1000

[2020-01-27 14:09:06.576402][Environment.Environment.log][rollouts]: Rollout thread #21

[2020-01-27 14:09:06.577087][Environment.Environment.log][rollouts]: Rollout thread #22

[2020-01-27 14:09:06.577016][Environment.Environment.log][thread_rollouts]: Thread number: 20

[2020-01-27 14:09:06.578043][Environment.Environment.log][thread_rollouts]: Thread number: 21

[2020-01-27 14:09:08.737977][Environment.Environment.log][thread_rollouts]: Thread number: 20, Steps performed: 1000

[2020-01-27 14:09:08.769296][Environment.Environment.log][thread_rollouts]: Thread number: 21, Steps performed: 1000

[2020-01-27 14:09:08.769795][Environment.Environment.log][rollouts]: Rollout thread #23

[2020-01-27 14:09:08.770499][Environment.Environment.log][thread_rollouts]: Thread number: 22

[2020-01-27 14:09:08.770571][Environment.Environment.log][rollouts]: Rollout thread #24

[2020-01-27 14:09:08.773072][Environment.Environment.log][thread_rollouts]: Thread number: 23

[2020-01-27 14:09:10.961936][Environment.Environment.log][thread_rollouts]: Thread number: 23, Steps performed: 1000

[2020-01-27 14:09:11.006954][Environment.Environment.log][thread_rollouts]: Thread number: 22, Steps performed: 1000

[2020-01-27 14:09:11.007476][Environment.Environment.log][rollouts]: Rollout thread #25

[2020-01-27 14:09:11.008144][Environment.Environment.log][thread_rollouts]: Thread number: 24

[2020-01-27 14:09:11.008201][Environment.Environment.log][rollouts]: Rollout thread #26

[2020-01-27 14:09:11.009942][Environment.Environment.log][thread_rollouts]: Thread number: 25

[2020-01-27 14:09:13.478852][Environment.Environment.log][thread_rollouts]: Thread number: 25, Steps performed: 1000

[2020-01-27 14:09:13.532215][Environment.Environment.log][thread_rollouts]: Thread number: 24, Steps performed: 1000

