LOGGER started at 2020-01-28 18:33:37.899005.
Currently active debug channels:
	act
	batch_info
	linesearch
	learning
[2020-01-28 18:33:38.317938][__main__.TRPOAgent.log][learning]: Episode #0

[2020-01-28 18:33:38.516006][__main__.TRPOAgent.log][learning]: Performing rollouts: rollout length: 1500

[2020-01-28 18:33:39.664909][__main__.TRPOAgent.log][learning]: Rollouts performed

[2020-01-28 18:33:39.667757][__main__.TRPOAgent.log][batch_info]: Rollout statistics size: 931, Batch size: 3000, Number of batches: 1

[2020-01-28 18:33:39.672099][__main__.TRPOAgent.log][learning]: 

***************
BEGINNING TRAINING
***************



[2020-01-28 18:33:39.672978][__main__.TRPOAgent.log][batch_info]: Batch #0, batch length: 931

[2020-01-28 18:33:39.873474][__main__.TRPOAgent.log][linesearch]: Linesearch worked at 8, New mean kl div: 1.108993103995585e-16, New policy loss value: 2.509032485296809e-16

[2020-01-28 18:33:40.135904][__main__.TRPOAgent.log][batch_info]: Current batch value loss: 23.638569003928932

[2020-01-28 18:33:40.136362][__main__.TRPOAgent.log][linesearch]: Linesearch successful, updating policy parameters

[2020-01-28 18:33:41.082225][__main__.TRPOAgent.log][learning]: Episode #1

[2020-01-28 18:33:41.082759][__main__.TRPOAgent.log][learning]: Performing rollouts: rollout length: 1500

[2020-01-28 18:33:42.473210][__main__.TRPOAgent.log][learning]: Rollouts performed

[2020-01-28 18:33:42.475980][__main__.TRPOAgent.log][batch_info]: Rollout statistics size: 948, Batch size: 3000, Number of batches: 1

[2020-01-28 18:33:42.476392][__main__.TRPOAgent.log][learning]: 

***************
BEGINNING TRAINING
***************



[2020-01-28 18:33:42.477231][__main__.TRPOAgent.log][batch_info]: Batch #0, batch length: 948

[2020-01-28 18:33:42.652656][__main__.TRPOAgent.log][linesearch]: Linesearch worked at 8, New mean kl div: -1.5663939538840696e-16, New policy loss value: 2.435932374704985e-17

[2020-01-28 18:33:42.704822][__main__.TRPOAgent.log][batch_info]: Current batch value loss: 15.449648433609793

[2020-01-28 18:33:42.705241][__main__.TRPOAgent.log][linesearch]: Linesearch successful, updating policy parameters

[2020-01-28 18:33:43.237951][__main__.TRPOAgent.log][learning]: Episode #2

[2020-01-28 18:33:43.238397][__main__.TRPOAgent.log][learning]: Performing rollouts: rollout length: 1500

[2020-01-28 18:33:44.442494][__main__.TRPOAgent.log][learning]: Rollouts performed

[2020-01-28 18:33:44.445368][__main__.TRPOAgent.log][batch_info]: Rollout statistics size: 919, Batch size: 3000, Number of batches: 1

[2020-01-28 18:33:44.445873][__main__.TRPOAgent.log][learning]: 

***************
BEGINNING TRAINING
***************



[2020-01-28 18:33:44.446743][__main__.TRPOAgent.log][batch_info]: Batch #0, batch length: 919

[2020-01-28 18:33:44.621366][__main__.TRPOAgent.log][linesearch]: Linesearch worked at 9, New mean kl div: 0.0, New policy loss value: 8.698156449729191e-18

[2020-01-28 18:33:44.672548][__main__.TRPOAgent.log][batch_info]: Current batch value loss: 8.256949364741752

[2020-01-28 18:33:44.672940][__main__.TRPOAgent.log][linesearch]: Linesearch successful, updating policy parameters

[2020-01-28 18:33:45.248135][__main__.TRPOAgent.log][learning]: Episode #3

[2020-01-28 18:33:45.248531][__main__.TRPOAgent.log][learning]: Performing rollouts: rollout length: 1500

[2020-01-28 18:33:46.371345][__main__.TRPOAgent.log][learning]: Rollouts performed

[2020-01-28 18:33:46.374986][__main__.TRPOAgent.log][batch_info]: Rollout statistics size: 962, Batch size: 3000, Number of batches: 1

[2020-01-28 18:33:46.375524][__main__.TRPOAgent.log][learning]: 

***************
BEGINNING TRAINING
***************



[2020-01-28 18:33:46.376563][__main__.TRPOAgent.log][batch_info]: Batch #0, batch length: 962

[2020-01-28 18:33:46.555084][__main__.TRPOAgent.log][linesearch]: Linesearch failed. Mean kl divergence: 0.0, Discarded policy loss value: -1.6618723029732074e-17

[2020-01-28 18:33:46.610257][__main__.TRPOAgent.log][batch_info]: Current batch value loss: 6.719543921262502

[2020-01-28 18:33:47.160523][__main__.TRPOAgent.log][learning]: Episode #4

[2020-01-28 18:33:47.160911][__main__.TRPOAgent.log][learning]: Performing rollouts: rollout length: 1500

[2020-01-28 18:33:48.281622][__main__.TRPOAgent.log][learning]: Rollouts performed

[2020-01-28 18:33:48.284522][__main__.TRPOAgent.log][batch_info]: Rollout statistics size: 966, Batch size: 3000, Number of batches: 1

[2020-01-28 18:33:48.284955][__main__.TRPOAgent.log][learning]: 

***************
BEGINNING TRAINING
***************



[2020-01-28 18:33:48.285686][__main__.TRPOAgent.log][batch_info]: Batch #0, batch length: 966

[2020-01-28 18:33:48.451766][__main__.TRPOAgent.log][linesearch]: Linesearch worked at 8, New mean kl div: 9.681105653833498e-17, New policy loss value: 3.4019256241102106e-17

[2020-01-28 18:33:48.505354][__main__.TRPOAgent.log][batch_info]: Current batch value loss: 1.9707083544370976

[2020-01-28 18:33:48.505840][__main__.TRPOAgent.log][linesearch]: Linesearch successful, updating policy parameters

[2020-01-28 18:33:49.055686][__main__.TRPOAgent.log][learning]: Episode #5

[2020-01-28 18:33:49.056053][__main__.TRPOAgent.log][learning]: Performing rollouts: rollout length: 1500

[2020-01-28 18:33:50.210352][__main__.TRPOAgent.log][learning]: Rollouts performed

[2020-01-28 18:33:50.213401][__main__.TRPOAgent.log][batch_info]: Rollout statistics size: 939, Batch size: 3000, Number of batches: 1

[2020-01-28 18:33:50.213869][__main__.TRPOAgent.log][learning]: 

***************
BEGINNING TRAINING
***************



[2020-01-28 18:33:50.214553][__main__.TRPOAgent.log][batch_info]: Batch #0, batch length: 939

[2020-01-28 18:33:50.407643][__main__.TRPOAgent.log][linesearch]: Linesearch failed. Mean kl divergence: 0.0, Discarded policy loss value: -8.27642297377646e-19

[2020-01-28 18:33:50.466419][__main__.TRPOAgent.log][batch_info]: Current batch value loss: 0.27622760735101687

[2020-01-28 18:33:51.008411][__main__.TRPOAgent.log][learning]: Episode #6

[2020-01-28 18:33:51.008838][__main__.TRPOAgent.log][learning]: Performing rollouts: rollout length: 1500

[2020-01-28 18:33:52.213031][__main__.TRPOAgent.log][learning]: Rollouts performed

[2020-01-28 18:33:52.216171][__main__.TRPOAgent.log][batch_info]: Rollout statistics size: 951, Batch size: 3000, Number of batches: 1

[2020-01-28 18:33:52.216573][__main__.TRPOAgent.log][learning]: 

***************
BEGINNING TRAINING
***************



[2020-01-28 18:33:52.217215][__main__.TRPOAgent.log][batch_info]: Batch #0, batch length: 951

[2020-01-28 18:33:52.398782][__main__.TRPOAgent.log][linesearch]: Linesearch worked at 9, New mean kl div: 1.0887818919262974e-19, New policy loss value: 1.1791012143758235e-17

[2020-01-28 18:33:52.457447][__main__.TRPOAgent.log][batch_info]: Current batch value loss: 0.38610011821417606

[2020-01-28 18:33:52.457998][__main__.TRPOAgent.log][linesearch]: Linesearch successful, updating policy parameters

[2020-01-28 18:33:53.049179][__main__.TRPOAgent.log][learning]: Episode #7

[2020-01-28 18:33:53.049571][__main__.TRPOAgent.log][learning]: Performing rollouts: rollout length: 1500

[2020-01-28 18:33:54.217764][__main__.TRPOAgent.log][learning]: Rollouts performed

[2020-01-28 18:33:54.221329][__main__.TRPOAgent.log][batch_info]: Rollout statistics size: 973, Batch size: 3000, Number of batches: 1

[2020-01-28 18:33:54.221876][__main__.TRPOAgent.log][learning]: 

***************
BEGINNING TRAINING
***************



[2020-01-28 18:33:54.222893][__main__.TRPOAgent.log][batch_info]: Batch #0, batch length: 973

[2020-01-28 18:33:54.413432][__main__.TRPOAgent.log][linesearch]: Linesearch worked at 8, New mean kl div: 1.0378689204063071e-16, New policy loss value: 3.0765044503037805e-17

[2020-01-28 18:33:54.465446][__main__.TRPOAgent.log][batch_info]: Current batch value loss: 0.4924456838565619

[2020-01-28 18:33:54.465867][__main__.TRPOAgent.log][linesearch]: Linesearch successful, updating policy parameters

[2020-01-28 18:33:55.029450][__main__.TRPOAgent.log][learning]: Episode #8

[2020-01-28 18:33:55.029826][__main__.TRPOAgent.log][learning]: Performing rollouts: rollout length: 1500

[2020-01-28 18:33:56.187140][__main__.TRPOAgent.log][learning]: Rollouts performed

[2020-01-28 18:33:56.190776][__main__.TRPOAgent.log][batch_info]: Rollout statistics size: 966, Batch size: 3000, Number of batches: 1

[2020-01-28 18:33:56.194399][__main__.TRPOAgent.log][learning]: 

***************
BEGINNING TRAINING
***************



[2020-01-28 18:33:56.195339][__main__.TRPOAgent.log][batch_info]: Batch #0, batch length: 966

[2020-01-28 18:33:56.378752][__main__.TRPOAgent.log][linesearch]: Linesearch worked at 9, New mean kl div: 0.0, New policy loss value: 4.166209590337673e-18

[2020-01-28 18:33:56.433648][__main__.TRPOAgent.log][batch_info]: Current batch value loss: 0.5939454695621059

[2020-01-28 18:33:56.434054][__main__.TRPOAgent.log][linesearch]: Linesearch successful, updating policy parameters

[2020-01-28 18:33:57.009811][__main__.TRPOAgent.log][learning]: Episode #9

[2020-01-28 18:33:57.010165][__main__.TRPOAgent.log][learning]: Performing rollouts: rollout length: 1500

[2020-01-28 18:33:58.174898][__main__.TRPOAgent.log][learning]: Rollouts performed

[2020-01-28 18:33:58.178429][__main__.TRPOAgent.log][batch_info]: Rollout statistics size: 949, Batch size: 3000, Number of batches: 1

[2020-01-28 18:33:58.178995][__main__.TRPOAgent.log][learning]: 

***************
BEGINNING TRAINING
***************



[2020-01-28 18:33:58.180072][__main__.TRPOAgent.log][batch_info]: Batch #0, batch length: 949

[2020-01-28 18:33:58.354991][__main__.TRPOAgent.log][linesearch]: Linesearch worked at 9, New mean kl div: 8.290751563262293e-19, New policy loss value: 2.506483488155319e-17

[2020-01-28 18:33:58.409298][__main__.TRPOAgent.log][batch_info]: Current batch value loss: 0.35951271680456265

[2020-01-28 18:33:58.409788][__main__.TRPOAgent.log][linesearch]: Linesearch successful, updating policy parameters

[2020-01-28 18:33:58.964162][__main__.TRPOAgent.log][learning]: Episode #10

[2020-01-28 18:33:58.964556][__main__.TRPOAgent.log][learning]: Performing rollouts: rollout length: 1500

[2020-01-28 18:34:00.111375][__main__.TRPOAgent.log][learning]: Rollouts performed

[2020-01-28 18:34:00.113970][__main__.TRPOAgent.log][batch_info]: Rollout statistics size: 956, Batch size: 3000, Number of batches: 1

[2020-01-28 18:34:00.114369][__main__.TRPOAgent.log][learning]: 

***************
BEGINNING TRAINING
***************



[2020-01-28 18:34:00.115025][__main__.TRPOAgent.log][batch_info]: Batch #0, batch length: 956

[2020-01-28 18:34:00.289373][__main__.TRPOAgent.log][linesearch]: Linesearch worked at 8, New mean kl div: -1.0609689720755713e-16, New policy loss value: 1.8581138487450318e-17

[2020-01-28 18:34:00.343622][__main__.TRPOAgent.log][batch_info]: Current batch value loss: 0.46679626199440216

[2020-01-28 18:34:00.344027][__main__.TRPOAgent.log][linesearch]: Linesearch successful, updating policy parameters

[2020-01-28 18:34:00.938329][__main__.TRPOAgent.log][learning]: Episode #11

[2020-01-28 18:34:00.938768][__main__.TRPOAgent.log][learning]: Performing rollouts: rollout length: 1500

[2020-01-28 18:34:02.322224][__main__.TRPOAgent.log][learning]: Rollouts performed

[2020-01-28 18:34:02.325370][__main__.TRPOAgent.log][batch_info]: Rollout statistics size: 938, Batch size: 3000, Number of batches: 1

[2020-01-28 18:34:02.325992][__main__.TRPOAgent.log][learning]: 

***************
BEGINNING TRAINING
***************



[2020-01-28 18:34:02.327103][__main__.TRPOAgent.log][batch_info]: Batch #0, batch length: 938

[2020-01-28 18:34:02.539761][__main__.TRPOAgent.log][linesearch]: Linesearch failed. Mean kl divergence: 1.1691903319054444e-19, Discarded policy loss value: -4.632340471883482e-17

[2020-01-28 18:34:02.606225][__main__.TRPOAgent.log][batch_info]: Current batch value loss: 0.3370470148435805

[2020-01-28 18:34:03.275531][__main__.TRPOAgent.log][learning]: Episode #12

[2020-01-28 18:34:03.275950][__main__.TRPOAgent.log][learning]: Performing rollouts: rollout length: 1500

[2020-01-28 18:34:04.697163][__main__.TRPOAgent.log][learning]: Rollouts performed

[2020-01-28 18:34:04.701006][__main__.TRPOAgent.log][batch_info]: Rollout statistics size: 952, Batch size: 3000, Number of batches: 1

[2020-01-28 18:34:04.701500][__main__.TRPOAgent.log][learning]: 

***************
BEGINNING TRAINING
***************



[2020-01-28 18:34:04.702203][__main__.TRPOAgent.log][batch_info]: Batch #0, batch length: 952

[2020-01-28 18:34:04.907280][__main__.TRPOAgent.log][linesearch]: Linesearch worked at 9, New mean kl div: -2.2850739698548382e-18, New policy loss value: 6.997203936713171e-18

[2020-01-28 18:34:04.961139][__main__.TRPOAgent.log][batch_info]: Current batch value loss: 0.33395920950971547

[2020-01-28 18:34:04.961544][__main__.TRPOAgent.log][linesearch]: Linesearch successful, updating policy parameters

[2020-01-28 18:34:05.583185][__main__.TRPOAgent.log][learning]: Episode #13

[2020-01-28 18:34:05.583972][__main__.TRPOAgent.log][learning]: Performing rollouts: rollout length: 1500

[2020-01-28 18:34:07.004974][__main__.TRPOAgent.log][learning]: Rollouts performed

[2020-01-28 18:34:07.008053][__main__.TRPOAgent.log][batch_info]: Rollout statistics size: 942, Batch size: 3000, Number of batches: 1

[2020-01-28 18:34:07.008465][__main__.TRPOAgent.log][learning]: 

***************
BEGINNING TRAINING
***************



[2020-01-28 18:34:07.009206][__main__.TRPOAgent.log][batch_info]: Batch #0, batch length: 942

[2020-01-28 18:34:07.219638][__main__.TRPOAgent.log][linesearch]: Linesearch worked at 8, New mean kl div: 1.0971066463636111e-16, New policy loss value: 3.288240168475782e-17

[2020-01-28 18:34:07.280057][__main__.TRPOAgent.log][batch_info]: Current batch value loss: 0.1487373123306762

[2020-01-28 18:34:07.280496][__main__.TRPOAgent.log][linesearch]: Linesearch successful, updating policy parameters

[2020-01-28 18:34:07.924543][__main__.TRPOAgent.log][learning]: Episode #14

[2020-01-28 18:34:07.924940][__main__.TRPOAgent.log][learning]: Performing rollouts: rollout length: 1500

