LOGGER started at 2020-01-28 14:53:50.237423.
Currently active debug channels:
	rollouts
	act
	training
	batch_info
	linesearch
	learning
	thread_rollouts
[2020-01-28 14:53:50.680290][__main__.TRPOAgent.log][learning]: Episode #0

[2020-01-28 14:53:50.896798][__main__.TRPOAgent.log][learning]: Performing rollouts: rollout length: 200

[2020-01-28 14:53:50.912065][Environment.Environment.log][rollouts]: Rollout thread #1

[2020-01-28 14:53:50.913143][Environment.Environment.log][thread_rollouts]: Thread number: 0

[2020-01-28 14:53:50.913213][Environment.Environment.log][rollouts]: Rollout thread #2

[2020-01-28 14:53:50.917877][Environment.Environment.log][thread_rollouts]: Thread number: 1

[2020-01-28 14:53:51.016773][Environment.Environment.log][thread_rollouts]: Thread number: 0, Steps performed: 35

[2020-01-28 14:53:51.021019][Environment.Environment.log][thread_rollouts]: Thread number: 1, Steps performed: 28

[2020-01-28 14:53:51.021647][Environment.Environment.log][rollouts]: Rollout thread #3

[2020-01-28 14:53:51.022393][Environment.Environment.log][thread_rollouts]: Thread number: 2

[2020-01-28 14:53:51.022466][Environment.Environment.log][rollouts]: Rollout thread #4

[2020-01-28 14:53:51.027155][Environment.Environment.log][thread_rollouts]: Thread number: 3

[2020-01-28 14:53:51.073428][Environment.Environment.log][thread_rollouts]: Thread number: 2, Steps performed: 18

[2020-01-28 14:53:51.101049][Environment.Environment.log][thread_rollouts]: Thread number: 3, Steps performed: 34

[2020-01-28 14:53:51.101456][Environment.Environment.log][rollouts]: Rollout thread #5

[2020-01-28 14:53:51.101937][Environment.Environment.log][thread_rollouts]: Thread number: 4

[2020-01-28 14:53:51.102060][Environment.Environment.log][rollouts]: Rollout thread #6

[2020-01-28 14:53:51.106099][Environment.Environment.log][thread_rollouts]: Thread number: 5

[2020-01-28 14:53:51.145470][Environment.Environment.log][thread_rollouts]: Thread number: 5, Steps performed: 9

[2020-01-28 14:53:51.176110][Environment.Environment.log][thread_rollouts]: Thread number: 4, Steps performed: 38

[2020-01-28 14:53:51.176550][Environment.Environment.log][rollouts]: Rollout thread #7

[2020-01-28 14:53:51.177160][Environment.Environment.log][thread_rollouts]: Thread number: 6

[2020-01-28 14:53:51.177228][Environment.Environment.log][rollouts]: Rollout thread #8

[2020-01-28 14:53:51.180884][Environment.Environment.log][thread_rollouts]: Thread number: 7

[2020-01-28 14:53:51.214186][Environment.Environment.log][thread_rollouts]: Thread number: 6, Steps performed: 11

[2020-01-28 14:53:51.243468][Environment.Environment.log][thread_rollouts]: Thread number: 7, Steps performed: 30

[2020-01-28 14:53:51.244040][Environment.Environment.log][rollouts]: Rollout thread #9

[2020-01-28 14:53:51.244706][Environment.Environment.log][rollouts]: Rollout thread #10

[2020-01-28 14:53:51.244645][Environment.Environment.log][thread_rollouts]: Thread number: 8

[2020-01-28 14:53:51.245742][Environment.Environment.log][thread_rollouts]: Thread number: 9

[2020-01-28 14:53:51.341476][Environment.Environment.log][thread_rollouts]: Thread number: 8, Steps performed: 37

[2020-01-28 14:53:51.342054][Environment.Environment.log][thread_rollouts]: Thread number: 9, Steps performed: 28

[2020-01-28 14:53:51.342826][__main__.TRPOAgent.log][rollouts]: Unpacking actions

[2020-01-28 14:53:51.343455][__main__.TRPOAgent.log][rollouts]: Unpacking rewards

[2020-01-28 14:53:51.344271][__main__.TRPOAgent.log][rollouts]: Unpacking observations

[2020-01-28 14:53:51.344804][__main__.TRPOAgent.log][learning]: Rollouts performed

[2020-01-28 14:53:51.346309][__main__.TRPOAgent.log][batch_info]: Rollout statistics size: 268, Batch size: 1000, Number of batches: 1

[2020-01-28 14:53:51.346784][__main__.TRPOAgent.log][learning]: 

***************
BEGINNING TRAINING
***************



[2020-01-28 14:53:51.348726][__main__.TRPOAgent.log][batch_info]: Batch #0, batch length: 268

[2020-01-28 14:53:51.681460][__main__.TRPOAgent.log][training]: policy_gradient: [-9.56674181e-06  3.51688491e-04  1.09960369e-04 -5.20232340e-05
  1.82806207e-05 -2.93386940e-05  5.65633279e-05  4.30904788e-05
  2.57267813e-04 -3.44361669e-05 -1.23010168e-04  3.87413421e-05
  9.96928069e-05  1.34170785e-05  2.96984934e-05 -4.43316292e-06
  5.29330417e-06  1.19199559e-04 -8.75812089e-05 -6.66633453e-05
 -4.45574019e-05 -1.36612837e-04  1.64934765e-04 -1.64028760e-04
 -1.59350485e-04  3.85052040e-05  4.58138635e-05  1.01666873e-05
  2.66703138e-05 -5.04967967e-05  5.25954649e-05 -4.17239976e-06
  8.95893428e-04 -1.37199814e-03 -5.82591020e-04  5.80873477e-03
  1.92564882e-05  3.96469974e-03 -6.18927772e-03 -3.47284054e-04
 -9.73828565e-04  1.27500733e-04  4.29694738e-04 -4.53147051e-03
 -3.64347905e-04 -2.10438866e-03 -3.17876489e-03 -4.52328235e-03
  2.11869199e-03 -2.96657347e-05  8.93160440e-03  3.33659497e-04
  1.08684141e-03  7.01156728e-03 -8.73373546e-04  6.61691015e-04
  6.59402493e-04 -1.40274610e-04 -1.31801271e-03 -9.67906809e-04
 -3.07435723e-03  2.25855014e-03 -2.80606717e-04 -1.27040910e-04
  3.15333043e-05 -2.89015440e-04 -3.99893580e-05  1.97200040e-04
  4.26743716e-05  1.58353116e-04 -2.11814873e-04 -1.02105316e-04
 -2.06579924e-04  1.47200322e-05  7.62009084e-05 -1.50898999e-04
 -8.00561027e-05 -9.12279459e-05 -1.08740439e-04 -1.38988915e-04
  6.14569186e-05 -3.49884678e-05  2.99411738e-04  2.63892923e-05
  2.08953499e-05  4.04329555e-04 -6.03581531e-05  1.20001104e-04
  8.49346375e-05 -5.51634605e-05 -5.00631204e-05 -3.37152480e-05
 -9.92801533e-05  1.27620704e-04 -1.01934078e-04 -8.81150133e-06
 -1.23400638e-03  2.11493436e-03  7.48900382e-04 -7.97949316e-03
 -2.00446626e-04 -5.54510664e-03  8.50551866e-03  8.33914256e-04
  1.43260827e-03 -8.42543584e-05 -5.58639282e-04  6.21191454e-03
  5.42704812e-04  2.96183828e-03  4.36926311e-03  6.35025030e-03
 -2.94405717e-03 -1.84786977e-04 -1.22163520e-02 -4.05237506e-04
 -1.42649335e-03 -1.00790285e-02  1.12327407e-03 -8.85425123e-04
 -8.80545882e-04  2.47866393e-04  1.78048437e-03  1.33261358e-03
  4.22954159e-03 -3.15536545e-03  6.34082099e-04  2.65507745e-04
 -1.14858095e-03  2.02314680e-03 -1.89039962e-03 -7.30386780e-03
 -2.52804879e-03 -6.52519303e-03  7.81610583e-03  4.00390838e-03
  9.00445212e-04  8.40343177e-04  6.77721752e-04  5.57353120e-03
  5.40736441e-04  3.57355777e-03  4.01322872e-03  6.71944023e-03
 -3.20264343e-03 -3.12548024e-03 -1.05508394e-02  1.00889108e-03
  3.05032229e-04 -1.43421548e-02 -2.81982310e-03  2.38799075e-04
  1.39951570e-03  1.20012225e-03  1.11419325e-03  1.23387188e-03
  3.80729331e-03 -4.42086567e-03  3.28552790e-03  8.78447080e-04
  2.10058874e-03 -1.66366952e-03  0.00000000e+00  3.10657296e-06
 -1.52911434e-04  0.00000000e+00 -8.90146693e-04  3.44410095e-03
  1.28296238e-03  0.00000000e+00  0.00000000e+00  0.00000000e+00
  0.00000000e+00  0.00000000e+00  0.00000000e+00  7.49803756e-04
 -8.74148791e-04 -2.32865332e-05 -1.51991891e-05  8.38852368e-06
  1.82443605e-07 -1.27670164e-07  0.00000000e+00 -1.37170537e-03
 -5.11929641e-04  2.66370126e-04 -4.06192426e-04 -3.62297946e-06
  4.44812963e-05  7.45846725e-04 -7.93338695e-05  4.02728995e-06
 -1.78286175e-04  0.00000000e+00 -2.94196222e-06  0.00000000e+00
  0.00000000e+00  0.00000000e+00  0.00000000e+00 -2.92315946e-04
 -1.08890641e-04  5.43272625e-05 -8.18307320e-05  0.00000000e+00
  9.07213992e-06  1.52118450e-04 -1.61804629e-05  3.54548020e-07
  4.48402406e-03 -3.55135396e-03  0.00000000e+00  9.03125273e-06
 -3.26412561e-04  0.00000000e+00 -1.90015262e-03  7.35195389e-03
  2.73867704e-03  0.00000000e+00  0.00000000e+00  0.00000000e+00
  0.00000000e+00  0.00000000e+00  0.00000000e+00  1.59808805e-03
 -8.53624052e-04 -6.52675174e-05 -1.59712633e-05  1.55472933e-05
 -2.67308540e-06 -1.52799004e-05  0.00000000e+00 -1.37662078e-03
 -5.11926710e-04  2.62959096e-04 -4.00696214e-04  1.09974088e-06
  4.39116864e-05  7.36326318e-04 -7.83179515e-05  3.62260897e-06
  4.91745431e-04 -3.70365985e-04 -9.01703281e-07 -2.67871411e-06
 -3.24437357e-05 -9.18721925e-05 -1.54357011e-04  6.21743794e-04
  2.33205607e-04 -1.53184968e-05  2.27652700e-05  1.10911668e-05
 -2.55804434e-06 -5.14235328e-05  4.56235706e-06  1.32280958e-04
  9.01373096e-03 -7.13888880e-03  0.00000000e+00  1.70809226e-05
 -6.56150583e-04  0.00000000e+00 -3.81966382e-03  1.47788088e-02
  5.50525548e-03  0.00000000e+00  0.00000000e+00  0.00000000e+00
  0.00000000e+00  0.00000000e+00  0.00000000e+00  3.21415687e-03
 -3.79986570e-04 -1.21344027e-04 -1.01283126e-05  2.10265809e-05
 -6.76255133e-06 -6.93864430e-05  0.00000000e+00 -7.07745942e-04
 -2.60672947e-04  1.32189214e-04 -2.04348987e-04  8.98990480e-06
  2.20743507e-05  3.64118257e-04 -3.93703378e-05  2.81099064e-06
 -6.31873336e-04 -5.19278422e-05 -1.19994862e-05  1.05401071e-05
 -2.12343742e-06 -1.62213997e-05  0.00000000e+00 -1.02301015e-03
 -3.79727941e-04  1.96106796e-04 -2.98544448e-04  6.97907874e-07
  3.27479834e-05  5.48916990e-04 -5.84071163e-05  2.51825881e-06
  3.67399160e-03 -2.90328949e-03  0.00000000e+00  8.55957645e-06
 -2.66847565e-04 -1.09351860e-05 -1.54193771e-03  5.96597075e-03
  2.22238433e-03 -8.24637342e-06  1.23511902e-05  4.41846475e-06
 -1.37706651e-06 -2.49477336e-05  2.45604386e-06  1.29415190e-03
 -2.57788259e-04 -8.42457860e-05 -7.15369556e-06  7.03878268e-06
 -4.68505687e-06 -6.19313142e-05  0.00000000e+00 -5.02007811e-04
 -1.83525321e-04  9.42481786e-05 -1.43483854e-04  5.71104585e-06
  1.57385560e-05  2.59193804e-04 -2.80702375e-05  8.55391860e-07
  8.23201458e-03 -6.51751453e-03  0.00000000e+00  1.38558182e-05
 -5.99038742e-04 -3.10522506e-06 -3.48815740e-03  1.34961645e-02
  5.02745754e-03  6.90325311e-07 -1.03395017e-06 -3.69881146e-07
  1.15277809e-07  6.93376883e-07 -2.05601802e-07  2.93310944e-03
 -5.96606502e-04 -7.93262376e-05 -1.20348087e-05  2.16754881e-05
 -3.81137703e-06 -2.40163696e-06  0.00000000e+00 -9.66742705e-04
 -3.58089845e-04  1.81797597e-04 -2.83645291e-04  3.44088442e-06
  3.03584823e-05  5.09040349e-04 -5.41453616e-05  5.76969538e-06
  7.72087406e-04 -6.08890844e-04  5.42453782e-08  5.83434183e-07
 -5.59644636e-05  0.00000000e+00 -3.25787162e-04  1.26590556e-03
  4.71562602e-04 -1.00171337e-06  0.00000000e+00  0.00000000e+00
 -1.67276676e-07 -2.80483645e-06  2.98343509e-07  2.69960897e-04
  1.70352379e-03 -1.34919347e-03  0.00000000e+00  2.77123883e-06
 -1.24007266e-04  0.00000000e+00 -7.21886222e-04  2.79307786e-03
  1.04044970e-03  0.00000000e+00  0.00000000e+00  0.00000000e+00
  0.00000000e+00  0.00000000e+00  0.00000000e+00  6.04482345e-04
  8.26593339e-04 -6.41507711e-04  0.00000000e+00 -2.01653269e-06
 -5.89623499e-05 -2.04446644e-05 -3.30865391e-04  1.28016406e-03
  4.76874037e-04 -8.89753728e-06  1.33264854e-05  4.76736292e-06
 -1.48580472e-06 -2.66286136e-05  2.64998208e-06  2.75201761e-04
  3.17574685e-03 -2.51519640e-03  0.00000000e+00  4.24530632e-06
 -2.31177097e-04  0.00000000e+00 -1.34533165e-03  5.20527465e-03
  1.93901736e-03 -3.05370232e-07  4.57375093e-07  1.63619513e-07
 -5.09939456e-08 -8.55048538e-07  9.09493960e-08  1.12825213e-03
  9.18181240e-04 -6.82273996e-04 -2.51174378e-07  1.38528743e-05
 -6.02267402e-05 -7.34061317e-05 -3.16113906e-04  1.37806714e-03
  5.15999000e-04 -3.43472964e-05  4.99126374e-05  9.93481617e-06
 -5.73567422e-06 -1.03492048e-04  1.02297655e-05  2.68878892e-04
  5.68852221e-03 -4.48598445e-03  0.00000000e+00 -6.12461106e-07
 -4.12316454e-04 -2.27245772e-05 -2.41105615e-03  9.32871048e-03
  3.47503883e-03  7.78718531e-06 -1.16634309e-05 -4.17242854e-06
  1.30038643e-06  1.90416382e-05 -2.31928239e-06  2.03182768e-03
 -4.91375337e-04 -9.64022863e-05 -1.08153520e-05  2.64441730e-05
 -4.63041164e-06 -9.82923216e-06  0.00000000e+00 -7.87910212e-04
 -2.89004292e-04  1.51004146e-04 -2.37171167e-04  3.79337964e-06
  2.52162668e-05  4.22817489e-04 -4.49740495e-05  5.34577636e-06
  2.60196674e-03 -2.01893900e-03 -1.89613755e-08  7.72547715e-06
 -1.84315260e-04 -5.05440600e-05 -1.06631341e-03  4.22898096e-03
  1.58044851e-03 -1.23590017e-05  1.78628039e-05  1.39854693e-07
 -2.06383660e-06 -3.92447283e-05  3.68092114e-06  9.03746692e-04
  1.10344876e-03 -8.15751119e-04 -7.68960461e-07 -1.15385848e-06
 -7.24417351e-05 -1.38555692e-04 -3.68837917e-04  1.53349623e-03
  5.73989712e-04 -3.55913106e-05  5.29054496e-05  1.68723335e-05
 -5.94341284e-06 -1.12649223e-04  1.06002742e-05  3.14236000e-04
 -2.98656421e-04  0.00000000e+00 -4.92823355e-06  0.00000000e+00
  0.00000000e+00  0.00000000e+00  0.00000000e+00 -4.89673606e-04
 -1.82408362e-04  9.10064160e-05 -1.40159190e-04  0.00000000e+00
  1.51972123e-05  2.54821508e-04 -2.71047329e-05  2.43058560e-06
 -1.06835799e-03 -3.35220885e-05 -1.84290736e-05  7.45659300e-06
 -1.18629449e-06 -9.58133695e-06  0.00000000e+00 -1.75420756e-03
 -6.58844863e-04  3.26520136e-04 -4.94119589e-04  1.74173183e-06
  5.45257799e-05  9.14269093e-04 -9.72485398e-05  3.13661500e-06
 -6.44032117e-04  2.03395939e-05 -1.02619430e-05  4.32209521e-08
  2.38996637e-06  0.00000000e+00  0.00000000e+00 -1.00034999e-03
 -3.74285290e-04  1.96249103e-04 -3.00461244e-04 -5.09673243e-06
  3.27717474e-05  5.49505130e-04 -5.84495002e-05  3.94749195e-06
 -4.40822262e-04 -1.71096699e-05 -7.91045559e-06  3.33433359e-06
 -5.38980032e-07  0.00000000e+00  0.00000000e+00 -7.21220659e-04
 -2.69238031e-04  1.34327111e-04 -2.10460605e-04  0.00000000e+00
  2.24313593e-05  3.76121141e-04 -4.00070745e-05  5.04513253e-06
  4.36146835e-03 -3.44012893e-03  0.00000000e+00  3.44685410e-06
 -3.16189630e-04 -1.95777038e-05 -1.82821803e-03  7.07362899e-03
  2.63499821e-03 -8.93362123e-06  1.33805310e-05  4.78669695e-06
 -1.49183040e-06 -2.74764030e-05  2.66072908e-06  1.53679768e-03
  3.63665193e-03 -2.88023393e-03  0.00000000e+00  4.63785555e-06
 -2.64728479e-04  0.00000000e+00 -1.54106971e-03  5.96261236e-03
  2.22113330e-03  0.00000000e+00  0.00000000e+00  0.00000000e+00
  0.00000000e+00  0.00000000e+00  0.00000000e+00  1.28770996e-03
  2.91489385e-03 -2.30575807e-03  0.00000000e+00  7.55874282e-06
 -2.11927171e-04 -5.34007090e-06 -1.22663604e-03  4.74602488e-03
  1.76780462e-03 -5.07691915e-06  7.60406919e-06  2.75702144e-06
 -8.47797566e-07 -1.55284905e-05  1.51207512e-06  1.02990743e-03
  1.97021027e-03 -1.52752212e-03  0.00000000e+00  9.83466178e-07
 -1.40176164e-04 -4.94456557e-05 -7.97782968e-04  3.11565035e-03
  1.16089116e-03 -1.40675558e-05  2.10213945e-05  6.97604650e-06
 -2.34914901e-06 -4.46115882e-05  4.18978530e-06  6.71398731e-04
 -7.53938570e-04 -8.80333422e-05 -1.48640366e-05  2.18334051e-05
 -4.85381791e-06 -3.04978066e-05  0.00000000e+00 -1.27281083e-03
 -4.76114465e-04  2.35232682e-04 -3.60009928e-04  7.14899860e-06
  3.92816371e-05  6.55771461e-04 -7.00601046e-05  4.01909324e-06
 -2.01049779e-04 -4.12879673e-05 -4.85863350e-06 -5.52417743e-06
 -3.17816413e-06 -4.98796148e-05 -8.43739673e-07 -4.54750223e-04
 -1.71680165e-04  7.44424970e-05 -1.11497915e-04  6.92575610e-06
  1.24311942e-05  2.03939476e-04 -2.21714478e-05  7.01209562e-07
  2.02408923e-02 -1.70402422e-02 -9.86640547e-05  9.58245841e-04
 -1.33299782e-03 -4.20592018e-03 -5.62850775e-03  2.77052104e-02
  1.04922808e-02 -1.09624543e-03  1.37233354e-03  4.81578296e-04
 -1.83062637e-04 -3.41070764e-03  3.26498294e-04  5.03664830e-03
  1.80185429e-03 -1.80185429e-03  1.17633759e-02 -1.17633759e-02
 -2.77331413e-04  2.77331413e-04 -1.63836171e-05  1.63836171e-05
  3.31401721e-03 -3.31401721e-03 -2.12429348e-05  2.12429348e-05
  3.82592707e-03 -3.82592707e-03  5.40442091e-03 -5.40442091e-03
  1.83156605e-03 -1.83156605e-03 -9.80284036e-04  9.80284036e-04
 -8.91057724e-04  8.91057724e-04  4.30804289e-05 -4.30804289e-05
 -8.62452800e-04  8.62452800e-04 -9.12617368e-04  9.12617368e-04
 -6.91965502e-04  6.91965502e-04  1.05734783e-03 -1.05734783e-03
  3.15039126e-02 -3.15039126e-02]

[2020-01-28 14:53:51.682065][__main__.TRPOAgent.log][training]: Initiating conjugate gradients

[2020-01-28 14:53:51.817717][__main__.TRPOAgent.log][training]: gradient_step_direction: [-4.22733408e-02  2.05262401e-01  5.63625888e-02 -2.66738526e-01
 -1.42322998e-02 -1.88397968e-01  2.84717305e-01  5.79172390e-02
  1.23983390e-01 -7.01863605e-03 -4.35136227e-02  2.06161758e-01
  5.61837827e-02  8.51720471e-02  1.46897692e-01  2.04776228e-01
 -8.14025591e-02  1.45145055e-02 -4.13605124e-01 -3.31309336e-02
 -7.47856742e-02 -3.87326361e-01  8.44655143e-02 -7.02967903e-02
 -9.27431809e-02  1.76867636e-02  8.01429853e-02  4.56332797e-02
  1.45991190e-01 -1.06195108e-01  4.43224018e-02 -4.40512860e-03
  7.63609895e-02 -1.97552536e-01 -8.38153015e-02  4.01547500e-01
  1.38887171e-02  2.18651046e-01 -4.36220082e-01 -4.95721930e-02
 -1.11371006e-01  3.10993947e-02  3.57368209e-02 -2.93203790e-01
 -6.50103172e-02 -2.45106015e-01 -2.31406343e-01 -2.78351084e-01
  1.24729397e-01 -8.12333061e-02  6.24120557e-01  5.30346697e-02
  1.15112003e-01  6.54085495e-01 -1.27831570e-01  6.87594153e-02
  1.15276357e-01 -3.14427665e-03 -1.43982252e-01 -8.15017971e-02
 -2.14032982e-01  9.43745493e-02 -2.45200904e-02 -2.97242552e-02
  5.33833431e-02 -1.26622297e-01 -3.08639261e-02  3.26103230e-01
  9.60630715e-03  2.32465244e-01 -3.49111360e-01 -3.75203194e-02
 -9.03470956e-02  1.51114320e-02  3.60537699e-02 -2.47686662e-01
 -2.64250500e-02 -1.23334929e-01 -1.80963363e-01 -2.62385711e-01
  1.11151915e-01  3.11003462e-03  4.97582535e-01  1.49495700e-02
  6.13695689e-02  4.24547975e-01 -4.50230025e-02  5.67179059e-02
  4.47849728e-02 -2.18195092e-02 -7.15084407e-02 -5.74993673e-02
 -1.69517139e-01  1.39452925e-01 -3.89662810e-02 -2.15948337e-03
 -9.13281827e-03  3.47116095e-01  1.12266820e-01  1.18442268e-01
 -8.31576917e-02  1.41393892e-01 -1.09762307e-01  1.86535914e-01
  1.94782053e-01 -3.10603754e-02 -4.79892880e-02 -1.37640302e-01
  8.39190795e-02  1.68908273e-01 -4.27090988e-02 -6.88804463e-02
  5.52672877e-02  5.97278366e-02  2.00292599e-01 -5.83311064e-02
 -2.19772130e-03 -2.41555585e-01  1.71088351e-01 -1.10406879e-01
 -1.44802893e-01  3.00673414e-02 -9.57868099e-04  7.82800207e-03
 -6.83529520e-02  1.52037753e-01  1.25279156e-01  6.71711106e-02
 -6.27031204e-02 -8.44629311e-02 -4.07533751e-01  2.35786851e-01
 -1.35835446e-01 -6.43227087e-02 -1.91867347e-01  5.01757073e-01
  4.60797081e-01 -1.89198115e-01 -3.29314494e-01 -4.12165574e-01
 -3.03002013e-01  6.59113430e-01 -4.90957336e-02  1.85453809e-01
 -2.19242845e-01 -5.63370646e-01  7.70733247e-01  3.37065422e-01
  7.69477100e-01  1.19135743e-01 -6.54285095e-01 -3.43701117e-01
  7.99352767e-01  4.85155407e-01 -6.01824016e-01  6.03902033e-02
 -3.54390388e-01 -5.07170384e-01  7.32571652e-01  4.47423142e-01
 -2.03551142e-02  1.61212949e-02  0.00000000e+00  8.14522041e-05
  1.48175204e-03  0.00000000e+00  8.62568836e-03 -3.33740278e-02
 -1.24321614e-02  0.00000000e+00  0.00000000e+00  0.00000000e+00
  0.00000000e+00  0.00000000e+00  0.00000000e+00  1.27060621e-02
 -1.37424454e-01  1.10964245e-02 -2.15782823e-03  6.73496543e-04
  1.92632348e-03 -8.32541608e-05  0.00000000e+00 -1.67745795e-01
 -6.45299045e-02  4.18759068e-02 -6.27084889e-02 -4.41765148e-03
  6.99288341e-03  1.17254163e-01 -1.24720321e-02  9.73464205e-04
 -1.24962961e-02  0.00000000e+00 -2.06205555e-04  0.00000000e+00
  0.00000000e+00  0.00000000e+00  0.00000000e+00 -2.04887845e-02
 -7.63227895e-03  3.80786529e-03 -5.81380275e-03  0.00000000e+00
  6.35878017e-04  1.06621698e-02 -1.13410801e-03  8.57002890e-05
  1.92498075e-01 -1.52458747e-01  0.00000000e+00  2.36793227e-04
 -1.40127929e-02  0.00000000e+00 -8.15731076e-02  3.15617578e-01
  1.17570736e-01  0.00000000e+00  0.00000000e+00  0.00000000e+00
  0.00000000e+00  0.00000000e+00  0.00000000e+00  1.13440819e-01
 -1.22186986e-01 -2.42226813e-03 -2.19881004e-03  2.85303974e-03
  1.04627846e-03 -4.23511305e-03  0.00000000e+00 -1.48821600e-01
 -5.76877969e-02  3.68961090e-02 -5.48654515e-02 -2.57683950e-03
  6.16130434e-03  1.03634530e-01 -1.09888827e-02  8.75645974e-04
 -3.89107108e-01  2.92138108e-01 -4.56911845e-04  5.87026522e-03
  2.74519193e-02 -2.67874292e-02  1.71917230e-01 -6.75911081e-01
 -2.54231415e-01 -2.80806505e-03  4.45016067e-03  5.21569993e-03
 -4.68920260e-04 -6.07132660e-03  8.36335166e-04 -1.32280403e-01
  6.24690711e-02 -4.94755471e-02  0.00000000e+00  4.47850030e-04
 -4.54736589e-03  0.00000000e+00 -2.64719562e-02  1.02423489e-01
  3.81537876e-02  0.00000000e+00  0.00000000e+00  0.00000000e+00
  0.00000000e+00  0.00000000e+00  0.00000000e+00  1.14209390e-01
 -6.53967362e-02 -2.30618188e-02 -1.68903560e-03  8.52708210e-03
 -4.88553265e-04 -1.72519419e-02  0.00000000e+00 -7.67517431e-02
 -3.27198502e-02  1.97215590e-02 -2.79996423e-02  1.65930588e-03
  3.29331572e-03  5.63430394e-02 -5.87373276e-03  6.79464037e-04
 -7.86498926e-02 -4.82492512e-03 -1.53460713e-03  1.45296319e-03
  5.60224004e-04 -5.17885860e-03  0.00000000e+00 -9.58369813e-02
 -3.69643190e-02  2.42204066e-02 -3.59332195e-02 -1.62555954e-03
  4.04458112e-03  6.82018724e-02 -7.21363847e-03  6.08705799e-04
  9.29861449e-03 -6.93667009e-03  0.00000000e+00  3.03572105e-03
 -6.37548923e-04 -3.54632142e-03  2.19507339e-03 -8.49311584e-03
 -3.16376984e-03 -4.24731438e-03  6.36151008e-03  2.27574085e-03
 -7.09261402e-04 -1.18541642e-02  1.26499127e-03  3.38935280e-02
 -1.25498045e-02 -2.35393034e-02 -8.97043941e-04  3.23638551e-03
 -1.03410719e-03 -1.85131034e-02  0.00000000e+00 -2.20959770e-02
 -9.64213967e-03  5.51471378e-03 -7.35974716e-03  2.08989586e-03
  9.20906297e-04  1.66934753e-02 -1.64246309e-03  2.06762717e-04
  6.86111716e-03 -5.22655052e-03  0.00000000e+00 -1.53420387e-04
 -4.80348777e-04 -8.37319913e-04 -2.70646738e-03  1.04715330e-02
  3.90075527e-03 -6.47537197e-05  9.69863312e-05  3.46954973e-05
 -1.08132600e-05 -1.04749015e-04  1.92858079e-05  8.62746167e-02
 -4.29893203e-02 -1.65747670e-02 -1.24000051e-03  1.62204990e-03
 -2.42811742e-04 -1.37464869e-03  0.00000000e+00 -5.20869123e-02
 -2.08941996e-02  1.30996856e-02 -1.84476424e-02  3.12261592e-04
  2.18752582e-03  3.66796245e-02 -3.90151829e-03  1.39463313e-03
  2.85138098e-01 -2.25443619e-01  8.04630567e-06  1.52972410e-05
 -2.07210051e-02  0.00000000e+00 -1.20623653e-01  4.67509118e-01
  1.74151866e-01 -1.48585774e-04  0.00000000e+00  0.00000000e+00
 -2.48124204e-05 -4.16045955e-04  4.42537794e-05  1.00565488e-01
  2.36121169e-01 -1.87008321e-01  0.00000000e+00  7.26599742e-05
 -1.71883303e-02  0.00000000e+00 -1.00058846e-01  3.87141521e-01
  1.44214125e-01  0.00000000e+00  0.00000000e+00  0.00000000e+00
  0.00000000e+00  0.00000000e+00  0.00000000e+00  9.56098203e-02
 -2.81883797e-01  2.26981323e-01  0.00000000e+00  1.05584766e-03
  2.08623458e-02 -8.79640889e-03  1.25211627e-01 -4.84461169e-01
 -1.80466676e-01 -2.70751985e-03  4.05524840e-03  1.45070814e-03
 -4.52130255e-04 -7.11081169e-03  8.06389323e-04 -1.00424485e-01
 -1.33754344e-01  1.05933667e-01  0.00000000e+00  1.11309009e-04
  9.73660526e-03  0.00000000e+00  5.69712921e-02 -2.20429896e-01
 -8.21123602e-02 -2.09601859e-04  3.13935872e-04  1.12306147e-04
 -3.50015316e-05 -5.86893366e-04  6.24263943e-05 -2.15938356e-02
 -9.07256346e-02  6.41164527e-02 -2.24812341e-04  7.62528929e-03
  6.79491285e-03 -1.85909139e-02  4.81824514e-02 -1.57433386e-01
 -6.16742727e-02 -6.63603896e-03  1.13026799e-02  4.11226117e-03
 -1.10815584e-03 -1.73956766e-02  1.97643281e-03 -2.36049635e-02
  1.09496660e-02 -2.65913134e-03  0.00000000e+00 -3.82797095e-03
 -2.44382714e-04 -8.42225026e-03 -5.02562385e-03  1.94447228e-02
  7.24335794e-03  2.59073034e-03 -3.88032430e-03 -1.38813150e-03
  4.32627506e-04  7.79097466e-03 -7.71605531e-04  6.88192177e-02
 -9.07348397e-03 -1.89041305e-02 -7.81375984e-04  8.63775873e-04
 -2.04039602e-04 -4.79531868e-03  0.00000000e+00  1.19559752e-02
  3.70487019e-03  3.15992175e-03 -3.09944250e-03 -1.34347424e-04
  5.27678993e-04  8.84789888e-03 -9.41126682e-04  1.29216470e-03
  1.72915238e-02 -8.34158507e-03 -3.02538943e-05  6.24811942e-04
 -3.67980235e-04 -1.50235282e-02  1.53160804e-03  2.17755619e-02
  9.16419273e-03 -4.35755800e-03  7.41453561e-03  1.07752555e-03
 -7.27671047e-04 -1.12376579e-02  1.29782548e-03  3.59193030e-02
 -5.27809266e-01  4.06930312e-01 -4.09334640e-04  9.23547598e-03
  3.83477159e-02 -3.99347428e-02  2.41711293e-01 -9.21125966e-01
 -3.46882528e-01 -9.79021776e-03  1.52145233e-02  7.99873115e-03
 -1.63487386e-03 -2.47545759e-02  2.91585208e-03 -1.80744457e-01
 -4.44037849e-02  0.00000000e+00 -7.32722046e-04  0.00000000e+00
  0.00000000e+00  0.00000000e+00  0.00000000e+00 -7.28039343e-02
 -2.71202004e-02  1.35306977e-02 -2.07364820e-02  0.00000000e+00
  2.25949947e-03  3.78864786e-02 -4.02989004e-03  5.87513758e-04
 -2.40145389e-01  1.84364331e-02 -3.56431236e-03  4.52716320e-03
  2.47440789e-03 -2.92018564e-03  0.00000000e+00 -3.27999502e-01
 -1.27082181e-01  7.24374212e-02 -1.09062509e-01 -4.64834769e-03
  1.20963680e-02  2.02827593e-01 -2.15742656e-02  7.58172998e-04
 -1.33410293e-01  1.90489959e-02 -1.83275244e-03 -5.92071487e-05
  1.97297274e-03  0.00000000e+00  0.00000000e+00 -1.74246085e-01
 -6.62635591e-02  4.06527122e-02 -6.15048712e-02 -4.06826097e-03
  6.78862059e-03  1.13829173e-01 -1.21077255e-02  9.54175656e-04
 -4.02310526e-02 -4.26344748e-03 -8.48744404e-04 -3.96353348e-04
 -1.81444666e-06  0.00000000e+00  0.00000000e+00 -6.46883152e-02
 -2.45716498e-02  1.22591864e-02 -1.80886838e-02  0.00000000e+00
  2.04716966e-03  3.43261957e-02 -3.65119081e-03  1.21949399e-03
 -9.84621925e-02  8.18810469e-02  0.00000000e+00  6.46938992e-05
  7.52588172e-03 -7.76000612e-03  5.29422499e-02 -2.04840994e-01
 -7.63053365e-02 -6.56653673e-03  9.83517722e-03  3.51839646e-03
 -1.09654964e-03 -1.79634798e-02  1.95573270e-03  4.75315899e-05
  4.93377438e-02 -3.90755472e-02  0.00000000e+00  1.21601379e-04
 -3.59150196e-03  0.00000000e+00 -2.09074016e-02  8.08935620e-02
  3.01336701e-02  0.00000000e+00  0.00000000e+00  0.00000000e+00
  0.00000000e+00  0.00000000e+00  0.00000000e+00  4.13879332e-02
  6.91449642e-02 -5.55415190e-02  0.00000000e+00  2.37103397e-03
 -5.10492848e-03 -1.00977378e-03 -2.59010537e-02  1.00214712e-01
  3.72176613e-02 -2.74435791e-03  4.11042342e-03  1.50074238e-03
 -4.58281861e-04 -7.75542608e-03  8.17360921e-04  5.07849512e-02
 -1.42058969e-01  1.14496842e-01  0.00000000e+00  4.15636044e-03
  1.06051438e-02 -1.35065320e-02  6.93445534e-02 -2.60639743e-01
 -9.86585551e-02 -5.76791056e-03  8.70559532e-03  3.57002970e-03
 -9.63186612e-04 -1.52707450e-02  1.71787531e-03 -3.46674893e-02
 -1.79796525e-01  2.53068403e-04 -2.92593720e-03  9.85013012e-03
  1.28505218e-03 -4.60965378e-03  0.00000000e+00 -2.29165499e-01
 -9.11932250e-02  5.23700557e-02 -7.78529877e-02 -1.66367514e-03
  8.74530698e-03  1.46932144e-01 -1.55975384e-02  9.71482898e-04
 -7.11174729e-02 -1.04043352e-02 -1.46157015e-03  3.94706450e-03
 -7.03553709e-04 -1.54710263e-02 -3.81939222e-04 -1.35352825e-01
 -5.27678275e-02  2.32614703e-02 -3.48403852e-02  2.00169735e-03
  3.88444650e-03  6.62144890e-02 -6.92803746e-03  3.17419512e-04
 -5.11401056e-03 -9.15803727e-01 -2.93591426e-02  3.90148046e-01
  2.85991552e-03 -1.15357748e+00  2.60422966e-01  1.00512492e+00
  1.82866914e-01 -1.38859391e-01  2.76439228e-01  1.07722401e-01
 -2.31881903e-02 -3.11713898e-01  4.13569643e-02  4.19188215e-01
 -2.56422453e-01  2.56422453e-01 -4.13115040e-01  4.13115040e-01
 -5.54312258e-02  5.54312258e-02 -5.55690289e-03  5.55690289e-03
 -6.40229064e-01  6.40229064e-01 -8.36811448e-03  8.36811448e-03
  6.68113883e-01 -6.68113883e-01  4.23579274e-01 -4.23579274e-01
  1.88789100e-01 -1.88789100e-01 -1.42910016e-01  1.42910016e-01
 -2.28047827e-01  2.28047827e-01  2.27362541e-02 -2.27362541e-02
 -8.63958656e-02  8.63958656e-02 -1.48623010e-01  1.48623010e-01
 -1.46593697e-01  1.46593697e-01  1.64108217e-02 -1.64108217e-02
 -2.96483517e-01  2.96483517e-01]

