LOGGER started at 2020-01-28 17:57:43.211298.
Currently active debug channels:
	rollouts
	act
	training
	batch_info
	linesearch
	learning
	thread_rollouts
[2020-01-28 17:57:43.686760][__main__.TRPOAgent.log][learning]: Episode #0

[2020-01-28 17:57:43.891950][__main__.TRPOAgent.log][learning]: Performing rollouts: rollout length: 1500

[2020-01-28 17:57:43.910111][EnvironmentNew.Environment.log][rollouts]: Rollout thread #1

[2020-01-28 17:57:43.911634][EnvironmentNew.Environment.log][rollouts]: Rollout thread #2

[2020-01-28 17:57:43.911497][EnvironmentNew.Environment.log][thread_rollouts]: Thread number: 0

[2020-01-28 17:57:43.913510][EnvironmentNew.Environment.log][thread_rollouts]: Thread number: 1

[2020-01-28 17:57:44.303897][EnvironmentNew.Environment.log][thread_rollouts]: Thread number: 1, Steps performed: 9

[2020-01-28 17:57:44.303762][EnvironmentNew.Environment.log][thread_rollouts]: Thread number: 0, Steps performed: 9

[2020-01-28 17:57:44.311567][EnvironmentNew.Environment.log][rollouts]: Rollout thread #3

[2020-01-28 17:57:44.312320][EnvironmentNew.Environment.log][rollouts]: Rollout thread #4

[2020-01-28 17:57:44.312246][EnvironmentNew.Environment.log][thread_rollouts]: Thread number: 2

[2020-01-28 17:57:44.313226][EnvironmentNew.Environment.log][thread_rollouts]: Thread number: 3

[2020-01-28 17:57:44.681204][EnvironmentNew.Environment.log][thread_rollouts]: Thread number: 2, Steps performed: 9

[2020-01-28 17:57:44.724178][EnvironmentNew.Environment.log][thread_rollouts]: Thread number: 3, Steps performed: 10

[2020-01-28 17:57:44.724833][EnvironmentNew.Environment.log][rollouts]: Rollout thread #5

[2020-01-28 17:57:44.725465][EnvironmentNew.Environment.log][thread_rollouts]: Thread number: 4

[2020-01-28 17:57:44.725621][EnvironmentNew.Environment.log][rollouts]: Rollout thread #6

[2020-01-28 17:57:44.727495][EnvironmentNew.Environment.log][thread_rollouts]: Thread number: 5

[2020-01-28 17:57:45.166362][EnvironmentNew.Environment.log][thread_rollouts]: Thread number: 4, Steps performed: 11

[2020-01-28 17:57:45.173903][EnvironmentNew.Environment.log][thread_rollouts]: Thread number: 5, Steps performed: 11

[2020-01-28 17:57:45.174325][EnvironmentNew.Environment.log][rollouts]: Rollout thread #7

[2020-01-28 17:57:45.175056][EnvironmentNew.Environment.log][thread_rollouts]: Thread number: 6

[2020-01-28 17:57:45.175119][EnvironmentNew.Environment.log][rollouts]: Rollout thread #8

[2020-01-28 17:57:45.178827][EnvironmentNew.Environment.log][thread_rollouts]: Thread number: 7

[2020-01-28 17:57:45.601855][EnvironmentNew.Environment.log][thread_rollouts]: Thread number: 7, Steps performed: 10

[2020-01-28 17:57:45.860693][EnvironmentNew.Environment.log][thread_rollouts]: Thread number: 6, Steps performed: 23

[2020-01-28 17:57:45.861193][EnvironmentNew.Environment.log][rollouts]: Rollout thread #9

[2020-01-28 17:57:45.861920][EnvironmentNew.Environment.log][thread_rollouts]: Thread number: 8

[2020-01-28 17:57:45.861987][EnvironmentNew.Environment.log][rollouts]: Rollout thread #10

[2020-01-28 17:57:45.864065][EnvironmentNew.Environment.log][thread_rollouts]: Thread number: 9

[2020-01-28 17:57:46.280863][EnvironmentNew.Environment.log][thread_rollouts]: Thread number: 8, Steps performed: 9

[2020-01-28 17:57:46.281417][EnvironmentNew.Environment.log][thread_rollouts]: Thread number: 9, Steps performed: 9

[2020-01-28 17:57:46.282373][EnvironmentNew.Environment.log][rollouts]: Rollout thread #11

[2020-01-28 17:57:46.283074][EnvironmentNew.Environment.log][thread_rollouts]: Thread number: 10

[2020-01-28 17:57:46.283178][EnvironmentNew.Environment.log][rollouts]: Rollout thread #12

[2020-01-28 17:57:46.285075][EnvironmentNew.Environment.log][thread_rollouts]: Thread number: 11

[2020-01-28 17:57:46.632341][EnvironmentNew.Environment.log][thread_rollouts]: Thread number: 10, Steps performed: 9

[2020-01-28 17:57:46.667752][EnvironmentNew.Environment.log][thread_rollouts]: Thread number: 11, Steps performed: 10

[2020-01-28 17:57:46.668212][EnvironmentNew.Environment.log][rollouts]: Rollout thread #13

[2020-01-28 17:57:46.668757][EnvironmentNew.Environment.log][thread_rollouts]: Thread number: 12

[2020-01-28 17:57:46.668836][EnvironmentNew.Environment.log][rollouts]: Rollout thread #14

[2020-01-28 17:57:46.669965][EnvironmentNew.Environment.log][thread_rollouts]: Thread number: 13

[2020-01-28 17:57:47.059855][EnvironmentNew.Environment.log][thread_rollouts]: Thread number: 13, Steps performed: 10

[2020-01-28 17:57:47.066259][EnvironmentNew.Environment.log][thread_rollouts]: Thread number: 12, Steps performed: 10

[2020-01-28 17:57:47.066850][EnvironmentNew.Environment.log][rollouts]: Rollout thread #15

[2020-01-28 17:57:47.067435][EnvironmentNew.Environment.log][thread_rollouts]: Thread number: 14

[2020-01-28 17:57:47.349751][EnvironmentNew.Environment.log][thread_rollouts]: Thread number: 14, Steps performed: 13

[2020-01-28 17:57:47.350269][__main__.TRPOAgent.log][learning]: Rollouts performed

[2020-01-28 17:57:47.352092][__main__.TRPOAgent.log][batch_info]: Rollout statistics size: 162, Batch size: 3000, Number of batches: 1

[2020-01-28 17:57:47.352558][__main__.TRPOAgent.log][learning]: 

***************
BEGINNING TRAINING
***************



[2020-01-28 17:57:47.353062][__main__.TRPOAgent.log][batch_info]: Batch #0, batch length: 162

