LOGGER started at 2020-01-28 15:37:51.818672.
Currently active debug channels:
	rollouts
	act
	training
	batch_info
	linesearch
	learning
	thread_rollouts
[2020-01-28 15:37:52.238728][__main__.TRPOAgent.log][learning]: Episode #0

[2020-01-28 15:37:52.456971][__main__.TRPOAgent.log][learning]: Performing rollouts: rollout length: 200

[2020-01-28 15:37:52.574810][Environment.Environment.log][rollouts]: Rollout thread #1

[2020-01-28 15:37:52.575683][Environment.Environment.log][rollouts]: Rollout thread #2

[2020-01-28 15:37:52.575565][Environment.Environment.log][thread_rollouts]: Thread number: 0

[2020-01-28 15:37:52.577113][Environment.Environment.log][thread_rollouts]: Thread number: 1

[2020-01-28 15:37:52.612199][Environment.Environment.log][thread_rollouts]: Thread number: 0, Steps performed: 10

[2020-01-28 15:37:52.613132][Environment.Environment.log][thread_rollouts]: Thread number: 1, Steps performed: 10

[2020-01-28 15:37:52.613636][Environment.Environment.log][rollouts]: Rollout thread #3

[2020-01-28 15:37:52.614462][Environment.Environment.log][thread_rollouts]: Thread number: 2

[2020-01-28 15:37:52.614554][Environment.Environment.log][rollouts]: Rollout thread #4

[2020-01-28 15:37:52.616822][Environment.Environment.log][thread_rollouts]: Thread number: 3

[2020-01-28 15:37:52.652728][Environment.Environment.log][thread_rollouts]: Thread number: 2, Steps performed: 11

[2020-01-28 15:37:52.657898][Environment.Environment.log][thread_rollouts]: Thread number: 3, Steps performed: 11

[2020-01-28 15:37:52.658476][Environment.Environment.log][rollouts]: Rollout thread #5

[2020-01-28 15:37:52.659057][Environment.Environment.log][rollouts]: Rollout thread #6

[2020-01-28 15:37:52.659006][Environment.Environment.log][thread_rollouts]: Thread number: 4

[2020-01-28 15:37:52.660117][Environment.Environment.log][thread_rollouts]: Thread number: 5

[2020-01-28 15:37:52.702046][Environment.Environment.log][thread_rollouts]: Thread number: 5, Steps performed: 12

[2020-01-28 15:37:52.703347][Environment.Environment.log][thread_rollouts]: Thread number: 4, Steps performed: 12

[2020-01-28 15:37:52.703981][Environment.Environment.log][rollouts]: Rollout thread #7

[2020-01-28 15:37:52.704549][Environment.Environment.log][thread_rollouts]: Thread number: 6

[2020-01-28 15:37:52.704633][Environment.Environment.log][rollouts]: Rollout thread #8

[2020-01-28 15:37:52.707116][Environment.Environment.log][thread_rollouts]: Thread number: 7

[2020-01-28 15:37:52.736510][Environment.Environment.log][thread_rollouts]: Thread number: 6, Steps performed: 10

[2020-01-28 15:37:52.748096][Environment.Environment.log][thread_rollouts]: Thread number: 7, Steps performed: 14

[2020-01-28 15:37:52.748654][Environment.Environment.log][rollouts]: Rollout thread #9

[2020-01-28 15:37:52.749389][Environment.Environment.log][thread_rollouts]: Thread number: 8

[2020-01-28 15:37:52.749450][Environment.Environment.log][rollouts]: Rollout thread #10

[2020-01-28 15:37:52.751262][Environment.Environment.log][thread_rollouts]: Thread number: 9

[2020-01-28 15:37:52.784752][Environment.Environment.log][thread_rollouts]: Thread number: 8, Steps performed: 10

[2020-01-28 15:37:52.786412][Environment.Environment.log][thread_rollouts]: Thread number: 9, Steps performed: 10

[2020-01-28 15:37:52.793453][Environment.Environment.log][rollouts]: Rollout thread #11

[2020-01-28 15:37:52.794085][Environment.Environment.log][thread_rollouts]: Thread number: 10

[2020-01-28 15:37:52.794279][Environment.Environment.log][rollouts]: Rollout thread #12

[2020-01-28 15:37:52.797288][Environment.Environment.log][thread_rollouts]: Thread number: 11

[2020-01-28 15:37:52.835024][Environment.Environment.log][thread_rollouts]: Thread number: 10, Steps performed: 10

[2020-01-28 15:37:52.836076][Environment.Environment.log][thread_rollouts]: Thread number: 11, Steps performed: 11

[2020-01-28 15:37:52.836668][Environment.Environment.log][rollouts]: Rollout thread #13

[2020-01-28 15:37:52.837263][Environment.Environment.log][thread_rollouts]: Thread number: 12

[2020-01-28 15:37:52.837321][Environment.Environment.log][rollouts]: Rollout thread #14

[2020-01-28 15:37:52.839630][Environment.Environment.log][thread_rollouts]: Thread number: 13

[2020-01-28 15:37:52.871186][Environment.Environment.log][thread_rollouts]: Thread number: 12, Steps performed: 11

[2020-01-28 15:37:52.872101][Environment.Environment.log][thread_rollouts]: Thread number: 13, Steps performed: 10

[2020-01-28 15:37:52.872991][Environment.Environment.log][rollouts]: Rollout thread #15

[2020-01-28 15:37:52.873757][Environment.Environment.log][thread_rollouts]: Thread number: 14

[2020-01-28 15:37:52.873847][Environment.Environment.log][rollouts]: Rollout thread #16

[2020-01-28 15:37:52.876509][Environment.Environment.log][thread_rollouts]: Thread number: 15

[2020-01-28 15:37:52.921938][Environment.Environment.log][thread_rollouts]: Thread number: 14, Steps performed: 12

[2020-01-28 15:37:52.921994][Environment.Environment.log][thread_rollouts]: Thread number: 15, Steps performed: 10

[2020-01-28 15:37:52.922965][Environment.Environment.log][rollouts]: Rollout thread #17

[2020-01-28 15:37:52.923518][Environment.Environment.log][rollouts]: Rollout thread #18

[2020-01-28 15:37:52.923455][Environment.Environment.log][thread_rollouts]: Thread number: 16

[2020-01-28 15:37:52.924507][Environment.Environment.log][thread_rollouts]: Thread number: 17

[2020-01-28 15:37:52.962341][Environment.Environment.log][thread_rollouts]: Thread number: 17, Steps performed: 11

[2020-01-28 15:37:52.962647][Environment.Environment.log][thread_rollouts]: Thread number: 16, Steps performed: 11

[2020-01-28 15:37:52.963753][Environment.Environment.log][rollouts]: Rollout thread #19

[2020-01-28 15:37:52.964576][Environment.Environment.log][rollouts]: Rollout thread #20

[2020-01-28 15:37:52.964500][Environment.Environment.log][thread_rollouts]: Thread number: 18

[2020-01-28 15:37:52.965801][Environment.Environment.log][thread_rollouts]: Thread number: 19

[2020-01-28 15:37:53.007181][Environment.Environment.log][thread_rollouts]: Thread number: 18, Steps performed: 13

[2020-01-28 15:37:53.007668][Environment.Environment.log][thread_rollouts]: Thread number: 19, Steps performed: 10

[2020-01-28 15:37:53.008343][Environment.Environment.log][rollouts]: Rollout thread #21

[2020-01-28 15:37:53.009064][Environment.Environment.log][thread_rollouts]: Thread number: 20

[2020-01-28 15:37:53.009128][Environment.Environment.log][rollouts]: Rollout thread #22

[2020-01-28 15:37:53.013200][Environment.Environment.log][thread_rollouts]: Thread number: 21

[2020-01-28 15:37:53.041815][Environment.Environment.log][thread_rollouts]: Thread number: 20, Steps performed: 10

[2020-01-28 15:37:53.050995][Environment.Environment.log][thread_rollouts]: Thread number: 21, Steps performed: 14

[2020-01-28 15:37:53.051530][Environment.Environment.log][rollouts]: Rollout thread #23

[2020-01-28 15:37:53.052055][Environment.Environment.log][thread_rollouts]: Thread number: 22

[2020-01-28 15:37:53.052233][Environment.Environment.log][rollouts]: Rollout thread #24

[2020-01-28 15:37:53.055222][Environment.Environment.log][thread_rollouts]: Thread number: 23

[2020-01-28 15:37:53.092986][Environment.Environment.log][thread_rollouts]: Thread number: 23, Steps performed: 10

[2020-01-28 15:37:53.093435][Environment.Environment.log][thread_rollouts]: Thread number: 22, Steps performed: 11

[2020-01-28 15:37:53.094513][Environment.Environment.log][rollouts]: Rollout thread #25

[2020-01-28 15:37:53.095375][Environment.Environment.log][thread_rollouts]: Thread number: 24

[2020-01-28 15:37:53.095437][Environment.Environment.log][rollouts]: Rollout thread #26

[2020-01-28 15:37:53.098201][Environment.Environment.log][thread_rollouts]: Thread number: 25

[2020-01-28 15:37:53.131710][Environment.Environment.log][thread_rollouts]: Thread number: 24, Steps performed: 12

[2020-01-28 15:37:53.132325][Environment.Environment.log][thread_rollouts]: Thread number: 25, Steps performed: 11

[2020-01-28 15:37:53.133226][Environment.Environment.log][rollouts]: Rollout thread #27

[2020-01-28 15:37:53.133857][Environment.Environment.log][thread_rollouts]: Thread number: 26

[2020-01-28 15:37:53.133934][Environment.Environment.log][rollouts]: Rollout thread #28

[2020-01-28 15:37:53.135865][Environment.Environment.log][thread_rollouts]: Thread number: 27

[2020-01-28 15:37:53.174482][Environment.Environment.log][thread_rollouts]: Thread number: 27, Steps performed: 10

[2020-01-28 15:37:53.176186][Environment.Environment.log][thread_rollouts]: Thread number: 26, Steps performed: 13

[2020-01-28 15:37:53.176927][Environment.Environment.log][rollouts]: Rollout thread #29

[2020-01-28 15:37:53.177484][Environment.Environment.log][thread_rollouts]: Thread number: 28

[2020-01-28 15:37:53.177559][Environment.Environment.log][rollouts]: Rollout thread #30

[2020-01-28 15:37:53.179055][Environment.Environment.log][thread_rollouts]: Thread number: 29

[2020-01-28 15:37:53.218787][Environment.Environment.log][thread_rollouts]: Thread number: 28, Steps performed: 12

[2020-01-28 15:37:53.222060][Environment.Environment.log][thread_rollouts]: Thread number: 29, Steps performed: 12

[2020-01-28 15:37:53.222632][Environment.Environment.log][rollouts]: Rollout thread #31

[2020-01-28 15:37:53.223429][Environment.Environment.log][rollouts]: Rollout thread #32

[2020-01-28 15:37:53.223343][Environment.Environment.log][thread_rollouts]: Thread number: 30

[2020-01-28 15:37:53.224530][Environment.Environment.log][thread_rollouts]: Thread number: 31

[2020-01-28 15:37:53.254785][Environment.Environment.log][thread_rollouts]: Thread number: 30, Steps performed: 10

[2020-01-28 15:37:53.258532][Environment.Environment.log][thread_rollouts]: Thread number: 31, Steps performed: 10

[2020-01-28 15:37:53.259021][Environment.Environment.log][rollouts]: Rollout thread #33

[2020-01-28 15:37:53.259630][Environment.Environment.log][thread_rollouts]: Thread number: 32

[2020-01-28 15:37:53.259696][Environment.Environment.log][rollouts]: Rollout thread #34

[2020-01-28 15:37:53.263284][Environment.Environment.log][thread_rollouts]: Thread number: 33

[2020-01-28 15:37:53.296560][Environment.Environment.log][thread_rollouts]: Thread number: 32, Steps performed: 10

[2020-01-28 15:37:53.299133][Environment.Environment.log][thread_rollouts]: Thread number: 33, Steps performed: 10

[2020-01-28 15:37:53.299825][Environment.Environment.log][rollouts]: Rollout thread #35

[2020-01-28 15:37:53.300583][Environment.Environment.log][thread_rollouts]: Thread number: 34

[2020-01-28 15:37:53.300643][Environment.Environment.log][rollouts]: Rollout thread #36

[2020-01-28 15:37:53.302259][Environment.Environment.log][thread_rollouts]: Thread number: 35

[2020-01-28 15:37:53.334009][Environment.Environment.log][thread_rollouts]: Thread number: 34, Steps performed: 10

[2020-01-28 15:37:53.344476][Environment.Environment.log][thread_rollouts]: Thread number: 35, Steps performed: 15

[2020-01-28 15:37:53.345259][Environment.Environment.log][rollouts]: Rollout thread #37

[2020-01-28 15:37:53.345837][Environment.Environment.log][thread_rollouts]: Thread number: 36

[2020-01-28 15:37:53.345899][Environment.Environment.log][rollouts]: Rollout thread #38

[2020-01-28 15:37:53.347531][Environment.Environment.log][thread_rollouts]: Thread number: 37

[2020-01-28 15:37:53.374183][Environment.Environment.log][thread_rollouts]: Thread number: 36, Steps performed: 10

[2020-01-28 15:37:53.382366][Environment.Environment.log][thread_rollouts]: Thread number: 37, Steps performed: 10

[2020-01-28 15:37:53.382843][Environment.Environment.log][rollouts]: Rollout thread #39

[2020-01-28 15:37:53.383484][Environment.Environment.log][thread_rollouts]: Thread number: 38

[2020-01-28 15:37:53.383545][Environment.Environment.log][rollouts]: Rollout thread #40

[2020-01-28 15:37:53.386077][Environment.Environment.log][thread_rollouts]: Thread number: 39

[2020-01-28 15:37:53.416488][Environment.Environment.log][thread_rollouts]: Thread number: 38, Steps performed: 10

[2020-01-28 15:37:53.419604][Environment.Environment.log][thread_rollouts]: Thread number: 39, Steps performed: 10

[2020-01-28 15:37:53.420191][Environment.Environment.log][rollouts]: Rollout thread #41

[2020-01-28 15:37:53.420727][Environment.Environment.log][thread_rollouts]: Thread number: 40

[2020-01-28 15:37:53.420794][Environment.Environment.log][rollouts]: Rollout thread #42

[2020-01-28 15:37:53.423388][Environment.Environment.log][thread_rollouts]: Thread number: 41

[2020-01-28 15:37:53.454113][Environment.Environment.log][thread_rollouts]: Thread number: 40, Steps performed: 10

[2020-01-28 15:37:53.457069][Environment.Environment.log][thread_rollouts]: Thread number: 41, Steps performed: 10

[2020-01-28 15:37:53.457595][Environment.Environment.log][rollouts]: Rollout thread #43

[2020-01-28 15:37:53.458274][Environment.Environment.log][thread_rollouts]: Thread number: 42

[2020-01-28 15:37:53.458350][Environment.Environment.log][rollouts]: Rollout thread #44

[2020-01-28 15:37:53.463663][Environment.Environment.log][thread_rollouts]: Thread number: 43

[2020-01-28 15:37:53.492837][Environment.Environment.log][thread_rollouts]: Thread number: 42, Steps performed: 10

[2020-01-28 15:37:53.499826][Environment.Environment.log][thread_rollouts]: Thread number: 43, Steps performed: 10

[2020-01-28 15:37:53.500365][Environment.Environment.log][rollouts]: Rollout thread #45

[2020-01-28 15:37:53.501105][Environment.Environment.log][rollouts]: Rollout thread #46

[2020-01-28 15:37:53.500988][Environment.Environment.log][thread_rollouts]: Thread number: 44

[2020-01-28 15:37:53.502349][Environment.Environment.log][thread_rollouts]: Thread number: 45

[2020-01-28 15:37:53.538424][Environment.Environment.log][thread_rollouts]: Thread number: 44, Steps performed: 10

[2020-01-28 15:37:53.541187][Environment.Environment.log][thread_rollouts]: Thread number: 45, Steps performed: 12

[2020-01-28 15:37:53.541556][Environment.Environment.log][rollouts]: Rollout thread #47

[2020-01-28 15:37:53.542097][Environment.Environment.log][thread_rollouts]: Thread number: 46

[2020-01-28 15:37:53.542202][Environment.Environment.log][rollouts]: Rollout thread #48

[2020-01-28 15:37:53.546121][Environment.Environment.log][thread_rollouts]: Thread number: 47

[2020-01-28 15:37:53.585913][Environment.Environment.log][thread_rollouts]: Thread number: 47, Steps performed: 10

[2020-01-28 15:37:53.584314][Environment.Environment.log][thread_rollouts]: Thread number: 46, Steps performed: 13

[2020-01-28 15:37:53.587023][Environment.Environment.log][rollouts]: Rollout thread #49

[2020-01-28 15:37:53.587683][Environment.Environment.log][rollouts]: Rollout thread #50

[2020-01-28 15:37:53.587572][Environment.Environment.log][thread_rollouts]: Thread number: 48

[2020-01-28 15:37:53.588727][Environment.Environment.log][thread_rollouts]: Thread number: 49

[2020-01-28 15:37:53.626772][Environment.Environment.log][thread_rollouts]: Thread number: 48, Steps performed: 11

[2020-01-28 15:37:53.627498][Environment.Environment.log][thread_rollouts]: Thread number: 49, Steps performed: 11

[2020-01-28 15:37:53.628895][Environment.Environment.log][rollouts]: Rollout thread #51

[2020-01-28 15:37:53.629582][Environment.Environment.log][thread_rollouts]: Thread number: 50

[2020-01-28 15:37:53.629654][Environment.Environment.log][rollouts]: Rollout thread #52

[2020-01-28 15:37:53.633883][Environment.Environment.log][thread_rollouts]: Thread number: 51

[2020-01-28 15:37:53.656646][Environment.Environment.log][thread_rollouts]: Thread number: 50, Steps performed: 10

[2020-01-28 15:37:53.669092][Environment.Environment.log][thread_rollouts]: Thread number: 51, Steps performed: 10

[2020-01-28 15:37:53.669500][Environment.Environment.log][rollouts]: Rollout thread #53

[2020-01-28 15:37:53.670211][Environment.Environment.log][rollouts]: Rollout thread #54

[2020-01-28 15:37:53.670130][Environment.Environment.log][thread_rollouts]: Thread number: 52

[2020-01-28 15:37:53.671887][Environment.Environment.log][thread_rollouts]: Thread number: 53

[2020-01-28 15:37:53.704879][Environment.Environment.log][thread_rollouts]: Thread number: 52, Steps performed: 11

[2020-01-28 15:37:53.708657][Environment.Environment.log][thread_rollouts]: Thread number: 53, Steps performed: 10

[2020-01-28 15:37:53.709068][Environment.Environment.log][rollouts]: Rollout thread #55

[2020-01-28 15:37:53.709559][Environment.Environment.log][thread_rollouts]: Thread number: 54

[2020-01-28 15:37:53.709610][Environment.Environment.log][rollouts]: Rollout thread #56

[2020-01-28 15:37:53.711832][Environment.Environment.log][thread_rollouts]: Thread number: 55

[2020-01-28 15:37:53.758076][Environment.Environment.log][thread_rollouts]: Thread number: 54, Steps performed: 13

[2020-01-28 15:37:53.759156][Environment.Environment.log][thread_rollouts]: Thread number: 55, Steps performed: 15

[2020-01-28 15:37:53.760058][Environment.Environment.log][rollouts]: Rollout thread #57

[2020-01-28 15:37:53.760652][Environment.Environment.log][rollouts]: Rollout thread #58

[2020-01-28 15:37:53.760600][Environment.Environment.log][thread_rollouts]: Thread number: 56

[2020-01-28 15:37:53.761453][Environment.Environment.log][thread_rollouts]: Thread number: 57

[2020-01-28 15:37:53.800548][Environment.Environment.log][thread_rollouts]: Thread number: 56, Steps performed: 10

[2020-01-28 15:37:53.801684][Environment.Environment.log][thread_rollouts]: Thread number: 57, Steps performed: 12

[2020-01-28 15:37:53.802311][Environment.Environment.log][rollouts]: Rollout thread #59

[2020-01-28 15:37:53.802841][Environment.Environment.log][thread_rollouts]: Thread number: 58

[2020-01-28 15:37:53.802893][Environment.Environment.log][rollouts]: Rollout thread #60

[2020-01-28 15:37:53.804647][Environment.Environment.log][thread_rollouts]: Thread number: 59

[2020-01-28 15:37:53.839961][Environment.Environment.log][thread_rollouts]: Thread number: 58, Steps performed: 13

[2020-01-28 15:37:53.839907][Environment.Environment.log][thread_rollouts]: Thread number: 59, Steps performed: 11

[2020-01-28 15:37:53.841131][Environment.Environment.log][rollouts]: Rollout thread #61

[2020-01-28 15:37:53.841675][Environment.Environment.log][thread_rollouts]: Thread number: 60

[2020-01-28 15:37:53.841750][Environment.Environment.log][rollouts]: Rollout thread #62

[2020-01-28 15:37:53.844801][Environment.Environment.log][thread_rollouts]: Thread number: 61

[2020-01-28 15:37:53.880820][Environment.Environment.log][thread_rollouts]: Thread number: 60, Steps performed: 12

[2020-01-28 15:37:53.884749][Environment.Environment.log][thread_rollouts]: Thread number: 61, Steps performed: 10

[2020-01-28 15:37:53.885179][Environment.Environment.log][rollouts]: Rollout thread #63

[2020-01-28 15:37:53.885841][Environment.Environment.log][rollouts]: Rollout thread #64

[2020-01-28 15:37:53.885779][Environment.Environment.log][thread_rollouts]: Thread number: 62

[2020-01-28 15:37:53.886889][Environment.Environment.log][thread_rollouts]: Thread number: 63

[2020-01-28 15:37:53.925576][Environment.Environment.log][thread_rollouts]: Thread number: 63, Steps performed: 10

[2020-01-28 15:37:53.926056][Environment.Environment.log][thread_rollouts]: Thread number: 62, Steps performed: 10

[2020-01-28 15:37:53.926986][Environment.Environment.log][rollouts]: Rollout thread #65

[2020-01-28 15:37:53.927538][Environment.Environment.log][thread_rollouts]: Thread number: 64

[2020-01-28 15:37:53.927724][Environment.Environment.log][rollouts]: Rollout thread #66

[2020-01-28 15:37:53.929938][Environment.Environment.log][thread_rollouts]: Thread number: 65

[2020-01-28 15:37:53.974750][Environment.Environment.log][thread_rollouts]: Thread number: 64, Steps performed: 15

[2020-01-28 15:37:53.980723][Environment.Environment.log][thread_rollouts]: Thread number: 65, Steps performed: 17

[2020-01-28 15:37:53.981110][Environment.Environment.log][rollouts]: Rollout thread #67

[2020-01-28 15:37:53.981678][Environment.Environment.log][thread_rollouts]: Thread number: 66

[2020-01-28 15:37:53.981759][Environment.Environment.log][rollouts]: Rollout thread #68

[2020-01-28 15:37:53.984657][Environment.Environment.log][thread_rollouts]: Thread number: 67

[2020-01-28 15:37:54.013283][Environment.Environment.log][thread_rollouts]: Thread number: 66, Steps performed: 10

[2020-01-28 15:37:54.021062][Environment.Environment.log][thread_rollouts]: Thread number: 67, Steps performed: 11

[2020-01-28 15:37:54.021465][Environment.Environment.log][rollouts]: Rollout thread #69

[2020-01-28 15:37:54.022048][Environment.Environment.log][rollouts]: Rollout thread #70

[2020-01-28 15:37:54.021982][Environment.Environment.log][thread_rollouts]: Thread number: 68

[2020-01-28 15:37:54.023058][Environment.Environment.log][thread_rollouts]: Thread number: 69

[2020-01-28 15:37:54.060355][Environment.Environment.log][thread_rollouts]: Thread number: 68, Steps performed: 10

[2020-01-28 15:37:54.064376][Environment.Environment.log][thread_rollouts]: Thread number: 69, Steps performed: 11

[2020-01-28 15:37:54.065207][Environment.Environment.log][rollouts]: Rollout thread #71

[2020-01-28 15:37:54.065944][Environment.Environment.log][rollouts]: Rollout thread #72

[2020-01-28 15:37:54.065850][Environment.Environment.log][thread_rollouts]: Thread number: 70

[2020-01-28 15:37:54.067152][Environment.Environment.log][thread_rollouts]: Thread number: 71

[2020-01-28 15:37:54.103775][Environment.Environment.log][thread_rollouts]: Thread number: 70, Steps performed: 11

[2020-01-28 15:37:54.104308][Environment.Environment.log][thread_rollouts]: Thread number: 71, Steps performed: 10

[2020-01-28 15:37:54.105403][Environment.Environment.log][rollouts]: Rollout thread #73

[2020-01-28 15:37:54.105918][Environment.Environment.log][thread_rollouts]: Thread number: 72

[2020-01-28 15:37:54.105986][Environment.Environment.log][rollouts]: Rollout thread #74

[2020-01-28 15:37:54.109818][Environment.Environment.log][thread_rollouts]: Thread number: 73

[2020-01-28 15:37:54.139572][Environment.Environment.log][thread_rollouts]: Thread number: 73, Steps performed: 10

[2020-01-28 15:37:54.138930][Environment.Environment.log][thread_rollouts]: Thread number: 72, Steps performed: 10

[2020-01-28 15:37:54.140665][Environment.Environment.log][rollouts]: Rollout thread #75

[2020-01-28 15:37:54.141204][Environment.Environment.log][thread_rollouts]: Thread number: 74

[2020-01-28 15:37:54.141270][Environment.Environment.log][rollouts]: Rollout thread #76

[2020-01-28 15:37:54.143390][Environment.Environment.log][thread_rollouts]: Thread number: 75

[2020-01-28 15:37:54.186805][Environment.Environment.log][thread_rollouts]: Thread number: 75, Steps performed: 11

[2020-01-28 15:37:54.185549][Environment.Environment.log][thread_rollouts]: Thread number: 74, Steps performed: 12

[2020-01-28 15:37:54.187621][Environment.Environment.log][rollouts]: Rollout thread #77

[2020-01-28 15:37:54.188232][Environment.Environment.log][thread_rollouts]: Thread number: 76

[2020-01-28 15:37:54.188304][Environment.Environment.log][rollouts]: Rollout thread #78

[2020-01-28 15:37:54.190499][Environment.Environment.log][thread_rollouts]: Thread number: 77

[2020-01-28 15:37:54.219459][Environment.Environment.log][thread_rollouts]: Thread number: 76, Steps performed: 11

[2020-01-28 15:37:54.220708][Environment.Environment.log][thread_rollouts]: Thread number: 77, Steps performed: 10

[2020-01-28 15:37:54.221318][Environment.Environment.log][rollouts]: Rollout thread #79

[2020-01-28 15:37:54.221842][Environment.Environment.log][thread_rollouts]: Thread number: 78

[2020-01-28 15:37:54.221897][Environment.Environment.log][rollouts]: Rollout thread #80

[2020-01-28 15:37:54.224001][Environment.Environment.log][thread_rollouts]: Thread number: 79

[2020-01-28 15:37:54.256867][Environment.Environment.log][thread_rollouts]: Thread number: 78, Steps performed: 10

[2020-01-28 15:37:54.263488][Environment.Environment.log][thread_rollouts]: Thread number: 79, Steps performed: 11

[2020-01-28 15:37:54.263874][Environment.Environment.log][rollouts]: Rollout thread #81

[2020-01-28 15:37:54.264548][Environment.Environment.log][thread_rollouts]: Thread number: 80

[2020-01-28 15:37:54.264620][Environment.Environment.log][rollouts]: Rollout thread #82

[2020-01-28 15:37:54.266523][Environment.Environment.log][thread_rollouts]: Thread number: 81

[2020-01-28 15:37:54.299413][Environment.Environment.log][thread_rollouts]: Thread number: 80, Steps performed: 10

[2020-01-28 15:37:54.304546][Environment.Environment.log][thread_rollouts]: Thread number: 81, Steps performed: 10

[2020-01-28 15:37:54.305015][Environment.Environment.log][rollouts]: Rollout thread #83

[2020-01-28 15:37:54.305677][Environment.Environment.log][thread_rollouts]: Thread number: 82

[2020-01-28 15:37:54.305733][Environment.Environment.log][rollouts]: Rollout thread #84

[2020-01-28 15:37:54.307628][Environment.Environment.log][thread_rollouts]: Thread number: 83

[2020-01-28 15:37:54.337929][Environment.Environment.log][thread_rollouts]: Thread number: 82, Steps performed: 10

[2020-01-28 15:37:54.345739][Environment.Environment.log][thread_rollouts]: Thread number: 83, Steps performed: 12

[2020-01-28 15:37:54.346380][Environment.Environment.log][rollouts]: Rollout thread #85

[2020-01-28 15:37:54.347168][Environment.Environment.log][rollouts]: Rollout thread #86

[2020-01-28 15:37:54.347035][Environment.Environment.log][thread_rollouts]: Thread number: 84

[2020-01-28 15:37:54.348590][Environment.Environment.log][thread_rollouts]: Thread number: 85

[2020-01-28 15:37:54.382876][Environment.Environment.log][thread_rollouts]: Thread number: 84, Steps performed: 10

[2020-01-28 15:37:54.385594][Environment.Environment.log][thread_rollouts]: Thread number: 85, Steps performed: 10

[2020-01-28 15:37:54.386201][Environment.Environment.log][rollouts]: Rollout thread #87

[2020-01-28 15:37:54.386813][Environment.Environment.log][thread_rollouts]: Thread number: 86

[2020-01-28 15:37:54.386865][Environment.Environment.log][rollouts]: Rollout thread #88

[2020-01-28 15:37:54.388777][Environment.Environment.log][thread_rollouts]: Thread number: 87

[2020-01-28 15:37:54.421979][Environment.Environment.log][thread_rollouts]: Thread number: 86, Steps performed: 10

[2020-01-28 15:37:54.427159][Environment.Environment.log][thread_rollouts]: Thread number: 87, Steps performed: 13

[2020-01-28 15:37:54.427565][Environment.Environment.log][rollouts]: Rollout thread #89

[2020-01-28 15:37:54.428337][Environment.Environment.log][thread_rollouts]: Thread number: 88

[2020-01-28 15:37:54.428417][Environment.Environment.log][rollouts]: Rollout thread #90

[2020-01-28 15:37:54.433379][Environment.Environment.log][thread_rollouts]: Thread number: 89

[2020-01-28 15:37:54.473424][Environment.Environment.log][thread_rollouts]: Thread number: 88, Steps performed: 15

[2020-01-28 15:37:54.475918][Environment.Environment.log][thread_rollouts]: Thread number: 89, Steps performed: 14

[2020-01-28 15:37:54.476301][Environment.Environment.log][rollouts]: Rollout thread #91

[2020-01-28 15:37:54.476782][Environment.Environment.log][thread_rollouts]: Thread number: 90

[2020-01-28 15:37:54.476853][Environment.Environment.log][rollouts]: Rollout thread #92

[2020-01-28 15:37:54.479037][Environment.Environment.log][thread_rollouts]: Thread number: 91

[2020-01-28 15:37:54.509646][Environment.Environment.log][thread_rollouts]: Thread number: 90, Steps performed: 10

[2020-01-28 15:37:54.511642][Environment.Environment.log][thread_rollouts]: Thread number: 91, Steps performed: 10

[2020-01-28 15:37:54.512705][Environment.Environment.log][rollouts]: Rollout thread #93

[2020-01-28 15:37:54.513579][Environment.Environment.log][thread_rollouts]: Thread number: 92

[2020-01-28 15:37:54.513728][Environment.Environment.log][rollouts]: Rollout thread #94

[2020-01-28 15:37:54.516174][Environment.Environment.log][thread_rollouts]: Thread number: 93

[2020-01-28 15:37:54.550799][Environment.Environment.log][thread_rollouts]: Thread number: 92, Steps performed: 10

[2020-01-28 15:37:54.553287][Environment.Environment.log][thread_rollouts]: Thread number: 93, Steps performed: 10

[2020-01-28 15:37:54.554088][Environment.Environment.log][rollouts]: Rollout thread #95

[2020-01-28 15:37:54.554684][Environment.Environment.log][rollouts]: Rollout thread #96

[2020-01-28 15:37:54.554629][Environment.Environment.log][thread_rollouts]: Thread number: 94

[2020-01-28 15:37:54.555684][Environment.Environment.log][thread_rollouts]: Thread number: 95

[2020-01-28 15:37:54.584767][Environment.Environment.log][thread_rollouts]: Thread number: 94, Steps performed: 10

[2020-01-28 15:37:54.587688][Environment.Environment.log][thread_rollouts]: Thread number: 95, Steps performed: 10

[2020-01-28 15:37:54.588276][Environment.Environment.log][rollouts]: Rollout thread #97

[2020-01-28 15:37:54.588759][Environment.Environment.log][thread_rollouts]: Thread number: 96

[2020-01-28 15:37:54.588816][Environment.Environment.log][rollouts]: Rollout thread #98

[2020-01-28 15:37:54.592649][Environment.Environment.log][thread_rollouts]: Thread number: 97

[2020-01-28 15:37:54.614600][Environment.Environment.log][thread_rollouts]: Thread number: 96, Steps performed: 10

[2020-01-28 15:37:54.621713][Environment.Environment.log][thread_rollouts]: Thread number: 97, Steps performed: 10

[2020-01-28 15:37:54.622126][Environment.Environment.log][rollouts]: Rollout thread #99

[2020-01-28 15:37:54.622936][Environment.Environment.log][thread_rollouts]: Thread number: 98

[2020-01-28 15:37:54.623005][Environment.Environment.log][rollouts]: Rollout thread #100

[2020-01-28 15:37:54.626912][Environment.Environment.log][thread_rollouts]: Thread number: 99

[2020-01-28 15:37:54.659290][Environment.Environment.log][thread_rollouts]: Thread number: 98, Steps performed: 10

[2020-01-28 15:37:54.662116][Environment.Environment.log][thread_rollouts]: Thread number: 99, Steps performed: 10

[2020-01-28 15:37:54.663327][__main__.TRPOAgent.log][learning]: Rollouts performed

