LOGGER started at 2020-01-28 17:42:25.306242.
Currently active debug channels:
	rollouts
	act
	training
	batch_info
	linesearch
	learning
	thread_rollouts
[2020-01-28 17:42:25.776943][__main__.TRPOAgent.log][learning]: Episode #0

[2020-01-28 17:42:26.019152][__main__.TRPOAgent.log][learning]: Performing rollouts: rollout length: 1500

[2020-01-28 17:42:26.037500][EnvironmentNew.Environment.log][rollouts]: Rollout thread #1

[2020-01-28 17:42:26.038330][EnvironmentNew.Environment.log][rollouts]: Rollout thread #2

[2020-01-28 17:42:26.038267][EnvironmentNew.Environment.log][thread_rollouts]: Thread number: 0

[2020-01-28 17:42:26.039487][EnvironmentNew.Environment.log][thread_rollouts]: Thread number: 1

[2020-01-28 17:42:26.447857][EnvironmentNew.Environment.log][thread_rollouts]: Thread number: 1, Steps performed: 9

[2020-01-28 17:42:26.466584][EnvironmentNew.Environment.log][thread_rollouts]: Thread number: 0, Steps performed: 9

[2020-01-28 17:42:26.467056][EnvironmentNew.Environment.log][rollouts]: Rollout thread #3

[2020-01-28 17:42:26.467624][EnvironmentNew.Environment.log][thread_rollouts]: Thread number: 2

[2020-01-28 17:42:26.467714][EnvironmentNew.Environment.log][rollouts]: Rollout thread #4

[2020-01-28 17:42:26.468981][EnvironmentNew.Environment.log][thread_rollouts]: Thread number: 3

[2020-01-28 17:42:26.806054][EnvironmentNew.Environment.log][thread_rollouts]: Thread number: 3, Steps performed: 9

[2020-01-28 17:42:26.848074][EnvironmentNew.Environment.log][thread_rollouts]: Thread number: 2, Steps performed: 10

[2020-01-28 17:42:26.848527][EnvironmentNew.Environment.log][rollouts]: Rollout thread #5

[2020-01-28 17:42:26.849400][EnvironmentNew.Environment.log][rollouts]: Rollout thread #6

[2020-01-28 17:42:26.849318][EnvironmentNew.Environment.log][thread_rollouts]: Thread number: 4

[2020-01-28 17:42:26.850362][EnvironmentNew.Environment.log][thread_rollouts]: Thread number: 5

[2020-01-28 17:42:27.197873][EnvironmentNew.Environment.log][thread_rollouts]: Thread number: 4, Steps performed: 9

[2020-01-28 17:42:27.312050][EnvironmentNew.Environment.log][thread_rollouts]: Thread number: 5, Steps performed: 14

[2020-01-28 17:42:27.312505][EnvironmentNew.Environment.log][rollouts]: Rollout thread #7

[2020-01-28 17:42:27.313094][EnvironmentNew.Environment.log][thread_rollouts]: Thread number: 6

[2020-01-28 17:42:27.313156][EnvironmentNew.Environment.log][rollouts]: Rollout thread #8

[2020-01-28 17:42:27.315251][EnvironmentNew.Environment.log][thread_rollouts]: Thread number: 7

[2020-01-28 17:42:27.725282][EnvironmentNew.Environment.log][thread_rollouts]: Thread number: 6, Steps performed: 10

[2020-01-28 17:42:27.813137][EnvironmentNew.Environment.log][thread_rollouts]: Thread number: 7, Steps performed: 14

[2020-01-28 17:42:27.813571][EnvironmentNew.Environment.log][rollouts]: Rollout thread #9

[2020-01-28 17:42:27.814325][EnvironmentNew.Environment.log][thread_rollouts]: Thread number: 8

[2020-01-28 17:42:27.814491][EnvironmentNew.Environment.log][rollouts]: Rollout thread #10

[2020-01-28 17:42:27.817298][EnvironmentNew.Environment.log][thread_rollouts]: Thread number: 9

[2020-01-28 17:42:28.236851][EnvironmentNew.Environment.log][thread_rollouts]: Thread number: 8, Steps performed: 10

[2020-01-28 17:42:28.263481][EnvironmentNew.Environment.log][thread_rollouts]: Thread number: 9, Steps performed: 11

[2020-01-28 17:42:28.263960][EnvironmentNew.Environment.log][rollouts]: Rollout thread #11

[2020-01-28 17:42:28.264683][EnvironmentNew.Environment.log][rollouts]: Rollout thread #12

[2020-01-28 17:42:28.264591][EnvironmentNew.Environment.log][thread_rollouts]: Thread number: 10

[2020-01-28 17:42:28.265524][EnvironmentNew.Environment.log][thread_rollouts]: Thread number: 11

[2020-01-28 17:42:28.680099][EnvironmentNew.Environment.log][thread_rollouts]: Thread number: 10, Steps performed: 10

[2020-01-28 17:42:28.682128][EnvironmentNew.Environment.log][thread_rollouts]: Thread number: 11, Steps performed: 9

[2020-01-28 17:42:28.682748][EnvironmentNew.Environment.log][rollouts]: Rollout thread #13

[2020-01-28 17:42:28.683350][EnvironmentNew.Environment.log][thread_rollouts]: Thread number: 12

[2020-01-28 17:42:28.683402][EnvironmentNew.Environment.log][rollouts]: Rollout thread #14

[2020-01-28 17:42:28.685487][EnvironmentNew.Environment.log][thread_rollouts]: Thread number: 13

[2020-01-28 17:42:29.041342][EnvironmentNew.Environment.log][thread_rollouts]: Thread number: 12, Steps performed: 9

[2020-01-28 17:42:29.052230][EnvironmentNew.Environment.log][thread_rollouts]: Thread number: 13, Steps performed: 9

[2020-01-28 17:42:29.052941][EnvironmentNew.Environment.log][rollouts]: Rollout thread #15

[2020-01-28 17:42:29.053788][EnvironmentNew.Environment.log][thread_rollouts]: Thread number: 14

[2020-01-28 17:42:29.464492][EnvironmentNew.Environment.log][thread_rollouts]: Thread number: 14, Steps performed: 19

[2020-01-28 17:42:29.465032][__main__.TRPOAgent.log][learning]: Rollouts performed

[2020-01-28 17:42:29.466702][__main__.TRPOAgent.log][batch_info]: Rollout statistics size: 161, Batch size: 3000, Number of batches: 1

[2020-01-28 17:42:29.467145][__main__.TRPOAgent.log][learning]: 

***************
BEGINNING TRAINING
***************



[2020-01-28 17:42:29.467659][__main__.TRPOAgent.log][batch_info]: Batch #0, batch length: 161

