LOGGER started at 2020-01-28 18:36:58.704191.
Currently active debug channels:
	act
	batch_info
	linesearch
	learning
[2020-01-28 18:36:59.121003][__main__.TRPOAgent.log][learning]: Episode #0

[2020-01-28 18:36:59.318774][__main__.TRPOAgent.log][learning]: Performing rollouts: rollout length: 1500

[2020-01-28 18:36:59.574820][__main__.TRPOAgent.log][learning]: Rollouts performed

[2020-01-28 18:36:59.576360][__main__.TRPOAgent.log][batch_info]: Rollout statistics size: 196, Batch size: 3000, Number of batches: 1

[2020-01-28 18:36:59.576787][__main__.TRPOAgent.log][learning]: 

***************
BEGINNING TRAINING
***************



[2020-01-28 18:36:59.577341][__main__.TRPOAgent.log][batch_info]: Batch #0, batch length: 196

[2020-01-28 18:36:59.805484][__main__.TRPOAgent.log][linesearch]: Linesearch failed. Mean kl divergence: 0.0, Discarded policy loss value: -2.350727322548163e-16

[2020-01-28 18:37:00.049346][__main__.TRPOAgent.log][batch_info]: Current batch value loss: 37.61820652959298

[2020-01-28 18:37:01.081714][__main__.TRPOAgent.log][learning]: Episode #1

[2020-01-28 18:37:01.082146][__main__.TRPOAgent.log][learning]: Performing rollouts: rollout length: 1500

[2020-01-28 18:37:01.371898][__main__.TRPOAgent.log][learning]: Rollouts performed

[2020-01-28 18:37:01.373283][__main__.TRPOAgent.log][batch_info]: Rollout statistics size: 200, Batch size: 3000, Number of batches: 1

[2020-01-28 18:37:01.373668][__main__.TRPOAgent.log][learning]: 

***************
BEGINNING TRAINING
***************



[2020-01-28 18:37:01.374094][__main__.TRPOAgent.log][batch_info]: Batch #0, batch length: 200

[2020-01-28 18:37:01.567089][__main__.TRPOAgent.log][linesearch]: Linesearch worked at 8, New mean kl div: -3.758944062323148e-18, New policy loss value: 2.864375403532904e-16

[2020-01-28 18:37:01.598946][__main__.TRPOAgent.log][batch_info]: Current batch value loss: 34.39196391895413

[2020-01-28 18:37:01.599530][__main__.TRPOAgent.log][linesearch]: Linesearch successful, updating policy parameters

[2020-01-28 18:37:02.139808][__main__.TRPOAgent.log][learning]: Episode #2

[2020-01-28 18:37:02.140250][__main__.TRPOAgent.log][learning]: Performing rollouts: rollout length: 1500

[2020-01-28 18:37:02.437071][__main__.TRPOAgent.log][learning]: Rollouts performed

[2020-01-28 18:37:02.438563][__main__.TRPOAgent.log][batch_info]: Rollout statistics size: 200, Batch size: 3000, Number of batches: 1

[2020-01-28 18:37:02.438961][__main__.TRPOAgent.log][learning]: 

***************
BEGINNING TRAINING
***************



[2020-01-28 18:37:02.439485][__main__.TRPOAgent.log][batch_info]: Batch #0, batch length: 200

[2020-01-28 18:37:02.616601][__main__.TRPOAgent.log][linesearch]: Linesearch worked at 8, New mean kl div: 7.584515843307143e-19, New policy loss value: 1.2434497875801754e-16

[2020-01-28 18:37:02.649398][__main__.TRPOAgent.log][batch_info]: Current batch value loss: 23.554732849791108

[2020-01-28 18:37:02.649792][__main__.TRPOAgent.log][linesearch]: Linesearch successful, updating policy parameters

[2020-01-28 18:37:03.188462][__main__.TRPOAgent.log][learning]: Episode #3

[2020-01-28 18:37:03.188873][__main__.TRPOAgent.log][learning]: Performing rollouts: rollout length: 1500

[2020-01-28 18:37:03.457887][__main__.TRPOAgent.log][learning]: Rollouts performed

[2020-01-28 18:37:03.459342][__main__.TRPOAgent.log][batch_info]: Rollout statistics size: 201, Batch size: 3000, Number of batches: 1

[2020-01-28 18:37:03.459721][__main__.TRPOAgent.log][learning]: 

***************
BEGINNING TRAINING
***************



[2020-01-28 18:37:03.460288][__main__.TRPOAgent.log][batch_info]: Batch #0, batch length: 201

[2020-01-28 18:37:03.625302][__main__.TRPOAgent.log][linesearch]: Linesearch failed. Mean kl divergence: 0.0, Discarded policy loss value: -1.3698274134678548e-16

[2020-01-28 18:37:03.657589][__main__.TRPOAgent.log][batch_info]: Current batch value loss: 18.73147450682165

[2020-01-28 18:37:04.208131][__main__.TRPOAgent.log][learning]: Episode #4

[2020-01-28 18:37:04.208556][__main__.TRPOAgent.log][learning]: Performing rollouts: rollout length: 1500

[2020-01-28 18:37:04.467104][__main__.TRPOAgent.log][learning]: Rollouts performed

[2020-01-28 18:37:04.468511][__main__.TRPOAgent.log][batch_info]: Rollout statistics size: 201, Batch size: 3000, Number of batches: 1

[2020-01-28 18:37:04.468853][__main__.TRPOAgent.log][learning]: 

***************
BEGINNING TRAINING
***************



[2020-01-28 18:37:04.469313][__main__.TRPOAgent.log][batch_info]: Batch #0, batch length: 201

[2020-01-28 18:37:04.657168][__main__.TRPOAgent.log][linesearch]: Linesearch worked at 8, New mean kl div: 1.109942721439228e-18, New policy loss value: 9.389945979416747e-18

[2020-01-28 18:37:04.688206][__main__.TRPOAgent.log][batch_info]: Current batch value loss: 16.53567030755641

[2020-01-28 18:37:04.688587][__main__.TRPOAgent.log][linesearch]: Linesearch successful, updating policy parameters

[2020-01-28 18:37:05.221955][__main__.TRPOAgent.log][learning]: Episode #5

[2020-01-28 18:37:05.222366][__main__.TRPOAgent.log][learning]: Performing rollouts: rollout length: 1500

[2020-01-28 18:37:05.508364][__main__.TRPOAgent.log][learning]: Rollouts performed

[2020-01-28 18:37:05.509960][__main__.TRPOAgent.log][batch_info]: Rollout statistics size: 199, Batch size: 3000, Number of batches: 1

[2020-01-28 18:37:05.510415][__main__.TRPOAgent.log][learning]: 

***************
BEGINNING TRAINING
***************



[2020-01-28 18:37:05.510978][__main__.TRPOAgent.log][batch_info]: Batch #0, batch length: 199

[2020-01-28 18:37:05.736608][__main__.TRPOAgent.log][linesearch]: Linesearch worked at 8, New mean kl div: 1.02639396643851e-16, New policy loss value: 2.901085290477796e-17

[2020-01-28 18:37:05.774495][__main__.TRPOAgent.log][batch_info]: Current batch value loss: 13.707522710938541

[2020-01-28 18:37:05.775071][__main__.TRPOAgent.log][linesearch]: Linesearch successful, updating policy parameters

[2020-01-28 18:37:06.363786][__main__.TRPOAgent.log][learning]: Episode #6

[2020-01-28 18:37:06.364160][__main__.TRPOAgent.log][learning]: Performing rollouts: rollout length: 1500

[2020-01-28 18:37:06.624674][__main__.TRPOAgent.log][learning]: Rollouts performed

[2020-01-28 18:37:06.626230][__main__.TRPOAgent.log][batch_info]: Rollout statistics size: 204, Batch size: 3000, Number of batches: 1

[2020-01-28 18:37:06.626620][__main__.TRPOAgent.log][learning]: 

***************
BEGINNING TRAINING
***************



[2020-01-28 18:37:06.627167][__main__.TRPOAgent.log][batch_info]: Batch #0, batch length: 204

[2020-01-28 18:37:06.777567][__main__.TRPOAgent.log][linesearch]: Linesearch worked at 8, New mean kl div: 1.6621982688431516e-18, New policy loss value: 5.006888150270314e-17

[2020-01-28 18:37:06.815711][__main__.TRPOAgent.log][batch_info]: Current batch value loss: 12.155323072149436

[2020-01-28 18:37:06.816219][__main__.TRPOAgent.log][linesearch]: Linesearch successful, updating policy parameters

[2020-01-28 18:37:07.342940][__main__.TRPOAgent.log][learning]: Episode #7

[2020-01-28 18:37:07.343357][__main__.TRPOAgent.log][learning]: Performing rollouts: rollout length: 1500

[2020-01-28 18:37:07.605185][__main__.TRPOAgent.log][learning]: Rollouts performed

[2020-01-28 18:37:07.606711][__main__.TRPOAgent.log][batch_info]: Rollout statistics size: 200, Batch size: 3000, Number of batches: 1

[2020-01-28 18:37:07.607100][__main__.TRPOAgent.log][learning]: 

***************
BEGINNING TRAINING
***************



[2020-01-28 18:37:07.607556][__main__.TRPOAgent.log][batch_info]: Batch #0, batch length: 200

[2020-01-28 18:37:07.790012][__main__.TRPOAgent.log][linesearch]: Linesearch worked at 8, New mean kl div: -1.7737920998506486e-18, New policy loss value: 7.105427357601002e-17

[2020-01-28 18:37:07.821925][__main__.TRPOAgent.log][batch_info]: Current batch value loss: 9.755883361878222

[2020-01-28 18:37:07.822324][__main__.TRPOAgent.log][linesearch]: Linesearch successful, updating policy parameters

[2020-01-28 18:37:08.379301][__main__.TRPOAgent.log][learning]: Episode #8

[2020-01-28 18:37:08.379659][__main__.TRPOAgent.log][learning]: Performing rollouts: rollout length: 1500

[2020-01-28 18:37:08.656410][__main__.TRPOAgent.log][learning]: Rollouts performed

[2020-01-28 18:37:08.658347][__main__.TRPOAgent.log][batch_info]: Rollout statistics size: 202, Batch size: 3000, Number of batches: 1

[2020-01-28 18:37:08.658804][__main__.TRPOAgent.log][learning]: 

***************
BEGINNING TRAINING
***************



[2020-01-28 18:37:08.659301][__main__.TRPOAgent.log][batch_info]: Batch #0, batch length: 202

[2020-01-28 18:37:08.804776][__main__.TRPOAgent.log][linesearch]: Linesearch worked at 8, New mean kl div: 0.0, New policy loss value: 2.63815372188156e-17

[2020-01-28 18:37:08.835762][__main__.TRPOAgent.log][batch_info]: Current batch value loss: 8.560216879488273

[2020-01-28 18:37:08.836367][__main__.TRPOAgent.log][linesearch]: Linesearch successful, updating policy parameters

[2020-01-28 18:37:09.396166][__main__.TRPOAgent.log][learning]: Episode #9

[2020-01-28 18:37:09.396591][__main__.TRPOAgent.log][learning]: Performing rollouts: rollout length: 1500

[2020-01-28 18:37:09.649284][__main__.TRPOAgent.log][learning]: Rollouts performed

[2020-01-28 18:37:09.650817][__main__.TRPOAgent.log][batch_info]: Rollout statistics size: 198, Batch size: 3000, Number of batches: 1

[2020-01-28 18:37:09.651219][__main__.TRPOAgent.log][learning]: 

***************
BEGINNING TRAINING
***************



[2020-01-28 18:37:09.651602][__main__.TRPOAgent.log][batch_info]: Batch #0, batch length: 198

[2020-01-28 18:37:09.833505][__main__.TRPOAgent.log][linesearch]: Linesearch worked at 8, New mean kl div: -3.5721859771749846e-18, New policy loss value: 2.0185873175002847e-17

[2020-01-28 18:37:09.865893][__main__.TRPOAgent.log][batch_info]: Current batch value loss: 7.057332172193606

[2020-01-28 18:37:09.866288][__main__.TRPOAgent.log][linesearch]: Linesearch successful, updating policy parameters

[2020-01-28 18:37:10.420609][__main__.TRPOAgent.log][learning]: Episode #10

[2020-01-28 18:37:10.421042][__main__.TRPOAgent.log][learning]: Performing rollouts: rollout length: 1500

[2020-01-28 18:37:10.679316][__main__.TRPOAgent.log][learning]: Rollouts performed

[2020-01-28 18:37:10.680887][__main__.TRPOAgent.log][batch_info]: Rollout statistics size: 200, Batch size: 3000, Number of batches: 1

[2020-01-28 18:37:10.681327][__main__.TRPOAgent.log][learning]: 

***************
BEGINNING TRAINING
***************



[2020-01-28 18:37:10.681875][__main__.TRPOAgent.log][batch_info]: Batch #0, batch length: 200

[2020-01-28 18:37:10.862618][__main__.TRPOAgent.log][linesearch]: Linesearch worked at 8, New mean kl div: 2.0166198769648444e-18, New policy loss value: 8.881784197001253e-18

[2020-01-28 18:37:10.896254][__main__.TRPOAgent.log][batch_info]: Current batch value loss: 5.896760117150843

[2020-01-28 18:37:10.896950][__main__.TRPOAgent.log][linesearch]: Linesearch successful, updating policy parameters

[2020-01-28 18:37:11.442999][__main__.TRPOAgent.log][learning]: Episode #11

[2020-01-28 18:37:11.443413][__main__.TRPOAgent.log][learning]: Performing rollouts: rollout length: 1500

[2020-01-28 18:37:11.699889][__main__.TRPOAgent.log][learning]: Rollouts performed

[2020-01-28 18:37:11.701425][__main__.TRPOAgent.log][batch_info]: Rollout statistics size: 201, Batch size: 3000, Number of batches: 1

[2020-01-28 18:37:11.701803][__main__.TRPOAgent.log][learning]: 

***************
BEGINNING TRAINING
***************



[2020-01-28 18:37:11.702171][__main__.TRPOAgent.log][batch_info]: Batch #0, batch length: 201

[2020-01-28 18:37:11.856012][__main__.TRPOAgent.log][linesearch]: Linesearch worked at 8, New mean kl div: -5.551115123125782e-17, New policy loss value: 3.645508439067678e-17

[2020-01-28 18:37:11.889241][__main__.TRPOAgent.log][batch_info]: Current batch value loss: 4.72494877192808

[2020-01-28 18:37:11.889635][__main__.TRPOAgent.log][linesearch]: Linesearch successful, updating policy parameters

[2020-01-28 18:37:12.447115][__main__.TRPOAgent.log][learning]: Episode #12

[2020-01-28 18:37:12.447537][__main__.TRPOAgent.log][learning]: Performing rollouts: rollout length: 1500

[2020-01-28 18:37:12.696971][__main__.TRPOAgent.log][learning]: Rollouts performed

[2020-01-28 18:37:12.698451][__main__.TRPOAgent.log][batch_info]: Rollout statistics size: 197, Batch size: 3000, Number of batches: 1

[2020-01-28 18:37:12.698805][__main__.TRPOAgent.log][learning]: 

***************
BEGINNING TRAINING
***************



[2020-01-28 18:37:12.699266][__main__.TRPOAgent.log][batch_info]: Batch #0, batch length: 197

[2020-01-28 18:37:12.889583][__main__.TRPOAgent.log][linesearch]: Linesearch worked at 9, New mean kl div: 0.0, New policy loss value: 1.6906949613581065e-17

[2020-01-28 18:37:12.929502][__main__.TRPOAgent.log][batch_info]: Current batch value loss: 5.962494686293193

[2020-01-28 18:37:12.929900][__main__.TRPOAgent.log][linesearch]: Linesearch successful, updating policy parameters

[2020-01-28 18:37:13.525918][__main__.TRPOAgent.log][learning]: Episode #13

[2020-01-28 18:37:13.526294][__main__.TRPOAgent.log][learning]: Performing rollouts: rollout length: 1500

[2020-01-28 18:37:13.778338][__main__.TRPOAgent.log][learning]: Rollouts performed

[2020-01-28 18:37:13.779717][__main__.TRPOAgent.log][batch_info]: Rollout statistics size: 202, Batch size: 3000, Number of batches: 1

[2020-01-28 18:37:13.780053][__main__.TRPOAgent.log][learning]: 

***************
BEGINNING TRAINING
***************



[2020-01-28 18:37:13.780558][__main__.TRPOAgent.log][batch_info]: Batch #0, batch length: 202

[2020-01-28 18:37:13.930774][__main__.TRPOAgent.log][linesearch]: Linesearch worked at 7, New mean kl div: -1.5777218104420236e-30, New policy loss value: 5.0564613002729904e-17

[2020-01-28 18:37:13.962359][__main__.TRPOAgent.log][batch_info]: Current batch value loss: 4.047414507562442

[2020-01-28 18:37:13.962778][__main__.TRPOAgent.log][linesearch]: Linesearch successful, updating policy parameters

[2020-01-28 18:37:14.516436][__main__.TRPOAgent.log][learning]: Episode #14

[2020-01-28 18:37:14.516815][__main__.TRPOAgent.log][learning]: Performing rollouts: rollout length: 1500

[2020-01-28 18:37:14.804010][__main__.TRPOAgent.log][learning]: Rollouts performed

[2020-01-28 18:37:14.805862][__main__.TRPOAgent.log][batch_info]: Rollout statistics size: 196, Batch size: 3000, Number of batches: 1

[2020-01-28 18:37:14.806575][__main__.TRPOAgent.log][learning]: 

***************
BEGINNING TRAINING
***************



[2020-01-28 18:37:14.807096][__main__.TRPOAgent.log][batch_info]: Batch #0, batch length: 196

[2020-01-28 18:37:14.997249][__main__.TRPOAgent.log][linesearch]: Linesearch failed. Mean kl divergence: 0.0, Discarded policy loss value: -5.664403186863044e-18

[2020-01-28 18:37:15.033678][__main__.TRPOAgent.log][batch_info]: Current batch value loss: 15.430684355491469

[2020-01-28 18:37:15.603602][__main__.TRPOAgent.log][learning]: Episode #15

[2020-01-28 18:37:15.604021][__main__.TRPOAgent.log][learning]: Performing rollouts: rollout length: 1500

[2020-01-28 18:37:15.860145][__main__.TRPOAgent.log][learning]: Rollouts performed

[2020-01-28 18:37:15.861565][__main__.TRPOAgent.log][batch_info]: Rollout statistics size: 196, Batch size: 3000, Number of batches: 1

[2020-01-28 18:37:15.861973][__main__.TRPOAgent.log][learning]: 

***************
BEGINNING TRAINING
***************



[2020-01-28 18:37:15.862519][__main__.TRPOAgent.log][batch_info]: Batch #0, batch length: 196

[2020-01-28 18:37:16.044322][__main__.TRPOAgent.log][linesearch]: Linesearch worked at 8, New mean kl div: 3.247541178613872e-17, New policy loss value: 3.398641912117826e-17

[2020-01-28 18:37:16.077203][__main__.TRPOAgent.log][batch_info]: Current batch value loss: 9.558266984844986

[2020-01-28 18:37:16.077620][__main__.TRPOAgent.log][linesearch]: Linesearch successful, updating policy parameters

[2020-01-28 18:37:16.661896][__main__.TRPOAgent.log][learning]: Episode #16

[2020-01-28 18:37:16.662442][__main__.TRPOAgent.log][learning]: Performing rollouts: rollout length: 1500

[2020-01-28 18:37:16.927938][__main__.TRPOAgent.log][learning]: Rollouts performed

[2020-01-28 18:37:16.929377][__main__.TRPOAgent.log][batch_info]: Rollout statistics size: 201, Batch size: 3000, Number of batches: 1

[2020-01-28 18:37:16.929729][__main__.TRPOAgent.log][learning]: 

***************
BEGINNING TRAINING
***************



[2020-01-28 18:37:16.930129][__main__.TRPOAgent.log][batch_info]: Batch #0, batch length: 201

[2020-01-28 18:37:17.110538][__main__.TRPOAgent.log][linesearch]: Linesearch worked at 8, New mean kl div: 6.070935862193459e-18, New policy loss value: 7.401486830834377e-17

[2020-01-28 18:37:17.141939][__main__.TRPOAgent.log][batch_info]: Current batch value loss: 12.588189809475526

[2020-01-28 18:37:17.142485][__main__.TRPOAgent.log][linesearch]: Linesearch successful, updating policy parameters

[2020-01-28 18:37:17.731513][__main__.TRPOAgent.log][learning]: Episode #17

[2020-01-28 18:37:17.732049][__main__.TRPOAgent.log][learning]: Performing rollouts: rollout length: 1500

[2020-01-28 18:37:17.982254][__main__.TRPOAgent.log][learning]: Rollouts performed

[2020-01-28 18:37:17.983695][__main__.TRPOAgent.log][batch_info]: Rollout statistics size: 192, Batch size: 3000, Number of batches: 1

[2020-01-28 18:37:17.984044][__main__.TRPOAgent.log][learning]: 

***************
BEGINNING TRAINING
***************



[2020-01-28 18:37:17.984538][__main__.TRPOAgent.log][batch_info]: Batch #0, batch length: 192

[2020-01-28 18:37:18.207144][__main__.TRPOAgent.log][linesearch]: Linesearch worked at 8, New mean kl div: -3.4551293051387503e-17, New policy loss value: 3.8163916471489756e-17

[2020-01-28 18:37:18.348477][__main__.TRPOAgent.log][batch_info]: Current batch value loss: 11.375811137627656

[2020-01-28 18:37:18.348868][__main__.TRPOAgent.log][linesearch]: Linesearch successful, updating policy parameters

[2020-01-28 18:37:18.928104][__main__.TRPOAgent.log][learning]: Episode #18

[2020-01-28 18:37:18.928530][__main__.TRPOAgent.log][learning]: Performing rollouts: rollout length: 1500

[2020-01-28 18:37:19.177502][__main__.TRPOAgent.log][learning]: Rollouts performed

[2020-01-28 18:37:19.179044][__main__.TRPOAgent.log][batch_info]: Rollout statistics size: 186, Batch size: 3000, Number of batches: 1

[2020-01-28 18:37:19.179394][__main__.TRPOAgent.log][learning]: 

***************
BEGINNING TRAINING
***************



[2020-01-28 18:37:19.179839][__main__.TRPOAgent.log][batch_info]: Batch #0, batch length: 186

[2020-01-28 18:37:19.367395][__main__.TRPOAgent.log][linesearch]: Linesearch worked at 8, New mean kl div: -6.181394241757324e-18, New policy loss value: 7.162729191130042e-18

[2020-01-28 18:37:19.399139][__main__.TRPOAgent.log][batch_info]: Current batch value loss: 5.528409335309588

[2020-01-28 18:37:19.399532][__main__.TRPOAgent.log][linesearch]: Linesearch successful, updating policy parameters

[2020-01-28 18:37:20.038557][__main__.TRPOAgent.log][learning]: Episode #19

[2020-01-28 18:37:20.038935][__main__.TRPOAgent.log][learning]: Performing rollouts: rollout length: 1500

[2020-01-28 18:37:20.345847][__main__.TRPOAgent.log][learning]: Rollouts performed

[2020-01-28 18:37:20.347706][__main__.TRPOAgent.log][batch_info]: Rollout statistics size: 197, Batch size: 3000, Number of batches: 1

[2020-01-28 18:37:20.348182][__main__.TRPOAgent.log][learning]: 

***************
BEGINNING TRAINING
***************



[2020-01-28 18:37:20.348722][__main__.TRPOAgent.log][batch_info]: Batch #0, batch length: 197

[2020-01-28 18:37:20.558788][__main__.TRPOAgent.log][linesearch]: Linesearch worked at 8, New mean kl div: 1.7486851274353093e-17, New policy loss value: 2.0288339536297276e-17

[2020-01-28 18:37:20.596896][__main__.TRPOAgent.log][batch_info]: Current batch value loss: 6.2372605245138475

[2020-01-28 18:37:20.597438][__main__.TRPOAgent.log][linesearch]: Linesearch successful, updating policy parameters

[2020-01-28 18:37:21.285747][__main__.TRPOAgent.log][learning]: Episode #20

[2020-01-28 18:37:21.286112][__main__.TRPOAgent.log][learning]: Performing rollouts: rollout length: 1500

[2020-01-28 18:37:21.530112][__main__.TRPOAgent.log][learning]: Rollouts performed

[2020-01-28 18:37:21.531886][__main__.TRPOAgent.log][batch_info]: Rollout statistics size: 181, Batch size: 3000, Number of batches: 1

[2020-01-28 18:37:21.532358][__main__.TRPOAgent.log][learning]: 

***************
BEGINNING TRAINING
***************



[2020-01-28 18:37:21.532770][__main__.TRPOAgent.log][batch_info]: Batch #0, batch length: 181

[2020-01-28 18:37:21.723959][__main__.TRPOAgent.log][linesearch]: Linesearch failed. Mean kl divergence: 0.0, Discarded policy loss value: -9.44609645261183e-17

[2020-01-28 18:37:21.758661][__main__.TRPOAgent.log][batch_info]: Current batch value loss: 3.456227985812732

[2020-01-28 18:37:22.466177][__main__.TRPOAgent.log][learning]: Episode #21

[2020-01-28 18:37:22.466666][__main__.TRPOAgent.log][learning]: Performing rollouts: rollout length: 1500

[2020-01-28 18:37:22.818914][__main__.TRPOAgent.log][learning]: Rollouts performed

[2020-01-28 18:37:22.820606][__main__.TRPOAgent.log][batch_info]: Rollout statistics size: 192, Batch size: 3000, Number of batches: 1

[2020-01-28 18:37:22.821023][__main__.TRPOAgent.log][learning]: 

***************
BEGINNING TRAINING
***************



[2020-01-28 18:37:22.821491][__main__.TRPOAgent.log][batch_info]: Batch #0, batch length: 192

[2020-01-28 18:37:23.056582][__main__.TRPOAgent.log][linesearch]: Linesearch failed. Mean kl divergence: 0.0, Discarded policy loss value: -1.61907524424502e-17

[2020-01-28 18:37:23.088616][__main__.TRPOAgent.log][batch_info]: Current batch value loss: 4.322329308537216

[2020-01-28 18:37:23.816035][__main__.TRPOAgent.log][learning]: Episode #22

[2020-01-28 18:37:23.816450][__main__.TRPOAgent.log][learning]: Performing rollouts: rollout length: 1500

[2020-01-28 18:37:24.099095][__main__.TRPOAgent.log][learning]: Rollouts performed

[2020-01-28 18:37:24.100951][__main__.TRPOAgent.log][batch_info]: Rollout statistics size: 186, Batch size: 3000, Number of batches: 1

[2020-01-28 18:37:24.101339][__main__.TRPOAgent.log][learning]: 

***************
BEGINNING TRAINING
***************



[2020-01-28 18:37:24.101817][__main__.TRPOAgent.log][batch_info]: Batch #0, batch length: 186

[2020-01-28 18:37:24.316283][__main__.TRPOAgent.log][linesearch]: Linesearch failed. Mean kl divergence: 9.73784712123214e-18, Discarded policy loss value: -1.6713034779303432e-17

[2020-01-28 18:37:24.356676][__main__.TRPOAgent.log][batch_info]: Current batch value loss: 3.2125906341819355

[2020-01-28 18:37:24.943445][__main__.TRPOAgent.log][learning]: Episode #23

[2020-01-28 18:37:24.943836][__main__.TRPOAgent.log][learning]: Performing rollouts: rollout length: 1500

[2020-01-28 18:37:25.255158][__main__.TRPOAgent.log][learning]: Rollouts performed

[2020-01-28 18:37:25.256920][__main__.TRPOAgent.log][batch_info]: Rollout statistics size: 205, Batch size: 3000, Number of batches: 1

[2020-01-28 18:37:25.262391][__main__.TRPOAgent.log][learning]: 

***************
BEGINNING TRAINING
***************



[2020-01-28 18:37:25.262941][__main__.TRPOAgent.log][batch_info]: Batch #0, batch length: 205

[2020-01-28 18:37:25.521235][__main__.TRPOAgent.log][linesearch]: Linesearch failed. Mean kl divergence: 7.276141722722668e-18, Discarded policy loss value: -1.19145885569529e-17

[2020-01-28 18:37:25.557432][__main__.TRPOAgent.log][batch_info]: Current batch value loss: 5.061793046110742

[2020-01-28 18:37:26.270575][__main__.TRPOAgent.log][learning]: Episode #24

[2020-01-28 18:37:26.270933][__main__.TRPOAgent.log][learning]: Performing rollouts: rollout length: 1500

[2020-01-28 18:37:26.606649][__main__.TRPOAgent.log][learning]: Rollouts performed

[2020-01-28 18:37:26.608540][__main__.TRPOAgent.log][batch_info]: Rollout statistics size: 186, Batch size: 3000, Number of batches: 1

[2020-01-28 18:37:26.609104][__main__.TRPOAgent.log][learning]: 

***************
BEGINNING TRAINING
***************



[2020-01-28 18:37:26.609693][__main__.TRPOAgent.log][batch_info]: Batch #0, batch length: 186

[2020-01-28 18:37:26.868244][__main__.TRPOAgent.log][linesearch]: Linesearch failed. Mean kl divergence: 1.0310661657775208e-17, Discarded policy loss value: -3.3426069558606865e-17

[2020-01-28 18:37:26.910641][__main__.TRPOAgent.log][batch_info]: Current batch value loss: 2.59439867318337

[2020-01-28 18:37:27.687839][__main__.TRPOAgent.log][learning]: Episode #25

[2020-01-28 18:37:27.688296][__main__.TRPOAgent.log][learning]: Performing rollouts: rollout length: 1500

[2020-01-28 18:37:27.969292][__main__.TRPOAgent.log][learning]: Rollouts performed

[2020-01-28 18:37:27.970890][__main__.TRPOAgent.log][batch_info]: Rollout statistics size: 188, Batch size: 3000, Number of batches: 1

[2020-01-28 18:37:27.971326][__main__.TRPOAgent.log][learning]: 

***************
BEGINNING TRAINING
***************



[2020-01-28 18:37:27.971864][__main__.TRPOAgent.log][batch_info]: Batch #0, batch length: 188

[2020-01-28 18:37:28.167471][__main__.TRPOAgent.log][linesearch]: Linesearch failed. Mean kl divergence: 9.067532238043445e-18, Discarded policy loss value: -2.1259589833247678e-17

[2020-01-28 18:37:28.202232][__main__.TRPOAgent.log][batch_info]: Current batch value loss: 2.2575524983692423

