LOGGER started at 2020-01-29 19:40:36.155402.
Currently active debug channels:
	act
	batch_info
	linesearch
	learning
[2020-01-29 19:40:36.531897][__main__.TRPOAgent.log][learning]: Episode #50

[2020-01-29 19:40:36.739212][__main__.TRPOAgent.log][learning]: Performing rollouts: rollout length: 1500

[2020-01-29 19:40:37.009631][__main__.TRPOAgent.log][learning]: Rollouts performed

[2020-01-29 19:40:37.009962][__main__.TRPOAgent.log][batch_info]: Rollout statistics size: None, Batch size: 100

[2020-01-29 19:40:37.010456][__main__.TRPOAgent.log][learning]: 

***************
BEGINNING TRAINING
***************



[2020-01-29 19:40:37.951841][__main__.TRPOAgent.log][linesearch]: Linesearch worked at 1, New mean kl div: 0.0008349132284433292, New policy loss value: 0.2726302460044916

[2020-01-29 19:40:37.952279][__main__.TRPOAgent.log][batch_info]: Current batch value loss: 74.77236827214558

[2020-01-29 19:40:40.114264][__main__.TRPOAgent.log][learning]: Episode #51

[2020-01-29 19:40:40.145097][__main__.TRPOAgent.log][learning]: Performing rollouts: rollout length: 1500

[2020-01-29 19:40:40.619867][__main__.TRPOAgent.log][learning]: Rollouts performed

[2020-01-29 19:40:40.620315][__main__.TRPOAgent.log][batch_info]: Rollout statistics size: None, Batch size: 100

[2020-01-29 19:40:40.621155][__main__.TRPOAgent.log][learning]: 

***************
BEGINNING TRAINING
***************



[2020-01-29 19:40:41.359618][__main__.TRPOAgent.log][linesearch]: Linesearch failed. Mean kl divergence: -9.318959949993214e-19, Discarded policy loss value: 4.391894020343289e-18

[2020-01-29 19:40:41.360079][__main__.TRPOAgent.log][batch_info]: Current batch value loss: 26.275545375184553

[2020-01-29 19:40:42.643268][__main__.TRPOAgent.log][learning]: Episode #52

[2020-01-29 19:40:42.671394][__main__.TRPOAgent.log][learning]: Performing rollouts: rollout length: 1500

[2020-01-29 19:40:43.226935][__main__.TRPOAgent.log][learning]: Rollouts performed

[2020-01-29 19:40:43.227295][__main__.TRPOAgent.log][batch_info]: Rollout statistics size: None, Batch size: 100

[2020-01-29 19:40:43.227550][__main__.TRPOAgent.log][learning]: 

***************
BEGINNING TRAINING
***************



[2020-01-29 19:40:43.931663][__main__.TRPOAgent.log][linesearch]: Linesearch failed. Mean kl divergence: -9.135278354338958e-19, Discarded policy loss value: 3.5264169662447745e-18

[2020-01-29 19:40:43.932098][__main__.TRPOAgent.log][batch_info]: Current batch value loss: 13.715165412511963

[2020-01-29 19:40:44.812974][__main__.TRPOAgent.log][learning]: Episode #53

[2020-01-29 19:40:44.822043][__main__.TRPOAgent.log][learning]: Performing rollouts: rollout length: 1500

[2020-01-29 19:40:45.444045][__main__.TRPOAgent.log][learning]: Rollouts performed

[2020-01-29 19:40:45.444429][__main__.TRPOAgent.log][batch_info]: Rollout statistics size: None, Batch size: 100

[2020-01-29 19:40:45.445074][__main__.TRPOAgent.log][learning]: 

***************
BEGINNING TRAINING
***************



[2020-01-29 19:40:46.159873][__main__.TRPOAgent.log][linesearch]: Linesearch worked at 1, New mean kl div: 0.000735821402521768, New policy loss value: 0.3875574661425303

[2020-01-29 19:40:46.160401][__main__.TRPOAgent.log][batch_info]: Current batch value loss: 142.26251430202413

[2020-01-29 19:40:46.918167][__main__.TRPOAgent.log][learning]: Episode #54

[2020-01-29 19:40:46.928647][__main__.TRPOAgent.log][learning]: Performing rollouts: rollout length: 1500

[2020-01-29 19:40:47.421866][__main__.TRPOAgent.log][learning]: Rollouts performed

[2020-01-29 19:40:47.422211][__main__.TRPOAgent.log][batch_info]: Rollout statistics size: None, Batch size: 100

[2020-01-29 19:40:47.423046][__main__.TRPOAgent.log][learning]: 

***************
BEGINNING TRAINING
***************



[2020-01-29 19:40:48.118791][__main__.TRPOAgent.log][linesearch]: Linesearch failed. Mean kl divergence: 2.5918503824580753e-18, Discarded policy loss value: 9.026499914723354e-18

[2020-01-29 19:40:48.119226][__main__.TRPOAgent.log][batch_info]: Current batch value loss: 74.86657307876895

[2020-01-29 19:40:49.006460][__main__.TRPOAgent.log][learning]: Episode #55

[2020-01-29 19:40:49.019181][__main__.TRPOAgent.log][learning]: Performing rollouts: rollout length: 1500

[2020-01-29 19:40:49.512836][__main__.TRPOAgent.log][learning]: Rollouts performed

[2020-01-29 19:40:49.513175][__main__.TRPOAgent.log][batch_info]: Rollout statistics size: None, Batch size: 100

[2020-01-29 19:40:49.513821][__main__.TRPOAgent.log][learning]: 

***************
BEGINNING TRAINING
***************



[2020-01-29 19:40:50.210132][__main__.TRPOAgent.log][linesearch]: Linesearch failed. Mean kl divergence: 1.368383912369874e-18, Discarded policy loss value: 9.006007094076194e-18

[2020-01-29 19:40:50.210561][__main__.TRPOAgent.log][batch_info]: Current batch value loss: 25.847095445547577

[2020-01-29 19:40:51.331946][__main__.TRPOAgent.log][learning]: Episode #56

[2020-01-29 19:40:51.362373][__main__.TRPOAgent.log][learning]: Performing rollouts: rollout length: 1500

[2020-01-29 19:40:51.858279][__main__.TRPOAgent.log][learning]: Rollouts performed

[2020-01-29 19:40:51.858638][__main__.TRPOAgent.log][batch_info]: Rollout statistics size: None, Batch size: 100

[2020-01-29 19:40:51.859152][__main__.TRPOAgent.log][learning]: 

***************
BEGINNING TRAINING
***************



[2020-01-29 19:40:52.573564][__main__.TRPOAgent.log][linesearch]: Linesearch failed. Mean kl divergence: -1.5173438488087654e-18, Discarded policy loss value: 6.954545412985742e-18

[2020-01-29 19:40:52.574030][__main__.TRPOAgent.log][batch_info]: Current batch value loss: 11.892570804631294

[2020-01-29 19:40:53.780286][__main__.TRPOAgent.log][learning]: Episode #57

[2020-01-29 19:40:53.808986][__main__.TRPOAgent.log][learning]: Performing rollouts: rollout length: 1500

[2020-01-29 19:40:54.479116][__main__.TRPOAgent.log][learning]: Rollouts performed

[2020-01-29 19:40:54.479448][__main__.TRPOAgent.log][batch_info]: Rollout statistics size: None, Batch size: 100

[2020-01-29 19:40:54.480280][__main__.TRPOAgent.log][learning]: 

***************
BEGINNING TRAINING
***************



[2020-01-29 19:40:55.195345][__main__.TRPOAgent.log][linesearch]: Linesearch failed. Mean kl divergence: 1.7580276974710333e-19, Discarded policy loss value: 1.4886551965599333e-17

[2020-01-29 19:40:55.195774][__main__.TRPOAgent.log][batch_info]: Current batch value loss: 68.12584239874212

[2020-01-29 19:40:56.039197][__main__.TRPOAgent.log][learning]: Episode #58

[2020-01-29 19:40:56.050110][__main__.TRPOAgent.log][learning]: Performing rollouts: rollout length: 1500

[2020-01-29 19:40:56.487602][__main__.TRPOAgent.log][learning]: Rollouts performed

[2020-01-29 19:40:56.487975][__main__.TRPOAgent.log][batch_info]: Rollout statistics size: None, Batch size: 100

[2020-01-29 19:40:56.488626][__main__.TRPOAgent.log][learning]: 

***************
BEGINNING TRAINING
***************



[2020-01-29 19:40:57.180545][__main__.TRPOAgent.log][linesearch]: Linesearch failed. Mean kl divergence: 1.3210693762833022e-18, Discarded policy loss value: 2.294538681331859e-18

[2020-01-29 19:40:57.180976][__main__.TRPOAgent.log][batch_info]: Current batch value loss: 69.67835983959958

[2020-01-29 19:40:58.183436][__main__.TRPOAgent.log][learning]: Episode #59

[2020-01-29 19:40:58.212696][__main__.TRPOAgent.log][learning]: Performing rollouts: rollout length: 1500

[2020-01-29 19:40:58.739592][__main__.TRPOAgent.log][learning]: Rollouts performed

[2020-01-29 19:40:58.739940][__main__.TRPOAgent.log][batch_info]: Rollout statistics size: None, Batch size: 100

[2020-01-29 19:40:58.740610][__main__.TRPOAgent.log][learning]: 

***************
BEGINNING TRAINING
***************



[2020-01-29 19:40:59.453571][__main__.TRPOAgent.log][linesearch]: Linesearch failed. Mean kl divergence: -3.709060336117918e-19, Discarded policy loss value: 4.913675273507789e-18

[2020-01-29 19:40:59.454006][__main__.TRPOAgent.log][batch_info]: Current batch value loss: 30.96856498885245

[2020-01-29 19:41:00.899395][__main__.TRPOAgent.log][learning]: Episode #60

[2020-01-29 19:41:00.930984][__main__.TRPOAgent.log][learning]: Performing rollouts: rollout length: 1500

[2020-01-29 19:41:01.615361][__main__.TRPOAgent.log][learning]: Rollouts performed

[2020-01-29 19:41:01.615704][__main__.TRPOAgent.log][batch_info]: Rollout statistics size: None, Batch size: 100

[2020-01-29 19:41:01.616354][__main__.TRPOAgent.log][learning]: 

***************
BEGINNING TRAINING
***************



[2020-01-29 19:41:02.386922][__main__.TRPOAgent.log][linesearch]: Linesearch failed. Mean kl divergence: 8.478522660657232e-19, Discarded policy loss value: 2.1885285616522606e-17

[2020-01-29 19:41:02.387296][__main__.TRPOAgent.log][batch_info]: Current batch value loss: 25.515956763729886

[2020-01-29 19:41:04.709424][__main__.TRPOAgent.log][learning]: Episode #61

[2020-01-29 19:41:04.721975][__main__.TRPOAgent.log][learning]: Performing rollouts: rollout length: 1500

[2020-01-29 19:41:05.310042][__main__.TRPOAgent.log][learning]: Rollouts performed

[2020-01-29 19:41:05.310669][__main__.TRPOAgent.log][batch_info]: Rollout statistics size: None, Batch size: 100

[2020-01-29 19:41:05.311460][__main__.TRPOAgent.log][learning]: 

***************
BEGINNING TRAINING
***************



