LOGGER started at 2020-01-31 12:16:48.034489.
Currently active debug channels:
	act
	batch_info
	linesearch
	learning
	thread_rollouts
[2020-01-31 12:16:48.596941][__main__.TRPOAgent.log][learning]: Episode #0

[2020-01-31 12:16:48.777685][__main__.TRPOAgent.log][learning]: Performing rollouts: rollout length: 1600

[2020-01-31 12:16:48.778326][EnvironmentNew.Environment.log][thread_rollouts]: Thread number: 0

[2020-01-31 12:16:48.778612][EnvironmentNew.Environment.log][thread_rollouts]: Thread number: 1

[2020-01-31 12:16:49.002443][EnvironmentNew.Environment.log][thread_rollouts]: Thread number: 1, Steps performed: 68

[2020-01-31 12:16:49.012536][EnvironmentNew.Environment.log][thread_rollouts]: Thread number: 0, Steps performed: 73

[2020-01-31 12:16:49.013180][EnvironmentNew.Environment.log][thread_rollouts]: Thread number: 3

[2020-01-31 12:16:49.013039][EnvironmentNew.Environment.log][thread_rollouts]: Thread number: 2

[2020-01-31 12:16:49.357746][EnvironmentNew.Environment.log][thread_rollouts]: Thread number: 2, Steps performed: 97

[2020-01-31 12:16:49.361636][EnvironmentNew.Environment.log][thread_rollouts]: Thread number: 3, Steps performed: 98

[2020-01-31 12:16:49.362255][EnvironmentNew.Environment.log][thread_rollouts]: Thread number: 4

[2020-01-31 12:16:49.362388][EnvironmentNew.Environment.log][thread_rollouts]: Thread number: 5

[2020-01-31 12:16:49.755870][EnvironmentNew.Environment.log][thread_rollouts]: Thread number: 4, Steps performed: 107

[2020-01-31 12:16:49.783726][EnvironmentNew.Environment.log][thread_rollouts]: Thread number: 5, Steps performed: 117

[2020-01-31 12:16:49.784403][EnvironmentNew.Environment.log][thread_rollouts]: Thread number: 6

[2020-01-31 12:16:49.784625][EnvironmentNew.Environment.log][thread_rollouts]: Thread number: 7

[2020-01-31 12:16:50.114016][EnvironmentNew.Environment.log][thread_rollouts]: Thread number: 7, Steps performed: 77

[2020-01-31 12:16:50.128514][EnvironmentNew.Environment.log][thread_rollouts]: Thread number: 6, Steps performed: 84

[2020-01-31 12:16:50.129020][EnvironmentNew.Environment.log][thread_rollouts]: Thread number: 8

[2020-01-31 12:16:50.129167][EnvironmentNew.Environment.log][thread_rollouts]: Thread number: 9

[2020-01-31 12:16:50.335442][EnvironmentNew.Environment.log][thread_rollouts]: Thread number: 9, Steps performed: 48

[2020-01-31 12:16:50.453633][EnvironmentNew.Environment.log][thread_rollouts]: Thread number: 8, Steps performed: 104

[2020-01-31 12:16:50.454210][EnvironmentNew.Environment.log][thread_rollouts]: Thread number: 10

[2020-01-31 12:16:50.454362][EnvironmentNew.Environment.log][thread_rollouts]: Thread number: 11

[2020-01-31 12:16:50.767804][EnvironmentNew.Environment.log][thread_rollouts]: Thread number: 10, Steps performed: 75

[2020-01-31 12:16:50.821397][EnvironmentNew.Environment.log][thread_rollouts]: Thread number: 11, Steps performed: 98

[2020-01-31 12:16:50.822055][EnvironmentNew.Environment.log][thread_rollouts]: Thread number: 13

[2020-01-31 12:16:50.821913][EnvironmentNew.Environment.log][thread_rollouts]: Thread number: 12

[2020-01-31 12:16:51.337947][EnvironmentNew.Environment.log][thread_rollouts]: Thread number: 12, Steps performed: 108

[2020-01-31 12:16:51.372843][EnvironmentNew.Environment.log][thread_rollouts]: Thread number: 13, Steps performed: 123

