LOGGER started at 2020-01-30 13:29:51.485042.
Currently active debug channels:
	act
	batch_info
	linesearch
	learning
[2020-01-30 13:29:51.868407][__main__.TRPOAgent.log][learning]: Episode #0

[2020-01-30 13:29:52.056575][__main__.TRPOAgent.log][learning]: Performing rollouts: rollout length: 1000

[2020-01-30 13:29:52.352804][__main__.TRPOAgent.log][learning]: Rollouts performed

[2020-01-30 13:29:52.353162][__main__.TRPOAgent.log][batch_info]: Rollout statistics size: None, Batch size: 100

[2020-01-30 13:29:52.353736][__main__.TRPOAgent.log][learning]: 

***************
BEGINNING TRAINING
***************



[2020-01-30 13:29:54.058934][__main__.TRPOAgent.log][linesearch]: Linesearch worked at 2, New mean kl div: 0.003941502989571792, New policy loss value: 4.882385681863847

[2020-01-30 13:29:54.059443][__main__.TRPOAgent.log][batch_info]: Current batch value loss: 0.09087533309833486

[2020-01-30 13:29:55.226049][__main__.TRPOAgent.log][learning]: Episode #1

[2020-01-30 13:29:55.226586][__main__.TRPOAgent.log][batch_info]: Rollout statistics size: None, Batch size: 100

[2020-01-30 13:29:55.227300][__main__.TRPOAgent.log][learning]: 

***************
BEGINNING TRAINING
***************



