LOGGER started at 2020-01-28 16:24:37.926939.
Currently active debug channels:
	rollouts
	act
	training
	batch_info
	linesearch
	learning
	thread_rollouts
[2020-01-28 16:24:38.336708][__main__.TRPOAgent.log][learning]: Episode #0

[2020-01-28 16:24:38.542984][__main__.TRPOAgent.log][learning]: Performing rollouts: rollout length: 50

[2020-01-28 16:24:38.555643][EnvironmentNew.Environment.log][rollouts]: Rollout thread #1

[2020-01-28 16:24:38.556494][EnvironmentNew.Environment.log][rollouts]: Rollout thread #2

[2020-01-28 16:24:38.556441][EnvironmentNew.Environment.log][thread_rollouts]: Thread number: 0

[2020-01-28 16:24:38.557397][EnvironmentNew.Environment.log][thread_rollouts]: Thread number: 1

[2020-01-28 16:24:38.945480][EnvironmentNew.Environment.log][thread_rollouts]: Thread number: 0, Steps performed: 9

[2020-01-28 16:24:38.955489][EnvironmentNew.Environment.log][thread_rollouts]: Thread number: 1, Steps performed: 9

[2020-01-28 16:24:38.956694][EnvironmentNew.Environment.log][rollouts]: Rollout thread #3

[2020-01-28 16:24:38.957495][EnvironmentNew.Environment.log][thread_rollouts]: Thread number: 2

[2020-01-28 16:24:38.957617][EnvironmentNew.Environment.log][rollouts]: Rollout thread #4

[2020-01-28 16:24:38.959651][EnvironmentNew.Environment.log][thread_rollouts]: Thread number: 3

[2020-01-28 16:24:39.306859][EnvironmentNew.Environment.log][thread_rollouts]: Thread number: 3, Steps performed: 9

[2020-01-28 16:24:39.363777][EnvironmentNew.Environment.log][thread_rollouts]: Thread number: 2, Steps performed: 11

[2020-01-28 16:24:39.364241][EnvironmentNew.Environment.log][rollouts]: Rollout thread #5

[2020-01-28 16:24:39.365123][EnvironmentNew.Environment.log][rollouts]: Rollout thread #6

[2020-01-28 16:24:39.365049][EnvironmentNew.Environment.log][thread_rollouts]: Thread number: 4

[2020-01-28 16:24:39.366368][EnvironmentNew.Environment.log][thread_rollouts]: Thread number: 5

[2020-01-28 16:24:39.766690][EnvironmentNew.Environment.log][thread_rollouts]: Thread number: 5, Steps performed: 9

[2020-01-28 16:24:39.854332][EnvironmentNew.Environment.log][thread_rollouts]: Thread number: 4, Steps performed: 14

[2020-01-28 16:24:39.854792][EnvironmentNew.Environment.log][rollouts]: Rollout thread #7

[2020-01-28 16:24:39.855550][EnvironmentNew.Environment.log][thread_rollouts]: Thread number: 6

[2020-01-28 16:24:39.855643][EnvironmentNew.Environment.log][rollouts]: Rollout thread #8

[2020-01-28 16:24:39.858867][EnvironmentNew.Environment.log][thread_rollouts]: Thread number: 7

[2020-01-28 16:24:40.272538][EnvironmentNew.Environment.log][thread_rollouts]: Thread number: 7, Steps performed: 11

[2020-01-28 16:24:40.343331][EnvironmentNew.Environment.log][thread_rollouts]: Thread number: 6, Steps performed: 13

[2020-01-28 16:24:40.343766][EnvironmentNew.Environment.log][rollouts]: Rollout thread #9

[2020-01-28 16:24:40.344463][EnvironmentNew.Environment.log][thread_rollouts]: Thread number: 8

[2020-01-28 16:24:40.344521][EnvironmentNew.Environment.log][rollouts]: Rollout thread #10

[2020-01-28 16:24:40.346644][EnvironmentNew.Environment.log][thread_rollouts]: Thread number: 9

[2020-01-28 16:24:40.843506][EnvironmentNew.Environment.log][thread_rollouts]: Thread number: 9, Steps performed: 11

[2020-01-28 16:24:40.850715][EnvironmentNew.Environment.log][thread_rollouts]: Thread number: 8, Steps performed: 11

[2020-01-28 16:24:40.851441][__main__.TRPOAgent.log][learning]: Rollouts performed

[2020-01-28 16:24:40.852760][__main__.TRPOAgent.log][batch_info]: Rollout statistics size: 107, Batch size: 1000, Number of batches: 10

[2020-01-28 16:24:40.853127][__main__.TRPOAgent.log][learning]: 

***************
BEGINNING TRAINING
***************



[2020-01-28 16:24:40.853511][__main__.TRPOAgent.log][batch_info]: Batch #0, batch length: 9

