LOGGER started at 2020-01-28 18:39:26.100510.
Currently active debug channels:
	act
	batch_info
	linesearch
	learning
[2020-01-28 18:39:26.547326][__main__.TRPOAgent.log][learning]: Episode #0

[2020-01-28 18:39:26.752657][__main__.TRPOAgent.log][learning]: Performing rollouts: rollout length: 1500

[2020-01-28 18:39:28.008281][__main__.TRPOAgent.log][learning]: Rollouts performed

[2020-01-28 18:39:28.011446][__main__.TRPOAgent.log][batch_info]: Rollout statistics size: 958, Batch size: 3000, Number of batches: 1

[2020-01-28 18:39:28.011893][__main__.TRPOAgent.log][learning]: 

***************
BEGINNING TRAINING
***************



[2020-01-28 18:39:28.012677][__main__.TRPOAgent.log][batch_info]: Batch #0, batch length: 958

[2020-01-28 18:39:28.180747][__main__.TRPOAgent.log][linesearch]: Linesearch worked at 1, New mean kl div: 0.00015877438934257249, New policy loss value: -0.012283875656510727

[2020-01-28 18:39:28.549872][__main__.TRPOAgent.log][batch_info]: Current batch value loss: 26.78598394192331

[2020-01-28 18:39:28.550281][__main__.TRPOAgent.log][linesearch]: Linesearch successful, updating policy parameters

[2020-01-28 18:39:29.606180][__main__.TRPOAgent.log][learning]: Episode #1

[2020-01-28 18:39:29.606571][__main__.TRPOAgent.log][learning]: Performing rollouts: rollout length: 1500

[2020-01-28 18:39:33.847763][__main__.TRPOAgent.log][learning]: Rollouts performed

[2020-01-28 18:39:33.854094][__main__.TRPOAgent.log][batch_info]: Rollout statistics size: 3190, Batch size: 3000, Number of batches: 1

[2020-01-28 18:39:33.854564][__main__.TRPOAgent.log][learning]: 

***************
BEGINNING TRAINING
***************



[2020-01-28 18:39:33.856089][__main__.TRPOAgent.log][batch_info]: Batch #0, batch length: 3190

[2020-01-28 18:39:34.051520][__main__.TRPOAgent.log][linesearch]: Linesearch worked at 1, New mean kl div: 0.0004919238393603577, New policy loss value: 0.0011168819107992205

[2020-01-28 18:39:34.187005][__main__.TRPOAgent.log][batch_info]: Current batch value loss: 154.36895812485733

[2020-01-28 18:39:34.187400][__main__.TRPOAgent.log][linesearch]: Linesearch successful, updating policy parameters

[2020-01-28 18:39:34.820716][__main__.TRPOAgent.log][learning]: Episode #2

[2020-01-28 18:39:34.821093][__main__.TRPOAgent.log][learning]: Performing rollouts: rollout length: 1500

[2020-01-28 18:39:36.085679][__main__.TRPOAgent.log][learning]: Rollouts performed

[2020-01-28 18:39:36.088715][__main__.TRPOAgent.log][batch_info]: Rollout statistics size: 932, Batch size: 3000, Number of batches: 1

[2020-01-28 18:39:36.089091][__main__.TRPOAgent.log][learning]: 

***************
BEGINNING TRAINING
***************



[2020-01-28 18:39:36.089876][__main__.TRPOAgent.log][batch_info]: Batch #0, batch length: 932

[2020-01-28 18:39:36.236547][__main__.TRPOAgent.log][linesearch]: Linesearch worked at 1, New mean kl div: 0.00019696286218037195, New policy loss value: -0.00717743998433155

[2020-01-28 18:39:36.299701][__main__.TRPOAgent.log][batch_info]: Current batch value loss: 21.241440524391745

[2020-01-28 18:39:36.300324][__main__.TRPOAgent.log][linesearch]: Linesearch successful, updating policy parameters

[2020-01-28 18:39:37.117610][__main__.TRPOAgent.log][learning]: Episode #3

[2020-01-28 18:39:37.118006][__main__.TRPOAgent.log][learning]: Performing rollouts: rollout length: 1500

[2020-01-28 18:39:38.735414][__main__.TRPOAgent.log][learning]: Rollouts performed

[2020-01-28 18:39:38.739809][__main__.TRPOAgent.log][batch_info]: Rollout statistics size: 951, Batch size: 3000, Number of batches: 1

[2020-01-28 18:39:38.740420][__main__.TRPOAgent.log][learning]: 

***************
BEGINNING TRAINING
***************



[2020-01-28 18:39:38.741394][__main__.TRPOAgent.log][batch_info]: Batch #0, batch length: 951

[2020-01-28 18:39:38.928406][__main__.TRPOAgent.log][linesearch]: Linesearch worked at 0, New mean kl div: 0.007062622840518747, New policy loss value: -0.08151916596556175

[2020-01-28 18:39:38.999383][__main__.TRPOAgent.log][batch_info]: Current batch value loss: 2.9101245867880157

[2020-01-28 18:39:39.000060][__main__.TRPOAgent.log][linesearch]: Linesearch successful, updating policy parameters

[2020-01-28 18:39:39.832845][__main__.TRPOAgent.log][learning]: Episode #4

[2020-01-28 18:39:39.833320][__main__.TRPOAgent.log][learning]: Performing rollouts: rollout length: 1500

[2020-01-28 18:39:41.057028][__main__.TRPOAgent.log][learning]: Rollouts performed

[2020-01-28 18:39:41.059890][__main__.TRPOAgent.log][batch_info]: Rollout statistics size: 1051, Batch size: 3000, Number of batches: 1

[2020-01-28 18:39:41.060289][__main__.TRPOAgent.log][learning]: 

***************
BEGINNING TRAINING
***************



[2020-01-28 18:39:41.061035][__main__.TRPOAgent.log][batch_info]: Batch #0, batch length: 1051

[2020-01-28 18:39:41.160865][__main__.TRPOAgent.log][linesearch]: Linesearch worked at 0, New mean kl div: 0.013043375090008967, New policy loss value: -0.00722674297125606

[2020-01-28 18:39:41.218292][__main__.TRPOAgent.log][batch_info]: Current batch value loss: 35.21795690534562

[2020-01-28 18:39:41.218717][__main__.TRPOAgent.log][linesearch]: Linesearch successful, updating policy parameters

[2020-01-28 18:39:41.964771][__main__.TRPOAgent.log][learning]: Episode #5

[2020-01-28 18:39:41.965195][__main__.TRPOAgent.log][learning]: Performing rollouts: rollout length: 1500

[2020-01-28 18:39:43.251787][__main__.TRPOAgent.log][learning]: Rollouts performed

[2020-01-28 18:39:43.255439][__main__.TRPOAgent.log][batch_info]: Rollout statistics size: 1044, Batch size: 3000, Number of batches: 1

[2020-01-28 18:39:43.255942][__main__.TRPOAgent.log][learning]: 

***************
BEGINNING TRAINING
***************



[2020-01-28 18:39:43.256665][__main__.TRPOAgent.log][batch_info]: Batch #0, batch length: 1044

[2020-01-28 18:39:43.353714][__main__.TRPOAgent.log][linesearch]: Linesearch worked at 0, New mean kl div: 0.019772384921759836, New policy loss value: -0.012913604297057173

[2020-01-28 18:39:43.413192][__main__.TRPOAgent.log][batch_info]: Current batch value loss: 12.354996951124617

[2020-01-28 18:39:43.413601][__main__.TRPOAgent.log][linesearch]: Linesearch successful, updating policy parameters

[2020-01-28 18:39:44.147493][__main__.TRPOAgent.log][learning]: Episode #6

[2020-01-28 18:39:44.147935][__main__.TRPOAgent.log][learning]: Performing rollouts: rollout length: 1500

[2020-01-28 18:39:45.500933][__main__.TRPOAgent.log][learning]: Rollouts performed

[2020-01-28 18:39:45.504410][__main__.TRPOAgent.log][batch_info]: Rollout statistics size: 1051, Batch size: 3000, Number of batches: 1

[2020-01-28 18:39:45.504880][__main__.TRPOAgent.log][learning]: 

***************
BEGINNING TRAINING
***************



[2020-01-28 18:39:45.505821][__main__.TRPOAgent.log][batch_info]: Batch #0, batch length: 1051

[2020-01-28 18:39:45.599597][__main__.TRPOAgent.log][linesearch]: Linesearch worked at 0, New mean kl div: 0.019556098497224263, New policy loss value: -0.01450892267117935

[2020-01-28 18:39:45.656888][__main__.TRPOAgent.log][batch_info]: Current batch value loss: 10.746295584427754

[2020-01-28 18:39:45.657288][__main__.TRPOAgent.log][linesearch]: Linesearch successful, updating policy parameters

[2020-01-28 18:39:46.375353][__main__.TRPOAgent.log][learning]: Episode #7

[2020-01-28 18:39:46.375852][__main__.TRPOAgent.log][learning]: Performing rollouts: rollout length: 1500

[2020-01-28 18:39:47.798915][__main__.TRPOAgent.log][learning]: Rollouts performed

[2020-01-28 18:39:47.802969][__main__.TRPOAgent.log][batch_info]: Rollout statistics size: 1034, Batch size: 3000, Number of batches: 1

[2020-01-28 18:39:47.803597][__main__.TRPOAgent.log][learning]: 

***************
BEGINNING TRAINING
***************



[2020-01-28 18:39:47.804821][__main__.TRPOAgent.log][batch_info]: Batch #0, batch length: 1034

[2020-01-28 18:39:47.921679][__main__.TRPOAgent.log][linesearch]: Linesearch worked at 0, New mean kl div: 0.019326205998692815, New policy loss value: -0.011680129030744302

[2020-01-28 18:39:47.984631][__main__.TRPOAgent.log][batch_info]: Current batch value loss: 9.362554326293202

[2020-01-28 18:39:47.985043][__main__.TRPOAgent.log][linesearch]: Linesearch successful, updating policy parameters

[2020-01-28 18:39:48.807593][__main__.TRPOAgent.log][learning]: Episode #8

[2020-01-28 18:39:48.807961][__main__.TRPOAgent.log][learning]: Performing rollouts: rollout length: 1500

[2020-01-28 18:39:50.192470][__main__.TRPOAgent.log][learning]: Rollouts performed

[2020-01-28 18:39:50.195834][__main__.TRPOAgent.log][batch_info]: Rollout statistics size: 1062, Batch size: 3000, Number of batches: 1

[2020-01-28 18:39:50.196238][__main__.TRPOAgent.log][learning]: 

***************
BEGINNING TRAINING
***************



[2020-01-28 18:39:50.196994][__main__.TRPOAgent.log][batch_info]: Batch #0, batch length: 1062

[2020-01-28 18:39:50.291994][__main__.TRPOAgent.log][linesearch]: Linesearch worked at 0, New mean kl div: 0.018964066567379503, New policy loss value: -0.024511247203265342

[2020-01-28 18:39:50.352218][__main__.TRPOAgent.log][batch_info]: Current batch value loss: 10.258333703611754

[2020-01-28 18:39:50.352634][__main__.TRPOAgent.log][linesearch]: Linesearch successful, updating policy parameters

[2020-01-28 18:39:51.133183][__main__.TRPOAgent.log][learning]: Episode #9

[2020-01-28 18:39:51.133706][__main__.TRPOAgent.log][learning]: Performing rollouts: rollout length: 1500

[2020-01-28 18:39:52.475825][__main__.TRPOAgent.log][learning]: Rollouts performed

[2020-01-28 18:39:52.478762][__main__.TRPOAgent.log][batch_info]: Rollout statistics size: 1039, Batch size: 3000, Number of batches: 1

[2020-01-28 18:39:52.479167][__main__.TRPOAgent.log][learning]: 

***************
BEGINNING TRAINING
***************



[2020-01-28 18:39:52.479763][__main__.TRPOAgent.log][batch_info]: Batch #0, batch length: 1039

[2020-01-28 18:39:52.588542][__main__.TRPOAgent.log][linesearch]: Linesearch worked at 0, New mean kl div: 0.0183441292923648, New policy loss value: -0.015430125180486459

[2020-01-28 18:39:52.659780][__main__.TRPOAgent.log][batch_info]: Current batch value loss: 9.003492166249654

[2020-01-28 18:39:52.660334][__main__.TRPOAgent.log][linesearch]: Linesearch successful, updating policy parameters

[2020-01-28 18:39:53.469945][__main__.TRPOAgent.log][learning]: Episode #10

[2020-01-28 18:39:53.470317][__main__.TRPOAgent.log][learning]: Performing rollouts: rollout length: 1500

[2020-01-28 18:39:54.943792][__main__.TRPOAgent.log][learning]: Rollouts performed

[2020-01-28 18:39:54.947370][__main__.TRPOAgent.log][batch_info]: Rollout statistics size: 1047, Batch size: 3000, Number of batches: 1

[2020-01-28 18:39:54.947761][__main__.TRPOAgent.log][learning]: 

***************
BEGINNING TRAINING
***************



[2020-01-28 18:39:54.948674][__main__.TRPOAgent.log][batch_info]: Batch #0, batch length: 1047

[2020-01-28 18:39:55.042205][__main__.TRPOAgent.log][linesearch]: Linesearch worked at 0, New mean kl div: 0.017172911063110717, New policy loss value: -0.021948569998724722

[2020-01-28 18:39:55.100866][__main__.TRPOAgent.log][batch_info]: Current batch value loss: 9.176504317695967

[2020-01-28 18:39:55.101271][__main__.TRPOAgent.log][linesearch]: Linesearch successful, updating policy parameters

[2020-01-28 18:39:55.941676][__main__.TRPOAgent.log][learning]: Episode #11

[2020-01-28 18:39:55.942052][__main__.TRPOAgent.log][learning]: Performing rollouts: rollout length: 1500

