LOGGER started at 2020-01-28 16:34:27.981564.
Currently active debug channels:
	rollouts
	act
	training
	batch_info
	linesearch
	learning
	thread_rollouts
[2020-01-28 16:34:28.395083][__main__.TRPOAgent.log][learning]: Episode #0

[2020-01-28 16:34:28.596041][__main__.TRPOAgent.log][learning]: Performing rollouts: rollout length: 50

[2020-01-28 16:34:28.611163][EnvironmentNew.Environment.log][rollouts]: Rollout thread #1

[2020-01-28 16:34:28.611946][EnvironmentNew.Environment.log][rollouts]: Rollout thread #2

[2020-01-28 16:34:28.611885][EnvironmentNew.Environment.log][thread_rollouts]: Thread number: 0

[2020-01-28 16:34:28.613068][EnvironmentNew.Environment.log][thread_rollouts]: Thread number: 1

[2020-01-28 16:34:29.039378][EnvironmentNew.Environment.log][thread_rollouts]: Thread number: 0, Steps performed: 10

[2020-01-28 16:34:29.050717][EnvironmentNew.Environment.log][thread_rollouts]: Thread number: 1, Steps performed: 10

[2020-01-28 16:34:29.051498][EnvironmentNew.Environment.log][rollouts]: Rollout thread #3

[2020-01-28 16:34:29.052405][EnvironmentNew.Environment.log][thread_rollouts]: Thread number: 2

[2020-01-28 16:34:29.053055][EnvironmentNew.Environment.log][rollouts]: Rollout thread #4

[2020-01-28 16:34:29.058104][EnvironmentNew.Environment.log][thread_rollouts]: Thread number: 3

[2020-01-28 16:34:29.450342][EnvironmentNew.Environment.log][thread_rollouts]: Thread number: 2, Steps performed: 10

[2020-01-28 16:34:29.470806][EnvironmentNew.Environment.log][thread_rollouts]: Thread number: 3, Steps performed: 11

[2020-01-28 16:34:29.471459][EnvironmentNew.Environment.log][rollouts]: Rollout thread #5

[2020-01-28 16:34:29.471983][EnvironmentNew.Environment.log][thread_rollouts]: Thread number: 4

[2020-01-28 16:34:29.472045][EnvironmentNew.Environment.log][rollouts]: Rollout thread #6

[2020-01-28 16:34:29.474065][EnvironmentNew.Environment.log][thread_rollouts]: Thread number: 5

[2020-01-28 16:34:29.926647][EnvironmentNew.Environment.log][thread_rollouts]: Thread number: 4, Steps performed: 11

[2020-01-28 16:34:30.009289][EnvironmentNew.Environment.log][thread_rollouts]: Thread number: 5, Steps performed: 14

[2020-01-28 16:34:30.009752][EnvironmentNew.Environment.log][rollouts]: Rollout thread #7

[2020-01-28 16:34:30.010355][EnvironmentNew.Environment.log][rollouts]: Rollout thread #8

[2020-01-28 16:34:30.010306][EnvironmentNew.Environment.log][thread_rollouts]: Thread number: 6

[2020-01-28 16:34:30.011521][EnvironmentNew.Environment.log][thread_rollouts]: Thread number: 7

[2020-01-28 16:34:30.415079][EnvironmentNew.Environment.log][thread_rollouts]: Thread number: 6, Steps performed: 10

[2020-01-28 16:34:30.453293][EnvironmentNew.Environment.log][thread_rollouts]: Thread number: 7, Steps performed: 12

[2020-01-28 16:34:30.453715][EnvironmentNew.Environment.log][rollouts]: Rollout thread #9

[2020-01-28 16:34:30.454408][EnvironmentNew.Environment.log][thread_rollouts]: Thread number: 8

[2020-01-28 16:34:30.454488][EnvironmentNew.Environment.log][rollouts]: Rollout thread #10

[2020-01-28 16:34:30.455768][EnvironmentNew.Environment.log][thread_rollouts]: Thread number: 9

[2020-01-28 16:34:30.910282][EnvironmentNew.Environment.log][thread_rollouts]: Thread number: 8, Steps performed: 10

[2020-01-28 16:34:30.928043][EnvironmentNew.Environment.log][thread_rollouts]: Thread number: 9, Steps performed: 10

[2020-01-28 16:34:30.928598][__main__.TRPOAgent.log][learning]: Rollouts performed

[2020-01-28 16:34:30.929764][__main__.TRPOAgent.log][batch_info]: Rollout statistics size: 108, Batch size: 1000, Number of batches: 10

[2020-01-28 16:34:30.930098][__main__.TRPOAgent.log][learning]: 

***************
BEGINNING TRAINING
***************



[2020-01-28 16:34:30.930447][__main__.TRPOAgent.log][batch_info]: Batch #0, batch length: 10

