LOGGER started at 2020-01-28 20:10:12.185219.
Currently active debug channels:
	act
	batch_info
	linesearch
	learning
[2020-01-28 20:10:12.594815][__main__.TRPOAgent.log][learning]: Episode #0

[2020-01-28 20:10:12.780297][__main__.TRPOAgent.log][learning]: Performing rollouts: rollout length: 1500

[2020-01-28 20:10:13.388090][__main__.TRPOAgent.log][learning]: Rollouts performed

[2020-01-28 20:10:13.390087][__main__.TRPOAgent.log][batch_info]: Rollout statistics size: 472, Batch size: 500, Number of batches: 1

[2020-01-28 20:10:13.395337][__main__.TRPOAgent.log][learning]: 

***************
BEGINNING TRAINING
***************



[2020-01-28 20:10:13.395907][__main__.TRPOAgent.log][batch_info]: Batch #0, batch length: 472

[2020-01-28 20:10:14.811897][__main__.TRPOAgent.log][learning]: Episode #1

[2020-01-28 20:10:14.812482][__main__.TRPOAgent.log][learning]: Performing rollouts: rollout length: 1500

[2020-01-28 20:10:15.433207][__main__.TRPOAgent.log][learning]: Rollouts performed

[2020-01-28 20:10:15.435419][__main__.TRPOAgent.log][batch_info]: Rollout statistics size: 466, Batch size: 500, Number of batches: 1

[2020-01-28 20:10:15.435765][__main__.TRPOAgent.log][learning]: 

***************
BEGINNING TRAINING
***************



[2020-01-28 20:10:15.436161][__main__.TRPOAgent.log][batch_info]: Batch #0, batch length: 466

[2020-01-28 20:10:16.187371][__main__.TRPOAgent.log][learning]: Episode #2

[2020-01-28 20:10:16.187860][__main__.TRPOAgent.log][learning]: Performing rollouts: rollout length: 1500

[2020-01-28 20:10:16.819681][__main__.TRPOAgent.log][learning]: Rollouts performed

[2020-01-28 20:10:16.821512][__main__.TRPOAgent.log][batch_info]: Rollout statistics size: 472, Batch size: 500, Number of batches: 1

[2020-01-28 20:10:16.822016][__main__.TRPOAgent.log][learning]: 

***************
BEGINNING TRAINING
***************



[2020-01-28 20:10:16.822528][__main__.TRPOAgent.log][batch_info]: Batch #0, batch length: 472

[2020-01-28 20:10:17.551690][__main__.TRPOAgent.log][learning]: Episode #3

[2020-01-28 20:10:17.552289][__main__.TRPOAgent.log][learning]: Performing rollouts: rollout length: 1500

