LOGGER started at 2020-01-28 21:02:43.256158.
Currently active debug channels:
	act
	batch_info
	linesearch
	learning
[2020-01-28 21:02:43.687578][__main__.TRPOAgent.log][learning]: Episode #0

[2020-01-28 21:02:43.901159][__main__.TRPOAgent.log][learning]: Performing rollouts: rollout length: 1500

[2020-01-28 21:02:50.764555][__main__.TRPOAgent.log][learning]: Rollouts performed

[2020-01-28 21:02:50.774647][__main__.TRPOAgent.log][batch_info]: Rollout statistics size: 7081, Batch size: 500, Number of batches: 1

[2020-01-28 21:02:50.775340][__main__.TRPOAgent.log][learning]: 

***************
BEGINNING TRAINING
***************



[2020-01-28 21:02:50.777796][__main__.TRPOAgent.log][batch_info]: Batch #0, batch length: 7081

[2020-01-28 21:02:51.115083][__main__.TRPOAgent.log][linesearch]: Linesearch worked at 0, New mean kl div: 0.0018023741482527322, New policy loss value: 0.0007643106527819241

[2020-01-28 21:02:53.290476][__main__.TRPOAgent.log][batch_info]: Current batch value loss: 56.04754042413927

[2020-01-28 21:02:53.290861][__main__.TRPOAgent.log][linesearch]: Linesearch successful, updating policy parameters

[2020-01-28 21:02:54.638129][__main__.TRPOAgent.log][learning]: Episode #1

[2020-01-28 21:02:54.638760][__main__.TRPOAgent.log][learning]: Performing rollouts: rollout length: 1500

[2020-01-28 21:02:56.150243][__main__.TRPOAgent.log][learning]: Rollouts performed

[2020-01-28 21:02:56.153381][__main__.TRPOAgent.log][batch_info]: Rollout statistics size: 1011, Batch size: 500, Number of batches: 1

[2020-01-28 21:02:56.157404][__main__.TRPOAgent.log][learning]: 

***************
BEGINNING TRAINING
***************



[2020-01-28 21:02:56.158501][__main__.TRPOAgent.log][batch_info]: Batch #0, batch length: 1011

[2020-01-28 21:02:56.253897][__main__.TRPOAgent.log][linesearch]: Linesearch worked at 0, New mean kl div: 0.003370173799842919, New policy loss value: 0.00012000890627892865

[2020-01-28 21:02:56.548470][__main__.TRPOAgent.log][batch_info]: Current batch value loss: 4.581841063021365

[2020-01-28 21:02:56.548834][__main__.TRPOAgent.log][linesearch]: Linesearch successful, updating policy parameters

[2020-01-28 21:02:57.268519][__main__.TRPOAgent.log][learning]: Episode #2

[2020-01-28 21:02:57.268893][__main__.TRPOAgent.log][learning]: Performing rollouts: rollout length: 1500

[2020-01-28 21:02:58.400662][__main__.TRPOAgent.log][learning]: Rollouts performed

[2020-01-28 21:02:58.403317][__main__.TRPOAgent.log][batch_info]: Rollout statistics size: 1018, Batch size: 500, Number of batches: 1

[2020-01-28 21:02:58.403729][__main__.TRPOAgent.log][learning]: 

***************
BEGINNING TRAINING
***************



[2020-01-28 21:02:58.404511][__main__.TRPOAgent.log][batch_info]: Batch #0, batch length: 1018

[2020-01-28 21:02:58.491618][__main__.TRPOAgent.log][linesearch]: Linesearch worked at 0, New mean kl div: 0.004978419777435721, New policy loss value: 0.005120090952412549

[2020-01-28 21:02:58.780645][__main__.TRPOAgent.log][batch_info]: Current batch value loss: 2.3235295142143397

[2020-01-28 21:02:58.780994][__main__.TRPOAgent.log][linesearch]: Linesearch successful, updating policy parameters

[2020-01-28 21:02:59.438510][__main__.TRPOAgent.log][learning]: Episode #3

[2020-01-28 21:02:59.438933][__main__.TRPOAgent.log][learning]: Performing rollouts: rollout length: 1500

[2020-01-28 21:03:00.604626][__main__.TRPOAgent.log][learning]: Rollouts performed

[2020-01-28 21:03:00.607700][__main__.TRPOAgent.log][batch_info]: Rollout statistics size: 1027, Batch size: 500, Number of batches: 1

[2020-01-28 21:03:00.608163][__main__.TRPOAgent.log][learning]: 

***************
BEGINNING TRAINING
***************



[2020-01-28 21:03:00.608855][__main__.TRPOAgent.log][batch_info]: Batch #0, batch length: 1027

[2020-01-28 21:03:00.721797][__main__.TRPOAgent.log][linesearch]: Linesearch worked at 0, New mean kl div: 0.00041518631031827504, New policy loss value: 0.0019766173546122185

[2020-01-28 21:03:01.043542][__main__.TRPOAgent.log][batch_info]: Current batch value loss: 1.2958766440258305

[2020-01-28 21:03:01.043952][__main__.TRPOAgent.log][linesearch]: Linesearch successful, updating policy parameters

[2020-01-28 21:03:01.632314][__main__.TRPOAgent.log][learning]: Episode #4

[2020-01-28 21:03:01.632802][__main__.TRPOAgent.log][learning]: Performing rollouts: rollout length: 1500

[2020-01-28 21:03:02.777314][__main__.TRPOAgent.log][learning]: Rollouts performed

[2020-01-28 21:03:02.780306][__main__.TRPOAgent.log][batch_info]: Rollout statistics size: 1024, Batch size: 500, Number of batches: 1

[2020-01-28 21:03:02.780727][__main__.TRPOAgent.log][learning]: 

***************
BEGINNING TRAINING
***************



[2020-01-28 21:03:02.781375][__main__.TRPOAgent.log][batch_info]: Batch #0, batch length: 1024

[2020-01-28 21:03:02.899641][__main__.TRPOAgent.log][linesearch]: Linesearch worked at 0, New mean kl div: 0.003774154549069131, New policy loss value: 0.0058364044373883615

[2020-01-28 21:03:03.282319][__main__.TRPOAgent.log][batch_info]: Current batch value loss: 0.8102771989275448

[2020-01-28 21:03:03.282675][__main__.TRPOAgent.log][linesearch]: Linesearch successful, updating policy parameters

[2020-01-28 21:03:03.933227][__main__.TRPOAgent.log][learning]: Episode #5

[2020-01-28 21:03:03.933860][__main__.TRPOAgent.log][learning]: Performing rollouts: rollout length: 1500

[2020-01-28 21:03:04.965498][__main__.TRPOAgent.log][learning]: Rollouts performed

[2020-01-28 21:03:04.968116][__main__.TRPOAgent.log][batch_info]: Rollout statistics size: 917, Batch size: 500, Number of batches: 1

[2020-01-28 21:03:04.968507][__main__.TRPOAgent.log][learning]: 

***************
BEGINNING TRAINING
***************



[2020-01-28 21:03:04.969161][__main__.TRPOAgent.log][batch_info]: Batch #0, batch length: 917

[2020-01-28 21:03:05.080826][__main__.TRPOAgent.log][linesearch]: Linesearch worked at 0, New mean kl div: 0.0019409369995858363, New policy loss value: 0.027177542431361217

[2020-01-28 21:03:05.346087][__main__.TRPOAgent.log][batch_info]: Current batch value loss: 0.36257420011139696

[2020-01-28 21:03:05.346445][__main__.TRPOAgent.log][linesearch]: Linesearch successful, updating policy parameters

[2020-01-28 21:03:05.948656][__main__.TRPOAgent.log][learning]: Episode #6

[2020-01-28 21:03:05.949663][__main__.TRPOAgent.log][learning]: Performing rollouts: rollout length: 1500

[2020-01-28 21:03:06.986917][__main__.TRPOAgent.log][learning]: Rollouts performed

[2020-01-28 21:03:06.989452][__main__.TRPOAgent.log][batch_info]: Rollout statistics size: 908, Batch size: 500, Number of batches: 1

[2020-01-28 21:03:06.989805][__main__.TRPOAgent.log][learning]: 

***************
BEGINNING TRAINING
***************



[2020-01-28 21:03:06.990507][__main__.TRPOAgent.log][batch_info]: Batch #0, batch length: 908

[2020-01-28 21:03:07.086399][__main__.TRPOAgent.log][linesearch]: Linesearch worked at 1, New mean kl div: 4.993210814613282e-09, New policy loss value: 2.4756106702452288e-06

[2020-01-28 21:03:07.355830][__main__.TRPOAgent.log][batch_info]: Current batch value loss: 0.3534020676791962

[2020-01-28 21:03:07.356221][__main__.TRPOAgent.log][linesearch]: Linesearch successful, updating policy parameters

[2020-01-28 21:03:07.971075][__main__.TRPOAgent.log][learning]: Episode #7

[2020-01-28 21:03:07.971485][__main__.TRPOAgent.log][learning]: Performing rollouts: rollout length: 1500

[2020-01-28 21:03:09.009707][__main__.TRPOAgent.log][learning]: Rollouts performed

[2020-01-28 21:03:09.013082][__main__.TRPOAgent.log][batch_info]: Rollout statistics size: 925, Batch size: 500, Number of batches: 1

[2020-01-28 21:03:09.013618][__main__.TRPOAgent.log][learning]: 

***************
BEGINNING TRAINING
***************



[2020-01-28 21:03:09.014612][__main__.TRPOAgent.log][batch_info]: Batch #0, batch length: 925

[2020-01-28 21:03:09.111691][__main__.TRPOAgent.log][linesearch]: Linesearch worked at 1, New mean kl div: 4.993206197224388e-09, New policy loss value: 8.339922704607645e-06

[2020-01-28 21:03:09.382572][__main__.TRPOAgent.log][batch_info]: Current batch value loss: 0.28917388173626835

[2020-01-28 21:03:09.382953][__main__.TRPOAgent.log][linesearch]: Linesearch successful, updating policy parameters

[2020-01-28 21:03:10.033981][__main__.TRPOAgent.log][learning]: Episode #8

[2020-01-28 21:03:10.034468][__main__.TRPOAgent.log][learning]: Performing rollouts: rollout length: 1500

[2020-01-28 21:03:11.102236][__main__.TRPOAgent.log][learning]: Rollouts performed

[2020-01-28 21:03:11.105051][__main__.TRPOAgent.log][batch_info]: Rollout statistics size: 916, Batch size: 500, Number of batches: 1

[2020-01-28 21:03:11.109475][__main__.TRPOAgent.log][learning]: 

***************
BEGINNING TRAINING
***************



[2020-01-28 21:03:11.110271][__main__.TRPOAgent.log][batch_info]: Batch #0, batch length: 916

[2020-01-28 21:03:11.219909][__main__.TRPOAgent.log][linesearch]: Linesearch worked at 1, New mean kl div: 4.993211173477425e-09, New policy loss value: 5.920592459963055e-06

[2020-01-28 21:03:11.492365][__main__.TRPOAgent.log][batch_info]: Current batch value loss: 0.22337703546352336

[2020-01-28 21:03:11.492738][__main__.TRPOAgent.log][linesearch]: Linesearch successful, updating policy parameters

[2020-01-28 21:03:12.122909][__main__.TRPOAgent.log][learning]: Episode #9

[2020-01-28 21:03:12.123582][__main__.TRPOAgent.log][learning]: Performing rollouts: rollout length: 1500

[2020-01-28 21:03:13.176768][__main__.TRPOAgent.log][learning]: Rollouts performed

[2020-01-28 21:03:13.179531][__main__.TRPOAgent.log][batch_info]: Rollout statistics size: 942, Batch size: 500, Number of batches: 1

[2020-01-28 21:03:13.179945][__main__.TRPOAgent.log][learning]: 

***************
BEGINNING TRAINING
***************



[2020-01-28 21:03:13.180698][__main__.TRPOAgent.log][batch_info]: Batch #0, batch length: 942

[2020-01-28 21:03:13.297997][__main__.TRPOAgent.log][linesearch]: Linesearch worked at 1, New mean kl div: 4.023749491863754e-09, New policy loss value: 2.046874368113173e-05

[2020-01-28 21:03:13.587846][__main__.TRPOAgent.log][batch_info]: Current batch value loss: 0.5895315202315848

[2020-01-28 21:03:13.588434][__main__.TRPOAgent.log][linesearch]: Linesearch successful, updating policy parameters

[2020-01-28 21:03:14.249070][__main__.TRPOAgent.log][learning]: Episode #10

[2020-01-28 21:03:14.249517][__main__.TRPOAgent.log][learning]: Performing rollouts: rollout length: 1500

[2020-01-28 21:03:15.277983][__main__.TRPOAgent.log][learning]: Rollouts performed

[2020-01-28 21:03:15.281425][__main__.TRPOAgent.log][batch_info]: Rollout statistics size: 918, Batch size: 500, Number of batches: 1

[2020-01-28 21:03:15.281944][__main__.TRPOAgent.log][learning]: 

***************
BEGINNING TRAINING
***************



[2020-01-28 21:03:15.282934][__main__.TRPOAgent.log][batch_info]: Batch #0, batch length: 918

[2020-01-28 21:03:15.404048][__main__.TRPOAgent.log][linesearch]: Linesearch worked at 1, New mean kl div: 4.983586362120633e-09, New policy loss value: 9.360166584528563e-06

[2020-01-28 21:03:15.673946][__main__.TRPOAgent.log][batch_info]: Current batch value loss: 0.2321749841439052

[2020-01-28 21:03:15.674316][__main__.TRPOAgent.log][linesearch]: Linesearch successful, updating policy parameters

[2020-01-28 21:03:16.257616][__main__.TRPOAgent.log][learning]: Episode #11

[2020-01-28 21:03:16.258143][__main__.TRPOAgent.log][learning]: Performing rollouts: rollout length: 1500

[2020-01-28 21:03:17.293475][__main__.TRPOAgent.log][learning]: Rollouts performed

[2020-01-28 21:03:17.296477][__main__.TRPOAgent.log][batch_info]: Rollout statistics size: 922, Batch size: 500, Number of batches: 1

[2020-01-28 21:03:17.296867][__main__.TRPOAgent.log][learning]: 

***************
BEGINNING TRAINING
***************



[2020-01-28 21:03:17.297436][__main__.TRPOAgent.log][batch_info]: Batch #0, batch length: 922

[2020-01-28 21:03:17.419125][__main__.TRPOAgent.log][linesearch]: Linesearch worked at 1, New mean kl div: 4.9859198620227964e-09, New policy loss value: 1.0476003503799487e-05

[2020-01-28 21:03:17.688391][__main__.TRPOAgent.log][batch_info]: Current batch value loss: 0.24475235497220588

[2020-01-28 21:03:17.688756][__main__.TRPOAgent.log][linesearch]: Linesearch successful, updating policy parameters

[2020-01-28 21:03:18.233202][__main__.TRPOAgent.log][learning]: Episode #12

[2020-01-28 21:03:18.233642][__main__.TRPOAgent.log][learning]: Performing rollouts: rollout length: 1500

[2020-01-28 21:03:19.270274][__main__.TRPOAgent.log][learning]: Rollouts performed

[2020-01-28 21:03:19.272876][__main__.TRPOAgent.log][batch_info]: Rollout statistics size: 921, Batch size: 500, Number of batches: 1

[2020-01-28 21:03:19.273276][__main__.TRPOAgent.log][learning]: 

***************
BEGINNING TRAINING
***************



[2020-01-28 21:03:19.273877][__main__.TRPOAgent.log][batch_info]: Batch #0, batch length: 921

[2020-01-28 21:03:19.373161][__main__.TRPOAgent.log][linesearch]: Linesearch worked at 1, New mean kl div: 4.993212112647228e-09, New policy loss value: 1.1183844724230991e-05

[2020-01-28 21:03:19.639369][__main__.TRPOAgent.log][batch_info]: Current batch value loss: 0.15679377971833233

[2020-01-28 21:03:19.639736][__main__.TRPOAgent.log][linesearch]: Linesearch successful, updating policy parameters

[2020-01-28 21:03:20.317314][__main__.TRPOAgent.log][learning]: Episode #13

[2020-01-28 21:03:20.318139][__main__.TRPOAgent.log][learning]: Performing rollouts: rollout length: 1500

[2020-01-28 21:03:21.369116][__main__.TRPOAgent.log][learning]: Rollouts performed

[2020-01-28 21:03:21.372429][__main__.TRPOAgent.log][batch_info]: Rollout statistics size: 922, Batch size: 500, Number of batches: 1

[2020-01-28 21:03:21.376237][__main__.TRPOAgent.log][learning]: 

***************
BEGINNING TRAINING
***************



[2020-01-28 21:03:21.377134][__main__.TRPOAgent.log][batch_info]: Batch #0, batch length: 922

[2020-01-28 21:03:21.476715][__main__.TRPOAgent.log][linesearch]: Linesearch worked at 1, New mean kl div: 4.993212221331719e-09, New policy loss value: 1.2673519364074566e-05

[2020-01-28 21:03:21.751334][__main__.TRPOAgent.log][batch_info]: Current batch value loss: 0.11035881218321188

[2020-01-28 21:03:21.751706][__main__.TRPOAgent.log][linesearch]: Linesearch successful, updating policy parameters

[2020-01-28 21:03:22.390322][__main__.TRPOAgent.log][learning]: Episode #14

[2020-01-28 21:03:22.390893][__main__.TRPOAgent.log][learning]: Performing rollouts: rollout length: 1500

[2020-01-28 21:03:23.431899][__main__.TRPOAgent.log][learning]: Rollouts performed

[2020-01-28 21:03:23.434765][__main__.TRPOAgent.log][batch_info]: Rollout statistics size: 919, Batch size: 500, Number of batches: 1

[2020-01-28 21:03:23.435125][__main__.TRPOAgent.log][learning]: 

***************
BEGINNING TRAINING
***************



[2020-01-28 21:03:23.435836][__main__.TRPOAgent.log][batch_info]: Batch #0, batch length: 919

[2020-01-28 21:03:23.534038][__main__.TRPOAgent.log][linesearch]: Linesearch worked at 1, New mean kl div: 4.993212403666704e-09, New policy loss value: 1.1355192955231993e-05

[2020-01-28 21:03:23.804980][__main__.TRPOAgent.log][batch_info]: Current batch value loss: 0.09879897150020521

[2020-01-28 21:03:23.805356][__main__.TRPOAgent.log][linesearch]: Linesearch successful, updating policy parameters

[2020-01-28 21:03:24.423129][__main__.TRPOAgent.log][learning]: Episode #15

[2020-01-28 21:03:24.423498][__main__.TRPOAgent.log][learning]: Performing rollouts: rollout length: 1500

[2020-01-28 21:03:25.432520][__main__.TRPOAgent.log][learning]: Rollouts performed

[2020-01-28 21:03:25.435179][__main__.TRPOAgent.log][batch_info]: Rollout statistics size: 911, Batch size: 500, Number of batches: 1

[2020-01-28 21:03:25.435587][__main__.TRPOAgent.log][learning]: 

***************
BEGINNING TRAINING
***************



[2020-01-28 21:03:25.436196][__main__.TRPOAgent.log][batch_info]: Batch #0, batch length: 911

[2020-01-28 21:03:25.537647][__main__.TRPOAgent.log][linesearch]: Linesearch worked at 1, New mean kl div: 4.993212569116671e-09, New policy loss value: 7.233773313603067e-06

[2020-01-28 21:03:25.806463][__main__.TRPOAgent.log][batch_info]: Current batch value loss: 0.09614122195231349

[2020-01-28 21:03:25.806828][__main__.TRPOAgent.log][linesearch]: Linesearch successful, updating policy parameters

[2020-01-28 21:03:26.461194][__main__.TRPOAgent.log][learning]: Episode #16

[2020-01-28 21:03:26.461859][__main__.TRPOAgent.log][learning]: Performing rollouts: rollout length: 1500

[2020-01-28 21:03:27.498698][__main__.TRPOAgent.log][learning]: Rollouts performed

[2020-01-28 21:03:27.502104][__main__.TRPOAgent.log][batch_info]: Rollout statistics size: 918, Batch size: 500, Number of batches: 1

[2020-01-28 21:03:27.502624][__main__.TRPOAgent.log][learning]: 

***************
BEGINNING TRAINING
***************



[2020-01-28 21:03:27.503564][__main__.TRPOAgent.log][batch_info]: Batch #0, batch length: 918

[2020-01-28 21:03:27.628748][__main__.TRPOAgent.log][linesearch]: Linesearch worked at 1, New mean kl div: 4.993213040731064e-09, New policy loss value: 1.1402661440774624e-05

[2020-01-28 21:03:27.912746][__main__.TRPOAgent.log][batch_info]: Current batch value loss: 0.1167297023034178

[2020-01-28 21:03:27.913106][__main__.TRPOAgent.log][linesearch]: Linesearch successful, updating policy parameters

[2020-01-28 21:03:28.496280][__main__.TRPOAgent.log][learning]: Episode #17

[2020-01-28 21:03:28.496767][__main__.TRPOAgent.log][learning]: Performing rollouts: rollout length: 1500

[2020-01-28 21:03:29.555271][__main__.TRPOAgent.log][learning]: Rollouts performed

[2020-01-28 21:03:29.558306][__main__.TRPOAgent.log][batch_info]: Rollout statistics size: 915, Batch size: 500, Number of batches: 1

[2020-01-28 21:03:29.558760][__main__.TRPOAgent.log][learning]: 

***************
BEGINNING TRAINING
***************



[2020-01-28 21:03:29.559562][__main__.TRPOAgent.log][batch_info]: Batch #0, batch length: 915

[2020-01-28 21:03:29.678958][__main__.TRPOAgent.log][linesearch]: Linesearch worked at 1, New mean kl div: 4.993213031698304e-09, New policy loss value: 8.460207851442882e-06

[2020-01-28 21:03:30.043797][__main__.TRPOAgent.log][batch_info]: Current batch value loss: 0.14483590010005665

[2020-01-28 21:03:30.044236][__main__.TRPOAgent.log][linesearch]: Linesearch successful, updating policy parameters

[2020-01-28 21:03:30.871128][__main__.TRPOAgent.log][learning]: Episode #18

[2020-01-28 21:03:30.871746][__main__.TRPOAgent.log][learning]: Performing rollouts: rollout length: 1500

