LOGGER started at 2020-01-30 13:28:12.043711.
Currently active debug channels:
	act
	batch_info
	linesearch
	learning
[2020-01-30 13:28:12.410565][__main__.TRPOAgent.log][learning]: Episode #0

[2020-01-30 13:28:12.610455][__main__.TRPOAgent.log][learning]: Performing rollouts: rollout length: 1000

[2020-01-30 13:28:13.946176][__main__.TRPOAgent.log][learning]: Rollouts performed

[2020-01-30 13:28:13.946537][__main__.TRPOAgent.log][batch_info]: Rollout statistics size: None, Batch size: 100

[2020-01-30 13:28:13.947120][__main__.TRPOAgent.log][learning]: 

***************
BEGINNING TRAINING
***************



[2020-01-30 13:28:15.744722][__main__.TRPOAgent.log][linesearch]: Linesearch worked at 3, New mean kl div: 0.0032602430526240344, New policy loss value: 24.566480382298856

[2020-01-30 13:28:15.745150][__main__.TRPOAgent.log][batch_info]: Current batch value loss: 0.007350006974267591

[2020-01-30 13:28:17.953673][__main__.TRPOAgent.log][learning]: Episode #1

[2020-01-30 13:28:17.955319][__main__.TRPOAgent.log][learning]: Performing rollouts: rollout length: 1000

[2020-01-30 13:28:19.325761][__main__.TRPOAgent.log][learning]: Rollouts performed

[2020-01-30 13:28:19.326097][__main__.TRPOAgent.log][batch_info]: Rollout statistics size: None, Batch size: 100

[2020-01-30 13:28:19.326735][__main__.TRPOAgent.log][learning]: 

***************
BEGINNING TRAINING
***************



[2020-01-30 13:28:21.033159][__main__.TRPOAgent.log][linesearch]: Linesearch worked at 3, New mean kl div: 0.003697342031895952, New policy loss value: 25.71367367344778

[2020-01-30 13:28:21.033576][__main__.TRPOAgent.log][batch_info]: Current batch value loss: 0.00019538132397643068

[2020-01-30 13:28:22.070873][__main__.TRPOAgent.log][learning]: Episode #2

[2020-01-30 13:28:22.071239][__main__.TRPOAgent.log][learning]: Performing rollouts: rollout length: 1000

[2020-01-30 13:28:23.951545][__main__.TRPOAgent.log][learning]: Rollouts performed

[2020-01-30 13:28:23.951868][__main__.TRPOAgent.log][batch_info]: Rollout statistics size: None, Batch size: 100

[2020-01-30 13:28:23.952704][__main__.TRPOAgent.log][learning]: 

***************
BEGINNING TRAINING
***************



[2020-01-30 13:28:25.644597][__main__.TRPOAgent.log][linesearch]: Linesearch worked at 4, New mean kl div: 0.003184926362771042, New policy loss value: 34.06233247963754

[2020-01-30 13:28:25.645036][__main__.TRPOAgent.log][batch_info]: Current batch value loss: 0.0002509179348616167

[2020-01-30 13:28:26.524478][__main__.TRPOAgent.log][learning]: Episode #3

[2020-01-30 13:28:26.524845][__main__.TRPOAgent.log][learning]: Performing rollouts: rollout length: 1000

[2020-01-30 13:28:28.581084][__main__.TRPOAgent.log][learning]: Rollouts performed

[2020-01-30 13:28:28.581421][__main__.TRPOAgent.log][batch_info]: Rollout statistics size: None, Batch size: 100

[2020-01-30 13:28:28.581948][__main__.TRPOAgent.log][learning]: 

***************
BEGINNING TRAINING
***************



[2020-01-30 13:28:30.304513][__main__.TRPOAgent.log][linesearch]: Linesearch worked at 4, New mean kl div: 0.00351974370736324, New policy loss value: 37.999989293762944

[2020-01-30 13:28:30.304963][__main__.TRPOAgent.log][batch_info]: Current batch value loss: 6.262358258737918e-05

[2020-01-30 13:28:31.322537][__main__.TRPOAgent.log][learning]: Episode #4

[2020-01-30 13:28:31.323163][__main__.TRPOAgent.log][learning]: Performing rollouts: rollout length: 1000

[2020-01-30 13:28:33.323162][__main__.TRPOAgent.log][learning]: Rollouts performed

[2020-01-30 13:28:33.323508][__main__.TRPOAgent.log][batch_info]: Rollout statistics size: None, Batch size: 100

[2020-01-30 13:28:33.324217][__main__.TRPOAgent.log][learning]: 

***************
BEGINNING TRAINING
***************



[2020-01-30 13:28:35.115638][__main__.TRPOAgent.log][linesearch]: Linesearch worked at 3, New mean kl div: 0.004658429299556187, New policy loss value: 35.35444704754144

[2020-01-30 13:28:35.116072][__main__.TRPOAgent.log][batch_info]: Current batch value loss: 1.9372405871954762e-05

[2020-01-30 13:28:36.120776][__main__.TRPOAgent.log][learning]: Episode #5

[2020-01-30 13:28:36.121192][__main__.TRPOAgent.log][learning]: Performing rollouts: rollout length: 1000

[2020-01-30 13:28:37.813066][__main__.TRPOAgent.log][learning]: Rollouts performed

[2020-01-30 13:28:37.813425][__main__.TRPOAgent.log][batch_info]: Rollout statistics size: None, Batch size: 100

[2020-01-30 13:28:37.814104][__main__.TRPOAgent.log][learning]: 

***************
BEGINNING TRAINING
***************



[2020-01-30 13:28:39.486262][__main__.TRPOAgent.log][linesearch]: Linesearch worked at 2, New mean kl div: 0.0046200010660937514, New policy loss value: 32.27848155800119

[2020-01-30 13:28:39.486689][__main__.TRPOAgent.log][batch_info]: Current batch value loss: 8.422957938567711e-06

[2020-01-30 13:28:40.716011][__main__.TRPOAgent.log][learning]: Episode #6

[2020-01-30 13:28:40.716434][__main__.TRPOAgent.log][learning]: Performing rollouts: rollout length: 1000

[2020-01-30 13:28:42.231058][__main__.TRPOAgent.log][learning]: Rollouts performed

[2020-01-30 13:28:42.231427][__main__.TRPOAgent.log][batch_info]: Rollout statistics size: None, Batch size: 100

[2020-01-30 13:28:42.231770][__main__.TRPOAgent.log][learning]: 

***************
BEGINNING TRAINING
***************



[2020-01-30 13:28:43.845510][__main__.TRPOAgent.log][linesearch]: Linesearch worked at 2, New mean kl div: 0.0037580758376959747, New policy loss value: 26.861690939576384

[2020-01-30 13:28:43.845935][__main__.TRPOAgent.log][batch_info]: Current batch value loss: 2.5085519554106914e-06

[2020-01-30 13:28:45.514714][__main__.TRPOAgent.log][learning]: Episode #7

[2020-01-30 13:28:45.515406][__main__.TRPOAgent.log][learning]: Performing rollouts: rollout length: 1000

[2020-01-30 13:28:46.942718][__main__.TRPOAgent.log][learning]: Rollouts performed

[2020-01-30 13:28:46.943065][__main__.TRPOAgent.log][batch_info]: Rollout statistics size: None, Batch size: 100

[2020-01-30 13:28:46.949813][__main__.TRPOAgent.log][learning]: 

***************
BEGINNING TRAINING
***************



[2020-01-30 13:28:48.579466][__main__.TRPOAgent.log][linesearch]: Linesearch worked at 2, New mean kl div: 0.0039903975937929746, New policy loss value: 25.38596493521522

[2020-01-30 13:28:48.579890][__main__.TRPOAgent.log][batch_info]: Current batch value loss: 5.31026966568429e-06

[2020-01-30 13:28:49.651682][__main__.TRPOAgent.log][learning]: Episode #8

[2020-01-30 13:28:49.652386][__main__.TRPOAgent.log][learning]: Performing rollouts: rollout length: 1000

[2020-01-30 13:28:51.047762][__main__.TRPOAgent.log][learning]: Rollouts performed

[2020-01-30 13:28:51.048120][__main__.TRPOAgent.log][batch_info]: Rollout statistics size: None, Batch size: 100

[2020-01-30 13:28:51.048707][__main__.TRPOAgent.log][learning]: 

***************
BEGINNING TRAINING
***************



[2020-01-30 13:28:52.670084][__main__.TRPOAgent.log][linesearch]: Linesearch worked at 2, New mean kl div: 0.003886962671556534, New policy loss value: 25.769134071406068

[2020-01-30 13:28:52.670518][__main__.TRPOAgent.log][batch_info]: Current batch value loss: 2.0224134358315382e-05

[2020-01-30 13:28:53.671565][__main__.TRPOAgent.log][learning]: Episode #9

[2020-01-30 13:28:53.672259][__main__.TRPOAgent.log][learning]: Performing rollouts: rollout length: 1000

[2020-01-30 13:28:55.181466][__main__.TRPOAgent.log][learning]: Rollouts performed

[2020-01-30 13:28:55.181842][__main__.TRPOAgent.log][batch_info]: Rollout statistics size: None, Batch size: 100

[2020-01-30 13:28:55.182415][__main__.TRPOAgent.log][learning]: 

***************
BEGINNING TRAINING
***************



[2020-01-30 13:28:56.928714][__main__.TRPOAgent.log][linesearch]: Linesearch worked at 2, New mean kl div: 0.0037159450942632556, New policy loss value: 23.696062649414745

[2020-01-30 13:28:56.929133][__main__.TRPOAgent.log][batch_info]: Current batch value loss: 2.1685682080057854e-06

[2020-01-30 13:28:58.015917][__main__.TRPOAgent.log][learning]: Episode #10

[2020-01-30 13:28:58.016558][__main__.TRPOAgent.log][learning]: Performing rollouts: rollout length: 1000

[2020-01-30 13:28:59.737038][__main__.TRPOAgent.log][learning]: Rollouts performed

[2020-01-30 13:28:59.737456][__main__.TRPOAgent.log][batch_info]: Rollout statistics size: None, Batch size: 100

[2020-01-30 13:28:59.738086][__main__.TRPOAgent.log][learning]: 

***************
BEGINNING TRAINING
***************



[2020-01-30 13:29:01.564295][__main__.TRPOAgent.log][linesearch]: Linesearch worked at 1, New mean kl div: 0.004821113202175127, New policy loss value: 23.927581918308153

[2020-01-30 13:29:01.564737][__main__.TRPOAgent.log][batch_info]: Current batch value loss: 3.800713024855928e-06

[2020-01-30 13:29:02.575806][__main__.TRPOAgent.log][learning]: Episode #11

[2020-01-30 13:29:02.576127][__main__.TRPOAgent.log][learning]: Performing rollouts: rollout length: 1000

[2020-01-30 13:29:04.101622][__main__.TRPOAgent.log][learning]: Rollouts performed

[2020-01-30 13:29:04.101968][__main__.TRPOAgent.log][batch_info]: Rollout statistics size: None, Batch size: 100

[2020-01-30 13:29:04.102589][__main__.TRPOAgent.log][learning]: 

***************
BEGINNING TRAINING
***************



[2020-01-30 13:29:05.757999][__main__.TRPOAgent.log][linesearch]: Linesearch worked at 1, New mean kl div: 0.004771760926589538, New policy loss value: 23.206606237809044

[2020-01-30 13:29:05.758433][__main__.TRPOAgent.log][batch_info]: Current batch value loss: 1.6025340227984694e-06

[2020-01-30 13:29:07.046592][__main__.TRPOAgent.log][learning]: Episode #12

[2020-01-30 13:29:07.046923][__main__.TRPOAgent.log][learning]: Performing rollouts: rollout length: 1000

[2020-01-30 13:29:08.597530][__main__.TRPOAgent.log][learning]: Rollouts performed

[2020-01-30 13:29:08.598196][__main__.TRPOAgent.log][batch_info]: Rollout statistics size: None, Batch size: 100

[2020-01-30 13:29:08.598774][__main__.TRPOAgent.log][learning]: 

***************
BEGINNING TRAINING
***************



[2020-01-30 13:29:10.256275][__main__.TRPOAgent.log][linesearch]: Linesearch worked at 2, New mean kl div: 0.004865901183075089, New policy loss value: 23.932588107718036

[2020-01-30 13:29:10.256733][__main__.TRPOAgent.log][batch_info]: Current batch value loss: 8.126006359428692e-06

[2020-01-30 13:29:11.301996][__main__.TRPOAgent.log][learning]: Episode #13

[2020-01-30 13:29:11.302675][__main__.TRPOAgent.log][learning]: Performing rollouts: rollout length: 1000

[2020-01-30 13:29:12.793572][__main__.TRPOAgent.log][learning]: Rollouts performed

[2020-01-30 13:29:12.793949][__main__.TRPOAgent.log][batch_info]: Rollout statistics size: None, Batch size: 100

[2020-01-30 13:29:12.794588][__main__.TRPOAgent.log][learning]: 

***************
BEGINNING TRAINING
***************



[2020-01-30 13:29:14.490622][__main__.TRPOAgent.log][linesearch]: Linesearch worked at 2, New mean kl div: 0.0035584372245641483, New policy loss value: 22.972784784424597

[2020-01-30 13:29:14.491053][__main__.TRPOAgent.log][batch_info]: Current batch value loss: 3.76608054932411e-06

[2020-01-30 13:29:15.655896][__main__.TRPOAgent.log][learning]: Episode #14

[2020-01-30 13:29:15.656552][__main__.TRPOAgent.log][learning]: Performing rollouts: rollout length: 1000

[2020-01-30 13:29:16.997017][__main__.TRPOAgent.log][learning]: Rollouts performed

[2020-01-30 13:29:16.997448][__main__.TRPOAgent.log][batch_info]: Rollout statistics size: None, Batch size: 100

[2020-01-30 13:29:16.998052][__main__.TRPOAgent.log][learning]: 

***************
BEGINNING TRAINING
***************



[2020-01-30 13:29:18.568156][__main__.TRPOAgent.log][linesearch]: Linesearch worked at 0, New mean kl div: 0.004654719865340647, New policy loss value: 22.953700811190142

[2020-01-30 13:29:18.568587][__main__.TRPOAgent.log][batch_info]: Current batch value loss: 1.7497723908225213e-05

[2020-01-30 13:29:21.111051][__main__.TRPOAgent.log][learning]: Episode #15

[2020-01-30 13:29:21.111763][__main__.TRPOAgent.log][learning]: Performing rollouts: rollout length: 1000

[2020-01-30 13:29:22.805389][__main__.TRPOAgent.log][learning]: Rollouts performed

[2020-01-30 13:29:22.805767][__main__.TRPOAgent.log][batch_info]: Rollout statistics size: None, Batch size: 100

[2020-01-30 13:29:22.806389][__main__.TRPOAgent.log][learning]: 

***************
BEGINNING TRAINING
***************



[2020-01-30 13:29:24.490840][__main__.TRPOAgent.log][linesearch]: Linesearch worked at 1, New mean kl div: 0.004213459970387965, New policy loss value: 23.02876423768969

[2020-01-30 13:29:24.491278][__main__.TRPOAgent.log][batch_info]: Current batch value loss: 1.803611766378253e-06

[2020-01-30 13:29:25.614960][__main__.TRPOAgent.log][learning]: Episode #16

[2020-01-30 13:29:25.615766][__main__.TRPOAgent.log][learning]: Performing rollouts: rollout length: 1000

[2020-01-30 13:29:27.383290][__main__.TRPOAgent.log][learning]: Rollouts performed

[2020-01-30 13:29:27.383689][__main__.TRPOAgent.log][batch_info]: Rollout statistics size: None, Batch size: 100

[2020-01-30 13:29:27.383972][__main__.TRPOAgent.log][learning]: 

***************
BEGINNING TRAINING
***************



[2020-01-30 13:29:29.103615][__main__.TRPOAgent.log][linesearch]: Linesearch worked at 2, New mean kl div: 0.0033483581929019232, New policy loss value: 22.632362834406344

[2020-01-30 13:29:29.103997][__main__.TRPOAgent.log][batch_info]: Current batch value loss: 1.5632754945082189e-06

[2020-01-30 13:29:30.583507][__main__.TRPOAgent.log][learning]: Episode #17

[2020-01-30 13:29:30.584085][__main__.TRPOAgent.log][learning]: Performing rollouts: rollout length: 1000

