LOGGER started at 2020-01-30 12:35:10.106438.
Currently active debug channels:
	act
	batch_info
	linesearch
	learning
[2020-01-30 12:35:10.495888][__main__.TRPOAgent.log][learning]: Episode #0

[2020-01-30 12:35:10.704725][__main__.TRPOAgent.log][learning]: Performing rollouts: rollout length: 1000

[2020-01-30 12:35:12.789351][__main__.TRPOAgent.log][learning]: Rollouts performed

[2020-01-30 12:35:12.789720][__main__.TRPOAgent.log][batch_info]: Rollout statistics size: None, Batch size: 100

[2020-01-30 12:35:12.790331][__main__.TRPOAgent.log][learning]: 

***************
BEGINNING TRAINING
***************



[2020-01-30 12:35:15.241438][__main__.TRPOAgent.log][linesearch]: Linesearch worked at 1, New mean kl div: 3.1066088410881535e-06, New policy loss value: 34.62579227341709

[2020-01-30 12:35:15.241869][__main__.TRPOAgent.log][batch_info]: Current batch value loss: 4.113736885413248e-05

[2020-01-30 12:35:17.470200][__main__.TRPOAgent.log][learning]: Episode #1

[2020-01-30 12:35:17.472302][__main__.TRPOAgent.log][learning]: Performing rollouts: rollout length: 1000

[2020-01-30 12:35:19.504538][__main__.TRPOAgent.log][learning]: Rollouts performed

[2020-01-30 12:35:19.504939][__main__.TRPOAgent.log][batch_info]: Rollout statistics size: None, Batch size: 100

[2020-01-30 12:35:19.505577][__main__.TRPOAgent.log][learning]: 

***************
BEGINNING TRAINING
***************



[2020-01-30 12:35:21.813207][__main__.TRPOAgent.log][linesearch]: Linesearch failed. Mean kl divergence: 0.0, Discarded policy loss value: 32.937148465048246

[2020-01-30 12:35:21.813945][__main__.TRPOAgent.log][batch_info]: Current batch value loss: 0.00011696293265587006

[2020-01-30 12:35:23.334126][__main__.TRPOAgent.log][learning]: Episode #2

[2020-01-30 12:35:23.334691][__main__.TRPOAgent.log][learning]: Performing rollouts: rollout length: 1000

[2020-01-30 12:35:25.250946][__main__.TRPOAgent.log][learning]: Rollouts performed

[2020-01-30 12:35:25.251294][__main__.TRPOAgent.log][batch_info]: Rollout statistics size: None, Batch size: 100

[2020-01-30 12:35:25.252013][__main__.TRPOAgent.log][learning]: 

***************
BEGINNING TRAINING
***************



[2020-01-30 12:35:27.648318][__main__.TRPOAgent.log][linesearch]: Linesearch failed. Mean kl divergence: 0.0, Discarded policy loss value: 33.06738314951075

[2020-01-30 12:35:27.648781][__main__.TRPOAgent.log][batch_info]: Current batch value loss: 2.4395523527442602e-05

[2020-01-30 12:35:29.622473][__main__.TRPOAgent.log][learning]: Episode #3

[2020-01-30 12:35:29.623022][__main__.TRPOAgent.log][learning]: Performing rollouts: rollout length: 1000

[2020-01-30 12:35:32.045132][__main__.TRPOAgent.log][learning]: Rollouts performed

[2020-01-30 12:35:32.045606][__main__.TRPOAgent.log][batch_info]: Rollout statistics size: None, Batch size: 100

[2020-01-30 12:35:32.046377][__main__.TRPOAgent.log][learning]: 

***************
BEGINNING TRAINING
***************



[2020-01-30 12:35:34.617741][__main__.TRPOAgent.log][linesearch]: Linesearch failed. Mean kl divergence: 0.0, Discarded policy loss value: 33.18414331508199

[2020-01-30 12:35:34.618136][__main__.TRPOAgent.log][batch_info]: Current batch value loss: 5.51042925779183e-06

[2020-01-30 12:35:36.258201][__main__.TRPOAgent.log][learning]: Episode #4

[2020-01-30 12:35:36.258893][__main__.TRPOAgent.log][learning]: Performing rollouts: rollout length: 1000

[2020-01-30 12:35:38.200022][__main__.TRPOAgent.log][learning]: Rollouts performed

[2020-01-30 12:35:38.200362][__main__.TRPOAgent.log][batch_info]: Rollout statistics size: None, Batch size: 100

[2020-01-30 12:35:38.200606][__main__.TRPOAgent.log][learning]: 

***************
BEGINNING TRAINING
***************



[2020-01-30 12:35:40.948758][__main__.TRPOAgent.log][linesearch]: Linesearch failed. Mean kl divergence: 0.0, Discarded policy loss value: 31.213018714246502

[2020-01-30 12:35:40.949190][__main__.TRPOAgent.log][batch_info]: Current batch value loss: 2.4584758906526616e-06

[2020-01-30 12:35:42.565947][__main__.TRPOAgent.log][learning]: Episode #5

[2020-01-30 12:35:42.566506][__main__.TRPOAgent.log][learning]: Performing rollouts: rollout length: 1000

[2020-01-30 12:35:44.508482][__main__.TRPOAgent.log][learning]: Rollouts performed

[2020-01-30 12:35:44.508870][__main__.TRPOAgent.log][batch_info]: Rollout statistics size: None, Batch size: 100

[2020-01-30 12:35:44.509124][__main__.TRPOAgent.log][learning]: 

***************
BEGINNING TRAINING
***************



[2020-01-30 12:35:46.887365][__main__.TRPOAgent.log][linesearch]: Linesearch failed. Mean kl divergence: 0.0, Discarded policy loss value: 30.409516379695038

[2020-01-30 12:35:46.888024][__main__.TRPOAgent.log][batch_info]: Current batch value loss: 2.259994818726568e-06

