LOGGER started at 2020-01-28 20:19:04.811538.
Currently active debug channels:
	act
	batch_info
	linesearch
	learning
[2020-01-28 20:19:05.222221][__main__.TRPOAgent.log][learning]: Episode #0

[2020-01-28 20:19:05.410693][__main__.TRPOAgent.log][learning]: Performing rollouts: rollout length: 1500

[2020-01-28 20:19:08.481791][__main__.TRPOAgent.log][learning]: Rollouts performed

[2020-01-28 20:19:08.488349][__main__.TRPOAgent.log][batch_info]: Rollout statistics size: 3015, Batch size: 500, Number of batches: 1

[2020-01-28 20:19:08.488876][__main__.TRPOAgent.log][learning]: 

***************
BEGINNING TRAINING
***************



[2020-01-28 20:19:08.489884][__main__.TRPOAgent.log][batch_info]: Batch #0, batch length: 3015

[2020-01-28 20:19:08.717738][__main__.TRPOAgent.log][linesearch]: Linesearch worked at 1, New mean kl div: 1.2271485507141253e-09, New policy loss value: -2.656436540245415e-05

[2020-01-28 20:19:09.028251][__main__.TRPOAgent.log][batch_info]: Current batch value loss: 522.3031797145587

[2020-01-28 20:19:09.028620][__main__.TRPOAgent.log][linesearch]: Linesearch successful, updating policy parameters

[2020-01-28 20:19:11.257319][__main__.TRPOAgent.log][learning]: Episode #1

[2020-01-28 20:19:11.259171][__main__.TRPOAgent.log][learning]: Performing rollouts: rollout length: 1500

[2020-01-28 20:19:14.210676][__main__.TRPOAgent.log][learning]: Rollouts performed

[2020-01-28 20:19:14.215988][__main__.TRPOAgent.log][batch_info]: Rollout statistics size: 2725, Batch size: 500, Number of batches: 1

[2020-01-28 20:19:14.216450][__main__.TRPOAgent.log][learning]: 

***************
BEGINNING TRAINING
***************



[2020-01-28 20:19:14.217659][__main__.TRPOAgent.log][batch_info]: Batch #0, batch length: 2725

[2020-01-28 20:19:14.412423][__main__.TRPOAgent.log][linesearch]: Linesearch worked at 1, New mean kl div: 7.416594872457641e-09, New policy loss value: -3.9089910192306885e-05

[2020-01-28 20:19:14.518739][__main__.TRPOAgent.log][batch_info]: Current batch value loss: 97.43330723236323

[2020-01-28 20:19:14.519142][__main__.TRPOAgent.log][linesearch]: Linesearch successful, updating policy parameters

[2020-01-28 20:19:15.202544][__main__.TRPOAgent.log][learning]: Episode #2

[2020-01-28 20:19:15.202928][__main__.TRPOAgent.log][learning]: Performing rollouts: rollout length: 1500

[2020-01-28 20:19:15.803935][__main__.TRPOAgent.log][learning]: Rollouts performed

[2020-01-28 20:19:15.806065][__main__.TRPOAgent.log][batch_info]: Rollout statistics size: 515, Batch size: 500, Number of batches: 1

[2020-01-28 20:19:15.811129][__main__.TRPOAgent.log][learning]: 

***************
BEGINNING TRAINING
***************



[2020-01-28 20:19:15.811945][__main__.TRPOAgent.log][batch_info]: Batch #0, batch length: 515

[2020-01-28 20:19:15.907709][__main__.TRPOAgent.log][linesearch]: Linesearch worked at 1, New mean kl div: 1.5109432631908815e-08, New policy loss value: -1.4535042822877269e-05

[2020-01-28 20:19:15.950167][__main__.TRPOAgent.log][batch_info]: Current batch value loss: 113.30010136493202

[2020-01-28 20:19:15.950570][__main__.TRPOAgent.log][linesearch]: Linesearch successful, updating policy parameters

[2020-01-28 20:19:16.685812][__main__.TRPOAgent.log][learning]: Episode #3

[2020-01-28 20:19:16.686408][__main__.TRPOAgent.log][learning]: Performing rollouts: rollout length: 1500

[2020-01-28 20:19:17.297845][__main__.TRPOAgent.log][learning]: Rollouts performed

[2020-01-28 20:19:17.300201][__main__.TRPOAgent.log][batch_info]: Rollout statistics size: 513, Batch size: 500, Number of batches: 1

[2020-01-28 20:19:17.300588][__main__.TRPOAgent.log][learning]: 

***************
BEGINNING TRAINING
***************



[2020-01-28 20:19:17.300952][__main__.TRPOAgent.log][batch_info]: Batch #0, batch length: 513

[2020-01-28 20:19:17.373126][__main__.TRPOAgent.log][linesearch]: Linesearch worked at 0, New mean kl div: 0.006281850829938587, New policy loss value: -0.006251429956986072

[2020-01-28 20:19:17.414766][__main__.TRPOAgent.log][batch_info]: Current batch value loss: 17.614752607941316

[2020-01-28 20:19:17.415176][__main__.TRPOAgent.log][linesearch]: Linesearch successful, updating policy parameters

[2020-01-28 20:19:18.033623][__main__.TRPOAgent.log][learning]: Episode #4

[2020-01-28 20:19:18.033993][__main__.TRPOAgent.log][learning]: Performing rollouts: rollout length: 1500

[2020-01-28 20:19:18.611750][__main__.TRPOAgent.log][learning]: Rollouts performed

[2020-01-28 20:19:18.613749][__main__.TRPOAgent.log][batch_info]: Rollout statistics size: 509, Batch size: 500, Number of batches: 1

[2020-01-28 20:19:18.614232][__main__.TRPOAgent.log][learning]: 

***************
BEGINNING TRAINING
***************



[2020-01-28 20:19:18.614797][__main__.TRPOAgent.log][batch_info]: Batch #0, batch length: 509

[2020-01-28 20:19:18.701324][__main__.TRPOAgent.log][linesearch]: Linesearch worked at 0, New mean kl div: 0.00856085185587139, New policy loss value: -0.045696314313069045

[2020-01-28 20:19:18.743114][__main__.TRPOAgent.log][batch_info]: Current batch value loss: 6.345734006689719

[2020-01-28 20:19:18.743536][__main__.TRPOAgent.log][linesearch]: Linesearch successful, updating policy parameters

[2020-01-28 20:19:19.368205][__main__.TRPOAgent.log][learning]: Episode #5

[2020-01-28 20:19:19.368749][__main__.TRPOAgent.log][learning]: Performing rollouts: rollout length: 1500

[2020-01-28 20:19:19.973440][__main__.TRPOAgent.log][learning]: Rollouts performed

[2020-01-28 20:19:19.975284][__main__.TRPOAgent.log][batch_info]: Rollout statistics size: 509, Batch size: 500, Number of batches: 1

[2020-01-28 20:19:19.975647][__main__.TRPOAgent.log][learning]: 

***************
BEGINNING TRAINING
***************



[2020-01-28 20:19:19.976079][__main__.TRPOAgent.log][batch_info]: Batch #0, batch length: 509

[2020-01-28 20:19:20.066111][__main__.TRPOAgent.log][linesearch]: Linesearch worked at 0, New mean kl div: 0.008752598685167985, New policy loss value: -0.02707091498613503

[2020-01-28 20:19:20.107407][__main__.TRPOAgent.log][batch_info]: Current batch value loss: 4.524293986810201

[2020-01-28 20:19:20.107807][__main__.TRPOAgent.log][linesearch]: Linesearch successful, updating policy parameters

[2020-01-28 20:19:20.783971][__main__.TRPOAgent.log][learning]: Episode #6

[2020-01-28 20:19:20.784534][__main__.TRPOAgent.log][learning]: Performing rollouts: rollout length: 1500

[2020-01-28 20:19:21.395432][__main__.TRPOAgent.log][learning]: Rollouts performed

[2020-01-28 20:19:21.397548][__main__.TRPOAgent.log][batch_info]: Rollout statistics size: 505, Batch size: 500, Number of batches: 1

[2020-01-28 20:19:21.398066][__main__.TRPOAgent.log][learning]: 

***************
BEGINNING TRAINING
***************



[2020-01-28 20:19:21.398683][__main__.TRPOAgent.log][batch_info]: Batch #0, batch length: 505

[2020-01-28 20:19:21.504966][__main__.TRPOAgent.log][linesearch]: Linesearch worked at 0, New mean kl div: 0.006865700369063352, New policy loss value: -0.015287852633907577

[2020-01-28 20:19:21.544548][__main__.TRPOAgent.log][batch_info]: Current batch value loss: 4.299687700401439

[2020-01-28 20:19:21.544949][__main__.TRPOAgent.log][linesearch]: Linesearch successful, updating policy parameters

[2020-01-28 20:19:22.174245][__main__.TRPOAgent.log][learning]: Episode #7

[2020-01-28 20:19:22.174666][__main__.TRPOAgent.log][learning]: Performing rollouts: rollout length: 1500

[2020-01-28 20:19:22.769854][__main__.TRPOAgent.log][learning]: Rollouts performed

[2020-01-28 20:19:22.772216][__main__.TRPOAgent.log][batch_info]: Rollout statistics size: 506, Batch size: 500, Number of batches: 1

[2020-01-28 20:19:22.772742][__main__.TRPOAgent.log][learning]: 

***************
BEGINNING TRAINING
***************



[2020-01-28 20:19:22.773281][__main__.TRPOAgent.log][batch_info]: Batch #0, batch length: 506

[2020-01-28 20:19:22.864874][__main__.TRPOAgent.log][linesearch]: Linesearch worked at 1, New mean kl div: 9.968725576655787e-09, New policy loss value: -1.4963133226856673e-05

[2020-01-28 20:19:22.907787][__main__.TRPOAgent.log][batch_info]: Current batch value loss: 4.134222506843654

[2020-01-28 20:19:22.908204][__main__.TRPOAgent.log][linesearch]: Linesearch successful, updating policy parameters

[2020-01-28 20:19:23.541720][__main__.TRPOAgent.log][learning]: Episode #8

[2020-01-28 20:19:23.542126][__main__.TRPOAgent.log][learning]: Performing rollouts: rollout length: 1500

[2020-01-28 20:19:24.116526][__main__.TRPOAgent.log][learning]: Rollouts performed

[2020-01-28 20:19:24.118330][__main__.TRPOAgent.log][batch_info]: Rollout statistics size: 501, Batch size: 500, Number of batches: 1

[2020-01-28 20:19:24.118688][__main__.TRPOAgent.log][learning]: 

***************
BEGINNING TRAINING
***************



[2020-01-28 20:19:24.119027][__main__.TRPOAgent.log][batch_info]: Batch #0, batch length: 501

[2020-01-28 20:19:24.202668][__main__.TRPOAgent.log][linesearch]: Linesearch worked at 0, New mean kl div: 0.009334733455763338, New policy loss value: 0.0016645607768264682

[2020-01-28 20:19:24.244584][__main__.TRPOAgent.log][batch_info]: Current batch value loss: 3.9211561358022595

[2020-01-28 20:19:24.245049][__main__.TRPOAgent.log][linesearch]: Linesearch successful, updating policy parameters

[2020-01-28 20:19:25.095829][__main__.TRPOAgent.log][learning]: Episode #9

[2020-01-28 20:19:25.096415][__main__.TRPOAgent.log][learning]: Performing rollouts: rollout length: 1500

[2020-01-28 20:19:26.403802][__main__.TRPOAgent.log][learning]: Rollouts performed

[2020-01-28 20:19:26.406772][__main__.TRPOAgent.log][batch_info]: Rollout statistics size: 1251, Batch size: 500, Number of batches: 1

[2020-01-28 20:19:26.407211][__main__.TRPOAgent.log][learning]: 

***************
BEGINNING TRAINING
***************



[2020-01-28 20:19:26.407885][__main__.TRPOAgent.log][batch_info]: Batch #0, batch length: 1251

[2020-01-28 20:19:26.554055][__main__.TRPOAgent.log][linesearch]: Linesearch worked at 1, New mean kl div: 9.755857980957941e-09, New policy loss value: -4.724825230955091e-05

[2020-01-28 20:19:26.622892][__main__.TRPOAgent.log][batch_info]: Current batch value loss: 62.971058471017884

[2020-01-28 20:19:26.623491][__main__.TRPOAgent.log][linesearch]: Linesearch successful, updating policy parameters

[2020-01-28 20:19:27.646237][__main__.TRPOAgent.log][learning]: Episode #10

[2020-01-28 20:19:27.646847][__main__.TRPOAgent.log][learning]: Performing rollouts: rollout length: 1500

[2020-01-28 20:19:28.990585][__main__.TRPOAgent.log][learning]: Rollouts performed

[2020-01-28 20:19:28.993970][__main__.TRPOAgent.log][batch_info]: Rollout statistics size: 1250, Batch size: 500, Number of batches: 1

[2020-01-28 20:19:28.994498][__main__.TRPOAgent.log][learning]: 

***************
BEGINNING TRAINING
***************



[2020-01-28 20:19:28.995219][__main__.TRPOAgent.log][batch_info]: Batch #0, batch length: 1250

[2020-01-28 20:19:29.133128][__main__.TRPOAgent.log][linesearch]: Linesearch worked at 1, New mean kl div: 9.758463964979143e-09, New policy loss value: -4.948987633099513e-05

[2020-01-28 20:19:29.197612][__main__.TRPOAgent.log][batch_info]: Current batch value loss: 48.43396385475807

[2020-01-28 20:19:29.198004][__main__.TRPOAgent.log][linesearch]: Linesearch successful, updating policy parameters

[2020-01-28 20:19:30.004858][__main__.TRPOAgent.log][learning]: Episode #11

[2020-01-28 20:19:30.005372][__main__.TRPOAgent.log][learning]: Performing rollouts: rollout length: 1500

[2020-01-28 20:19:31.301770][__main__.TRPOAgent.log][learning]: Rollouts performed

[2020-01-28 20:19:31.305544][__main__.TRPOAgent.log][batch_info]: Rollout statistics size: 1250, Batch size: 500, Number of batches: 1

[2020-01-28 20:19:31.306095][__main__.TRPOAgent.log][learning]: 

***************
BEGINNING TRAINING
***************



[2020-01-28 20:19:31.306832][__main__.TRPOAgent.log][batch_info]: Batch #0, batch length: 1250

[2020-01-28 20:19:31.454975][__main__.TRPOAgent.log][linesearch]: Linesearch worked at 1, New mean kl div: 9.761548368639264e-09, New policy loss value: -5.019350736809258e-05

[2020-01-28 20:19:31.522940][__main__.TRPOAgent.log][batch_info]: Current batch value loss: 40.76969550592411

[2020-01-28 20:19:31.523324][__main__.TRPOAgent.log][linesearch]: Linesearch successful, updating policy parameters

[2020-01-28 20:19:32.546598][__main__.TRPOAgent.log][learning]: Episode #12

[2020-01-28 20:19:32.547082][__main__.TRPOAgent.log][learning]: Performing rollouts: rollout length: 1500

[2020-01-28 20:19:33.851115][__main__.TRPOAgent.log][learning]: Rollouts performed

[2020-01-28 20:19:33.854132][__main__.TRPOAgent.log][batch_info]: Rollout statistics size: 1250, Batch size: 500, Number of batches: 1

[2020-01-28 20:19:33.854562][__main__.TRPOAgent.log][learning]: 

***************
BEGINNING TRAINING
***************



[2020-01-28 20:19:33.855208][__main__.TRPOAgent.log][batch_info]: Batch #0, batch length: 1250

[2020-01-28 20:19:33.992953][__main__.TRPOAgent.log][linesearch]: Linesearch worked at 1, New mean kl div: 9.764098168142785e-09, New policy loss value: -5.061114652805827e-05

[2020-01-28 20:19:34.055033][__main__.TRPOAgent.log][batch_info]: Current batch value loss: 34.45917388271777

[2020-01-28 20:19:34.055437][__main__.TRPOAgent.log][linesearch]: Linesearch successful, updating policy parameters

[2020-01-28 20:19:34.874934][__main__.TRPOAgent.log][learning]: Episode #13

[2020-01-28 20:19:34.875474][__main__.TRPOAgent.log][learning]: Performing rollouts: rollout length: 1500

[2020-01-28 20:19:36.174739][__main__.TRPOAgent.log][learning]: Rollouts performed

[2020-01-28 20:19:36.177647][__main__.TRPOAgent.log][batch_info]: Rollout statistics size: 1250, Batch size: 500, Number of batches: 1

[2020-01-28 20:19:36.178079][__main__.TRPOAgent.log][learning]: 

***************
BEGINNING TRAINING
***************



[2020-01-28 20:19:36.178727][__main__.TRPOAgent.log][batch_info]: Batch #0, batch length: 1250

[2020-01-28 20:19:36.316874][__main__.TRPOAgent.log][linesearch]: Linesearch worked at 1, New mean kl div: 9.763961709335028e-09, New policy loss value: -5.0467113554609356e-05

[2020-01-28 20:19:36.379375][__main__.TRPOAgent.log][batch_info]: Current batch value loss: 28.320403702889685

[2020-01-28 20:19:36.379779][__main__.TRPOAgent.log][linesearch]: Linesearch successful, updating policy parameters

[2020-01-28 20:19:37.181026][__main__.TRPOAgent.log][learning]: Episode #14

[2020-01-28 20:19:37.181520][__main__.TRPOAgent.log][learning]: Performing rollouts: rollout length: 1500

[2020-01-28 20:19:38.482591][__main__.TRPOAgent.log][learning]: Rollouts performed

[2020-01-28 20:19:38.485757][__main__.TRPOAgent.log][batch_info]: Rollout statistics size: 1250, Batch size: 500, Number of batches: 1

[2020-01-28 20:19:38.486105][__main__.TRPOAgent.log][learning]: 

***************
BEGINNING TRAINING
***************



[2020-01-28 20:19:38.486654][__main__.TRPOAgent.log][batch_info]: Batch #0, batch length: 1250

[2020-01-28 20:19:38.618874][__main__.TRPOAgent.log][linesearch]: Linesearch worked at 1, New mean kl div: 9.76209074431286e-09, New policy loss value: -5.0023817347889124e-05

[2020-01-28 20:19:38.680503][__main__.TRPOAgent.log][batch_info]: Current batch value loss: 21.60589587996304

[2020-01-28 20:19:38.680896][__main__.TRPOAgent.log][linesearch]: Linesearch successful, updating policy parameters

[2020-01-28 20:19:39.705079][__main__.TRPOAgent.log][learning]: Episode #15

[2020-01-28 20:19:39.705838][__main__.TRPOAgent.log][learning]: Performing rollouts: rollout length: 1500

[2020-01-28 20:19:41.388776][__main__.TRPOAgent.log][learning]: Rollouts performed

[2020-01-28 20:19:41.391971][__main__.TRPOAgent.log][batch_info]: Rollout statistics size: 1250, Batch size: 500, Number of batches: 1

[2020-01-28 20:19:41.392390][__main__.TRPOAgent.log][learning]: 

***************
BEGINNING TRAINING
***************



[2020-01-28 20:19:41.393049][__main__.TRPOAgent.log][batch_info]: Batch #0, batch length: 1250

[2020-01-28 20:19:41.532654][__main__.TRPOAgent.log][linesearch]: Linesearch worked at 1, New mean kl div: 9.759602700346653e-09, New policy loss value: -4.930781937297119e-05

[2020-01-28 20:19:41.593920][__main__.TRPOAgent.log][batch_info]: Current batch value loss: 14.609842663765699

[2020-01-28 20:19:41.594345][__main__.TRPOAgent.log][linesearch]: Linesearch successful, updating policy parameters

[2020-01-28 20:19:42.397979][__main__.TRPOAgent.log][learning]: Episode #16

[2020-01-28 20:19:42.398529][__main__.TRPOAgent.log][learning]: Performing rollouts: rollout length: 1500

[2020-01-28 20:19:43.705360][__main__.TRPOAgent.log][learning]: Rollouts performed

[2020-01-28 20:19:43.708360][__main__.TRPOAgent.log][batch_info]: Rollout statistics size: 1250, Batch size: 500, Number of batches: 1

[2020-01-28 20:19:43.708761][__main__.TRPOAgent.log][learning]: 

***************
BEGINNING TRAINING
***************



[2020-01-28 20:19:43.709288][__main__.TRPOAgent.log][batch_info]: Batch #0, batch length: 1250

[2020-01-28 20:19:43.863046][__main__.TRPOAgent.log][linesearch]: Linesearch worked at 1, New mean kl div: 9.753455110526369e-09, New policy loss value: -4.784826790104688e-05

[2020-01-28 20:19:43.926749][__main__.TRPOAgent.log][batch_info]: Current batch value loss: 8.201033279088511

[2020-01-28 20:19:43.927147][__main__.TRPOAgent.log][linesearch]: Linesearch successful, updating policy parameters

[2020-01-28 20:19:44.942850][__main__.TRPOAgent.log][learning]: Episode #17

[2020-01-28 20:19:44.943442][__main__.TRPOAgent.log][learning]: Performing rollouts: rollout length: 1500

[2020-01-28 20:19:46.260805][__main__.TRPOAgent.log][learning]: Rollouts performed

[2020-01-28 20:19:46.264097][__main__.TRPOAgent.log][batch_info]: Rollout statistics size: 1250, Batch size: 500, Number of batches: 1

[2020-01-28 20:19:46.264510][__main__.TRPOAgent.log][learning]: 

***************
BEGINNING TRAINING
***************



[2020-01-28 20:19:46.265044][__main__.TRPOAgent.log][batch_info]: Batch #0, batch length: 1250

[2020-01-28 20:19:46.426337][__main__.TRPOAgent.log][linesearch]: Linesearch worked at 1, New mean kl div: 9.714227402414141e-09, New policy loss value: -4.571797479989925e-05

[2020-01-28 20:19:46.492483][__main__.TRPOAgent.log][batch_info]: Current batch value loss: 4.1422362141659255

[2020-01-28 20:19:46.492888][__main__.TRPOAgent.log][linesearch]: Linesearch successful, updating policy parameters

[2020-01-28 20:19:47.427427][__main__.TRPOAgent.log][learning]: Episode #18

[2020-01-28 20:19:47.428037][__main__.TRPOAgent.log][learning]: Performing rollouts: rollout length: 1500

[2020-01-28 20:19:48.722944][__main__.TRPOAgent.log][learning]: Rollouts performed

[2020-01-28 20:19:48.725713][__main__.TRPOAgent.log][batch_info]: Rollout statistics size: 1250, Batch size: 500, Number of batches: 1

[2020-01-28 20:19:48.726127][__main__.TRPOAgent.log][learning]: 

***************
BEGINNING TRAINING
***************



[2020-01-28 20:19:48.726602][__main__.TRPOAgent.log][batch_info]: Batch #0, batch length: 1250

[2020-01-28 20:19:48.876479][__main__.TRPOAgent.log][linesearch]: Linesearch worked at 1, New mean kl div: 9.64254542178286e-09, New policy loss value: -4.1482516753487176e-05

[2020-01-28 20:19:48.948671][__main__.TRPOAgent.log][batch_info]: Current batch value loss: 2.436345852139807

[2020-01-28 20:19:48.949059][__main__.TRPOAgent.log][linesearch]: Linesearch successful, updating policy parameters

[2020-01-28 20:19:49.788093][__main__.TRPOAgent.log][learning]: Episode #19

[2020-01-28 20:19:49.788504][__main__.TRPOAgent.log][learning]: Performing rollouts: rollout length: 1500

[2020-01-28 20:19:51.295233][__main__.TRPOAgent.log][learning]: Rollouts performed

[2020-01-28 20:19:51.299687][__main__.TRPOAgent.log][batch_info]: Rollout statistics size: 1250, Batch size: 500, Number of batches: 1

[2020-01-28 20:19:51.300245][__main__.TRPOAgent.log][learning]: 

***************
BEGINNING TRAINING
***************



[2020-01-28 20:19:51.300986][__main__.TRPOAgent.log][batch_info]: Batch #0, batch length: 1250

[2020-01-28 20:19:51.485156][__main__.TRPOAgent.log][linesearch]: Linesearch worked at 1, New mean kl div: 9.534551215649577e-09, New policy loss value: -3.892358743055269e-05

[2020-01-28 20:19:51.561181][__main__.TRPOAgent.log][batch_info]: Current batch value loss: 1.6718635504158723

[2020-01-28 20:19:51.561629][__main__.TRPOAgent.log][linesearch]: Linesearch successful, updating policy parameters

[2020-01-28 20:19:52.621077][__main__.TRPOAgent.log][learning]: Episode #20

[2020-01-28 20:19:52.621496][__main__.TRPOAgent.log][learning]: Performing rollouts: rollout length: 1500

[2020-01-28 20:19:54.024369][__main__.TRPOAgent.log][learning]: Rollouts performed

[2020-01-28 20:19:54.027937][__main__.TRPOAgent.log][batch_info]: Rollout statistics size: 1250, Batch size: 500, Number of batches: 1

[2020-01-28 20:19:54.028425][__main__.TRPOAgent.log][learning]: 

***************
BEGINNING TRAINING
***************



[2020-01-28 20:19:54.029037][__main__.TRPOAgent.log][batch_info]: Batch #0, batch length: 1250

[2020-01-28 20:19:54.195432][__main__.TRPOAgent.log][linesearch]: Linesearch worked at 1, New mean kl div: 8.99924472074618e-09, New policy loss value: -3.925540455486356e-05

[2020-01-28 20:19:54.261287][__main__.TRPOAgent.log][batch_info]: Current batch value loss: 1.2080561324307566

[2020-01-28 20:19:54.261691][__main__.TRPOAgent.log][linesearch]: Linesearch successful, updating policy parameters

[2020-01-28 20:19:55.062642][__main__.TRPOAgent.log][learning]: Episode #21

[2020-01-28 20:19:55.063158][__main__.TRPOAgent.log][learning]: Performing rollouts: rollout length: 1500

[2020-01-28 20:19:56.497090][__main__.TRPOAgent.log][learning]: Rollouts performed

[2020-01-28 20:19:56.501285][__main__.TRPOAgent.log][batch_info]: Rollout statistics size: 1250, Batch size: 500, Number of batches: 1

[2020-01-28 20:19:56.504264][__main__.TRPOAgent.log][learning]: 

***************
BEGINNING TRAINING
***************



[2020-01-28 20:19:56.505314][__main__.TRPOAgent.log][batch_info]: Batch #0, batch length: 1250

[2020-01-28 20:19:56.676112][__main__.TRPOAgent.log][linesearch]: Linesearch worked at 1, New mean kl div: 8.722142879759537e-09, New policy loss value: -3.92983835750023e-05

[2020-01-28 20:19:56.746571][__main__.TRPOAgent.log][batch_info]: Current batch value loss: 0.9401137360801382

[2020-01-28 20:19:56.746947][__main__.TRPOAgent.log][linesearch]: Linesearch successful, updating policy parameters

[2020-01-28 20:19:57.734494][__main__.TRPOAgent.log][learning]: Episode #22

[2020-01-28 20:19:57.734929][__main__.TRPOAgent.log][learning]: Performing rollouts: rollout length: 1500

[2020-01-28 20:19:59.254242][__main__.TRPOAgent.log][learning]: Rollouts performed

[2020-01-28 20:19:59.257294][__main__.TRPOAgent.log][batch_info]: Rollout statistics size: 1250, Batch size: 500, Number of batches: 1

[2020-01-28 20:19:59.257732][__main__.TRPOAgent.log][learning]: 

***************
BEGINNING TRAINING
***************



[2020-01-28 20:19:59.258361][__main__.TRPOAgent.log][batch_info]: Batch #0, batch length: 1250

[2020-01-28 20:19:59.450336][__main__.TRPOAgent.log][linesearch]: Linesearch worked at 1, New mean kl div: 8.43262886329206e-09, New policy loss value: -3.9719337373123406e-05

[2020-01-28 20:19:59.516831][__main__.TRPOAgent.log][batch_info]: Current batch value loss: 0.7756157709770071

[2020-01-28 20:19:59.517243][__main__.TRPOAgent.log][linesearch]: Linesearch successful, updating policy parameters

[2020-01-28 20:20:00.522371][__main__.TRPOAgent.log][learning]: Episode #23

[2020-01-28 20:20:00.523011][__main__.TRPOAgent.log][learning]: Performing rollouts: rollout length: 1500

[2020-01-28 20:20:02.043539][__main__.TRPOAgent.log][learning]: Rollouts performed

[2020-01-28 20:20:02.046465][__main__.TRPOAgent.log][batch_info]: Rollout statistics size: 1250, Batch size: 500, Number of batches: 1

[2020-01-28 20:20:02.046873][__main__.TRPOAgent.log][learning]: 

***************
BEGINNING TRAINING
***************



[2020-01-28 20:20:02.047512][__main__.TRPOAgent.log][batch_info]: Batch #0, batch length: 1250

[2020-01-28 20:20:02.212784][__main__.TRPOAgent.log][linesearch]: Linesearch worked at 1, New mean kl div: 8.263877183413271e-09, New policy loss value: -4.056709139739141e-05

[2020-01-28 20:20:02.281829][__main__.TRPOAgent.log][batch_info]: Current batch value loss: 0.6632866575085901

[2020-01-28 20:20:02.282234][__main__.TRPOAgent.log][linesearch]: Linesearch successful, updating policy parameters

[2020-01-28 20:20:03.295763][__main__.TRPOAgent.log][learning]: Episode #24

[2020-01-28 20:20:03.296232][__main__.TRPOAgent.log][learning]: Performing rollouts: rollout length: 1500

[2020-01-28 20:20:04.642850][__main__.TRPOAgent.log][learning]: Rollouts performed

[2020-01-28 20:20:04.646548][__main__.TRPOAgent.log][batch_info]: Rollout statistics size: 1250, Batch size: 500, Number of batches: 1

[2020-01-28 20:20:04.647063][__main__.TRPOAgent.log][learning]: 

***************
BEGINNING TRAINING
***************



[2020-01-28 20:20:04.647880][__main__.TRPOAgent.log][batch_info]: Batch #0, batch length: 1250

[2020-01-28 20:20:04.815213][__main__.TRPOAgent.log][linesearch]: Linesearch worked at 1, New mean kl div: 8.206323716382689e-09, New policy loss value: -4.19362445229865e-05

[2020-01-28 20:20:04.881782][__main__.TRPOAgent.log][batch_info]: Current batch value loss: 0.5843152646030194

[2020-01-28 20:20:04.882197][__main__.TRPOAgent.log][linesearch]: Linesearch successful, updating policy parameters

[2020-01-28 20:20:05.774371][__main__.TRPOAgent.log][learning]: Episode #25

[2020-01-28 20:20:05.774751][__main__.TRPOAgent.log][learning]: Performing rollouts: rollout length: 1500

[2020-01-28 20:20:07.090525][__main__.TRPOAgent.log][learning]: Rollouts performed

[2020-01-28 20:20:07.094246][__main__.TRPOAgent.log][batch_info]: Rollout statistics size: 1250, Batch size: 500, Number of batches: 1

[2020-01-28 20:20:07.097640][__main__.TRPOAgent.log][learning]: 

***************
BEGINNING TRAINING
***************



[2020-01-28 20:20:07.098523][__main__.TRPOAgent.log][batch_info]: Batch #0, batch length: 1250

[2020-01-28 20:20:07.267271][__main__.TRPOAgent.log][linesearch]: Linesearch worked at 1, New mean kl div: 8.14885137203146e-09, New policy loss value: -4.35529232786358e-05

[2020-01-28 20:20:07.333425][__main__.TRPOAgent.log][batch_info]: Current batch value loss: 0.5273459369439674

[2020-01-28 20:20:07.333831][__main__.TRPOAgent.log][linesearch]: Linesearch successful, updating policy parameters

[2020-01-28 20:20:08.220903][__main__.TRPOAgent.log][learning]: Episode #26

[2020-01-28 20:20:08.221318][__main__.TRPOAgent.log][learning]: Performing rollouts: rollout length: 1500

[2020-01-28 20:20:09.554115][__main__.TRPOAgent.log][learning]: Rollouts performed

[2020-01-28 20:20:09.556969][__main__.TRPOAgent.log][batch_info]: Rollout statistics size: 1250, Batch size: 500, Number of batches: 1

[2020-01-28 20:20:09.557384][__main__.TRPOAgent.log][learning]: 

***************
BEGINNING TRAINING
***************



[2020-01-28 20:20:09.557882][__main__.TRPOAgent.log][batch_info]: Batch #0, batch length: 1250

[2020-01-28 20:20:09.723692][__main__.TRPOAgent.log][linesearch]: Linesearch worked at 1, New mean kl div: 8.111598429897556e-09, New policy loss value: -4.469766755153408e-05

[2020-01-28 20:20:09.788985][__main__.TRPOAgent.log][batch_info]: Current batch value loss: 0.492291906407104

[2020-01-28 20:20:09.789395][__main__.TRPOAgent.log][linesearch]: Linesearch successful, updating policy parameters

[2020-01-28 20:20:10.711781][__main__.TRPOAgent.log][learning]: Episode #27

[2020-01-28 20:20:10.712629][__main__.TRPOAgent.log][learning]: Performing rollouts: rollout length: 1500

[2020-01-28 20:20:12.134032][__main__.TRPOAgent.log][learning]: Rollouts performed

[2020-01-28 20:20:12.138682][__main__.TRPOAgent.log][batch_info]: Rollout statistics size: 1250, Batch size: 500, Number of batches: 1

[2020-01-28 20:20:12.139186][__main__.TRPOAgent.log][learning]: 

***************
BEGINNING TRAINING
***************



[2020-01-28 20:20:12.140069][__main__.TRPOAgent.log][batch_info]: Batch #0, batch length: 1250

[2020-01-28 20:20:12.320055][__main__.TRPOAgent.log][linesearch]: Linesearch worked at 1, New mean kl div: 7.814147851608856e-09, New policy loss value: -4.4408006065489405e-05

[2020-01-28 20:20:12.386818][__main__.TRPOAgent.log][batch_info]: Current batch value loss: 0.46412916581798636

[2020-01-28 20:20:12.387241][__main__.TRPOAgent.log][linesearch]: Linesearch successful, updating policy parameters

[2020-01-28 20:20:13.407235][__main__.TRPOAgent.log][learning]: Episode #28

[2020-01-28 20:20:13.407804][__main__.TRPOAgent.log][learning]: Performing rollouts: rollout length: 1500

[2020-01-28 20:20:14.908155][__main__.TRPOAgent.log][learning]: Rollouts performed

[2020-01-28 20:20:14.911222][__main__.TRPOAgent.log][batch_info]: Rollout statistics size: 1250, Batch size: 500, Number of batches: 1

[2020-01-28 20:20:14.911684][__main__.TRPOAgent.log][learning]: 

***************
BEGINNING TRAINING
***************



[2020-01-28 20:20:14.912331][__main__.TRPOAgent.log][batch_info]: Batch #0, batch length: 1250

[2020-01-28 20:20:15.100109][__main__.TRPOAgent.log][linesearch]: Linesearch worked at 1, New mean kl div: 5.115684014405973e-09, New policy loss value: -3.675754665466009e-05

[2020-01-28 20:20:15.168914][__main__.TRPOAgent.log][batch_info]: Current batch value loss: 0.4365780378944085

[2020-01-28 20:20:15.169415][__main__.TRPOAgent.log][linesearch]: Linesearch successful, updating policy parameters

[2020-01-28 20:20:16.212640][__main__.TRPOAgent.log][learning]: Episode #29

[2020-01-28 20:20:16.213315][__main__.TRPOAgent.log][learning]: Performing rollouts: rollout length: 1500

[2020-01-28 20:20:17.668625][__main__.TRPOAgent.log][learning]: Rollouts performed

[2020-01-28 20:20:17.671687][__main__.TRPOAgent.log][batch_info]: Rollout statistics size: 1250, Batch size: 500, Number of batches: 1

[2020-01-28 20:20:17.672168][__main__.TRPOAgent.log][learning]: 

***************
BEGINNING TRAINING
***************



[2020-01-28 20:20:17.672747][__main__.TRPOAgent.log][batch_info]: Batch #0, batch length: 1250

[2020-01-28 20:20:17.849011][__main__.TRPOAgent.log][linesearch]: Linesearch worked at 1, New mean kl div: 8.113719968444606e-09, New policy loss value: -4.5810243811752116e-05

[2020-01-28 20:20:17.914707][__main__.TRPOAgent.log][batch_info]: Current batch value loss: 0.4147076925685434

[2020-01-28 20:20:17.915109][__main__.TRPOAgent.log][linesearch]: Linesearch successful, updating policy parameters

[2020-01-28 20:20:19.002463][__main__.TRPOAgent.log][learning]: Episode #30

[2020-01-28 20:20:19.003032][__main__.TRPOAgent.log][learning]: Performing rollouts: rollout length: 1500

