LOGGER started at 2020-01-28 17:58:24.864466.
Currently active debug channels:
	rollouts
	act
	training
	batch_info
	linesearch
	learning
	thread_rollouts
[2020-01-28 17:58:25.272933][__main__.TRPOAgent.log][learning]: Episode #0

[2020-01-28 17:58:25.476175][__main__.TRPOAgent.log][learning]: Performing rollouts: rollout length: 1500

[2020-01-28 17:58:25.497671][EnvironmentNew.Environment.log][rollouts]: Rollout thread #1

[2020-01-28 17:58:25.498504][EnvironmentNew.Environment.log][rollouts]: Rollout thread #2

[2020-01-28 17:58:25.498445][EnvironmentNew.Environment.log][thread_rollouts]: Thread number: 0

[2020-01-28 17:58:25.499763][EnvironmentNew.Environment.log][thread_rollouts]: Thread number: 1

[2020-01-28 17:58:25.906423][EnvironmentNew.Environment.log][thread_rollouts]: Thread number: 1, Steps performed: 10

[2020-01-28 17:58:25.928605][EnvironmentNew.Environment.log][thread_rollouts]: Thread number: 0, Steps performed: 10

[2020-01-28 17:58:25.929280][EnvironmentNew.Environment.log][rollouts]: Rollout thread #3

[2020-01-28 17:58:25.930244][EnvironmentNew.Environment.log][thread_rollouts]: Thread number: 2

[2020-01-28 17:58:25.930593][EnvironmentNew.Environment.log][rollouts]: Rollout thread #4

[2020-01-28 17:58:25.934417][EnvironmentNew.Environment.log][thread_rollouts]: Thread number: 3

[2020-01-28 17:58:26.331666][EnvironmentNew.Environment.log][thread_rollouts]: Thread number: 2, Steps performed: 10

[2020-01-28 17:58:26.345193][EnvironmentNew.Environment.log][thread_rollouts]: Thread number: 3, Steps performed: 10

[2020-01-28 17:58:26.345719][EnvironmentNew.Environment.log][rollouts]: Rollout thread #5

[2020-01-28 17:58:26.346563][EnvironmentNew.Environment.log][rollouts]: Rollout thread #6

[2020-01-28 17:58:26.346502][EnvironmentNew.Environment.log][thread_rollouts]: Thread number: 4

[2020-01-28 17:58:26.347726][EnvironmentNew.Environment.log][thread_rollouts]: Thread number: 5

[2020-01-28 17:58:26.808519][EnvironmentNew.Environment.log][thread_rollouts]: Thread number: 5, Steps performed: 12

[2020-01-28 17:58:26.822615][EnvironmentNew.Environment.log][thread_rollouts]: Thread number: 4, Steps performed: 12

[2020-01-28 17:58:26.823104][EnvironmentNew.Environment.log][rollouts]: Rollout thread #7

[2020-01-28 17:58:26.823788][EnvironmentNew.Environment.log][thread_rollouts]: Thread number: 6

[2020-01-28 17:58:26.823851][EnvironmentNew.Environment.log][rollouts]: Rollout thread #8

[2020-01-28 17:58:26.825804][EnvironmentNew.Environment.log][thread_rollouts]: Thread number: 7

[2020-01-28 17:58:27.242622][EnvironmentNew.Environment.log][thread_rollouts]: Thread number: 7, Steps performed: 10

[2020-01-28 17:58:27.248318][EnvironmentNew.Environment.log][thread_rollouts]: Thread number: 6, Steps performed: 11

[2020-01-28 17:58:27.248727][EnvironmentNew.Environment.log][rollouts]: Rollout thread #9

[2020-01-28 17:58:27.249437][EnvironmentNew.Environment.log][rollouts]: Rollout thread #10

[2020-01-28 17:58:27.249356][EnvironmentNew.Environment.log][thread_rollouts]: Thread number: 8

[2020-01-28 17:58:27.250501][EnvironmentNew.Environment.log][thread_rollouts]: Thread number: 9

[2020-01-28 17:58:27.729373][EnvironmentNew.Environment.log][thread_rollouts]: Thread number: 8, Steps performed: 11

[2020-01-28 17:58:27.762842][EnvironmentNew.Environment.log][thread_rollouts]: Thread number: 9, Steps performed: 11

[2020-01-28 17:58:27.763266][EnvironmentNew.Environment.log][rollouts]: Rollout thread #11

[2020-01-28 17:58:27.763940][EnvironmentNew.Environment.log][thread_rollouts]: Thread number: 10

[2020-01-28 17:58:27.764032][EnvironmentNew.Environment.log][rollouts]: Rollout thread #12

[2020-01-28 17:58:27.766567][EnvironmentNew.Environment.log][thread_rollouts]: Thread number: 11

[2020-01-28 17:58:28.146979][EnvironmentNew.Environment.log][thread_rollouts]: Thread number: 10, Steps performed: 10

[2020-01-28 17:58:28.170343][EnvironmentNew.Environment.log][thread_rollouts]: Thread number: 11, Steps performed: 10

[2020-01-28 17:58:28.170862][EnvironmentNew.Environment.log][rollouts]: Rollout thread #13

[2020-01-28 17:58:28.171717][EnvironmentNew.Environment.log][thread_rollouts]: Thread number: 12

[2020-01-28 17:58:28.171806][EnvironmentNew.Environment.log][rollouts]: Rollout thread #14

[2020-01-28 17:58:28.175792][EnvironmentNew.Environment.log][thread_rollouts]: Thread number: 13

[2020-01-28 17:58:28.565463][EnvironmentNew.Environment.log][thread_rollouts]: Thread number: 13, Steps performed: 10

[2020-01-28 17:58:28.565851][EnvironmentNew.Environment.log][thread_rollouts]: Thread number: 12, Steps performed: 10

[2020-01-28 17:58:28.566702][EnvironmentNew.Environment.log][rollouts]: Rollout thread #15

[2020-01-28 17:58:28.567435][EnvironmentNew.Environment.log][thread_rollouts]: Thread number: 14

[2020-01-28 17:58:28.825743][EnvironmentNew.Environment.log][thread_rollouts]: Thread number: 14, Steps performed: 12

[2020-01-28 17:58:28.826277][__main__.TRPOAgent.log][learning]: Rollouts performed

[2020-01-28 17:58:28.828423][__main__.TRPOAgent.log][batch_info]: Rollout statistics size: 159, Batch size: 3000, Number of batches: 1

[2020-01-28 17:58:28.829078][__main__.TRPOAgent.log][learning]: 

***************
BEGINNING TRAINING
***************



[2020-01-28 17:58:28.829768][__main__.TRPOAgent.log][batch_info]: Batch #0, batch length: 159

