LOGGER started at 2020-01-28 18:06:36.453475.
Currently active debug channels:
	rollouts
	act
	training
	batch_info
	linesearch
	learning
	thread_rollouts
[2020-01-28 18:06:36.930835][__main__.TRPOAgent.log][learning]: Episode #0

[2020-01-28 18:06:37.159127][__main__.TRPOAgent.log][learning]: Performing rollouts: rollout length: 1500

[2020-01-28 18:06:37.180135][EnvironmentNew.Environment.log][rollouts]: Rollout thread #1

[2020-01-28 18:06:37.181030][EnvironmentNew.Environment.log][rollouts]: Rollout thread #2

[2020-01-28 18:06:37.180945][EnvironmentNew.Environment.log][thread_rollouts]: Thread number: 0

[2020-01-28 18:06:37.183035][EnvironmentNew.Environment.log][thread_rollouts]: Thread number: 1

[2020-01-28 18:06:37.223582][EnvironmentNew.Environment.log][thread_rollouts]: Thread number: 0, Steps performed: 9

[2020-01-28 18:06:37.233479][EnvironmentNew.Environment.log][thread_rollouts]: Thread number: 1, Steps performed: 10

[2020-01-28 18:06:37.234110][EnvironmentNew.Environment.log][rollouts]: Rollout thread #3

[2020-01-28 18:06:37.235403][EnvironmentNew.Environment.log][rollouts]: Rollout thread #4

[2020-01-28 18:06:37.235201][EnvironmentNew.Environment.log][thread_rollouts]: Thread number: 2

[2020-01-28 18:06:37.238038][EnvironmentNew.Environment.log][thread_rollouts]: Thread number: 3

[2020-01-28 18:06:37.280716][EnvironmentNew.Environment.log][thread_rollouts]: Thread number: 2, Steps performed: 9

[2020-01-28 18:06:37.290202][EnvironmentNew.Environment.log][thread_rollouts]: Thread number: 3, Steps performed: 11

[2020-01-28 18:06:37.290844][EnvironmentNew.Environment.log][rollouts]: Rollout thread #5

[2020-01-28 18:06:37.291608][EnvironmentNew.Environment.log][rollouts]: Rollout thread #6

[2020-01-28 18:06:37.291517][EnvironmentNew.Environment.log][thread_rollouts]: Thread number: 4

[2020-01-28 18:06:37.292872][EnvironmentNew.Environment.log][thread_rollouts]: Thread number: 5

[2020-01-28 18:06:37.333301][EnvironmentNew.Environment.log][thread_rollouts]: Thread number: 5, Steps performed: 9

[2020-01-28 18:06:37.338087][EnvironmentNew.Environment.log][thread_rollouts]: Thread number: 4, Steps performed: 14

[2020-01-28 18:06:37.338765][EnvironmentNew.Environment.log][rollouts]: Rollout thread #7

[2020-01-28 18:06:37.339680][EnvironmentNew.Environment.log][thread_rollouts]: Thread number: 6

[2020-01-28 18:06:37.339762][EnvironmentNew.Environment.log][rollouts]: Rollout thread #8

[2020-01-28 18:06:37.344001][EnvironmentNew.Environment.log][thread_rollouts]: Thread number: 7

[2020-01-28 18:06:37.380577][EnvironmentNew.Environment.log][thread_rollouts]: Thread number: 6, Steps performed: 13

[2020-01-28 18:06:37.380819][EnvironmentNew.Environment.log][thread_rollouts]: Thread number: 7, Steps performed: 9

[2020-01-28 18:06:37.382054][EnvironmentNew.Environment.log][rollouts]: Rollout thread #9

[2020-01-28 18:06:37.383021][EnvironmentNew.Environment.log][thread_rollouts]: Thread number: 8

[2020-01-28 18:06:37.383108][EnvironmentNew.Environment.log][rollouts]: Rollout thread #10

[2020-01-28 18:06:37.386487][EnvironmentNew.Environment.log][thread_rollouts]: Thread number: 9

[2020-01-28 18:06:37.431129][EnvironmentNew.Environment.log][thread_rollouts]: Thread number: 9, Steps performed: 10

[2020-01-28 18:06:37.432134][EnvironmentNew.Environment.log][thread_rollouts]: Thread number: 8, Steps performed: 11

[2020-01-28 18:06:37.432774][EnvironmentNew.Environment.log][rollouts]: Rollout thread #11

[2020-01-28 18:06:37.433300][EnvironmentNew.Environment.log][thread_rollouts]: Thread number: 10

[2020-01-28 18:06:37.433366][EnvironmentNew.Environment.log][rollouts]: Rollout thread #12

[2020-01-28 18:06:37.435117][EnvironmentNew.Environment.log][thread_rollouts]: Thread number: 11

[2020-01-28 18:06:37.472377][EnvironmentNew.Environment.log][thread_rollouts]: Thread number: 11, Steps performed: 9

[2020-01-28 18:06:37.472255][EnvironmentNew.Environment.log][thread_rollouts]: Thread number: 10, Steps performed: 10

[2020-01-28 18:06:37.473570][EnvironmentNew.Environment.log][rollouts]: Rollout thread #13

[2020-01-28 18:06:37.474538][EnvironmentNew.Environment.log][thread_rollouts]: Thread number: 12

[2020-01-28 18:06:37.474659][EnvironmentNew.Environment.log][rollouts]: Rollout thread #14

[2020-01-28 18:06:37.478396][EnvironmentNew.Environment.log][thread_rollouts]: Thread number: 13

[2020-01-28 18:06:37.515526][EnvironmentNew.Environment.log][thread_rollouts]: Thread number: 12, Steps performed: 9

[2020-01-28 18:06:37.514914][EnvironmentNew.Environment.log][thread_rollouts]: Thread number: 13, Steps performed: 9

[2020-01-28 18:06:37.516524][EnvironmentNew.Environment.log][rollouts]: Rollout thread #15

[2020-01-28 18:06:37.517218][EnvironmentNew.Environment.log][thread_rollouts]: Thread number: 14

[2020-01-28 18:06:37.556153][EnvironmentNew.Environment.log][thread_rollouts]: Thread number: 14, Steps performed: 19

[2020-01-28 18:06:37.556964][__main__.TRPOAgent.log][learning]: Rollouts performed

[2020-01-28 18:06:37.559323][__main__.TRPOAgent.log][batch_info]: Rollout statistics size: 161, Batch size: 3000, Number of batches: 1

[2020-01-28 18:06:37.559880][__main__.TRPOAgent.log][learning]: 

***************
BEGINNING TRAINING
***************



[2020-01-28 18:06:37.560487][__main__.TRPOAgent.log][batch_info]: Batch #0, batch length: 161

