LOGGER started at 2020-01-31 12:58:31.249800.
Currently active debug channels:
	act
	batch_info
	linesearch
	learning
	thread_rollouts
[2020-01-31 12:58:31.910884][__main__.TRPOAgent.log][learning]: Episode #0

[2020-01-31 12:58:32.093066][__main__.TRPOAgent.log][learning]: Performing rollouts: rollout length: 1600

[2020-01-31 12:58:32.093955][EnvironmentNew.Environment.log][thread_rollouts]: Thread number: 0

[2020-01-31 12:58:32.094420][EnvironmentNew.Environment.log][thread_rollouts]: Thread number: 1

[2020-01-31 12:58:32.410640][EnvironmentNew.Environment.log][thread_rollouts]: Thread number: 1, Steps performed: 87

[2020-01-31 12:58:32.411887][EnvironmentNew.Environment.log][thread_rollouts]: Thread number: 0, Steps performed: 85

[2020-01-31 12:58:32.412470][EnvironmentNew.Environment.log][thread_rollouts]: Thread number: 2

[2020-01-31 12:58:32.412979][EnvironmentNew.Environment.log][thread_rollouts]: Thread number: 3

[2020-01-31 12:58:32.682991][EnvironmentNew.Environment.log][thread_rollouts]: Thread number: 2, Steps performed: 81

[2020-01-31 12:58:32.707090][EnvironmentNew.Environment.log][thread_rollouts]: Thread number: 3, Steps performed: 92

[2020-01-31 12:58:32.707681][EnvironmentNew.Environment.log][thread_rollouts]: Thread number: 4

[2020-01-31 12:58:32.707934][EnvironmentNew.Environment.log][thread_rollouts]: Thread number: 5

[2020-01-31 12:58:32.936491][EnvironmentNew.Environment.log][thread_rollouts]: Thread number: 5, Steps performed: 68

[2020-01-31 12:58:32.953395][EnvironmentNew.Environment.log][thread_rollouts]: Thread number: 4, Steps performed: 76

[2020-01-31 12:58:32.953848][EnvironmentNew.Environment.log][thread_rollouts]: Thread number: 6

[2020-01-31 12:58:32.953995][EnvironmentNew.Environment.log][thread_rollouts]: Thread number: 7

[2020-01-31 12:58:33.128429][EnvironmentNew.Environment.log][thread_rollouts]: Thread number: 7, Steps performed: 46

[2020-01-31 12:58:33.199485][EnvironmentNew.Environment.log][thread_rollouts]: Thread number: 6, Steps performed: 86

[2020-01-31 12:58:33.199977][EnvironmentNew.Environment.log][thread_rollouts]: Thread number: 8

[2020-01-31 12:58:33.200124][EnvironmentNew.Environment.log][thread_rollouts]: Thread number: 9

[2020-01-31 12:58:33.410328][EnvironmentNew.Environment.log][thread_rollouts]: Thread number: 8, Steps performed: 57

[2020-01-31 12:58:33.461594][EnvironmentNew.Environment.log][thread_rollouts]: Thread number: 9, Steps performed: 77

[2020-01-31 12:58:33.462352][EnvironmentNew.Environment.log][thread_rollouts]: Thread number: 10

[2020-01-31 12:58:33.462471][EnvironmentNew.Environment.log][thread_rollouts]: Thread number: 11

[2020-01-31 12:58:33.655661][EnvironmentNew.Environment.log][thread_rollouts]: Thread number: 11, Steps performed: 53

[2020-01-31 12:58:33.689310][EnvironmentNew.Environment.log][thread_rollouts]: Thread number: 10, Steps performed: 65

[2020-01-31 12:58:33.689978][EnvironmentNew.Environment.log][thread_rollouts]: Thread number: 12

[2020-01-31 12:58:33.690356][EnvironmentNew.Environment.log][thread_rollouts]: Thread number: 13

[2020-01-31 12:58:33.887026][EnvironmentNew.Environment.log][thread_rollouts]: Thread number: 12, Steps performed: 53

[2020-01-31 12:58:33.925756][EnvironmentNew.Environment.log][thread_rollouts]: Thread number: 13, Steps performed: 71

[2020-01-31 12:58:33.926417][EnvironmentNew.Environment.log][thread_rollouts]: Thread number: 15

[2020-01-31 12:58:33.926286][EnvironmentNew.Environment.log][thread_rollouts]: Thread number: 14

[2020-01-31 12:58:34.211188][EnvironmentNew.Environment.log][thread_rollouts]: Thread number: 14, Steps performed: 73

[2020-01-31 12:58:34.218178][EnvironmentNew.Environment.log][thread_rollouts]: Thread number: 15, Steps performed: 75

[2020-01-31 12:58:34.218676][EnvironmentNew.Environment.log][thread_rollouts]: Thread number: 16

[2020-01-31 12:58:34.219020][EnvironmentNew.Environment.log][thread_rollouts]: Thread number: 17

[2020-01-31 12:58:34.550585][EnvironmentNew.Environment.log][thread_rollouts]: Thread number: 16, Steps performed: 75

[2020-01-31 12:58:34.565449][EnvironmentNew.Environment.log][thread_rollouts]: Thread number: 17, Steps performed: 78

