LOGGER started at 2020-01-28 16:49:27.952717.
Currently active debug channels:
	rollouts
	act
	training
	batch_info
	linesearch
	learning
	thread_rollouts
[2020-01-28 16:49:28.372091][__main__.TRPOAgent.log][learning]: Episode #0

[2020-01-28 16:49:28.583561][__main__.TRPOAgent.log][learning]: Performing rollouts: rollout length: 50

[2020-01-28 16:49:28.601977][EnvironmentNew.Environment.log][rollouts]: Rollout thread #1

[2020-01-28 16:49:28.602962][EnvironmentNew.Environment.log][thread_rollouts]: Thread number: 0

[2020-01-28 16:49:28.603180][EnvironmentNew.Environment.log][rollouts]: Rollout thread #2

[2020-01-28 16:49:28.608333][EnvironmentNew.Environment.log][thread_rollouts]: Thread number: 1

[2020-01-28 16:49:28.642273][EnvironmentNew.Environment.log][thread_rollouts]: Thread number: 0, Steps performed: 9

[2020-01-28 16:49:28.644101][EnvironmentNew.Environment.log][thread_rollouts]: Thread number: 1, Steps performed: 10

[2020-01-28 16:49:28.644641][EnvironmentNew.Environment.log][rollouts]: Rollout thread #3

[2020-01-28 16:49:28.645124][EnvironmentNew.Environment.log][thread_rollouts]: Thread number: 2

[2020-01-28 16:49:28.645183][EnvironmentNew.Environment.log][rollouts]: Rollout thread #4

[2020-01-28 16:49:28.646580][EnvironmentNew.Environment.log][thread_rollouts]: Thread number: 3

[2020-01-28 16:49:28.677834][EnvironmentNew.Environment.log][thread_rollouts]: Thread number: 2, Steps performed: 10

[2020-01-28 16:49:28.680072][EnvironmentNew.Environment.log][thread_rollouts]: Thread number: 3, Steps performed: 10

[2020-01-28 16:49:28.680501][EnvironmentNew.Environment.log][rollouts]: Rollout thread #5

[2020-01-28 16:49:28.680983][EnvironmentNew.Environment.log][thread_rollouts]: Thread number: 4

[2020-01-28 16:49:28.681046][EnvironmentNew.Environment.log][rollouts]: Rollout thread #6

[2020-01-28 16:49:28.682800][EnvironmentNew.Environment.log][thread_rollouts]: Thread number: 5

[2020-01-28 16:49:28.718320][EnvironmentNew.Environment.log][thread_rollouts]: Thread number: 4, Steps performed: 11

[2020-01-28 16:49:28.726040][EnvironmentNew.Environment.log][thread_rollouts]: Thread number: 5, Steps performed: 13

[2020-01-28 16:49:28.726455][EnvironmentNew.Environment.log][rollouts]: Rollout thread #7

[2020-01-28 16:49:28.727217][EnvironmentNew.Environment.log][thread_rollouts]: Thread number: 6

[2020-01-28 16:49:28.727288][EnvironmentNew.Environment.log][rollouts]: Rollout thread #8

[2020-01-28 16:49:28.730187][EnvironmentNew.Environment.log][thread_rollouts]: Thread number: 7

[2020-01-28 16:49:28.761026][EnvironmentNew.Environment.log][thread_rollouts]: Thread number: 7, Steps performed: 9

[2020-01-28 16:49:28.767342][EnvironmentNew.Environment.log][thread_rollouts]: Thread number: 6, Steps performed: 13

[2020-01-28 16:49:28.767829][EnvironmentNew.Environment.log][rollouts]: Rollout thread #9

[2020-01-28 16:49:28.769423][EnvironmentNew.Environment.log][thread_rollouts]: Thread number: 8

[2020-01-28 16:49:28.769572][EnvironmentNew.Environment.log][rollouts]: Rollout thread #10

[2020-01-28 16:49:28.772058][EnvironmentNew.Environment.log][thread_rollouts]: Thread number: 9

[2020-01-28 16:49:28.810830][EnvironmentNew.Environment.log][thread_rollouts]: Thread number: 8, Steps performed: 10

[2020-01-28 16:49:28.811156][EnvironmentNew.Environment.log][thread_rollouts]: Thread number: 9, Steps performed: 11

[2020-01-28 16:49:28.812419][__main__.TRPOAgent.log][learning]: Rollouts performed

[2020-01-28 16:49:28.813677][__main__.TRPOAgent.log][batch_info]: Rollout statistics size: 106, Batch size: 1000, Number of batches: 10

[2020-01-28 16:49:28.814070][__main__.TRPOAgent.log][learning]: 

***************
BEGINNING TRAINING
***************



[2020-01-28 16:49:28.814451][__main__.TRPOAgent.log][batch_info]: Batch #0, batch length: 9

