LOGGER started at 2020-01-30 13:54:07.189075.
Currently active debug channels:
	act
	batch_info
	linesearch
	learning
[2020-01-30 13:54:07.567946][__main__.TRPOAgent.log][learning]: Episode #0

[2020-01-30 13:54:07.756421][__main__.TRPOAgent.log][learning]: Performing rollouts: rollout length: 1000

[2020-01-30 13:54:46.155928][__main__.TRPOAgent.log][learning]: Rollouts performed

[2020-01-30 13:54:46.156366][__main__.TRPOAgent.log][batch_info]: Rollout statistics size: 51419, Batch size: 100

[2020-01-30 13:54:46.157025][__main__.TRPOAgent.log][learning]: 

***************
BEGINNING TRAINING
***************



[2020-01-30 13:55:06.358945][__main__.TRPOAgent.log][linesearch]: Linesearch worked at 4, New mean kl div: 0.004600472868576649, New policy loss value: 0.013060246321047972

[2020-01-30 13:55:06.359397][__main__.TRPOAgent.log][batch_info]: Current batch value loss: 7.556211548702501e-06

[2020-01-30 13:55:08.180005][__main__.TRPOAgent.log][learning]: Episode #1

[2020-01-30 13:55:08.180992][__main__.TRPOAgent.log][batch_info]: Rollout statistics size: 51419, Batch size: 100

[2020-01-30 13:55:08.181707][__main__.TRPOAgent.log][learning]: 

***************
BEGINNING TRAINING
***************



[2020-01-30 13:55:26.782415][__main__.TRPOAgent.log][linesearch]: Linesearch worked at 4, New mean kl div: 0.0029359120038763135, New policy loss value: 0.03150491621565997

[2020-01-30 13:55:26.782880][__main__.TRPOAgent.log][batch_info]: Current batch value loss: 1.7127956411578182e-06

[2020-01-30 13:55:28.373076][__main__.TRPOAgent.log][learning]: Episode #2

[2020-01-30 13:55:28.373652][__main__.TRPOAgent.log][batch_info]: Rollout statistics size: 51419, Batch size: 100

[2020-01-30 13:55:28.374131][__main__.TRPOAgent.log][learning]: 

***************
BEGINNING TRAINING
***************



[2020-01-30 13:55:47.100794][__main__.TRPOAgent.log][linesearch]: Linesearch worked at 3, New mean kl div: 0.004165441146803228, New policy loss value: 0.04447405647457033

[2020-01-30 13:55:47.101259][__main__.TRPOAgent.log][batch_info]: Current batch value loss: 5.822192056527069e-08

[2020-01-30 13:55:49.327025][__main__.TRPOAgent.log][learning]: Episode #3

[2020-01-30 13:55:49.327465][__main__.TRPOAgent.log][learning]: Performing rollouts: rollout length: 1000

[2020-01-30 13:56:02.734612][__main__.TRPOAgent.log][learning]: Rollouts performed

[2020-01-30 13:56:02.735067][__main__.TRPOAgent.log][batch_info]: Rollout statistics size: 14009, Batch size: 100

[2020-01-30 13:56:02.735350][__main__.TRPOAgent.log][learning]: 

***************
BEGINNING TRAINING
***************



[2020-01-30 13:56:18.632290][__main__.TRPOAgent.log][linesearch]: Linesearch worked at 3, New mean kl div: 0.004796817271396365, New policy loss value: 0.03269040786279044

[2020-01-30 13:56:18.632877][__main__.TRPOAgent.log][batch_info]: Current batch value loss: 4.135683136397006e-07

[2020-01-30 13:56:20.509922][__main__.TRPOAgent.log][learning]: Episode #4

[2020-01-30 13:56:20.510301][__main__.TRPOAgent.log][batch_info]: Rollout statistics size: 14009, Batch size: 100

[2020-01-30 13:56:20.510587][__main__.TRPOAgent.log][learning]: 

***************
BEGINNING TRAINING
***************



