LOGGER started at 2020-01-28 16:55:05.534239.
Currently active debug channels:
	rollouts
	act
	training
	batch_info
	linesearch
	learning
	thread_rollouts
[2020-01-28 16:55:06.038076][__main__.TRPOAgent.log][learning]: Episode #0

[2020-01-28 16:55:06.267449][__main__.TRPOAgent.log][learning]: Performing rollouts: rollout length: 50

[2020-01-28 16:55:06.281381][EnvironmentNew.Environment.log][rollouts]: Rollout thread #1

[2020-01-28 16:55:06.282234][EnvironmentNew.Environment.log][rollouts]: Rollout thread #2

[2020-01-28 16:55:06.282143][EnvironmentNew.Environment.log][thread_rollouts]: Thread number: 0

[2020-01-28 16:55:06.283550][EnvironmentNew.Environment.log][thread_rollouts]: Thread number: 1

[2020-01-28 16:55:06.418949][EnvironmentNew.Environment.log][thread_rollouts]: Thread number: 1, Steps performed: 46

[2020-01-28 16:55:06.426605][EnvironmentNew.Environment.log][thread_rollouts]: Thread number: 0, Steps performed: 50

[2020-01-28 16:55:06.427360][EnvironmentNew.Environment.log][rollouts]: Rollout thread #3

[2020-01-28 16:55:06.428106][EnvironmentNew.Environment.log][rollouts]: Rollout thread #4

[2020-01-28 16:55:06.428009][EnvironmentNew.Environment.log][thread_rollouts]: Thread number: 2

[2020-01-28 16:55:06.429426][EnvironmentNew.Environment.log][thread_rollouts]: Thread number: 3

[2020-01-28 16:55:06.535271][EnvironmentNew.Environment.log][thread_rollouts]: Thread number: 2, Steps performed: 41

[2020-01-28 16:55:06.544977][EnvironmentNew.Environment.log][thread_rollouts]: Thread number: 3, Steps performed: 46

[2020-01-28 16:55:06.545367][EnvironmentNew.Environment.log][rollouts]: Rollout thread #5

[2020-01-28 16:55:06.546096][EnvironmentNew.Environment.log][rollouts]: Rollout thread #6

[2020-01-28 16:55:06.546040][EnvironmentNew.Environment.log][thread_rollouts]: Thread number: 4

[2020-01-28 16:55:06.547135][EnvironmentNew.Environment.log][thread_rollouts]: Thread number: 5

[2020-01-28 16:55:06.671198][EnvironmentNew.Environment.log][thread_rollouts]: Thread number: 4, Steps performed: 43

[2020-01-28 16:55:06.682010][EnvironmentNew.Environment.log][thread_rollouts]: Thread number: 5, Steps performed: 50

[2020-01-28 16:55:06.682731][EnvironmentNew.Environment.log][rollouts]: Rollout thread #7

[2020-01-28 16:55:06.683626][EnvironmentNew.Environment.log][rollouts]: Rollout thread #8

[2020-01-28 16:55:06.684707][EnvironmentNew.Environment.log][thread_rollouts]: Thread number: 7

[2020-01-28 16:55:06.683511][EnvironmentNew.Environment.log][thread_rollouts]: Thread number: 6

[2020-01-28 16:55:06.822522][EnvironmentNew.Environment.log][thread_rollouts]: Thread number: 7, Steps performed: 43

[2020-01-28 16:55:06.821467][EnvironmentNew.Environment.log][thread_rollouts]: Thread number: 6, Steps performed: 47

[2020-01-28 16:55:06.823396][EnvironmentNew.Environment.log][rollouts]: Rollout thread #9

[2020-01-28 16:55:06.823860][EnvironmentNew.Environment.log][thread_rollouts]: Thread number: 8

[2020-01-28 16:55:06.823907][EnvironmentNew.Environment.log][rollouts]: Rollout thread #10

[2020-01-28 16:55:06.828092][EnvironmentNew.Environment.log][thread_rollouts]: Thread number: 9

[2020-01-28 16:55:06.949812][EnvironmentNew.Environment.log][thread_rollouts]: Thread number: 8, Steps performed: 41

[2020-01-28 16:55:06.955655][EnvironmentNew.Environment.log][thread_rollouts]: Thread number: 9, Steps performed: 50

[2020-01-28 16:55:06.956455][__main__.TRPOAgent.log][learning]: Rollouts performed

[2020-01-28 16:55:06.958139][__main__.TRPOAgent.log][batch_info]: Rollout statistics size: 457, Batch size: 1000, Number of batches: 10

[2020-01-28 16:55:06.958646][__main__.TRPOAgent.log][learning]: 

***************
BEGINNING TRAINING
***************



[2020-01-28 16:55:06.959113][__main__.TRPOAgent.log][batch_info]: Batch #0, batch length: 50

[2020-01-28 16:55:06.980060][__main__.TRPOAgent.log][training]: policy_gradient: [ 2.61786777e-03  3.23146710e-03  9.79346699e-05  1.08719633e-03
 -9.49805385e-03 -1.12484973e-03  4.41292166e-03 -4.67722199e-03
  1.84528123e-03 -5.63692953e-03  2.84553267e-03  0.00000000e+00
  0.00000000e+00  0.00000000e+00  0.00000000e+00  0.00000000e+00
 -3.52967528e-03  9.18609426e-04  0.00000000e+00  0.00000000e+00
  0.00000000e+00 -2.26871698e-03  2.38431930e-03  0.00000000e+00
  0.00000000e+00  0.00000000e+00  1.49893544e-03  0.00000000e+00
 -6.38825133e-04  0.00000000e+00  0.00000000e+00  0.00000000e+00
 -1.07495135e-05  0.00000000e+00  6.58667333e-04 -4.04652458e-03
  1.58750058e-02 -1.68257975e-02  6.63819857e-03 -2.02782410e-02
  1.02364944e-02  0.00000000e+00  0.00000000e+00  0.00000000e+00
  0.00000000e+00  0.00000000e+00 -1.26976230e-02  3.30459752e-03
  0.00000000e+00  0.00000000e+00  0.00000000e+00 -8.16146263e-03
  8.57732939e-03  0.00000000e+00  0.00000000e+00  0.00000000e+00
  5.39225725e-03  0.00000000e+00 -2.29810395e-03  0.00000000e+00
  0.00000000e+00  0.00000000e+00 -3.86702059e-05  0.00000000e+00
  2.36948410e-03  7.50834332e-04 -7.50834332e-04  1.18095377e-03
 -1.18095377e-03  2.16085297e-03 -2.16085297e-03  3.01327196e-03
 -3.01327196e-03  3.28890761e-03 -3.28890761e-03  4.87557140e-04
 -4.87557140e-04  0.00000000e+00  0.00000000e+00  0.00000000e+00
  0.00000000e+00  0.00000000e+00  0.00000000e+00  0.00000000e+00
  0.00000000e+00  0.00000000e+00  0.00000000e+00  3.28375274e-03
 -3.28375274e-03  4.36748222e-04 -4.36748222e-04  0.00000000e+00
  0.00000000e+00  0.00000000e+00  0.00000000e+00  0.00000000e+00
  0.00000000e+00  4.04169454e-04 -4.04169454e-04  2.85160486e-03
 -2.85160486e-03  0.00000000e+00  0.00000000e+00  0.00000000e+00
  0.00000000e+00  0.00000000e+00  0.00000000e+00  2.81691598e-03
 -2.81691598e-03  0.00000000e+00  0.00000000e+00  3.11748004e-03
 -3.11748004e-03  0.00000000e+00  0.00000000e+00  0.00000000e+00
  0.00000000e+00  0.00000000e+00  0.00000000e+00  2.13237052e-04
 -2.13237052e-04  0.00000000e+00  0.00000000e+00  4.76357162e-04
 -4.76357162e-04  1.96496380e-02 -1.96496380e-02]

[2020-01-28 16:55:06.980780][__main__.TRPOAgent.log][training]: Initiating conjugate gradients

