LOGGER started at 2020-01-28 17:44:49.175916.
Currently active debug channels:
	rollouts
	act
	training
	batch_info
	linesearch
	learning
	thread_rollouts
[2020-01-28 17:44:49.648226][__main__.TRPOAgent.log][learning]: Episode #0

[2020-01-28 17:44:49.877229][__main__.TRPOAgent.log][learning]: Performing rollouts: rollout length: 1500

[2020-01-28 17:44:49.901835][EnvironmentNew.Environment.log][rollouts]: Rollout thread #1

[2020-01-28 17:44:49.903282][EnvironmentNew.Environment.log][thread_rollouts]: Thread number: 0

[2020-01-28 17:44:49.903432][EnvironmentNew.Environment.log][rollouts]: Rollout thread #2

[2020-01-28 17:44:49.908152][EnvironmentNew.Environment.log][thread_rollouts]: Thread number: 1

[2020-01-28 17:44:50.288674][EnvironmentNew.Environment.log][thread_rollouts]: Thread number: 1, Steps performed: 9

[2020-01-28 17:44:50.300968][EnvironmentNew.Environment.log][thread_rollouts]: Thread number: 0, Steps performed: 9

[2020-01-28 17:44:50.301429][EnvironmentNew.Environment.log][rollouts]: Rollout thread #3

[2020-01-28 17:44:50.302010][EnvironmentNew.Environment.log][thread_rollouts]: Thread number: 2

[2020-01-28 17:44:50.302076][EnvironmentNew.Environment.log][rollouts]: Rollout thread #4

[2020-01-28 17:44:50.306672][EnvironmentNew.Environment.log][thread_rollouts]: Thread number: 3

[2020-01-28 17:44:50.661092][EnvironmentNew.Environment.log][thread_rollouts]: Thread number: 2, Steps performed: 9

[2020-01-28 17:44:50.702527][EnvironmentNew.Environment.log][thread_rollouts]: Thread number: 3, Steps performed: 10

[2020-01-28 17:44:50.703030][EnvironmentNew.Environment.log][rollouts]: Rollout thread #5

[2020-01-28 17:44:50.704420][EnvironmentNew.Environment.log][rollouts]: Rollout thread #6

[2020-01-28 17:44:50.704264][EnvironmentNew.Environment.log][thread_rollouts]: Thread number: 4

[2020-01-28 17:44:50.706711][EnvironmentNew.Environment.log][thread_rollouts]: Thread number: 5

[2020-01-28 17:44:51.063389][EnvironmentNew.Environment.log][thread_rollouts]: Thread number: 4, Steps performed: 9

[2020-01-28 17:44:51.189396][EnvironmentNew.Environment.log][thread_rollouts]: Thread number: 5, Steps performed: 14

[2020-01-28 17:44:51.189822][EnvironmentNew.Environment.log][rollouts]: Rollout thread #7

[2020-01-28 17:44:51.190452][EnvironmentNew.Environment.log][thread_rollouts]: Thread number: 6

[2020-01-28 17:44:51.190618][EnvironmentNew.Environment.log][rollouts]: Rollout thread #8

[2020-01-28 17:44:51.193113][EnvironmentNew.Environment.log][thread_rollouts]: Thread number: 7

[2020-01-28 17:44:51.543953][EnvironmentNew.Environment.log][thread_rollouts]: Thread number: 6, Steps performed: 9

[2020-01-28 17:44:51.707941][EnvironmentNew.Environment.log][thread_rollouts]: Thread number: 7, Steps performed: 16

[2020-01-28 17:44:51.708484][EnvironmentNew.Environment.log][rollouts]: Rollout thread #9

[2020-01-28 17:44:51.709441][EnvironmentNew.Environment.log][rollouts]: Rollout thread #10

[2020-01-28 17:44:51.709220][EnvironmentNew.Environment.log][thread_rollouts]: Thread number: 8

[2020-01-28 17:44:51.710474][EnvironmentNew.Environment.log][thread_rollouts]: Thread number: 9

[2020-01-28 17:44:52.202557][EnvironmentNew.Environment.log][thread_rollouts]: Thread number: 8, Steps performed: 11

[2020-01-28 17:44:52.207184][EnvironmentNew.Environment.log][thread_rollouts]: Thread number: 9, Steps performed: 11

[2020-01-28 17:44:52.207572][EnvironmentNew.Environment.log][rollouts]: Rollout thread #11

[2020-01-28 17:44:52.208109][EnvironmentNew.Environment.log][thread_rollouts]: Thread number: 10

[2020-01-28 17:44:52.208183][EnvironmentNew.Environment.log][rollouts]: Rollout thread #12

[2020-01-28 17:44:52.211368][EnvironmentNew.Environment.log][thread_rollouts]: Thread number: 11

[2020-01-28 17:44:52.559262][EnvironmentNew.Environment.log][thread_rollouts]: Thread number: 10, Steps performed: 9

[2020-01-28 17:44:52.591924][EnvironmentNew.Environment.log][thread_rollouts]: Thread number: 11, Steps performed: 10

[2020-01-28 17:44:52.592435][EnvironmentNew.Environment.log][rollouts]: Rollout thread #13

[2020-01-28 17:44:52.593104][EnvironmentNew.Environment.log][thread_rollouts]: Thread number: 12

[2020-01-28 17:44:52.593164][EnvironmentNew.Environment.log][rollouts]: Rollout thread #14

[2020-01-28 17:44:52.594441][EnvironmentNew.Environment.log][thread_rollouts]: Thread number: 13

[2020-01-28 17:44:52.944039][EnvironmentNew.Environment.log][thread_rollouts]: Thread number: 12, Steps performed: 9

[2020-01-28 17:44:52.954754][EnvironmentNew.Environment.log][thread_rollouts]: Thread number: 13, Steps performed: 9

[2020-01-28 17:44:52.955424][EnvironmentNew.Environment.log][rollouts]: Rollout thread #15

[2020-01-28 17:44:52.956166][EnvironmentNew.Environment.log][thread_rollouts]: Thread number: 14

[2020-01-28 17:44:53.314490][EnvironmentNew.Environment.log][thread_rollouts]: Thread number: 14, Steps performed: 16

[2020-01-28 17:44:53.315046][__main__.TRPOAgent.log][learning]: Rollouts performed

[2020-01-28 17:44:53.316679][__main__.TRPOAgent.log][batch_info]: Rollout statistics size: 160, Batch size: 3000, Number of batches: 1

[2020-01-28 17:44:53.317042][__main__.TRPOAgent.log][learning]: 

***************
BEGINNING TRAINING
***************



[2020-01-28 17:44:53.317518][__main__.TRPOAgent.log][batch_info]: Batch #0, batch length: 160

