LOGGER started at 2020-01-30 14:53:44.166118.
Currently active debug channels:
	act
	batch_info
	linesearch
	learning
	thread_rollouts
[2020-01-30 14:53:44.739230][__main__.TRPOAgent.log][learning]: Episode #0

[2020-01-30 14:53:44.915323][__main__.TRPOAgent.log][learning]: Performing rollouts: rollout length: 1000

[2020-01-30 14:53:44.915920][EnvironmentNew.Environment.log][thread_rollouts]: Thread number: 0

[2020-01-30 14:53:44.916181][EnvironmentNew.Environment.log][thread_rollouts]: Thread number: 1

[2020-01-30 14:53:45.071781][EnvironmentNew.Environment.log][thread_rollouts]: Thread number: 0, Steps performed: 37

[2020-01-30 14:53:45.072409][EnvironmentNew.Environment.log][thread_rollouts]: Thread number: 1, Steps performed: 36

[2020-01-30 14:53:45.073229][EnvironmentNew.Environment.log][thread_rollouts]: Thread number: 2

[2020-01-30 14:53:45.073354][EnvironmentNew.Environment.log][thread_rollouts]: Thread number: 3

[2020-01-30 14:53:45.209152][EnvironmentNew.Environment.log][thread_rollouts]: Thread number: 2, Steps performed: 33

[2020-01-30 14:53:45.228543][EnvironmentNew.Environment.log][thread_rollouts]: Thread number: 3, Steps performed: 39

[2020-01-30 14:53:45.229027][EnvironmentNew.Environment.log][thread_rollouts]: Thread number: 4

[2020-01-30 14:53:45.229229][EnvironmentNew.Environment.log][thread_rollouts]: Thread number: 5

[2020-01-30 14:53:45.374831][EnvironmentNew.Environment.log][thread_rollouts]: Thread number: 5, Steps performed: 36

[2020-01-30 14:53:45.390511][EnvironmentNew.Environment.log][thread_rollouts]: Thread number: 4, Steps performed: 45

[2020-01-30 14:53:45.391202][EnvironmentNew.Environment.log][thread_rollouts]: Thread number: 7

[2020-01-30 14:53:45.391067][EnvironmentNew.Environment.log][thread_rollouts]: Thread number: 6

[2020-01-30 14:53:45.504024][EnvironmentNew.Environment.log][thread_rollouts]: Thread number: 6, Steps performed: 28

[2020-01-30 14:53:45.523105][EnvironmentNew.Environment.log][thread_rollouts]: Thread number: 7, Steps performed: 41

[2020-01-30 14:53:45.523574][EnvironmentNew.Environment.log][thread_rollouts]: Thread number: 8

[2020-01-30 14:53:45.523729][EnvironmentNew.Environment.log][thread_rollouts]: Thread number: 9

[2020-01-30 14:53:45.631643][EnvironmentNew.Environment.log][thread_rollouts]: Thread number: 8, Steps performed: 26

[2020-01-30 14:53:45.646179][EnvironmentNew.Environment.log][thread_rollouts]: Thread number: 9, Steps performed: 32

[2020-01-30 14:53:45.646893][EnvironmentNew.Environment.log][thread_rollouts]: Thread number: 10

[2020-01-30 14:53:45.647108][EnvironmentNew.Environment.log][thread_rollouts]: Thread number: 11

[2020-01-30 14:53:45.772509][EnvironmentNew.Environment.log][thread_rollouts]: Thread number: 10, Steps performed: 32

[2020-01-30 14:53:45.787594][EnvironmentNew.Environment.log][thread_rollouts]: Thread number: 11, Steps performed: 39

[2020-01-30 14:53:45.788121][EnvironmentNew.Environment.log][thread_rollouts]: Thread number: 12

[2020-01-30 14:53:45.788248][EnvironmentNew.Environment.log][thread_rollouts]: Thread number: 13

[2020-01-30 14:53:45.917561][EnvironmentNew.Environment.log][thread_rollouts]: Thread number: 12, Steps performed: 33

[2020-01-30 14:53:45.946278][EnvironmentNew.Environment.log][thread_rollouts]: Thread number: 13, Steps performed: 48

[2020-01-30 14:53:45.946980][EnvironmentNew.Environment.log][thread_rollouts]: Thread number: 15

[2020-01-30 14:53:45.946781][EnvironmentNew.Environment.log][thread_rollouts]: Thread number: 14

[2020-01-30 14:53:46.087164][EnvironmentNew.Environment.log][thread_rollouts]: Thread number: 14, Steps performed: 37

[2020-01-30 14:53:46.094631][EnvironmentNew.Environment.log][thread_rollouts]: Thread number: 15, Steps performed: 41

[2020-01-30 14:53:46.095258][EnvironmentNew.Environment.log][thread_rollouts]: Thread number: 17

[2020-01-30 14:53:46.095122][EnvironmentNew.Environment.log][thread_rollouts]: Thread number: 16

[2020-01-30 14:53:46.225399][EnvironmentNew.Environment.log][thread_rollouts]: Thread number: 16, Steps performed: 35

[2020-01-30 14:53:46.231075][EnvironmentNew.Environment.log][thread_rollouts]: Thread number: 17, Steps performed: 38

[2020-01-30 14:53:46.231518][EnvironmentNew.Environment.log][thread_rollouts]: Thread number: 18

[2020-01-30 14:53:46.231702][EnvironmentNew.Environment.log][thread_rollouts]: Thread number: 19

[2020-01-30 14:53:46.364257][EnvironmentNew.Environment.log][thread_rollouts]: Thread number: 18, Steps performed: 35

[2020-01-30 14:53:46.364783][EnvironmentNew.Environment.log][thread_rollouts]: Thread number: 19, Steps performed: 35

[2020-01-30 14:53:46.366042][EnvironmentNew.Environment.log][thread_rollouts]: Thread number: 21

[2020-01-30 14:53:46.365640][EnvironmentNew.Environment.log][thread_rollouts]: Thread number: 20

[2020-01-30 14:53:46.505589][EnvironmentNew.Environment.log][thread_rollouts]: Thread number: 21, Steps performed: 38

[2020-01-30 14:53:46.533698][EnvironmentNew.Environment.log][thread_rollouts]: Thread number: 20, Steps performed: 53

[2020-01-30 14:53:46.534242][EnvironmentNew.Environment.log][thread_rollouts]: Thread number: 22

[2020-01-30 14:53:46.534596][EnvironmentNew.Environment.log][thread_rollouts]: Thread number: 23

[2020-01-30 14:53:46.663807][EnvironmentNew.Environment.log][thread_rollouts]: Thread number: 22, Steps performed: 32

[2020-01-30 14:53:46.665730][EnvironmentNew.Environment.log][thread_rollouts]: Thread number: 23, Steps performed: 35

[2020-01-30 14:53:46.666455][EnvironmentNew.Environment.log][thread_rollouts]: Thread number: 24

[2020-01-30 14:53:46.666585][EnvironmentNew.Environment.log][thread_rollouts]: Thread number: 25

[2020-01-30 14:53:46.753878][EnvironmentNew.Environment.log][thread_rollouts]: Thread number: 24, Steps performed: 21

[2020-01-30 14:53:46.770317][EnvironmentNew.Environment.log][thread_rollouts]: Thread number: 25, Steps performed: 29

[2020-01-30 14:53:46.770983][EnvironmentNew.Environment.log][thread_rollouts]: Thread number: 26

[2020-01-30 14:53:46.771121][EnvironmentNew.Environment.log][thread_rollouts]: Thread number: 27

[2020-01-30 14:53:46.861271][EnvironmentNew.Environment.log][thread_rollouts]: Thread number: 26, Steps performed: 22

[2020-01-30 14:53:46.916221][EnvironmentNew.Environment.log][thread_rollouts]: Thread number: 27, Steps performed: 52

[2020-01-30 14:53:46.916850][EnvironmentNew.Environment.log][thread_rollouts]: Thread number: 29

[2020-01-30 14:53:46.916721][EnvironmentNew.Environment.log][thread_rollouts]: Thread number: 28

[2020-01-30 14:53:47.061796][EnvironmentNew.Environment.log][thread_rollouts]: Thread number: 29, Steps performed: 42

[2020-01-30 14:53:47.062663][EnvironmentNew.Environment.log][thread_rollouts]: Thread number: 28, Steps performed: 41

[2020-01-30 14:53:47.063495][EnvironmentNew.Environment.log][thread_rollouts]: Thread number: 30

[2020-01-30 14:53:47.063790][EnvironmentNew.Environment.log][thread_rollouts]: Thread number: 31

[2020-01-30 14:53:47.171358][EnvironmentNew.Environment.log][thread_rollouts]: Thread number: 31, Steps performed: 27

[2020-01-30 14:53:47.187652][EnvironmentNew.Environment.log][thread_rollouts]: Thread number: 30, Steps performed: 36

[2020-01-30 14:53:47.188118][EnvironmentNew.Environment.log][thread_rollouts]: Thread number: 32

[2020-01-30 14:53:47.188534][EnvironmentNew.Environment.log][thread_rollouts]: Thread number: 33

[2020-01-30 14:53:47.353285][EnvironmentNew.Environment.log][thread_rollouts]: Thread number: 33, Steps performed: 41

[2020-01-30 14:53:47.355253][EnvironmentNew.Environment.log][thread_rollouts]: Thread number: 32, Steps performed: 42

[2020-01-30 14:53:47.356067][EnvironmentNew.Environment.log][thread_rollouts]: Thread number: 35

[2020-01-30 14:53:47.355793][EnvironmentNew.Environment.log][thread_rollouts]: Thread number: 34

[2020-01-30 14:53:47.449446][EnvironmentNew.Environment.log][thread_rollouts]: Thread number: 35, Steps performed: 25

[2020-01-30 14:53:47.495806][EnvironmentNew.Environment.log][thread_rollouts]: Thread number: 34, Steps performed: 49

[2020-01-30 14:53:47.496305][EnvironmentNew.Environment.log][thread_rollouts]: Thread number: 36

[2020-01-30 14:53:47.496484][EnvironmentNew.Environment.log][thread_rollouts]: Thread number: 37

[2020-01-30 14:53:47.607008][EnvironmentNew.Environment.log][thread_rollouts]: Thread number: 37, Steps performed: 28

[2020-01-30 14:53:47.615389][EnvironmentNew.Environment.log][thread_rollouts]: Thread number: 36, Steps performed: 32

[2020-01-30 14:53:47.615919][EnvironmentNew.Environment.log][thread_rollouts]: Thread number: 38

[2020-01-30 14:53:47.616126][EnvironmentNew.Environment.log][thread_rollouts]: Thread number: 39

[2020-01-30 14:53:47.766509][EnvironmentNew.Environment.log][thread_rollouts]: Thread number: 38, Steps performed: 43

[2020-01-30 14:53:47.770054][EnvironmentNew.Environment.log][thread_rollouts]: Thread number: 39, Steps performed: 42

[2020-01-30 14:53:47.770643][EnvironmentNew.Environment.log][thread_rollouts]: Thread number: 40

[2020-01-30 14:53:47.770773][EnvironmentNew.Environment.log][thread_rollouts]: Thread number: 41

[2020-01-30 14:53:47.905801][EnvironmentNew.Environment.log][thread_rollouts]: Thread number: 41, Steps performed: 35

[2020-01-30 14:53:47.914253][EnvironmentNew.Environment.log][thread_rollouts]: Thread number: 40, Steps performed: 42

[2020-01-30 14:53:47.914852][EnvironmentNew.Environment.log][thread_rollouts]: Thread number: 43

[2020-01-30 14:53:47.914711][EnvironmentNew.Environment.log][thread_rollouts]: Thread number: 42

[2020-01-30 14:53:48.033526][EnvironmentNew.Environment.log][thread_rollouts]: Thread number: 42, Steps performed: 32

[2020-01-30 14:53:48.034705][EnvironmentNew.Environment.log][thread_rollouts]: Thread number: 43, Steps performed: 33

[2020-01-30 14:53:48.035261][EnvironmentNew.Environment.log][thread_rollouts]: Thread number: 44

[2020-01-30 14:53:48.035397][EnvironmentNew.Environment.log][thread_rollouts]: Thread number: 45

[2020-01-30 14:53:48.114631][EnvironmentNew.Environment.log][thread_rollouts]: Thread number: 44, Steps performed: 21

[2020-01-30 14:53:48.161716][EnvironmentNew.Environment.log][thread_rollouts]: Thread number: 45, Steps performed: 40

[2020-01-30 14:53:48.162405][EnvironmentNew.Environment.log][thread_rollouts]: Thread number: 46

[2020-01-30 14:53:48.162651][EnvironmentNew.Environment.log][thread_rollouts]: Thread number: 47

[2020-01-30 14:53:48.280095][EnvironmentNew.Environment.log][thread_rollouts]: Thread number: 46, Steps performed: 29

[2020-01-30 14:53:48.287173][EnvironmentNew.Environment.log][thread_rollouts]: Thread number: 47, Steps performed: 32

[2020-01-30 14:53:48.287663][EnvironmentNew.Environment.log][thread_rollouts]: Thread number: 48

[2020-01-30 14:53:48.287782][EnvironmentNew.Environment.log][thread_rollouts]: Thread number: 49

[2020-01-30 14:53:48.414586][EnvironmentNew.Environment.log][thread_rollouts]: Thread number: 48, Steps performed: 28

[2020-01-30 14:53:48.442617][EnvironmentNew.Environment.log][thread_rollouts]: Thread number: 49, Steps performed: 43

[2020-01-30 14:53:48.443266][EnvironmentNew.Environment.log][thread_rollouts]: Thread number: 51

[2020-01-30 14:53:48.443121][EnvironmentNew.Environment.log][thread_rollouts]: Thread number: 50

[2020-01-30 14:53:48.573329][EnvironmentNew.Environment.log][thread_rollouts]: Thread number: 50, Steps performed: 33

[2020-01-30 14:53:48.582377][EnvironmentNew.Environment.log][thread_rollouts]: Thread number: 51, Steps performed: 36

[2020-01-30 14:53:48.582960][EnvironmentNew.Environment.log][thread_rollouts]: Thread number: 52

[2020-01-30 14:53:48.583141][EnvironmentNew.Environment.log][thread_rollouts]: Thread number: 53

[2020-01-30 14:53:48.727607][EnvironmentNew.Environment.log][thread_rollouts]: Thread number: 53, Steps performed: 39

[2020-01-30 14:53:48.742512][EnvironmentNew.Environment.log][thread_rollouts]: Thread number: 52, Steps performed: 48

[2020-01-30 14:53:48.743150][EnvironmentNew.Environment.log][thread_rollouts]: Thread number: 55

[2020-01-30 14:53:48.743001][EnvironmentNew.Environment.log][thread_rollouts]: Thread number: 54

[2020-01-30 14:53:48.853534][EnvironmentNew.Environment.log][thread_rollouts]: Thread number: 55, Steps performed: 29

[2020-01-30 14:53:48.879452][EnvironmentNew.Environment.log][thread_rollouts]: Thread number: 54, Steps performed: 41

[2020-01-30 14:53:48.880064][EnvironmentNew.Environment.log][thread_rollouts]: Thread number: 56

[2020-01-30 14:53:48.880249][EnvironmentNew.Environment.log][thread_rollouts]: Thread number: 57

[2020-01-30 14:53:49.003071][EnvironmentNew.Environment.log][thread_rollouts]: Thread number: 57, Steps performed: 30

[2020-01-30 14:53:49.027479][EnvironmentNew.Environment.log][thread_rollouts]: Thread number: 56, Steps performed: 42

[2020-01-30 14:53:49.028124][EnvironmentNew.Environment.log][thread_rollouts]: Thread number: 58

[2020-01-30 14:53:49.028323][EnvironmentNew.Environment.log][thread_rollouts]: Thread number: 59

[2020-01-30 14:53:49.155077][EnvironmentNew.Environment.log][thread_rollouts]: Thread number: 58, Steps performed: 27

[2020-01-30 14:53:49.201468][EnvironmentNew.Environment.log][thread_rollouts]: Thread number: 59, Steps performed: 49

[2020-01-30 14:53:49.201975][EnvironmentNew.Environment.log][thread_rollouts]: Thread number: 60

[2020-01-30 14:53:49.202110][EnvironmentNew.Environment.log][thread_rollouts]: Thread number: 61

[2020-01-30 14:53:49.315952][EnvironmentNew.Environment.log][thread_rollouts]: Thread number: 61, Steps performed: 31

[2020-01-30 14:53:49.343508][EnvironmentNew.Environment.log][thread_rollouts]: Thread number: 60, Steps performed: 46

[2020-01-30 14:53:49.344051][EnvironmentNew.Environment.log][thread_rollouts]: Thread number: 62

[2020-01-30 14:53:49.344225][EnvironmentNew.Environment.log][thread_rollouts]: Thread number: 63

[2020-01-30 14:53:49.495279][EnvironmentNew.Environment.log][thread_rollouts]: Thread number: 62, Steps performed: 39

[2020-01-30 14:53:49.573359][EnvironmentNew.Environment.log][thread_rollouts]: Thread number: 63, Steps performed: 90

[2020-01-30 14:53:49.574405][EnvironmentNew.Environment.log][thread_rollouts]: Thread number: 65

[2020-01-30 14:53:49.573943][EnvironmentNew.Environment.log][thread_rollouts]: Thread number: 64

[2020-01-30 14:53:49.631307][EnvironmentNew.Environment.log][thread_rollouts]: Thread number: 65, Steps performed: 12

[2020-01-30 14:53:49.718174][EnvironmentNew.Environment.log][thread_rollouts]: Thread number: 64, Steps performed: 63

[2020-01-30 14:53:49.718764][EnvironmentNew.Environment.log][thread_rollouts]: Thread number: 66

[2020-01-30 14:53:49.718892][EnvironmentNew.Environment.log][thread_rollouts]: Thread number: 67

[2020-01-30 14:53:49.875075][EnvironmentNew.Environment.log][thread_rollouts]: Thread number: 66, Steps performed: 40

[2020-01-30 14:53:49.891091][EnvironmentNew.Environment.log][thread_rollouts]: Thread number: 67, Steps performed: 48

[2020-01-30 14:53:49.891606][EnvironmentNew.Environment.log][thread_rollouts]: Thread number: 68

[2020-01-30 14:53:49.891744][EnvironmentNew.Environment.log][thread_rollouts]: Thread number: 69

[2020-01-30 14:53:50.006219][EnvironmentNew.Environment.log][thread_rollouts]: Thread number: 68, Steps performed: 28

[2020-01-30 14:53:50.022142][EnvironmentNew.Environment.log][thread_rollouts]: Thread number: 69, Steps performed: 35

[2020-01-30 14:53:50.022976][EnvironmentNew.Environment.log][thread_rollouts]: Thread number: 71

[2020-01-30 14:53:50.022799][EnvironmentNew.Environment.log][thread_rollouts]: Thread number: 70

[2020-01-30 14:53:50.156273][EnvironmentNew.Environment.log][thread_rollouts]: Thread number: 71, Steps performed: 35

[2020-01-30 14:53:50.162240][EnvironmentNew.Environment.log][thread_rollouts]: Thread number: 70, Steps performed: 39

[2020-01-30 14:53:50.162675][EnvironmentNew.Environment.log][thread_rollouts]: Thread number: 72

[2020-01-30 14:53:50.162786][EnvironmentNew.Environment.log][thread_rollouts]: Thread number: 73

[2020-01-30 14:53:50.297148][EnvironmentNew.Environment.log][thread_rollouts]: Thread number: 72, Steps performed: 37

[2020-01-30 14:53:50.311383][EnvironmentNew.Environment.log][thread_rollouts]: Thread number: 73, Steps performed: 44

[2020-01-30 14:53:50.311871][EnvironmentNew.Environment.log][thread_rollouts]: Thread number: 74

[2020-01-30 14:53:50.312054][EnvironmentNew.Environment.log][thread_rollouts]: Thread number: 75

[2020-01-30 14:53:50.438519][EnvironmentNew.Environment.log][thread_rollouts]: Thread number: 74, Steps performed: 35

[2020-01-30 14:53:50.453837][EnvironmentNew.Environment.log][thread_rollouts]: Thread number: 75, Steps performed: 41

[2020-01-30 14:53:50.454449][EnvironmentNew.Environment.log][thread_rollouts]: Thread number: 76

[2020-01-30 14:53:50.454599][EnvironmentNew.Environment.log][thread_rollouts]: Thread number: 77

[2020-01-30 14:53:50.595440][EnvironmentNew.Environment.log][thread_rollouts]: Thread number: 76, Steps performed: 36

[2020-01-30 14:53:50.611034][EnvironmentNew.Environment.log][thread_rollouts]: Thread number: 77, Steps performed: 45

[2020-01-30 14:53:50.611727][EnvironmentNew.Environment.log][thread_rollouts]: Thread number: 78

[2020-01-30 14:53:50.611921][EnvironmentNew.Environment.log][thread_rollouts]: Thread number: 79

[2020-01-30 14:53:50.732726][EnvironmentNew.Environment.log][thread_rollouts]: Thread number: 79, Steps performed: 31

[2020-01-30 14:53:50.818246][EnvironmentNew.Environment.log][thread_rollouts]: Thread number: 78, Steps performed: 82

[2020-01-30 14:53:50.818715][EnvironmentNew.Environment.log][thread_rollouts]: Thread number: 80

[2020-01-30 14:53:50.818921][EnvironmentNew.Environment.log][thread_rollouts]: Thread number: 81

[2020-01-30 14:53:50.924449][EnvironmentNew.Environment.log][thread_rollouts]: Thread number: 81, Steps performed: 27

[2020-01-30 14:53:50.951531][EnvironmentNew.Environment.log][thread_rollouts]: Thread number: 80, Steps performed: 40

[2020-01-30 14:53:50.952424][EnvironmentNew.Environment.log][thread_rollouts]: Thread number: 82

[2020-01-30 14:53:50.952730][EnvironmentNew.Environment.log][thread_rollouts]: Thread number: 83

[2020-01-30 14:53:51.075475][EnvironmentNew.Environment.log][thread_rollouts]: Thread number: 83, Steps performed: 30

[2020-01-30 14:53:51.087454][EnvironmentNew.Environment.log][thread_rollouts]: Thread number: 82, Steps performed: 37

[2020-01-30 14:53:51.088150][EnvironmentNew.Environment.log][thread_rollouts]: Thread number: 85

[2020-01-30 14:53:51.087984][EnvironmentNew.Environment.log][thread_rollouts]: Thread number: 84

[2020-01-30 14:53:51.211149][EnvironmentNew.Environment.log][thread_rollouts]: Thread number: 84, Steps performed: 32

[2020-01-30 14:53:51.247461][EnvironmentNew.Environment.log][thread_rollouts]: Thread number: 85, Steps performed: 50

[2020-01-30 14:53:51.248045][EnvironmentNew.Environment.log][thread_rollouts]: Thread number: 86

[2020-01-30 14:53:51.248220][EnvironmentNew.Environment.log][thread_rollouts]: Thread number: 87

[2020-01-30 14:53:51.370890][EnvironmentNew.Environment.log][thread_rollouts]: Thread number: 86, Steps performed: 33

[2020-01-30 14:53:51.389597][EnvironmentNew.Environment.log][thread_rollouts]: Thread number: 87, Steps performed: 41

[2020-01-30 14:53:51.390194][EnvironmentNew.Environment.log][thread_rollouts]: Thread number: 88

[2020-01-30 14:53:51.390554][EnvironmentNew.Environment.log][thread_rollouts]: Thread number: 89

[2020-01-30 14:53:51.515735][EnvironmentNew.Environment.log][thread_rollouts]: Thread number: 88, Steps performed: 29

[2020-01-30 14:53:51.525990][EnvironmentNew.Environment.log][thread_rollouts]: Thread number: 89, Steps performed: 35

[2020-01-30 14:53:51.526717][EnvironmentNew.Environment.log][thread_rollouts]: Thread number: 91

[2020-01-30 14:53:51.526518][EnvironmentNew.Environment.log][thread_rollouts]: Thread number: 90

[2020-01-30 14:53:51.654017][EnvironmentNew.Environment.log][thread_rollouts]: Thread number: 90, Steps performed: 30

[2020-01-30 14:53:51.667651][EnvironmentNew.Environment.log][thread_rollouts]: Thread number: 91, Steps performed: 37

[2020-01-30 14:53:51.668529][EnvironmentNew.Environment.log][thread_rollouts]: Thread number: 92

[2020-01-30 14:53:51.668682][EnvironmentNew.Environment.log][thread_rollouts]: Thread number: 93

[2020-01-30 14:53:51.801465][EnvironmentNew.Environment.log][thread_rollouts]: Thread number: 92, Steps performed: 35

[2020-01-30 14:53:51.809205][EnvironmentNew.Environment.log][thread_rollouts]: Thread number: 93, Steps performed: 39

[2020-01-30 14:53:51.809742][EnvironmentNew.Environment.log][thread_rollouts]: Thread number: 94

[2020-01-30 14:53:51.809875][EnvironmentNew.Environment.log][thread_rollouts]: Thread number: 95

[2020-01-30 14:53:51.921597][EnvironmentNew.Environment.log][thread_rollouts]: Thread number: 94, Steps performed: 27

[2020-01-30 14:53:51.939050][EnvironmentNew.Environment.log][thread_rollouts]: Thread number: 95, Steps performed: 36

[2020-01-30 14:53:51.939701][EnvironmentNew.Environment.log][thread_rollouts]: Thread number: 96

[2020-01-30 14:53:51.939858][EnvironmentNew.Environment.log][thread_rollouts]: Thread number: 97

[2020-01-30 14:53:52.073068][EnvironmentNew.Environment.log][thread_rollouts]: Thread number: 97, Steps performed: 35

[2020-01-30 14:53:52.085364][EnvironmentNew.Environment.log][thread_rollouts]: Thread number: 96, Steps performed: 42

[2020-01-30 14:53:52.086215][EnvironmentNew.Environment.log][thread_rollouts]: Thread number: 99

[2020-01-30 14:53:52.086021][EnvironmentNew.Environment.log][thread_rollouts]: Thread number: 98

[2020-01-30 14:53:52.224462][EnvironmentNew.Environment.log][thread_rollouts]: Thread number: 98, Steps performed: 38

[2020-01-30 14:53:52.229498][EnvironmentNew.Environment.log][thread_rollouts]: Thread number: 99, Steps performed: 42

[2020-01-30 14:53:52.230938][__main__.TRPOAgent.log][learning]: Rollouts performed

[2020-01-30 14:53:52.231258][__main__.TRPOAgent.log][batch_info]: Rollout statistics size: 3737, Batch size: 100

[2020-01-30 14:53:52.231535][__main__.TRPOAgent.log][learning]: 

***************
BEGINNING TRAINING
***************



[2020-01-30 14:53:57.972841][__main__.TRPOAgent.log][linesearch]: Linesearch failed. Mean kl divergence: 0.1069910381304384, Discarded policy loss value: -1.9042442290740622

[2020-01-30 14:53:57.973253][__main__.TRPOAgent.log][batch_info]: Current batch value loss: 0.021613988777452114

[2020-01-30 14:53:59.564534][__main__.TRPOAgent.log][learning]: Episode #1

[2020-01-30 14:53:59.570046][__main__.TRPOAgent.log][learning]: Performing rollouts: rollout length: 1000

[2020-01-30 14:53:59.572304][EnvironmentNew.Environment.log][thread_rollouts]: Thread number: 0

[2020-01-30 14:53:59.573219][EnvironmentNew.Environment.log][thread_rollouts]: Thread number: 1

[2020-01-30 14:53:59.707942][EnvironmentNew.Environment.log][thread_rollouts]: Thread number: 1, Steps performed: 31

[2020-01-30 14:53:59.790145][EnvironmentNew.Environment.log][thread_rollouts]: Thread number: 0, Steps performed: 78

[2020-01-30 14:53:59.790824][EnvironmentNew.Environment.log][thread_rollouts]: Thread number: 3

[2020-01-30 14:53:59.790667][EnvironmentNew.Environment.log][thread_rollouts]: Thread number: 2

[2020-01-30 14:53:59.955564][EnvironmentNew.Environment.log][thread_rollouts]: Thread number: 2, Steps performed: 46

[2020-01-30 14:54:00.021445][EnvironmentNew.Environment.log][thread_rollouts]: Thread number: 3, Steps performed: 74

[2020-01-30 14:54:00.021923][EnvironmentNew.Environment.log][thread_rollouts]: Thread number: 4

[2020-01-30 14:54:00.022137][EnvironmentNew.Environment.log][thread_rollouts]: Thread number: 5

[2020-01-30 14:54:00.111218][EnvironmentNew.Environment.log][thread_rollouts]: Thread number: 5, Steps performed: 22

[2020-01-30 14:54:00.171397][EnvironmentNew.Environment.log][thread_rollouts]: Thread number: 4, Steps performed: 51

[2020-01-30 14:54:00.172042][EnvironmentNew.Environment.log][thread_rollouts]: Thread number: 6

[2020-01-30 14:54:00.172185][EnvironmentNew.Environment.log][thread_rollouts]: Thread number: 7

[2020-01-30 14:54:00.344882][EnvironmentNew.Environment.log][thread_rollouts]: Thread number: 7, Steps performed: 49

[2020-01-30 14:54:00.346187][EnvironmentNew.Environment.log][thread_rollouts]: Thread number: 6, Steps performed: 53

[2020-01-30 14:54:00.347591][EnvironmentNew.Environment.log][thread_rollouts]: Thread number: 8

[2020-01-30 14:54:00.347798][EnvironmentNew.Environment.log][thread_rollouts]: Thread number: 9

[2020-01-30 14:54:00.473370][EnvironmentNew.Environment.log][thread_rollouts]: Thread number: 8, Steps performed: 32

[2020-01-30 14:54:00.481030][EnvironmentNew.Environment.log][thread_rollouts]: Thread number: 9, Steps performed: 36

[2020-01-30 14:54:00.481975][EnvironmentNew.Environment.log][thread_rollouts]: Thread number: 11

[2020-01-30 14:54:00.481779][EnvironmentNew.Environment.log][thread_rollouts]: Thread number: 10

[2020-01-30 14:54:00.670782][EnvironmentNew.Environment.log][thread_rollouts]: Thread number: 11, Steps performed: 47

[2020-01-30 14:54:00.686367][EnvironmentNew.Environment.log][thread_rollouts]: Thread number: 10, Steps performed: 58

[2020-01-30 14:54:00.687096][EnvironmentNew.Environment.log][thread_rollouts]: Thread number: 13

[2020-01-30 14:54:00.686938][EnvironmentNew.Environment.log][thread_rollouts]: Thread number: 12

[2020-01-30 14:54:00.816654][EnvironmentNew.Environment.log][thread_rollouts]: Thread number: 13, Steps performed: 32

[2020-01-30 14:54:00.844698][EnvironmentNew.Environment.log][thread_rollouts]: Thread number: 12, Steps performed: 45

[2020-01-30 14:54:00.845477][EnvironmentNew.Environment.log][thread_rollouts]: Thread number: 15

[2020-01-30 14:54:00.845340][EnvironmentNew.Environment.log][thread_rollouts]: Thread number: 14

[2020-01-30 14:54:00.973717][EnvironmentNew.Environment.log][thread_rollouts]: Thread number: 14, Steps performed: 34

[2020-01-30 14:54:00.991650][EnvironmentNew.Environment.log][thread_rollouts]: Thread number: 15, Steps performed: 40

[2020-01-30 14:54:00.992268][EnvironmentNew.Environment.log][thread_rollouts]: Thread number: 16

[2020-01-30 14:54:00.992477][EnvironmentNew.Environment.log][thread_rollouts]: Thread number: 17

[2020-01-30 14:54:01.110537][EnvironmentNew.Environment.log][thread_rollouts]: Thread number: 16, Steps performed: 24

[2020-01-30 14:54:01.201715][EnvironmentNew.Environment.log][thread_rollouts]: Thread number: 17, Steps performed: 66

[2020-01-30 14:54:01.202248][EnvironmentNew.Environment.log][thread_rollouts]: Thread number: 18

[2020-01-30 14:54:01.202386][EnvironmentNew.Environment.log][thread_rollouts]: Thread number: 19

[2020-01-30 14:54:01.336142][EnvironmentNew.Environment.log][thread_rollouts]: Thread number: 19, Steps performed: 32

[2020-01-30 14:54:01.342958][EnvironmentNew.Environment.log][thread_rollouts]: Thread number: 18, Steps performed: 37

[2020-01-30 14:54:01.343439][EnvironmentNew.Environment.log][thread_rollouts]: Thread number: 20

[2020-01-30 14:54:01.343661][EnvironmentNew.Environment.log][thread_rollouts]: Thread number: 21

[2020-01-30 14:54:01.499266][EnvironmentNew.Environment.log][thread_rollouts]: Thread number: 21, Steps performed: 41

[2020-01-30 14:54:01.506547][EnvironmentNew.Environment.log][thread_rollouts]: Thread number: 20, Steps performed: 46

[2020-01-30 14:54:01.507144][EnvironmentNew.Environment.log][thread_rollouts]: Thread number: 23

[2020-01-30 14:54:01.507015][EnvironmentNew.Environment.log][thread_rollouts]: Thread number: 22

[2020-01-30 14:54:01.658986][EnvironmentNew.Environment.log][thread_rollouts]: Thread number: 23, Steps performed: 39

[2020-01-30 14:54:01.706239][EnvironmentNew.Environment.log][thread_rollouts]: Thread number: 22, Steps performed: 67

[2020-01-30 14:54:01.706830][EnvironmentNew.Environment.log][thread_rollouts]: Thread number: 24

[2020-01-30 14:54:01.706956][EnvironmentNew.Environment.log][thread_rollouts]: Thread number: 25

[2020-01-30 14:54:01.832784][EnvironmentNew.Environment.log][thread_rollouts]: Thread number: 25, Steps performed: 32

[2020-01-30 14:54:01.843057][EnvironmentNew.Environment.log][thread_rollouts]: Thread number: 24, Steps performed: 37

[2020-01-30 14:54:01.843815][EnvironmentNew.Environment.log][thread_rollouts]: Thread number: 26

[2020-01-30 14:54:01.844101][EnvironmentNew.Environment.log][thread_rollouts]: Thread number: 27

[2020-01-30 14:54:01.980633][EnvironmentNew.Environment.log][thread_rollouts]: Thread number: 26, Steps performed: 36

[2020-01-30 14:54:02.006004][EnvironmentNew.Environment.log][thread_rollouts]: Thread number: 27, Steps performed: 45

[2020-01-30 14:54:02.006740][EnvironmentNew.Environment.log][thread_rollouts]: Thread number: 29

[2020-01-30 14:54:02.006592][EnvironmentNew.Environment.log][thread_rollouts]: Thread number: 28

[2020-01-30 14:54:02.157259][EnvironmentNew.Environment.log][thread_rollouts]: Thread number: 28, Steps performed: 44

[2020-01-30 14:54:02.160098][EnvironmentNew.Environment.log][thread_rollouts]: Thread number: 29, Steps performed: 43

[2020-01-30 14:54:02.160669][EnvironmentNew.Environment.log][thread_rollouts]: Thread number: 30

[2020-01-30 14:54:02.160950][EnvironmentNew.Environment.log][thread_rollouts]: Thread number: 31

[2020-01-30 14:54:02.305886][EnvironmentNew.Environment.log][thread_rollouts]: Thread number: 30, Steps performed: 38

[2020-01-30 14:54:02.326017][EnvironmentNew.Environment.log][thread_rollouts]: Thread number: 31, Steps performed: 51

[2020-01-30 14:54:02.326520][EnvironmentNew.Environment.log][thread_rollouts]: Thread number: 32

[2020-01-30 14:54:02.326670][EnvironmentNew.Environment.log][thread_rollouts]: Thread number: 33

[2020-01-30 14:54:02.483628][EnvironmentNew.Environment.log][thread_rollouts]: Thread number: 32, Steps performed: 41

[2020-01-30 14:54:02.517565][EnvironmentNew.Environment.log][thread_rollouts]: Thread number: 33, Steps performed: 58

[2020-01-30 14:54:02.518280][EnvironmentNew.Environment.log][thread_rollouts]: Thread number: 34

[2020-01-30 14:54:02.518418][EnvironmentNew.Environment.log][thread_rollouts]: Thread number: 35

[2020-01-30 14:54:02.719827][EnvironmentNew.Environment.log][thread_rollouts]: Thread number: 34, Steps performed: 54

[2020-01-30 14:54:02.735691][EnvironmentNew.Environment.log][thread_rollouts]: Thread number: 35, Steps performed: 60

[2020-01-30 14:54:02.736350][EnvironmentNew.Environment.log][thread_rollouts]: Thread number: 36

[2020-01-30 14:54:02.736613][EnvironmentNew.Environment.log][thread_rollouts]: Thread number: 37

[2020-01-30 14:54:02.910284][EnvironmentNew.Environment.log][thread_rollouts]: Thread number: 36, Steps performed: 33

[2020-01-30 14:54:02.922858][EnvironmentNew.Environment.log][thread_rollouts]: Thread number: 37, Steps performed: 36

[2020-01-30 14:54:02.923958][EnvironmentNew.Environment.log][thread_rollouts]: Thread number: 39

[2020-01-30 14:54:02.923612][EnvironmentNew.Environment.log][thread_rollouts]: Thread number: 38

[2020-01-30 14:54:03.054292][EnvironmentNew.Environment.log][thread_rollouts]: Thread number: 38, Steps performed: 21

[2020-01-30 14:54:03.092986][EnvironmentNew.Environment.log][thread_rollouts]: Thread number: 39, Steps performed: 40

[2020-01-30 14:54:03.093809][EnvironmentNew.Environment.log][thread_rollouts]: Thread number: 41

[2020-01-30 14:54:03.093520][EnvironmentNew.Environment.log][thread_rollouts]: Thread number: 40

[2020-01-30 14:54:03.201836][EnvironmentNew.Environment.log][thread_rollouts]: Thread number: 41, Steps performed: 18

[2020-01-30 14:54:03.265357][EnvironmentNew.Environment.log][thread_rollouts]: Thread number: 40, Steps performed: 45

[2020-01-30 14:54:03.266498][EnvironmentNew.Environment.log][thread_rollouts]: Thread number: 43

[2020-01-30 14:54:03.266194][EnvironmentNew.Environment.log][thread_rollouts]: Thread number: 42

[2020-01-30 14:54:03.492020][EnvironmentNew.Environment.log][thread_rollouts]: Thread number: 42, Steps performed: 41

[2020-01-30 14:54:03.502603][EnvironmentNew.Environment.log][thread_rollouts]: Thread number: 43, Steps performed: 46

[2020-01-30 14:54:03.503214][EnvironmentNew.Environment.log][thread_rollouts]: Thread number: 44

[2020-01-30 14:54:03.503385][EnvironmentNew.Environment.log][thread_rollouts]: Thread number: 45

[2020-01-30 14:54:03.712260][EnvironmentNew.Environment.log][thread_rollouts]: Thread number: 44, Steps performed: 49

[2020-01-30 14:54:03.725593][EnvironmentNew.Environment.log][thread_rollouts]: Thread number: 45, Steps performed: 54

[2020-01-30 14:54:03.726092][EnvironmentNew.Environment.log][thread_rollouts]: Thread number: 46

[2020-01-30 14:54:03.726252][EnvironmentNew.Environment.log][thread_rollouts]: Thread number: 47

[2020-01-30 14:54:03.884132][EnvironmentNew.Environment.log][thread_rollouts]: Thread number: 46, Steps performed: 33

[2020-01-30 14:54:03.940825][EnvironmentNew.Environment.log][thread_rollouts]: Thread number: 47, Steps performed: 59

[2020-01-30 14:54:03.941366][EnvironmentNew.Environment.log][thread_rollouts]: Thread number: 48

[2020-01-30 14:54:03.941568][EnvironmentNew.Environment.log][thread_rollouts]: Thread number: 49

[2020-01-30 14:54:04.094560][EnvironmentNew.Environment.log][thread_rollouts]: Thread number: 49, Steps performed: 34

[2020-01-30 14:54:04.130014][EnvironmentNew.Environment.log][thread_rollouts]: Thread number: 48, Steps performed: 49

[2020-01-30 14:54:04.130525][EnvironmentNew.Environment.log][thread_rollouts]: Thread number: 50

[2020-01-30 14:54:04.130672][EnvironmentNew.Environment.log][thread_rollouts]: Thread number: 51

[2020-01-30 14:54:04.312578][EnvironmentNew.Environment.log][thread_rollouts]: Thread number: 50, Steps performed: 42

[2020-01-30 14:54:04.327542][EnvironmentNew.Environment.log][thread_rollouts]: Thread number: 51, Steps performed: 51

[2020-01-30 14:54:04.328038][EnvironmentNew.Environment.log][thread_rollouts]: Thread number: 52

[2020-01-30 14:54:04.328195][EnvironmentNew.Environment.log][thread_rollouts]: Thread number: 53

[2020-01-30 14:54:04.483675][EnvironmentNew.Environment.log][thread_rollouts]: Thread number: 52, Steps performed: 41

[2020-01-30 14:54:04.518378][EnvironmentNew.Environment.log][thread_rollouts]: Thread number: 53, Steps performed: 59

[2020-01-30 14:54:04.519145][EnvironmentNew.Environment.log][thread_rollouts]: Thread number: 55

[2020-01-30 14:54:04.518962][EnvironmentNew.Environment.log][thread_rollouts]: Thread number: 54

[2020-01-30 14:54:04.666995][EnvironmentNew.Environment.log][thread_rollouts]: Thread number: 54, Steps performed: 39

[2020-01-30 14:54:04.700750][EnvironmentNew.Environment.log][thread_rollouts]: Thread number: 55, Steps performed: 54

[2020-01-30 14:54:04.701521][EnvironmentNew.Environment.log][thread_rollouts]: Thread number: 57

[2020-01-30 14:54:04.701356][EnvironmentNew.Environment.log][thread_rollouts]: Thread number: 56

[2020-01-30 14:54:04.849495][EnvironmentNew.Environment.log][thread_rollouts]: Thread number: 56, Steps performed: 39

[2020-01-30 14:54:04.892781][EnvironmentNew.Environment.log][thread_rollouts]: Thread number: 57, Steps performed: 62

[2020-01-30 14:54:04.893384][EnvironmentNew.Environment.log][thread_rollouts]: Thread number: 58

[2020-01-30 14:54:04.893665][EnvironmentNew.Environment.log][thread_rollouts]: Thread number: 59

[2020-01-30 14:54:05.034064][EnvironmentNew.Environment.log][thread_rollouts]: Thread number: 58, Steps performed: 36

[2020-01-30 14:54:05.068206][EnvironmentNew.Environment.log][thread_rollouts]: Thread number: 59, Steps performed: 52

[2020-01-30 14:54:05.068770][EnvironmentNew.Environment.log][thread_rollouts]: Thread number: 60

[2020-01-30 14:54:05.068963][EnvironmentNew.Environment.log][thread_rollouts]: Thread number: 61

[2020-01-30 14:54:05.234173][EnvironmentNew.Environment.log][thread_rollouts]: Thread number: 61, Steps performed: 43

[2020-01-30 14:54:05.239848][EnvironmentNew.Environment.log][thread_rollouts]: Thread number: 60, Steps performed: 44

[2020-01-30 14:54:05.240373][EnvironmentNew.Environment.log][thread_rollouts]: Thread number: 62

[2020-01-30 14:54:05.240500][EnvironmentNew.Environment.log][thread_rollouts]: Thread number: 63

[2020-01-30 14:54:05.375589][EnvironmentNew.Environment.log][thread_rollouts]: Thread number: 63, Steps performed: 38

[2020-01-30 14:54:05.438268][EnvironmentNew.Environment.log][thread_rollouts]: Thread number: 62, Steps performed: 70

[2020-01-30 14:54:05.438944][EnvironmentNew.Environment.log][thread_rollouts]: Thread number: 64

[2020-01-30 14:54:05.439264][EnvironmentNew.Environment.log][thread_rollouts]: Thread number: 65

[2020-01-30 14:54:05.625164][EnvironmentNew.Environment.log][thread_rollouts]: Thread number: 64, Steps performed: 53

[2020-01-30 14:54:05.687874][EnvironmentNew.Environment.log][thread_rollouts]: Thread number: 65, Steps performed: 89

[2020-01-30 14:54:05.688383][EnvironmentNew.Environment.log][thread_rollouts]: Thread number: 66

[2020-01-30 14:54:05.688530][EnvironmentNew.Environment.log][thread_rollouts]: Thread number: 67

[2020-01-30 14:54:05.803720][EnvironmentNew.Environment.log][thread_rollouts]: Thread number: 66, Steps performed: 30

[2020-01-30 14:54:05.829411][EnvironmentNew.Environment.log][thread_rollouts]: Thread number: 67, Steps performed: 44

[2020-01-30 14:54:05.830098][EnvironmentNew.Environment.log][thread_rollouts]: Thread number: 68

[2020-01-30 14:54:05.830437][EnvironmentNew.Environment.log][thread_rollouts]: Thread number: 69

[2020-01-30 14:54:06.008003][EnvironmentNew.Environment.log][thread_rollouts]: Thread number: 68, Steps performed: 50

[2020-01-30 14:54:06.041990][EnvironmentNew.Environment.log][thread_rollouts]: Thread number: 69, Steps performed: 68

[2020-01-30 14:54:06.042636][EnvironmentNew.Environment.log][thread_rollouts]: Thread number: 70

[2020-01-30 14:54:06.042816][EnvironmentNew.Environment.log][thread_rollouts]: Thread number: 71

[2020-01-30 14:54:06.287565][EnvironmentNew.Environment.log][thread_rollouts]: Thread number: 70, Steps performed: 73

[2020-01-30 14:54:06.297070][EnvironmentNew.Environment.log][thread_rollouts]: Thread number: 71, Steps performed: 75

[2020-01-30 14:54:06.297647][EnvironmentNew.Environment.log][thread_rollouts]: Thread number: 72

[2020-01-30 14:54:06.297802][EnvironmentNew.Environment.log][thread_rollouts]: Thread number: 73

[2020-01-30 14:54:06.421156][EnvironmentNew.Environment.log][thread_rollouts]: Thread number: 73, Steps performed: 32

[2020-01-30 14:54:06.429957][EnvironmentNew.Environment.log][thread_rollouts]: Thread number: 72, Steps performed: 35

[2020-01-30 14:54:06.430788][EnvironmentNew.Environment.log][thread_rollouts]: Thread number: 75

[2020-01-30 14:54:06.430618][EnvironmentNew.Environment.log][thread_rollouts]: Thread number: 74

[2020-01-30 14:54:06.567490][EnvironmentNew.Environment.log][thread_rollouts]: Thread number: 74, Steps performed: 36

[2020-01-30 14:54:06.571466][EnvironmentNew.Environment.log][thread_rollouts]: Thread number: 75, Steps performed: 39

[2020-01-30 14:54:06.571972][EnvironmentNew.Environment.log][thread_rollouts]: Thread number: 76

[2020-01-30 14:54:06.572172][EnvironmentNew.Environment.log][thread_rollouts]: Thread number: 77

[2020-01-30 14:54:06.695921][EnvironmentNew.Environment.log][thread_rollouts]: Thread number: 77, Steps performed: 30

[2020-01-30 14:54:06.717081][EnvironmentNew.Environment.log][thread_rollouts]: Thread number: 76, Steps performed: 41

[2020-01-30 14:54:06.717861][EnvironmentNew.Environment.log][thread_rollouts]: Thread number: 78

[2020-01-30 14:54:06.718165][EnvironmentNew.Environment.log][thread_rollouts]: Thread number: 79

[2020-01-30 14:54:06.853282][EnvironmentNew.Environment.log][thread_rollouts]: Thread number: 78, Steps performed: 34

[2020-01-30 14:54:06.866332][EnvironmentNew.Environment.log][thread_rollouts]: Thread number: 79, Steps performed: 40

[2020-01-30 14:54:06.866951][EnvironmentNew.Environment.log][thread_rollouts]: Thread number: 81

[2020-01-30 14:54:06.866821][EnvironmentNew.Environment.log][thread_rollouts]: Thread number: 80

[2020-01-30 14:54:07.037955][EnvironmentNew.Environment.log][thread_rollouts]: Thread number: 80, Steps performed: 46

[2020-01-30 14:54:07.046174][EnvironmentNew.Environment.log][thread_rollouts]: Thread number: 81, Steps performed: 49

[2020-01-30 14:54:07.046726][EnvironmentNew.Environment.log][thread_rollouts]: Thread number: 82

[2020-01-30 14:54:07.046850][EnvironmentNew.Environment.log][thread_rollouts]: Thread number: 83

[2020-01-30 14:54:07.162599][EnvironmentNew.Environment.log][thread_rollouts]: Thread number: 82, Steps performed: 30

[2020-01-30 14:54:07.171637][EnvironmentNew.Environment.log][thread_rollouts]: Thread number: 83, Steps performed: 33

[2020-01-30 14:54:07.172280][EnvironmentNew.Environment.log][thread_rollouts]: Thread number: 84

[2020-01-30 14:54:07.172627][EnvironmentNew.Environment.log][thread_rollouts]: Thread number: 85

[2020-01-30 14:54:07.295574][EnvironmentNew.Environment.log][thread_rollouts]: Thread number: 85, Steps performed: 34

[2020-01-30 14:54:07.325694][EnvironmentNew.Environment.log][thread_rollouts]: Thread number: 84, Steps performed: 50

[2020-01-30 14:54:07.326210][EnvironmentNew.Environment.log][thread_rollouts]: Thread number: 86

[2020-01-30 14:54:07.326369][EnvironmentNew.Environment.log][thread_rollouts]: Thread number: 87

[2020-01-30 14:54:07.478453][EnvironmentNew.Environment.log][thread_rollouts]: Thread number: 86, Steps performed: 36

[2020-01-30 14:54:07.517098][EnvironmentNew.Environment.log][thread_rollouts]: Thread number: 87, Steps performed: 54

[2020-01-30 14:54:07.517723][EnvironmentNew.Environment.log][thread_rollouts]: Thread number: 88

[2020-01-30 14:54:07.517948][EnvironmentNew.Environment.log][thread_rollouts]: Thread number: 89

[2020-01-30 14:54:07.664041][EnvironmentNew.Environment.log][thread_rollouts]: Thread number: 88, Steps performed: 40

[2020-01-30 14:54:07.707711][EnvironmentNew.Environment.log][thread_rollouts]: Thread number: 89, Steps performed: 66

[2020-01-30 14:54:07.708231][EnvironmentNew.Environment.log][thread_rollouts]: Thread number: 90

[2020-01-30 14:54:07.708366][EnvironmentNew.Environment.log][thread_rollouts]: Thread number: 91

[2020-01-30 14:54:07.838280][EnvironmentNew.Environment.log][thread_rollouts]: Thread number: 90, Steps performed: 37

[2020-01-30 14:54:07.844504][EnvironmentNew.Environment.log][thread_rollouts]: Thread number: 91, Steps performed: 40

[2020-01-30 14:54:07.844947][EnvironmentNew.Environment.log][thread_rollouts]: Thread number: 92

[2020-01-30 14:54:07.845092][EnvironmentNew.Environment.log][thread_rollouts]: Thread number: 93

[2020-01-30 14:54:07.957600][EnvironmentNew.Environment.log][thread_rollouts]: Thread number: 93, Steps performed: 25

[2020-01-30 14:54:08.012854][EnvironmentNew.Environment.log][thread_rollouts]: Thread number: 92, Steps performed: 50

[2020-01-30 14:54:08.013505][EnvironmentNew.Environment.log][thread_rollouts]: Thread number: 94

[2020-01-30 14:54:08.013674][EnvironmentNew.Environment.log][thread_rollouts]: Thread number: 95

[2020-01-30 14:54:08.105584][EnvironmentNew.Environment.log][thread_rollouts]: Thread number: 94, Steps performed: 21

[2020-01-30 14:54:08.196103][EnvironmentNew.Environment.log][thread_rollouts]: Thread number: 95, Steps performed: 72

[2020-01-30 14:54:08.196754][EnvironmentNew.Environment.log][thread_rollouts]: Thread number: 97

[2020-01-30 14:54:08.196590][EnvironmentNew.Environment.log][thread_rollouts]: Thread number: 96

[2020-01-30 14:54:08.314744][EnvironmentNew.Environment.log][thread_rollouts]: Thread number: 96, Steps performed: 27

[2020-01-30 14:54:08.372815][EnvironmentNew.Environment.log][thread_rollouts]: Thread number: 97, Steps performed: 61

[2020-01-30 14:54:08.373467][EnvironmentNew.Environment.log][thread_rollouts]: Thread number: 98

[2020-01-30 14:54:08.373720][EnvironmentNew.Environment.log][thread_rollouts]: Thread number: 99

[2020-01-30 14:54:08.520430][EnvironmentNew.Environment.log][thread_rollouts]: Thread number: 98, Steps performed: 38

[2020-01-30 14:54:08.579400][EnvironmentNew.Environment.log][thread_rollouts]: Thread number: 99, Steps performed: 72

[2020-01-30 14:54:08.582976][__main__.TRPOAgent.log][learning]: Rollouts performed

[2020-01-30 14:54:08.583483][__main__.TRPOAgent.log][batch_info]: Rollout statistics size: 4497, Batch size: 100

[2020-01-30 14:54:08.583808][__main__.TRPOAgent.log][learning]: 

***************
BEGINNING TRAINING
***************



[2020-01-30 14:54:13.967003][__main__.TRPOAgent.log][linesearch]: Linesearch failed. Mean kl divergence: 0.2122097152020826, Discarded policy loss value: -2.6846693070276775

[2020-01-30 14:54:13.967404][__main__.TRPOAgent.log][batch_info]: Current batch value loss: 0.0017295277629998632

[2020-01-30 14:54:15.207807][__main__.TRPOAgent.log][learning]: Episode #2

[2020-01-30 14:54:15.208217][__main__.TRPOAgent.log][learning]: Performing rollouts: rollout length: 1000

[2020-01-30 14:54:15.208654][EnvironmentNew.Environment.log][thread_rollouts]: Thread number: 0

[2020-01-30 14:54:15.208974][EnvironmentNew.Environment.log][thread_rollouts]: Thread number: 1

[2020-01-30 14:54:15.345823][EnvironmentNew.Environment.log][thread_rollouts]: Thread number: 1, Steps performed: 38

[2020-01-30 14:54:15.361377][EnvironmentNew.Environment.log][thread_rollouts]: Thread number: 0, Steps performed: 44

[2020-01-30 14:54:15.362122][EnvironmentNew.Environment.log][thread_rollouts]: Thread number: 3

[2020-01-30 14:54:15.361977][EnvironmentNew.Environment.log][thread_rollouts]: Thread number: 2

[2020-01-30 14:54:15.476845][EnvironmentNew.Environment.log][thread_rollouts]: Thread number: 2, Steps performed: 30

[2020-01-30 14:54:15.493039][EnvironmentNew.Environment.log][thread_rollouts]: Thread number: 3, Steps performed: 39

[2020-01-30 14:54:15.493691][EnvironmentNew.Environment.log][thread_rollouts]: Thread number: 5

[2020-01-30 14:54:15.493532][EnvironmentNew.Environment.log][thread_rollouts]: Thread number: 4

[2020-01-30 14:54:15.642430][EnvironmentNew.Environment.log][thread_rollouts]: Thread number: 5, Steps performed: 37

[2020-01-30 14:54:15.701590][EnvironmentNew.Environment.log][thread_rollouts]: Thread number: 4, Steps performed: 71

[2020-01-30 14:54:15.702054][EnvironmentNew.Environment.log][thread_rollouts]: Thread number: 6

[2020-01-30 14:54:15.702205][EnvironmentNew.Environment.log][thread_rollouts]: Thread number: 7

[2020-01-30 14:54:15.824997][EnvironmentNew.Environment.log][thread_rollouts]: Thread number: 6, Steps performed: 32

[2020-01-30 14:54:15.855922][EnvironmentNew.Environment.log][thread_rollouts]: Thread number: 7, Steps performed: 49

[2020-01-30 14:54:15.856568][EnvironmentNew.Environment.log][thread_rollouts]: Thread number: 9

[2020-01-30 14:54:15.856429][EnvironmentNew.Environment.log][thread_rollouts]: Thread number: 8

[2020-01-30 14:54:16.026807][EnvironmentNew.Environment.log][thread_rollouts]: Thread number: 8, Steps performed: 42

[2020-01-30 14:54:16.039696][EnvironmentNew.Environment.log][thread_rollouts]: Thread number: 9, Steps performed: 51

[2020-01-30 14:54:16.040307][EnvironmentNew.Environment.log][thread_rollouts]: Thread number: 10

[2020-01-30 14:54:16.040726][EnvironmentNew.Environment.log][thread_rollouts]: Thread number: 11

[2020-01-30 14:54:16.155954][EnvironmentNew.Environment.log][thread_rollouts]: Thread number: 11, Steps performed: 29

[2020-01-30 14:54:16.172089][EnvironmentNew.Environment.log][thread_rollouts]: Thread number: 10, Steps performed: 39

[2020-01-30 14:54:16.172598][EnvironmentNew.Environment.log][thread_rollouts]: Thread number: 12

[2020-01-30 14:54:16.172954][EnvironmentNew.Environment.log][thread_rollouts]: Thread number: 13

[2020-01-30 14:54:16.334184][EnvironmentNew.Environment.log][thread_rollouts]: Thread number: 12, Steps performed: 42

[2020-01-30 14:54:16.335964][EnvironmentNew.Environment.log][thread_rollouts]: Thread number: 13, Steps performed: 44

[2020-01-30 14:54:16.336844][EnvironmentNew.Environment.log][thread_rollouts]: Thread number: 14

[2020-01-30 14:54:16.336999][EnvironmentNew.Environment.log][thread_rollouts]: Thread number: 15

[2020-01-30 14:54:16.507378][EnvironmentNew.Environment.log][thread_rollouts]: Thread number: 15, Steps performed: 47

[2020-01-30 14:54:16.568901][EnvironmentNew.Environment.log][thread_rollouts]: Thread number: 14, Steps performed: 81

[2020-01-30 14:54:16.569653][EnvironmentNew.Environment.log][thread_rollouts]: Thread number: 17

[2020-01-30 14:54:16.569393][EnvironmentNew.Environment.log][thread_rollouts]: Thread number: 16

[2020-01-30 14:54:16.669196][EnvironmentNew.Environment.log][thread_rollouts]: Thread number: 16, Steps performed: 26

[2020-01-30 14:54:16.694706][EnvironmentNew.Environment.log][thread_rollouts]: Thread number: 17, Steps performed: 37

[2020-01-30 14:54:16.695212][EnvironmentNew.Environment.log][thread_rollouts]: Thread number: 18

[2020-01-30 14:54:16.695562][EnvironmentNew.Environment.log][thread_rollouts]: Thread number: 19

[2020-01-30 14:54:16.848271][EnvironmentNew.Environment.log][thread_rollouts]: Thread number: 19, Steps performed: 40

[2020-01-30 14:54:16.943036][EnvironmentNew.Environment.log][thread_rollouts]: Thread number: 18, Steps performed: 99

[2020-01-30 14:54:16.943732][EnvironmentNew.Environment.log][thread_rollouts]: Thread number: 20

[2020-01-30 14:54:16.944168][EnvironmentNew.Environment.log][thread_rollouts]: Thread number: 21

[2020-01-30 14:54:17.081416][EnvironmentNew.Environment.log][thread_rollouts]: Thread number: 20, Steps performed: 35

[2020-01-30 14:54:17.151681][EnvironmentNew.Environment.log][thread_rollouts]: Thread number: 21, Steps performed: 74

[2020-01-30 14:54:17.152240][EnvironmentNew.Environment.log][thread_rollouts]: Thread number: 22

[2020-01-30 14:54:17.152530][EnvironmentNew.Environment.log][thread_rollouts]: Thread number: 23

[2020-01-30 14:54:17.300388][EnvironmentNew.Environment.log][thread_rollouts]: Thread number: 23, Steps performed: 34

[2020-01-30 14:54:17.305362][EnvironmentNew.Environment.log][thread_rollouts]: Thread number: 22, Steps performed: 38

[2020-01-30 14:54:17.306174][EnvironmentNew.Environment.log][thread_rollouts]: Thread number: 25

[2020-01-30 14:54:17.306007][EnvironmentNew.Environment.log][thread_rollouts]: Thread number: 24

[2020-01-30 14:54:17.421581][EnvironmentNew.Environment.log][thread_rollouts]: Thread number: 24, Steps performed: 30

[2020-01-30 14:54:17.438633][EnvironmentNew.Environment.log][thread_rollouts]: Thread number: 25, Steps performed: 37

[2020-01-30 14:54:17.439355][EnvironmentNew.Environment.log][thread_rollouts]: Thread number: 26

[2020-01-30 14:54:17.439694][EnvironmentNew.Environment.log][thread_rollouts]: Thread number: 27

[2020-01-30 14:54:17.551369][EnvironmentNew.Environment.log][thread_rollouts]: Thread number: 26, Steps performed: 26

[2020-01-30 14:54:17.604248][EnvironmentNew.Environment.log][thread_rollouts]: Thread number: 27, Steps performed: 50

[2020-01-30 14:54:17.604935][EnvironmentNew.Environment.log][thread_rollouts]: Thread number: 29

[2020-01-30 14:54:17.604769][EnvironmentNew.Environment.log][thread_rollouts]: Thread number: 28

[2020-01-30 14:54:17.719587][EnvironmentNew.Environment.log][thread_rollouts]: Thread number: 28, Steps performed: 32

[2020-01-30 14:54:17.743195][EnvironmentNew.Environment.log][thread_rollouts]: Thread number: 29, Steps performed: 43

[2020-01-30 14:54:17.743827][EnvironmentNew.Environment.log][thread_rollouts]: Thread number: 30

[2020-01-30 14:54:17.743992][EnvironmentNew.Environment.log][thread_rollouts]: Thread number: 31

[2020-01-30 14:54:17.882537][EnvironmentNew.Environment.log][thread_rollouts]: Thread number: 31, Steps performed: 36

[2020-01-30 14:54:17.897376][EnvironmentNew.Environment.log][thread_rollouts]: Thread number: 30, Steps performed: 45

[2020-01-30 14:54:17.897896][EnvironmentNew.Environment.log][thread_rollouts]: Thread number: 32

[2020-01-30 14:54:17.898037][EnvironmentNew.Environment.log][thread_rollouts]: Thread number: 33

[2020-01-30 14:54:17.997187][EnvironmentNew.Environment.log][thread_rollouts]: Thread number: 33, Steps performed: 24

[2020-01-30 14:54:18.017051][EnvironmentNew.Environment.log][thread_rollouts]: Thread number: 32, Steps performed: 33

[2020-01-30 14:54:18.017916][EnvironmentNew.Environment.log][thread_rollouts]: Thread number: 35

[2020-01-30 14:54:18.017728][EnvironmentNew.Environment.log][thread_rollouts]: Thread number: 34

[2020-01-30 14:54:18.270765][EnvironmentNew.Environment.log][thread_rollouts]: Thread number: 35, Steps performed: 73

[2020-01-30 14:54:18.296510][EnvironmentNew.Environment.log][thread_rollouts]: Thread number: 34, Steps performed: 85

[2020-01-30 14:54:18.297243][EnvironmentNew.Environment.log][thread_rollouts]: Thread number: 37

[2020-01-30 14:54:18.297058][EnvironmentNew.Environment.log][thread_rollouts]: Thread number: 36

[2020-01-30 14:54:18.452331][EnvironmentNew.Environment.log][thread_rollouts]: Thread number: 36, Steps performed: 36

[2020-01-30 14:54:18.467983][EnvironmentNew.Environment.log][thread_rollouts]: Thread number: 37, Steps performed: 45

[2020-01-30 14:54:18.468710][EnvironmentNew.Environment.log][thread_rollouts]: Thread number: 39

[2020-01-30 14:54:18.468543][EnvironmentNew.Environment.log][thread_rollouts]: Thread number: 38

[2020-01-30 14:54:18.616480][EnvironmentNew.Environment.log][thread_rollouts]: Thread number: 38, Steps performed: 38

[2020-01-30 14:54:18.723983][EnvironmentNew.Environment.log][thread_rollouts]: Thread number: 39, Steps performed: 111

[2020-01-30 14:54:18.724773][EnvironmentNew.Environment.log][thread_rollouts]: Thread number: 40

[2020-01-30 14:54:18.724952][EnvironmentNew.Environment.log][thread_rollouts]: Thread number: 41

[2020-01-30 14:54:18.854025][EnvironmentNew.Environment.log][thread_rollouts]: Thread number: 41, Steps performed: 34

[2020-01-30 14:54:18.904002][EnvironmentNew.Environment.log][thread_rollouts]: Thread number: 40, Steps performed: 61

[2020-01-30 14:54:18.904787][EnvironmentNew.Environment.log][thread_rollouts]: Thread number: 43

[2020-01-30 14:54:18.904588][EnvironmentNew.Environment.log][thread_rollouts]: Thread number: 42

[2020-01-30 14:54:19.035128][EnvironmentNew.Environment.log][thread_rollouts]: Thread number: 43, Steps performed: 32

[2020-01-30 14:54:19.050283][EnvironmentNew.Environment.log][thread_rollouts]: Thread number: 42, Steps performed: 40

[2020-01-30 14:54:19.050821][EnvironmentNew.Environment.log][thread_rollouts]: Thread number: 44

[2020-01-30 14:54:19.050942][EnvironmentNew.Environment.log][thread_rollouts]: Thread number: 45

[2020-01-30 14:54:19.171299][EnvironmentNew.Environment.log][thread_rollouts]: Thread number: 44, Steps performed: 30

[2020-01-30 14:54:19.183323][EnvironmentNew.Environment.log][thread_rollouts]: Thread number: 45, Steps performed: 37

[2020-01-30 14:54:19.183926][EnvironmentNew.Environment.log][thread_rollouts]: Thread number: 46

[2020-01-30 14:54:19.184232][EnvironmentNew.Environment.log][thread_rollouts]: Thread number: 47

[2020-01-30 14:54:19.262898][EnvironmentNew.Environment.log][thread_rollouts]: Thread number: 47, Steps performed: 20

[2020-01-30 14:54:19.323124][EnvironmentNew.Environment.log][thread_rollouts]: Thread number: 46, Steps performed: 54

[2020-01-30 14:54:19.323774][EnvironmentNew.Environment.log][thread_rollouts]: Thread number: 48

[2020-01-30 14:54:19.323986][EnvironmentNew.Environment.log][thread_rollouts]: Thread number: 49

[2020-01-30 14:54:19.445309][EnvironmentNew.Environment.log][thread_rollouts]: Thread number: 48, Steps performed: 26

[2020-01-30 14:54:19.457632][EnvironmentNew.Environment.log][thread_rollouts]: Thread number: 49, Steps performed: 32

[2020-01-30 14:54:19.458658][EnvironmentNew.Environment.log][thread_rollouts]: Thread number: 51

[2020-01-30 14:54:19.458434][EnvironmentNew.Environment.log][thread_rollouts]: Thread number: 50

[2020-01-30 14:54:19.618641][EnvironmentNew.Environment.log][thread_rollouts]: Thread number: 50, Steps performed: 38

[2020-01-30 14:54:19.630454][EnvironmentNew.Environment.log][thread_rollouts]: Thread number: 51, Steps performed: 43

[2020-01-30 14:54:19.631290][EnvironmentNew.Environment.log][thread_rollouts]: Thread number: 53

[2020-01-30 14:54:19.631091][EnvironmentNew.Environment.log][thread_rollouts]: Thread number: 52

[2020-01-30 14:54:19.744649][EnvironmentNew.Environment.log][thread_rollouts]: Thread number: 53, Steps performed: 29

[2020-01-30 14:54:19.755258][EnvironmentNew.Environment.log][thread_rollouts]: Thread number: 52, Steps performed: 38

[2020-01-30 14:54:19.755731][EnvironmentNew.Environment.log][thread_rollouts]: Thread number: 54

[2020-01-30 14:54:19.756042][EnvironmentNew.Environment.log][thread_rollouts]: Thread number: 55

[2020-01-30 14:54:19.876367][EnvironmentNew.Environment.log][thread_rollouts]: Thread number: 55, Steps performed: 29

[2020-01-30 14:54:19.884177][EnvironmentNew.Environment.log][thread_rollouts]: Thread number: 54, Steps performed: 34

[2020-01-30 14:54:19.884823][EnvironmentNew.Environment.log][thread_rollouts]: Thread number: 57

[2020-01-30 14:54:19.884659][EnvironmentNew.Environment.log][thread_rollouts]: Thread number: 56

[2020-01-30 14:54:20.062615][EnvironmentNew.Environment.log][thread_rollouts]: Thread number: 56, Steps performed: 48

[2020-01-30 14:54:20.139319][EnvironmentNew.Environment.log][thread_rollouts]: Thread number: 57, Steps performed: 94

[2020-01-30 14:54:20.140272][EnvironmentNew.Environment.log][thread_rollouts]: Thread number: 59

[2020-01-30 14:54:20.140028][EnvironmentNew.Environment.log][thread_rollouts]: Thread number: 58

[2020-01-30 14:54:20.228387][EnvironmentNew.Environment.log][thread_rollouts]: Thread number: 58, Steps performed: 21

[2020-01-30 14:54:20.298576][EnvironmentNew.Environment.log][thread_rollouts]: Thread number: 59, Steps performed: 53

[2020-01-30 14:54:20.299196][EnvironmentNew.Environment.log][thread_rollouts]: Thread number: 60

[2020-01-30 14:54:20.299399][EnvironmentNew.Environment.log][thread_rollouts]: Thread number: 61

[2020-01-30 14:54:20.432501][EnvironmentNew.Environment.log][thread_rollouts]: Thread number: 60, Steps performed: 35

[2020-01-30 14:54:20.437763][EnvironmentNew.Environment.log][thread_rollouts]: Thread number: 61, Steps performed: 41

[2020-01-30 14:54:20.438381][EnvironmentNew.Environment.log][thread_rollouts]: Thread number: 63

[2020-01-30 14:54:20.438234][EnvironmentNew.Environment.log][thread_rollouts]: Thread number: 62

[2020-01-30 14:54:20.592079][EnvironmentNew.Environment.log][thread_rollouts]: Thread number: 62, Steps performed: 36

[2020-01-30 14:54:20.620664][EnvironmentNew.Environment.log][thread_rollouts]: Thread number: 63, Steps performed: 47

[2020-01-30 14:54:20.621569][EnvironmentNew.Environment.log][thread_rollouts]: Thread number: 65

[2020-01-30 14:54:20.621302][EnvironmentNew.Environment.log][thread_rollouts]: Thread number: 64

[2020-01-30 14:54:20.754403][EnvironmentNew.Environment.log][thread_rollouts]: Thread number: 65, Steps performed: 32

[2020-01-30 14:54:20.766350][EnvironmentNew.Environment.log][thread_rollouts]: Thread number: 64, Steps performed: 38

[2020-01-30 14:54:20.766970][EnvironmentNew.Environment.log][thread_rollouts]: Thread number: 67

[2020-01-30 14:54:20.766837][EnvironmentNew.Environment.log][thread_rollouts]: Thread number: 66

[2020-01-30 14:54:20.862130][EnvironmentNew.Environment.log][thread_rollouts]: Thread number: 66, Steps performed: 23

[2020-01-30 14:54:20.892423][EnvironmentNew.Environment.log][thread_rollouts]: Thread number: 67, Steps performed: 38

[2020-01-30 14:54:20.893516][EnvironmentNew.Environment.log][thread_rollouts]: Thread number: 69

[2020-01-30 14:54:20.893284][EnvironmentNew.Environment.log][thread_rollouts]: Thread number: 68

[2020-01-30 14:54:21.013600][EnvironmentNew.Environment.log][thread_rollouts]: Thread number: 69, Steps performed: 30

[2020-01-30 14:54:21.022507][EnvironmentNew.Environment.log][thread_rollouts]: Thread number: 68, Steps performed: 37

[2020-01-30 14:54:21.023096][EnvironmentNew.Environment.log][thread_rollouts]: Thread number: 70

[2020-01-30 14:54:21.023251][EnvironmentNew.Environment.log][thread_rollouts]: Thread number: 71

[2020-01-30 14:54:21.223180][EnvironmentNew.Environment.log][thread_rollouts]: Thread number: 71, Steps performed: 56

[2020-01-30 14:54:21.241186][EnvironmentNew.Environment.log][thread_rollouts]: Thread number: 70, Steps performed: 69

[2020-01-30 14:54:21.241941][EnvironmentNew.Environment.log][thread_rollouts]: Thread number: 72

[2020-01-30 14:54:21.242200][EnvironmentNew.Environment.log][thread_rollouts]: Thread number: 73

[2020-01-30 14:54:21.405863][EnvironmentNew.Environment.log][thread_rollouts]: Thread number: 72, Steps performed: 42

[2020-01-30 14:54:21.406603][EnvironmentNew.Environment.log][thread_rollouts]: Thread number: 73, Steps performed: 39

[2020-01-30 14:54:21.407238][EnvironmentNew.Environment.log][thread_rollouts]: Thread number: 75

[2020-01-30 14:54:21.407100][EnvironmentNew.Environment.log][thread_rollouts]: Thread number: 74

[2020-01-30 14:54:21.568318][EnvironmentNew.Environment.log][thread_rollouts]: Thread number: 75, Steps performed: 40

[2020-01-30 14:54:21.589651][EnvironmentNew.Environment.log][thread_rollouts]: Thread number: 74, Steps performed: 49

[2020-01-30 14:54:21.590188][EnvironmentNew.Environment.log][thread_rollouts]: Thread number: 76

[2020-01-30 14:54:21.590320][EnvironmentNew.Environment.log][thread_rollouts]: Thread number: 77

[2020-01-30 14:54:21.728727][EnvironmentNew.Environment.log][thread_rollouts]: Thread number: 77, Steps performed: 36

[2020-01-30 14:54:21.753458][EnvironmentNew.Environment.log][thread_rollouts]: Thread number: 76, Steps performed: 48

[2020-01-30 14:54:21.754085][EnvironmentNew.Environment.log][thread_rollouts]: Thread number: 78

[2020-01-30 14:54:21.754355][EnvironmentNew.Environment.log][thread_rollouts]: Thread number: 79

[2020-01-30 14:54:21.874794][EnvironmentNew.Environment.log][thread_rollouts]: Thread number: 78, Steps performed: 31

[2020-01-30 14:54:21.894427][EnvironmentNew.Environment.log][thread_rollouts]: Thread number: 79, Steps performed: 43

[2020-01-30 14:54:21.895010][EnvironmentNew.Environment.log][thread_rollouts]: Thread number: 80

[2020-01-30 14:54:21.895273][EnvironmentNew.Environment.log][thread_rollouts]: Thread number: 81

[2020-01-30 14:54:22.024553][EnvironmentNew.Environment.log][thread_rollouts]: Thread number: 80, Steps performed: 33

[2020-01-30 14:54:22.038835][EnvironmentNew.Environment.log][thread_rollouts]: Thread number: 81, Steps performed: 40

[2020-01-30 14:54:22.039470][EnvironmentNew.Environment.log][thread_rollouts]: Thread number: 82

[2020-01-30 14:54:22.039816][EnvironmentNew.Environment.log][thread_rollouts]: Thread number: 83

[2020-01-30 14:54:22.156007][EnvironmentNew.Environment.log][thread_rollouts]: Thread number: 83, Steps performed: 28

[2020-01-30 14:54:22.211337][EnvironmentNew.Environment.log][thread_rollouts]: Thread number: 82, Steps performed: 59

[2020-01-30 14:54:22.211913][EnvironmentNew.Environment.log][thread_rollouts]: Thread number: 84

[2020-01-30 14:54:22.212157][EnvironmentNew.Environment.log][thread_rollouts]: Thread number: 85

[2020-01-30 14:54:22.342181][EnvironmentNew.Environment.log][thread_rollouts]: Thread number: 84, Steps performed: 35

[2020-01-30 14:54:22.361133][EnvironmentNew.Environment.log][thread_rollouts]: Thread number: 85, Steps performed: 43

[2020-01-30 14:54:22.361766][EnvironmentNew.Environment.log][thread_rollouts]: Thread number: 87

[2020-01-30 14:54:22.361641][EnvironmentNew.Environment.log][thread_rollouts]: Thread number: 86

[2020-01-30 14:54:22.471294][EnvironmentNew.Environment.log][thread_rollouts]: Thread number: 87, Steps performed: 28

[2020-01-30 14:54:22.490663][EnvironmentNew.Environment.log][thread_rollouts]: Thread number: 86, Steps performed: 37

[2020-01-30 14:54:22.491353][EnvironmentNew.Environment.log][thread_rollouts]: Thread number: 89

[2020-01-30 14:54:22.491215][EnvironmentNew.Environment.log][thread_rollouts]: Thread number: 88

[2020-01-30 14:54:22.659396][EnvironmentNew.Environment.log][thread_rollouts]: Thread number: 88, Steps performed: 45

[2020-01-30 14:54:22.694154][EnvironmentNew.Environment.log][thread_rollouts]: Thread number: 89, Steps performed: 62

[2020-01-30 14:54:22.694748][EnvironmentNew.Environment.log][thread_rollouts]: Thread number: 90

[2020-01-30 14:54:22.695191][EnvironmentNew.Environment.log][thread_rollouts]: Thread number: 91

[2020-01-30 14:54:22.870036][EnvironmentNew.Environment.log][thread_rollouts]: Thread number: 91, Steps performed: 49

[2020-01-30 14:54:22.896593][EnvironmentNew.Environment.log][thread_rollouts]: Thread number: 90, Steps performed: 63

[2020-01-30 14:54:22.897208][EnvironmentNew.Environment.log][thread_rollouts]: Thread number: 92

[2020-01-30 14:54:22.897660][EnvironmentNew.Environment.log][thread_rollouts]: Thread number: 93

[2020-01-30 14:54:23.061521][EnvironmentNew.Environment.log][thread_rollouts]: Thread number: 93, Steps performed: 45

[2020-01-30 14:54:23.096687][EnvironmentNew.Environment.log][thread_rollouts]: Thread number: 92, Steps performed: 64

[2020-01-30 14:54:23.097349][EnvironmentNew.Environment.log][thread_rollouts]: Thread number: 94

[2020-01-30 14:54:23.097525][EnvironmentNew.Environment.log][thread_rollouts]: Thread number: 95

[2020-01-30 14:54:23.215154][EnvironmentNew.Environment.log][thread_rollouts]: Thread number: 95, Steps performed: 28

[2020-01-30 14:54:23.239827][EnvironmentNew.Environment.log][thread_rollouts]: Thread number: 94, Steps performed: 41

[2020-01-30 14:54:23.240495][EnvironmentNew.Environment.log][thread_rollouts]: Thread number: 97

[2020-01-30 14:54:23.240345][EnvironmentNew.Environment.log][thread_rollouts]: Thread number: 96

[2020-01-30 14:54:23.375960][EnvironmentNew.Environment.log][thread_rollouts]: Thread number: 97, Steps performed: 37

[2020-01-30 14:54:23.410211][EnvironmentNew.Environment.log][thread_rollouts]: Thread number: 96, Steps performed: 54

[2020-01-30 14:54:23.410972][EnvironmentNew.Environment.log][thread_rollouts]: Thread number: 98

[2020-01-30 14:54:23.411502][EnvironmentNew.Environment.log][thread_rollouts]: Thread number: 99

[2020-01-30 14:54:23.510467][EnvironmentNew.Environment.log][thread_rollouts]: Thread number: 98, Steps performed: 24

[2020-01-30 14:54:23.512774][EnvironmentNew.Environment.log][thread_rollouts]: Thread number: 99, Steps performed: 24

[2020-01-30 14:54:23.515985][__main__.TRPOAgent.log][learning]: Rollouts performed

[2020-01-30 14:54:23.516324][__main__.TRPOAgent.log][batch_info]: Rollout statistics size: 4284, Batch size: 100

[2020-01-30 14:54:23.516577][__main__.TRPOAgent.log][learning]: 

***************
BEGINNING TRAINING
***************



[2020-01-30 14:54:28.706592][__main__.TRPOAgent.log][linesearch]: Linesearch failed. Mean kl divergence: 0.10409401122045164, Discarded policy loss value: -0.12041259135239724

[2020-01-30 14:54:28.707029][__main__.TRPOAgent.log][batch_info]: Current batch value loss: 0.00038023092162890276

[2020-01-30 14:54:29.584183][__main__.TRPOAgent.log][learning]: Episode #3

[2020-01-30 14:54:29.584783][__main__.TRPOAgent.log][learning]: Performing rollouts: rollout length: 1000

[2020-01-30 14:54:29.585473][EnvironmentNew.Environment.log][thread_rollouts]: Thread number: 0

[2020-01-30 14:54:29.585707][EnvironmentNew.Environment.log][thread_rollouts]: Thread number: 1

[2020-01-30 14:54:29.702928][EnvironmentNew.Environment.log][thread_rollouts]: Thread number: 0, Steps performed: 27

[2020-01-30 14:54:29.711043][EnvironmentNew.Environment.log][thread_rollouts]: Thread number: 1, Steps performed: 33

[2020-01-30 14:54:29.712038][EnvironmentNew.Environment.log][thread_rollouts]: Thread number: 3

[2020-01-30 14:54:29.711866][EnvironmentNew.Environment.log][thread_rollouts]: Thread number: 2

[2020-01-30 14:54:29.824478][EnvironmentNew.Environment.log][thread_rollouts]: Thread number: 3, Steps performed: 26

[2020-01-30 14:54:29.828528][EnvironmentNew.Environment.log][thread_rollouts]: Thread number: 2, Steps performed: 27

[2020-01-30 14:54:29.829095][EnvironmentNew.Environment.log][thread_rollouts]: Thread number: 5

[2020-01-30 14:54:29.828980][EnvironmentNew.Environment.log][thread_rollouts]: Thread number: 4

[2020-01-30 14:54:29.922276][EnvironmentNew.Environment.log][thread_rollouts]: Thread number: 5, Steps performed: 24

[2020-01-30 14:54:29.938980][EnvironmentNew.Environment.log][thread_rollouts]: Thread number: 4, Steps performed: 30

[2020-01-30 14:54:29.939713][EnvironmentNew.Environment.log][thread_rollouts]: Thread number: 6

[2020-01-30 14:54:29.940081][EnvironmentNew.Environment.log][thread_rollouts]: Thread number: 7

[2020-01-30 14:54:30.021713][EnvironmentNew.Environment.log][thread_rollouts]: Thread number: 6, Steps performed: 19

[2020-01-30 14:54:30.051673][EnvironmentNew.Environment.log][thread_rollouts]: Thread number: 7, Steps performed: 34

[2020-01-30 14:54:30.052569][EnvironmentNew.Environment.log][thread_rollouts]: Thread number: 9

[2020-01-30 14:54:30.052379][EnvironmentNew.Environment.log][thread_rollouts]: Thread number: 8

[2020-01-30 14:54:30.160083][EnvironmentNew.Environment.log][thread_rollouts]: Thread number: 8, Steps performed: 27

[2020-01-30 14:54:30.162101][EnvironmentNew.Environment.log][thread_rollouts]: Thread number: 9, Steps performed: 28

[2020-01-30 14:54:30.162865][EnvironmentNew.Environment.log][thread_rollouts]: Thread number: 11

[2020-01-30 14:54:30.162678][EnvironmentNew.Environment.log][thread_rollouts]: Thread number: 10

[2020-01-30 14:54:30.302115][EnvironmentNew.Environment.log][thread_rollouts]: Thread number: 10, Steps performed: 32

[2020-01-30 14:54:30.322684][EnvironmentNew.Environment.log][thread_rollouts]: Thread number: 11, Steps performed: 41

[2020-01-30 14:54:30.323359][EnvironmentNew.Environment.log][thread_rollouts]: Thread number: 12

[2020-01-30 14:54:30.323542][EnvironmentNew.Environment.log][thread_rollouts]: Thread number: 13

[2020-01-30 14:54:30.491958][EnvironmentNew.Environment.log][thread_rollouts]: Thread number: 12, Steps performed: 40

[2020-01-30 14:54:30.493449][EnvironmentNew.Environment.log][thread_rollouts]: Thread number: 13, Steps performed: 43

[2020-01-30 14:54:30.494147][EnvironmentNew.Environment.log][thread_rollouts]: Thread number: 14

[2020-01-30 14:54:30.494286][EnvironmentNew.Environment.log][thread_rollouts]: Thread number: 15

[2020-01-30 14:54:30.585823][EnvironmentNew.Environment.log][thread_rollouts]: Thread number: 14, Steps performed: 23

[2020-01-30 14:54:30.643560][EnvironmentNew.Environment.log][thread_rollouts]: Thread number: 15, Steps performed: 53

[2020-01-30 14:54:30.644244][EnvironmentNew.Environment.log][thread_rollouts]: Thread number: 17

[2020-01-30 14:54:30.644068][EnvironmentNew.Environment.log][thread_rollouts]: Thread number: 16

[2020-01-30 14:54:30.758901][EnvironmentNew.Environment.log][thread_rollouts]: Thread number: 16, Steps performed: 26

[2020-01-30 14:54:30.769723][EnvironmentNew.Environment.log][thread_rollouts]: Thread number: 17, Steps performed: 32

[2020-01-30 14:54:30.770297][EnvironmentNew.Environment.log][thread_rollouts]: Thread number: 18

[2020-01-30 14:54:30.770459][EnvironmentNew.Environment.log][thread_rollouts]: Thread number: 19

[2020-01-30 14:54:30.896436][EnvironmentNew.Environment.log][thread_rollouts]: Thread number: 18, Steps performed: 33

[2020-01-30 14:54:30.904089][EnvironmentNew.Environment.log][thread_rollouts]: Thread number: 19, Steps performed: 36

[2020-01-30 14:54:30.904851][EnvironmentNew.Environment.log][thread_rollouts]: Thread number: 20

[2020-01-30 14:54:30.904967][EnvironmentNew.Environment.log][thread_rollouts]: Thread number: 21

[2020-01-30 14:54:31.052112][EnvironmentNew.Environment.log][thread_rollouts]: Thread number: 20, Steps performed: 40

[2020-01-30 14:54:31.073070][EnvironmentNew.Environment.log][thread_rollouts]: Thread number: 21, Steps performed: 50

[2020-01-30 14:54:31.073537][EnvironmentNew.Environment.log][thread_rollouts]: Thread number: 22

[2020-01-30 14:54:31.073655][EnvironmentNew.Environment.log][thread_rollouts]: Thread number: 23

[2020-01-30 14:54:31.169724][EnvironmentNew.Environment.log][thread_rollouts]: Thread number: 23, Steps performed: 22

[2020-01-30 14:54:31.221800][EnvironmentNew.Environment.log][thread_rollouts]: Thread number: 22, Steps performed: 50

[2020-01-30 14:54:31.222557][EnvironmentNew.Environment.log][thread_rollouts]: Thread number: 25

[2020-01-30 14:54:31.222343][EnvironmentNew.Environment.log][thread_rollouts]: Thread number: 24

[2020-01-30 14:54:31.365560][EnvironmentNew.Environment.log][thread_rollouts]: Thread number: 24, Steps performed: 37

[2020-01-30 14:54:31.373312][EnvironmentNew.Environment.log][thread_rollouts]: Thread number: 25, Steps performed: 40

[2020-01-30 14:54:31.373952][EnvironmentNew.Environment.log][thread_rollouts]: Thread number: 26

[2020-01-30 14:54:31.374175][EnvironmentNew.Environment.log][thread_rollouts]: Thread number: 27

[2020-01-30 14:54:31.501891][EnvironmentNew.Environment.log][thread_rollouts]: Thread number: 27, Steps performed: 31

[2020-01-30 14:54:31.550177][EnvironmentNew.Environment.log][thread_rollouts]: Thread number: 26, Steps performed: 57

[2020-01-30 14:54:31.550742][EnvironmentNew.Environment.log][thread_rollouts]: Thread number: 28

[2020-01-30 14:54:31.550976][EnvironmentNew.Environment.log][thread_rollouts]: Thread number: 29

[2020-01-30 14:54:31.685061][EnvironmentNew.Environment.log][thread_rollouts]: Thread number: 28, Steps performed: 34

[2020-01-30 14:54:31.687697][EnvironmentNew.Environment.log][thread_rollouts]: Thread number: 29, Steps performed: 36

[2020-01-30 14:54:31.688356][EnvironmentNew.Environment.log][thread_rollouts]: Thread number: 30

[2020-01-30 14:54:31.688546][EnvironmentNew.Environment.log][thread_rollouts]: Thread number: 31

[2020-01-30 14:54:31.820577][EnvironmentNew.Environment.log][thread_rollouts]: Thread number: 31, Steps performed: 28

[2020-01-30 14:54:31.831901][EnvironmentNew.Environment.log][thread_rollouts]: Thread number: 30, Steps performed: 33

[2020-01-30 14:54:31.832482][EnvironmentNew.Environment.log][thread_rollouts]: Thread number: 32

[2020-01-30 14:54:31.832642][EnvironmentNew.Environment.log][thread_rollouts]: Thread number: 33

[2020-01-30 14:54:31.966031][EnvironmentNew.Environment.log][thread_rollouts]: Thread number: 32, Steps performed: 25

[2020-01-30 14:54:32.096914][EnvironmentNew.Environment.log][thread_rollouts]: Thread number: 33, Steps performed: 88

[2020-01-30 14:54:32.097468][EnvironmentNew.Environment.log][thread_rollouts]: Thread number: 34

[2020-01-30 14:54:32.097665][EnvironmentNew.Environment.log][thread_rollouts]: Thread number: 35

[2020-01-30 14:54:32.225984][EnvironmentNew.Environment.log][thread_rollouts]: Thread number: 34, Steps performed: 24

[2020-01-30 14:54:32.282873][EnvironmentNew.Environment.log][thread_rollouts]: Thread number: 35, Steps performed: 44

[2020-01-30 14:54:32.284202][EnvironmentNew.Environment.log][thread_rollouts]: Thread number: 36

[2020-01-30 14:54:32.284427][EnvironmentNew.Environment.log][thread_rollouts]: Thread number: 37

[2020-01-30 14:54:32.398535][EnvironmentNew.Environment.log][thread_rollouts]: Thread number: 36, Steps performed: 26

[2020-01-30 14:54:32.438381][EnvironmentNew.Environment.log][thread_rollouts]: Thread number: 37, Steps performed: 41

[2020-01-30 14:54:32.439025][EnvironmentNew.Environment.log][thread_rollouts]: Thread number: 38

[2020-01-30 14:54:32.439187][EnvironmentNew.Environment.log][thread_rollouts]: Thread number: 39

[2020-01-30 14:54:32.616287][EnvironmentNew.Environment.log][thread_rollouts]: Thread number: 39, Steps performed: 34

[2020-01-30 14:54:32.624036][EnvironmentNew.Environment.log][thread_rollouts]: Thread number: 38, Steps performed: 37

[2020-01-30 14:54:32.624765][EnvironmentNew.Environment.log][thread_rollouts]: Thread number: 41

[2020-01-30 14:54:32.624576][EnvironmentNew.Environment.log][thread_rollouts]: Thread number: 40

[2020-01-30 14:54:32.774703][EnvironmentNew.Environment.log][thread_rollouts]: Thread number: 40, Steps performed: 31

[2020-01-30 14:54:32.776509][EnvironmentNew.Environment.log][thread_rollouts]: Thread number: 41, Steps performed: 31

[2020-01-30 14:54:32.777029][EnvironmentNew.Environment.log][thread_rollouts]: Thread number: 42

[2020-01-30 14:54:32.777315][EnvironmentNew.Environment.log][thread_rollouts]: Thread number: 43

[2020-01-30 14:54:32.911233][EnvironmentNew.Environment.log][thread_rollouts]: Thread number: 42, Steps performed: 29

[2020-01-30 14:54:32.947860][EnvironmentNew.Environment.log][thread_rollouts]: Thread number: 43, Steps performed: 45

[2020-01-30 14:54:32.948393][EnvironmentNew.Environment.log][thread_rollouts]: Thread number: 44

[2020-01-30 14:54:32.948569][EnvironmentNew.Environment.log][thread_rollouts]: Thread number: 45

[2020-01-30 14:54:33.082857][EnvironmentNew.Environment.log][thread_rollouts]: Thread number: 45, Steps performed: 22

[2020-01-30 14:54:33.118706][EnvironmentNew.Environment.log][thread_rollouts]: Thread number: 44, Steps performed: 38

[2020-01-30 14:54:33.119435][EnvironmentNew.Environment.log][thread_rollouts]: Thread number: 46

[2020-01-30 14:54:33.119663][EnvironmentNew.Environment.log][thread_rollouts]: Thread number: 47

[2020-01-30 14:54:33.225084][EnvironmentNew.Environment.log][thread_rollouts]: Thread number: 47, Steps performed: 21

[2020-01-30 14:54:33.337770][EnvironmentNew.Environment.log][thread_rollouts]: Thread number: 46, Steps performed: 80

[2020-01-30 14:54:33.338250][EnvironmentNew.Environment.log][thread_rollouts]: Thread number: 48

[2020-01-30 14:54:33.338413][EnvironmentNew.Environment.log][thread_rollouts]: Thread number: 49

[2020-01-30 14:54:33.486622][EnvironmentNew.Environment.log][thread_rollouts]: Thread number: 49, Steps performed: 37

[2020-01-30 14:54:33.493462][EnvironmentNew.Environment.log][thread_rollouts]: Thread number: 48, Steps performed: 42

[2020-01-30 14:54:33.494202][EnvironmentNew.Environment.log][thread_rollouts]: Thread number: 50

[2020-01-30 14:54:33.494323][EnvironmentNew.Environment.log][thread_rollouts]: Thread number: 51

[2020-01-30 14:54:33.596010][EnvironmentNew.Environment.log][thread_rollouts]: Thread number: 51, Steps performed: 27

[2020-01-30 14:54:33.629809][EnvironmentNew.Environment.log][thread_rollouts]: Thread number: 50, Steps performed: 49

[2020-01-30 14:54:33.630381][EnvironmentNew.Environment.log][thread_rollouts]: Thread number: 52

[2020-01-30 14:54:33.630514][EnvironmentNew.Environment.log][thread_rollouts]: Thread number: 53

[2020-01-30 14:54:33.751785][EnvironmentNew.Environment.log][thread_rollouts]: Thread number: 52, Steps performed: 30

[2020-01-30 14:54:33.752586][EnvironmentNew.Environment.log][thread_rollouts]: Thread number: 53, Steps performed: 31

[2020-01-30 14:54:33.753635][EnvironmentNew.Environment.log][thread_rollouts]: Thread number: 55

[2020-01-30 14:54:33.753380][EnvironmentNew.Environment.log][thread_rollouts]: Thread number: 54

