LOGGER started at 2020-01-31 12:19:29.629412.
Currently active debug channels:
	act
	batch_info
	linesearch
	learning
	thread_rollouts
[2020-01-31 12:19:30.261572][__main__.TRPOAgent.log][learning]: Episode #0

[2020-01-31 12:19:30.465738][__main__.TRPOAgent.log][learning]: Performing rollouts: rollout length: 1600

[2020-01-31 12:19:30.466444][EnvironmentNew.Environment.log][thread_rollouts]: Thread number: 1

[2020-01-31 12:19:30.466260][EnvironmentNew.Environment.log][thread_rollouts]: Thread number: 0

[2020-01-31 12:19:30.533538][EnvironmentNew.Environment.log][thread_rollouts]: Thread number: 1, Steps performed: 10

[2020-01-31 12:19:30.534015][EnvironmentNew.Environment.log][thread_rollouts]: Thread number: 0, Steps performed: 10

[2020-01-31 12:19:30.535335][EnvironmentNew.Environment.log][thread_rollouts]: Thread number: 3

[2020-01-31 12:19:30.535181][EnvironmentNew.Environment.log][thread_rollouts]: Thread number: 2

[2020-01-31 12:19:30.595459][EnvironmentNew.Environment.log][thread_rollouts]: Thread number: 3, Steps performed: 10

[2020-01-31 12:19:30.597327][EnvironmentNew.Environment.log][thread_rollouts]: Thread number: 2, Steps performed: 11

[2020-01-31 12:19:30.598102][EnvironmentNew.Environment.log][thread_rollouts]: Thread number: 4

[2020-01-31 12:19:30.598329][EnvironmentNew.Environment.log][thread_rollouts]: Thread number: 5

[2020-01-31 12:19:30.658056][EnvironmentNew.Environment.log][thread_rollouts]: Thread number: 4, Steps performed: 11

[2020-01-31 12:19:30.663810][EnvironmentNew.Environment.log][thread_rollouts]: Thread number: 5, Steps performed: 14

[2020-01-31 12:19:30.664560][EnvironmentNew.Environment.log][thread_rollouts]: Thread number: 6

[2020-01-31 12:19:30.665863][EnvironmentNew.Environment.log][thread_rollouts]: Thread number: 7

[2020-01-31 12:19:30.718602][EnvironmentNew.Environment.log][thread_rollouts]: Thread number: 6, Steps performed: 10

[2020-01-31 12:19:30.719139][EnvironmentNew.Environment.log][thread_rollouts]: Thread number: 7, Steps performed: 9

[2020-01-31 12:19:30.720232][EnvironmentNew.Environment.log][thread_rollouts]: Thread number: 8

[2020-01-31 12:19:30.720409][EnvironmentNew.Environment.log][thread_rollouts]: Thread number: 9

[2020-01-31 12:19:30.776705][EnvironmentNew.Environment.log][thread_rollouts]: Thread number: 9, Steps performed: 10

[2020-01-31 12:19:30.776791][EnvironmentNew.Environment.log][thread_rollouts]: Thread number: 8, Steps performed: 10

[2020-01-31 12:19:30.778589][EnvironmentNew.Environment.log][thread_rollouts]: Thread number: 11

[2020-01-31 12:19:30.778410][EnvironmentNew.Environment.log][thread_rollouts]: Thread number: 10

[2020-01-31 12:19:30.835320][EnvironmentNew.Environment.log][thread_rollouts]: Thread number: 11, Steps performed: 10

[2020-01-31 12:19:30.836549][EnvironmentNew.Environment.log][thread_rollouts]: Thread number: 10, Steps performed: 10

[2020-01-31 12:19:30.837068][EnvironmentNew.Environment.log][thread_rollouts]: Thread number: 12

[2020-01-31 12:19:30.837221][EnvironmentNew.Environment.log][thread_rollouts]: Thread number: 13

[2020-01-31 12:19:30.891445][EnvironmentNew.Environment.log][thread_rollouts]: Thread number: 13, Steps performed: 10

[2020-01-31 12:19:30.891354][EnvironmentNew.Environment.log][thread_rollouts]: Thread number: 12, Steps performed: 10

[2020-01-31 12:19:30.892833][EnvironmentNew.Environment.log][thread_rollouts]: Thread number: 14

[2020-01-31 12:19:30.892999][EnvironmentNew.Environment.log][thread_rollouts]: Thread number: 15

[2020-01-31 12:19:30.948160][EnvironmentNew.Environment.log][thread_rollouts]: Thread number: 15, Steps performed: 10

[2020-01-31 12:19:30.948671][EnvironmentNew.Environment.log][thread_rollouts]: Thread number: 14, Steps performed: 10

[2020-01-31 12:19:30.949910][EnvironmentNew.Environment.log][thread_rollouts]: Thread number: 17

[2020-01-31 12:19:30.949744][EnvironmentNew.Environment.log][thread_rollouts]: Thread number: 16

[2020-01-31 12:19:31.001206][EnvironmentNew.Environment.log][thread_rollouts]: Thread number: 16, Steps performed: 9

[2020-01-31 12:19:31.002269][EnvironmentNew.Environment.log][thread_rollouts]: Thread number: 17, Steps performed: 10

[2020-01-31 12:19:31.003103][EnvironmentNew.Environment.log][thread_rollouts]: Thread number: 18

[2020-01-31 12:19:31.003248][EnvironmentNew.Environment.log][thread_rollouts]: Thread number: 19

[2020-01-31 12:19:31.057442][EnvironmentNew.Environment.log][thread_rollouts]: Thread number: 18, Steps performed: 10

[2020-01-31 12:19:31.057737][EnvironmentNew.Environment.log][thread_rollouts]: Thread number: 19, Steps performed: 10

[2020-01-31 12:19:31.058907][EnvironmentNew.Environment.log][thread_rollouts]: Thread number: 20

[2020-01-31 12:19:31.059038][EnvironmentNew.Environment.log][thread_rollouts]: Thread number: 21

[2020-01-31 12:19:31.110316][EnvironmentNew.Environment.log][thread_rollouts]: Thread number: 21, Steps performed: 10

[2020-01-31 12:19:31.112879][EnvironmentNew.Environment.log][thread_rollouts]: Thread number: 20, Steps performed: 12

[2020-01-31 12:19:31.113758][EnvironmentNew.Environment.log][thread_rollouts]: Thread number: 23

[2020-01-31 12:19:31.113617][EnvironmentNew.Environment.log][thread_rollouts]: Thread number: 22

[2020-01-31 12:19:31.167485][EnvironmentNew.Environment.log][thread_rollouts]: Thread number: 22, Steps performed: 11

[2020-01-31 12:19:31.169777][EnvironmentNew.Environment.log][thread_rollouts]: Thread number: 23, Steps performed: 12

[2020-01-31 12:19:31.170325][EnvironmentNew.Environment.log][thread_rollouts]: Thread number: 24

[2020-01-31 12:19:31.170520][EnvironmentNew.Environment.log][thread_rollouts]: Thread number: 25

[2020-01-31 12:19:31.220004][EnvironmentNew.Environment.log][thread_rollouts]: Thread number: 25, Steps performed: 10

[2020-01-31 12:19:31.220580][EnvironmentNew.Environment.log][thread_rollouts]: Thread number: 24, Steps performed: 10

[2020-01-31 12:19:31.221300][EnvironmentNew.Environment.log][thread_rollouts]: Thread number: 26

[2020-01-31 12:19:31.221515][EnvironmentNew.Environment.log][thread_rollouts]: Thread number: 27

[2020-01-31 12:19:31.264317][EnvironmentNew.Environment.log][thread_rollouts]: Thread number: 27, Steps performed: 10

[2020-01-31 12:19:31.264261][EnvironmentNew.Environment.log][thread_rollouts]: Thread number: 26, Steps performed: 10

[2020-01-31 12:19:31.265341][EnvironmentNew.Environment.log][thread_rollouts]: Thread number: 28

[2020-01-31 12:19:31.265685][EnvironmentNew.Environment.log][thread_rollouts]: Thread number: 29

[2020-01-31 12:19:31.311858][EnvironmentNew.Environment.log][thread_rollouts]: Thread number: 29, Steps performed: 11

[2020-01-31 12:19:31.312650][EnvironmentNew.Environment.log][thread_rollouts]: Thread number: 28, Steps performed: 12

[2020-01-31 12:19:31.313163][__main__.TRPOAgent.log][learning]: Rollouts performed

