LOGGER started at 2020-01-30 15:15:07.059771.
Currently active debug channels:
	act
	batch_info
	linesearch
	learning
	thread_rollouts
[2020-01-30 15:15:07.676776][__main__.TRPOAgent.log][learning]: Episode #0

[2020-01-30 15:15:07.920567][__main__.TRPOAgent.log][learning]: Performing rollouts: rollout length: 1000

[2020-01-30 15:15:07.921477][EnvironmentNew.Environment.log][thread_rollouts]: Thread number: 0

[2020-01-30 15:15:07.921799][EnvironmentNew.Environment.log][thread_rollouts]: Thread number: 1

[2020-01-30 15:15:08.501082][EnvironmentNew.Environment.log][thread_rollouts]: Thread number: 0, Steps performed: 155

[2020-01-30 15:15:08.541116][EnvironmentNew.Environment.log][thread_rollouts]: Thread number: 1, Steps performed: 179

[2020-01-30 15:15:08.541652][EnvironmentNew.Environment.log][thread_rollouts]: Thread number: 2

[2020-01-30 15:15:08.541792][EnvironmentNew.Environment.log][thread_rollouts]: Thread number: 3

[2020-01-30 15:15:08.793477][EnvironmentNew.Environment.log][thread_rollouts]: Thread number: 3, Steps performed: 79

[2020-01-30 15:15:08.920862][EnvironmentNew.Environment.log][thread_rollouts]: Thread number: 2, Steps performed: 164

[2020-01-30 15:15:08.921597][EnvironmentNew.Environment.log][thread_rollouts]: Thread number: 4

[2020-01-30 15:15:08.921749][EnvironmentNew.Environment.log][thread_rollouts]: Thread number: 5

[2020-01-30 15:15:09.228605][EnvironmentNew.Environment.log][thread_rollouts]: Thread number: 4, Steps performed: 95

[2020-01-30 15:15:09.305682][EnvironmentNew.Environment.log][thread_rollouts]: Thread number: 5, Steps performed: 143

[2020-01-30 15:15:09.306235][EnvironmentNew.Environment.log][thread_rollouts]: Thread number: 6

[2020-01-30 15:15:09.306461][EnvironmentNew.Environment.log][thread_rollouts]: Thread number: 7

[2020-01-30 15:15:09.592118][EnvironmentNew.Environment.log][thread_rollouts]: Thread number: 6, Steps performed: 84

[2020-01-30 15:15:09.606176][EnvironmentNew.Environment.log][thread_rollouts]: Thread number: 7, Steps performed: 91

[2020-01-30 15:15:09.606655][EnvironmentNew.Environment.log][thread_rollouts]: Thread number: 8

[2020-01-30 15:15:09.606772][EnvironmentNew.Environment.log][thread_rollouts]: Thread number: 9

[2020-01-30 15:15:09.773397][EnvironmentNew.Environment.log][thread_rollouts]: Thread number: 9, Steps performed: 49

[2020-01-30 15:15:09.898218][EnvironmentNew.Environment.log][thread_rollouts]: Thread number: 8, Steps performed: 126

[2020-01-30 15:15:09.899433][EnvironmentNew.Environment.log][thread_rollouts]: Thread number: 11

[2020-01-30 15:15:09.899106][EnvironmentNew.Environment.log][thread_rollouts]: Thread number: 10

[2020-01-30 15:15:10.306165][EnvironmentNew.Environment.log][thread_rollouts]: Thread number: 10, Steps performed: 123

[2020-01-30 15:15:10.408736][EnvironmentNew.Environment.log][thread_rollouts]: Thread number: 11, Steps performed: 188

[2020-01-30 15:15:10.409450][EnvironmentNew.Environment.log][thread_rollouts]: Thread number: 12

[2020-01-30 15:15:10.409625][EnvironmentNew.Environment.log][thread_rollouts]: Thread number: 13

[2020-01-30 15:15:10.654633][EnvironmentNew.Environment.log][thread_rollouts]: Thread number: 13, Steps performed: 70

[2020-01-30 15:15:10.785053][EnvironmentNew.Environment.log][thread_rollouts]: Thread number: 12, Steps performed: 158

[2020-01-30 15:15:10.786121][EnvironmentNew.Environment.log][thread_rollouts]: Thread number: 15

[2020-01-30 15:15:10.785708][EnvironmentNew.Environment.log][thread_rollouts]: Thread number: 14

[2020-01-30 15:15:11.018947][EnvironmentNew.Environment.log][thread_rollouts]: Thread number: 14, Steps performed: 66

[2020-01-30 15:15:11.108916][EnvironmentNew.Environment.log][thread_rollouts]: Thread number: 15, Steps performed: 123

[2020-01-30 15:15:11.109571][EnvironmentNew.Environment.log][thread_rollouts]: Thread number: 16

[2020-01-30 15:15:11.109820][EnvironmentNew.Environment.log][thread_rollouts]: Thread number: 17

[2020-01-30 15:15:11.655612][EnvironmentNew.Environment.log][thread_rollouts]: Thread number: 16, Steps performed: 177

[2020-01-30 15:15:11.708353][EnvironmentNew.Environment.log][thread_rollouts]: Thread number: 17, Steps performed: 210

[2020-01-30 15:15:11.709127][EnvironmentNew.Environment.log][thread_rollouts]: Thread number: 19

[2020-01-30 15:15:11.708969][EnvironmentNew.Environment.log][thread_rollouts]: Thread number: 18

[2020-01-30 15:15:12.007528][EnvironmentNew.Environment.log][thread_rollouts]: Thread number: 18, Steps performed: 85

[2020-01-30 15:15:12.015342][EnvironmentNew.Environment.log][thread_rollouts]: Thread number: 19, Steps performed: 88

[2020-01-30 15:15:12.015870][EnvironmentNew.Environment.log][thread_rollouts]: Thread number: 20

[2020-01-30 15:15:12.016009][EnvironmentNew.Environment.log][thread_rollouts]: Thread number: 21

[2020-01-30 15:15:12.301940][EnvironmentNew.Environment.log][thread_rollouts]: Thread number: 20, Steps performed: 84

[2020-01-30 15:15:12.400183][EnvironmentNew.Environment.log][thread_rollouts]: Thread number: 21, Steps performed: 144

[2020-01-30 15:15:12.400935][EnvironmentNew.Environment.log][thread_rollouts]: Thread number: 22

[2020-01-30 15:15:12.401343][EnvironmentNew.Environment.log][thread_rollouts]: Thread number: 23

[2020-01-30 15:15:12.728463][EnvironmentNew.Environment.log][thread_rollouts]: Thread number: 23, Steps performed: 87

[2020-01-30 15:15:12.769813][EnvironmentNew.Environment.log][thread_rollouts]: Thread number: 22, Steps performed: 113

[2020-01-30 15:15:12.770598][EnvironmentNew.Environment.log][thread_rollouts]: Thread number: 25

[2020-01-30 15:15:12.770417][EnvironmentNew.Environment.log][thread_rollouts]: Thread number: 24

[2020-01-30 15:15:13.057033][EnvironmentNew.Environment.log][thread_rollouts]: Thread number: 25, Steps performed: 92

[2020-01-30 15:15:13.171320][EnvironmentNew.Environment.log][thread_rollouts]: Thread number: 24, Steps performed: 165

[2020-01-30 15:15:13.172118][EnvironmentNew.Environment.log][thread_rollouts]: Thread number: 26

[2020-01-30 15:15:13.172540][EnvironmentNew.Environment.log][thread_rollouts]: Thread number: 27

[2020-01-30 15:15:13.661259][EnvironmentNew.Environment.log][thread_rollouts]: Thread number: 26, Steps performed: 162

[2020-01-30 15:15:13.709213][EnvironmentNew.Environment.log][thread_rollouts]: Thread number: 27, Steps performed: 191

[2020-01-30 15:15:13.709870][EnvironmentNew.Environment.log][thread_rollouts]: Thread number: 29

[2020-01-30 15:15:13.709697][EnvironmentNew.Environment.log][thread_rollouts]: Thread number: 28

[2020-01-30 15:15:14.026176][EnvironmentNew.Environment.log][thread_rollouts]: Thread number: 28, Steps performed: 99

[2020-01-30 15:15:14.053198][EnvironmentNew.Environment.log][thread_rollouts]: Thread number: 29, Steps performed: 112

[2020-01-30 15:15:14.053989][EnvironmentNew.Environment.log][thread_rollouts]: Thread number: 30

[2020-01-30 15:15:14.054180][EnvironmentNew.Environment.log][thread_rollouts]: Thread number: 31

[2020-01-30 15:15:14.390969][EnvironmentNew.Environment.log][thread_rollouts]: Thread number: 31, Steps performed: 105

[2020-01-30 15:15:14.470322][EnvironmentNew.Environment.log][thread_rollouts]: Thread number: 30, Steps performed: 159

[2020-01-30 15:15:14.470977][EnvironmentNew.Environment.log][thread_rollouts]: Thread number: 32

[2020-01-30 15:15:14.471224][EnvironmentNew.Environment.log][thread_rollouts]: Thread number: 33

[2020-01-30 15:15:14.797008][EnvironmentNew.Environment.log][thread_rollouts]: Thread number: 32, Steps performed: 99

[2020-01-30 15:15:14.983234][EnvironmentNew.Environment.log][thread_rollouts]: Thread number: 33, Steps performed: 231

[2020-01-30 15:15:14.984000][EnvironmentNew.Environment.log][thread_rollouts]: Thread number: 34

[2020-01-30 15:15:14.984194][EnvironmentNew.Environment.log][thread_rollouts]: Thread number: 35

[2020-01-30 15:15:15.256951][EnvironmentNew.Environment.log][thread_rollouts]: Thread number: 35, Steps performed: 80

[2020-01-30 15:15:15.273014][EnvironmentNew.Environment.log][thread_rollouts]: Thread number: 34, Steps performed: 87

[2020-01-30 15:15:15.273659][EnvironmentNew.Environment.log][thread_rollouts]: Thread number: 36

[2020-01-30 15:15:15.273864][EnvironmentNew.Environment.log][thread_rollouts]: Thread number: 37

[2020-01-30 15:15:15.803015][EnvironmentNew.Environment.log][thread_rollouts]: Thread number: 37, Steps performed: 161

[2020-01-30 15:15:15.887778][EnvironmentNew.Environment.log][thread_rollouts]: Thread number: 36, Steps performed: 213

[2020-01-30 15:15:15.888550][EnvironmentNew.Environment.log][thread_rollouts]: Thread number: 39

[2020-01-30 15:15:15.888376][EnvironmentNew.Environment.log][thread_rollouts]: Thread number: 38

[2020-01-30 15:15:16.040347][EnvironmentNew.Environment.log][thread_rollouts]: Thread number: 38, Steps performed: 43

[2020-01-30 15:15:16.161849][EnvironmentNew.Environment.log][thread_rollouts]: Thread number: 39, Steps performed: 126

[2020-01-30 15:15:16.162520][EnvironmentNew.Environment.log][thread_rollouts]: Thread number: 40

[2020-01-30 15:15:16.162939][EnvironmentNew.Environment.log][thread_rollouts]: Thread number: 41

[2020-01-30 15:15:16.660399][EnvironmentNew.Environment.log][thread_rollouts]: Thread number: 40, Steps performed: 155

[2020-01-30 15:15:16.715052][EnvironmentNew.Environment.log][thread_rollouts]: Thread number: 41, Steps performed: 186

[2020-01-30 15:15:16.715583][EnvironmentNew.Environment.log][thread_rollouts]: Thread number: 42

[2020-01-30 15:15:16.715831][EnvironmentNew.Environment.log][thread_rollouts]: Thread number: 43

[2020-01-30 15:15:16.920356][EnvironmentNew.Environment.log][thread_rollouts]: Thread number: 42, Steps performed: 61

[2020-01-30 15:15:16.955619][EnvironmentNew.Environment.log][thread_rollouts]: Thread number: 43, Steps performed: 77

[2020-01-30 15:15:16.956364][EnvironmentNew.Environment.log][thread_rollouts]: Thread number: 44

[2020-01-30 15:15:16.956562][EnvironmentNew.Environment.log][thread_rollouts]: Thread number: 45

[2020-01-30 15:15:17.409993][EnvironmentNew.Environment.log][thread_rollouts]: Thread number: 44, Steps performed: 144

[2020-01-30 15:15:17.411167][EnvironmentNew.Environment.log][thread_rollouts]: Thread number: 45, Steps performed: 150

[2020-01-30 15:15:17.412055][EnvironmentNew.Environment.log][thread_rollouts]: Thread number: 46

[2020-01-30 15:15:17.412201][EnvironmentNew.Environment.log][thread_rollouts]: Thread number: 47

[2020-01-30 15:15:17.701983][EnvironmentNew.Environment.log][thread_rollouts]: Thread number: 47, Steps performed: 83

[2020-01-30 15:15:17.704002][EnvironmentNew.Environment.log][thread_rollouts]: Thread number: 46, Steps performed: 88

[2020-01-30 15:15:17.704575][EnvironmentNew.Environment.log][thread_rollouts]: Thread number: 48

[2020-01-30 15:15:17.704733][EnvironmentNew.Environment.log][thread_rollouts]: Thread number: 49

[2020-01-30 15:15:17.956430][EnvironmentNew.Environment.log][thread_rollouts]: Thread number: 49, Steps performed: 78

[2020-01-30 15:15:18.094683][EnvironmentNew.Environment.log][thread_rollouts]: Thread number: 48, Steps performed: 169

[2020-01-30 15:15:18.095486][EnvironmentNew.Environment.log][thread_rollouts]: Thread number: 50

[2020-01-30 15:15:18.095756][EnvironmentNew.Environment.log][thread_rollouts]: Thread number: 51

[2020-01-30 15:15:18.433981][EnvironmentNew.Environment.log][thread_rollouts]: Thread number: 50, Steps performed: 105

[2020-01-30 15:15:18.459784][EnvironmentNew.Environment.log][thread_rollouts]: Thread number: 51, Steps performed: 119

[2020-01-30 15:15:18.460367][EnvironmentNew.Environment.log][thread_rollouts]: Thread number: 52

[2020-01-30 15:15:18.460560][EnvironmentNew.Environment.log][thread_rollouts]: Thread number: 53

[2020-01-30 15:15:18.761704][EnvironmentNew.Environment.log][thread_rollouts]: Thread number: 53, Steps performed: 93

[2020-01-30 15:15:18.795401][EnvironmentNew.Environment.log][thread_rollouts]: Thread number: 52, Steps performed: 110

[2020-01-30 15:15:18.796124][EnvironmentNew.Environment.log][thread_rollouts]: Thread number: 54

[2020-01-30 15:15:18.796285][EnvironmentNew.Environment.log][thread_rollouts]: Thread number: 55

[2020-01-30 15:15:19.077574][EnvironmentNew.Environment.log][thread_rollouts]: Thread number: 54, Steps performed: 84

[2020-01-30 15:15:19.150262][EnvironmentNew.Environment.log][thread_rollouts]: Thread number: 55, Steps performed: 136

[2020-01-30 15:15:19.151049][EnvironmentNew.Environment.log][thread_rollouts]: Thread number: 56

[2020-01-30 15:15:19.151694][EnvironmentNew.Environment.log][thread_rollouts]: Thread number: 57

[2020-01-30 15:15:19.500724][EnvironmentNew.Environment.log][thread_rollouts]: Thread number: 56, Steps performed: 108

[2020-01-30 15:15:19.585224][EnvironmentNew.Environment.log][thread_rollouts]: Thread number: 57, Steps performed: 160

[2020-01-30 15:15:19.586172][EnvironmentNew.Environment.log][thread_rollouts]: Thread number: 59

[2020-01-30 15:15:19.585966][EnvironmentNew.Environment.log][thread_rollouts]: Thread number: 58

[2020-01-30 15:15:19.817568][EnvironmentNew.Environment.log][thread_rollouts]: Thread number: 59, Steps performed: 66

[2020-01-30 15:15:19.922891][EnvironmentNew.Environment.log][thread_rollouts]: Thread number: 58, Steps performed: 132

[2020-01-30 15:15:19.923722][EnvironmentNew.Environment.log][thread_rollouts]: Thread number: 60

[2020-01-30 15:15:19.924121][EnvironmentNew.Environment.log][thread_rollouts]: Thread number: 61

[2020-01-30 15:15:20.258788][EnvironmentNew.Environment.log][thread_rollouts]: Thread number: 60, Steps performed: 106

[2020-01-30 15:15:20.308815][EnvironmentNew.Environment.log][thread_rollouts]: Thread number: 61, Steps performed: 134

[2020-01-30 15:15:20.309452][EnvironmentNew.Environment.log][thread_rollouts]: Thread number: 62

[2020-01-30 15:15:20.309711][EnvironmentNew.Environment.log][thread_rollouts]: Thread number: 63

[2020-01-30 15:15:20.761215][EnvironmentNew.Environment.log][thread_rollouts]: Thread number: 62, Steps performed: 146

[2020-01-30 15:15:20.819605][EnvironmentNew.Environment.log][thread_rollouts]: Thread number: 63, Steps performed: 178

[2020-01-30 15:15:20.820236][EnvironmentNew.Environment.log][thread_rollouts]: Thread number: 65

[2020-01-30 15:15:20.820102][EnvironmentNew.Environment.log][thread_rollouts]: Thread number: 64

[2020-01-30 15:15:21.074293][EnvironmentNew.Environment.log][thread_rollouts]: Thread number: 64, Steps performed: 81

[2020-01-30 15:15:21.139752][EnvironmentNew.Environment.log][thread_rollouts]: Thread number: 65, Steps performed: 113

[2020-01-30 15:15:21.140223][EnvironmentNew.Environment.log][thread_rollouts]: Thread number: 66

[2020-01-30 15:15:21.140440][EnvironmentNew.Environment.log][thread_rollouts]: Thread number: 67

[2020-01-30 15:15:21.380665][EnvironmentNew.Environment.log][thread_rollouts]: Thread number: 67, Steps performed: 62

[2020-01-30 15:15:21.416274][EnvironmentNew.Environment.log][thread_rollouts]: Thread number: 66, Steps performed: 83

[2020-01-30 15:15:21.416923][EnvironmentNew.Environment.log][thread_rollouts]: Thread number: 68

[2020-01-30 15:15:21.417109][EnvironmentNew.Environment.log][thread_rollouts]: Thread number: 69

[2020-01-30 15:15:21.777467][EnvironmentNew.Environment.log][thread_rollouts]: Thread number: 68, Steps performed: 115

[2020-01-30 15:15:21.837974][EnvironmentNew.Environment.log][thread_rollouts]: Thread number: 69, Steps performed: 147

[2020-01-30 15:15:21.838476][EnvironmentNew.Environment.log][thread_rollouts]: Thread number: 70

[2020-01-30 15:15:21.838627][EnvironmentNew.Environment.log][thread_rollouts]: Thread number: 71

[2020-01-30 15:15:22.330046][EnvironmentNew.Environment.log][thread_rollouts]: Thread number: 71, Steps performed: 151

[2020-01-30 15:15:22.414865][EnvironmentNew.Environment.log][thread_rollouts]: Thread number: 70, Steps performed: 201

[2020-01-30 15:15:22.415380][EnvironmentNew.Environment.log][thread_rollouts]: Thread number: 72

[2020-01-30 15:15:22.415632][EnvironmentNew.Environment.log][thread_rollouts]: Thread number: 73

[2020-01-30 15:15:22.790558][EnvironmentNew.Environment.log][thread_rollouts]: Thread number: 72, Steps performed: 107

[2020-01-30 15:15:22.829065][EnvironmentNew.Environment.log][thread_rollouts]: Thread number: 73, Steps performed: 124

[2020-01-30 15:15:22.829622][EnvironmentNew.Environment.log][thread_rollouts]: Thread number: 74

[2020-01-30 15:15:22.829875][EnvironmentNew.Environment.log][thread_rollouts]: Thread number: 75

[2020-01-30 15:15:23.255247][EnvironmentNew.Environment.log][thread_rollouts]: Thread number: 75, Steps performed: 129

[2020-01-30 15:15:23.255830][EnvironmentNew.Environment.log][thread_rollouts]: Thread number: 74, Steps performed: 129

[2020-01-30 15:15:23.257537][EnvironmentNew.Environment.log][thread_rollouts]: Thread number: 76

[2020-01-30 15:15:23.257689][EnvironmentNew.Environment.log][thread_rollouts]: Thread number: 77

[2020-01-30 15:15:23.571550][EnvironmentNew.Environment.log][thread_rollouts]: Thread number: 76, Steps performed: 95

[2020-01-30 15:15:23.614132][EnvironmentNew.Environment.log][thread_rollouts]: Thread number: 77, Steps performed: 117

[2020-01-30 15:15:23.614650][EnvironmentNew.Environment.log][thread_rollouts]: Thread number: 78

[2020-01-30 15:15:23.614864][EnvironmentNew.Environment.log][thread_rollouts]: Thread number: 79

[2020-01-30 15:15:23.830819][EnvironmentNew.Environment.log][thread_rollouts]: Thread number: 79, Steps performed: 64

[2020-01-30 15:15:23.968271][EnvironmentNew.Environment.log][thread_rollouts]: Thread number: 78, Steps performed: 162

[2020-01-30 15:15:23.969476][EnvironmentNew.Environment.log][thread_rollouts]: Thread number: 81

[2020-01-30 15:15:23.969012][EnvironmentNew.Environment.log][thread_rollouts]: Thread number: 80

[2020-01-30 15:15:24.240113][EnvironmentNew.Environment.log][thread_rollouts]: Thread number: 81, Steps performed: 78

[2020-01-30 15:15:24.385766][EnvironmentNew.Environment.log][thread_rollouts]: Thread number: 80, Steps performed: 178

[2020-01-30 15:15:24.386451][EnvironmentNew.Environment.log][thread_rollouts]: Thread number: 82

[2020-01-30 15:15:24.386840][EnvironmentNew.Environment.log][thread_rollouts]: Thread number: 83

[2020-01-30 15:15:24.700524][EnvironmentNew.Environment.log][thread_rollouts]: Thread number: 83, Steps performed: 101

[2020-01-30 15:15:24.738943][EnvironmentNew.Environment.log][thread_rollouts]: Thread number: 82, Steps performed: 122

[2020-01-30 15:15:24.739478][EnvironmentNew.Environment.log][thread_rollouts]: Thread number: 84

[2020-01-30 15:15:24.739667][EnvironmentNew.Environment.log][thread_rollouts]: Thread number: 85

[2020-01-30 15:15:25.059957][EnvironmentNew.Environment.log][thread_rollouts]: Thread number: 85, Steps performed: 100

[2020-01-30 15:15:25.096607][EnvironmentNew.Environment.log][thread_rollouts]: Thread number: 84, Steps performed: 122

[2020-01-30 15:15:25.097388][EnvironmentNew.Environment.log][thread_rollouts]: Thread number: 87

[2020-01-30 15:15:25.097223][EnvironmentNew.Environment.log][thread_rollouts]: Thread number: 86

[2020-01-30 15:15:25.505461][EnvironmentNew.Environment.log][thread_rollouts]: Thread number: 86, Steps performed: 130

[2020-01-30 15:15:25.518989][EnvironmentNew.Environment.log][thread_rollouts]: Thread number: 87, Steps performed: 138

[2020-01-30 15:15:25.519693][EnvironmentNew.Environment.log][thread_rollouts]: Thread number: 89

[2020-01-30 15:15:25.519553][EnvironmentNew.Environment.log][thread_rollouts]: Thread number: 88

[2020-01-30 15:15:25.879352][EnvironmentNew.Environment.log][thread_rollouts]: Thread number: 88, Steps performed: 112

[2020-01-30 15:15:25.931734][EnvironmentNew.Environment.log][thread_rollouts]: Thread number: 89, Steps performed: 147

[2020-01-30 15:15:25.932222][EnvironmentNew.Environment.log][thread_rollouts]: Thread number: 90

[2020-01-30 15:15:25.932397][EnvironmentNew.Environment.log][thread_rollouts]: Thread number: 91

[2020-01-30 15:15:26.364295][EnvironmentNew.Environment.log][thread_rollouts]: Thread number: 91, Steps performed: 140

[2020-01-30 15:15:26.441628][EnvironmentNew.Environment.log][thread_rollouts]: Thread number: 90, Steps performed: 182

[2020-01-30 15:15:26.442203][EnvironmentNew.Environment.log][thread_rollouts]: Thread number: 92

[2020-01-30 15:15:26.442433][EnvironmentNew.Environment.log][thread_rollouts]: Thread number: 93

[2020-01-30 15:15:26.805659][EnvironmentNew.Environment.log][thread_rollouts]: Thread number: 93, Steps performed: 109

[2020-01-30 15:15:26.876934][EnvironmentNew.Environment.log][thread_rollouts]: Thread number: 92, Steps performed: 151

[2020-01-30 15:15:26.877524][EnvironmentNew.Environment.log][thread_rollouts]: Thread number: 94

[2020-01-30 15:15:26.877903][EnvironmentNew.Environment.log][thread_rollouts]: Thread number: 95

[2020-01-30 15:15:27.097132][EnvironmentNew.Environment.log][thread_rollouts]: Thread number: 95, Steps performed: 67

[2020-01-30 15:15:27.344916][EnvironmentNew.Environment.log][thread_rollouts]: Thread number: 94, Steps performed: 248

[2020-01-30 15:15:27.345707][EnvironmentNew.Environment.log][thread_rollouts]: Thread number: 96

[2020-01-30 15:15:27.345910][EnvironmentNew.Environment.log][thread_rollouts]: Thread number: 97

[2020-01-30 15:15:27.719208][EnvironmentNew.Environment.log][thread_rollouts]: Thread number: 96, Steps performed: 118

[2020-01-30 15:15:27.824809][EnvironmentNew.Environment.log][thread_rollouts]: Thread number: 97, Steps performed: 187

[2020-01-30 15:15:27.825505][EnvironmentNew.Environment.log][thread_rollouts]: Thread number: 98

[2020-01-30 15:15:27.825799][EnvironmentNew.Environment.log][thread_rollouts]: Thread number: 99

[2020-01-30 15:15:28.154765][EnvironmentNew.Environment.log][thread_rollouts]: Thread number: 99, Steps performed: 103

[2020-01-30 15:15:28.164483][EnvironmentNew.Environment.log][thread_rollouts]: Thread number: 98, Steps performed: 101

[2020-01-30 15:15:28.171183][__main__.TRPOAgent.log][learning]: Rollouts performed

[2020-01-30 15:15:28.171725][__main__.TRPOAgent.log][batch_info]: Rollout statistics size: 12388, Batch size: 100

[2020-01-30 15:15:28.172127][__main__.TRPOAgent.log][learning]: 

***************
BEGINNING TRAINING
***************



[2020-01-30 15:15:35.263708][__main__.TRPOAgent.log][linesearch]: Linesearch worked at 3, New mean kl div: 0.008613877291899951, New policy loss value: -0.00149765284075988

[2020-01-30 15:15:35.264187][__main__.TRPOAgent.log][batch_info]: Current batch value loss: 0.0002113152370716503

[2020-01-30 15:15:36.807075][__main__.TRPOAgent.log][learning]: Episode #1

[2020-01-30 15:15:36.808596][__main__.TRPOAgent.log][learning]: Performing rollouts: rollout length: 1000

[2020-01-30 15:15:36.810878][EnvironmentNew.Environment.log][thread_rollouts]: Thread number: 0

[2020-01-30 15:15:36.811669][EnvironmentNew.Environment.log][thread_rollouts]: Thread number: 1

[2020-01-30 15:15:36.966752][EnvironmentNew.Environment.log][thread_rollouts]: Thread number: 1, Steps performed: 37

[2020-01-30 15:15:36.996372][EnvironmentNew.Environment.log][thread_rollouts]: Thread number: 0, Steps performed: 52

[2020-01-30 15:15:36.997390][EnvironmentNew.Environment.log][thread_rollouts]: Thread number: 3

[2020-01-30 15:15:36.997161][EnvironmentNew.Environment.log][thread_rollouts]: Thread number: 2

[2020-01-30 15:15:37.134983][EnvironmentNew.Environment.log][thread_rollouts]: Thread number: 2, Steps performed: 38

[2020-01-30 15:15:37.138909][EnvironmentNew.Environment.log][thread_rollouts]: Thread number: 3, Steps performed: 40

[2020-01-30 15:15:37.139465][EnvironmentNew.Environment.log][thread_rollouts]: Thread number: 4

[2020-01-30 15:15:37.139606][EnvironmentNew.Environment.log][thread_rollouts]: Thread number: 5

[2020-01-30 15:15:37.285386][EnvironmentNew.Environment.log][thread_rollouts]: Thread number: 4, Steps performed: 40

[2020-01-30 15:15:37.290632][EnvironmentNew.Environment.log][thread_rollouts]: Thread number: 5, Steps performed: 41

[2020-01-30 15:15:37.291211][EnvironmentNew.Environment.log][thread_rollouts]: Thread number: 6

[2020-01-30 15:15:37.291338][EnvironmentNew.Environment.log][thread_rollouts]: Thread number: 7

[2020-01-30 15:15:37.400864][EnvironmentNew.Environment.log][thread_rollouts]: Thread number: 6, Steps performed: 28

[2020-01-30 15:15:37.446184][EnvironmentNew.Environment.log][thread_rollouts]: Thread number: 7, Steps performed: 52

[2020-01-30 15:15:37.446751][EnvironmentNew.Environment.log][thread_rollouts]: Thread number: 8

[2020-01-30 15:15:37.447027][EnvironmentNew.Environment.log][thread_rollouts]: Thread number: 9

[2020-01-30 15:15:37.581841][EnvironmentNew.Environment.log][thread_rollouts]: Thread number: 9, Steps performed: 36

[2020-01-30 15:15:37.586461][EnvironmentNew.Environment.log][thread_rollouts]: Thread number: 8, Steps performed: 38

[2020-01-30 15:15:37.587036][EnvironmentNew.Environment.log][thread_rollouts]: Thread number: 11

[2020-01-30 15:15:37.586919][EnvironmentNew.Environment.log][thread_rollouts]: Thread number: 10

[2020-01-30 15:15:37.714131][EnvironmentNew.Environment.log][thread_rollouts]: Thread number: 11, Steps performed: 35

[2020-01-30 15:15:37.716968][EnvironmentNew.Environment.log][thread_rollouts]: Thread number: 10, Steps performed: 36

[2020-01-30 15:15:37.717607][EnvironmentNew.Environment.log][thread_rollouts]: Thread number: 13

[2020-01-30 15:15:37.717483][EnvironmentNew.Environment.log][thread_rollouts]: Thread number: 12

[2020-01-30 15:15:37.886160][EnvironmentNew.Environment.log][thread_rollouts]: Thread number: 12, Steps performed: 44

[2020-01-30 15:15:37.888110][EnvironmentNew.Environment.log][thread_rollouts]: Thread number: 13, Steps performed: 45

[2020-01-30 15:15:37.888888][EnvironmentNew.Environment.log][thread_rollouts]: Thread number: 15

[2020-01-30 15:15:37.888597][EnvironmentNew.Environment.log][thread_rollouts]: Thread number: 14

[2020-01-30 15:15:38.036154][EnvironmentNew.Environment.log][thread_rollouts]: Thread number: 14, Steps performed: 41

[2020-01-30 15:15:38.036008][EnvironmentNew.Environment.log][thread_rollouts]: Thread number: 15, Steps performed: 40

[2020-01-30 15:15:38.037526][EnvironmentNew.Environment.log][thread_rollouts]: Thread number: 16

[2020-01-30 15:15:38.037684][EnvironmentNew.Environment.log][thread_rollouts]: Thread number: 17

[2020-01-30 15:15:38.179256][EnvironmentNew.Environment.log][thread_rollouts]: Thread number: 16, Steps performed: 36

[2020-01-30 15:15:38.179825][EnvironmentNew.Environment.log][thread_rollouts]: Thread number: 17, Steps performed: 37

[2020-01-30 15:15:38.180964][EnvironmentNew.Environment.log][thread_rollouts]: Thread number: 18

[2020-01-30 15:15:38.181122][EnvironmentNew.Environment.log][thread_rollouts]: Thread number: 19

[2020-01-30 15:15:38.343264][EnvironmentNew.Environment.log][thread_rollouts]: Thread number: 19, Steps performed: 38

[2020-01-30 15:15:38.347217][EnvironmentNew.Environment.log][thread_rollouts]: Thread number: 18, Steps performed: 38

[2020-01-30 15:15:38.347853][EnvironmentNew.Environment.log][thread_rollouts]: Thread number: 20

[2020-01-30 15:15:38.348000][EnvironmentNew.Environment.log][thread_rollouts]: Thread number: 21

[2020-01-30 15:15:38.492767][EnvironmentNew.Environment.log][thread_rollouts]: Thread number: 20, Steps performed: 35

[2020-01-30 15:15:38.497805][EnvironmentNew.Environment.log][thread_rollouts]: Thread number: 21, Steps performed: 37

[2020-01-30 15:15:38.498446][EnvironmentNew.Environment.log][thread_rollouts]: Thread number: 22

[2020-01-30 15:15:38.498607][EnvironmentNew.Environment.log][thread_rollouts]: Thread number: 23

[2020-01-30 15:15:38.641118][EnvironmentNew.Environment.log][thread_rollouts]: Thread number: 22, Steps performed: 33

[2020-01-30 15:15:38.663917][EnvironmentNew.Environment.log][thread_rollouts]: Thread number: 23, Steps performed: 46

[2020-01-30 15:15:38.664484][EnvironmentNew.Environment.log][thread_rollouts]: Thread number: 24

[2020-01-30 15:15:38.665053][EnvironmentNew.Environment.log][thread_rollouts]: Thread number: 25

[2020-01-30 15:15:38.812798][EnvironmentNew.Environment.log][thread_rollouts]: Thread number: 24, Steps performed: 38

[2020-01-30 15:15:38.833913][EnvironmentNew.Environment.log][thread_rollouts]: Thread number: 25, Steps performed: 47

[2020-01-30 15:15:38.834530][EnvironmentNew.Environment.log][thread_rollouts]: Thread number: 27

[2020-01-30 15:15:38.834392][EnvironmentNew.Environment.log][thread_rollouts]: Thread number: 26

[2020-01-30 15:15:38.988786][EnvironmentNew.Environment.log][thread_rollouts]: Thread number: 26, Steps performed: 43

[2020-01-30 15:15:39.002832][EnvironmentNew.Environment.log][thread_rollouts]: Thread number: 27, Steps performed: 51

[2020-01-30 15:15:39.003517][EnvironmentNew.Environment.log][thread_rollouts]: Thread number: 28

[2020-01-30 15:15:39.003705][EnvironmentNew.Environment.log][thread_rollouts]: Thread number: 29

[2020-01-30 15:15:39.170600][EnvironmentNew.Environment.log][thread_rollouts]: Thread number: 28, Steps performed: 46

[2020-01-30 15:15:39.171654][EnvironmentNew.Environment.log][thread_rollouts]: Thread number: 29, Steps performed: 48

[2020-01-30 15:15:39.172704][EnvironmentNew.Environment.log][thread_rollouts]: Thread number: 31

[2020-01-30 15:15:39.172520][EnvironmentNew.Environment.log][thread_rollouts]: Thread number: 30

[2020-01-30 15:15:39.305492][EnvironmentNew.Environment.log][thread_rollouts]: Thread number: 30, Steps performed: 36

[2020-01-30 15:15:39.306740][EnvironmentNew.Environment.log][thread_rollouts]: Thread number: 31, Steps performed: 37

[2020-01-30 15:15:39.307563][EnvironmentNew.Environment.log][thread_rollouts]: Thread number: 32

[2020-01-30 15:15:39.307682][EnvironmentNew.Environment.log][thread_rollouts]: Thread number: 33

[2020-01-30 15:15:39.520349][EnvironmentNew.Environment.log][thread_rollouts]: Thread number: 33, Steps performed: 41

[2020-01-30 15:15:39.530518][EnvironmentNew.Environment.log][thread_rollouts]: Thread number: 32, Steps performed: 41

[2020-01-30 15:15:39.532861][EnvironmentNew.Environment.log][thread_rollouts]: Thread number: 35

[2020-01-30 15:15:39.532531][EnvironmentNew.Environment.log][thread_rollouts]: Thread number: 34

[2020-01-30 15:15:39.678013][EnvironmentNew.Environment.log][thread_rollouts]: Thread number: 34, Steps performed: 39

[2020-01-30 15:15:39.688461][EnvironmentNew.Environment.log][thread_rollouts]: Thread number: 35, Steps performed: 45

[2020-01-30 15:15:39.689220][EnvironmentNew.Environment.log][thread_rollouts]: Thread number: 37

[2020-01-30 15:15:39.689039][EnvironmentNew.Environment.log][thread_rollouts]: Thread number: 36

[2020-01-30 15:15:39.822831][EnvironmentNew.Environment.log][thread_rollouts]: Thread number: 37, Steps performed: 36

[2020-01-30 15:15:39.828153][EnvironmentNew.Environment.log][thread_rollouts]: Thread number: 36, Steps performed: 36

[2020-01-30 15:15:39.828899][EnvironmentNew.Environment.log][thread_rollouts]: Thread number: 39

[2020-01-30 15:15:39.828774][EnvironmentNew.Environment.log][thread_rollouts]: Thread number: 38

[2020-01-30 15:15:39.972222][EnvironmentNew.Environment.log][thread_rollouts]: Thread number: 38, Steps performed: 40

[2020-01-30 15:15:39.979151][EnvironmentNew.Environment.log][thread_rollouts]: Thread number: 39, Steps performed: 44

[2020-01-30 15:15:39.979611][EnvironmentNew.Environment.log][thread_rollouts]: Thread number: 40

[2020-01-30 15:15:39.979834][EnvironmentNew.Environment.log][thread_rollouts]: Thread number: 41

[2020-01-30 15:15:40.119820][EnvironmentNew.Environment.log][thread_rollouts]: Thread number: 41, Steps performed: 39

[2020-01-30 15:15:40.120128][EnvironmentNew.Environment.log][thread_rollouts]: Thread number: 40, Steps performed: 37

[2020-01-30 15:15:40.121222][EnvironmentNew.Environment.log][thread_rollouts]: Thread number: 43

[2020-01-30 15:15:40.121063][EnvironmentNew.Environment.log][thread_rollouts]: Thread number: 42

[2020-01-30 15:15:40.262180][EnvironmentNew.Environment.log][thread_rollouts]: Thread number: 43, Steps performed: 37

[2020-01-30 15:15:40.263843][EnvironmentNew.Environment.log][thread_rollouts]: Thread number: 42, Steps performed: 40

[2020-01-30 15:15:40.270394][EnvironmentNew.Environment.log][thread_rollouts]: Thread number: 44

[2020-01-30 15:15:40.270573][EnvironmentNew.Environment.log][thread_rollouts]: Thread number: 45

[2020-01-30 15:15:40.401747][EnvironmentNew.Environment.log][thread_rollouts]: Thread number: 44, Steps performed: 33

[2020-01-30 15:15:40.415170][EnvironmentNew.Environment.log][thread_rollouts]: Thread number: 45, Steps performed: 40

[2020-01-30 15:15:40.415741][EnvironmentNew.Environment.log][thread_rollouts]: Thread number: 46

[2020-01-30 15:15:40.415887][EnvironmentNew.Environment.log][thread_rollouts]: Thread number: 47

[2020-01-30 15:15:40.567633][EnvironmentNew.Environment.log][thread_rollouts]: Thread number: 46, Steps performed: 43

[2020-01-30 15:15:40.567683][EnvironmentNew.Environment.log][thread_rollouts]: Thread number: 47, Steps performed: 42

[2020-01-30 15:15:40.569169][EnvironmentNew.Environment.log][thread_rollouts]: Thread number: 49

[2020-01-30 15:15:40.569052][EnvironmentNew.Environment.log][thread_rollouts]: Thread number: 48

[2020-01-30 15:15:40.722086][EnvironmentNew.Environment.log][thread_rollouts]: Thread number: 49, Steps performed: 44

[2020-01-30 15:15:40.728359][EnvironmentNew.Environment.log][thread_rollouts]: Thread number: 48, Steps performed: 43

[2020-01-30 15:15:40.729121][EnvironmentNew.Environment.log][thread_rollouts]: Thread number: 51

[2020-01-30 15:15:40.728989][EnvironmentNew.Environment.log][thread_rollouts]: Thread number: 50

[2020-01-30 15:15:40.865348][EnvironmentNew.Environment.log][thread_rollouts]: Thread number: 50, Steps performed: 36

[2020-01-30 15:15:40.866357][EnvironmentNew.Environment.log][thread_rollouts]: Thread number: 51, Steps performed: 39

[2020-01-30 15:15:40.867252][EnvironmentNew.Environment.log][thread_rollouts]: Thread number: 52

[2020-01-30 15:15:40.867422][EnvironmentNew.Environment.log][thread_rollouts]: Thread number: 53

[2020-01-30 15:15:41.011013][EnvironmentNew.Environment.log][thread_rollouts]: Thread number: 52, Steps performed: 38

[2020-01-30 15:15:41.017509][EnvironmentNew.Environment.log][thread_rollouts]: Thread number: 53, Steps performed: 42

[2020-01-30 15:15:41.018189][EnvironmentNew.Environment.log][thread_rollouts]: Thread number: 55

[2020-01-30 15:15:41.017967][EnvironmentNew.Environment.log][thread_rollouts]: Thread number: 54

[2020-01-30 15:15:41.162744][EnvironmentNew.Environment.log][thread_rollouts]: Thread number: 54, Steps performed: 36

[2020-01-30 15:15:41.171505][EnvironmentNew.Environment.log][thread_rollouts]: Thread number: 55, Steps performed: 40

[2020-01-30 15:15:41.172304][EnvironmentNew.Environment.log][thread_rollouts]: Thread number: 57

[2020-01-30 15:15:41.172105][EnvironmentNew.Environment.log][thread_rollouts]: Thread number: 56

[2020-01-30 15:15:41.327858][EnvironmentNew.Environment.log][thread_rollouts]: Thread number: 57, Steps performed: 40

[2020-01-30 15:15:41.336211][EnvironmentNew.Environment.log][thread_rollouts]: Thread number: 56, Steps performed: 45

[2020-01-30 15:15:41.336726][EnvironmentNew.Environment.log][thread_rollouts]: Thread number: 58

[2020-01-30 15:15:41.336850][EnvironmentNew.Environment.log][thread_rollouts]: Thread number: 59

[2020-01-30 15:15:41.476209][EnvironmentNew.Environment.log][thread_rollouts]: Thread number: 58, Steps performed: 37

[2020-01-30 15:15:41.481118][EnvironmentNew.Environment.log][thread_rollouts]: Thread number: 59, Steps performed: 39

[2020-01-30 15:15:41.481582][EnvironmentNew.Environment.log][thread_rollouts]: Thread number: 60

[2020-01-30 15:15:41.481731][EnvironmentNew.Environment.log][thread_rollouts]: Thread number: 61

[2020-01-30 15:15:41.628352][EnvironmentNew.Environment.log][thread_rollouts]: Thread number: 60, Steps performed: 40

[2020-01-30 15:15:41.633637][EnvironmentNew.Environment.log][thread_rollouts]: Thread number: 61, Steps performed: 43

[2020-01-30 15:15:41.634107][EnvironmentNew.Environment.log][thread_rollouts]: Thread number: 62

[2020-01-30 15:15:41.634217][EnvironmentNew.Environment.log][thread_rollouts]: Thread number: 63

[2020-01-30 15:15:41.765327][EnvironmentNew.Environment.log][thread_rollouts]: Thread number: 63, Steps performed: 35

[2020-01-30 15:15:41.768957][EnvironmentNew.Environment.log][thread_rollouts]: Thread number: 62, Steps performed: 37

[2020-01-30 15:15:41.769587][EnvironmentNew.Environment.log][thread_rollouts]: Thread number: 64

[2020-01-30 15:15:41.769721][EnvironmentNew.Environment.log][thread_rollouts]: Thread number: 65

[2020-01-30 15:15:41.890313][EnvironmentNew.Environment.log][thread_rollouts]: Thread number: 65, Steps performed: 29

[2020-01-30 15:15:41.905975][EnvironmentNew.Environment.log][thread_rollouts]: Thread number: 64, Steps performed: 39

[2020-01-30 15:15:41.906550][EnvironmentNew.Environment.log][thread_rollouts]: Thread number: 66

[2020-01-30 15:15:41.906876][EnvironmentNew.Environment.log][thread_rollouts]: Thread number: 67

[2020-01-30 15:15:42.052149][EnvironmentNew.Environment.log][thread_rollouts]: Thread number: 67, Steps performed: 37

[2020-01-30 15:15:42.060496][EnvironmentNew.Environment.log][thread_rollouts]: Thread number: 66, Steps performed: 41

[2020-01-30 15:15:42.061028][EnvironmentNew.Environment.log][thread_rollouts]: Thread number: 68

[2020-01-30 15:15:42.061949][EnvironmentNew.Environment.log][thread_rollouts]: Thread number: 69

[2020-01-30 15:15:42.208624][EnvironmentNew.Environment.log][thread_rollouts]: Thread number: 69, Steps performed: 37

[2020-01-30 15:15:42.223586][EnvironmentNew.Environment.log][thread_rollouts]: Thread number: 68, Steps performed: 44

[2020-01-30 15:15:42.224281][EnvironmentNew.Environment.log][thread_rollouts]: Thread number: 71

[2020-01-30 15:15:42.224108][EnvironmentNew.Environment.log][thread_rollouts]: Thread number: 70

[2020-01-30 15:15:42.367591][EnvironmentNew.Environment.log][thread_rollouts]: Thread number: 71, Steps performed: 38

[2020-01-30 15:15:42.369328][EnvironmentNew.Environment.log][thread_rollouts]: Thread number: 70, Steps performed: 40

[2020-01-30 15:15:42.369766][EnvironmentNew.Environment.log][thread_rollouts]: Thread number: 72

[2020-01-30 15:15:42.369873][EnvironmentNew.Environment.log][thread_rollouts]: Thread number: 73

[2020-01-30 15:15:42.511926][EnvironmentNew.Environment.log][thread_rollouts]: Thread number: 73, Steps performed: 39

[2020-01-30 15:15:42.564384][EnvironmentNew.Environment.log][thread_rollouts]: Thread number: 72, Steps performed: 66

[2020-01-30 15:15:42.564988][EnvironmentNew.Environment.log][thread_rollouts]: Thread number: 74

[2020-01-30 15:15:42.565389][EnvironmentNew.Environment.log][thread_rollouts]: Thread number: 75

[2020-01-30 15:15:42.706192][EnvironmentNew.Environment.log][thread_rollouts]: Thread number: 75, Steps performed: 37

[2020-01-30 15:15:42.709830][EnvironmentNew.Environment.log][thread_rollouts]: Thread number: 74, Steps performed: 40

[2020-01-30 15:15:42.710484][EnvironmentNew.Environment.log][thread_rollouts]: Thread number: 77

[2020-01-30 15:15:42.710352][EnvironmentNew.Environment.log][thread_rollouts]: Thread number: 76

[2020-01-30 15:15:42.858063][EnvironmentNew.Environment.log][thread_rollouts]: Thread number: 76, Steps performed: 40

[2020-01-30 15:15:42.864802][EnvironmentNew.Environment.log][thread_rollouts]: Thread number: 77, Steps performed: 42

[2020-01-30 15:15:42.865458][EnvironmentNew.Environment.log][thread_rollouts]: Thread number: 79

[2020-01-30 15:15:42.865262][EnvironmentNew.Environment.log][thread_rollouts]: Thread number: 78

[2020-01-30 15:15:43.001681][EnvironmentNew.Environment.log][thread_rollouts]: Thread number: 79, Steps performed: 36

[2020-01-30 15:15:43.007506][EnvironmentNew.Environment.log][thread_rollouts]: Thread number: 78, Steps performed: 42

[2020-01-30 15:15:43.008078][EnvironmentNew.Environment.log][thread_rollouts]: Thread number: 80

[2020-01-30 15:15:43.008311][EnvironmentNew.Environment.log][thread_rollouts]: Thread number: 81

[2020-01-30 15:15:43.137495][EnvironmentNew.Environment.log][thread_rollouts]: Thread number: 80, Steps performed: 33

[2020-01-30 15:15:43.172545][EnvironmentNew.Environment.log][thread_rollouts]: Thread number: 81, Steps performed: 48

[2020-01-30 15:15:43.173189][EnvironmentNew.Environment.log][thread_rollouts]: Thread number: 82

[2020-01-30 15:15:43.173534][EnvironmentNew.Environment.log][thread_rollouts]: Thread number: 83

[2020-01-30 15:15:43.311458][EnvironmentNew.Environment.log][thread_rollouts]: Thread number: 82, Steps performed: 38

[2020-01-30 15:15:43.317880][EnvironmentNew.Environment.log][thread_rollouts]: Thread number: 83, Steps performed: 40

[2020-01-30 15:15:43.318668][EnvironmentNew.Environment.log][thread_rollouts]: Thread number: 85

[2020-01-30 15:15:43.318530][EnvironmentNew.Environment.log][thread_rollouts]: Thread number: 84

[2020-01-30 15:15:43.452137][EnvironmentNew.Environment.log][thread_rollouts]: Thread number: 85, Steps performed: 37

[2020-01-30 15:15:43.528580][EnvironmentNew.Environment.log][thread_rollouts]: Thread number: 84, Steps performed: 76

[2020-01-30 15:15:43.529087][EnvironmentNew.Environment.log][thread_rollouts]: Thread number: 86

[2020-01-30 15:15:43.529312][EnvironmentNew.Environment.log][thread_rollouts]: Thread number: 87

[2020-01-30 15:15:43.673915][EnvironmentNew.Environment.log][thread_rollouts]: Thread number: 87, Steps performed: 40

[2020-01-30 15:15:43.678882][EnvironmentNew.Environment.log][thread_rollouts]: Thread number: 86, Steps performed: 40

[2020-01-30 15:15:43.679320][EnvironmentNew.Environment.log][thread_rollouts]: Thread number: 88

[2020-01-30 15:15:43.679456][EnvironmentNew.Environment.log][thread_rollouts]: Thread number: 89

[2020-01-30 15:15:43.816459][EnvironmentNew.Environment.log][thread_rollouts]: Thread number: 88, Steps performed: 37

[2020-01-30 15:15:43.827347][EnvironmentNew.Environment.log][thread_rollouts]: Thread number: 89, Steps performed: 43

[2020-01-30 15:15:43.827946][EnvironmentNew.Environment.log][thread_rollouts]: Thread number: 91

[2020-01-30 15:15:43.827805][EnvironmentNew.Environment.log][thread_rollouts]: Thread number: 90

[2020-01-30 15:15:43.970852][EnvironmentNew.Environment.log][thread_rollouts]: Thread number: 91, Steps performed: 38

[2020-01-30 15:15:43.992821][EnvironmentNew.Environment.log][thread_rollouts]: Thread number: 90, Steps performed: 46

[2020-01-30 15:15:43.993996][EnvironmentNew.Environment.log][thread_rollouts]: Thread number: 93

[2020-01-30 15:15:43.993652][EnvironmentNew.Environment.log][thread_rollouts]: Thread number: 92

[2020-01-30 15:15:44.126806][EnvironmentNew.Environment.log][thread_rollouts]: Thread number: 92, Steps performed: 34

[2020-01-30 15:15:44.143930][EnvironmentNew.Environment.log][thread_rollouts]: Thread number: 93, Steps performed: 45

[2020-01-30 15:15:44.144547][EnvironmentNew.Environment.log][thread_rollouts]: Thread number: 94

[2020-01-30 15:15:44.144765][EnvironmentNew.Environment.log][thread_rollouts]: Thread number: 95

[2020-01-30 15:15:44.288039][EnvironmentNew.Environment.log][thread_rollouts]: Thread number: 95, Steps performed: 34

[2020-01-30 15:15:44.291877][EnvironmentNew.Environment.log][thread_rollouts]: Thread number: 94, Steps performed: 35

[2020-01-30 15:15:44.292692][EnvironmentNew.Environment.log][thread_rollouts]: Thread number: 97

[2020-01-30 15:15:44.292533][EnvironmentNew.Environment.log][thread_rollouts]: Thread number: 96

[2020-01-30 15:15:44.451246][EnvironmentNew.Environment.log][thread_rollouts]: Thread number: 97, Steps performed: 41

[2020-01-30 15:15:44.483096][EnvironmentNew.Environment.log][thread_rollouts]: Thread number: 96, Steps performed: 58

[2020-01-30 15:15:44.483725][EnvironmentNew.Environment.log][thread_rollouts]: Thread number: 98

[2020-01-30 15:15:44.484043][EnvironmentNew.Environment.log][thread_rollouts]: Thread number: 99

[2020-01-30 15:15:44.609174][EnvironmentNew.Environment.log][thread_rollouts]: Thread number: 98, Steps performed: 34

[2020-01-30 15:15:44.624671][EnvironmentNew.Environment.log][thread_rollouts]: Thread number: 99, Steps performed: 42

[2020-01-30 15:15:44.637164][__main__.TRPOAgent.log][learning]: Rollouts performed

[2020-01-30 15:15:44.637769][__main__.TRPOAgent.log][batch_info]: Rollout statistics size: 4042, Batch size: 100

[2020-01-30 15:15:44.638203][__main__.TRPOAgent.log][learning]: 

***************
BEGINNING TRAINING
***************



[2020-01-30 15:15:50.163265][__main__.TRPOAgent.log][linesearch]: Linesearch failed. Mean kl divergence: 0.010635935936331066, Discarded policy loss value: 0.04556695724095221

[2020-01-30 15:15:50.163685][__main__.TRPOAgent.log][batch_info]: Current batch value loss: 0.0002075967035557775

[2020-01-30 15:15:51.287444][__main__.TRPOAgent.log][learning]: Episode #2

[2020-01-30 15:15:51.287814][__main__.TRPOAgent.log][learning]: Performing rollouts: rollout length: 1000

[2020-01-30 15:15:51.288216][EnvironmentNew.Environment.log][thread_rollouts]: Thread number: 0

[2020-01-30 15:15:51.288352][EnvironmentNew.Environment.log][thread_rollouts]: Thread number: 1

[2020-01-30 15:15:51.506245][EnvironmentNew.Environment.log][thread_rollouts]: Thread number: 0, Steps performed: 65

[2020-01-30 15:15:51.551113][EnvironmentNew.Environment.log][thread_rollouts]: Thread number: 1, Steps performed: 87

[2020-01-30 15:15:51.551697][EnvironmentNew.Environment.log][thread_rollouts]: Thread number: 2

[2020-01-30 15:15:51.551968][EnvironmentNew.Environment.log][thread_rollouts]: Thread number: 3

[2020-01-30 15:15:51.742021][EnvironmentNew.Environment.log][thread_rollouts]: Thread number: 2, Steps performed: 56

[2020-01-30 15:15:51.821181][EnvironmentNew.Environment.log][thread_rollouts]: Thread number: 3, Steps performed: 101

[2020-01-30 15:15:51.821907][EnvironmentNew.Environment.log][thread_rollouts]: Thread number: 4

[2020-01-30 15:15:51.822059][EnvironmentNew.Environment.log][thread_rollouts]: Thread number: 5

[2020-01-30 15:15:52.040875][EnvironmentNew.Environment.log][thread_rollouts]: Thread number: 5, Steps performed: 64

[2020-01-30 15:15:52.093374][EnvironmentNew.Environment.log][thread_rollouts]: Thread number: 4, Steps performed: 91

[2020-01-30 15:15:52.093915][EnvironmentNew.Environment.log][thread_rollouts]: Thread number: 6

[2020-01-30 15:15:52.094201][EnvironmentNew.Environment.log][thread_rollouts]: Thread number: 7

[2020-01-30 15:15:52.419510][EnvironmentNew.Environment.log][thread_rollouts]: Thread number: 7, Steps performed: 94

[2020-01-30 15:15:52.443004][EnvironmentNew.Environment.log][thread_rollouts]: Thread number: 6, Steps performed: 110

[2020-01-30 15:15:52.443820][EnvironmentNew.Environment.log][thread_rollouts]: Thread number: 8

[2020-01-30 15:15:52.444019][EnvironmentNew.Environment.log][thread_rollouts]: Thread number: 9

[2020-01-30 15:15:52.644284][EnvironmentNew.Environment.log][thread_rollouts]: Thread number: 8, Steps performed: 57

[2020-01-30 15:15:52.662696][EnvironmentNew.Environment.log][thread_rollouts]: Thread number: 9, Steps performed: 69

[2020-01-30 15:15:52.663764][EnvironmentNew.Environment.log][thread_rollouts]: Thread number: 11

[2020-01-30 15:15:52.663431][EnvironmentNew.Environment.log][thread_rollouts]: Thread number: 10

[2020-01-30 15:15:52.891851][EnvironmentNew.Environment.log][thread_rollouts]: Thread number: 11, Steps performed: 70

[2020-01-30 15:15:52.958217][EnvironmentNew.Environment.log][thread_rollouts]: Thread number: 10, Steps performed: 106

[2020-01-30 15:15:52.958920][EnvironmentNew.Environment.log][thread_rollouts]: Thread number: 13

[2020-01-30 15:15:52.958776][EnvironmentNew.Environment.log][thread_rollouts]: Thread number: 12

[2020-01-30 15:15:53.128976][EnvironmentNew.Environment.log][thread_rollouts]: Thread number: 12, Steps performed: 51

[2020-01-30 15:15:53.194341][EnvironmentNew.Environment.log][thread_rollouts]: Thread number: 13, Steps performed: 86

[2020-01-30 15:15:53.194849][EnvironmentNew.Environment.log][thread_rollouts]: Thread number: 14

[2020-01-30 15:15:53.195027][EnvironmentNew.Environment.log][thread_rollouts]: Thread number: 15

[2020-01-30 15:15:53.482309][EnvironmentNew.Environment.log][thread_rollouts]: Thread number: 14, Steps performed: 86

[2020-01-30 15:15:53.529775][EnvironmentNew.Environment.log][thread_rollouts]: Thread number: 15, Steps performed: 113

[2020-01-30 15:15:53.530308][EnvironmentNew.Environment.log][thread_rollouts]: Thread number: 16

[2020-01-30 15:15:53.530514][EnvironmentNew.Environment.log][thread_rollouts]: Thread number: 17

[2020-01-30 15:15:53.740450][EnvironmentNew.Environment.log][thread_rollouts]: Thread number: 17, Steps performed: 62

[2020-01-30 15:15:53.754216][EnvironmentNew.Environment.log][thread_rollouts]: Thread number: 16, Steps performed: 72

[2020-01-30 15:15:53.754842][EnvironmentNew.Environment.log][thread_rollouts]: Thread number: 18

[2020-01-30 15:15:53.755032][EnvironmentNew.Environment.log][thread_rollouts]: Thread number: 19

[2020-01-30 15:15:53.926573][EnvironmentNew.Environment.log][thread_rollouts]: Thread number: 19, Steps performed: 51

[2020-01-30 15:15:53.961975][EnvironmentNew.Environment.log][thread_rollouts]: Thread number: 18, Steps performed: 66

[2020-01-30 15:15:53.962607][EnvironmentNew.Environment.log][thread_rollouts]: Thread number: 21

[2020-01-30 15:15:53.962474][EnvironmentNew.Environment.log][thread_rollouts]: Thread number: 20

[2020-01-30 15:15:54.213358][EnvironmentNew.Environment.log][thread_rollouts]: Thread number: 20, Steps performed: 68

[2020-01-30 15:15:54.261275][EnvironmentNew.Environment.log][thread_rollouts]: Thread number: 21, Steps performed: 93

[2020-01-30 15:15:54.261870][EnvironmentNew.Environment.log][thread_rollouts]: Thread number: 22

[2020-01-30 15:15:54.262240][EnvironmentNew.Environment.log][thread_rollouts]: Thread number: 23

[2020-01-30 15:15:54.461188][EnvironmentNew.Environment.log][thread_rollouts]: Thread number: 23, Steps performed: 59

[2020-01-30 15:15:54.529241][EnvironmentNew.Environment.log][thread_rollouts]: Thread number: 22, Steps performed: 100

[2020-01-30 15:15:54.529882][EnvironmentNew.Environment.log][thread_rollouts]: Thread number: 24

[2020-01-30 15:15:54.530072][EnvironmentNew.Environment.log][thread_rollouts]: Thread number: 25

[2020-01-30 15:15:54.745839][EnvironmentNew.Environment.log][thread_rollouts]: Thread number: 25, Steps performed: 64

[2020-01-30 15:15:54.792359][EnvironmentNew.Environment.log][thread_rollouts]: Thread number: 24, Steps performed: 91

[2020-01-30 15:15:54.793123][EnvironmentNew.Environment.log][thread_rollouts]: Thread number: 27

[2020-01-30 15:15:54.792877][EnvironmentNew.Environment.log][thread_rollouts]: Thread number: 26

[2020-01-30 15:15:54.968144][EnvironmentNew.Environment.log][thread_rollouts]: Thread number: 26, Steps performed: 48

[2020-01-30 15:15:54.972802][EnvironmentNew.Environment.log][thread_rollouts]: Thread number: 27, Steps performed: 50

[2020-01-30 15:15:54.973359][EnvironmentNew.Environment.log][thread_rollouts]: Thread number: 28

[2020-01-30 15:15:54.973603][EnvironmentNew.Environment.log][thread_rollouts]: Thread number: 29

[2020-01-30 15:15:55.197615][EnvironmentNew.Environment.log][thread_rollouts]: Thread number: 29, Steps performed: 66

[2020-01-30 15:15:55.237325][EnvironmentNew.Environment.log][thread_rollouts]: Thread number: 28, Steps performed: 87

[2020-01-30 15:15:55.237899][EnvironmentNew.Environment.log][thread_rollouts]: Thread number: 30

[2020-01-30 15:15:55.238148][EnvironmentNew.Environment.log][thread_rollouts]: Thread number: 31

[2020-01-30 15:15:55.519978][EnvironmentNew.Environment.log][thread_rollouts]: Thread number: 31, Steps performed: 85

[2020-01-30 15:15:55.520969][EnvironmentNew.Environment.log][thread_rollouts]: Thread number: 30, Steps performed: 83

[2020-01-30 15:15:55.522132][EnvironmentNew.Environment.log][thread_rollouts]: Thread number: 33

[2020-01-30 15:15:55.521956][EnvironmentNew.Environment.log][thread_rollouts]: Thread number: 32

[2020-01-30 15:15:55.729331][EnvironmentNew.Environment.log][thread_rollouts]: Thread number: 32, Steps performed: 55

[2020-01-30 15:15:55.736935][EnvironmentNew.Environment.log][thread_rollouts]: Thread number: 33, Steps performed: 63

[2020-01-30 15:15:55.737600][EnvironmentNew.Environment.log][thread_rollouts]: Thread number: 35

[2020-01-30 15:15:55.737421][EnvironmentNew.Environment.log][thread_rollouts]: Thread number: 34

[2020-01-30 15:15:56.018933][EnvironmentNew.Environment.log][thread_rollouts]: Thread number: 35, Steps performed: 86

[2020-01-30 15:15:56.032074][EnvironmentNew.Environment.log][thread_rollouts]: Thread number: 34, Steps performed: 94

[2020-01-30 15:15:56.032995][EnvironmentNew.Environment.log][thread_rollouts]: Thread number: 37

[2020-01-30 15:15:56.032752][EnvironmentNew.Environment.log][thread_rollouts]: Thread number: 36

[2020-01-30 15:15:56.366667][EnvironmentNew.Environment.log][thread_rollouts]: Thread number: 37, Steps performed: 89

[2020-01-30 15:15:56.380936][EnvironmentNew.Environment.log][thread_rollouts]: Thread number: 36, Steps performed: 95

[2020-01-30 15:15:56.381570][EnvironmentNew.Environment.log][thread_rollouts]: Thread number: 39

[2020-01-30 15:15:56.381449][EnvironmentNew.Environment.log][thread_rollouts]: Thread number: 38

[2020-01-30 15:15:56.613483][EnvironmentNew.Environment.log][thread_rollouts]: Thread number: 38, Steps performed: 64

[2020-01-30 15:15:56.653387][EnvironmentNew.Environment.log][thread_rollouts]: Thread number: 39, Steps performed: 79

[2020-01-30 15:15:56.654267][EnvironmentNew.Environment.log][thread_rollouts]: Thread number: 40

[2020-01-30 15:15:56.654677][EnvironmentNew.Environment.log][thread_rollouts]: Thread number: 41

[2020-01-30 15:15:56.906261][EnvironmentNew.Environment.log][thread_rollouts]: Thread number: 41, Steps performed: 78

[2020-01-30 15:15:56.928580][EnvironmentNew.Environment.log][thread_rollouts]: Thread number: 40, Steps performed: 86

[2020-01-30 15:15:56.929217][EnvironmentNew.Environment.log][thread_rollouts]: Thread number: 43

[2020-01-30 15:15:56.929065][EnvironmentNew.Environment.log][thread_rollouts]: Thread number: 42

[2020-01-30 15:15:57.069004][EnvironmentNew.Environment.log][thread_rollouts]: Thread number: 42, Steps performed: 39

[2020-01-30 15:15:57.140304][EnvironmentNew.Environment.log][thread_rollouts]: Thread number: 43, Steps performed: 76

[2020-01-30 15:15:57.140868][EnvironmentNew.Environment.log][thread_rollouts]: Thread number: 44

[2020-01-30 15:15:57.141430][EnvironmentNew.Environment.log][thread_rollouts]: Thread number: 45

[2020-01-30 15:15:57.395549][EnvironmentNew.Environment.log][thread_rollouts]: Thread number: 44, Steps performed: 78

[2020-01-30 15:15:57.441320][EnvironmentNew.Environment.log][thread_rollouts]: Thread number: 45, Steps performed: 103

[2020-01-30 15:15:57.441924][EnvironmentNew.Environment.log][thread_rollouts]: Thread number: 46

[2020-01-30 15:15:57.442262][EnvironmentNew.Environment.log][thread_rollouts]: Thread number: 47

[2020-01-30 15:15:57.627623][EnvironmentNew.Environment.log][thread_rollouts]: Thread number: 46, Steps performed: 52

[2020-01-30 15:15:57.637244][EnvironmentNew.Environment.log][thread_rollouts]: Thread number: 47, Steps performed: 56

[2020-01-30 15:15:57.637923][EnvironmentNew.Environment.log][thread_rollouts]: Thread number: 48

[2020-01-30 15:15:57.638126][EnvironmentNew.Environment.log][thread_rollouts]: Thread number: 49

[2020-01-30 15:15:57.856296][EnvironmentNew.Environment.log][thread_rollouts]: Thread number: 49, Steps performed: 66

[2020-01-30 15:15:57.877400][EnvironmentNew.Environment.log][thread_rollouts]: Thread number: 48, Steps performed: 72

[2020-01-30 15:15:57.877996][EnvironmentNew.Environment.log][thread_rollouts]: Thread number: 50

[2020-01-30 15:15:57.878124][EnvironmentNew.Environment.log][thread_rollouts]: Thread number: 51

[2020-01-30 15:15:58.058817][EnvironmentNew.Environment.log][thread_rollouts]: Thread number: 50, Steps performed: 54

[2020-01-30 15:15:58.132220][EnvironmentNew.Environment.log][thread_rollouts]: Thread number: 51, Steps performed: 89

[2020-01-30 15:15:58.132822][EnvironmentNew.Environment.log][thread_rollouts]: Thread number: 52

[2020-01-30 15:15:58.133306][EnvironmentNew.Environment.log][thread_rollouts]: Thread number: 53

[2020-01-30 15:15:58.436233][EnvironmentNew.Environment.log][thread_rollouts]: Thread number: 53, Steps performed: 88

[2020-01-30 15:15:58.439983][EnvironmentNew.Environment.log][thread_rollouts]: Thread number: 52, Steps performed: 89

[2020-01-30 15:15:58.440475][EnvironmentNew.Environment.log][thread_rollouts]: Thread number: 54

[2020-01-30 15:15:58.440624][EnvironmentNew.Environment.log][thread_rollouts]: Thread number: 55

[2020-01-30 15:15:58.685850][EnvironmentNew.Environment.log][thread_rollouts]: Thread number: 54, Steps performed: 70

[2020-01-30 15:15:58.722747][EnvironmentNew.Environment.log][thread_rollouts]: Thread number: 55, Steps performed: 88

[2020-01-30 15:15:58.723528][EnvironmentNew.Environment.log][thread_rollouts]: Thread number: 57

[2020-01-30 15:15:58.723377][EnvironmentNew.Environment.log][thread_rollouts]: Thread number: 56

[2020-01-30 15:15:58.941126][EnvironmentNew.Environment.log][thread_rollouts]: Thread number: 56, Steps performed: 62

[2020-01-30 15:15:58.985574][EnvironmentNew.Environment.log][thread_rollouts]: Thread number: 57, Steps performed: 89

[2020-01-30 15:15:58.986117][EnvironmentNew.Environment.log][thread_rollouts]: Thread number: 58

[2020-01-30 15:15:58.986343][EnvironmentNew.Environment.log][thread_rollouts]: Thread number: 59

[2020-01-30 15:15:59.274520][EnvironmentNew.Environment.log][thread_rollouts]: Thread number: 59, Steps performed: 87

[2020-01-30 15:15:59.280155][EnvironmentNew.Environment.log][thread_rollouts]: Thread number: 58, Steps performed: 94

[2020-01-30 15:15:59.280664][EnvironmentNew.Environment.log][thread_rollouts]: Thread number: 60

[2020-01-30 15:15:59.280821][EnvironmentNew.Environment.log][thread_rollouts]: Thread number: 61

[2020-01-30 15:15:59.492236][EnvironmentNew.Environment.log][thread_rollouts]: Thread number: 61, Steps performed: 58

[2020-01-30 15:15:59.557038][EnvironmentNew.Environment.log][thread_rollouts]: Thread number: 60, Steps performed: 89

[2020-01-30 15:15:59.557694][EnvironmentNew.Environment.log][thread_rollouts]: Thread number: 63

[2020-01-30 15:15:59.557552][EnvironmentNew.Environment.log][thread_rollouts]: Thread number: 62

[2020-01-30 15:15:59.876664][EnvironmentNew.Environment.log][thread_rollouts]: Thread number: 63, Steps performed: 94

[2020-01-30 15:15:59.893645][EnvironmentNew.Environment.log][thread_rollouts]: Thread number: 62, Steps performed: 103

[2020-01-30 15:15:59.894387][EnvironmentNew.Environment.log][thread_rollouts]: Thread number: 65

[2020-01-30 15:15:59.894200][EnvironmentNew.Environment.log][thread_rollouts]: Thread number: 64

[2020-01-30 15:16:00.146292][EnvironmentNew.Environment.log][thread_rollouts]: Thread number: 64, Steps performed: 73

[2020-01-30 15:16:00.191401][EnvironmentNew.Environment.log][thread_rollouts]: Thread number: 65, Steps performed: 101

[2020-01-30 15:16:00.192226][EnvironmentNew.Environment.log][thread_rollouts]: Thread number: 67

[2020-01-30 15:16:00.192031][EnvironmentNew.Environment.log][thread_rollouts]: Thread number: 66

[2020-01-30 15:16:00.365254][EnvironmentNew.Environment.log][thread_rollouts]: Thread number: 66, Steps performed: 51

[2020-01-30 15:16:00.413014][EnvironmentNew.Environment.log][thread_rollouts]: Thread number: 67, Steps performed: 75

[2020-01-30 15:16:00.413780][EnvironmentNew.Environment.log][thread_rollouts]: Thread number: 69

[2020-01-30 15:16:00.413634][EnvironmentNew.Environment.log][thread_rollouts]: Thread number: 68

[2020-01-30 15:16:00.670198][EnvironmentNew.Environment.log][thread_rollouts]: Thread number: 68, Steps performed: 80

[2020-01-30 15:16:00.734608][EnvironmentNew.Environment.log][thread_rollouts]: Thread number: 69, Steps performed: 110

[2020-01-30 15:16:00.735162][EnvironmentNew.Environment.log][thread_rollouts]: Thread number: 70

[2020-01-30 15:16:00.735478][EnvironmentNew.Environment.log][thread_rollouts]: Thread number: 71

[2020-01-30 15:16:00.925325][EnvironmentNew.Environment.log][thread_rollouts]: Thread number: 71, Steps performed: 53

[2020-01-30 15:16:00.967808][EnvironmentNew.Environment.log][thread_rollouts]: Thread number: 70, Steps performed: 72

[2020-01-30 15:16:00.968838][EnvironmentNew.Environment.log][thread_rollouts]: Thread number: 73

[2020-01-30 15:16:00.968600][EnvironmentNew.Environment.log][thread_rollouts]: Thread number: 72

[2020-01-30 15:16:01.248201][EnvironmentNew.Environment.log][thread_rollouts]: Thread number: 72, Steps performed: 85

[2020-01-30 15:16:01.274977][EnvironmentNew.Environment.log][thread_rollouts]: Thread number: 73, Steps performed: 98

[2020-01-30 15:16:01.275541][EnvironmentNew.Environment.log][thread_rollouts]: Thread number: 74

[2020-01-30 15:16:01.275693][EnvironmentNew.Environment.log][thread_rollouts]: Thread number: 75

[2020-01-30 15:16:01.566915][EnvironmentNew.Environment.log][thread_rollouts]: Thread number: 74, Steps performed: 84

[2020-01-30 15:16:01.572254][EnvironmentNew.Environment.log][thread_rollouts]: Thread number: 75, Steps performed: 88

[2020-01-30 15:16:01.572883][EnvironmentNew.Environment.log][thread_rollouts]: Thread number: 77

[2020-01-30 15:16:01.572784][EnvironmentNew.Environment.log][thread_rollouts]: Thread number: 76

[2020-01-30 15:16:01.768722][EnvironmentNew.Environment.log][thread_rollouts]: Thread number: 76, Steps performed: 56

[2020-01-30 15:16:01.789828][EnvironmentNew.Environment.log][thread_rollouts]: Thread number: 77, Steps performed: 67

[2020-01-30 15:16:01.790400][EnvironmentNew.Environment.log][thread_rollouts]: Thread number: 78

[2020-01-30 15:16:01.790549][EnvironmentNew.Environment.log][thread_rollouts]: Thread number: 79

[2020-01-30 15:16:02.056830][EnvironmentNew.Environment.log][thread_rollouts]: Thread number: 78, Steps performed: 80

[2020-01-30 15:16:02.065522][EnvironmentNew.Environment.log][thread_rollouts]: Thread number: 79, Steps performed: 89

[2020-01-30 15:16:02.066056][EnvironmentNew.Environment.log][thread_rollouts]: Thread number: 80

[2020-01-30 15:16:02.066240][EnvironmentNew.Environment.log][thread_rollouts]: Thread number: 81

[2020-01-30 15:16:02.351403][EnvironmentNew.Environment.log][thread_rollouts]: Thread number: 80, Steps performed: 89

[2020-01-30 15:16:02.372715][EnvironmentNew.Environment.log][thread_rollouts]: Thread number: 81, Steps performed: 98

[2020-01-30 15:16:02.373317][EnvironmentNew.Environment.log][thread_rollouts]: Thread number: 82

[2020-01-30 15:16:02.373567][EnvironmentNew.Environment.log][thread_rollouts]: Thread number: 83

[2020-01-30 15:16:02.543402][EnvironmentNew.Environment.log][thread_rollouts]: Thread number: 82, Steps performed: 47

[2020-01-30 15:16:02.576656][EnvironmentNew.Environment.log][thread_rollouts]: Thread number: 83, Steps performed: 66

[2020-01-30 15:16:02.577356][EnvironmentNew.Environment.log][thread_rollouts]: Thread number: 85

[2020-01-30 15:16:02.577230][EnvironmentNew.Environment.log][thread_rollouts]: Thread number: 84

[2020-01-30 15:16:02.879259][EnvironmentNew.Environment.log][thread_rollouts]: Thread number: 85, Steps performed: 87

[2020-01-30 15:16:02.888748][EnvironmentNew.Environment.log][thread_rollouts]: Thread number: 84, Steps performed: 94

[2020-01-30 15:16:02.889605][EnvironmentNew.Environment.log][thread_rollouts]: Thread number: 87

[2020-01-30 15:16:02.889353][EnvironmentNew.Environment.log][thread_rollouts]: Thread number: 86

[2020-01-30 15:16:03.192604][EnvironmentNew.Environment.log][thread_rollouts]: Thread number: 86, Steps performed: 93

[2020-01-30 15:16:03.212409][EnvironmentNew.Environment.log][thread_rollouts]: Thread number: 87, Steps performed: 106

[2020-01-30 15:16:03.213007][EnvironmentNew.Environment.log][thread_rollouts]: Thread number: 88

[2020-01-30 15:16:03.213185][EnvironmentNew.Environment.log][thread_rollouts]: Thread number: 89

[2020-01-30 15:16:03.426781][EnvironmentNew.Environment.log][thread_rollouts]: Thread number: 88, Steps performed: 64

[2020-01-30 15:16:03.467225][EnvironmentNew.Environment.log][thread_rollouts]: Thread number: 89, Steps performed: 82

[2020-01-30 15:16:03.468039][EnvironmentNew.Environment.log][thread_rollouts]: Thread number: 91

[2020-01-30 15:16:03.467871][EnvironmentNew.Environment.log][thread_rollouts]: Thread number: 90

[2020-01-30 15:16:03.654302][EnvironmentNew.Environment.log][thread_rollouts]: Thread number: 91, Steps performed: 42

[2020-01-30 15:16:03.702569][EnvironmentNew.Environment.log][thread_rollouts]: Thread number: 90, Steps performed: 69

[2020-01-30 15:16:03.703254][EnvironmentNew.Environment.log][thread_rollouts]: Thread number: 93

[2020-01-30 15:16:03.703120][EnvironmentNew.Environment.log][thread_rollouts]: Thread number: 92

[2020-01-30 15:16:03.977184][EnvironmentNew.Environment.log][thread_rollouts]: Thread number: 93, Steps performed: 80

[2020-01-30 15:16:03.998955][EnvironmentNew.Environment.log][thread_rollouts]: Thread number: 92, Steps performed: 93

[2020-01-30 15:16:03.999471][EnvironmentNew.Environment.log][thread_rollouts]: Thread number: 94

[2020-01-30 15:16:03.999666][EnvironmentNew.Environment.log][thread_rollouts]: Thread number: 95

[2020-01-30 15:16:04.250516][EnvironmentNew.Environment.log][thread_rollouts]: Thread number: 94, Steps performed: 74

[2020-01-30 15:16:04.310097][EnvironmentNew.Environment.log][thread_rollouts]: Thread number: 95, Steps performed: 108

[2020-01-30 15:16:04.310574][EnvironmentNew.Environment.log][thread_rollouts]: Thread number: 96

[2020-01-30 15:16:04.310740][EnvironmentNew.Environment.log][thread_rollouts]: Thread number: 97

[2020-01-30 15:16:04.512265][EnvironmentNew.Environment.log][thread_rollouts]: Thread number: 97, Steps performed: 57

[2020-01-30 15:16:04.548432][EnvironmentNew.Environment.log][thread_rollouts]: Thread number: 96, Steps performed: 78

[2020-01-30 15:16:04.548976][EnvironmentNew.Environment.log][thread_rollouts]: Thread number: 98

[2020-01-30 15:16:04.549137][EnvironmentNew.Environment.log][thread_rollouts]: Thread number: 99

[2020-01-30 15:16:04.778048][EnvironmentNew.Environment.log][thread_rollouts]: Thread number: 99, Steps performed: 64

[2020-01-30 15:16:04.830170][EnvironmentNew.Environment.log][thread_rollouts]: Thread number: 98, Steps performed: 94

[2020-01-30 15:16:04.834273][__main__.TRPOAgent.log][learning]: Rollouts performed

[2020-01-30 15:16:04.834660][__main__.TRPOAgent.log][batch_info]: Rollout statistics size: 7783, Batch size: 100

[2020-01-30 15:16:04.834921][__main__.TRPOAgent.log][learning]: 

***************
BEGINNING TRAINING
***************



[2020-01-30 15:16:10.721350][__main__.TRPOAgent.log][linesearch]: Linesearch failed. Mean kl divergence: 0.006583039231709079, Discarded policy loss value: 0.01295363554887659

[2020-01-30 15:16:10.721764][__main__.TRPOAgent.log][batch_info]: Current batch value loss: 0.0002023451856631997

[2020-01-30 15:16:11.835059][__main__.TRPOAgent.log][learning]: Episode #3

[2020-01-30 15:16:11.835459][__main__.TRPOAgent.log][learning]: Performing rollouts: rollout length: 1000

[2020-01-30 15:16:11.835865][EnvironmentNew.Environment.log][thread_rollouts]: Thread number: 0

[2020-01-30 15:16:11.836071][EnvironmentNew.Environment.log][thread_rollouts]: Thread number: 1

[2020-01-30 15:16:11.933500][EnvironmentNew.Environment.log][thread_rollouts]: Thread number: 1, Steps performed: 25

[2020-01-30 15:16:11.945356][EnvironmentNew.Environment.log][thread_rollouts]: Thread number: 0, Steps performed: 30

[2020-01-30 15:16:11.946236][EnvironmentNew.Environment.log][thread_rollouts]: Thread number: 2

[2020-01-30 15:16:11.946429][EnvironmentNew.Environment.log][thread_rollouts]: Thread number: 3

[2020-01-30 15:16:12.037702][EnvironmentNew.Environment.log][thread_rollouts]: Thread number: 3, Steps performed: 21

[2020-01-30 15:16:12.051829][EnvironmentNew.Environment.log][thread_rollouts]: Thread number: 2, Steps performed: 26

[2020-01-30 15:16:12.052370][EnvironmentNew.Environment.log][thread_rollouts]: Thread number: 4

[2020-01-30 15:16:12.052513][EnvironmentNew.Environment.log][thread_rollouts]: Thread number: 5

[2020-01-30 15:16:12.134437][EnvironmentNew.Environment.log][thread_rollouts]: Thread number: 4, Steps performed: 21

[2020-01-30 15:16:12.137840][EnvironmentNew.Environment.log][thread_rollouts]: Thread number: 5, Steps performed: 23

[2020-01-30 15:16:12.138338][EnvironmentNew.Environment.log][thread_rollouts]: Thread number: 6

[2020-01-30 15:16:12.138468][EnvironmentNew.Environment.log][thread_rollouts]: Thread number: 7

[2020-01-30 15:16:12.229561][EnvironmentNew.Environment.log][thread_rollouts]: Thread number: 6, Steps performed: 23

[2020-01-30 15:16:12.234076][EnvironmentNew.Environment.log][thread_rollouts]: Thread number: 7, Steps performed: 25

[2020-01-30 15:16:12.234723][EnvironmentNew.Environment.log][thread_rollouts]: Thread number: 8

[2020-01-30 15:16:12.234900][EnvironmentNew.Environment.log][thread_rollouts]: Thread number: 9

[2020-01-30 15:16:12.333219][EnvironmentNew.Environment.log][thread_rollouts]: Thread number: 9, Steps performed: 24

[2020-01-30 15:16:12.337633][EnvironmentNew.Environment.log][thread_rollouts]: Thread number: 8, Steps performed: 25

[2020-01-30 15:16:12.338327][EnvironmentNew.Environment.log][thread_rollouts]: Thread number: 10

[2020-01-30 15:16:12.338672][EnvironmentNew.Environment.log][thread_rollouts]: Thread number: 11

[2020-01-30 15:16:12.441558][EnvironmentNew.Environment.log][thread_rollouts]: Thread number: 11, Steps performed: 23

[2020-01-30 15:16:12.444816][EnvironmentNew.Environment.log][thread_rollouts]: Thread number: 10, Steps performed: 25

[2020-01-30 15:16:12.445403][EnvironmentNew.Environment.log][thread_rollouts]: Thread number: 13

[2020-01-30 15:16:12.445285][EnvironmentNew.Environment.log][thread_rollouts]: Thread number: 12

[2020-01-30 15:16:12.539306][EnvironmentNew.Environment.log][thread_rollouts]: Thread number: 12, Steps performed: 23

[2020-01-30 15:16:12.543046][EnvironmentNew.Environment.log][thread_rollouts]: Thread number: 13, Steps performed: 25

[2020-01-30 15:16:12.543681][EnvironmentNew.Environment.log][thread_rollouts]: Thread number: 15

[2020-01-30 15:16:12.543528][EnvironmentNew.Environment.log][thread_rollouts]: Thread number: 14

[2020-01-30 15:16:12.644510][EnvironmentNew.Environment.log][thread_rollouts]: Thread number: 15, Steps performed: 26

[2020-01-30 15:16:12.645747][EnvironmentNew.Environment.log][thread_rollouts]: Thread number: 14, Steps performed: 27

[2020-01-30 15:16:12.646330][EnvironmentNew.Environment.log][thread_rollouts]: Thread number: 16

[2020-01-30 15:16:12.646541][EnvironmentNew.Environment.log][thread_rollouts]: Thread number: 17

[2020-01-30 15:16:12.725624][EnvironmentNew.Environment.log][thread_rollouts]: Thread number: 16, Steps performed: 20

[2020-01-30 15:16:12.733793][EnvironmentNew.Environment.log][thread_rollouts]: Thread number: 17, Steps performed: 24

[2020-01-30 15:16:12.734481][EnvironmentNew.Environment.log][thread_rollouts]: Thread number: 19

[2020-01-30 15:16:12.734335][EnvironmentNew.Environment.log][thread_rollouts]: Thread number: 18

[2020-01-30 15:16:12.826080][EnvironmentNew.Environment.log][thread_rollouts]: Thread number: 19, Steps performed: 23

[2020-01-30 15:16:12.842910][EnvironmentNew.Environment.log][thread_rollouts]: Thread number: 18, Steps performed: 33

[2020-01-30 15:16:12.843587][EnvironmentNew.Environment.log][thread_rollouts]: Thread number: 20

[2020-01-30 15:16:12.843743][EnvironmentNew.Environment.log][thread_rollouts]: Thread number: 21

[2020-01-30 15:16:12.938301][EnvironmentNew.Environment.log][thread_rollouts]: Thread number: 20, Steps performed: 22

[2020-01-30 15:16:12.947557][EnvironmentNew.Environment.log][thread_rollouts]: Thread number: 21, Steps performed: 28

[2020-01-30 15:16:12.948383][EnvironmentNew.Environment.log][thread_rollouts]: Thread number: 23

[2020-01-30 15:16:12.948185][EnvironmentNew.Environment.log][thread_rollouts]: Thread number: 22

[2020-01-30 15:16:13.049783][EnvironmentNew.Environment.log][thread_rollouts]: Thread number: 22, Steps performed: 25

[2020-01-30 15:16:13.052338][EnvironmentNew.Environment.log][thread_rollouts]: Thread number: 23, Steps performed: 26

[2020-01-30 15:16:13.052840][EnvironmentNew.Environment.log][thread_rollouts]: Thread number: 24

[2020-01-30 15:16:13.053138][EnvironmentNew.Environment.log][thread_rollouts]: Thread number: 25

[2020-01-30 15:16:13.176745][EnvironmentNew.Environment.log][thread_rollouts]: Thread number: 24, Steps performed: 25

[2020-01-30 15:16:13.176965][EnvironmentNew.Environment.log][thread_rollouts]: Thread number: 25, Steps performed: 25

[2020-01-30 15:16:13.178102][EnvironmentNew.Environment.log][thread_rollouts]: Thread number: 26

[2020-01-30 15:16:13.178448][EnvironmentNew.Environment.log][thread_rollouts]: Thread number: 27

[2020-01-30 15:16:13.296399][EnvironmentNew.Environment.log][thread_rollouts]: Thread number: 26, Steps performed: 24

[2020-01-30 15:16:13.297585][EnvironmentNew.Environment.log][thread_rollouts]: Thread number: 27, Steps performed: 24

[2020-01-30 15:16:13.298168][EnvironmentNew.Environment.log][thread_rollouts]: Thread number: 29

[2020-01-30 15:16:13.298017][EnvironmentNew.Environment.log][thread_rollouts]: Thread number: 28

[2020-01-30 15:16:13.391139][EnvironmentNew.Environment.log][thread_rollouts]: Thread number: 28, Steps performed: 22

[2020-01-30 15:16:13.407370][EnvironmentNew.Environment.log][thread_rollouts]: Thread number: 29, Steps performed: 31

[2020-01-30 15:16:13.408000][EnvironmentNew.Environment.log][thread_rollouts]: Thread number: 30

[2020-01-30 15:16:13.408138][EnvironmentNew.Environment.log][thread_rollouts]: Thread number: 31

[2020-01-30 15:16:13.486019][EnvironmentNew.Environment.log][thread_rollouts]: Thread number: 30, Steps performed: 20

[2020-01-30 15:16:13.495318][EnvironmentNew.Environment.log][thread_rollouts]: Thread number: 31, Steps performed: 25

[2020-01-30 15:16:13.496015][EnvironmentNew.Environment.log][thread_rollouts]: Thread number: 33

[2020-01-30 15:16:13.495812][EnvironmentNew.Environment.log][thread_rollouts]: Thread number: 32

[2020-01-30 15:16:13.586453][EnvironmentNew.Environment.log][thread_rollouts]: Thread number: 32, Steps performed: 22

[2020-01-30 15:16:13.591221][EnvironmentNew.Environment.log][thread_rollouts]: Thread number: 33, Steps performed: 25

[2020-01-30 15:16:13.591945][EnvironmentNew.Environment.log][thread_rollouts]: Thread number: 35

[2020-01-30 15:16:13.591797][EnvironmentNew.Environment.log][thread_rollouts]: Thread number: 34

[2020-01-30 15:16:13.677273][EnvironmentNew.Environment.log][thread_rollouts]: Thread number: 34, Steps performed: 21

[2020-01-30 15:16:13.688232][EnvironmentNew.Environment.log][thread_rollouts]: Thread number: 35, Steps performed: 25

[2020-01-30 15:16:13.689191][EnvironmentNew.Environment.log][thread_rollouts]: Thread number: 37

[2020-01-30 15:16:13.689026][EnvironmentNew.Environment.log][thread_rollouts]: Thread number: 36

[2020-01-30 15:16:13.785705][EnvironmentNew.Environment.log][thread_rollouts]: Thread number: 37, Steps performed: 22

[2020-01-30 15:16:13.800133][EnvironmentNew.Environment.log][thread_rollouts]: Thread number: 36, Steps performed: 25

