LOGGER started at 2020-01-28 13:08:24.043485.
Currently active debug channels:
	rollouts
	act
	training
	batch_info
	linesearch
	learning
	thread_rollouts
[2020-01-28 13:08:24.180486][__main__.TRPOAgent.log][learning]: Episode #0

[2020-01-28 13:08:24.435424][__main__.TRPOAgent.log][learning]: Performing rollouts: rollout length: 5000

[2020-01-28 13:08:24.474872][Environment.Environment.log][rollouts]: Rollout thread #1

[2020-01-28 13:08:24.475873][Environment.Environment.log][rollouts]: Rollout thread #2

[2020-01-28 13:08:24.475786][Environment.Environment.log][thread_rollouts]: Thread number: 0

[2020-01-28 13:08:24.477457][Environment.Environment.log][thread_rollouts]: Thread number: 1

[2020-01-28 13:08:24.514566][Environment.Environment.log][thread_rollouts]: Thread number: 0, Steps performed: 9

[2020-01-28 13:08:24.518039][Environment.Environment.log][thread_rollouts]: Thread number: 1, Steps performed: 9

[2020-01-28 13:08:24.518888][Environment.Environment.log][rollouts]: Rollout thread #3

[2020-01-28 13:08:24.519787][Environment.Environment.log][thread_rollouts]: Thread number: 2

[2020-01-28 13:08:24.519856][Environment.Environment.log][rollouts]: Rollout thread #4

[2020-01-28 13:08:24.523237][Environment.Environment.log][thread_rollouts]: Thread number: 3

[2020-01-28 13:08:24.557847][Environment.Environment.log][thread_rollouts]: Thread number: 2, Steps performed: 9

[2020-01-28 13:08:24.563071][Environment.Environment.log][thread_rollouts]: Thread number: 3, Steps performed: 11

[2020-01-28 13:08:24.563926][Environment.Environment.log][rollouts]: Rollout thread #5

[2020-01-28 13:08:24.564626][Environment.Environment.log][thread_rollouts]: Thread number: 4

[2020-01-28 13:08:24.564698][Environment.Environment.log][rollouts]: Rollout thread #6

[2020-01-28 13:08:24.566538][Environment.Environment.log][thread_rollouts]: Thread number: 5

[2020-01-28 13:08:24.598758][Environment.Environment.log][thread_rollouts]: Thread number: 4, Steps performed: 9

[2020-01-28 13:08:24.606550][Environment.Environment.log][thread_rollouts]: Thread number: 5, Steps performed: 9

[2020-01-28 13:08:24.607174][Environment.Environment.log][rollouts]: Rollout thread #7

[2020-01-28 13:08:24.608010][Environment.Environment.log][thread_rollouts]: Thread number: 6

[2020-01-28 13:08:24.608108][Environment.Environment.log][rollouts]: Rollout thread #8

[2020-01-28 13:08:24.612904][Environment.Environment.log][thread_rollouts]: Thread number: 7

[2020-01-28 13:08:24.659680][Environment.Environment.log][thread_rollouts]: Thread number: 7, Steps performed: 9

[2020-01-28 13:08:24.662904][Environment.Environment.log][thread_rollouts]: Thread number: 6, Steps performed: 20

[2020-01-28 13:08:24.663722][Environment.Environment.log][rollouts]: Rollout thread #9

[2020-01-28 13:08:24.664547][Environment.Environment.log][thread_rollouts]: Thread number: 8

[2020-01-28 13:08:24.664753][Environment.Environment.log][rollouts]: Rollout thread #10

[2020-01-28 13:08:24.667992][Environment.Environment.log][thread_rollouts]: Thread number: 9

[2020-01-28 13:08:24.699683][Environment.Environment.log][thread_rollouts]: Thread number: 8, Steps performed: 9

[2020-01-28 13:08:24.701216][Environment.Environment.log][thread_rollouts]: Thread number: 9, Steps performed: 11

[2020-01-28 13:08:24.702032][Environment.Environment.log][rollouts]: Rollout thread #11

[2020-01-28 13:08:24.703107][Environment.Environment.log][rollouts]: Rollout thread #12

[2020-01-28 13:08:24.702971][Environment.Environment.log][thread_rollouts]: Thread number: 10

[2020-01-28 13:08:24.703818][Environment.Environment.log][thread_rollouts]: Thread number: 11

[2020-01-28 13:08:24.732828][Environment.Environment.log][thread_rollouts]: Thread number: 10, Steps performed: 9

[2020-01-28 13:08:24.736104][Environment.Environment.log][thread_rollouts]: Thread number: 11, Steps performed: 9

[2020-01-28 13:08:24.736501][Environment.Environment.log][rollouts]: Rollout thread #13

[2020-01-28 13:08:24.737041][Environment.Environment.log][thread_rollouts]: Thread number: 12

[2020-01-28 13:08:24.737098][Environment.Environment.log][rollouts]: Rollout thread #14

[2020-01-28 13:08:24.738624][Environment.Environment.log][thread_rollouts]: Thread number: 13

[2020-01-28 13:08:24.770539][Environment.Environment.log][thread_rollouts]: Thread number: 12, Steps performed: 11

[2020-01-28 13:08:24.771650][Environment.Environment.log][thread_rollouts]: Thread number: 13, Steps performed: 9

[2020-01-28 13:08:24.772185][Environment.Environment.log][rollouts]: Rollout thread #15

[2020-01-28 13:08:24.772905][Environment.Environment.log][thread_rollouts]: Thread number: 14

[2020-01-28 13:08:24.772957][Environment.Environment.log][rollouts]: Rollout thread #16

[2020-01-28 13:08:24.776867][Environment.Environment.log][thread_rollouts]: Thread number: 15

[2020-01-28 13:08:24.802879][Environment.Environment.log][thread_rollouts]: Thread number: 14, Steps performed: 10

[2020-01-28 13:08:24.803888][Environment.Environment.log][thread_rollouts]: Thread number: 15, Steps performed: 9

[2020-01-28 13:08:24.804814][Environment.Environment.log][rollouts]: Rollout thread #17

[2020-01-28 13:08:24.805503][Environment.Environment.log][thread_rollouts]: Thread number: 16

[2020-01-28 13:08:24.805586][Environment.Environment.log][rollouts]: Rollout thread #18

[2020-01-28 13:08:24.807665][Environment.Environment.log][thread_rollouts]: Thread number: 17

[2020-01-28 13:08:24.837942][Environment.Environment.log][thread_rollouts]: Thread number: 16, Steps performed: 9

[2020-01-28 13:08:24.838486][Environment.Environment.log][thread_rollouts]: Thread number: 17, Steps performed: 9

[2020-01-28 13:08:24.839251][Environment.Environment.log][rollouts]: Rollout thread #19

[2020-01-28 13:08:24.840011][Environment.Environment.log][thread_rollouts]: Thread number: 18

[2020-01-28 13:08:24.840087][Environment.Environment.log][rollouts]: Rollout thread #20

[2020-01-28 13:08:24.844012][Environment.Environment.log][thread_rollouts]: Thread number: 19

[2020-01-28 13:08:24.861393][Environment.Environment.log][thread_rollouts]: Thread number: 18, Steps performed: 9

[2020-01-28 13:08:24.876687][Environment.Environment.log][thread_rollouts]: Thread number: 19, Steps performed: 14

[2020-01-28 13:08:24.877094][Environment.Environment.log][rollouts]: Rollout thread #21

[2020-01-28 13:08:24.877699][Environment.Environment.log][thread_rollouts]: Thread number: 20

[2020-01-28 13:08:24.877773][Environment.Environment.log][rollouts]: Rollout thread #22

[2020-01-28 13:08:24.881892][Environment.Environment.log][thread_rollouts]: Thread number: 21

[2020-01-28 13:08:24.911639][Environment.Environment.log][thread_rollouts]: Thread number: 20, Steps performed: 9

[2020-01-28 13:08:24.913463][Environment.Environment.log][thread_rollouts]: Thread number: 21, Steps performed: 9

[2020-01-28 13:08:24.914228][Environment.Environment.log][rollouts]: Rollout thread #23

[2020-01-28 13:08:24.915027][Environment.Environment.log][thread_rollouts]: Thread number: 22

[2020-01-28 13:08:24.915096][Environment.Environment.log][rollouts]: Rollout thread #24

[2020-01-28 13:08:24.919144][Environment.Environment.log][thread_rollouts]: Thread number: 23

[2020-01-28 13:08:24.943646][Environment.Environment.log][thread_rollouts]: Thread number: 22, Steps performed: 9

[2020-01-28 13:08:24.944437][Environment.Environment.log][thread_rollouts]: Thread number: 23, Steps performed: 9

[2020-01-28 13:08:24.945233][Environment.Environment.log][rollouts]: Rollout thread #25

[2020-01-28 13:08:24.946258][Environment.Environment.log][rollouts]: Rollout thread #26

[2020-01-28 13:08:24.945983][Environment.Environment.log][thread_rollouts]: Thread number: 24

[2020-01-28 13:08:24.947604][Environment.Environment.log][thread_rollouts]: Thread number: 25

[2020-01-28 13:08:24.974086][Environment.Environment.log][thread_rollouts]: Thread number: 24, Steps performed: 9

[2020-01-28 13:08:24.976914][Environment.Environment.log][thread_rollouts]: Thread number: 25, Steps performed: 9

[2020-01-28 13:08:24.977337][Environment.Environment.log][rollouts]: Rollout thread #27

[2020-01-28 13:08:24.977839][Environment.Environment.log][thread_rollouts]: Thread number: 26

[2020-01-28 13:08:24.977894][Environment.Environment.log][rollouts]: Rollout thread #28

[2020-01-28 13:08:24.980607][Environment.Environment.log][thread_rollouts]: Thread number: 27

[2020-01-28 13:08:25.014738][Environment.Environment.log][thread_rollouts]: Thread number: 27, Steps performed: 9

[2020-01-28 13:08:25.016074][Environment.Environment.log][thread_rollouts]: Thread number: 26, Steps performed: 14

[2020-01-28 13:08:25.016884][Environment.Environment.log][rollouts]: Rollout thread #29

[2020-01-28 13:08:25.017672][Environment.Environment.log][rollouts]: Rollout thread #30

[2020-01-28 13:08:25.017604][Environment.Environment.log][thread_rollouts]: Thread number: 28

[2020-01-28 13:08:25.018786][Environment.Environment.log][thread_rollouts]: Thread number: 29

[2020-01-28 13:08:25.043014][Environment.Environment.log][thread_rollouts]: Thread number: 29, Steps performed: 9

[2020-01-28 13:08:25.043591][Environment.Environment.log][thread_rollouts]: Thread number: 28, Steps performed: 9

[2020-01-28 13:08:25.044351][__main__.TRPOAgent.log][rollouts]: Unpacking actions

[2020-01-28 13:08:25.044843][__main__.TRPOAgent.log][rollouts]: Unpacking rewards

[2020-01-28 13:08:25.045522][__main__.TRPOAgent.log][rollouts]: Unpacking observations

[2020-01-28 13:08:25.045977][__main__.TRPOAgent.log][learning]: Rollouts performed

[2020-01-28 13:08:25.047941][__main__.TRPOAgent.log][batch_info]: Rollout statistics size: 298, Batch size: 60000, Number of batches: 1

[2020-01-28 13:08:25.048524][__main__.TRPOAgent.log][learning]: 

***************
BEGINNING TRAINING
***************



[2020-01-28 13:08:25.051086][__main__.TRPOAgent.log][batch_info]: Batch #0, batch length: 298

[2020-01-28 13:08:25.318369][__main__.TRPOAgent.log][training]: policy_gradient: [ 4.70438618e-05 -1.98289749e-04 -4.80239625e-05 -1.50458294e-04
 -2.90306501e-05  3.32321383e-05  9.27898662e-05  2.01958699e-05
 -3.86451068e-05 -8.10795606e-05 -1.89855557e-05 -2.73943240e-05
 -1.33643954e-04  1.55629647e-04  2.69702635e-04 -1.21942115e-04
 -3.75861186e-05 -8.66691287e-04  8.11785412e-04  7.40459215e-05
 -4.18418167e-04  8.01331035e-05 -6.48156212e-04  5.03449846e-05
 -9.21162752e-04  8.91072476e-04 -2.48612905e-05  1.01891189e-03
 -6.13808288e-04 -2.70017101e-04  2.24582078e-05 -1.12997124e-04
 -4.42415259e-04 -1.96604280e-03  4.86579890e-04  1.64594064e-04
  1.05264964e-03 -2.48752401e-04  6.18411879e-04 -1.36298976e-04
  3.96822863e-04  1.34657529e-03  1.22736482e-03  2.41357634e-04
 -1.34476206e-03  1.40361995e-03  2.48089582e-03 -9.17745126e-04
  3.13665737e-04 -7.39706254e-03  7.01715950e-03 -1.02951577e-03
 -4.06299564e-03 -8.85551132e-04 -5.92713007e-03 -1.33440327e-04
 -8.27497573e-03  7.86326281e-03 -7.63920707e-04  8.60429784e-03
 -5.56693207e-03 -2.69969381e-03  4.18868105e-05  1.02970890e-03
 -1.88903108e-05  1.10073533e-04  7.07749882e-06  3.94221337e-05
 -5.38256397e-06 -1.30654924e-05 -8.41493745e-06 -1.61774933e-05
  1.70828895e-07 -1.75308627e-06 -1.60520425e-05  8.50213550e-06
  2.44604090e-04 -2.38179686e-05 -6.74238470e-04  4.10370941e-04
 -9.60138321e-06  1.69243643e-03 -1.56479905e-03  1.47065265e-06
  8.87772438e-04 -5.88341305e-07  9.68388915e-04 -5.59897011e-05
  1.40686382e-03 -1.54140774e-03  1.58422367e-05 -1.57696104e-03
  8.77380360e-04  7.11581582e-04 -7.29035364e-05  1.14200350e-05
  5.98562055e-04  3.24386510e-03 -6.59368628e-04 -8.78453814e-05
 -1.50443579e-03  3.29768803e-04 -9.84736336e-04  1.77137470e-04
 -5.36450005e-04 -1.88107181e-03 -1.77175026e-03 -3.25162516e-04
  2.16959531e-03 -2.33113371e-03 -4.00202789e-03  1.48821461e-03
 -4.16841707e-04  1.20788272e-02 -1.14470182e-02  1.42437856e-03
  6.50433019e-03  1.20704676e-03  9.67176961e-03  1.41796932e-04
  1.35166756e-02 -1.28356619e-02  1.14300582e-03 -1.41010655e-02
  9.09593199e-03  4.37117442e-03 -6.95551011e-05 -1.38960548e-03
 -9.79247453e-04  3.83568649e-03  1.25168822e-03  3.46912655e-03
  1.03153713e-03 -6.95879839e-04 -2.29141086e-03 -2.94268596e-04
  1.12093154e-03  2.40812164e-03  9.61948406e-04  6.21492693e-04
 -5.47847091e-04 -4.14593914e-03  4.39508654e-03 -3.90783769e-03
  1.29560425e-03 -5.46073481e-03  4.77078923e-03 -2.20320792e-03
 -4.15438644e-03 -2.33615269e-03  1.35563392e-03 -3.09589068e-04
  1.32891824e-03  1.99623174e-03  3.38645938e-04 -9.92388051e-04
  1.98583899e-03 -5.06078875e-03  8.61914233e-04  3.03961131e-03
  0.00000000e+00  6.29767979e-04 -1.69834324e-05  2.59191630e-04
 -1.47679580e-04 -4.61961279e-05  0.00000000e+00  4.37806596e-04
 -1.32855717e-04  1.50506422e-04 -1.21564049e-05  5.45440198e-04
 -4.34757325e-04  0.00000000e+00  1.01080118e-03 -6.00719835e-04
  1.74664997e-05  3.32656198e-07 -6.79073540e-06 -8.00455076e-07
  2.97071238e-05  4.14611135e-05  0.00000000e+00 -4.99503611e-05
  2.55715851e-06 -3.02757694e-05  2.33982060e-07 -4.74851398e-05
  8.36805086e-06  0.00000000e+00 -5.29230834e-05  1.85518815e-06
  0.00000000e+00  2.87010823e-04 -2.95584101e-06  1.19121807e-04
 -6.82330436e-05 -2.50028125e-05  0.00000000e+00  2.06225028e-04
 -6.25805418e-05  6.95391418e-05 -5.72616990e-06  2.48579232e-04
 -2.04788696e-04  0.00000000e+00  4.64553826e-04 -2.76084657e-04
  9.84762472e-07  5.13818339e-04 -9.47857893e-06  2.11440439e-04
 -1.22414473e-04 -4.27256318e-05  0.00000000e+00  3.64014060e-04
 -1.10462815e-04  1.24757698e-04 -1.01074364e-05  4.42323096e-04
 -3.61478745e-04  0.00000000e+00  8.29776738e-04 -4.90048484e-04
  1.03510888e-05  1.85557229e-04 -2.38027504e-05  6.32931278e-05
 -3.32516411e-05 -1.64200721e-05  0.00000000e+00  1.12123010e-04
 -3.40245739e-05  3.38881349e-05 -3.11327587e-06  1.32398936e-04
 -1.11342087e-04  1.73627328e-06  3.03510263e-04 -1.46692381e-04
  0.00000000e+00  1.34602894e-04 -5.34020550e-06  5.48991434e-05
 -2.29200359e-05 -1.08123597e-05  0.00000000e+00  9.09294961e-05
 -2.75932421e-05  2.33587650e-05 -2.52480384e-06  1.16579171e-04
 -9.02961830e-05  0.00000000e+00  2.14096879e-04 -1.27237922e-04
  2.35213613e-05  1.94508511e-04 -5.98241336e-05  4.75558679e-05
 -1.58809093e-05 -1.19431687e-05  0.00000000e+00  7.95270459e-05
 -2.41330825e-05  1.61848973e-05 -2.20819645e-06  1.04129128e-04
 -7.89731495e-05  3.57859676e-06  3.13818715e-04 -1.10218656e-04
  2.18521461e-05  3.19926798e-04 -5.02499000e-05  9.69501583e-05
 -5.36389938e-05 -3.76869522e-05  0.00000000e+00  1.83838511e-04
 -5.57871839e-05  5.46657368e-05 -5.10457219e-06  2.17319069e-04
 -1.82558097e-04  2.53438218e-05  5.23393952e-04 -2.24698163e-04
  0.00000000e+00  4.76287145e-05  0.00000000e+00  2.04083352e-05
 -2.78734295e-06 -7.30272004e-06  0.00000000e+00  3.58546771e-05
 -1.08803724e-05  2.84069751e-06 -9.95562829e-07  4.12510899e-05
 -3.56049535e-05  0.00000000e+00  7.95888716e-05 -4.72997209e-05
  1.56813343e-05  5.56065517e-04 -3.94131477e-05  2.10250002e-04
 -1.15745332e-04 -4.76027850e-05  0.00000000e+00  3.66004802e-04
 -1.11066920e-04  1.17960898e-04 -1.01627125e-05  4.38716130e-04
 -3.63455622e-04  1.70293705e-07  9.02891128e-04 -4.87289448e-04
  4.20078599e-06  3.11591172e-04 -9.65987848e-06  1.23301842e-04
 -7.43204642e-05 -3.09646282e-05  0.00000000e+00  2.20198682e-04
 -6.68209525e-05  7.57430862e-05 -6.11417089e-06  2.58378479e-04
 -2.18665025e-04  6.70459051e-06  5.10956796e-04 -2.85772585e-04
  0.00000000e+00  4.35365104e-04 -1.12803087e-05  1.79037414e-04
 -9.72655276e-05 -3.39677205e-05  0.00000000e+00  3.02882557e-04
 -9.19119987e-05  9.91273577e-05 -8.41002179e-06  3.77068439e-04
 -3.00773016e-04  0.00000000e+00  6.98214019e-04 -4.14949070e-04
  3.48928011e-03  0.00000000e+00  1.97195518e-05  0.00000000e+00
  5.93458781e-03  6.88537314e-03  0.00000000e+00 -8.29516734e-03
 -6.18647406e-06 -6.04818607e-03  3.77795751e-06 -9.54365571e-03
 -2.02446306e-05  3.82432298e-05  6.07863218e-03  0.00000000e+00
  3.05815353e-03  0.00000000e+00 -7.84078813e-06 -2.07027695e-05
  5.20132522e-03  6.00444351e-03  0.00000000e+00 -7.27023754e-03
  2.45983443e-06 -5.30088756e-03  4.25892250e-06 -8.36446585e-03
  8.04956732e-06  5.30240192e-05  5.18813136e-03  4.79821215e-05
  2.10433271e-03  0.00000000e+00  2.85899976e-06  0.00000000e+00
  3.57906125e-03  4.15246568e-03  0.00000000e+00 -5.00269150e-03
 -8.96933565e-07 -3.64757066e-03  2.26657504e-06 -5.75563618e-03
 -2.93512727e-06  5.54461816e-06  3.70098244e-03  0.00000000e+00
  2.41123122e-03  0.00000000e+00  0.00000000e+00  0.00000000e+00
  4.10103601e-03  4.75806645e-03  0.00000000e+00 -5.73229027e-03
  0.00000000e+00 -4.17953692e-03  2.16386489e-06 -6.59504535e-03
  0.00000000e+00  0.00000000e+00  4.64840898e-03  0.00000000e+00
  3.25171319e-05  9.25355644e-04 -9.30579394e-05  3.38867755e-04
 -1.79218225e-04 -6.82032632e-05  0.00000000e+00  5.76442726e-04
 -1.74925897e-04  1.82648771e-04 -1.60058602e-05  7.12509030e-04
 -5.72427871e-04  0.00000000e+00  1.49312024e-03 -7.85382544e-04
  1.72299948e-03  0.00000000e+00  4.53543746e-06  0.00000000e+00
  2.93048748e-03  3.39998336e-03  0.00000000e+00 -4.09613689e-03
 -1.42287038e-06 -2.98658207e-03  1.99125269e-06 -4.71263792e-03
 -4.65620401e-06  8.79582755e-06  3.17157622e-03  0.00000000e+00
  1.39135515e-03  0.00000000e+00 -1.74806129e-06  0.00000000e+00
  2.36642490e-03  2.74705188e-03  0.00000000e+00 -3.30951636e-03
  5.48406778e-07 -2.41172235e-03  1.39566362e-06 -3.80554559e-03
  1.79460749e-06  0.00000000e+00  2.79928067e-03  0.00000000e+00
  4.26677691e-05  7.02254497e-04 -1.12900597e-04  2.31832630e-04
 -1.12434203e-04 -5.02966508e-05  0.00000000e+00  3.93841591e-04
 -1.19514204e-04  1.14586388e-04 -1.09356458e-05  4.91518408e-04
 -3.91098532e-04  3.42829790e-06  1.13332504e-03 -5.37310787e-04
  7.13637318e-04  1.00229993e-04 -1.10069603e-04 -4.45218055e-05
  1.16000683e-03  1.28066133e-03  0.00000000e+00 -1.62109812e-03
  1.16346653e-05 -1.18221136e-03  2.66944369e-06 -1.86508623e-03
  3.80733029e-05  7.48078926e-05  9.59376122e-04  1.03186710e-04
  3.20628221e-05  9.58088698e-04 -9.46523871e-05  3.52555916e-04
 -1.86692683e-04 -6.93690863e-05  0.00000000e+00  5.97762540e-04
 -1.81395556e-04  1.90266303e-04 -1.65978392e-05  7.42101630e-04
 -5.93599195e-04  0.00000000e+00  1.54410419e-03 -8.17107140e-04
  3.12109558e-04  5.92052000e-05 -5.59730684e-05 -1.79396326e-05
  5.00570997e-04  5.52728052e-04  0.00000000e+00 -6.97417750e-04
  4.03510921e-06 -5.10152790e-04  1.11122815e-06 -8.02384643e-04
  1.32044998e-05  3.41795981e-05  2.75884404e-04  4.15780908e-05
  3.98580525e-08  2.31633535e-04 -1.10155491e-05  9.51100403e-05
 -4.93650535e-05 -9.93244900e-06  0.00000000e+00  1.50415811e-04
 -4.64620556e-05  5.03099858e-05 -4.25131545e-06  2.00508107e-04
 -1.52042528e-04  0.00000000e+00  3.59166451e-04 -2.20433382e-04
  2.02600265e-03  0.00000000e+00 -9.81327700e-07  0.00000000e+00
  3.44583704e-03  3.99873960e-03  0.00000000e+00 -4.81748969e-03
  3.07864927e-07 -3.51179630e-03  2.01163269e-06 -5.54139282e-03
  1.00745783e-06  0.00000000e+00  4.02567875e-03  0.00000000e+00
  2.34681293e-03  0.00000000e+00  0.00000000e+00  0.00000000e+00
  3.99147301e-03  4.63095028e-03  0.00000000e+00 -5.57914680e-03
  0.00000000e+00 -4.06787670e-03  2.61916897e-06 -6.41885257e-03
  0.00000000e+00  0.00000000e+00  4.26647921e-03  0.00000000e+00
  3.52287885e-05  5.64132863e-04 -8.21874528e-05  1.80763776e-04
 -9.55281266e-05 -5.73679145e-05  0.00000000e+00  3.29198248e-04
 -9.98976936e-05  9.73566998e-05 -9.14071930e-06  3.92238289e-04
 -3.26905421e-04  2.40828922e-05  9.19350028e-04 -4.18950202e-04
  1.19873364e-03  0.00000000e+00 -1.69998505e-05 -1.85571171e-05
  2.03881312e-03  2.33839164e-03  0.00000000e+00 -2.84978444e-03
  5.33324163e-06 -2.07783952e-03  2.15992469e-06 -3.27869956e-03
  1.74525110e-05  2.81899125e-05  1.95170648e-03  4.30092142e-05
  2.98037033e-03  0.00000000e+00  0.00000000e+00  0.00000000e+00
  5.06903111e-03  5.88114486e-03  0.00000000e+00 -7.08532128e-03
  0.00000000e+00 -5.16606111e-03  3.03408419e-06 -8.15171823e-03
  0.00000000e+00  0.00000000e+00  5.64522552e-03  0.00000000e+00
  8.79286657e-04  0.00000000e+00 -2.69098885e-05 -2.73470523e-05
  1.49549584e-03  1.69521086e-03  0.00000000e+00 -2.09035381e-03
  8.44224701e-06 -1.52412221e-03  2.14811020e-06 -2.40496860e-03
  2.76264267e-05  3.79398027e-05  1.08109680e-03  6.33813550e-05
  1.46286430e-05  9.65452335e-06 -8.04524623e-06  2.34876657e-06
  2.64629412e-05  3.39991659e-05  0.00000000e+00 -3.89680345e-05
  1.27177086e-06 -2.69694876e-05  1.16368057e-07 -3.16495740e-05
  4.16174563e-06  0.00000000e+00 -6.80371339e-05 -5.44365828e-06
  1.22115159e-05  3.62055017e-05 -6.35590129e-06  8.31874761e-06
  8.52524486e-06  1.13986171e-05  0.00000000e+00 -1.77545777e-06
 -6.27684571e-06 -8.68843276e-06 -4.54629761e-07 -2.04267822e-06
 -2.05403630e-05  1.13857959e-05  6.05003738e-05 -1.92800851e-05
 -2.48906220e-04  4.00917543e-03 -4.15550082e-03 -9.30157122e-04
 -2.09424865e-03 -4.12484252e-03  0.00000000e+00  3.17533192e-03
  4.24901450e-04  2.13433619e-03  5.65302715e-05  4.15312744e-03
  1.39044839e-03  1.02467397e-03  1.93954683e-02  2.15579428e-03
  2.55657509e-02 -2.55657509e-02 -7.62392901e-05  7.62392901e-05
  7.66706630e-05 -7.66706630e-05 -4.98023463e-04  4.98023463e-04
  2.02362530e-02 -2.02362530e-02  1.53551550e-02 -1.53551550e-02
  0.00000000e+00  0.00000000e+00  1.43707363e-02 -1.43707363e-02
 -1.52461625e-04  1.52461625e-04  3.35520949e-03 -3.35520949e-03
 -2.45463194e-04  2.45463194e-04  1.05532083e-02 -1.05532083e-02
 -9.56503419e-04  9.56503419e-04 -1.00000789e-05  1.00000789e-05
 -2.14511168e-04  2.14511168e-04 -8.26917533e-04  8.26917533e-04
 -9.11662734e-03  9.11662734e-03]

[2020-01-28 13:08:25.318997][__main__.TRPOAgent.log][training]: Initiating conjugate gradients

[2020-01-28 13:08:25.433125][__main__.TRPOAgent.log][training]: gradient_step_direction: [ 1.46179216e-02 -6.64908801e-02 -1.37716835e-02 -2.12109671e-02
 -2.23818694e-02  9.33808293e-03 -1.39048164e-02  1.04362740e-02
 -9.79267079e-03 -2.67977094e-02 -1.01524375e-02 -7.60302013e-03
 -1.36741115e-02  4.68847847e-02  1.88705419e-02 -5.70424694e-03
 -7.52793342e-03 -1.18305530e-01  1.10833743e-01  2.30959051e-02
 -6.32425628e-02  2.26137898e-02 -9.47058233e-02  2.80927551e-02
 -1.46658078e-01  1.30739106e-01  7.53481859e-03  1.49228633e-01
 -1.00947671e-01 -4.60450282e-02  1.57316634e-02 -2.86173157e-02
  3.64666975e-02 -7.39681071e-01 -3.01182338e-02  1.22958202e-02
 -4.15843730e-02  1.56673150e-02 -5.40997282e-02 -5.58461549e-03
 -8.08366322e-03 -3.99363495e-02 -5.72137665e-02 -2.75991206e-03
  1.10513285e-02 -7.76952030e-02  1.74592427e-02 -3.24937037e-02
  3.55781328e-02  5.11074194e-02 -5.01266180e-02  1.24838367e-02
  1.82691675e-01 -2.75811473e-03  7.43779011e-02 -3.81814234e-02
  1.45558387e-01 -9.86185248e-02  3.31905433e-02 -1.35977698e-01
  1.11874180e-01  1.29844136e-01 -3.28360963e-02  5.05135944e-02
 -2.34536499e-02  4.63565788e-02  1.73299494e-02  7.62332006e-03
  2.63732862e-02 -1.15317689e-02  3.20150889e-02 -8.61428801e-03
  7.61253101e-03  3.14441720e-02  2.57023951e-02  8.59968309e-03
  3.01976236e-02 -5.81677476e-02 -5.24756315e-02  2.00011624e-02
 -1.02055612e-02  2.07352313e-01 -1.98736710e-01 -2.01213682e-02
  1.56814192e-01 -1.14251042e-02  1.52382066e-01 -4.09740946e-02
  2.40454790e-01 -2.22042243e-01 -1.86498486e-02 -2.43187395e-01
  1.62240213e-01  1.16997245e-01 -7.52836530e-02  1.64484968e-02
 -6.10516663e-02  1.20164584e+00  5.22302904e-02 -2.49257349e-03
  7.86917545e-02 -2.92785373e-02  9.96094682e-02 -4.27557943e-03
  1.93162243e-02  7.43821335e-02  8.30590333e-02  9.26036890e-03
  2.06269675e-03 -1.39338028e-02 -7.51031064e-05  1.19525786e-03
 -4.07149989e-02  2.81192915e-02 -3.02974334e-02 -3.54230627e-02
 -2.14531260e-01 -1.64641877e-02  5.58609084e-02  2.52329189e-02
  3.24190920e-02 -2.94343613e-02 -5.11038951e-02 -2.29715010e-02
  2.04413258e-02 -1.50267217e-01  2.64119732e-02 -5.27842068e-02
  6.17924552e-02  1.10727680e+00  3.98929665e-02  4.35358035e-01
  1.19685037e-01 -3.15181183e-02 -1.80746618e-01 -1.42056328e-01
  1.25443998e-01  1.19379204e-01 -2.23647883e-01  4.21844546e-02
 -1.30840126e-01 -2.31502474e-01  2.80053811e-01 -8.94149540e-02
  4.28882786e-01 -9.93583629e-02  2.03025960e-01 -2.53460244e-01
 -1.04829709e+00 -4.20743257e-01  5.15913551e-02  2.69627748e-02
 -4.56463583e-02  9.06749903e-02  1.61197779e-01 -4.38071392e-03
  3.22648615e-03 -7.61315184e-01  1.09547472e+00  4.80764344e-01
  0.00000000e+00 -1.76235082e-02 -8.48864870e-03 -1.88966675e-02
  9.89577114e-03  4.66742337e-02  0.00000000e+00 -4.19746831e-02
  1.27375344e-02 -1.00851934e-02  1.16549466e-03 -1.52636689e-02
  4.16823343e-02  0.00000000e+00 -7.36936368e-02  4.37961789e-02
  2.74137244e-02 -5.65286918e-04 -3.39414117e-03 -1.24616342e-03
  4.66254212e-02  5.88251704e-02  0.00000000e+00 -7.08697443e-02
  1.72919144e-03 -4.75179124e-02  1.58222408e-04 -7.54698587e-02
  5.65860968e-03  0.00000000e+00 -1.35902682e-01  2.88819159e-03
  0.00000000e+00 -6.51602388e-03 -1.47738663e-03 -6.90036074e-03
  4.55379392e-03  1.67575521e-02  0.00000000e+00 -1.36503614e-02
  4.14230520e-03 -4.64096145e-03  3.79024263e-04 -5.64350923e-03
  1.35552882e-02  0.00000000e+00 -2.69101776e-02  1.59927370e-02
  9.53309952e-05 -1.02979313e-02 -3.82495326e-03 -1.24113583e-02
  6.88028469e-03  3.19750771e-02  0.00000000e+00 -2.55327832e-02
  7.74811579e-03 -7.01198532e-03  7.08958836e-04 -9.17975141e-03
  2.53549503e-02  0.00000000e+00 -4.78990144e-02  2.87653930e-02
  1.94232015e-03  2.70654644e-03 -4.46644430e-03 -3.52338474e-03
  2.94467880e-03  7.15996375e-03  0.00000000e+00 -5.72677125e-03
  1.73783196e-03 -3.00104507e-03  1.59013025e-04 -2.96837792e-03
  5.68688495e-03  8.69174839e-04 -2.46224259e-03  8.16603185e-03
  0.00000000e+00 -1.20839494e-02 -2.66913822e-03 -8.13388161e-03
  6.75910524e-03  1.23951278e-02  0.00000000e+00 -1.70495562e-02
  5.17381653e-03 -6.88848621e-03  4.73408376e-04 -1.04658732e-02
  1.69308080e-02  0.00000000e+00 -3.17206892e-02  1.88516274e-02
  3.06067441e-03  4.61500643e-03 -9.90501215e-03 -5.76805195e-03
  2.78475186e-03  1.20054339e-02  0.00000000e+00 -1.21425554e-02
  3.68475010e-03 -2.83805686e-03  3.37157601e-04 -4.37431733e-03
  1.20579839e-02  1.79143818e-03 -4.22305032e-03  1.33684225e-02
  1.09232054e-03  7.39086403e-03 -2.51183557e-03 -5.22171214e-03
 -6.14729071e-04  7.31223716e-03  0.00000000e+00 -2.41064585e-03
  7.31528666e-04  6.26495972e-04  6.69354670e-05  3.41356033e-03
  2.39385595e-03  1.26870653e-02  4.13230250e-04  1.21021889e-02
  0.00000000e+00 -8.65734087e-03  0.00000000e+00 -3.70956715e-03
  5.96251630e-03  1.56457914e-03  0.00000000e+00 -6.51720637e-03
  1.97769547e-03 -6.07664916e-03  1.80960727e-04 -7.49809754e-03
  6.47181480e-03  0.00000000e+00 -1.44666510e-02  8.59754062e-03
  2.64105105e-03 -2.64207397e-03 -7.74923920e-03 -1.19141023e-02
  7.93387560e-03  2.90295519e-02  0.00000000e+00 -2.26187492e-02
  6.86383016e-03 -8.08574379e-03  6.28045990e-04 -9.51192648e-03
  2.24612122e-02  8.52486817e-05 -3.24248940e-02  2.76129194e-02
  5.46468240e-04  8.62320171e-04 -1.25662598e-03 -4.04201063e-03
  2.63038486e-03  1.08291629e-02  0.00000000e+00 -5.31209288e-03
  1.61199467e-03 -2.68073503e-03  1.47498814e-04 -7.47812066e-04
  5.27509474e-03  3.35630426e-03 -8.90781402e-03  9.36803387e-03
  0.00000000e+00 -1.68713868e-02 -5.63811696e-03 -1.52260153e-02
  9.44558205e-03  3.28005130e-02  0.00000000e+00 -3.25788859e-02
  9.88630887e-03 -9.62638689e-03  9.04605221e-04 -1.46122587e-02
  3.23519778e-02  0.00000000e+00 -5.93787470e-02  3.52888300e-02
  3.56462175e-02  0.00000000e+00  9.87156719e-03  0.00000000e+00
  6.06273099e-02  7.03404950e-02  0.00000000e+00 -8.47428977e-02
 -3.09693623e-03 -6.17878743e-02  3.31797742e-03 -9.74973784e-02
 -1.01344206e-02  1.91444824e-02  6.02715945e-02  0.00000000e+00
  5.51941883e-02  0.00000000e+00  8.37731555e-03 -3.12441108e-03
  9.38746093e-02  1.04358105e-01  0.00000000e+00 -1.31214843e-01
 -2.62815534e-03 -9.56715766e-02  3.10708593e-03 -1.50963719e-01
 -8.60038103e-03  2.65437153e-02  1.09103319e-01  7.24134381e-03
  5.67554883e-03  0.00000000e+00  1.43120943e-03  0.00000000e+00
  9.65301654e-03  1.11995543e-02  0.00000000e+00 -1.34927119e-02
 -4.49003105e-04 -9.83782419e-03  1.91377165e-03 -1.55234741e-02
 -1.46931870e-03  2.77562449e-03  1.21353442e-02  0.00000000e+00
 -5.91892538e-02  0.00000000e+00  0.00000000e+00  0.00000000e+00
 -1.00669413e-01 -1.16797720e-01  0.00000000e+00  1.40712259e-01
  0.00000000e+00  1.02596359e-01  1.77839859e-03  1.61890565e-01
  0.00000000e+00  0.00000000e+00 -1.68624020e-01  0.00000000e+00
  4.69991809e-03 -8.06425385e-03 -1.99460858e-02 -2.43315126e-02
  1.38478757e-02  5.95989929e-02  0.00000000e+00 -5.21947338e-02
  1.58388860e-02 -1.41129481e-02  1.44927082e-03 -1.98393421e-02
  5.18312036e-02  0.00000000e+00 -7.00865969e-02  5.63923391e-02
  4.44383413e-04  0.00000000e+00  2.27043069e-03  0.00000000e+00
  7.55818627e-04  8.76925940e-04  0.00000000e+00 -1.05650059e-03
 -7.12285994e-04 -7.70313893e-04  1.66867998e-03 -1.21551414e-03
 -2.33088617e-03  4.40317323e-03 -5.18806538e-02  0.00000000e+00
 -3.63925387e-02  0.00000000e+00 -8.73714900e-04  0.00000000e+00
 -6.18966329e-02 -7.10633735e-02  0.00000000e+00  8.56137250e-02
  2.74104332e-04  6.30814175e-02  1.14868690e-03  9.95384871e-02
  8.96979588e-04  0.00000000e+00 -7.25337121e-02  0.00000000e+00
  5.35143210e-03  5.01159295e-04 -1.96953279e-02 -1.85112257e-02
  9.61520051e-03  4.42658790e-02  0.00000000e+00 -3.92463075e-02
  1.19095883e-02 -9.79925220e-03  1.08973692e-03 -1.42028422e-02
  3.89729616e-02  1.71619890e-03 -4.19196171e-02  4.29028534e-02
  9.81231193e-02  2.63264484e-02 -9.86415895e-04 -6.62781836e-04
  1.52746371e-01  1.76208968e-01  0.00000000e+00 -2.13452538e-01
 -5.70459076e-03 -1.55670207e-01  8.57586933e-04 -2.45578835e-01
 -1.86677147e-02  3.74486776e-02  1.78545299e-01  1.53610746e-03
  4.40453842e-03 -1.01607910e-02 -2.05859474e-02 -2.58440270e-02
  1.41772381e-02  6.38105872e-02  0.00000000e+00 -5.62157378e-02
  1.70590900e-02 -1.44486151e-02  1.56092047e-03 -2.08472432e-02
  5.58242017e-02  0.00000000e+00 -7.75438834e-02  5.98978433e-02
  5.76789173e-02  1.40991851e-02 -2.79801866e-03 -7.96849834e-04
  9.07660776e-02  1.03845448e-01  0.00000000e+00 -1.26507975e-01
 -2.34303584e-03 -9.25034995e-02  3.94032383e-04 -1.45548427e-01
 -7.66735539e-03  1.71102367e-02  3.17870915e-02  1.84683241e-03
  7.46417104e-05 -1.22211223e-02 -4.67209212e-03 -9.99125363e-03
  5.52197379e-03  2.67040143e-02  0.00000000e+00 -2.68820622e-02
  7.44806673e-03 -5.62767395e-03  6.81504101e-04 -1.07888334e-02
  2.43730692e-02  0.00000000e+00 -4.89500351e-02  2.31563968e-02
 -4.96235605e-02  0.00000000e+00 -4.90486615e-04  0.00000000e+00
 -8.44000281e-02 -9.75009078e-02  0.00000000e+00  1.17464390e-01
  1.53876861e-04  8.60155558e-02  1.65069687e-03  1.35727106e-01
  5.03546960e-04  0.00000000e+00 -1.32334365e-01  0.00000000e+00
 -6.98080391e-03  0.00000000e+00  0.00000000e+00  0.00000000e+00
 -1.18729799e-02 -1.37751372e-02  0.00000000e+00  1.65955947e-02
  0.00000000e+00  1.21002121e-02  2.15807524e-03  1.90933606e-02
  0.00000000e+00  0.00000000e+00 -5.39559733e-02  0.00000000e+00
  3.39416479e-03  8.20225460e-03 -8.39351692e-03 -1.11056914e-02
  3.59813215e-03  2.03506599e-02  0.00000000e+00 -1.36928924e-02
  4.15521155e-03 -3.66700674e-03  3.80205209e-04 -2.17955387e-03
  1.35975230e-02  1.20558465e-02 -1.11330887e-02  2.57392922e-02
  3.29522912e-02  0.00000000e+00  2.20486461e-03 -2.98443364e-03
  5.60454531e-02  6.06724166e-02  0.00000000e+00 -7.83384768e-02
 -6.91716417e-04 -5.71182769e-02  1.31907524e-03 -9.01290390e-02
 -2.26357425e-03  1.41118124e-02  5.70569088e-02  6.91692274e-03
 -4.54571386e-02  0.00000000e+00  0.00000000e+00  0.00000000e+00
 -7.73137490e-02 -8.97002198e-02  0.00000000e+00  1.08066483e-01
  0.00000000e+00  7.87936186e-02  2.48696593e-03  1.24331341e-01
  0.00000000e+00  0.00000000e+00 -1.65746215e-01  0.00000000e+00
  6.25792256e-02  0.00000000e+00  1.76491344e-03 -4.72427603e-03
  1.06435112e-01  1.16597866e-01  0.00000000e+00 -1.48771438e-01
 -5.53693681e-04 -1.08472475e-01  1.08161614e-03 -1.71162718e-01
 -1.81190836e-03  1.89925875e-02  7.12143360e-02  1.09492977e-02
  1.28313572e-02 -4.47869582e-03 -4.02117000e-03 -3.82272170e-03
  2.30485818e-02  3.34819204e-02  0.00000000e+00 -4.13775604e-02
  3.29955491e-03 -2.34897714e-02  3.01911928e-04 -3.89744924e-02
  1.07974704e-02  0.00000000e+00 -8.26203702e-02  8.85979515e-03
  5.18803267e-03  2.99965863e-03  1.16042654e-03  2.38733869e-04
  7.73739303e-03  9.09023256e-03  0.00000000e+00 -1.00755321e-02
 -1.04929868e-03 -7.88550011e-03  1.11759922e-05 -1.15919795e-02
 -3.43372720e-03  5.69970609e-03  5.01251080e-03 -5.53305556e-04
  6.62744347e-02  5.81875326e-01 -4.59003755e-01 -1.61638587e-01
 -2.30269374e-01 -3.54882383e-02  0.00000000e+00 -5.71932752e-03
  5.05604014e-02  2.34677062e-01  1.99855902e-02  3.22690767e-01
  1.65453963e-01  5.12949690e-01  9.15536170e-01  3.74624386e-01
  1.65091110e-01 -1.65091110e-01  1.46772459e-02 -1.46772459e-02
  6.68570806e-03 -6.68570806e-03  9.99065098e-03 -9.99065098e-03
  4.12376619e-01 -4.12376619e-01  9.79591396e-02 -9.79591396e-02
  0.00000000e+00  0.00000000e+00  1.79266507e-02 -1.79266507e-02
  1.77333446e-02 -1.77333446e-02 -3.63898209e-02  3.63898209e-02
  9.07657418e-03 -9.07657418e-03  1.45998586e-01 -1.45998586e-01
  1.01360703e-01 -1.01360703e-01 -5.00601899e-03  5.00601899e-03
  1.30899865e-01 -1.30899865e-01  1.93948417e-02 -1.93948417e-02
  1.64205844e-02 -1.64205844e-02]

[2020-01-28 13:08:25.474574][__main__.TRPOAgent.log][linesearch]: Linesearch worked at 1, New mean kl div: 0.007461238599696382, New policy loss value: -0.01534035788135395

[2020-01-28 13:08:25.765641][__main__.TRPOAgent.log][batch_info]: Current batch value loss: 11.183178625621164

[2020-01-28 13:08:25.766037][__main__.TRPOAgent.log][linesearch]: Linesearch successful, updating policy parameters

