LOGGER started at 2020-01-28 18:43:47.840426.
Currently active debug channels:
	act
	batch_info
	linesearch
	learning
[2020-01-28 18:43:48.283389][__main__.TRPOAgent.log][learning]: Episode #0

[2020-01-28 18:43:48.487593][__main__.TRPOAgent.log][learning]: Performing rollouts: rollout length: 1500

[2020-01-28 18:43:49.732173][__main__.TRPOAgent.log][learning]: Rollouts performed

[2020-01-28 18:43:49.733521][__main__.TRPOAgent.log][batch_info]: Rollout statistics size: 915, Batch size: 500, Number of batches: 2

[2020-01-28 18:43:49.733884][__main__.TRPOAgent.log][learning]: 

***************
BEGINNING TRAINING
***************



[2020-01-28 18:43:49.734297][__main__.TRPOAgent.log][batch_info]: Batch #0, batch length: 9

[2020-01-28 18:43:49.868782][__main__.TRPOAgent.log][linesearch]: Linesearch worked at 1, New mean kl div: 3.9339256374557176e-06, New policy loss value: -0.0026247945964766504

[2020-01-28 18:43:50.125633][__main__.TRPOAgent.log][batch_info]: Current batch value loss: 29.79508333735996

[2020-01-28 18:43:50.126036][__main__.TRPOAgent.log][linesearch]: Linesearch successful, updating policy parameters

[2020-01-28 18:43:50.128522][__main__.TRPOAgent.log][batch_info]: Batch #1, batch length: 9

[2020-01-28 18:43:50.230902][__main__.TRPOAgent.log][linesearch]: Linesearch worked at 1, New mean kl div: 1.6321717969001173e-06, New policy loss value: -0.0014232136496313459

[2020-01-28 18:43:50.256562][__main__.TRPOAgent.log][batch_info]: Current batch value loss: 27.083436290423077

[2020-01-28 18:43:50.257023][__main__.TRPOAgent.log][linesearch]: Linesearch successful, updating policy parameters

[2020-01-28 18:43:51.171368][__main__.TRPOAgent.log][learning]: Episode #1

[2020-01-28 18:43:51.172171][__main__.TRPOAgent.log][learning]: Performing rollouts: rollout length: 1500

[2020-01-28 18:43:52.806068][__main__.TRPOAgent.log][learning]: Rollouts performed

[2020-01-28 18:43:52.807312][__main__.TRPOAgent.log][batch_info]: Rollout statistics size: 1004, Batch size: 500, Number of batches: 3

[2020-01-28 18:43:52.807665][__main__.TRPOAgent.log][learning]: 

***************
BEGINNING TRAINING
***************



[2020-01-28 18:43:52.808156][__main__.TRPOAgent.log][batch_info]: Batch #0, batch length: 10

[2020-01-28 18:43:52.914750][__main__.TRPOAgent.log][linesearch]: Linesearch worked at 1, New mean kl div: 4.074604945067005e-06, New policy loss value: -0.0003695456155873078

[2020-01-28 18:43:52.943824][__main__.TRPOAgent.log][batch_info]: Current batch value loss: 23.825220867991447

[2020-01-28 18:43:52.944256][__main__.TRPOAgent.log][linesearch]: Linesearch successful, updating policy parameters

[2020-01-28 18:43:52.946617][__main__.TRPOAgent.log][batch_info]: Batch #1, batch length: 10

[2020-01-28 18:43:53.035203][__main__.TRPOAgent.log][linesearch]: Linesearch worked at 1, New mean kl div: 2.885966907804788e-06, New policy loss value: -0.0020598139789502314

[2020-01-28 18:43:53.067870][__main__.TRPOAgent.log][batch_info]: Current batch value loss: 19.750664395093917

[2020-01-28 18:43:53.068288][__main__.TRPOAgent.log][linesearch]: Linesearch successful, updating policy parameters

[2020-01-28 18:43:53.070617][__main__.TRPOAgent.log][batch_info]: Batch #2, batch length: 10

[2020-01-28 18:43:53.171011][__main__.TRPOAgent.log][linesearch]: Linesearch worked at 1, New mean kl div: 5.064089705801708e-06, New policy loss value: -0.0015265303971290223

[2020-01-28 18:43:53.199150][__main__.TRPOAgent.log][batch_info]: Current batch value loss: 18.777613184973596

[2020-01-28 18:43:53.199770][__main__.TRPOAgent.log][linesearch]: Linesearch successful, updating policy parameters

[2020-01-28 18:43:53.868516][__main__.TRPOAgent.log][learning]: Episode #2

[2020-01-28 18:43:53.868881][__main__.TRPOAgent.log][learning]: Performing rollouts: rollout length: 1500

[2020-01-28 18:43:55.024460][__main__.TRPOAgent.log][learning]: Rollouts performed

[2020-01-28 18:43:55.025671][__main__.TRPOAgent.log][batch_info]: Rollout statistics size: 914, Batch size: 500, Number of batches: 2

[2020-01-28 18:43:55.026063][__main__.TRPOAgent.log][learning]: 

***************
BEGINNING TRAINING
***************



[2020-01-28 18:43:55.026548][__main__.TRPOAgent.log][batch_info]: Batch #0, batch length: 9

[2020-01-28 18:43:55.137882][__main__.TRPOAgent.log][linesearch]: Linesearch worked at 1, New mean kl div: 3.1965577834583053e-06, New policy loss value: -0.0024593921434764945

[2020-01-28 18:43:55.164215][__main__.TRPOAgent.log][batch_info]: Current batch value loss: 13.385533739916152

[2020-01-28 18:43:55.164639][__main__.TRPOAgent.log][linesearch]: Linesearch successful, updating policy parameters

[2020-01-28 18:43:55.167354][__main__.TRPOAgent.log][batch_info]: Batch #1, batch length: 9

[2020-01-28 18:43:55.258305][__main__.TRPOAgent.log][linesearch]: Linesearch worked at 1, New mean kl div: 3.1658814194307464e-06, New policy loss value: -0.002444952657531443

[2020-01-28 18:43:55.286170][__main__.TRPOAgent.log][batch_info]: Current batch value loss: 10.055475148889753

[2020-01-28 18:43:55.286577][__main__.TRPOAgent.log][linesearch]: Linesearch successful, updating policy parameters

[2020-01-28 18:43:55.986108][__main__.TRPOAgent.log][learning]: Episode #3

[2020-01-28 18:43:55.986542][__main__.TRPOAgent.log][learning]: Performing rollouts: rollout length: 1500

[2020-01-28 18:43:57.078439][__main__.TRPOAgent.log][learning]: Rollouts performed

[2020-01-28 18:43:57.079870][__main__.TRPOAgent.log][batch_info]: Rollout statistics size: 923, Batch size: 500, Number of batches: 2

[2020-01-28 18:43:57.080434][__main__.TRPOAgent.log][learning]: 

***************
BEGINNING TRAINING
***************



[2020-01-28 18:43:57.080796][__main__.TRPOAgent.log][batch_info]: Batch #0, batch length: 9

[2020-01-28 18:43:57.172293][__main__.TRPOAgent.log][linesearch]: Linesearch worked at 1, New mean kl div: 3.1379425397521054e-06, New policy loss value: -0.0024273638034297334

[2020-01-28 18:43:57.202952][__main__.TRPOAgent.log][batch_info]: Current batch value loss: 6.797912546582261

[2020-01-28 18:43:57.203398][__main__.TRPOAgent.log][linesearch]: Linesearch successful, updating policy parameters

[2020-01-28 18:43:57.206023][__main__.TRPOAgent.log][batch_info]: Batch #1, batch length: 9

[2020-01-28 18:43:57.295054][__main__.TRPOAgent.log][linesearch]: Linesearch worked at 1, New mean kl div: 3.1162167031366256e-06, New policy loss value: -0.0024047778357096433

[2020-01-28 18:43:57.324268][__main__.TRPOAgent.log][batch_info]: Current batch value loss: 4.218986243423489

[2020-01-28 18:43:57.324674][__main__.TRPOAgent.log][linesearch]: Linesearch successful, updating policy parameters

[2020-01-28 18:43:58.005396][__main__.TRPOAgent.log][learning]: Episode #4

[2020-01-28 18:43:58.005815][__main__.TRPOAgent.log][learning]: Performing rollouts: rollout length: 1500

[2020-01-28 18:43:59.178282][__main__.TRPOAgent.log][learning]: Rollouts performed

[2020-01-28 18:43:59.179428][__main__.TRPOAgent.log][batch_info]: Rollout statistics size: 1001, Batch size: 500, Number of batches: 3

[2020-01-28 18:43:59.179738][__main__.TRPOAgent.log][learning]: 

***************
BEGINNING TRAINING
***************



[2020-01-28 18:43:59.180129][__main__.TRPOAgent.log][batch_info]: Batch #0, batch length: 10

[2020-01-28 18:43:59.276340][__main__.TRPOAgent.log][linesearch]: Linesearch worked at 1, New mean kl div: 3.567402764606412e-06, New policy loss value: -0.0005113813340695827

[2020-01-28 18:43:59.304611][__main__.TRPOAgent.log][batch_info]: Current batch value loss: 37.229525776207446

[2020-01-28 18:43:59.305042][__main__.TRPOAgent.log][linesearch]: Linesearch successful, updating policy parameters

[2020-01-28 18:43:59.307674][__main__.TRPOAgent.log][batch_info]: Batch #1, batch length: 10

[2020-01-28 18:43:59.401808][__main__.TRPOAgent.log][linesearch]: Linesearch worked at 1, New mean kl div: 3.0332535241817765e-06, New policy loss value: -0.0021451223778012007

[2020-01-28 18:43:59.430193][__main__.TRPOAgent.log][batch_info]: Current batch value loss: 27.852690248168074

[2020-01-28 18:43:59.430585][__main__.TRPOAgent.log][linesearch]: Linesearch successful, updating policy parameters

[2020-01-28 18:43:59.433118][__main__.TRPOAgent.log][batch_info]: Batch #2, batch length: 10

[2020-01-28 18:43:59.528720][__main__.TRPOAgent.log][linesearch]: Linesearch worked at 1, New mean kl div: 2.8636039917996615e-06, New policy loss value: -0.0021886500902815074

[2020-01-28 18:43:59.556929][__main__.TRPOAgent.log][batch_info]: Current batch value loss: 17.175000483542682

[2020-01-28 18:43:59.557328][__main__.TRPOAgent.log][linesearch]: Linesearch successful, updating policy parameters

[2020-01-28 18:44:00.273850][__main__.TRPOAgent.log][learning]: Episode #5

[2020-01-28 18:44:00.274421][__main__.TRPOAgent.log][learning]: Performing rollouts: rollout length: 1500

[2020-01-28 18:44:01.386961][__main__.TRPOAgent.log][learning]: Rollouts performed

[2020-01-28 18:44:01.388187][__main__.TRPOAgent.log][batch_info]: Rollout statistics size: 924, Batch size: 500, Number of batches: 2

[2020-01-28 18:44:01.394159][__main__.TRPOAgent.log][learning]: 

***************
BEGINNING TRAINING
***************



[2020-01-28 18:44:01.394640][__main__.TRPOAgent.log][batch_info]: Batch #0, batch length: 9

[2020-01-28 18:44:01.482104][__main__.TRPOAgent.log][linesearch]: Linesearch worked at 1, New mean kl div: 2.9955325277854125e-06, New policy loss value: -0.0023474119160672067

[2020-01-28 18:44:01.510348][__main__.TRPOAgent.log][batch_info]: Current batch value loss: 4.105922113690111

[2020-01-28 18:44:01.510739][__main__.TRPOAgent.log][linesearch]: Linesearch successful, updating policy parameters

[2020-01-28 18:44:01.512968][__main__.TRPOAgent.log][batch_info]: Batch #1, batch length: 9

[2020-01-28 18:44:01.602041][__main__.TRPOAgent.log][linesearch]: Linesearch worked at 1, New mean kl div: 3.0528127501218665e-06, New policy loss value: -0.0023696442702068055

[2020-01-28 18:44:01.633120][__main__.TRPOAgent.log][batch_info]: Current batch value loss: 5.286215613285701

[2020-01-28 18:44:01.633634][__main__.TRPOAgent.log][linesearch]: Linesearch successful, updating policy parameters

[2020-01-28 18:44:02.324394][__main__.TRPOAgent.log][learning]: Episode #6

[2020-01-28 18:44:02.324802][__main__.TRPOAgent.log][learning]: Performing rollouts: rollout length: 1500

[2020-01-28 18:44:03.764137][__main__.TRPOAgent.log][learning]: Rollouts performed

[2020-01-28 18:44:03.765500][__main__.TRPOAgent.log][batch_info]: Rollout statistics size: 906, Batch size: 500, Number of batches: 2

[2020-01-28 18:44:03.765869][__main__.TRPOAgent.log][learning]: 

***************
BEGINNING TRAINING
***************



[2020-01-28 18:44:03.766251][__main__.TRPOAgent.log][batch_info]: Batch #0, batch length: 9

[2020-01-28 18:44:03.856424][__main__.TRPOAgent.log][linesearch]: Linesearch worked at 1, New mean kl div: 3.0490366471086125e-06, New policy loss value: -0.0023682024251199746

[2020-01-28 18:44:03.885509][__main__.TRPOAgent.log][batch_info]: Current batch value loss: 6.357125350920898

[2020-01-28 18:44:03.885996][__main__.TRPOAgent.log][linesearch]: Linesearch successful, updating policy parameters

[2020-01-28 18:44:03.888462][__main__.TRPOAgent.log][batch_info]: Batch #1, batch length: 9

[2020-01-28 18:44:03.975759][__main__.TRPOAgent.log][linesearch]: Linesearch worked at 1, New mean kl div: 3.0388381756498023e-06, New policy loss value: -0.0023645231985334933

[2020-01-28 18:44:04.004203][__main__.TRPOAgent.log][batch_info]: Current batch value loss: 7.159777964775761

[2020-01-28 18:44:04.004636][__main__.TRPOAgent.log][linesearch]: Linesearch successful, updating policy parameters

[2020-01-28 18:44:04.689118][__main__.TRPOAgent.log][learning]: Episode #7

[2020-01-28 18:44:04.689608][__main__.TRPOAgent.log][learning]: Performing rollouts: rollout length: 1500

[2020-01-28 18:44:05.934273][__main__.TRPOAgent.log][learning]: Rollouts performed

[2020-01-28 18:44:05.935553][__main__.TRPOAgent.log][batch_info]: Rollout statistics size: 1001, Batch size: 500, Number of batches: 3

[2020-01-28 18:44:05.935919][__main__.TRPOAgent.log][learning]: 

***************
BEGINNING TRAINING
***************



[2020-01-28 18:44:05.936376][__main__.TRPOAgent.log][batch_info]: Batch #0, batch length: 10

[2020-01-28 18:44:06.043656][__main__.TRPOAgent.log][linesearch]: Linesearch worked at 1, New mean kl div: 2.0748805189138034e-06, New policy loss value: -0.0012321013624052135

[2020-01-28 18:44:06.072335][__main__.TRPOAgent.log][batch_info]: Current batch value loss: 10.341090898215771

[2020-01-28 18:44:06.072738][__main__.TRPOAgent.log][linesearch]: Linesearch successful, updating policy parameters

[2020-01-28 18:44:06.075438][__main__.TRPOAgent.log][batch_info]: Batch #1, batch length: 10

[2020-01-28 18:44:06.176891][__main__.TRPOAgent.log][linesearch]: Linesearch worked at 1, New mean kl div: 3.1651873782031807e-06, New policy loss value: -0.0004986373431195457

[2020-01-28 18:44:06.203536][__main__.TRPOAgent.log][batch_info]: Current batch value loss: 10.59737986624241

[2020-01-28 18:44:06.204106][__main__.TRPOAgent.log][linesearch]: Linesearch successful, updating policy parameters

[2020-01-28 18:44:06.207131][__main__.TRPOAgent.log][batch_info]: Batch #2, batch length: 10

[2020-01-28 18:44:06.320463][__main__.TRPOAgent.log][linesearch]: Linesearch worked at 1, New mean kl div: 2.3633019979498427e-06, New policy loss value: -0.0016789877727686254

[2020-01-28 18:44:06.348535][__main__.TRPOAgent.log][batch_info]: Current batch value loss: 10.372538852691651

[2020-01-28 18:44:06.348928][__main__.TRPOAgent.log][linesearch]: Linesearch successful, updating policy parameters

[2020-01-28 18:44:07.064320][__main__.TRPOAgent.log][learning]: Episode #8

[2020-01-28 18:44:07.064900][__main__.TRPOAgent.log][learning]: Performing rollouts: rollout length: 1500

[2020-01-28 18:44:08.183198][__main__.TRPOAgent.log][learning]: Rollouts performed

[2020-01-28 18:44:08.184531][__main__.TRPOAgent.log][batch_info]: Rollout statistics size: 918, Batch size: 500, Number of batches: 2

[2020-01-28 18:44:08.184973][__main__.TRPOAgent.log][learning]: 

***************
BEGINNING TRAINING
***************



[2020-01-28 18:44:08.185309][__main__.TRPOAgent.log][batch_info]: Batch #0, batch length: 9

[2020-01-28 18:44:08.277125][__main__.TRPOAgent.log][linesearch]: Linesearch worked at 1, New mean kl div: 2.9656128140045296e-06, New policy loss value: -0.0022894618795344566

[2020-01-28 18:44:08.306826][__main__.TRPOAgent.log][batch_info]: Current batch value loss: 7.484037238069707

[2020-01-28 18:44:08.307229][__main__.TRPOAgent.log][linesearch]: Linesearch successful, updating policy parameters

[2020-01-28 18:44:08.310018][__main__.TRPOAgent.log][batch_info]: Batch #1, batch length: 9

[2020-01-28 18:44:08.393929][__main__.TRPOAgent.log][linesearch]: Linesearch worked at 1, New mean kl div: 3.0044089192205338e-06, New policy loss value: -0.002306694579124703

[2020-01-28 18:44:08.425373][__main__.TRPOAgent.log][batch_info]: Current batch value loss: 7.228485239928381

[2020-01-28 18:44:08.425984][__main__.TRPOAgent.log][linesearch]: Linesearch successful, updating policy parameters

[2020-01-28 18:44:09.140158][__main__.TRPOAgent.log][learning]: Episode #9

[2020-01-28 18:44:09.140714][__main__.TRPOAgent.log][learning]: Performing rollouts: rollout length: 1500

[2020-01-28 18:44:10.335683][__main__.TRPOAgent.log][learning]: Rollouts performed

[2020-01-28 18:44:10.336880][__main__.TRPOAgent.log][batch_info]: Rollout statistics size: 1004, Batch size: 500, Number of batches: 3

[2020-01-28 18:44:10.337204][__main__.TRPOAgent.log][learning]: 

***************
BEGINNING TRAINING
***************



[2020-01-28 18:44:10.337574][__main__.TRPOAgent.log][batch_info]: Batch #0, batch length: 10

[2020-01-28 18:44:10.436817][__main__.TRPOAgent.log][linesearch]: Linesearch worked at 1, New mean kl div: 2.3787800092767805e-06, New policy loss value: -0.0017517979179396902

[2020-01-28 18:44:10.465764][__main__.TRPOAgent.log][batch_info]: Current batch value loss: 9.016343580186367

[2020-01-28 18:44:10.466167][__main__.TRPOAgent.log][linesearch]: Linesearch successful, updating policy parameters

[2020-01-28 18:44:10.468985][__main__.TRPOAgent.log][batch_info]: Batch #1, batch length: 10

[2020-01-28 18:44:10.574333][__main__.TRPOAgent.log][linesearch]: Linesearch worked at 1, New mean kl div: 2.977426944909356e-06, New policy loss value: -0.00209687348705887

[2020-01-28 18:44:10.604542][__main__.TRPOAgent.log][batch_info]: Current batch value loss: 8.459014144711636

[2020-01-28 18:44:10.604961][__main__.TRPOAgent.log][linesearch]: Linesearch successful, updating policy parameters

[2020-01-28 18:44:10.607851][__main__.TRPOAgent.log][batch_info]: Batch #2, batch length: 10

[2020-01-28 18:44:10.715528][__main__.TRPOAgent.log][linesearch]: Linesearch worked at 1, New mean kl div: 2.7768990103927184e-06, New policy loss value: -0.0020189804375573494

[2020-01-28 18:44:10.741873][__main__.TRPOAgent.log][batch_info]: Current batch value loss: 7.886115370690822

[2020-01-28 18:44:10.742291][__main__.TRPOAgent.log][linesearch]: Linesearch successful, updating policy parameters

[2020-01-28 18:44:11.470324][__main__.TRPOAgent.log][learning]: Episode #10

[2020-01-28 18:44:11.470743][__main__.TRPOAgent.log][learning]: Performing rollouts: rollout length: 1500

[2020-01-28 18:44:12.675743][__main__.TRPOAgent.log][learning]: Rollouts performed

[2020-01-28 18:44:12.677615][__main__.TRPOAgent.log][batch_info]: Rollout statistics size: 924, Batch size: 500, Number of batches: 2

[2020-01-28 18:44:12.678069][__main__.TRPOAgent.log][learning]: 

***************
BEGINNING TRAINING
***************



[2020-01-28 18:44:12.678571][__main__.TRPOAgent.log][batch_info]: Batch #0, batch length: 10

[2020-01-28 18:44:12.790510][__main__.TRPOAgent.log][linesearch]: Linesearch worked at 1, New mean kl div: 2.3707915762793186e-06, New policy loss value: -0.0018303553399209526

[2020-01-28 18:44:12.815066][__main__.TRPOAgent.log][batch_info]: Current batch value loss: 8.485674090497195

[2020-01-28 18:44:12.815651][__main__.TRPOAgent.log][linesearch]: Linesearch successful, updating policy parameters

[2020-01-28 18:44:12.818644][__main__.TRPOAgent.log][batch_info]: Batch #1, batch length: 9

[2020-01-28 18:44:12.909696][__main__.TRPOAgent.log][linesearch]: Linesearch worked at 1, New mean kl div: 3.015843051434753e-06, New policy loss value: -0.0022649222666406813

[2020-01-28 18:44:12.936115][__main__.TRPOAgent.log][batch_info]: Current batch value loss: 7.192446271578471

[2020-01-28 18:44:12.936582][__main__.TRPOAgent.log][linesearch]: Linesearch successful, updating policy parameters

[2020-01-28 18:44:13.766298][__main__.TRPOAgent.log][learning]: Episode #11

[2020-01-28 18:44:13.766882][__main__.TRPOAgent.log][learning]: Performing rollouts: rollout length: 1500

[2020-01-28 18:44:15.187092][__main__.TRPOAgent.log][learning]: Rollouts performed

[2020-01-28 18:44:15.188593][__main__.TRPOAgent.log][batch_info]: Rollout statistics size: 911, Batch size: 500, Number of batches: 2

[2020-01-28 18:44:15.189115][__main__.TRPOAgent.log][learning]: 

***************
BEGINNING TRAINING
***************



[2020-01-28 18:44:15.189452][__main__.TRPOAgent.log][batch_info]: Batch #0, batch length: 9

[2020-01-28 18:44:15.275626][__main__.TRPOAgent.log][linesearch]: Linesearch worked at 1, New mean kl div: 3.015335359558126e-06, New policy loss value: -0.002265469129795367

[2020-01-28 18:44:15.304428][__main__.TRPOAgent.log][batch_info]: Current batch value loss: 7.3661702026923495

[2020-01-28 18:44:15.304862][__main__.TRPOAgent.log][linesearch]: Linesearch successful, updating policy parameters

[2020-01-28 18:44:15.307242][__main__.TRPOAgent.log][batch_info]: Batch #1, batch length: 9

[2020-01-28 18:44:15.398192][__main__.TRPOAgent.log][linesearch]: Linesearch worked at 1, New mean kl div: 3.0148053778741383e-06, New policy loss value: -0.0022661443986120825

[2020-01-28 18:44:15.424135][__main__.TRPOAgent.log][batch_info]: Current batch value loss: 7.379581862853633

[2020-01-28 18:44:15.424534][__main__.TRPOAgent.log][linesearch]: Linesearch successful, updating policy parameters

[2020-01-28 18:44:16.378847][__main__.TRPOAgent.log][learning]: Episode #12

[2020-01-28 18:44:16.379481][__main__.TRPOAgent.log][learning]: Performing rollouts: rollout length: 1500

[2020-01-28 18:44:17.882703][__main__.TRPOAgent.log][learning]: Rollouts performed

[2020-01-28 18:44:17.884595][__main__.TRPOAgent.log][batch_info]: Rollout statistics size: 998, Batch size: 500, Number of batches: 2

[2020-01-28 18:44:17.885067][__main__.TRPOAgent.log][learning]: 

***************
BEGINNING TRAINING
***************



[2020-01-28 18:44:17.885585][__main__.TRPOAgent.log][batch_info]: Batch #0, batch length: 11

[2020-01-28 18:44:18.020623][__main__.TRPOAgent.log][linesearch]: Linesearch worked at 1, New mean kl div: 2.690478994470054e-06, New policy loss value: -0.0019030155622707329

[2020-01-28 18:44:18.052694][__main__.TRPOAgent.log][batch_info]: Current batch value loss: 8.692180034789173

[2020-01-28 18:44:18.053190][__main__.TRPOAgent.log][linesearch]: Linesearch successful, updating policy parameters

[2020-01-28 18:44:18.055764][__main__.TRPOAgent.log][batch_info]: Batch #1, batch length: 10

[2020-01-28 18:44:18.173085][__main__.TRPOAgent.log][linesearch]: Linesearch worked at 1, New mean kl div: 2.8900352205048e-06, New policy loss value: -0.0008888901558981033

[2020-01-28 18:44:18.207699][__main__.TRPOAgent.log][batch_info]: Current batch value loss: 6.943227108567953

[2020-01-28 18:44:18.208118][__main__.TRPOAgent.log][linesearch]: Linesearch successful, updating policy parameters

[2020-01-28 18:44:19.076465][__main__.TRPOAgent.log][learning]: Episode #13

[2020-01-28 18:44:19.076857][__main__.TRPOAgent.log][learning]: Performing rollouts: rollout length: 1500

