LOGGER started at 2020-01-29 19:41:10.116265.
Currently active debug channels:
	act
	batch_info
	linesearch
	learning
[2020-01-29 19:41:10.488476][__main__.TRPOAgent.log][learning]: Episode #50

[2020-01-29 19:41:10.686917][__main__.TRPOAgent.log][learning]: Performing rollouts: rollout length: 1500

[2020-01-29 19:41:11.237439][__main__.TRPOAgent.log][learning]: Rollouts performed

[2020-01-29 19:41:11.237793][__main__.TRPOAgent.log][batch_info]: Rollout statistics size: None, Batch size: 100

[2020-01-29 19:41:11.238430][__main__.TRPOAgent.log][learning]: 

***************
BEGINNING TRAINING
***************



[2020-01-29 19:41:12.167655][__main__.TRPOAgent.log][linesearch]: Linesearch worked at 1, New mean kl div: 0.0014364453195673482, New policy loss value: 0.3468359154621081

[2020-01-29 19:41:12.168168][__main__.TRPOAgent.log][batch_info]: Current batch value loss: 44.902854847695146

[2020-01-29 19:41:14.015090][__main__.TRPOAgent.log][learning]: Episode #51

[2020-01-29 19:41:14.027919][__main__.TRPOAgent.log][learning]: Performing rollouts: rollout length: 1500

[2020-01-29 19:41:14.359004][__main__.TRPOAgent.log][learning]: Rollouts performed

[2020-01-29 19:41:14.359491][__main__.TRPOAgent.log][batch_info]: Rollout statistics size: None, Batch size: 100

[2020-01-29 19:41:14.360168][__main__.TRPOAgent.log][learning]: 

***************
BEGINNING TRAINING
***************



[2020-01-29 19:41:15.120571][__main__.TRPOAgent.log][linesearch]: Linesearch worked at 1, New mean kl div: 0.0016636229964137926, New policy loss value: 0.5603888840443858

[2020-01-29 19:41:15.121030][__main__.TRPOAgent.log][batch_info]: Current batch value loss: 59.75107004680529

[2020-01-29 19:41:15.985084][__main__.TRPOAgent.log][learning]: Episode #52

[2020-01-29 19:41:16.000896][__main__.TRPOAgent.log][learning]: Performing rollouts: rollout length: 1500

[2020-01-29 19:41:16.372622][__main__.TRPOAgent.log][learning]: Rollouts performed

[2020-01-29 19:41:16.373010][__main__.TRPOAgent.log][batch_info]: Rollout statistics size: None, Batch size: 100

[2020-01-29 19:41:16.373596][__main__.TRPOAgent.log][learning]: 

***************
BEGINNING TRAINING
***************



[2020-01-29 19:41:17.017863][__main__.TRPOAgent.log][linesearch]: Linesearch worked at 1, New mean kl div: 0.0016819882977001832, New policy loss value: 0.6520412292535659

[2020-01-29 19:41:17.018483][__main__.TRPOAgent.log][batch_info]: Current batch value loss: 21.178747115910284

[2020-01-29 19:41:17.970887][__main__.TRPOAgent.log][learning]: Episode #53

[2020-01-29 19:41:17.978811][__main__.TRPOAgent.log][learning]: Performing rollouts: rollout length: 1500

[2020-01-29 19:41:18.304556][__main__.TRPOAgent.log][learning]: Rollouts performed

[2020-01-29 19:41:18.305121][__main__.TRPOAgent.log][batch_info]: Rollout statistics size: None, Batch size: 100

[2020-01-29 19:41:18.305510][__main__.TRPOAgent.log][learning]: 

***************
BEGINNING TRAINING
***************



[2020-01-29 19:41:18.944673][__main__.TRPOAgent.log][linesearch]: Linesearch worked at 1, New mean kl div: 0.001646915729344648, New policy loss value: 0.6646707578884365

[2020-01-29 19:41:18.945108][__main__.TRPOAgent.log][batch_info]: Current batch value loss: 5.200334980862945

[2020-01-29 19:41:20.387836][__main__.TRPOAgent.log][learning]: Episode #54

[2020-01-29 19:41:20.412267][__main__.TRPOAgent.log][learning]: Performing rollouts: rollout length: 1500

[2020-01-29 19:41:20.823960][__main__.TRPOAgent.log][learning]: Rollouts performed

[2020-01-29 19:41:20.824326][__main__.TRPOAgent.log][batch_info]: Rollout statistics size: None, Batch size: 100

[2020-01-29 19:41:20.824893][__main__.TRPOAgent.log][learning]: 

***************
BEGINNING TRAINING
***************



[2020-01-29 19:41:21.505562][__main__.TRPOAgent.log][linesearch]: Linesearch failed. Mean kl divergence: 3.4050633957911822e-18, Discarded policy loss value: 1.6425365903610103e-17

[2020-01-29 19:41:21.506000][__main__.TRPOAgent.log][batch_info]: Current batch value loss: 14.208651413644763

[2020-01-29 19:41:22.175712][__main__.TRPOAgent.log][learning]: Episode #55

[2020-01-29 19:41:22.187766][__main__.TRPOAgent.log][learning]: Performing rollouts: rollout length: 1500

[2020-01-29 19:41:22.518029][__main__.TRPOAgent.log][learning]: Rollouts performed

[2020-01-29 19:41:22.518405][__main__.TRPOAgent.log][batch_info]: Rollout statistics size: None, Batch size: 100

[2020-01-29 19:41:22.518917][__main__.TRPOAgent.log][learning]: 

***************
BEGINNING TRAINING
***************



[2020-01-29 19:41:23.176645][__main__.TRPOAgent.log][linesearch]: Linesearch failed. Mean kl divergence: 1.6564252187079098e-18, Discarded policy loss value: 2.614247383296146e-17

[2020-01-29 19:41:23.177072][__main__.TRPOAgent.log][batch_info]: Current batch value loss: 18.546121156857204

[2020-01-29 19:41:23.914334][__main__.TRPOAgent.log][learning]: Episode #56

[2020-01-29 19:41:23.925232][__main__.TRPOAgent.log][learning]: Performing rollouts: rollout length: 1500

[2020-01-29 19:41:24.222039][__main__.TRPOAgent.log][learning]: Rollouts performed

[2020-01-29 19:41:24.222384][__main__.TRPOAgent.log][batch_info]: Rollout statistics size: None, Batch size: 100

[2020-01-29 19:41:24.223067][__main__.TRPOAgent.log][learning]: 

***************
BEGINNING TRAINING
***************



[2020-01-29 19:41:24.868160][__main__.TRPOAgent.log][linesearch]: Linesearch failed. Mean kl divergence: 1.9462932348999004e-18, Discarded policy loss value: 1.4446252092851842e-17

[2020-01-29 19:41:24.868586][__main__.TRPOAgent.log][batch_info]: Current batch value loss: 7.679128379238626

[2020-01-29 19:41:25.874655][__main__.TRPOAgent.log][learning]: Episode #57

[2020-01-29 19:41:25.901190][__main__.TRPOAgent.log][learning]: Performing rollouts: rollout length: 1500

[2020-01-29 19:41:26.285384][__main__.TRPOAgent.log][learning]: Rollouts performed

[2020-01-29 19:41:26.285766][__main__.TRPOAgent.log][batch_info]: Rollout statistics size: None, Batch size: 100

[2020-01-29 19:41:26.286327][__main__.TRPOAgent.log][learning]: 

***************
BEGINNING TRAINING
***************



[2020-01-29 19:41:26.938239][__main__.TRPOAgent.log][linesearch]: Linesearch failed. Mean kl divergence: 1.956460743829052e-18, Discarded policy loss value: 1.7034718912725008e-17

[2020-01-29 19:41:26.938680][__main__.TRPOAgent.log][batch_info]: Current batch value loss: 35.94245940819383

[2020-01-29 19:41:27.697878][__main__.TRPOAgent.log][learning]: Episode #58

[2020-01-29 19:41:27.709639][__main__.TRPOAgent.log][learning]: Performing rollouts: rollout length: 1500

[2020-01-29 19:41:28.026664][__main__.TRPOAgent.log][learning]: Rollouts performed

[2020-01-29 19:41:28.027010][__main__.TRPOAgent.log][batch_info]: Rollout statistics size: None, Batch size: 100

[2020-01-29 19:41:28.027548][__main__.TRPOAgent.log][learning]: 

***************
BEGINNING TRAINING
***************



[2020-01-29 19:41:28.674202][__main__.TRPOAgent.log][linesearch]: Linesearch failed. Mean kl divergence: 1.2907695695149782e-18, Discarded policy loss value: 1.9068570842526064e-17

[2020-01-29 19:41:28.674649][__main__.TRPOAgent.log][batch_info]: Current batch value loss: 14.912708962957064

[2020-01-29 19:41:29.546811][__main__.TRPOAgent.log][learning]: Episode #59

[2020-01-29 19:41:29.557347][__main__.TRPOAgent.log][learning]: Performing rollouts: rollout length: 1500

[2020-01-29 19:41:29.868369][__main__.TRPOAgent.log][learning]: Rollouts performed

[2020-01-29 19:41:29.868725][__main__.TRPOAgent.log][batch_info]: Rollout statistics size: None, Batch size: 100

[2020-01-29 19:41:29.869406][__main__.TRPOAgent.log][learning]: 

***************
BEGINNING TRAINING
***************



[2020-01-29 19:41:30.522094][__main__.TRPOAgent.log][linesearch]: Linesearch failed. Mean kl divergence: 2.3695475477969554e-18, Discarded policy loss value: 2.0757701965739272e-17

[2020-01-29 19:41:30.522520][__main__.TRPOAgent.log][batch_info]: Current batch value loss: 9.587107939895516

[2020-01-29 19:41:31.563102][__main__.TRPOAgent.log][learning]: Episode #60

[2020-01-29 19:41:31.573221][__main__.TRPOAgent.log][learning]: Performing rollouts: rollout length: 1500

[2020-01-29 19:41:31.892036][__main__.TRPOAgent.log][learning]: Rollouts performed

[2020-01-29 19:41:31.892386][__main__.TRPOAgent.log][batch_info]: Rollout statistics size: None, Batch size: 100

[2020-01-29 19:41:31.892978][__main__.TRPOAgent.log][learning]: 

***************
BEGINNING TRAINING
***************



[2020-01-29 19:41:32.560850][__main__.TRPOAgent.log][linesearch]: Linesearch failed. Mean kl divergence: 9.128273650636613e-19, Discarded policy loss value: 1.7901145833276e-17

[2020-01-29 19:41:32.561280][__main__.TRPOAgent.log][batch_info]: Current batch value loss: 3.2423073948878236

[2020-01-29 19:41:33.245644][__main__.TRPOAgent.log][learning]: Episode #61

[2020-01-29 19:41:33.255953][__main__.TRPOAgent.log][learning]: Performing rollouts: rollout length: 1500

[2020-01-29 19:41:33.598051][__main__.TRPOAgent.log][learning]: Rollouts performed

[2020-01-29 19:41:33.598383][__main__.TRPOAgent.log][batch_info]: Rollout statistics size: None, Batch size: 100

[2020-01-29 19:41:33.598933][__main__.TRPOAgent.log][learning]: 

***************
BEGINNING TRAINING
***************



[2020-01-29 19:41:34.273471][__main__.TRPOAgent.log][linesearch]: Linesearch failed. Mean kl divergence: 1.8242740990669786e-18, Discarded policy loss value: 2.4471207239268995e-17

[2020-01-29 19:41:34.273901][__main__.TRPOAgent.log][batch_info]: Current batch value loss: 33.36982004812864

[2020-01-29 19:41:35.122269][__main__.TRPOAgent.log][learning]: Episode #62

[2020-01-29 19:41:35.137394][__main__.TRPOAgent.log][learning]: Performing rollouts: rollout length: 1500

[2020-01-29 19:41:35.458342][__main__.TRPOAgent.log][learning]: Rollouts performed

[2020-01-29 19:41:35.458700][__main__.TRPOAgent.log][batch_info]: Rollout statistics size: None, Batch size: 100

[2020-01-29 19:41:35.458953][__main__.TRPOAgent.log][learning]: 

***************
BEGINNING TRAINING
***************



[2020-01-29 19:41:36.110111][__main__.TRPOAgent.log][linesearch]: Linesearch failed. Mean kl divergence: 3.330942334128897e-18, Discarded policy loss value: 1.62584224819675e-17

[2020-01-29 19:41:36.110534][__main__.TRPOAgent.log][batch_info]: Current batch value loss: 8.143195567122588

[2020-01-29 19:41:36.825830][__main__.TRPOAgent.log][learning]: Episode #63

[2020-01-29 19:41:36.836340][__main__.TRPOAgent.log][learning]: Performing rollouts: rollout length: 1500

[2020-01-29 19:41:37.171667][__main__.TRPOAgent.log][learning]: Rollouts performed

[2020-01-29 19:41:37.172007][__main__.TRPOAgent.log][batch_info]: Rollout statistics size: None, Batch size: 100

[2020-01-29 19:41:37.172647][__main__.TRPOAgent.log][learning]: 

***************
BEGINNING TRAINING
***************



[2020-01-29 19:41:37.804959][__main__.TRPOAgent.log][linesearch]: Linesearch failed. Mean kl divergence: 2.422826565987565e-18, Discarded policy loss value: 1.7110523330661628e-17

[2020-01-29 19:41:37.805394][__main__.TRPOAgent.log][batch_info]: Current batch value loss: 4.687356738920789

[2020-01-29 19:41:38.583005][__main__.TRPOAgent.log][learning]: Episode #64

[2020-01-29 19:41:38.594173][__main__.TRPOAgent.log][learning]: Performing rollouts: rollout length: 1500

[2020-01-29 19:41:38.918928][__main__.TRPOAgent.log][learning]: Rollouts performed

[2020-01-29 19:41:38.919286][__main__.TRPOAgent.log][batch_info]: Rollout statistics size: None, Batch size: 100

[2020-01-29 19:41:38.919857][__main__.TRPOAgent.log][learning]: 

***************
BEGINNING TRAINING
***************



[2020-01-29 19:41:39.661112][__main__.TRPOAgent.log][linesearch]: Linesearch failed. Mean kl divergence: 2.3283218083330622e-18, Discarded policy loss value: 2.0702349864793193e-17

[2020-01-29 19:41:39.661552][__main__.TRPOAgent.log][batch_info]: Current batch value loss: 9.706489874050021

[2020-01-29 19:41:40.808376][__main__.TRPOAgent.log][learning]: Episode #65

[2020-01-29 19:41:40.821208][__main__.TRPOAgent.log][learning]: Performing rollouts: rollout length: 1500

[2020-01-29 19:41:41.138650][__main__.TRPOAgent.log][learning]: Rollouts performed

[2020-01-29 19:41:41.139039][__main__.TRPOAgent.log][batch_info]: Rollout statistics size: None, Batch size: 100

[2020-01-29 19:41:41.139599][__main__.TRPOAgent.log][learning]: 

***************
BEGINNING TRAINING
***************



[2020-01-29 19:41:41.775258][__main__.TRPOAgent.log][linesearch]: Linesearch failed. Mean kl divergence: -1.3053716528139351e-18, Discarded policy loss value: 1.840465271024958e-17

[2020-01-29 19:41:41.775695][__main__.TRPOAgent.log][batch_info]: Current batch value loss: 8.139533742506915

[2020-01-29 19:41:42.546439][__main__.TRPOAgent.log][learning]: Episode #66

[2020-01-29 19:41:42.558459][__main__.TRPOAgent.log][learning]: Performing rollouts: rollout length: 1500

[2020-01-29 19:41:42.887989][__main__.TRPOAgent.log][learning]: Rollouts performed

[2020-01-29 19:41:42.888377][__main__.TRPOAgent.log][batch_info]: Rollout statistics size: None, Batch size: 100

[2020-01-29 19:41:42.888933][__main__.TRPOAgent.log][learning]: 

***************
BEGINNING TRAINING
***************



[2020-01-29 19:41:43.527539][__main__.TRPOAgent.log][linesearch]: Linesearch failed. Mean kl divergence: 2.2925267144724223e-18, Discarded policy loss value: 1.6977712145909342e-17

[2020-01-29 19:41:43.527967][__main__.TRPOAgent.log][batch_info]: Current batch value loss: 13.304989308324366

[2020-01-29 19:41:44.333253][__main__.TRPOAgent.log][learning]: Episode #67

[2020-01-29 19:41:44.343983][__main__.TRPOAgent.log][learning]: Performing rollouts: rollout length: 1500

[2020-01-29 19:41:44.668890][__main__.TRPOAgent.log][learning]: Rollouts performed

[2020-01-29 19:41:44.669227][__main__.TRPOAgent.log][batch_info]: Rollout statistics size: None, Batch size: 100

[2020-01-29 19:41:44.669850][__main__.TRPOAgent.log][learning]: 

***************
BEGINNING TRAINING
***************



[2020-01-29 19:41:45.342300][__main__.TRPOAgent.log][linesearch]: Linesearch failed. Mean kl divergence: 1.479775029771418e-18, Discarded policy loss value: 1.3578805194428672e-17

[2020-01-29 19:41:45.342745][__main__.TRPOAgent.log][batch_info]: Current batch value loss: 3.2069590063491726

[2020-01-29 19:41:46.167843][__main__.TRPOAgent.log][learning]: Episode #68

[2020-01-29 19:41:46.178891][__main__.TRPOAgent.log][learning]: Performing rollouts: rollout length: 1500

[2020-01-29 19:41:46.515379][__main__.TRPOAgent.log][learning]: Rollouts performed

[2020-01-29 19:41:46.515743][__main__.TRPOAgent.log][batch_info]: Rollout statistics size: None, Batch size: 100

[2020-01-29 19:41:46.516326][__main__.TRPOAgent.log][learning]: 

***************
BEGINNING TRAINING
***************



[2020-01-29 19:41:47.179044][__main__.TRPOAgent.log][linesearch]: Linesearch failed. Mean kl divergence: 2.8382775536013736e-18, Discarded policy loss value: 1.7824100748160342e-17

[2020-01-29 19:41:47.179477][__main__.TRPOAgent.log][batch_info]: Current batch value loss: 6.857723947197787

[2020-01-29 19:41:48.110829][__main__.TRPOAgent.log][learning]: Episode #69

[2020-01-29 19:41:48.124372][__main__.TRPOAgent.log][learning]: Performing rollouts: rollout length: 1500

[2020-01-29 19:41:48.445100][__main__.TRPOAgent.log][learning]: Rollouts performed

[2020-01-29 19:41:48.445460][__main__.TRPOAgent.log][batch_info]: Rollout statistics size: None, Batch size: 100

[2020-01-29 19:41:48.445982][__main__.TRPOAgent.log][learning]: 

***************
BEGINNING TRAINING
***************



[2020-01-29 19:41:49.062775][__main__.TRPOAgent.log][linesearch]: Linesearch worked at 1, New mean kl div: 0.0017028299853541948, New policy loss value: 0.687273574305445

[2020-01-29 19:41:49.063233][__main__.TRPOAgent.log][batch_info]: Current batch value loss: 7.2500619799591215

[2020-01-29 19:41:50.795524][__main__.TRPOAgent.log][learning]: Episode #70

[2020-01-29 19:41:50.820996][__main__.TRPOAgent.log][learning]: Performing rollouts: rollout length: 1500

[2020-01-29 19:41:51.208400][__main__.TRPOAgent.log][learning]: Rollouts performed

[2020-01-29 19:41:51.208784][__main__.TRPOAgent.log][batch_info]: Rollout statistics size: None, Batch size: 100

[2020-01-29 19:41:51.209427][__main__.TRPOAgent.log][learning]: 

***************
BEGINNING TRAINING
***************



[2020-01-29 19:41:51.893529][__main__.TRPOAgent.log][linesearch]: Linesearch failed. Mean kl divergence: 7.467642379296694e-19, Discarded policy loss value: 1.686458508591753e-17

[2020-01-29 19:41:51.893962][__main__.TRPOAgent.log][batch_info]: Current batch value loss: 35.063636821342236

[2020-01-29 19:41:52.605012][__main__.TRPOAgent.log][learning]: Episode #71

[2020-01-29 19:41:52.615982][__main__.TRPOAgent.log][learning]: Performing rollouts: rollout length: 1500

[2020-01-29 19:41:52.940309][__main__.TRPOAgent.log][learning]: Rollouts performed

[2020-01-29 19:41:52.940841][__main__.TRPOAgent.log][batch_info]: Rollout statistics size: None, Batch size: 100

[2020-01-29 19:41:52.941392][__main__.TRPOAgent.log][learning]: 

***************
BEGINNING TRAINING
***************



[2020-01-29 19:41:53.564555][__main__.TRPOAgent.log][linesearch]: Linesearch worked at 1, New mean kl div: 0.0016718749458018761, New policy loss value: 0.7150681076826708

[2020-01-29 19:41:53.564993][__main__.TRPOAgent.log][batch_info]: Current batch value loss: 6.839251646094701

[2020-01-29 19:41:54.696915][__main__.TRPOAgent.log][learning]: Episode #72

[2020-01-29 19:41:54.723606][__main__.TRPOAgent.log][learning]: Performing rollouts: rollout length: 1500

[2020-01-29 19:41:55.051769][__main__.TRPOAgent.log][learning]: Rollouts performed

[2020-01-29 19:41:55.052120][__main__.TRPOAgent.log][batch_info]: Rollout statistics size: None, Batch size: 100

[2020-01-29 19:41:55.052648][__main__.TRPOAgent.log][learning]: 

***************
BEGINNING TRAINING
***************



[2020-01-29 19:41:55.716354][__main__.TRPOAgent.log][linesearch]: Linesearch failed. Mean kl divergence: 3.832227662860228e-20, Discarded policy loss value: 1.2232052516437716e-17

[2020-01-29 19:41:55.716785][__main__.TRPOAgent.log][batch_info]: Current batch value loss: 12.18407048055503

