LOGGER started at 2020-01-30 13:26:25.260296.
Currently active debug channels:
	act
	batch_info
	linesearch
	learning
[2020-01-30 13:26:25.659185][__main__.TRPOAgent.log][learning]: Episode #0

[2020-01-30 13:26:25.850186][__main__.TRPOAgent.log][learning]: Performing rollouts: rollout length: 1000

[2020-01-30 13:26:27.971799][__main__.TRPOAgent.log][learning]: Rollouts performed

[2020-01-30 13:26:27.972149][__main__.TRPOAgent.log][batch_info]: Rollout statistics size: None, Batch size: 100

[2020-01-30 13:26:27.972924][__main__.TRPOAgent.log][learning]: 

***************
BEGINNING TRAINING
***************



[2020-01-30 13:26:30.240821][__main__.TRPOAgent.log][linesearch]: Linesearch worked at 1, New mean kl div: 2.817793591755415e-10, New policy loss value: 36.19339731306509

[2020-01-30 13:26:30.241269][__main__.TRPOAgent.log][batch_info]: Current batch value loss: 0.0004688526574843261

[2020-01-30 13:26:32.893890][__main__.TRPOAgent.log][learning]: Episode #1

[2020-01-30 13:26:32.895970][__main__.TRPOAgent.log][learning]: Performing rollouts: rollout length: 1000

[2020-01-30 13:26:35.692907][__main__.TRPOAgent.log][learning]: Rollouts performed

[2020-01-30 13:26:35.693251][__main__.TRPOAgent.log][batch_info]: Rollout statistics size: None, Batch size: 100

[2020-01-30 13:26:35.693900][__main__.TRPOAgent.log][learning]: 

***************
BEGINNING TRAINING
***************



[2020-01-30 13:26:37.796271][__main__.TRPOAgent.log][linesearch]: Linesearch worked at 1, New mean kl div: 3.662258408121473e-10, New policy loss value: 39.60910155138122

[2020-01-30 13:26:37.796714][__main__.TRPOAgent.log][batch_info]: Current batch value loss: 2.073190747689355e-05

[2020-01-30 13:26:39.527607][__main__.TRPOAgent.log][learning]: Episode #2

[2020-01-30 13:26:39.527996][__main__.TRPOAgent.log][learning]: Performing rollouts: rollout length: 1000

[2020-01-30 13:26:41.738611][__main__.TRPOAgent.log][learning]: Rollouts performed

[2020-01-30 13:26:41.738931][__main__.TRPOAgent.log][batch_info]: Rollout statistics size: None, Batch size: 100

[2020-01-30 13:26:41.739591][__main__.TRPOAgent.log][learning]: 

***************
BEGINNING TRAINING
***************



[2020-01-30 13:26:43.888531][__main__.TRPOAgent.log][linesearch]: Linesearch worked at 1, New mean kl div: 3.189812657862389e-10, New policy loss value: 37.94531237894001

[2020-01-30 13:26:43.888978][__main__.TRPOAgent.log][batch_info]: Current batch value loss: 1.2238928133690516e-05

[2020-01-30 13:26:45.224958][__main__.TRPOAgent.log][learning]: Episode #3

[2020-01-30 13:26:45.225517][__main__.TRPOAgent.log][learning]: Performing rollouts: rollout length: 1000

[2020-01-30 13:26:47.642271][__main__.TRPOAgent.log][learning]: Rollouts performed

[2020-01-30 13:26:47.642737][__main__.TRPOAgent.log][batch_info]: Rollout statistics size: None, Batch size: 100

[2020-01-30 13:26:47.643354][__main__.TRPOAgent.log][learning]: 

***************
BEGINNING TRAINING
***************



[2020-01-30 13:26:50.163140][__main__.TRPOAgent.log][linesearch]: Linesearch worked at 1, New mean kl div: 3.3701305332990194e-10, New policy loss value: 38.20308596472119

[2020-01-30 13:26:50.163589][__main__.TRPOAgent.log][batch_info]: Current batch value loss: 1.133481560933218e-05

[2020-01-30 13:26:52.376560][__main__.TRPOAgent.log][learning]: Episode #4

[2020-01-30 13:26:52.376933][__main__.TRPOAgent.log][learning]: Performing rollouts: rollout length: 1000

[2020-01-30 13:26:55.110557][__main__.TRPOAgent.log][learning]: Rollouts performed

[2020-01-30 13:26:55.110879][__main__.TRPOAgent.log][batch_info]: Rollout statistics size: None, Batch size: 100

[2020-01-30 13:26:55.111669][__main__.TRPOAgent.log][learning]: 

***************
BEGINNING TRAINING
***************



[2020-01-30 13:26:57.375710][__main__.TRPOAgent.log][linesearch]: Linesearch worked at 1, New mean kl div: 4.0491914659157796e-10, New policy loss value: 40.09749675693052

[2020-01-30 13:26:57.376386][__main__.TRPOAgent.log][batch_info]: Current batch value loss: 2.7508184322258796e-05

[2020-01-30 13:26:58.918674][__main__.TRPOAgent.log][learning]: Episode #5

[2020-01-30 13:26:58.919412][__main__.TRPOAgent.log][learning]: Performing rollouts: rollout length: 1000

[2020-01-30 13:27:01.664743][__main__.TRPOAgent.log][learning]: Rollouts performed

[2020-01-30 13:27:01.665131][__main__.TRPOAgent.log][batch_info]: Rollout statistics size: None, Batch size: 100

[2020-01-30 13:27:01.665736][__main__.TRPOAgent.log][learning]: 

***************
BEGINNING TRAINING
***************



[2020-01-30 13:27:03.892003][__main__.TRPOAgent.log][linesearch]: Linesearch worked at 1, New mean kl div: 3.204501884775979e-10, New policy loss value: 37.81020807666116

[2020-01-30 13:27:03.892462][__main__.TRPOAgent.log][batch_info]: Current batch value loss: 4.244301165288524e-06

[2020-01-30 13:27:05.740646][__main__.TRPOAgent.log][learning]: Episode #6

[2020-01-30 13:27:05.741082][__main__.TRPOAgent.log][learning]: Performing rollouts: rollout length: 1000

[2020-01-30 13:27:08.657720][__main__.TRPOAgent.log][learning]: Rollouts performed

[2020-01-30 13:27:08.658068][__main__.TRPOAgent.log][batch_info]: Rollout statistics size: None, Batch size: 100

[2020-01-30 13:27:08.658797][__main__.TRPOAgent.log][learning]: 

***************
BEGINNING TRAINING
***************



[2020-01-30 13:27:10.856711][__main__.TRPOAgent.log][linesearch]: Linesearch worked at 1, New mean kl div: 4.807195721670098e-10, New policy loss value: 41.21165826118603

[2020-01-30 13:27:10.857139][__main__.TRPOAgent.log][batch_info]: Current batch value loss: 1.2400443051624202e-05

[2020-01-30 13:27:13.309409][__main__.TRPOAgent.log][learning]: Episode #7

[2020-01-30 13:27:13.309732][__main__.TRPOAgent.log][learning]: Performing rollouts: rollout length: 1000

[2020-01-30 13:27:15.664577][__main__.TRPOAgent.log][learning]: Rollouts performed

[2020-01-30 13:27:15.665061][__main__.TRPOAgent.log][batch_info]: Rollout statistics size: None, Batch size: 100

[2020-01-30 13:27:15.665696][__main__.TRPOAgent.log][learning]: 

***************
BEGINNING TRAINING
***************



[2020-01-30 13:27:17.775960][__main__.TRPOAgent.log][linesearch]: Linesearch worked at 1, New mean kl div: 3.259204676104499e-10, New policy loss value: 38.30231963114489

[2020-01-30 13:27:17.776397][__main__.TRPOAgent.log][batch_info]: Current batch value loss: 3.932354638916534e-06

[2020-01-30 13:27:21.017961][__main__.TRPOAgent.log][learning]: Episode #8

[2020-01-30 13:27:21.018533][__main__.TRPOAgent.log][learning]: Performing rollouts: rollout length: 1000

[2020-01-30 13:27:23.548986][__main__.TRPOAgent.log][learning]: Rollouts performed

[2020-01-30 13:27:23.549364][__main__.TRPOAgent.log][batch_info]: Rollout statistics size: None, Batch size: 100

[2020-01-30 13:27:23.549904][__main__.TRPOAgent.log][learning]: 

***************
BEGINNING TRAINING
***************



[2020-01-30 13:27:25.656900][__main__.TRPOAgent.log][linesearch]: Linesearch worked at 1, New mean kl div: 4.342536914389732e-10, New policy loss value: 40.21549817853149

[2020-01-30 13:27:25.657325][__main__.TRPOAgent.log][batch_info]: Current batch value loss: 2.431206437922155e-06

[2020-01-30 13:27:27.811114][__main__.TRPOAgent.log][learning]: Episode #9

[2020-01-30 13:27:27.811477][__main__.TRPOAgent.log][learning]: Performing rollouts: rollout length: 1000

[2020-01-30 13:27:30.733928][__main__.TRPOAgent.log][learning]: Rollouts performed

[2020-01-30 13:27:30.734362][__main__.TRPOAgent.log][batch_info]: Rollout statistics size: None, Batch size: 100

[2020-01-30 13:27:30.735070][__main__.TRPOAgent.log][learning]: 

***************
BEGINNING TRAINING
***************



[2020-01-30 13:27:32.940835][__main__.TRPOAgent.log][linesearch]: Linesearch worked at 1, New mean kl div: 5.520157514064763e-10, New policy loss value: 43.53712156463189

[2020-01-30 13:27:32.941268][__main__.TRPOAgent.log][batch_info]: Current batch value loss: 2.935365347122032e-06

[2020-01-30 13:27:35.349523][__main__.TRPOAgent.log][learning]: Episode #10

[2020-01-30 13:27:35.349908][__main__.TRPOAgent.log][learning]: Performing rollouts: rollout length: 1000

[2020-01-30 13:27:38.387249][__main__.TRPOAgent.log][learning]: Rollouts performed

[2020-01-30 13:27:38.387609][__main__.TRPOAgent.log][batch_info]: Rollout statistics size: None, Batch size: 100

[2020-01-30 13:27:38.388201][__main__.TRPOAgent.log][learning]: 

***************
BEGINNING TRAINING
***************



[2020-01-30 13:27:40.884684][__main__.TRPOAgent.log][linesearch]: Linesearch worked at 1, New mean kl div: 5.934947010174351e-10, New policy loss value: 43.14071688850773

[2020-01-30 13:27:40.885140][__main__.TRPOAgent.log][batch_info]: Current batch value loss: 1.5366212058776167e-06

[2020-01-30 13:27:42.045097][__main__.TRPOAgent.log][learning]: Episode #11

[2020-01-30 13:27:42.045955][__main__.TRPOAgent.log][learning]: Performing rollouts: rollout length: 1000

[2020-01-30 13:27:44.914147][__main__.TRPOAgent.log][learning]: Rollouts performed

[2020-01-30 13:27:44.914491][__main__.TRPOAgent.log][batch_info]: Rollout statistics size: None, Batch size: 100

[2020-01-30 13:27:44.914798][__main__.TRPOAgent.log][learning]: 

***************
BEGINNING TRAINING
***************



[2020-01-30 13:27:47.204303][__main__.TRPOAgent.log][linesearch]: Linesearch worked at 1, New mean kl div: 3.715382553969481e-10, New policy loss value: 37.57173062437525

[2020-01-30 13:27:47.204750][__main__.TRPOAgent.log][batch_info]: Current batch value loss: 1.1398470083660206e-05

[2020-01-30 13:27:48.454779][__main__.TRPOAgent.log][learning]: Episode #12

[2020-01-30 13:27:48.455173][__main__.TRPOAgent.log][learning]: Performing rollouts: rollout length: 1000

[2020-01-30 13:27:51.357707][__main__.TRPOAgent.log][learning]: Rollouts performed

[2020-01-30 13:27:51.358386][__main__.TRPOAgent.log][batch_info]: Rollout statistics size: None, Batch size: 100

[2020-01-30 13:27:51.359224][__main__.TRPOAgent.log][learning]: 

***************
BEGINNING TRAINING
***************



[2020-01-30 13:27:53.988139][__main__.TRPOAgent.log][linesearch]: Linesearch worked at 1, New mean kl div: 3.7726331615540824e-10, New policy loss value: 38.811352135623544

[2020-01-30 13:27:53.988648][__main__.TRPOAgent.log][batch_info]: Current batch value loss: 2.50647193065054e-06

[2020-01-30 13:27:55.497488][__main__.TRPOAgent.log][learning]: Episode #13

[2020-01-30 13:27:55.498021][__main__.TRPOAgent.log][learning]: Performing rollouts: rollout length: 1000

[2020-01-30 13:27:58.186192][__main__.TRPOAgent.log][learning]: Rollouts performed

[2020-01-30 13:27:58.186552][__main__.TRPOAgent.log][batch_info]: Rollout statistics size: None, Batch size: 100

[2020-01-30 13:27:58.187193][__main__.TRPOAgent.log][learning]: 

***************
BEGINNING TRAINING
***************



[2020-01-30 13:28:00.458298][__main__.TRPOAgent.log][linesearch]: Linesearch worked at 1, New mean kl div: 5.92158823184507e-10, New policy loss value: 42.813818114552184

[2020-01-30 13:28:00.458748][__main__.TRPOAgent.log][batch_info]: Current batch value loss: 7.47542447553022e-05

[2020-01-30 13:28:02.972484][__main__.TRPOAgent.log][learning]: Episode #14

[2020-01-30 13:28:02.972872][__main__.TRPOAgent.log][learning]: Performing rollouts: rollout length: 1000

[2020-01-30 13:28:05.815201][__main__.TRPOAgent.log][learning]: Rollouts performed

[2020-01-30 13:28:05.815578][__main__.TRPOAgent.log][batch_info]: Rollout statistics size: None, Batch size: 100

[2020-01-30 13:28:05.816190][__main__.TRPOAgent.log][learning]: 

***************
BEGINNING TRAINING
***************



