LOGGER started at 2020-01-28 17:56:26.213425.
Currently active debug channels:
	rollouts
	act
	training
	batch_info
	linesearch
	learning
	thread_rollouts
[2020-01-28 17:56:26.652889][__main__.TRPOAgent.log][learning]: Episode #0

[2020-01-28 17:56:26.855424][__main__.TRPOAgent.log][learning]: Performing rollouts: rollout length: 1500

[2020-01-28 17:56:26.887447][EnvironmentNew.Environment.log][rollouts]: Rollout thread #1

[2020-01-28 17:56:26.888706][EnvironmentNew.Environment.log][rollouts]: Rollout thread #2

[2020-01-28 17:56:26.888611][EnvironmentNew.Environment.log][thread_rollouts]: Thread number: 0

[2020-01-28 17:56:26.890569][EnvironmentNew.Environment.log][thread_rollouts]: Thread number: 1

[2020-01-28 17:56:27.278331][EnvironmentNew.Environment.log][thread_rollouts]: Thread number: 1, Steps performed: 9

[2020-01-28 17:56:27.285857][EnvironmentNew.Environment.log][thread_rollouts]: Thread number: 0, Steps performed: 9

[2020-01-28 17:56:27.286569][EnvironmentNew.Environment.log][rollouts]: Rollout thread #3

[2020-01-28 17:56:27.287173][EnvironmentNew.Environment.log][thread_rollouts]: Thread number: 2

[2020-01-28 17:56:27.287337][EnvironmentNew.Environment.log][rollouts]: Rollout thread #4

[2020-01-28 17:56:27.289868][EnvironmentNew.Environment.log][thread_rollouts]: Thread number: 3

[2020-01-28 17:56:27.650914][EnvironmentNew.Environment.log][thread_rollouts]: Thread number: 2, Steps performed: 9

[2020-01-28 17:56:27.679988][EnvironmentNew.Environment.log][thread_rollouts]: Thread number: 3, Steps performed: 10

[2020-01-28 17:56:27.680495][EnvironmentNew.Environment.log][rollouts]: Rollout thread #5

[2020-01-28 17:56:27.681093][EnvironmentNew.Environment.log][thread_rollouts]: Thread number: 4

[2020-01-28 17:56:27.681176][EnvironmentNew.Environment.log][rollouts]: Rollout thread #6

[2020-01-28 17:56:27.683358][EnvironmentNew.Environment.log][thread_rollouts]: Thread number: 5

[2020-01-28 17:56:28.069673][EnvironmentNew.Environment.log][thread_rollouts]: Thread number: 4, Steps performed: 9

[2020-01-28 17:56:28.177425][EnvironmentNew.Environment.log][thread_rollouts]: Thread number: 5, Steps performed: 14

[2020-01-28 17:56:28.177980][EnvironmentNew.Environment.log][rollouts]: Rollout thread #7

[2020-01-28 17:56:28.178850][EnvironmentNew.Environment.log][thread_rollouts]: Thread number: 6

[2020-01-28 17:56:28.178913][EnvironmentNew.Environment.log][rollouts]: Rollout thread #8

[2020-01-28 17:56:28.181319][EnvironmentNew.Environment.log][thread_rollouts]: Thread number: 7

[2020-01-28 17:56:28.595388][EnvironmentNew.Environment.log][thread_rollouts]: Thread number: 6, Steps performed: 10

[2020-01-28 17:56:28.681233][EnvironmentNew.Environment.log][thread_rollouts]: Thread number: 7, Steps performed: 14

[2020-01-28 17:56:28.681669][EnvironmentNew.Environment.log][rollouts]: Rollout thread #9

[2020-01-28 17:56:28.682341][EnvironmentNew.Environment.log][thread_rollouts]: Thread number: 8

[2020-01-28 17:56:28.682535][EnvironmentNew.Environment.log][rollouts]: Rollout thread #10

[2020-01-28 17:56:28.684853][EnvironmentNew.Environment.log][thread_rollouts]: Thread number: 9

[2020-01-28 17:56:29.129745][EnvironmentNew.Environment.log][thread_rollouts]: Thread number: 9, Steps performed: 10

[2020-01-28 17:56:29.181283][EnvironmentNew.Environment.log][thread_rollouts]: Thread number: 8, Steps performed: 11

[2020-01-28 17:56:29.181728][EnvironmentNew.Environment.log][rollouts]: Rollout thread #11

[2020-01-28 17:56:29.182446][EnvironmentNew.Environment.log][rollouts]: Rollout thread #12

[2020-01-28 17:56:29.182388][EnvironmentNew.Environment.log][thread_rollouts]: Thread number: 10

[2020-01-28 17:56:29.183493][EnvironmentNew.Environment.log][thread_rollouts]: Thread number: 11

[2020-01-28 17:56:29.533249][EnvironmentNew.Environment.log][thread_rollouts]: Thread number: 11, Steps performed: 9

[2020-01-28 17:56:29.573637][EnvironmentNew.Environment.log][thread_rollouts]: Thread number: 10, Steps performed: 10

[2020-01-28 17:56:29.574202][EnvironmentNew.Environment.log][rollouts]: Rollout thread #13

[2020-01-28 17:56:29.575178][EnvironmentNew.Environment.log][rollouts]: Rollout thread #14

[2020-01-28 17:56:29.575005][EnvironmentNew.Environment.log][thread_rollouts]: Thread number: 12

[2020-01-28 17:56:29.576486][EnvironmentNew.Environment.log][thread_rollouts]: Thread number: 13

[2020-01-28 17:56:29.928523][EnvironmentNew.Environment.log][thread_rollouts]: Thread number: 13, Steps performed: 9

[2020-01-28 17:56:29.929233][EnvironmentNew.Environment.log][thread_rollouts]: Thread number: 12, Steps performed: 9

[2020-01-28 17:56:29.930256][EnvironmentNew.Environment.log][rollouts]: Rollout thread #15

[2020-01-28 17:56:29.930795][EnvironmentNew.Environment.log][thread_rollouts]: Thread number: 14

[2020-01-28 17:56:30.336399][EnvironmentNew.Environment.log][thread_rollouts]: Thread number: 14, Steps performed: 19

[2020-01-28 17:56:30.336960][__main__.TRPOAgent.log][learning]: Rollouts performed

[2020-01-28 17:56:30.339075][__main__.TRPOAgent.log][batch_info]: Rollout statistics size: 161, Batch size: 3000, Number of batches: 1

[2020-01-28 17:56:30.339666][__main__.TRPOAgent.log][learning]: 

***************
BEGINNING TRAINING
***************



[2020-01-28 17:56:30.340295][__main__.TRPOAgent.log][batch_info]: Batch #0, batch length: 161

