LOGGER started at 2020-01-31 12:44:53.431218.
Currently active debug channels:
	act
	batch_info
	linesearch
	learning
	thread_rollouts
[2020-01-31 12:44:54.050769][__main__.TRPOAgent.log][learning]: Episode #0

[2020-01-31 12:44:54.267330][__main__.TRPOAgent.log][learning]: Performing rollouts: rollout length: 1600

[2020-01-31 12:44:54.268665][EnvironmentNew.Environment.log][thread_rollouts]: Thread number: 1

[2020-01-31 12:44:54.268400][EnvironmentNew.Environment.log][thread_rollouts]: Thread number: 0

[2020-01-31 12:44:54.344894][EnvironmentNew.Environment.log][thread_rollouts]: Thread number: 0, Steps performed: 15

[2020-01-31 12:44:54.345970][EnvironmentNew.Environment.log][thread_rollouts]: Thread number: 1, Steps performed: 16

[2020-01-31 12:44:54.346456][EnvironmentNew.Environment.log][thread_rollouts]: Thread number: 2

[2020-01-31 12:44:54.346610][EnvironmentNew.Environment.log][thread_rollouts]: Thread number: 3

[2020-01-31 12:44:54.438676][EnvironmentNew.Environment.log][thread_rollouts]: Thread number: 3, Steps performed: 16

[2020-01-31 12:44:54.444924][EnvironmentNew.Environment.log][thread_rollouts]: Thread number: 2, Steps performed: 19

[2020-01-31 12:44:54.445646][EnvironmentNew.Environment.log][thread_rollouts]: Thread number: 4

[2020-01-31 12:44:54.445859][EnvironmentNew.Environment.log][thread_rollouts]: Thread number: 5

[2020-01-31 12:44:54.523536][EnvironmentNew.Environment.log][thread_rollouts]: Thread number: 4, Steps performed: 15

[2020-01-31 12:44:54.527060][EnvironmentNew.Environment.log][thread_rollouts]: Thread number: 5, Steps performed: 16

[2020-01-31 12:44:54.527544][EnvironmentNew.Environment.log][thread_rollouts]: Thread number: 6

[2020-01-31 12:44:54.527683][EnvironmentNew.Environment.log][thread_rollouts]: Thread number: 7

[2020-01-31 12:44:54.599844][EnvironmentNew.Environment.log][thread_rollouts]: Thread number: 7, Steps performed: 14

[2020-01-31 12:44:54.614860][EnvironmentNew.Environment.log][thread_rollouts]: Thread number: 6, Steps performed: 21

[2020-01-31 12:44:54.615389][EnvironmentNew.Environment.log][thread_rollouts]: Thread number: 8

[2020-01-31 12:44:54.615539][EnvironmentNew.Environment.log][thread_rollouts]: Thread number: 9

[2020-01-31 12:44:54.688529][EnvironmentNew.Environment.log][thread_rollouts]: Thread number: 8, Steps performed: 17

[2020-01-31 12:44:54.688283][EnvironmentNew.Environment.log][thread_rollouts]: Thread number: 9, Steps performed: 15

[2020-01-31 12:44:54.689733][EnvironmentNew.Environment.log][thread_rollouts]: Thread number: 11

[2020-01-31 12:44:54.689605][EnvironmentNew.Environment.log][thread_rollouts]: Thread number: 10

[2020-01-31 12:44:54.768141][EnvironmentNew.Environment.log][thread_rollouts]: Thread number: 10, Steps performed: 15

[2020-01-31 12:44:54.775758][EnvironmentNew.Environment.log][thread_rollouts]: Thread number: 11, Steps performed: 17

[2020-01-31 12:44:54.776579][EnvironmentNew.Environment.log][thread_rollouts]: Thread number: 12

[2020-01-31 12:44:54.776854][EnvironmentNew.Environment.log][thread_rollouts]: Thread number: 13

[2020-01-31 12:44:54.855696][EnvironmentNew.Environment.log][thread_rollouts]: Thread number: 12, Steps performed: 15

[2020-01-31 12:44:54.859052][EnvironmentNew.Environment.log][thread_rollouts]: Thread number: 13, Steps performed: 16

[2020-01-31 12:44:54.859748][EnvironmentNew.Environment.log][thread_rollouts]: Thread number: 14

[2020-01-31 12:44:54.859907][EnvironmentNew.Environment.log][thread_rollouts]: Thread number: 15

[2020-01-31 12:44:54.935193][EnvironmentNew.Environment.log][thread_rollouts]: Thread number: 14, Steps performed: 15

[2020-01-31 12:44:54.945667][EnvironmentNew.Environment.log][thread_rollouts]: Thread number: 15, Steps performed: 19

[2020-01-31 12:44:54.946405][EnvironmentNew.Environment.log][thread_rollouts]: Thread number: 16

[2020-01-31 12:44:54.946539][EnvironmentNew.Environment.log][thread_rollouts]: Thread number: 17

[2020-01-31 12:44:55.014643][EnvironmentNew.Environment.log][thread_rollouts]: Thread number: 16, Steps performed: 15

[2020-01-31 12:44:55.015160][EnvironmentNew.Environment.log][thread_rollouts]: Thread number: 17, Steps performed: 15

[2020-01-31 12:44:55.016131][EnvironmentNew.Environment.log][thread_rollouts]: Thread number: 18

[2020-01-31 12:44:55.016269][EnvironmentNew.Environment.log][thread_rollouts]: Thread number: 19

[2020-01-31 12:44:55.084962][EnvironmentNew.Environment.log][thread_rollouts]: Thread number: 18, Steps performed: 15

[2020-01-31 12:44:55.085307][EnvironmentNew.Environment.log][thread_rollouts]: Thread number: 19, Steps performed: 15

[2020-01-31 12:44:55.086296][EnvironmentNew.Environment.log][thread_rollouts]: Thread number: 20

[2020-01-31 12:44:55.086458][EnvironmentNew.Environment.log][thread_rollouts]: Thread number: 21

[2020-01-31 12:44:55.165949][EnvironmentNew.Environment.log][thread_rollouts]: Thread number: 20, Steps performed: 16

[2020-01-31 12:44:55.166715][EnvironmentNew.Environment.log][thread_rollouts]: Thread number: 21, Steps performed: 16

[2020-01-31 12:44:55.167460][EnvironmentNew.Environment.log][thread_rollouts]: Thread number: 23

[2020-01-31 12:44:55.167341][EnvironmentNew.Environment.log][thread_rollouts]: Thread number: 22

[2020-01-31 12:44:55.253366][EnvironmentNew.Environment.log][thread_rollouts]: Thread number: 23, Steps performed: 15

[2020-01-31 12:44:55.252251][EnvironmentNew.Environment.log][thread_rollouts]: Thread number: 22, Steps performed: 16

[2020-01-31 12:44:55.254655][EnvironmentNew.Environment.log][thread_rollouts]: Thread number: 24

[2020-01-31 12:44:55.254831][EnvironmentNew.Environment.log][thread_rollouts]: Thread number: 25

[2020-01-31 12:44:55.331717][EnvironmentNew.Environment.log][thread_rollouts]: Thread number: 25, Steps performed: 16

[2020-01-31 12:44:55.332655][EnvironmentNew.Environment.log][thread_rollouts]: Thread number: 24, Steps performed: 15

[2020-01-31 12:44:55.333387][EnvironmentNew.Environment.log][thread_rollouts]: Thread number: 26

[2020-01-31 12:44:55.333560][EnvironmentNew.Environment.log][thread_rollouts]: Thread number: 27

[2020-01-31 12:44:55.407176][EnvironmentNew.Environment.log][thread_rollouts]: Thread number: 27, Steps performed: 15

[2020-01-31 12:44:55.407716][EnvironmentNew.Environment.log][thread_rollouts]: Thread number: 26, Steps performed: 15

[2020-01-31 12:44:55.408597][EnvironmentNew.Environment.log][thread_rollouts]: Thread number: 29

[2020-01-31 12:44:55.408442][EnvironmentNew.Environment.log][thread_rollouts]: Thread number: 28

[2020-01-31 12:44:55.478573][EnvironmentNew.Environment.log][thread_rollouts]: Thread number: 28, Steps performed: 15

[2020-01-31 12:44:55.481374][EnvironmentNew.Environment.log][thread_rollouts]: Thread number: 29, Steps performed: 15

[2020-01-31 12:44:55.482099][__main__.TRPOAgent.log][learning]: Rollouts performed

