LOGGER started at 2020-01-28 19:39:33.864169.
Currently active debug channels:
	act
	batch_info
	linesearch
	learning
[2020-01-28 19:39:34.373580][__main__.TRPOAgent.log][learning]: Episode #0

[2020-01-28 19:39:34.575669][__main__.TRPOAgent.log][learning]: Performing rollouts: rollout length: 1500

[2020-01-28 19:39:35.149632][__main__.TRPOAgent.log][learning]: Rollouts performed

[2020-01-28 19:39:35.151935][__main__.TRPOAgent.log][batch_info]: Rollout statistics size: 471, Batch size: 500, Number of batches: 1

[2020-01-28 19:39:35.152467][__main__.TRPOAgent.log][learning]: 

***************
BEGINNING TRAINING
***************



[2020-01-28 19:39:35.153031][__main__.TRPOAgent.log][batch_info]: Batch #0, batch length: 471

[2020-01-28 19:39:35.287951][__main__.TRPOAgent.log][linesearch]: Linesearch worked at 0, New mean kl div: 0.004798759536749875, New policy loss value: -0.06573108763491059

[2020-01-28 19:39:35.555298][__main__.TRPOAgent.log][batch_info]: Current batch value loss: 30.22045415247575

[2020-01-28 19:39:35.555713][__main__.TRPOAgent.log][linesearch]: Linesearch successful, updating policy parameters

[2020-01-28 19:39:37.082105][__main__.TRPOAgent.log][learning]: Episode #1

[2020-01-28 19:39:37.082877][__main__.TRPOAgent.log][learning]: Performing rollouts: rollout length: 1500

[2020-01-28 19:39:37.787483][__main__.TRPOAgent.log][learning]: Rollouts performed

[2020-01-28 19:39:37.789886][__main__.TRPOAgent.log][batch_info]: Rollout statistics size: 521, Batch size: 500, Number of batches: 1

[2020-01-28 19:39:37.790304][__main__.TRPOAgent.log][learning]: 

***************
BEGINNING TRAINING
***************



[2020-01-28 19:39:37.790784][__main__.TRPOAgent.log][batch_info]: Batch #0, batch length: 521

[2020-01-28 19:39:37.913750][__main__.TRPOAgent.log][linesearch]: Linesearch worked at 1, New mean kl div: 8.07588066716264e-09, New policy loss value: -5.3629394925644986e-05

[2020-01-28 19:39:37.957820][__main__.TRPOAgent.log][batch_info]: Current batch value loss: 22.464163556185586

[2020-01-28 19:39:37.958225][__main__.TRPOAgent.log][linesearch]: Linesearch successful, updating policy parameters

[2020-01-28 19:39:38.683701][__main__.TRPOAgent.log][learning]: Episode #2

[2020-01-28 19:39:38.684324][__main__.TRPOAgent.log][learning]: Performing rollouts: rollout length: 1500

[2020-01-28 19:39:39.457229][__main__.TRPOAgent.log][learning]: Rollouts performed

[2020-01-28 19:39:39.459477][__main__.TRPOAgent.log][batch_info]: Rollout statistics size: 512, Batch size: 500, Number of batches: 1

[2020-01-28 19:39:39.459938][__main__.TRPOAgent.log][learning]: 

***************
BEGINNING TRAINING
***************



[2020-01-28 19:39:39.460469][__main__.TRPOAgent.log][batch_info]: Batch #0, batch length: 512

[2020-01-28 19:39:39.570837][__main__.TRPOAgent.log][linesearch]: Linesearch worked at 0, New mean kl div: 0.0005442412099212951, New policy loss value: -0.0001501849442149851

[2020-01-28 19:39:39.719223][__main__.TRPOAgent.log][batch_info]: Current batch value loss: 15.608724389101553

[2020-01-28 19:39:39.719606][__main__.TRPOAgent.log][linesearch]: Linesearch successful, updating policy parameters

[2020-01-28 19:39:40.592697][__main__.TRPOAgent.log][learning]: Episode #3

[2020-01-28 19:39:40.593064][__main__.TRPOAgent.log][learning]: Performing rollouts: rollout length: 1500

[2020-01-28 19:39:41.397402][__main__.TRPOAgent.log][learning]: Rollouts performed

[2020-01-28 19:39:41.400065][__main__.TRPOAgent.log][batch_info]: Rollout statistics size: 516, Batch size: 500, Number of batches: 1

[2020-01-28 19:39:41.400593][__main__.TRPOAgent.log][learning]: 

***************
BEGINNING TRAINING
***************



[2020-01-28 19:39:41.401143][__main__.TRPOAgent.log][batch_info]: Batch #0, batch length: 516

[2020-01-28 19:39:41.492295][__main__.TRPOAgent.log][linesearch]: Linesearch worked at 0, New mean kl div: 0.006198612460019293, New policy loss value: -0.0027953283814904696

[2020-01-28 19:39:41.535484][__main__.TRPOAgent.log][batch_info]: Current batch value loss: 11.95330418802639

[2020-01-28 19:39:41.535886][__main__.TRPOAgent.log][linesearch]: Linesearch successful, updating policy parameters

[2020-01-28 19:39:42.389486][__main__.TRPOAgent.log][learning]: Episode #4

[2020-01-28 19:39:42.389947][__main__.TRPOAgent.log][learning]: Performing rollouts: rollout length: 1500

[2020-01-28 19:39:43.165265][__main__.TRPOAgent.log][learning]: Rollouts performed

[2020-01-28 19:39:43.167394][__main__.TRPOAgent.log][batch_info]: Rollout statistics size: 509, Batch size: 500, Number of batches: 1

[2020-01-28 19:39:43.167934][__main__.TRPOAgent.log][learning]: 

***************
BEGINNING TRAINING
***************



[2020-01-28 19:39:43.168536][__main__.TRPOAgent.log][batch_info]: Batch #0, batch length: 509

[2020-01-28 19:39:43.248551][__main__.TRPOAgent.log][linesearch]: Linesearch worked at 0, New mean kl div: 0.009904344698103086, New policy loss value: -0.0026491256652147995

[2020-01-28 19:39:43.293278][__main__.TRPOAgent.log][batch_info]: Current batch value loss: 8.213731285395381

[2020-01-28 19:39:43.293689][__main__.TRPOAgent.log][linesearch]: Linesearch successful, updating policy parameters

[2020-01-28 19:39:44.152183][__main__.TRPOAgent.log][learning]: Episode #5

[2020-01-28 19:39:44.152808][__main__.TRPOAgent.log][learning]: Performing rollouts: rollout length: 1500

[2020-01-28 19:39:44.945105][__main__.TRPOAgent.log][learning]: Rollouts performed

[2020-01-28 19:39:44.947784][__main__.TRPOAgent.log][batch_info]: Rollout statistics size: 506, Batch size: 500, Number of batches: 1

[2020-01-28 19:39:44.948229][__main__.TRPOAgent.log][learning]: 

***************
BEGINNING TRAINING
***************



[2020-01-28 19:39:44.948707][__main__.TRPOAgent.log][batch_info]: Batch #0, batch length: 506

[2020-01-28 19:39:45.055805][__main__.TRPOAgent.log][linesearch]: Linesearch worked at 1, New mean kl div: 9.983464266125953e-09, New policy loss value: -2.2829673385923233e-06

[2020-01-28 19:39:45.111352][__main__.TRPOAgent.log][batch_info]: Current batch value loss: 5.676057403449772

[2020-01-28 19:39:45.111777][__main__.TRPOAgent.log][linesearch]: Linesearch successful, updating policy parameters

[2020-01-28 19:39:45.987721][__main__.TRPOAgent.log][learning]: Episode #6

[2020-01-28 19:39:45.988157][__main__.TRPOAgent.log][learning]: Performing rollouts: rollout length: 1500

[2020-01-28 19:39:46.726104][__main__.TRPOAgent.log][learning]: Rollouts performed

[2020-01-28 19:39:46.728377][__main__.TRPOAgent.log][batch_info]: Rollout statistics size: 509, Batch size: 500, Number of batches: 1

[2020-01-28 19:39:46.728866][__main__.TRPOAgent.log][learning]: 

***************
BEGINNING TRAINING
***************



[2020-01-28 19:39:46.729437][__main__.TRPOAgent.log][batch_info]: Batch #0, batch length: 509

[2020-01-28 19:39:46.809691][__main__.TRPOAgent.log][linesearch]: Linesearch worked at 0, New mean kl div: 0.009865978035560106, New policy loss value: -0.0028865262106925987

[2020-01-28 19:39:46.852744][__main__.TRPOAgent.log][batch_info]: Current batch value loss: 3.113223564644365

[2020-01-28 19:39:46.853302][__main__.TRPOAgent.log][linesearch]: Linesearch successful, updating policy parameters

[2020-01-28 19:39:47.586341][__main__.TRPOAgent.log][learning]: Episode #7

[2020-01-28 19:39:47.586887][__main__.TRPOAgent.log][learning]: Performing rollouts: rollout length: 1500

[2020-01-28 19:39:48.231025][__main__.TRPOAgent.log][learning]: Rollouts performed

[2020-01-28 19:39:48.233184][__main__.TRPOAgent.log][batch_info]: Rollout statistics size: 504, Batch size: 500, Number of batches: 1

[2020-01-28 19:39:48.233729][__main__.TRPOAgent.log][learning]: 

***************
BEGINNING TRAINING
***************



[2020-01-28 19:39:48.234302][__main__.TRPOAgent.log][batch_info]: Batch #0, batch length: 504

[2020-01-28 19:39:48.311536][__main__.TRPOAgent.log][linesearch]: Linesearch worked at 0, New mean kl div: 0.009812023557343142, New policy loss value: -0.001787180883073839

[2020-01-28 19:39:48.353734][__main__.TRPOAgent.log][batch_info]: Current batch value loss: 0.7709732571000435

[2020-01-28 19:39:48.354159][__main__.TRPOAgent.log][linesearch]: Linesearch successful, updating policy parameters

[2020-01-28 19:39:49.169905][__main__.TRPOAgent.log][learning]: Episode #8

[2020-01-28 19:39:49.170331][__main__.TRPOAgent.log][learning]: Performing rollouts: rollout length: 1500

[2020-01-28 19:39:49.813206][__main__.TRPOAgent.log][learning]: Rollouts performed

[2020-01-28 19:39:49.815350][__main__.TRPOAgent.log][batch_info]: Rollout statistics size: 501, Batch size: 500, Number of batches: 1

[2020-01-28 19:39:49.815780][__main__.TRPOAgent.log][learning]: 

***************
BEGINNING TRAINING
***************



[2020-01-28 19:39:49.816202][__main__.TRPOAgent.log][batch_info]: Batch #0, batch length: 501

[2020-01-28 19:39:49.907488][__main__.TRPOAgent.log][linesearch]: Linesearch worked at 1, New mean kl div: 9.980375879740672e-09, New policy loss value: -8.882793349456798e-07

[2020-01-28 19:39:49.949337][__main__.TRPOAgent.log][batch_info]: Current batch value loss: 0.10251395811976949

[2020-01-28 19:39:49.949734][__main__.TRPOAgent.log][linesearch]: Linesearch successful, updating policy parameters

[2020-01-28 19:39:50.773557][__main__.TRPOAgent.log][learning]: Episode #9

[2020-01-28 19:39:50.774170][__main__.TRPOAgent.log][learning]: Performing rollouts: rollout length: 1500

[2020-01-28 19:39:51.364411][__main__.TRPOAgent.log][learning]: Rollouts performed

[2020-01-28 19:39:51.366396][__main__.TRPOAgent.log][batch_info]: Rollout statistics size: 503, Batch size: 500, Number of batches: 1

[2020-01-28 19:39:51.371550][__main__.TRPOAgent.log][learning]: 

***************
BEGINNING TRAINING
***************



[2020-01-28 19:39:51.372278][__main__.TRPOAgent.log][batch_info]: Batch #0, batch length: 503

[2020-01-28 19:39:51.457818][__main__.TRPOAgent.log][linesearch]: Linesearch worked at 0, New mean kl div: 0.009733654273307597, New policy loss value: -0.006836968636448964

[2020-01-28 19:39:51.502513][__main__.TRPOAgent.log][batch_info]: Current batch value loss: 0.09741348497097044

[2020-01-28 19:39:51.502923][__main__.TRPOAgent.log][linesearch]: Linesearch successful, updating policy parameters

[2020-01-28 19:39:52.220457][__main__.TRPOAgent.log][learning]: Episode #10

[2020-01-28 19:39:52.220874][__main__.TRPOAgent.log][learning]: Performing rollouts: rollout length: 1500

[2020-01-28 19:39:52.843260][__main__.TRPOAgent.log][learning]: Rollouts performed

[2020-01-28 19:39:52.845129][__main__.TRPOAgent.log][batch_info]: Rollout statistics size: 500, Batch size: 500, Number of batches: 1

[2020-01-28 19:39:52.845514][__main__.TRPOAgent.log][learning]: 

***************
BEGINNING TRAINING
***************



[2020-01-28 19:39:52.845894][__main__.TRPOAgent.log][batch_info]: Batch #0, batch length: 500

[2020-01-28 19:39:52.924509][__main__.TRPOAgent.log][linesearch]: Linesearch worked at 0, New mean kl div: 0.006079352871744436, New policy loss value: 7.105427357601002e-17

[2020-01-28 19:39:52.967005][__main__.TRPOAgent.log][batch_info]: Current batch value loss: 0.01612762263776307

[2020-01-28 19:39:52.967460][__main__.TRPOAgent.log][linesearch]: Linesearch successful, updating policy parameters

[2020-01-28 19:39:53.722783][__main__.TRPOAgent.log][learning]: Episode #11

[2020-01-28 19:39:53.723258][__main__.TRPOAgent.log][learning]: Performing rollouts: rollout length: 1500

[2020-01-28 19:39:54.356744][__main__.TRPOAgent.log][learning]: Rollouts performed

[2020-01-28 19:39:54.358917][__main__.TRPOAgent.log][batch_info]: Rollout statistics size: 500, Batch size: 500, Number of batches: 1

[2020-01-28 19:39:54.359361][__main__.TRPOAgent.log][learning]: 

***************
BEGINNING TRAINING
***************



[2020-01-28 19:39:54.359952][__main__.TRPOAgent.log][batch_info]: Batch #0, batch length: 500

[2020-01-28 19:39:54.447746][__main__.TRPOAgent.log][linesearch]: Linesearch worked at 1, New mean kl div: 9.964791254882146e-09, New policy loss value: 1.9895196601282806e-16

[2020-01-28 19:39:54.489922][__main__.TRPOAgent.log][batch_info]: Current batch value loss: 0.005209401222521734

[2020-01-28 19:39:54.490322][__main__.TRPOAgent.log][linesearch]: Linesearch successful, updating policy parameters

[2020-01-28 19:39:55.259167][__main__.TRPOAgent.log][learning]: Episode #12

[2020-01-28 19:39:55.259777][__main__.TRPOAgent.log][learning]: Performing rollouts: rollout length: 1500

[2020-01-28 19:39:55.906764][__main__.TRPOAgent.log][learning]: Rollouts performed

[2020-01-28 19:39:55.908950][__main__.TRPOAgent.log][batch_info]: Rollout statistics size: 500, Batch size: 500, Number of batches: 1

[2020-01-28 19:39:55.909418][__main__.TRPOAgent.log][learning]: 

***************
BEGINNING TRAINING
***************



[2020-01-28 19:39:55.909934][__main__.TRPOAgent.log][batch_info]: Batch #0, batch length: 500

[2020-01-28 19:39:55.999090][__main__.TRPOAgent.log][linesearch]: Linesearch worked at 1, New mean kl div: 9.711165729169838e-09, New policy loss value: 2.842170943040401e-17

[2020-01-28 19:39:56.042935][__main__.TRPOAgent.log][batch_info]: Current batch value loss: 0.0022037375735966124

[2020-01-28 19:39:56.043420][__main__.TRPOAgent.log][linesearch]: Linesearch successful, updating policy parameters

[2020-01-28 19:39:56.815557][__main__.TRPOAgent.log][learning]: Episode #13

[2020-01-28 19:39:56.816103][__main__.TRPOAgent.log][learning]: Performing rollouts: rollout length: 1500

[2020-01-28 19:39:57.466467][__main__.TRPOAgent.log][learning]: Rollouts performed

[2020-01-28 19:39:57.468540][__main__.TRPOAgent.log][batch_info]: Rollout statistics size: 500, Batch size: 500, Number of batches: 1

[2020-01-28 19:39:57.468969][__main__.TRPOAgent.log][learning]: 

***************
BEGINNING TRAINING
***************



[2020-01-28 19:39:57.469437][__main__.TRPOAgent.log][batch_info]: Batch #0, batch length: 500

[2020-01-28 19:39:57.565436][__main__.TRPOAgent.log][linesearch]: Linesearch worked at 1, New mean kl div: 9.511907344848043e-09, New policy loss value: 0.0

[2020-01-28 19:39:57.610318][__main__.TRPOAgent.log][batch_info]: Current batch value loss: 0.0009642421321269391

[2020-01-28 19:39:57.610744][__main__.TRPOAgent.log][linesearch]: Linesearch successful, updating policy parameters

[2020-01-28 19:39:58.365051][__main__.TRPOAgent.log][learning]: Episode #14

[2020-01-28 19:39:58.365459][__main__.TRPOAgent.log][learning]: Performing rollouts: rollout length: 1500

[2020-01-28 19:39:59.016078][__main__.TRPOAgent.log][learning]: Rollouts performed

[2020-01-28 19:39:59.018226][__main__.TRPOAgent.log][batch_info]: Rollout statistics size: 500, Batch size: 500, Number of batches: 1

[2020-01-28 19:39:59.018608][__main__.TRPOAgent.log][learning]: 

***************
BEGINNING TRAINING
***************



[2020-01-28 19:39:59.019036][__main__.TRPOAgent.log][batch_info]: Batch #0, batch length: 500

[2020-01-28 19:39:59.106133][__main__.TRPOAgent.log][linesearch]: Linesearch worked at 0, New mean kl div: 0.0088423979029868, New policy loss value: -8.526512829121202e-17

[2020-01-28 19:39:59.148631][__main__.TRPOAgent.log][batch_info]: Current batch value loss: 0.0006116216393243121

[2020-01-28 19:39:59.149037][__main__.TRPOAgent.log][linesearch]: Linesearch successful, updating policy parameters

[2020-01-28 19:39:59.928971][__main__.TRPOAgent.log][learning]: Episode #15

[2020-01-28 19:39:59.929460][__main__.TRPOAgent.log][learning]: Performing rollouts: rollout length: 1500

[2020-01-28 19:40:00.554480][__main__.TRPOAgent.log][learning]: Rollouts performed

[2020-01-28 19:40:00.556736][__main__.TRPOAgent.log][batch_info]: Rollout statistics size: 500, Batch size: 500, Number of batches: 1

[2020-01-28 19:40:00.557145][__main__.TRPOAgent.log][learning]: 

***************
BEGINNING TRAINING
***************



[2020-01-28 19:40:00.557598][__main__.TRPOAgent.log][batch_info]: Batch #0, batch length: 500

[2020-01-28 19:40:00.643191][__main__.TRPOAgent.log][linesearch]: Linesearch worked at 0, New mean kl div: 0.00918572633118208, New policy loss value: -8.526512829121202e-17

[2020-01-28 19:40:00.685280][__main__.TRPOAgent.log][batch_info]: Current batch value loss: 0.0005052729471442774

[2020-01-28 19:40:00.685713][__main__.TRPOAgent.log][linesearch]: Linesearch successful, updating policy parameters

[2020-01-28 19:40:01.462804][__main__.TRPOAgent.log][learning]: Episode #16

[2020-01-28 19:40:01.463163][__main__.TRPOAgent.log][learning]: Performing rollouts: rollout length: 1500

[2020-01-28 19:40:02.062383][__main__.TRPOAgent.log][learning]: Rollouts performed

[2020-01-28 19:40:02.064425][__main__.TRPOAgent.log][batch_info]: Rollout statistics size: 500, Batch size: 500, Number of batches: 1

[2020-01-28 19:40:02.069578][__main__.TRPOAgent.log][learning]: 

***************
BEGINNING TRAINING
***************



[2020-01-28 19:40:02.070252][__main__.TRPOAgent.log][batch_info]: Batch #0, batch length: 500

[2020-01-28 19:40:02.148182][__main__.TRPOAgent.log][linesearch]: Linesearch worked at 0, New mean kl div: 0.007930906198396419, New policy loss value: 8.526512829121202e-17

[2020-01-28 19:40:02.194085][__main__.TRPOAgent.log][batch_info]: Current batch value loss: 0.0004801534400168309

[2020-01-28 19:40:02.194531][__main__.TRPOAgent.log][linesearch]: Linesearch successful, updating policy parameters

[2020-01-28 19:40:02.980974][__main__.TRPOAgent.log][learning]: Episode #17

[2020-01-28 19:40:02.981376][__main__.TRPOAgent.log][learning]: Performing rollouts: rollout length: 1500

[2020-01-28 19:40:03.589161][__main__.TRPOAgent.log][learning]: Rollouts performed

[2020-01-28 19:40:03.591047][__main__.TRPOAgent.log][batch_info]: Rollout statistics size: 500, Batch size: 500, Number of batches: 1

[2020-01-28 19:40:03.591459][__main__.TRPOAgent.log][learning]: 

***************
BEGINNING TRAINING
***************



[2020-01-28 19:40:03.591848][__main__.TRPOAgent.log][batch_info]: Batch #0, batch length: 500

[2020-01-28 19:40:03.679904][__main__.TRPOAgent.log][linesearch]: Linesearch worked at 1, New mean kl div: 9.927368099748153e-09, New policy loss value: 1.4210854715202004e-17

[2020-01-28 19:40:03.728705][__main__.TRPOAgent.log][batch_info]: Current batch value loss: 0.00047386084522926987

[2020-01-28 19:40:03.729126][__main__.TRPOAgent.log][linesearch]: Linesearch successful, updating policy parameters

[2020-01-28 19:40:04.429516][__main__.TRPOAgent.log][learning]: Episode #18

[2020-01-28 19:40:04.429887][__main__.TRPOAgent.log][learning]: Performing rollouts: rollout length: 1500

[2020-01-28 19:40:05.073236][__main__.TRPOAgent.log][learning]: Rollouts performed

[2020-01-28 19:40:05.075761][__main__.TRPOAgent.log][batch_info]: Rollout statistics size: 500, Batch size: 500, Number of batches: 1

[2020-01-28 19:40:05.076322][__main__.TRPOAgent.log][learning]: 

***************
BEGINNING TRAINING
***************



[2020-01-28 19:40:05.076935][__main__.TRPOAgent.log][batch_info]: Batch #0, batch length: 500

[2020-01-28 19:40:05.163208][__main__.TRPOAgent.log][linesearch]: Linesearch worked at 0, New mean kl div: 0.00779484212414791, New policy loss value: -5.684341886080802e-17

[2020-01-28 19:40:05.206660][__main__.TRPOAgent.log][batch_info]: Current batch value loss: 0.0004742554631467044

[2020-01-28 19:40:05.207248][__main__.TRPOAgent.log][linesearch]: Linesearch successful, updating policy parameters

[2020-01-28 19:40:05.915759][__main__.TRPOAgent.log][learning]: Episode #19

[2020-01-28 19:40:05.916151][__main__.TRPOAgent.log][learning]: Performing rollouts: rollout length: 1500

[2020-01-28 19:40:06.565071][__main__.TRPOAgent.log][learning]: Rollouts performed

[2020-01-28 19:40:06.568108][__main__.TRPOAgent.log][batch_info]: Rollout statistics size: 500, Batch size: 500, Number of batches: 1

[2020-01-28 19:40:06.568777][__main__.TRPOAgent.log][learning]: 

***************
BEGINNING TRAINING
***************



[2020-01-28 19:40:06.569518][__main__.TRPOAgent.log][batch_info]: Batch #0, batch length: 500

[2020-01-28 19:40:06.663090][__main__.TRPOAgent.log][linesearch]: Linesearch worked at 0, New mean kl div: 0.006419300740639645, New policy loss value: 2.842170943040401e-17

[2020-01-28 19:40:06.706413][__main__.TRPOAgent.log][batch_info]: Current batch value loss: 0.00046204337399262483

[2020-01-28 19:40:06.706874][__main__.TRPOAgent.log][linesearch]: Linesearch successful, updating policy parameters

[2020-01-28 19:40:07.626427][__main__.TRPOAgent.log][learning]: Episode #20

[2020-01-28 19:40:07.626913][__main__.TRPOAgent.log][learning]: Performing rollouts: rollout length: 1500

[2020-01-28 19:40:08.367669][__main__.TRPOAgent.log][learning]: Rollouts performed

[2020-01-28 19:40:08.371296][__main__.TRPOAgent.log][batch_info]: Rollout statistics size: 500, Batch size: 500, Number of batches: 1

[2020-01-28 19:40:08.371969][__main__.TRPOAgent.log][learning]: 

***************
BEGINNING TRAINING
***************



[2020-01-28 19:40:08.372579][__main__.TRPOAgent.log][batch_info]: Batch #0, batch length: 500

[2020-01-28 19:40:08.484807][__main__.TRPOAgent.log][linesearch]: Linesearch worked at 1, New mean kl div: 9.098417767577151e-09, New policy loss value: -1.7053025658242405e-16

[2020-01-28 19:40:08.534837][__main__.TRPOAgent.log][batch_info]: Current batch value loss: 0.000442900139903573

[2020-01-28 19:40:08.535241][__main__.TRPOAgent.log][linesearch]: Linesearch successful, updating policy parameters

[2020-01-28 19:40:09.470839][__main__.TRPOAgent.log][learning]: Episode #21

[2020-01-28 19:40:09.471612][__main__.TRPOAgent.log][learning]: Performing rollouts: rollout length: 1500

[2020-01-28 19:40:10.175711][__main__.TRPOAgent.log][learning]: Rollouts performed

[2020-01-28 19:40:10.177697][__main__.TRPOAgent.log][batch_info]: Rollout statistics size: 500, Batch size: 500, Number of batches: 1

[2020-01-28 19:40:10.178038][__main__.TRPOAgent.log][learning]: 

***************
BEGINNING TRAINING
***************



[2020-01-28 19:40:10.178525][__main__.TRPOAgent.log][batch_info]: Batch #0, batch length: 500

[2020-01-28 19:40:10.268123][__main__.TRPOAgent.log][linesearch]: Linesearch worked at 1, New mean kl div: 9.07002604009849e-09, New policy loss value: -2.5579538487363605e-16

[2020-01-28 19:40:10.314985][__main__.TRPOAgent.log][batch_info]: Current batch value loss: 0.0004508525244630022

[2020-01-28 19:40:10.315534][__main__.TRPOAgent.log][linesearch]: Linesearch successful, updating policy parameters

[2020-01-28 19:40:11.368444][__main__.TRPOAgent.log][learning]: Episode #22

[2020-01-28 19:40:11.368813][__main__.TRPOAgent.log][learning]: Performing rollouts: rollout length: 1500

[2020-01-28 19:40:12.120829][__main__.TRPOAgent.log][learning]: Rollouts performed

[2020-01-28 19:40:12.123311][__main__.TRPOAgent.log][batch_info]: Rollout statistics size: 500, Batch size: 500, Number of batches: 1

[2020-01-28 19:40:12.123899][__main__.TRPOAgent.log][learning]: 

***************
BEGINNING TRAINING
***************



[2020-01-28 19:40:12.124558][__main__.TRPOAgent.log][batch_info]: Batch #0, batch length: 500

[2020-01-28 19:40:12.226492][__main__.TRPOAgent.log][linesearch]: Linesearch worked at 1, New mean kl div: 9.111829960981826e-09, New policy loss value: 8.526512829121202e-17

[2020-01-28 19:40:12.272209][__main__.TRPOAgent.log][batch_info]: Current batch value loss: 0.00045400706496384705

[2020-01-28 19:40:12.272611][__main__.TRPOAgent.log][linesearch]: Linesearch successful, updating policy parameters

[2020-01-28 19:40:13.175828][__main__.TRPOAgent.log][learning]: Episode #23

[2020-01-28 19:40:13.176262][__main__.TRPOAgent.log][learning]: Performing rollouts: rollout length: 1500

[2020-01-28 19:40:13.937823][__main__.TRPOAgent.log][learning]: Rollouts performed

[2020-01-28 19:40:13.939880][__main__.TRPOAgent.log][batch_info]: Rollout statistics size: 500, Batch size: 500, Number of batches: 1

[2020-01-28 19:40:13.940361][__main__.TRPOAgent.log][learning]: 

***************
BEGINNING TRAINING
***************



[2020-01-28 19:40:13.940889][__main__.TRPOAgent.log][batch_info]: Batch #0, batch length: 500

[2020-01-28 19:40:14.049054][__main__.TRPOAgent.log][linesearch]: Linesearch worked at 0, New mean kl div: 0.003674964415538721, New policy loss value: -2.842170943040401e-16

[2020-01-28 19:40:14.098241][__main__.TRPOAgent.log][batch_info]: Current batch value loss: 0.0004614673064843615

[2020-01-28 19:40:14.098669][__main__.TRPOAgent.log][linesearch]: Linesearch successful, updating policy parameters

[2020-01-28 19:40:15.104757][__main__.TRPOAgent.log][learning]: Episode #24

[2020-01-28 19:40:15.105177][__main__.TRPOAgent.log][learning]: Performing rollouts: rollout length: 1500

[2020-01-28 19:40:15.829228][__main__.TRPOAgent.log][learning]: Rollouts performed

[2020-01-28 19:40:15.832454][__main__.TRPOAgent.log][batch_info]: Rollout statistics size: 500, Batch size: 500, Number of batches: 1

[2020-01-28 19:40:15.832986][__main__.TRPOAgent.log][learning]: 

***************
BEGINNING TRAINING
***************



[2020-01-28 19:40:15.833543][__main__.TRPOAgent.log][batch_info]: Batch #0, batch length: 500

[2020-01-28 19:40:15.910027][__main__.TRPOAgent.log][linesearch]: Linesearch worked at 0, New mean kl div: 0.00011089279216234055, New policy loss value: -4.263256414560601e-17

[2020-01-28 19:40:15.948181][__main__.TRPOAgent.log][batch_info]: Current batch value loss: 0.00042568916911298917

[2020-01-28 19:40:15.948748][__main__.TRPOAgent.log][linesearch]: Linesearch successful, updating policy parameters

[2020-01-28 19:40:16.804044][__main__.TRPOAgent.log][learning]: Episode #25

[2020-01-28 19:40:16.804487][__main__.TRPOAgent.log][learning]: Performing rollouts: rollout length: 1500

[2020-01-28 19:40:17.429087][__main__.TRPOAgent.log][learning]: Rollouts performed

[2020-01-28 19:40:17.431191][__main__.TRPOAgent.log][batch_info]: Rollout statistics size: 500, Batch size: 500, Number of batches: 1

[2020-01-28 19:40:17.431639][__main__.TRPOAgent.log][learning]: 

***************
BEGINNING TRAINING
***************



[2020-01-28 19:40:17.432180][__main__.TRPOAgent.log][batch_info]: Batch #0, batch length: 500

[2020-01-28 19:40:17.514122][__main__.TRPOAgent.log][linesearch]: Linesearch worked at 0, New mean kl div: 2.3966534915455397e-17, New policy loss value: -2.842170943040401e-17

[2020-01-28 19:40:17.556763][__main__.TRPOAgent.log][batch_info]: Current batch value loss: 0.00044179668268486783

[2020-01-28 19:40:17.557160][__main__.TRPOAgent.log][linesearch]: Linesearch successful, updating policy parameters

[2020-01-28 19:40:18.382746][__main__.TRPOAgent.log][learning]: Episode #26

[2020-01-28 19:40:18.383288][__main__.TRPOAgent.log][learning]: Performing rollouts: rollout length: 1500

[2020-01-28 19:40:19.040141][__main__.TRPOAgent.log][learning]: Rollouts performed

[2020-01-28 19:40:19.042015][__main__.TRPOAgent.log][batch_info]: Rollout statistics size: 500, Batch size: 500, Number of batches: 1

[2020-01-28 19:40:19.042420][__main__.TRPOAgent.log][learning]: 

***************
BEGINNING TRAINING
***************



[2020-01-28 19:40:19.042838][__main__.TRPOAgent.log][batch_info]: Batch #0, batch length: 500

[2020-01-28 19:40:19.120399][__main__.TRPOAgent.log][linesearch]: Linesearch worked at 0, New mean kl div: 1.605382491486322e-13, New policy loss value: -1.2789769243681802e-16

[2020-01-28 19:40:19.163578][__main__.TRPOAgent.log][batch_info]: Current batch value loss: 0.0004255603706887676

[2020-01-28 19:40:19.164042][__main__.TRPOAgent.log][linesearch]: Linesearch successful, updating policy parameters

[2020-01-28 19:40:20.082952][__main__.TRPOAgent.log][learning]: Episode #27

[2020-01-28 19:40:20.083590][__main__.TRPOAgent.log][learning]: Performing rollouts: rollout length: 1500

[2020-01-28 19:40:20.736539][__main__.TRPOAgent.log][learning]: Rollouts performed

[2020-01-28 19:40:20.738528][__main__.TRPOAgent.log][batch_info]: Rollout statistics size: 500, Batch size: 500, Number of batches: 1

[2020-01-28 19:40:20.738978][__main__.TRPOAgent.log][learning]: 

***************
BEGINNING TRAINING
***************



[2020-01-28 19:40:20.739419][__main__.TRPOAgent.log][batch_info]: Batch #0, batch length: 500

[2020-01-28 19:40:20.828430][__main__.TRPOAgent.log][linesearch]: Linesearch worked at 0, New mean kl div: 0.0007368580019004462, New policy loss value: 4.263256414560601e-17

[2020-01-28 19:40:20.872364][__main__.TRPOAgent.log][batch_info]: Current batch value loss: 0.00042831427089190565

[2020-01-28 19:40:20.872847][__main__.TRPOAgent.log][linesearch]: Linesearch successful, updating policy parameters

[2020-01-28 19:40:21.762682][__main__.TRPOAgent.log][learning]: Episode #28

[2020-01-28 19:40:21.763142][__main__.TRPOAgent.log][learning]: Performing rollouts: rollout length: 1500

[2020-01-28 19:40:22.453666][__main__.TRPOAgent.log][learning]: Rollouts performed

[2020-01-28 19:40:22.455771][__main__.TRPOAgent.log][batch_info]: Rollout statistics size: 500, Batch size: 500, Number of batches: 1

[2020-01-28 19:40:22.456219][__main__.TRPOAgent.log][learning]: 

***************
BEGINNING TRAINING
***************



[2020-01-28 19:40:22.456677][__main__.TRPOAgent.log][batch_info]: Batch #0, batch length: 500

[2020-01-28 19:40:22.543813][__main__.TRPOAgent.log][linesearch]: Linesearch worked at 0, New mean kl div: 0.0038215591122886384, New policy loss value: -1.7053025658242405e-16

[2020-01-28 19:40:22.586957][__main__.TRPOAgent.log][batch_info]: Current batch value loss: 0.000444769564576152

[2020-01-28 19:40:22.587368][__main__.TRPOAgent.log][linesearch]: Linesearch successful, updating policy parameters

[2020-01-28 19:40:23.464366][__main__.TRPOAgent.log][learning]: Episode #29

[2020-01-28 19:40:23.464917][__main__.TRPOAgent.log][learning]: Performing rollouts: rollout length: 1500

[2020-01-28 19:40:24.165349][__main__.TRPOAgent.log][learning]: Rollouts performed

[2020-01-28 19:40:24.167601][__main__.TRPOAgent.log][batch_info]: Rollout statistics size: 500, Batch size: 500, Number of batches: 1

[2020-01-28 19:40:24.167986][__main__.TRPOAgent.log][learning]: 

***************
BEGINNING TRAINING
***************



[2020-01-28 19:40:24.168533][__main__.TRPOAgent.log][batch_info]: Batch #0, batch length: 500

[2020-01-28 19:40:24.247134][__main__.TRPOAgent.log][linesearch]: Linesearch worked at 0, New mean kl div: 4.2328001333924316e-05, New policy loss value: 1.2789769243681802e-16

[2020-01-28 19:40:24.292231][__main__.TRPOAgent.log][batch_info]: Current batch value loss: 0.0004235067414731364

[2020-01-28 19:40:24.292643][__main__.TRPOAgent.log][linesearch]: Linesearch successful, updating policy parameters

[2020-01-28 19:40:25.164391][__main__.TRPOAgent.log][learning]: Episode #30

[2020-01-28 19:40:25.164759][__main__.TRPOAgent.log][learning]: Performing rollouts: rollout length: 1500

[2020-01-28 19:40:25.817223][__main__.TRPOAgent.log][learning]: Rollouts performed

[2020-01-28 19:40:25.819918][__main__.TRPOAgent.log][batch_info]: Rollout statistics size: 500, Batch size: 500, Number of batches: 1

[2020-01-28 19:40:25.820532][__main__.TRPOAgent.log][learning]: 

***************
BEGINNING TRAINING
***************



[2020-01-28 19:40:25.821195][__main__.TRPOAgent.log][batch_info]: Batch #0, batch length: 500

[2020-01-28 19:40:25.903652][__main__.TRPOAgent.log][linesearch]: Linesearch worked at 0, New mean kl div: 1.1567406878277417e-17, New policy loss value: -1.2789769243681802e-16

[2020-01-28 19:40:25.947250][__main__.TRPOAgent.log][batch_info]: Current batch value loss: 0.0003921868830435804

[2020-01-28 19:40:25.947658][__main__.TRPOAgent.log][linesearch]: Linesearch successful, updating policy parameters

[2020-01-28 19:40:26.670551][__main__.TRPOAgent.log][learning]: Episode #31

[2020-01-28 19:40:26.671020][__main__.TRPOAgent.log][learning]: Performing rollouts: rollout length: 1500

[2020-01-28 19:40:27.575046][__main__.TRPOAgent.log][learning]: Rollouts performed

[2020-01-28 19:40:27.577327][__main__.TRPOAgent.log][batch_info]: Rollout statistics size: 500, Batch size: 500, Number of batches: 1

[2020-01-28 19:40:27.577748][__main__.TRPOAgent.log][learning]: 

***************
BEGINNING TRAINING
***************



[2020-01-28 19:40:27.578306][__main__.TRPOAgent.log][batch_info]: Batch #0, batch length: 500

[2020-01-28 19:40:27.653503][__main__.TRPOAgent.log][linesearch]: Linesearch worked at 0, New mean kl div: -1.0011210284607685e-29, New policy loss value: 2.842170943040401e-17

[2020-01-28 19:40:27.698221][__main__.TRPOAgent.log][batch_info]: Current batch value loss: 0.00039576305345849163

[2020-01-28 19:40:27.698632][__main__.TRPOAgent.log][linesearch]: Linesearch successful, updating policy parameters

[2020-01-28 19:40:28.600630][__main__.TRPOAgent.log][learning]: Episode #32

[2020-01-28 19:40:28.600982][__main__.TRPOAgent.log][learning]: Performing rollouts: rollout length: 1500

[2020-01-28 19:40:29.226052][__main__.TRPOAgent.log][learning]: Rollouts performed

[2020-01-28 19:40:29.228265][__main__.TRPOAgent.log][batch_info]: Rollout statistics size: 500, Batch size: 500, Number of batches: 1

[2020-01-28 19:40:29.228717][__main__.TRPOAgent.log][learning]: 

***************
BEGINNING TRAINING
***************



[2020-01-28 19:40:29.229288][__main__.TRPOAgent.log][batch_info]: Batch #0, batch length: 500

[2020-01-28 19:40:29.310623][__main__.TRPOAgent.log][linesearch]: Linesearch worked at 0, New mean kl div: 2.3043368073382535e-21, New policy loss value: 8.526512829121202e-17

[2020-01-28 19:40:29.354349][__main__.TRPOAgent.log][batch_info]: Current batch value loss: 0.0003821742378740998

[2020-01-28 19:40:29.354842][__main__.TRPOAgent.log][linesearch]: Linesearch successful, updating policy parameters

[2020-01-28 19:40:30.218966][__main__.TRPOAgent.log][learning]: Episode #33

[2020-01-28 19:40:30.219392][__main__.TRPOAgent.log][learning]: Performing rollouts: rollout length: 1500

[2020-01-28 19:40:30.829213][__main__.TRPOAgent.log][learning]: Rollouts performed

[2020-01-28 19:40:30.831107][__main__.TRPOAgent.log][batch_info]: Rollout statistics size: 500, Batch size: 500, Number of batches: 1

[2020-01-28 19:40:30.831618][__main__.TRPOAgent.log][learning]: 

***************
BEGINNING TRAINING
***************



[2020-01-28 19:40:30.832220][__main__.TRPOAgent.log][batch_info]: Batch #0, batch length: 500

[2020-01-28 19:40:30.909640][__main__.TRPOAgent.log][linesearch]: Linesearch worked at 0, New mean kl div: 0.00015406818575513725, New policy loss value: -1.5631940186722203e-16

[2020-01-28 19:40:30.952066][__main__.TRPOAgent.log][batch_info]: Current batch value loss: 0.0003765094680117862

[2020-01-28 19:40:30.952474][__main__.TRPOAgent.log][linesearch]: Linesearch successful, updating policy parameters

[2020-01-28 19:40:31.893395][__main__.TRPOAgent.log][learning]: Episode #34

[2020-01-28 19:40:31.894017][__main__.TRPOAgent.log][learning]: Performing rollouts: rollout length: 1500

[2020-01-28 19:40:32.514635][__main__.TRPOAgent.log][learning]: Rollouts performed

[2020-01-28 19:40:32.516693][__main__.TRPOAgent.log][batch_info]: Rollout statistics size: 500, Batch size: 500, Number of batches: 1

[2020-01-28 19:40:32.517138][__main__.TRPOAgent.log][learning]: 

***************
BEGINNING TRAINING
***************



[2020-01-28 19:40:32.517579][__main__.TRPOAgent.log][batch_info]: Batch #0, batch length: 500

[2020-01-28 19:40:32.600392][__main__.TRPOAgent.log][linesearch]: Linesearch worked at 1, New mean kl div: 9.027252662248057e-09, New policy loss value: 0.0

[2020-01-28 19:40:32.643004][__main__.TRPOAgent.log][batch_info]: Current batch value loss: 0.00037384988931980523

[2020-01-28 19:40:32.643467][__main__.TRPOAgent.log][linesearch]: Linesearch successful, updating policy parameters

[2020-01-28 19:40:33.535032][__main__.TRPOAgent.log][learning]: Episode #35

[2020-01-28 19:40:33.535456][__main__.TRPOAgent.log][learning]: Performing rollouts: rollout length: 1500

[2020-01-28 19:40:34.285906][__main__.TRPOAgent.log][learning]: Rollouts performed

[2020-01-28 19:40:34.288008][__main__.TRPOAgent.log][batch_info]: Rollout statistics size: 500, Batch size: 500, Number of batches: 1

[2020-01-28 19:40:34.288405][__main__.TRPOAgent.log][learning]: 

***************
BEGINNING TRAINING
***************



[2020-01-28 19:40:34.288943][__main__.TRPOAgent.log][batch_info]: Batch #0, batch length: 500

[2020-01-28 19:40:34.371239][__main__.TRPOAgent.log][linesearch]: Linesearch worked at 0, New mean kl div: 0.0016668880487388778, New policy loss value: -1.4210854715202004e-17

[2020-01-28 19:40:34.413565][__main__.TRPOAgent.log][batch_info]: Current batch value loss: 0.00037373984651215816

[2020-01-28 19:40:34.414082][__main__.TRPOAgent.log][linesearch]: Linesearch successful, updating policy parameters

[2020-01-28 19:40:35.422494][__main__.TRPOAgent.log][learning]: Episode #36

[2020-01-28 19:40:35.422958][__main__.TRPOAgent.log][learning]: Performing rollouts: rollout length: 1500

[2020-01-28 19:40:36.076788][__main__.TRPOAgent.log][learning]: Rollouts performed

[2020-01-28 19:40:36.078877][__main__.TRPOAgent.log][batch_info]: Rollout statistics size: 500, Batch size: 500, Number of batches: 1

[2020-01-28 19:40:36.079320][__main__.TRPOAgent.log][learning]: 

***************
BEGINNING TRAINING
***************



[2020-01-28 19:40:36.079752][__main__.TRPOAgent.log][batch_info]: Batch #0, batch length: 500

[2020-01-28 19:40:36.160615][__main__.TRPOAgent.log][linesearch]: Linesearch worked at 0, New mean kl div: 2.4660759195381286e-08, New policy loss value: 1.9895196601282806e-16

[2020-01-28 19:40:36.204410][__main__.TRPOAgent.log][batch_info]: Current batch value loss: 0.0004200405566628949

[2020-01-28 19:40:36.204815][__main__.TRPOAgent.log][linesearch]: Linesearch successful, updating policy parameters

[2020-01-28 19:40:37.256043][__main__.TRPOAgent.log][learning]: Episode #37

[2020-01-28 19:40:37.256474][__main__.TRPOAgent.log][learning]: Performing rollouts: rollout length: 1500

[2020-01-28 19:40:37.994852][__main__.TRPOAgent.log][learning]: Rollouts performed

[2020-01-28 19:40:37.997168][__main__.TRPOAgent.log][batch_info]: Rollout statistics size: 500, Batch size: 500, Number of batches: 1

[2020-01-28 19:40:37.997552][__main__.TRPOAgent.log][learning]: 

***************
BEGINNING TRAINING
***************



[2020-01-28 19:40:37.998139][__main__.TRPOAgent.log][batch_info]: Batch #0, batch length: 500

[2020-01-28 19:40:38.079216][__main__.TRPOAgent.log][linesearch]: Linesearch worked at 0, New mean kl div: 3.789487788953884e-17, New policy loss value: -1.1368683772161603e-16

[2020-01-28 19:40:38.122582][__main__.TRPOAgent.log][batch_info]: Current batch value loss: 0.0003761115145618987

[2020-01-28 19:40:38.123130][__main__.TRPOAgent.log][linesearch]: Linesearch successful, updating policy parameters

[2020-01-28 19:40:39.097910][__main__.TRPOAgent.log][learning]: Episode #38

[2020-01-28 19:40:39.098610][__main__.TRPOAgent.log][learning]: Performing rollouts: rollout length: 1500

[2020-01-28 19:40:39.704868][__main__.TRPOAgent.log][learning]: Rollouts performed

[2020-01-28 19:40:39.706778][__main__.TRPOAgent.log][batch_info]: Rollout statistics size: 500, Batch size: 500, Number of batches: 1

[2020-01-28 19:40:39.707134][__main__.TRPOAgent.log][learning]: 

***************
BEGINNING TRAINING
***************



[2020-01-28 19:40:39.707634][__main__.TRPOAgent.log][batch_info]: Batch #0, batch length: 500

[2020-01-28 19:40:39.785906][__main__.TRPOAgent.log][linesearch]: Linesearch worked at 0, New mean kl div: 2.386979502937764e-12, New policy loss value: -3.410605131648481e-16

[2020-01-28 19:40:39.830759][__main__.TRPOAgent.log][batch_info]: Current batch value loss: 0.00038622645770509224

[2020-01-28 19:40:39.831173][__main__.TRPOAgent.log][linesearch]: Linesearch successful, updating policy parameters

[2020-01-28 19:40:40.797515][__main__.TRPOAgent.log][learning]: Episode #39

[2020-01-28 19:40:40.797983][__main__.TRPOAgent.log][learning]: Performing rollouts: rollout length: 1500

[2020-01-28 19:40:41.424104][__main__.TRPOAgent.log][learning]: Rollouts performed

[2020-01-28 19:40:41.425974][__main__.TRPOAgent.log][batch_info]: Rollout statistics size: 500, Batch size: 500, Number of batches: 1

[2020-01-28 19:40:41.426379][__main__.TRPOAgent.log][learning]: 

***************
BEGINNING TRAINING
***************



[2020-01-28 19:40:41.426823][__main__.TRPOAgent.log][batch_info]: Batch #0, batch length: 500

[2020-01-28 19:40:41.516848][__main__.TRPOAgent.log][linesearch]: Linesearch worked at 0, New mean kl div: 1.197050555032966e-10, New policy loss value: 5.684341886080802e-17

[2020-01-28 19:40:41.573599][__main__.TRPOAgent.log][batch_info]: Current batch value loss: 0.0003739580963632818

[2020-01-28 19:40:41.574047][__main__.TRPOAgent.log][linesearch]: Linesearch successful, updating policy parameters

[2020-01-28 19:40:42.628480][__main__.TRPOAgent.log][learning]: Episode #40

[2020-01-28 19:40:42.628845][__main__.TRPOAgent.log][learning]: Performing rollouts: rollout length: 1500

