LOGGER started at 2020-01-31 13:07:38.219551.
Currently active debug channels:
	act
	batch_info
	linesearch
	learning
	thread_rollouts
[2020-01-31 13:07:38.940136][__main__.TRPOAgent.log][learning]: Episode #0

[2020-01-31 13:07:39.123913][__main__.TRPOAgent.log][learning]: Performing rollouts: rollout length: 1600

[2020-01-31 13:07:39.125007][EnvironmentNew.Environment.log][thread_rollouts]: Thread number: 0

[2020-01-31 13:07:39.125502][EnvironmentNew.Environment.log][thread_rollouts]: Thread number: 1

[2020-01-31 13:07:39.251435][EnvironmentNew.Environment.log][thread_rollouts]: Thread number: 0, Steps performed: 26

[2020-01-31 13:07:39.252952][EnvironmentNew.Environment.log][thread_rollouts]: Thread number: 1, Steps performed: 29

[2020-01-31 13:07:39.253814][EnvironmentNew.Environment.log][thread_rollouts]: Thread number: 2

[2020-01-31 13:07:39.253974][EnvironmentNew.Environment.log][thread_rollouts]: Thread number: 3

[2020-01-31 13:07:39.407034][EnvironmentNew.Environment.log][thread_rollouts]: Thread number: 3, Steps performed: 32

[2020-01-31 13:07:39.407126][EnvironmentNew.Environment.log][thread_rollouts]: Thread number: 2, Steps performed: 33

[2020-01-31 13:07:39.415295][EnvironmentNew.Environment.log][thread_rollouts]: Thread number: 4

[2020-01-31 13:07:39.417958][EnvironmentNew.Environment.log][thread_rollouts]: Thread number: 5

[2020-01-31 13:07:39.533020][EnvironmentNew.Environment.log][thread_rollouts]: Thread number: 4, Steps performed: 28

[2020-01-31 13:07:39.541866][EnvironmentNew.Environment.log][thread_rollouts]: Thread number: 5, Steps performed: 35

[2020-01-31 13:07:39.542734][EnvironmentNew.Environment.log][thread_rollouts]: Thread number: 7

[2020-01-31 13:07:39.542508][EnvironmentNew.Environment.log][thread_rollouts]: Thread number: 6

[2020-01-31 13:07:39.598157][EnvironmentNew.Environment.log][thread_rollouts]: Thread number: 6, Steps performed: 12

[2020-01-31 13:07:39.645952][EnvironmentNew.Environment.log][thread_rollouts]: Thread number: 7, Steps performed: 36

[2020-01-31 13:07:39.646434][EnvironmentNew.Environment.log][thread_rollouts]: Thread number: 8

[2020-01-31 13:07:39.646626][EnvironmentNew.Environment.log][thread_rollouts]: Thread number: 9

[2020-01-31 13:07:39.709134][EnvironmentNew.Environment.log][thread_rollouts]: Thread number: 8, Steps performed: 13

[2020-01-31 13:07:39.751526][EnvironmentNew.Environment.log][thread_rollouts]: Thread number: 9, Steps performed: 34

[2020-01-31 13:07:39.752043][EnvironmentNew.Environment.log][thread_rollouts]: Thread number: 10

[2020-01-31 13:07:39.752177][EnvironmentNew.Environment.log][thread_rollouts]: Thread number: 11

[2020-01-31 13:07:39.886823][EnvironmentNew.Environment.log][thread_rollouts]: Thread number: 10, Steps performed: 35

[2020-01-31 13:07:39.888478][EnvironmentNew.Environment.log][thread_rollouts]: Thread number: 11, Steps performed: 36

[2020-01-31 13:07:39.888902][EnvironmentNew.Environment.log][thread_rollouts]: Thread number: 12

[2020-01-31 13:07:39.889018][EnvironmentNew.Environment.log][thread_rollouts]: Thread number: 13

[2020-01-31 13:07:40.021958][EnvironmentNew.Environment.log][thread_rollouts]: Thread number: 12, Steps performed: 33

[2020-01-31 13:07:40.023686][EnvironmentNew.Environment.log][thread_rollouts]: Thread number: 13, Steps performed: 33

[2020-01-31 13:07:40.024122][EnvironmentNew.Environment.log][thread_rollouts]: Thread number: 14

[2020-01-31 13:07:40.024256][EnvironmentNew.Environment.log][thread_rollouts]: Thread number: 15

[2020-01-31 13:07:40.145147][EnvironmentNew.Environment.log][thread_rollouts]: Thread number: 15, Steps performed: 32

[2020-01-31 13:07:40.152377][EnvironmentNew.Environment.log][thread_rollouts]: Thread number: 14, Steps performed: 34

[2020-01-31 13:07:40.152914][EnvironmentNew.Environment.log][thread_rollouts]: Thread number: 16

[2020-01-31 13:07:40.153062][EnvironmentNew.Environment.log][thread_rollouts]: Thread number: 17

[2020-01-31 13:07:40.271476][EnvironmentNew.Environment.log][thread_rollouts]: Thread number: 17, Steps performed: 29

[2020-01-31 13:07:40.276664][EnvironmentNew.Environment.log][thread_rollouts]: Thread number: 16, Steps performed: 32

[2020-01-31 13:07:40.277168][EnvironmentNew.Environment.log][thread_rollouts]: Thread number: 18

[2020-01-31 13:07:40.277282][EnvironmentNew.Environment.log][thread_rollouts]: Thread number: 19

[2020-01-31 13:07:40.332549][EnvironmentNew.Environment.log][thread_rollouts]: Thread number: 18, Steps performed: 13

[2020-01-31 13:07:40.363987][EnvironmentNew.Environment.log][thread_rollouts]: Thread number: 19, Steps performed: 27

[2020-01-31 13:07:40.364719][EnvironmentNew.Environment.log][thread_rollouts]: Thread number: 20

[2020-01-31 13:07:40.364967][EnvironmentNew.Environment.log][thread_rollouts]: Thread number: 21

[2020-01-31 13:07:40.431434][EnvironmentNew.Environment.log][thread_rollouts]: Thread number: 20, Steps performed: 14

[2020-01-31 13:07:40.465543][EnvironmentNew.Environment.log][thread_rollouts]: Thread number: 21, Steps performed: 31

[2020-01-31 13:07:40.466446][EnvironmentNew.Environment.log][thread_rollouts]: Thread number: 23

[2020-01-31 13:07:40.466302][EnvironmentNew.Environment.log][thread_rollouts]: Thread number: 22

[2020-01-31 13:07:40.587653][EnvironmentNew.Environment.log][thread_rollouts]: Thread number: 23, Steps performed: 30

[2020-01-31 13:07:40.607296][EnvironmentNew.Environment.log][thread_rollouts]: Thread number: 22, Steps performed: 37

[2020-01-31 13:07:40.607914][EnvironmentNew.Environment.log][thread_rollouts]: Thread number: 24

[2020-01-31 13:07:40.608062][EnvironmentNew.Environment.log][thread_rollouts]: Thread number: 25

[2020-01-31 13:07:40.713438][EnvironmentNew.Environment.log][thread_rollouts]: Thread number: 25, Steps performed: 25

[2020-01-31 13:07:40.720557][EnvironmentNew.Environment.log][thread_rollouts]: Thread number: 24, Steps performed: 29

[2020-01-31 13:07:40.721066][EnvironmentNew.Environment.log][thread_rollouts]: Thread number: 26

[2020-01-31 13:07:40.721200][EnvironmentNew.Environment.log][thread_rollouts]: Thread number: 27

[2020-01-31 13:07:40.843286][EnvironmentNew.Environment.log][thread_rollouts]: Thread number: 27, Steps performed: 31

[2020-01-31 13:07:40.844148][EnvironmentNew.Environment.log][thread_rollouts]: Thread number: 26, Steps performed: 32

[2020-01-31 13:07:40.844674][EnvironmentNew.Environment.log][thread_rollouts]: Thread number: 28

[2020-01-31 13:07:40.844873][EnvironmentNew.Environment.log][thread_rollouts]: Thread number: 29

[2020-01-31 13:07:40.962483][EnvironmentNew.Environment.log][thread_rollouts]: Thread number: 28, Steps performed: 29

[2020-01-31 13:07:40.970717][EnvironmentNew.Environment.log][thread_rollouts]: Thread number: 29, Steps performed: 33

[2020-01-31 13:07:40.971383][__main__.TRPOAgent.log][learning]: Rollouts performed

[2020-01-31 13:07:42.952291][__main__.TRPOAgent.log][learning]: Episode #1

[2020-01-31 13:07:42.952749][__main__.TRPOAgent.log][learning]: Performing rollouts: rollout length: 1600

[2020-01-31 13:07:42.953416][EnvironmentNew.Environment.log][thread_rollouts]: Thread number: 1

[2020-01-31 13:07:42.953252][EnvironmentNew.Environment.log][thread_rollouts]: Thread number: 0

[2020-01-31 13:07:43.318546][EnvironmentNew.Environment.log][thread_rollouts]: Thread number: 1, Steps performed: 106

[2020-01-31 13:07:43.326111][EnvironmentNew.Environment.log][thread_rollouts]: Thread number: 0, Steps performed: 107

[2020-01-31 13:07:43.326656][EnvironmentNew.Environment.log][thread_rollouts]: Thread number: 2

[2020-01-31 13:07:43.326799][EnvironmentNew.Environment.log][thread_rollouts]: Thread number: 3

[2020-01-31 13:07:43.378313][EnvironmentNew.Environment.log][thread_rollouts]: Thread number: 3, Steps performed: 10

[2020-01-31 13:07:43.531666][EnvironmentNew.Environment.log][thread_rollouts]: Thread number: 2, Steps performed: 101

[2020-01-31 13:07:43.532589][EnvironmentNew.Environment.log][thread_rollouts]: Thread number: 4

[2020-01-31 13:07:43.532831][EnvironmentNew.Environment.log][thread_rollouts]: Thread number: 5

[2020-01-31 13:07:43.901959][EnvironmentNew.Environment.log][thread_rollouts]: Thread number: 4, Steps performed: 111

[2020-01-31 13:07:43.906319][EnvironmentNew.Environment.log][thread_rollouts]: Thread number: 5, Steps performed: 109

[2020-01-31 13:07:43.907067][EnvironmentNew.Environment.log][thread_rollouts]: Thread number: 6

[2020-01-31 13:07:43.907342][EnvironmentNew.Environment.log][thread_rollouts]: Thread number: 7

[2020-01-31 13:07:44.341500][EnvironmentNew.Environment.log][thread_rollouts]: Thread number: 7, Steps performed: 99

[2020-01-31 13:07:44.362344][EnvironmentNew.Environment.log][thread_rollouts]: Thread number: 6, Steps performed: 115

[2020-01-31 13:07:44.362973][EnvironmentNew.Environment.log][thread_rollouts]: Thread number: 9

[2020-01-31 13:07:44.362823][EnvironmentNew.Environment.log][thread_rollouts]: Thread number: 8

[2020-01-31 13:07:44.553388][EnvironmentNew.Environment.log][thread_rollouts]: Thread number: 9, Steps performed: 49

[2020-01-31 13:07:44.657145][EnvironmentNew.Environment.log][thread_rollouts]: Thread number: 8, Steps performed: 114

[2020-01-31 13:07:44.657647][EnvironmentNew.Environment.log][thread_rollouts]: Thread number: 10

[2020-01-31 13:07:44.657902][EnvironmentNew.Environment.log][thread_rollouts]: Thread number: 11

[2020-01-31 13:07:44.835804][EnvironmentNew.Environment.log][thread_rollouts]: Thread number: 10, Steps performed: 45

[2020-01-31 13:07:44.935238][EnvironmentNew.Environment.log][thread_rollouts]: Thread number: 11, Steps performed: 104

