LOGGER started at 2020-01-28 19:32:23.614996.
Currently active debug channels:
	act
	batch_info
	linesearch
	learning
[2020-01-28 19:32:24.034324][__main__.TRPOAgent.log][learning]: Episode #0

[2020-01-28 19:32:24.233375][__main__.TRPOAgent.log][learning]: Performing rollouts: rollout length: 1500

[2020-01-28 19:32:24.840232][__main__.TRPOAgent.log][learning]: Rollouts performed

[2020-01-28 19:32:24.842545][__main__.TRPOAgent.log][batch_info]: Rollout statistics size: 469, Batch size: 500, Number of batches: 1

[2020-01-28 19:32:24.843031][__main__.TRPOAgent.log][learning]: 

***************
BEGINNING TRAINING
***************



[2020-01-28 19:32:24.843612][__main__.TRPOAgent.log][batch_info]: Batch #0, batch length: 469

[2020-01-28 19:32:25.015836][__main__.TRPOAgent.log][linesearch]: Linesearch worked at 0, New mean kl div: 0.00833485463340317, New policy loss value: -0.07935829996070219

[2020-01-28 19:32:25.435370][__main__.TRPOAgent.log][batch_info]: Current batch value loss: 6.775271751121139

[2020-01-28 19:32:25.435786][__main__.TRPOAgent.log][linesearch]: Linesearch successful, updating policy parameters

[2020-01-28 19:32:26.879720][__main__.TRPOAgent.log][learning]: Episode #1

[2020-01-28 19:32:26.880314][__main__.TRPOAgent.log][learning]: Performing rollouts: rollout length: 1500

[2020-01-28 19:32:27.652367][__main__.TRPOAgent.log][learning]: Rollouts performed

[2020-01-28 19:32:27.654705][__main__.TRPOAgent.log][batch_info]: Rollout statistics size: 512, Batch size: 500, Number of batches: 1

[2020-01-28 19:32:27.655091][__main__.TRPOAgent.log][learning]: 

***************
BEGINNING TRAINING
***************



[2020-01-28 19:32:27.655646][__main__.TRPOAgent.log][batch_info]: Batch #0, batch length: 512

[2020-01-28 19:32:27.781575][__main__.TRPOAgent.log][linesearch]: Linesearch worked at 0, New mean kl div: 0.007437840033800172, New policy loss value: -0.0006522484936089205

[2020-01-28 19:32:28.101138][__main__.TRPOAgent.log][batch_info]: Current batch value loss: 1.764677494832334

[2020-01-28 19:32:28.101592][__main__.TRPOAgent.log][linesearch]: Linesearch successful, updating policy parameters

[2020-01-28 19:32:28.777428][__main__.TRPOAgent.log][learning]: Episode #2

[2020-01-28 19:32:28.777855][__main__.TRPOAgent.log][learning]: Performing rollouts: rollout length: 1500

[2020-01-28 19:32:29.457165][__main__.TRPOAgent.log][learning]: Rollouts performed

[2020-01-28 19:32:29.459135][__main__.TRPOAgent.log][batch_info]: Rollout statistics size: 515, Batch size: 500, Number of batches: 1

[2020-01-28 19:32:29.459516][__main__.TRPOAgent.log][learning]: 

***************
BEGINNING TRAINING
***************



[2020-01-28 19:32:29.459879][__main__.TRPOAgent.log][batch_info]: Batch #0, batch length: 515

[2020-01-28 19:32:29.565503][__main__.TRPOAgent.log][linesearch]: Linesearch worked at 1, New mean kl div: 9.678185868462153e-09, New policy loss value: -1.177893673771635e-05

[2020-01-28 19:32:29.754098][__main__.TRPOAgent.log][batch_info]: Current batch value loss: 1.788809573766175

[2020-01-28 19:32:29.754508][__main__.TRPOAgent.log][linesearch]: Linesearch successful, updating policy parameters

[2020-01-28 19:32:30.468499][__main__.TRPOAgent.log][learning]: Episode #3

[2020-01-28 19:32:30.468977][__main__.TRPOAgent.log][learning]: Performing rollouts: rollout length: 1500

[2020-01-28 19:32:31.075198][__main__.TRPOAgent.log][learning]: Rollouts performed

[2020-01-28 19:32:31.077096][__main__.TRPOAgent.log][batch_info]: Rollout statistics size: 510, Batch size: 500, Number of batches: 1

[2020-01-28 19:32:31.077494][__main__.TRPOAgent.log][learning]: 

***************
BEGINNING TRAINING
***************



[2020-01-28 19:32:31.077928][__main__.TRPOAgent.log][batch_info]: Batch #0, batch length: 510

[2020-01-28 19:32:31.163284][__main__.TRPOAgent.log][linesearch]: Linesearch worked at 1, New mean kl div: 9.991846060399674e-09, New policy loss value: -1.709167587604186e-05

[2020-01-28 19:32:31.352089][__main__.TRPOAgent.log][batch_info]: Current batch value loss: 0.5814694429182327

[2020-01-28 19:32:31.352482][__main__.TRPOAgent.log][linesearch]: Linesearch successful, updating policy parameters

[2020-01-28 19:32:32.062900][__main__.TRPOAgent.log][learning]: Episode #4

[2020-01-28 19:32:32.063337][__main__.TRPOAgent.log][learning]: Performing rollouts: rollout length: 1500

[2020-01-28 19:32:32.703357][__main__.TRPOAgent.log][learning]: Rollouts performed

[2020-01-28 19:32:32.705409][__main__.TRPOAgent.log][batch_info]: Rollout statistics size: 502, Batch size: 500, Number of batches: 1

[2020-01-28 19:32:32.705772][__main__.TRPOAgent.log][learning]: 

***************
BEGINNING TRAINING
***************



[2020-01-28 19:32:32.706195][__main__.TRPOAgent.log][batch_info]: Batch #0, batch length: 502

[2020-01-28 19:32:32.819691][__main__.TRPOAgent.log][linesearch]: Linesearch worked at 1, New mean kl div: 9.798086435392941e-09, New policy loss value: -9.319871756673154e-06

[2020-01-28 19:32:32.992063][__main__.TRPOAgent.log][batch_info]: Current batch value loss: 0.18793952030553232

[2020-01-28 19:32:32.992469][__main__.TRPOAgent.log][linesearch]: Linesearch successful, updating policy parameters

[2020-01-28 19:32:33.710687][__main__.TRPOAgent.log][learning]: Episode #5

[2020-01-28 19:32:33.711116][__main__.TRPOAgent.log][learning]: Performing rollouts: rollout length: 1500

[2020-01-28 19:32:34.383407][__main__.TRPOAgent.log][learning]: Rollouts performed

[2020-01-28 19:32:34.385749][__main__.TRPOAgent.log][batch_info]: Rollout statistics size: 511, Batch size: 500, Number of batches: 1

[2020-01-28 19:32:34.386233][__main__.TRPOAgent.log][learning]: 

***************
BEGINNING TRAINING
***************



[2020-01-28 19:32:34.386817][__main__.TRPOAgent.log][batch_info]: Batch #0, batch length: 511

[2020-01-28 19:32:34.482507][__main__.TRPOAgent.log][linesearch]: Linesearch worked at 1, New mean kl div: 9.846078245405533e-09, New policy loss value: -1.6789100929211157e-05

[2020-01-28 19:32:34.650327][__main__.TRPOAgent.log][batch_info]: Current batch value loss: 0.257188997574787

[2020-01-28 19:32:34.650733][__main__.TRPOAgent.log][linesearch]: Linesearch successful, updating policy parameters

[2020-01-28 19:32:35.411382][__main__.TRPOAgent.log][learning]: Episode #6

[2020-01-28 19:32:35.411855][__main__.TRPOAgent.log][learning]: Performing rollouts: rollout length: 1500

[2020-01-28 19:32:36.050817][__main__.TRPOAgent.log][learning]: Rollouts performed

[2020-01-28 19:32:36.053405][__main__.TRPOAgent.log][batch_info]: Rollout statistics size: 512, Batch size: 500, Number of batches: 1

[2020-01-28 19:32:36.053789][__main__.TRPOAgent.log][learning]: 

***************
BEGINNING TRAINING
***************



[2020-01-28 19:32:36.054322][__main__.TRPOAgent.log][batch_info]: Batch #0, batch length: 512

[2020-01-28 19:32:36.153150][__main__.TRPOAgent.log][linesearch]: Linesearch worked at 1, New mean kl div: 9.614175253250793e-09, New policy loss value: -1.4002570326319963e-05

[2020-01-28 19:32:36.315880][__main__.TRPOAgent.log][batch_info]: Current batch value loss: 0.2640728332355372

[2020-01-28 19:32:36.316286][__main__.TRPOAgent.log][linesearch]: Linesearch successful, updating policy parameters

[2020-01-28 19:32:37.052936][__main__.TRPOAgent.log][learning]: Episode #7

[2020-01-28 19:32:37.053514][__main__.TRPOAgent.log][learning]: Performing rollouts: rollout length: 1500

[2020-01-28 19:32:37.679649][__main__.TRPOAgent.log][learning]: Rollouts performed

[2020-01-28 19:32:37.681803][__main__.TRPOAgent.log][batch_info]: Rollout statistics size: 509, Batch size: 500, Number of batches: 1

[2020-01-28 19:32:37.682155][__main__.TRPOAgent.log][learning]: 

***************
BEGINNING TRAINING
***************



[2020-01-28 19:32:37.682512][__main__.TRPOAgent.log][batch_info]: Batch #0, batch length: 509

[2020-01-28 19:32:37.786421][__main__.TRPOAgent.log][linesearch]: Linesearch worked at 0, New mean kl div: 0.007163125236634816, New policy loss value: -0.013283214167243722

[2020-01-28 19:32:37.957278][__main__.TRPOAgent.log][batch_info]: Current batch value loss: 0.2628994391651167

[2020-01-28 19:32:37.957667][__main__.TRPOAgent.log][linesearch]: Linesearch successful, updating policy parameters

[2020-01-28 19:32:38.664776][__main__.TRPOAgent.log][learning]: Episode #8

[2020-01-28 19:32:38.665143][__main__.TRPOAgent.log][learning]: Performing rollouts: rollout length: 1500

[2020-01-28 19:32:39.308680][__main__.TRPOAgent.log][learning]: Rollouts performed

[2020-01-28 19:32:39.310897][__main__.TRPOAgent.log][batch_info]: Rollout statistics size: 518, Batch size: 500, Number of batches: 1

[2020-01-28 19:32:39.311281][__main__.TRPOAgent.log][learning]: 

***************
BEGINNING TRAINING
***************



[2020-01-28 19:32:39.311832][__main__.TRPOAgent.log][batch_info]: Batch #0, batch length: 518

[2020-01-28 19:32:39.410730][__main__.TRPOAgent.log][linesearch]: Linesearch worked at 0, New mean kl div: 0.0027123437754568137, New policy loss value: -0.017982530393293443

[2020-01-28 19:32:39.594317][__main__.TRPOAgent.log][batch_info]: Current batch value loss: 0.38608199493352974

[2020-01-28 19:32:39.594710][__main__.TRPOAgent.log][linesearch]: Linesearch successful, updating policy parameters

[2020-01-28 19:32:40.349686][__main__.TRPOAgent.log][learning]: Episode #9

[2020-01-28 19:32:40.350067][__main__.TRPOAgent.log][learning]: Performing rollouts: rollout length: 1500

[2020-01-28 19:32:40.976235][__main__.TRPOAgent.log][learning]: Rollouts performed

[2020-01-28 19:32:40.978277][__main__.TRPOAgent.log][batch_info]: Rollout statistics size: 502, Batch size: 500, Number of batches: 1

[2020-01-28 19:32:40.978695][__main__.TRPOAgent.log][learning]: 

***************
BEGINNING TRAINING
***************



[2020-01-28 19:32:40.979152][__main__.TRPOAgent.log][batch_info]: Batch #0, batch length: 502

[2020-01-28 19:32:41.069656][__main__.TRPOAgent.log][linesearch]: Linesearch worked at 0, New mean kl div: 0.009615038752839915, New policy loss value: -0.021172301621554798

[2020-01-28 19:32:41.237550][__main__.TRPOAgent.log][batch_info]: Current batch value loss: 0.1582588063633504

[2020-01-28 19:32:41.237948][__main__.TRPOAgent.log][linesearch]: Linesearch successful, updating policy parameters

[2020-01-28 19:32:41.976158][__main__.TRPOAgent.log][learning]: Episode #10

[2020-01-28 19:32:41.976912][__main__.TRPOAgent.log][learning]: Performing rollouts: rollout length: 1500

[2020-01-28 19:32:42.607180][__main__.TRPOAgent.log][learning]: Rollouts performed

[2020-01-28 19:32:42.609458][__main__.TRPOAgent.log][batch_info]: Rollout statistics size: 483, Batch size: 500, Number of batches: 1

[2020-01-28 19:32:42.609875][__main__.TRPOAgent.log][learning]: 

***************
BEGINNING TRAINING
***************



[2020-01-28 19:32:42.610275][__main__.TRPOAgent.log][batch_info]: Batch #0, batch length: 483

[2020-01-28 19:32:42.731907][__main__.TRPOAgent.log][linesearch]: Linesearch worked at 0, New mean kl div: 0.00947270513481962, New policy loss value: -0.07306765736877031

[2020-01-28 19:32:42.907293][__main__.TRPOAgent.log][batch_info]: Current batch value loss: 0.7198380360912772

[2020-01-28 19:32:42.907712][__main__.TRPOAgent.log][linesearch]: Linesearch successful, updating policy parameters

[2020-01-28 19:32:43.624962][__main__.TRPOAgent.log][learning]: Episode #11

[2020-01-28 19:32:43.625524][__main__.TRPOAgent.log][learning]: Performing rollouts: rollout length: 1500

[2020-01-28 19:32:44.295623][__main__.TRPOAgent.log][learning]: Rollouts performed

[2020-01-28 19:32:44.297787][__main__.TRPOAgent.log][batch_info]: Rollout statistics size: 508, Batch size: 500, Number of batches: 1

[2020-01-28 19:32:44.298165][__main__.TRPOAgent.log][learning]: 

***************
BEGINNING TRAINING
***************



[2020-01-28 19:32:44.298741][__main__.TRPOAgent.log][batch_info]: Batch #0, batch length: 508

[2020-01-28 19:32:44.405556][__main__.TRPOAgent.log][linesearch]: Linesearch worked at 0, New mean kl div: 0.006037661283750233, New policy loss value: 0.035942819939324425

[2020-01-28 19:32:44.575853][__main__.TRPOAgent.log][batch_info]: Current batch value loss: 0.3180852190315955

[2020-01-28 19:32:44.576295][__main__.TRPOAgent.log][linesearch]: Linesearch successful, updating policy parameters

[2020-01-28 19:32:45.322485][__main__.TRPOAgent.log][learning]: Episode #12

[2020-01-28 19:32:45.322858][__main__.TRPOAgent.log][learning]: Performing rollouts: rollout length: 1500

[2020-01-28 19:32:45.979756][__main__.TRPOAgent.log][learning]: Rollouts performed

[2020-01-28 19:32:45.981967][__main__.TRPOAgent.log][batch_info]: Rollout statistics size: 513, Batch size: 500, Number of batches: 1

[2020-01-28 19:32:45.982401][__main__.TRPOAgent.log][learning]: 

***************
BEGINNING TRAINING
***************



[2020-01-28 19:32:45.982843][__main__.TRPOAgent.log][batch_info]: Batch #0, batch length: 513

[2020-01-28 19:32:46.105581][__main__.TRPOAgent.log][linesearch]: Linesearch worked at 1, New mean kl div: 1.4928615896084188e-11, New policy loss value: -0.002436649083729189

[2020-01-28 19:32:46.283758][__main__.TRPOAgent.log][batch_info]: Current batch value loss: 0.3579621054968421

[2020-01-28 19:32:46.284168][__main__.TRPOAgent.log][linesearch]: Linesearch successful, updating policy parameters

[2020-01-28 19:32:47.020352][__main__.TRPOAgent.log][learning]: Episode #13

[2020-01-28 19:32:47.020721][__main__.TRPOAgent.log][learning]: Performing rollouts: rollout length: 1500

[2020-01-28 19:32:47.629884][__main__.TRPOAgent.log][learning]: Rollouts performed

[2020-01-28 19:32:47.631885][__main__.TRPOAgent.log][batch_info]: Rollout statistics size: 508, Batch size: 500, Number of batches: 1

[2020-01-28 19:32:47.632271][__main__.TRPOAgent.log][learning]: 

***************
BEGINNING TRAINING
***************



[2020-01-28 19:32:47.632763][__main__.TRPOAgent.log][batch_info]: Batch #0, batch length: 508

[2020-01-28 19:32:47.740553][__main__.TRPOAgent.log][linesearch]: Linesearch worked at 1, New mean kl div: 9.754416588039747e-09, New policy loss value: -2.2754305836725305e-05

[2020-01-28 19:32:47.918508][__main__.TRPOAgent.log][batch_info]: Current batch value loss: 0.22485378974062312

[2020-01-28 19:32:47.918911][__main__.TRPOAgent.log][linesearch]: Linesearch successful, updating policy parameters

[2020-01-28 19:32:48.662214][__main__.TRPOAgent.log][learning]: Episode #14

[2020-01-28 19:32:48.662620][__main__.TRPOAgent.log][learning]: Performing rollouts: rollout length: 1500

[2020-01-28 19:32:49.288456][__main__.TRPOAgent.log][learning]: Rollouts performed

[2020-01-28 19:32:49.291056][__main__.TRPOAgent.log][batch_info]: Rollout statistics size: 507, Batch size: 500, Number of batches: 1

[2020-01-28 19:32:49.291609][__main__.TRPOAgent.log][learning]: 

***************
BEGINNING TRAINING
***************



[2020-01-28 19:32:49.292209][__main__.TRPOAgent.log][batch_info]: Batch #0, batch length: 507

[2020-01-28 19:32:49.418591][__main__.TRPOAgent.log][linesearch]: Linesearch worked at 1, New mean kl div: 2.1559177227858998e-10, New policy loss value: -0.00025253847490366914

[2020-01-28 19:32:49.590942][__main__.TRPOAgent.log][batch_info]: Current batch value loss: 0.2783128451287214

[2020-01-28 19:32:49.591345][__main__.TRPOAgent.log][linesearch]: Linesearch successful, updating policy parameters

[2020-01-28 19:32:50.341992][__main__.TRPOAgent.log][learning]: Episode #15

[2020-01-28 19:32:50.342388][__main__.TRPOAgent.log][learning]: Performing rollouts: rollout length: 1500

[2020-01-28 19:32:50.997514][__main__.TRPOAgent.log][learning]: Rollouts performed

[2020-01-28 19:32:50.999896][__main__.TRPOAgent.log][batch_info]: Rollout statistics size: 514, Batch size: 500, Number of batches: 1

[2020-01-28 19:32:51.000478][__main__.TRPOAgent.log][learning]: 

***************
BEGINNING TRAINING
***************



[2020-01-28 19:32:51.001151][__main__.TRPOAgent.log][batch_info]: Batch #0, batch length: 514

[2020-01-28 19:32:51.121651][__main__.TRPOAgent.log][linesearch]: Linesearch worked at 1, New mean kl div: 1.1540620089978507e-10, New policy loss value: -0.0010373500595988539

[2020-01-28 19:32:51.306976][__main__.TRPOAgent.log][batch_info]: Current batch value loss: 0.27219796657535733

[2020-01-28 19:32:51.307384][__main__.TRPOAgent.log][linesearch]: Linesearch successful, updating policy parameters

[2020-01-28 19:32:52.225293][__main__.TRPOAgent.log][learning]: Episode #16

[2020-01-28 19:32:52.225699][__main__.TRPOAgent.log][learning]: Performing rollouts: rollout length: 1500

[2020-01-28 19:32:52.867077][__main__.TRPOAgent.log][learning]: Rollouts performed

[2020-01-28 19:32:52.869356][__main__.TRPOAgent.log][batch_info]: Rollout statistics size: 510, Batch size: 500, Number of batches: 1

[2020-01-28 19:32:52.869809][__main__.TRPOAgent.log][learning]: 

***************
BEGINNING TRAINING
***************



[2020-01-28 19:32:52.870340][__main__.TRPOAgent.log][batch_info]: Batch #0, batch length: 510

[2020-01-28 19:32:53.011935][__main__.TRPOAgent.log][linesearch]: Linesearch worked at 1, New mean kl div: 1.152225716625842e-10, New policy loss value: -0.0015734207353785476

[2020-01-28 19:32:53.185140][__main__.TRPOAgent.log][batch_info]: Current batch value loss: 0.3201445594676296

[2020-01-28 19:32:53.185529][__main__.TRPOAgent.log][linesearch]: Linesearch successful, updating policy parameters

[2020-01-28 19:32:53.961619][__main__.TRPOAgent.log][learning]: Episode #17

[2020-01-28 19:32:53.962043][__main__.TRPOAgent.log][learning]: Performing rollouts: rollout length: 1500

[2020-01-28 19:32:54.615846][__main__.TRPOAgent.log][learning]: Rollouts performed

[2020-01-28 19:32:54.618529][__main__.TRPOAgent.log][batch_info]: Rollout statistics size: 510, Batch size: 500, Number of batches: 1

[2020-01-28 19:32:54.619091][__main__.TRPOAgent.log][learning]: 

***************
BEGINNING TRAINING
***************



[2020-01-28 19:32:54.619731][__main__.TRPOAgent.log][batch_info]: Batch #0, batch length: 510

[2020-01-28 19:32:54.744122][__main__.TRPOAgent.log][linesearch]: Linesearch worked at 1, New mean kl div: 4.973858938863227e-12, New policy loss value: -0.0013953702758718292

[2020-01-28 19:32:54.918458][__main__.TRPOAgent.log][batch_info]: Current batch value loss: 0.2824857877521686

[2020-01-28 19:32:54.918868][__main__.TRPOAgent.log][linesearch]: Linesearch successful, updating policy parameters

[2020-01-28 19:32:55.663565][__main__.TRPOAgent.log][learning]: Episode #18

[2020-01-28 19:32:55.663927][__main__.TRPOAgent.log][learning]: Performing rollouts: rollout length: 1500

[2020-01-28 19:32:56.311449][__main__.TRPOAgent.log][learning]: Rollouts performed

[2020-01-28 19:32:56.313621][__main__.TRPOAgent.log][batch_info]: Rollout statistics size: 518, Batch size: 500, Number of batches: 1

[2020-01-28 19:32:56.314008][__main__.TRPOAgent.log][learning]: 

***************
BEGINNING TRAINING
***************



[2020-01-28 19:32:56.314562][__main__.TRPOAgent.log][batch_info]: Batch #0, batch length: 518

[2020-01-28 19:32:56.435558][__main__.TRPOAgent.log][linesearch]: Linesearch worked at 1, New mean kl div: 5.734633607051069e-12, New policy loss value: -0.0018106464301688913

[2020-01-28 19:32:56.616338][__main__.TRPOAgent.log][batch_info]: Current batch value loss: 0.38386668286178055

[2020-01-28 19:32:56.616736][__main__.TRPOAgent.log][linesearch]: Linesearch successful, updating policy parameters

[2020-01-28 19:32:57.515586][__main__.TRPOAgent.log][learning]: Episode #19

[2020-01-28 19:32:57.516049][__main__.TRPOAgent.log][learning]: Performing rollouts: rollout length: 1500

[2020-01-28 19:32:58.288235][__main__.TRPOAgent.log][learning]: Rollouts performed

[2020-01-28 19:32:58.291103][__main__.TRPOAgent.log][batch_info]: Rollout statistics size: 521, Batch size: 500, Number of batches: 1

[2020-01-28 19:32:58.291697][__main__.TRPOAgent.log][learning]: 

***************
BEGINNING TRAINING
***************



[2020-01-28 19:32:58.292414][__main__.TRPOAgent.log][batch_info]: Batch #0, batch length: 521

[2020-01-28 19:32:58.466719][__main__.TRPOAgent.log][linesearch]: Linesearch worked at 1, New mean kl div: 1.0414258851237002e-11, New policy loss value: -0.00576787209896251

[2020-01-28 19:32:58.672603][__main__.TRPOAgent.log][batch_info]: Current batch value loss: 0.4459014926784242

[2020-01-28 19:32:58.673186][__main__.TRPOAgent.log][linesearch]: Linesearch successful, updating policy parameters

[2020-01-28 19:32:59.639549][__main__.TRPOAgent.log][learning]: Episode #20

[2020-01-28 19:32:59.640116][__main__.TRPOAgent.log][learning]: Performing rollouts: rollout length: 1500

[2020-01-28 19:33:00.381382][__main__.TRPOAgent.log][learning]: Rollouts performed

[2020-01-28 19:33:00.383602][__main__.TRPOAgent.log][batch_info]: Rollout statistics size: 503, Batch size: 500, Number of batches: 1

[2020-01-28 19:33:00.384096][__main__.TRPOAgent.log][learning]: 

***************
BEGINNING TRAINING
***************



[2020-01-28 19:33:00.384547][__main__.TRPOAgent.log][batch_info]: Batch #0, batch length: 503

[2020-01-28 19:33:00.498743][__main__.TRPOAgent.log][linesearch]: Linesearch worked at 1, New mean kl div: 5.413766780403399e-12, New policy loss value: -0.0008502920362880324

[2020-01-28 19:33:00.687180][__main__.TRPOAgent.log][batch_info]: Current batch value loss: 0.19652708491806514

[2020-01-28 19:33:00.687792][__main__.TRPOAgent.log][linesearch]: Linesearch successful, updating policy parameters

[2020-01-28 19:33:01.625260][__main__.TRPOAgent.log][learning]: Episode #21

[2020-01-28 19:33:01.625795][__main__.TRPOAgent.log][learning]: Performing rollouts: rollout length: 1500

[2020-01-28 19:33:02.328139][__main__.TRPOAgent.log][learning]: Rollouts performed

[2020-01-28 19:33:02.330228][__main__.TRPOAgent.log][batch_info]: Rollout statistics size: 504, Batch size: 500, Number of batches: 1

[2020-01-28 19:33:02.330668][__main__.TRPOAgent.log][learning]: 

***************
BEGINNING TRAINING
***************



[2020-01-28 19:33:02.331132][__main__.TRPOAgent.log][batch_info]: Batch #0, batch length: 504

[2020-01-28 19:33:02.453703][__main__.TRPOAgent.log][linesearch]: Linesearch worked at 1, New mean kl div: 3.860227614052194e-11, New policy loss value: -0.0003453995758363365

[2020-01-28 19:33:02.643976][__main__.TRPOAgent.log][batch_info]: Current batch value loss: 0.1825417538044402

[2020-01-28 19:33:02.644454][__main__.TRPOAgent.log][linesearch]: Linesearch successful, updating policy parameters

[2020-01-28 19:33:03.523411][__main__.TRPOAgent.log][learning]: Episode #22

[2020-01-28 19:33:03.523865][__main__.TRPOAgent.log][learning]: Performing rollouts: rollout length: 1500

[2020-01-28 19:33:04.321376][__main__.TRPOAgent.log][learning]: Rollouts performed

[2020-01-28 19:33:04.323596][__main__.TRPOAgent.log][batch_info]: Rollout statistics size: 520, Batch size: 500, Number of batches: 1

[2020-01-28 19:33:04.324075][__main__.TRPOAgent.log][learning]: 

***************
BEGINNING TRAINING
***************



[2020-01-28 19:33:04.324664][__main__.TRPOAgent.log][batch_info]: Batch #0, batch length: 520

[2020-01-28 19:33:04.446648][__main__.TRPOAgent.log][linesearch]: Linesearch worked at 1, New mean kl div: 2.7216145975567637e-12, New policy loss value: -0.001825109511324604

[2020-01-28 19:33:04.622760][__main__.TRPOAgent.log][batch_info]: Current batch value loss: 0.3288530227593504

[2020-01-28 19:33:04.623175][__main__.TRPOAgent.log][linesearch]: Linesearch successful, updating policy parameters

[2020-01-28 19:33:05.570930][__main__.TRPOAgent.log][learning]: Episode #23

[2020-01-28 19:33:05.571341][__main__.TRPOAgent.log][learning]: Performing rollouts: rollout length: 1500

