LOGGER started at 2020-01-28 18:03:58.842149.
Currently active debug channels:
	rollouts
	act
	training
	batch_info
	linesearch
	learning
	thread_rollouts
[2020-01-28 18:03:59.256562][__main__.TRPOAgent.log][learning]: Episode #0

[2020-01-28 18:03:59.450246][__main__.TRPOAgent.log][learning]: Performing rollouts: rollout length: 1500

[2020-01-28 18:03:59.470407][EnvironmentNew.Environment.log][rollouts]: Rollout thread #1

[2020-01-28 18:03:59.471200][EnvironmentNew.Environment.log][rollouts]: Rollout thread #2

[2020-01-28 18:03:59.471117][EnvironmentNew.Environment.log][thread_rollouts]: Thread number: 0

[2020-01-28 18:03:59.472442][EnvironmentNew.Environment.log][thread_rollouts]: Thread number: 1

[2020-01-28 18:03:59.505621][EnvironmentNew.Environment.log][thread_rollouts]: Thread number: 1, Steps performed: 9

[2020-01-28 18:03:59.505730][EnvironmentNew.Environment.log][thread_rollouts]: Thread number: 0, Steps performed: 9

[2020-01-28 18:03:59.508056][EnvironmentNew.Environment.log][rollouts]: Rollout thread #3

[2020-01-28 18:03:59.508581][EnvironmentNew.Environment.log][thread_rollouts]: Thread number: 2

[2020-01-28 18:03:59.508653][EnvironmentNew.Environment.log][rollouts]: Rollout thread #4

[2020-01-28 18:03:59.510794][EnvironmentNew.Environment.log][thread_rollouts]: Thread number: 3

[2020-01-28 18:03:59.538757][EnvironmentNew.Environment.log][thread_rollouts]: Thread number: 2, Steps performed: 9

[2020-01-28 18:03:59.541275][EnvironmentNew.Environment.log][thread_rollouts]: Thread number: 3, Steps performed: 10

[2020-01-28 18:03:59.541874][EnvironmentNew.Environment.log][rollouts]: Rollout thread #5

[2020-01-28 18:03:59.542715][EnvironmentNew.Environment.log][thread_rollouts]: Thread number: 4

[2020-01-28 18:03:59.542796][EnvironmentNew.Environment.log][rollouts]: Rollout thread #6

[2020-01-28 18:03:59.545383][EnvironmentNew.Environment.log][thread_rollouts]: Thread number: 5

[2020-01-28 18:03:59.582783][EnvironmentNew.Environment.log][thread_rollouts]: Thread number: 4, Steps performed: 11

[2020-01-28 18:03:59.582851][EnvironmentNew.Environment.log][thread_rollouts]: Thread number: 5, Steps performed: 11

[2020-01-28 18:03:59.584152][EnvironmentNew.Environment.log][rollouts]: Rollout thread #7

[2020-01-28 18:03:59.585103][EnvironmentNew.Environment.log][thread_rollouts]: Thread number: 6

[2020-01-28 18:03:59.585226][EnvironmentNew.Environment.log][rollouts]: Rollout thread #8

[2020-01-28 18:03:59.589959][EnvironmentNew.Environment.log][thread_rollouts]: Thread number: 7

[2020-01-28 18:03:59.623271][EnvironmentNew.Environment.log][thread_rollouts]: Thread number: 6, Steps performed: 12

[2020-01-28 18:03:59.624305][EnvironmentNew.Environment.log][thread_rollouts]: Thread number: 7, Steps performed: 11

[2020-01-28 18:03:59.624790][EnvironmentNew.Environment.log][rollouts]: Rollout thread #9

[2020-01-28 18:03:59.625481][EnvironmentNew.Environment.log][thread_rollouts]: Thread number: 8

[2020-01-28 18:03:59.625548][EnvironmentNew.Environment.log][rollouts]: Rollout thread #10

[2020-01-28 18:03:59.629393][EnvironmentNew.Environment.log][thread_rollouts]: Thread number: 9

[2020-01-28 18:03:59.651730][EnvironmentNew.Environment.log][thread_rollouts]: Thread number: 8, Steps performed: 10

[2020-01-28 18:03:59.662679][EnvironmentNew.Environment.log][thread_rollouts]: Thread number: 9, Steps performed: 11

[2020-01-28 18:03:59.663262][EnvironmentNew.Environment.log][rollouts]: Rollout thread #11

[2020-01-28 18:03:59.664120][EnvironmentNew.Environment.log][thread_rollouts]: Thread number: 10

[2020-01-28 18:03:59.665934][EnvironmentNew.Environment.log][rollouts]: Rollout thread #12

[2020-01-28 18:03:59.671207][EnvironmentNew.Environment.log][thread_rollouts]: Thread number: 11

[2020-01-28 18:03:59.699893][EnvironmentNew.Environment.log][thread_rollouts]: Thread number: 10, Steps performed: 9

[2020-01-28 18:03:59.704694][EnvironmentNew.Environment.log][thread_rollouts]: Thread number: 11, Steps performed: 9

[2020-01-28 18:03:59.705175][EnvironmentNew.Environment.log][rollouts]: Rollout thread #13

[2020-01-28 18:03:59.705928][EnvironmentNew.Environment.log][thread_rollouts]: Thread number: 12

[2020-01-28 18:03:59.705981][EnvironmentNew.Environment.log][rollouts]: Rollout thread #14

[2020-01-28 18:03:59.709865][EnvironmentNew.Environment.log][thread_rollouts]: Thread number: 13

[2020-01-28 18:03:59.733550][EnvironmentNew.Environment.log][thread_rollouts]: Thread number: 12, Steps performed: 9

[2020-01-28 18:03:59.740055][EnvironmentNew.Environment.log][thread_rollouts]: Thread number: 13, Steps performed: 9

[2020-01-28 18:03:59.740503][EnvironmentNew.Environment.log][rollouts]: Rollout thread #15

[2020-01-28 18:03:59.741195][EnvironmentNew.Environment.log][thread_rollouts]: Thread number: 14

[2020-01-28 18:03:59.775076][EnvironmentNew.Environment.log][thread_rollouts]: Thread number: 14, Steps performed: 19

[2020-01-28 18:03:59.775565][__main__.TRPOAgent.log][learning]: Rollouts performed

[2020-01-28 18:03:59.777054][__main__.TRPOAgent.log][batch_info]: Rollout statistics size: 158, Batch size: 3000, Number of batches: 1

[2020-01-28 18:03:59.777461][__main__.TRPOAgent.log][learning]: 

***************
BEGINNING TRAINING
***************



[2020-01-28 18:03:59.778009][__main__.TRPOAgent.log][batch_info]: Batch #0, batch length: 158

[2020-01-28 18:03:59.857542][__main__.TRPOAgent.log][training]: policy_gradient: [0. 0. 0. 0. 0. 0. 0. 0. 0. 0. 0. 0. 0. 0. 0. 0. 0. 0. 0. 0. 0. 0. 0. 0.
 0. 0. 0. 0. 0. 0. 0. 0. 0. 0. 0. 0. 0. 0. 0. 0. 0. 0. 0. 0. 0. 0. 0. 0.
 0. 0. 0. 0. 0. 0. 0. 0. 0. 0. 0. 0. 0. 0. 0. 0. 0. 0. 0. 0. 0. 0. 0. 0.
 0. 0. 0. 0. 0. 0. 0. 0. 0. 0. 0. 0. 0. 0. 0. 0. 0. 0. 0. 0. 0. 0. 0. 0.
 0. 0. 0. 0. 0. 0. 0. 0. 0. 0. 0. 0. 0. 0. 0. 0. 0. 0. 0. 0. 0. 0. 0. 0.
 0. 0. 0. 0. 0. 0. 0.]

[2020-01-28 18:03:59.858115][__main__.TRPOAgent.log][training]: Initiating conjugate gradients

[2020-01-28 18:03:59.871032][__main__.TRPOAgent.log][training]: gradient_step_direction: [0. 0. 0. 0. 0. 0. 0. 0. 0. 0. 0. 0. 0. 0. 0. 0. 0. 0. 0. 0. 0. 0. 0. 0.
 0. 0. 0. 0. 0. 0. 0. 0. 0. 0. 0. 0. 0. 0. 0. 0. 0. 0. 0. 0. 0. 0. 0. 0.
 0. 0. 0. 0. 0. 0. 0. 0. 0. 0. 0. 0. 0. 0. 0. 0. 0. 0. 0. 0. 0. 0. 0. 0.
 0. 0. 0. 0. 0. 0. 0. 0. 0. 0. 0. 0. 0. 0. 0. 0. 0. 0. 0. 0. 0. 0. 0. 0.
 0. 0. 0. 0. 0. 0. 0. 0. 0. 0. 0. 0. 0. 0. 0. 0. 0. 0. 0. 0. 0. 0. 0. 0.
 0. 0. 0. 0. 0. 0. 0.]

[2020-01-28 18:04:00.811257][__main__.TRPOAgent.log][learning]: Episode #1

[2020-01-28 18:04:00.811992][__main__.TRPOAgent.log][learning]: Performing rollouts: rollout length: 1500

[2020-01-28 18:04:00.842007][EnvironmentNew.Environment.log][rollouts]: Rollout thread #1

[2020-01-28 18:04:00.842983][EnvironmentNew.Environment.log][thread_rollouts]: Thread number: 0

[2020-01-28 18:04:00.843204][EnvironmentNew.Environment.log][rollouts]: Rollout thread #2

[2020-01-28 18:04:00.847008][EnvironmentNew.Environment.log][thread_rollouts]: Thread number: 1

[2020-01-28 18:04:00.880162][EnvironmentNew.Environment.log][thread_rollouts]: Thread number: 1, Steps performed: 9

[2020-01-28 18:04:00.879980][EnvironmentNew.Environment.log][thread_rollouts]: Thread number: 0, Steps performed: 9

[2020-01-28 18:04:00.881619][EnvironmentNew.Environment.log][rollouts]: Rollout thread #3

[2020-01-28 18:04:00.882925][EnvironmentNew.Environment.log][rollouts]: Rollout thread #4

[2020-01-28 18:04:00.882816][EnvironmentNew.Environment.log][thread_rollouts]: Thread number: 2

[2020-01-28 18:04:00.884484][EnvironmentNew.Environment.log][thread_rollouts]: Thread number: 3

[2020-01-28 18:04:00.912546][EnvironmentNew.Environment.log][thread_rollouts]: Thread number: 2, Steps performed: 9

[2020-01-28 18:04:00.922600][EnvironmentNew.Environment.log][thread_rollouts]: Thread number: 3, Steps performed: 9

[2020-01-28 18:04:00.923200][EnvironmentNew.Environment.log][rollouts]: Rollout thread #5

[2020-01-28 18:04:00.923756][EnvironmentNew.Environment.log][thread_rollouts]: Thread number: 4

[2020-01-28 18:04:00.923832][EnvironmentNew.Environment.log][rollouts]: Rollout thread #6

[2020-01-28 18:04:00.925337][EnvironmentNew.Environment.log][thread_rollouts]: Thread number: 5

[2020-01-28 18:04:00.958215][EnvironmentNew.Environment.log][thread_rollouts]: Thread number: 4, Steps performed: 9

[2020-01-28 18:04:00.959848][EnvironmentNew.Environment.log][thread_rollouts]: Thread number: 5, Steps performed: 9

[2020-01-28 18:04:00.960364][EnvironmentNew.Environment.log][rollouts]: Rollout thread #7

[2020-01-28 18:04:00.960870][EnvironmentNew.Environment.log][rollouts]: Rollout thread #8

[2020-01-28 18:04:00.960820][EnvironmentNew.Environment.log][thread_rollouts]: Thread number: 6

[2020-01-28 18:04:00.961869][EnvironmentNew.Environment.log][thread_rollouts]: Thread number: 7

[2020-01-28 18:04:00.991334][EnvironmentNew.Environment.log][thread_rollouts]: Thread number: 6, Steps performed: 9

[2020-01-28 18:04:01.004053][EnvironmentNew.Environment.log][thread_rollouts]: Thread number: 7, Steps performed: 14

[2020-01-28 18:04:01.004779][EnvironmentNew.Environment.log][rollouts]: Rollout thread #9

[2020-01-28 18:04:01.005343][EnvironmentNew.Environment.log][thread_rollouts]: Thread number: 8

[2020-01-28 18:04:01.005400][EnvironmentNew.Environment.log][rollouts]: Rollout thread #10

[2020-01-28 18:04:01.007264][EnvironmentNew.Environment.log][thread_rollouts]: Thread number: 9

[2020-01-28 18:04:01.047071][EnvironmentNew.Environment.log][thread_rollouts]: Thread number: 8, Steps performed: 13

[2020-01-28 18:04:01.047304][EnvironmentNew.Environment.log][thread_rollouts]: Thread number: 9, Steps performed: 11

[2020-01-28 18:04:01.048329][EnvironmentNew.Environment.log][rollouts]: Rollout thread #11

[2020-01-28 18:04:01.049000][EnvironmentNew.Environment.log][rollouts]: Rollout thread #12

[2020-01-28 18:04:01.048917][EnvironmentNew.Environment.log][thread_rollouts]: Thread number: 10

[2020-01-28 18:04:01.049955][EnvironmentNew.Environment.log][thread_rollouts]: Thread number: 11

[2020-01-28 18:04:01.087386][EnvironmentNew.Environment.log][thread_rollouts]: Thread number: 11, Steps performed: 10

[2020-01-28 18:04:01.090503][EnvironmentNew.Environment.log][thread_rollouts]: Thread number: 10, Steps performed: 13

[2020-01-28 18:04:01.090966][EnvironmentNew.Environment.log][rollouts]: Rollout thread #13

[2020-01-28 18:04:01.091684][EnvironmentNew.Environment.log][thread_rollouts]: Thread number: 12

[2020-01-28 18:04:01.091744][EnvironmentNew.Environment.log][rollouts]: Rollout thread #14

[2020-01-28 18:04:01.093686][EnvironmentNew.Environment.log][thread_rollouts]: Thread number: 13

[2020-01-28 18:04:01.125126][EnvironmentNew.Environment.log][thread_rollouts]: Thread number: 12, Steps performed: 11

[2020-01-28 18:04:01.125005][EnvironmentNew.Environment.log][thread_rollouts]: Thread number: 13, Steps performed: 9

[2020-01-28 18:04:01.126452][EnvironmentNew.Environment.log][rollouts]: Rollout thread #15

[2020-01-28 18:04:01.127089][EnvironmentNew.Environment.log][thread_rollouts]: Thread number: 14

[2020-01-28 18:04:01.139034][EnvironmentNew.Environment.log][thread_rollouts]: Thread number: 14, Steps performed: 9

[2020-01-28 18:04:01.139586][__main__.TRPOAgent.log][learning]: Rollouts performed

[2020-01-28 18:04:01.141300][__main__.TRPOAgent.log][batch_info]: Rollout statistics size: 153, Batch size: 3000, Number of batches: 1

[2020-01-28 18:04:01.141678][__main__.TRPOAgent.log][learning]: 

***************
BEGINNING TRAINING
***************



[2020-01-28 18:04:01.142174][__main__.TRPOAgent.log][batch_info]: Batch #0, batch length: 153

[2020-01-28 18:04:01.180161][__main__.TRPOAgent.log][training]: policy_gradient: [0. 0. 0. 0. 0. 0. 0. 0. 0. 0. 0. 0. 0. 0. 0. 0. 0. 0. 0. 0. 0. 0. 0. 0.
 0. 0. 0. 0. 0. 0. 0. 0. 0. 0. 0. 0. 0. 0. 0. 0. 0. 0. 0. 0. 0. 0. 0. 0.
 0. 0. 0. 0. 0. 0. 0. 0. 0. 0. 0. 0. 0. 0. 0. 0. 0. 0. 0. 0. 0. 0. 0. 0.
 0. 0. 0. 0. 0. 0. 0. 0. 0. 0. 0. 0. 0. 0. 0. 0. 0. 0. 0. 0. 0. 0. 0. 0.
 0. 0. 0. 0. 0. 0. 0. 0. 0. 0. 0. 0. 0. 0. 0. 0. 0. 0. 0. 0. 0. 0. 0. 0.
 0. 0. 0. 0. 0. 0. 0.]

[2020-01-28 18:04:01.180564][__main__.TRPOAgent.log][training]: Initiating conjugate gradients

[2020-01-28 18:04:01.188804][__main__.TRPOAgent.log][training]: gradient_step_direction: [0. 0. 0. 0. 0. 0. 0. 0. 0. 0. 0. 0. 0. 0. 0. 0. 0. 0. 0. 0. 0. 0. 0. 0.
 0. 0. 0. 0. 0. 0. 0. 0. 0. 0. 0. 0. 0. 0. 0. 0. 0. 0. 0. 0. 0. 0. 0. 0.
 0. 0. 0. 0. 0. 0. 0. 0. 0. 0. 0. 0. 0. 0. 0. 0. 0. 0. 0. 0. 0. 0. 0. 0.
 0. 0. 0. 0. 0. 0. 0. 0. 0. 0. 0. 0. 0. 0. 0. 0. 0. 0. 0. 0. 0. 0. 0. 0.
 0. 0. 0. 0. 0. 0. 0. 0. 0. 0. 0. 0. 0. 0. 0. 0. 0. 0. 0. 0. 0. 0. 0. 0.
 0. 0. 0. 0. 0. 0. 0.]

