LOGGER started at 2020-01-28 13:15:43.595460.
Currently active debug channels:
	rollouts
	act
	training
	batch_info
	linesearch
	learning
	thread_rollouts
[2020-01-28 13:15:43.726705][__main__.TRPOAgent.log][learning]: Episode #0

[2020-01-28 13:15:43.942463][__main__.TRPOAgent.log][learning]: Performing rollouts: rollout length: 5000

[2020-01-28 13:15:43.975449][Environment.Environment.log][rollouts]: Rollout thread #1

[2020-01-28 13:15:43.976186][Environment.Environment.log][thread_rollouts]: Thread number: 0

[2020-01-28 13:15:43.976396][Environment.Environment.log][rollouts]: Rollout thread #2

[2020-01-28 13:15:43.980762][Environment.Environment.log][thread_rollouts]: Thread number: 1

[2020-01-28 13:15:44.020189][Environment.Environment.log][thread_rollouts]: Thread number: 0, Steps performed: 16

[2020-01-28 13:15:44.028843][Environment.Environment.log][thread_rollouts]: Thread number: 1, Steps performed: 21

[2020-01-28 13:15:44.029256][Environment.Environment.log][rollouts]: Rollout thread #3

[2020-01-28 13:15:44.029889][Environment.Environment.log][thread_rollouts]: Thread number: 2

[2020-01-28 13:15:44.030000][Environment.Environment.log][rollouts]: Rollout thread #4

[2020-01-28 13:15:44.031492][Environment.Environment.log][thread_rollouts]: Thread number: 3

[2020-01-28 13:15:44.065280][Environment.Environment.log][thread_rollouts]: Thread number: 2, Steps performed: 11

[2020-01-28 13:15:44.071563][Environment.Environment.log][thread_rollouts]: Thread number: 3, Steps performed: 14

[2020-01-28 13:15:44.072027][Environment.Environment.log][rollouts]: Rollout thread #5

[2020-01-28 13:15:44.072630][Environment.Environment.log][thread_rollouts]: Thread number: 4

[2020-01-28 13:15:44.072706][Environment.Environment.log][rollouts]: Rollout thread #6

[2020-01-28 13:15:44.074826][Environment.Environment.log][thread_rollouts]: Thread number: 5

[2020-01-28 13:15:44.114064][Environment.Environment.log][thread_rollouts]: Thread number: 5, Steps performed: 11

[2020-01-28 13:15:44.114935][Environment.Environment.log][thread_rollouts]: Thread number: 4, Steps performed: 13

[2020-01-28 13:15:44.115420][Environment.Environment.log][rollouts]: Rollout thread #7

[2020-01-28 13:15:44.115932][Environment.Environment.log][thread_rollouts]: Thread number: 6

[2020-01-28 13:15:44.116045][Environment.Environment.log][rollouts]: Rollout thread #8

[2020-01-28 13:15:44.119754][Environment.Environment.log][thread_rollouts]: Thread number: 7

[2020-01-28 13:15:44.164381][Environment.Environment.log][thread_rollouts]: Thread number: 6, Steps performed: 16

[2020-01-28 13:15:44.165068][Environment.Environment.log][thread_rollouts]: Thread number: 7, Steps performed: 16

[2020-01-28 13:15:44.165805][Environment.Environment.log][rollouts]: Rollout thread #9

[2020-01-28 13:15:44.166491][Environment.Environment.log][thread_rollouts]: Thread number: 8

[2020-01-28 13:15:44.166544][Environment.Environment.log][rollouts]: Rollout thread #10

[2020-01-28 13:15:44.170795][Environment.Environment.log][thread_rollouts]: Thread number: 9

[2020-01-28 13:15:44.203669][Environment.Environment.log][thread_rollouts]: Thread number: 8, Steps performed: 11

[2020-01-28 13:15:44.209260][Environment.Environment.log][thread_rollouts]: Thread number: 9, Steps performed: 13

[2020-01-28 13:15:44.209912][Environment.Environment.log][rollouts]: Rollout thread #11

[2020-01-28 13:15:44.210848][Environment.Environment.log][rollouts]: Rollout thread #12

[2020-01-28 13:15:44.210723][Environment.Environment.log][thread_rollouts]: Thread number: 10

[2020-01-28 13:15:44.213397][Environment.Environment.log][thread_rollouts]: Thread number: 11

[2020-01-28 13:15:44.246259][Environment.Environment.log][thread_rollouts]: Thread number: 11, Steps performed: 10

[2020-01-28 13:15:44.255947][Environment.Environment.log][thread_rollouts]: Thread number: 10, Steps performed: 16

[2020-01-28 13:15:44.256394][Environment.Environment.log][rollouts]: Rollout thread #13

[2020-01-28 13:15:44.257213][Environment.Environment.log][rollouts]: Rollout thread #14

[2020-01-28 13:15:44.257136][Environment.Environment.log][thread_rollouts]: Thread number: 12

[2020-01-28 13:15:44.258152][Environment.Environment.log][thread_rollouts]: Thread number: 13

[2020-01-28 13:15:44.306095][Environment.Environment.log][thread_rollouts]: Thread number: 13, Steps performed: 14

[2020-01-28 13:15:44.306730][Environment.Environment.log][thread_rollouts]: Thread number: 12, Steps performed: 16

[2020-01-28 13:15:44.307399][Environment.Environment.log][rollouts]: Rollout thread #15

[2020-01-28 13:15:44.307857][Environment.Environment.log][thread_rollouts]: Thread number: 14

[2020-01-28 13:15:44.307958][Environment.Environment.log][rollouts]: Rollout thread #16

[2020-01-28 13:15:44.310358][Environment.Environment.log][thread_rollouts]: Thread number: 15

[2020-01-28 13:15:44.350078][Environment.Environment.log][thread_rollouts]: Thread number: 14, Steps performed: 14

[2020-01-28 13:15:44.360124][Environment.Environment.log][thread_rollouts]: Thread number: 15, Steps performed: 18

[2020-01-28 13:15:44.360611][Environment.Environment.log][rollouts]: Rollout thread #17

[2020-01-28 13:15:44.361496][Environment.Environment.log][thread_rollouts]: Thread number: 16

[2020-01-28 13:15:44.361616][Environment.Environment.log][rollouts]: Rollout thread #18

[2020-01-28 13:15:44.363718][Environment.Environment.log][thread_rollouts]: Thread number: 17

[2020-01-28 13:15:44.401098][Environment.Environment.log][thread_rollouts]: Thread number: 16, Steps performed: 14

[2020-01-28 13:15:44.405482][Environment.Environment.log][thread_rollouts]: Thread number: 17, Steps performed: 14

[2020-01-28 13:15:44.405864][Environment.Environment.log][rollouts]: Rollout thread #19

[2020-01-28 13:15:44.406355][Environment.Environment.log][thread_rollouts]: Thread number: 18

[2020-01-28 13:15:44.406406][Environment.Environment.log][rollouts]: Rollout thread #20

[2020-01-28 13:15:44.408434][Environment.Environment.log][thread_rollouts]: Thread number: 19

[2020-01-28 13:15:44.449322][Environment.Environment.log][thread_rollouts]: Thread number: 18, Steps performed: 13

[2020-01-28 13:15:44.453517][Environment.Environment.log][thread_rollouts]: Thread number: 19, Steps performed: 16

[2020-01-28 13:15:44.453886][Environment.Environment.log][rollouts]: Rollout thread #21

[2020-01-28 13:15:44.454589][Environment.Environment.log][thread_rollouts]: Thread number: 20

[2020-01-28 13:15:44.454645][Environment.Environment.log][rollouts]: Rollout thread #22

[2020-01-28 13:15:44.458236][Environment.Environment.log][thread_rollouts]: Thread number: 21

[2020-01-28 13:15:44.495641][Environment.Environment.log][thread_rollouts]: Thread number: 20, Steps performed: 11

[2020-01-28 13:15:44.501222][Environment.Environment.log][thread_rollouts]: Thread number: 21, Steps performed: 16

[2020-01-28 13:15:44.501608][Environment.Environment.log][rollouts]: Rollout thread #23

[2020-01-28 13:15:44.502075][Environment.Environment.log][thread_rollouts]: Thread number: 22

[2020-01-28 13:15:44.502129][Environment.Environment.log][rollouts]: Rollout thread #24

[2020-01-28 13:15:44.504870][Environment.Environment.log][thread_rollouts]: Thread number: 23

[2020-01-28 13:15:44.542918][Environment.Environment.log][thread_rollouts]: Thread number: 23, Steps performed: 13

[2020-01-28 13:15:44.548230][Environment.Environment.log][thread_rollouts]: Thread number: 22, Steps performed: 16

[2020-01-28 13:15:44.548863][Environment.Environment.log][rollouts]: Rollout thread #25

[2020-01-28 13:15:44.549465][Environment.Environment.log][thread_rollouts]: Thread number: 24

[2020-01-28 13:15:44.549540][Environment.Environment.log][rollouts]: Rollout thread #26

[2020-01-28 13:15:44.551956][Environment.Environment.log][thread_rollouts]: Thread number: 25

[2020-01-28 13:15:44.588535][Environment.Environment.log][thread_rollouts]: Thread number: 24, Steps performed: 16

[2020-01-28 13:15:44.594013][Environment.Environment.log][thread_rollouts]: Thread number: 25, Steps performed: 16

[2020-01-28 13:15:44.594551][Environment.Environment.log][rollouts]: Rollout thread #27

[2020-01-28 13:15:44.595293][Environment.Environment.log][rollouts]: Rollout thread #28

[2020-01-28 13:15:44.595217][Environment.Environment.log][thread_rollouts]: Thread number: 26

[2020-01-28 13:15:44.596752][Environment.Environment.log][thread_rollouts]: Thread number: 27

[2020-01-28 13:15:44.636575][Environment.Environment.log][thread_rollouts]: Thread number: 27, Steps performed: 13

[2020-01-28 13:15:44.637991][Environment.Environment.log][thread_rollouts]: Thread number: 26, Steps performed: 16

[2020-01-28 13:15:44.638540][Environment.Environment.log][rollouts]: Rollout thread #29

[2020-01-28 13:15:44.639264][Environment.Environment.log][thread_rollouts]: Thread number: 28

[2020-01-28 13:15:44.639322][Environment.Environment.log][rollouts]: Rollout thread #30

[2020-01-28 13:15:44.643017][Environment.Environment.log][thread_rollouts]: Thread number: 29

[2020-01-28 13:15:44.686618][Environment.Environment.log][thread_rollouts]: Thread number: 28, Steps performed: 16

[2020-01-28 13:15:44.690633][Environment.Environment.log][thread_rollouts]: Thread number: 29, Steps performed: 16

[2020-01-28 13:15:44.691018][__main__.TRPOAgent.log][rollouts]: Unpacking actions

[2020-01-28 13:15:44.691653][__main__.TRPOAgent.log][rollouts]: Unpacking rewards

[2020-01-28 13:15:44.692503][__main__.TRPOAgent.log][rollouts]: Unpacking observations

[2020-01-28 13:15:44.692987][__main__.TRPOAgent.log][learning]: Rollouts performed

[2020-01-28 13:15:44.694734][__main__.TRPOAgent.log][batch_info]: Rollout statistics size: 436, Batch size: 60000, Number of batches: 1

[2020-01-28 13:15:44.695135][__main__.TRPOAgent.log][learning]: 

***************
BEGINNING TRAINING
***************



[2020-01-28 13:15:44.697456][__main__.TRPOAgent.log][batch_info]: Batch #0, batch length: 436

[2020-01-28 13:15:45.098572][__main__.TRPOAgent.log][training]: policy_gradient: [ 6.26128675e-05 -1.23282438e-04 -2.29167562e-06 -7.69931110e-04
  5.03240945e-05 -1.34063820e-03  1.23395942e-03 -2.07360495e-04
 -3.17148960e-04 -7.23555524e-04 -5.24733200e-04  1.76494192e-04
 -3.23211678e-04  2.55161927e-05 -9.23717572e-05 -1.30381707e-03
  1.38982118e-03 -1.16220109e-04  2.62326442e-04  7.73146606e-04
  2.90353839e-04 -5.78330177e-05  2.83341448e-04 -3.23616169e-04
 -1.33900723e-04  9.90406199e-04  1.00212971e-03 -1.55768245e-04
  2.78141290e-05 -3.99952923e-06  1.87717410e-04 -5.99022931e-05
 -1.19814919e-04  1.05616124e-03 -5.94101581e-04 -1.04141480e-02
 -4.44239379e-04 -2.09726151e-02  1.66305215e-02  1.41167678e-03
  1.53200853e-03 -9.79473812e-03 -9.86413920e-03 -6.65215223e-04
 -4.39199724e-03  2.71272725e-04  2.67295841e-04 -1.74448431e-02
  1.83353884e-02  4.57489597e-04 -1.10195914e-03  1.04052223e-02
  3.86603433e-03  4.09676917e-04 -1.05264656e-03  1.23540360e-03
  1.00363138e-04  2.06338981e-02  1.58636800e-02 -3.35050137e-03
  2.97352057e-04  8.28292238e-05 -1.61144433e-03  4.83427081e-04
 -6.49295313e-06  2.12669385e-07 -4.01955584e-05  9.47503310e-04
 -6.57038097e-06  1.92425681e-03 -1.50667660e-03 -2.39076184e-05
  1.58116317e-05  8.83784223e-04  8.46292866e-04  8.43448109e-05
  3.92960702e-04 -3.50148731e-06 -6.68409695e-05  1.59263672e-03
 -1.64398943e-03  3.26749642e-05  6.74899613e-05 -9.41577814e-04
 -3.57418252e-04  4.82730690e-06  5.38415928e-05 -6.42508601e-05
 -8.04057811e-06 -1.73133013e-03 -1.38086591e-03  2.69110128e-04
  1.94330919e-05 -2.16014943e-06  1.97418633e-05 -2.41047942e-05
  8.07560782e-05 -1.36960744e-03  9.36714840e-04  1.62314088e-02
  5.83582164e-04  3.23025298e-02 -2.59378986e-02 -1.72746041e-03
 -1.78176734e-03  1.52708025e-02  1.50854216e-02  5.81100911e-04
  6.84691052e-03 -4.42097755e-04 -1.61247880e-04  2.72232628e-02
 -2.86654372e-02 -5.34956977e-04  1.11984242e-03 -1.62324172e-02
 -6.03319578e-03 -5.25189913e-04  1.03491258e-03 -1.21942155e-03
  8.43688838e-05 -3.13224038e-02 -2.45661800e-02  5.11579613e-03
 -5.16172010e-04 -1.15593649e-04  2.06963198e-03 -5.94230286e-04
 -1.73194137e-03  3.70829465e-03  1.00796343e-03  5.22312890e-03
 -1.36791096e-03  3.69282404e-03 -8.63107120e-03  6.81326477e-03
  9.14159578e-03  5.06668369e-03 -6.41576037e-05 -7.33156471e-03
  2.30865673e-03 -6.75909819e-04  4.36062777e-03  9.06759093e-03
 -1.08133943e-02  2.69675344e-03 -9.49370899e-03 -5.45766959e-03
 -1.95289907e-03  1.61711065e-03 -9.77998030e-03  1.12520676e-02
  4.20818849e-03  3.05424551e-03 -4.20399118e-03 -2.44776967e-04
 -1.29459787e-03  1.72318799e-04 -6.12184233e-03  2.37181307e-03
  0.00000000e+00 -1.14716827e-06  0.00000000e+00  0.00000000e+00
  0.00000000e+00  6.31888034e-05 -4.73946332e-05 -7.33563133e-06
  9.69536228e-06  0.00000000e+00  6.80068200e-05 -1.71691197e-05
  0.00000000e+00  4.48141794e-05  4.13807057e-04  0.00000000e+00
  0.00000000e+00 -1.49300789e-06  0.00000000e+00  0.00000000e+00
  0.00000000e+00  1.17974870e-04 -7.75032172e-05 -3.13200491e-06
  8.54536791e-06  0.00000000e+00  1.35318978e-04 -1.73376939e-05
  0.00000000e+00  0.00000000e+00  6.76687970e-04  0.00000000e+00
  1.29679533e-05 -6.55235894e-06  0.00000000e+00  0.00000000e+00
  0.00000000e+00  3.74558527e-04 -2.82070454e-04 -4.54629704e-05
  8.99319904e-05  0.00000000e+00  4.02524177e-04 -8.55322358e-05
  0.00000000e+00  2.95072990e-04  2.46278400e-03  0.00000000e+00
  2.69922615e-06  0.00000000e+00  0.00000000e+00  2.43120782e-08
  0.00000000e+00 -9.60104308e-04  6.12357897e-04  5.89703932e-04
  2.50802009e-06  3.37193250e-03 -2.92836564e-03  4.88147128e-03
  4.04365883e-03 -5.62562626e-03  3.21204116e-05  0.00000000e+00
  8.48517060e-08 -2.11242643e-06  0.00000000e+00  0.00000000e+00
  0.00000000e+00  1.96229486e-04 -1.25248593e-04 -1.95879758e-06
  1.64241601e-05  0.00000000e+00  2.26935657e-04  0.00000000e+00
  0.00000000e+00  1.13571238e-07  1.09355739e-03  0.00000000e+00
  0.00000000e+00 -1.94886443e-06  0.00000000e+00  6.98072221e-08
  0.00000000e+00 -1.48600912e-03  9.16935124e-04  8.83013432e-04
  1.27634965e-05  5.21893550e-03 -4.53240134e-03  7.34318169e-03
  6.25860531e-03 -8.54086172e-03  2.76856219e-04  0.00000000e+00
  0.00000000e+00  0.00000000e+00  0.00000000e+00  1.43194659e-07
  0.00000000e+00 -4.54799481e-03  2.90258992e-03  2.79520963e-03
  0.00000000e+00  1.59727765e-02 -1.38716092e-02  2.29809710e-02
  1.91547306e-02 -2.66655924e-02  8.05580569e-05  0.00000000e+00
  0.00000000e+00 -3.25069895e-06  0.00000000e+00  0.00000000e+00
  0.00000000e+00  2.08324579e-04 -1.46374348e-04 -1.46292979e-05
  1.72691381e-05  0.00000000e+00  2.29404215e-04 -5.67198882e-05
  0.00000000e+00  5.68531311e-05  1.27800837e-03  0.00000000e+00
  1.43730137e-06 -3.15785968e-06  0.00000000e+00  0.00000000e+00
  0.00000000e+00  2.42342520e-04 -1.62186520e-04 -9.53388430e-06
  2.31280040e-05  0.00000000e+00  2.70930421e-04 -3.30161916e-05
  0.00000000e+00  3.04234134e-05  1.41606595e-03  0.00000000e+00
  0.00000000e+00  0.00000000e+00  0.00000000e+00  2.52324330e-08
  0.00000000e+00 -8.11352112e-04  5.17815557e-04  4.98659153e-04
  0.00000000e+00  2.84950764e-03 -2.47466409e-03  4.08132234e-03
  3.41716115e-03 -4.75708211e-03  6.60859089e-06  0.00000000e+00
  0.00000000e+00 -1.79844421e-06  0.00000000e+00  5.82940826e-08
  0.00000000e+00 -1.19234269e-03  7.31838687e-04  7.04764573e-04
  1.31776612e-05  4.18756488e-03 -3.63670421e-03  5.87992494e-03
  5.02177423e-03 -6.82912097e-03  2.55774010e-04  0.00000000e+00
  7.65883796e-06 -4.03566991e-06  0.00000000e+00  0.00000000e+00
  0.00000000e+00  2.63535828e-04 -1.88572295e-04 -2.24274666e-05
  5.07720616e-05  0.00000000e+00  2.88339086e-04 -4.57197425e-05
  0.00000000e+00  1.33688428e-04  1.64644266e-03  0.00000000e+00
  0.00000000e+00  0.00000000e+00  0.00000000e+00  1.84404148e-07
  0.00000000e+00 -5.83493735e-03  3.72393353e-03  3.58616792e-03
  0.00000000e+00  2.04925806e-02 -1.77968476e-02  2.94483744e-02
  2.45749298e-02 -3.42111343e-02  8.66900014e-05  0.00000000e+00
  0.00000000e+00 -3.97825533e-06  0.00000000e+00  0.00000000e+00
  0.00000000e+00  2.80435517e-04 -1.91003300e-04 -1.39498218e-05
  2.00719395e-05  0.00000000e+00  3.12019924e-04 -6.33166613e-05
  0.00000000e+00  3.63287254e-05  1.66766800e-03  0.00000000e+00
  7.66725613e-06 -3.71307998e-07  0.00000000e+00  0.00000000e+00
  0.00000000e+00  3.98793785e-05 -2.93153675e-05 -4.94973224e-06
  2.66766463e-05 -1.44144817e-06  4.74103997e-05  0.00000000e+00
 -1.72860062e-06  3.79027062e-05  2.55955265e-04  0.00000000e+00
  0.00000000e+00  0.00000000e+00  0.00000000e+00  6.50754779e-08
  0.00000000e+00 -1.97161361e-03  1.25830966e-03  1.21175894e-03
  0.00000000e+00  6.92440182e-03 -6.01351906e-03  9.92949020e-03
  8.30381942e-03 -1.15598736e-02  2.10818791e-05  0.00000000e+00
  0.00000000e+00 -9.72765182e-07  0.00000000e+00  7.78577068e-08
  0.00000000e+00 -1.89063169e-03  1.19058894e-03  1.14654352e-03
  1.18386187e-05  6.63998941e-03 -5.76652019e-03  9.48314383e-03
  7.96274890e-03 -1.09767821e-02  1.62209007e-04  0.00000000e+00
  2.90437845e-06 -4.64247578e-06  0.00000000e+00  0.00000000e+00
  0.00000000e+00  2.01067372e-04 -1.66119007e-04 -3.81179593e-05
  4.40449935e-05  0.00000000e+00  2.08450457e-04 -1.05545443e-04
  0.00000000e+00  2.23615239e-04  1.45040087e-03  0.00000000e+00
  1.37165099e-06 -3.78641243e-06  0.00000000e+00  0.00000000e+00
  0.00000000e+00  2.33573862e-04 -1.67939106e-04 -2.02913703e-05
  3.11681352e-05  0.00000000e+00  2.55097242e-04 -5.76533828e-05
  0.00000000e+00  1.05831218e-04  1.46629233e-03  0.00000000e+00
  0.00000000e+00  0.00000000e+00  0.00000000e+00  7.66546929e-08
  0.00000000e+00 -2.13498378e-03  1.36257464e-03  1.31216667e-03
  0.00000000e+00  7.49816571e-03 -6.51180616e-03  1.07711988e-02
  8.99188344e-03 -1.25177380e-02  3.09446136e-05  0.00000000e+00
  0.00000000e+00  0.00000000e+00  0.00000000e+00  1.51504372e-07
  0.00000000e+00 -4.48328226e-03  2.86128952e-03  2.75543713e-03
  0.00000000e+00  1.57455029e-02 -1.36742327e-02  2.26224757e-02
  1.88821816e-02 -2.62861728e-02  6.70420597e-05  0.00000000e+00
  0.00000000e+00 -6.78418777e-07  0.00000000e+00  0.00000000e+00
  0.00000000e+00  5.92516601e-05 -3.80130462e-05 -7.39175271e-07
  4.65049187e-06  0.00000000e+00  7.02972950e-05 -1.55215667e-06
  0.00000000e+00  0.00000000e+00  3.31895527e-04  0.00000000e+00
  9.69840882e-07 -5.65041018e-06  0.00000000e+00  0.00000000e+00
  0.00000000e+00  3.51826189e-04 -2.51465973e-04 -2.90522341e-05
  4.21381125e-05  0.00000000e+00  3.85018978e-04 -8.90680840e-05
  0.00000000e+00  1.43057327e-04  2.19557336e-03  0.00000000e+00
  9.97642288e-06 -4.14841698e-06  0.00000000e+00  0.00000000e+00
  0.00000000e+00  1.83725705e-04 -1.54067282e-04 -3.75111388e-05
  6.32832909e-05  0.00000000e+00  1.89336335e-04 -7.49335028e-05
  0.00000000e+00  2.50424107e-04  1.34517611e-03  0.00000000e+00
  0.00000000e+00 -3.25220356e-06  0.00000000e+00  0.00000000e+00
  0.00000000e+00  2.41374592e-04 -1.62883522e-04 -1.06806763e-05
  2.14151984e-05  0.00000000e+00  2.69164163e-04 -3.39862376e-05
  0.00000000e+00  4.13657580e-05  1.42215154e-03  0.00000000e+00
  0.00000000e+00 -1.93827142e-06  0.00000000e+00  2.94555740e-08
  0.00000000e+00 -4.23810582e-04  2.44964965e-04  2.48501048e-04
  1.53765485e-05  1.56043511e-03 -1.34558460e-03  2.14430903e-03
  1.87129109e-03 -2.45417234e-03  3.37011221e-04  0.00000000e+00
  5.26550000e-06 -3.54263307e-06  0.00000000e+00  2.76825709e-08
  0.00000000e+00  5.69042951e-05 -8.17335266e-05 -3.74096466e-05
  5.06301654e-05  3.96327837e-05  1.93961455e-05 -4.78275073e-05
  4.75280735e-05  2.35786292e-04  7.80666599e-04  0.00000000e+00
  0.00000000e+00 -1.88715591e-06  0.00000000e+00  7.82244675e-08
  0.00000000e+00 -1.73567768e-03  1.07746663e-03  1.03760613e-03
  9.59716151e-06  6.09578349e-03 -5.29390280e-03  8.59810721e-03
  7.31013113e-03 -1.00183845e-02  2.68678850e-04  0.00000000e+00
  5.50520533e-06 -4.10343727e-06  0.00000000e+00  0.00000000e+00
  0.00000000e+00  2.09945368e-04 -1.63806628e-04 -3.08001805e-05
  4.90374461e-05  0.00000000e+00  2.22654779e-04 -6.90364690e-05
  0.00000000e+00  1.93073804e-04  1.43021127e-03  0.00000000e+00
  1.11980751e-07 -2.58692557e-07  0.00000000e+00  0.00000000e+00
  0.00000000e+00  2.29343809e-05 -1.46533375e-05 -2.43409275e-07
  2.02876808e-06  0.00000000e+00  2.85972365e-05  0.00000000e+00
  0.00000000e+00  1.49882579e-07  1.27939685e-04  0.00000000e+00
  2.85169817e-06 -5.09278957e-07  0.00000000e+00  0.00000000e+00
  0.00000000e+00  4.86393442e-05 -3.15053834e-05 -1.08107486e-06
  8.09853389e-06  0.00000000e+00  5.61718640e-05  0.00000000e+00
  0.00000000e+00  4.25456827e-06  2.75076503e-04  0.00000000e+00
  1.20788010e-05 -2.22172457e-06  0.00000000e+00  0.00000000e+00
  0.00000000e+00  2.25177394e-04 -1.46071091e-04 -5.34951202e-06
  4.00104680e-05  0.00000000e+00  2.62637449e-04  0.00000000e+00
  0.00000000e+00  2.16802300e-05  1.27536061e-03  0.00000000e+00
  3.48952160e-04 -1.34624975e-04  0.00000000e+00  1.26469434e-06
  0.00000000e+00 -1.09145990e-03 -1.13238207e-03  2.41138829e-04
  2.24630081e-03  1.15922133e-02 -8.49516578e-03  1.34355544e-02
  1.39015107e-02 -7.17148486e-03  2.89031051e-02  0.00000000e+00
  8.66653930e-08 -8.66653930e-08  1.68456730e-04 -1.68456730e-04
  0.00000000e+00  0.00000000e+00  4.83975772e-06 -4.83975772e-06
  0.00000000e+00  0.00000000e+00 -2.34611583e-02  2.34611583e-02
 -1.01165709e-02  1.01165709e-02 -1.00840792e-02  1.00840792e-02
  1.87890581e-05 -1.87890581e-05 -1.20200386e-02  1.20200386e-02
 -1.95664918e-02  1.95664918e-02 -2.61309793e-03  2.61309793e-03
 -6.13482477e-03  6.13482477e-03 -8.10120757e-03  8.10120757e-03
  7.93793116e-04 -7.93793116e-04  0.00000000e+00  0.00000000e+00
  1.24107922e-02 -1.24107922e-02]

[2020-01-28 13:15:45.099051][__main__.TRPOAgent.log][training]: Initiating conjugate gradients

[2020-01-28 13:15:45.222417][__main__.TRPOAgent.log][training]: gradient_step_direction: [-3.01479742e-04  4.72366846e-03 -2.93821373e-03  2.16195093e-02
 -7.30079878e-04  3.74024730e-02 -3.32352751e-02  3.11033000e-03
  7.83215116e-03  2.04761184e-02  1.60859468e-02 -8.30928384e-03
  9.36760110e-03 -6.95850380e-04 -7.28430908e-03  3.23334624e-02
 -3.58763919e-02  6.81110392e-03 -4.68984407e-03 -2.02910830e-02
 -7.00763582e-03 -3.50213687e-03 -6.32188161e-03  1.26192795e-02
  2.80207641e-03 -2.85337248e-02 -6.38318132e-02  8.54333442e-03
 -1.10711439e-03 -2.13440267e-03 -6.75723569e-03 -1.62923307e-03
 -2.35693286e-02  1.34325087e-02 -1.14017644e-02 -5.17985884e-02
 -1.34022446e-02 -9.73605937e-02  7.70308566e-02  2.14361184e-02
  2.60072614e-02 -4.77364538e-02 -4.49173297e-02  1.04302156e-02
 -2.30822182e-02  1.03540437e-03  3.48079886e-03 -7.31663857e-02
  8.67851589e-02 -1.23039577e-02 -2.04282004e-02  4.82865935e-02
  1.40346115e-02  1.84487049e-02 -4.56789021e-03 -1.23831470e-02
  4.44657255e-03  1.75297033e-01 -2.23692359e-01 -1.98016277e-02
  1.15327461e-02  1.68117236e-02 -2.26796516e-02  1.35587338e-02
 -1.21884011e-03 -5.74847715e-03 -2.08532687e-03 -3.82995396e-02
  1.59502168e-03 -6.42796018e-02  6.08889486e-02 -9.81821124e-03
 -7.31054505e-03 -3.61746999e-02 -3.57508447e-02  1.44174368e-02
 -1.67639390e-02 -1.23447565e-03 -1.05803096e-02 -6.26051667e-02
  7.17930797e-02 -1.40890031e-03  1.30383546e-02  3.84980356e-02
  1.31115985e-02  6.32106764e-04  1.29802580e-02 -1.70420264e-02
 -2.86251844e-03  5.71732105e-02  1.12956593e-01 -1.31297754e-02
  2.02737748e-03  6.34774114e-04  1.13191242e-02 -5.31290860e-03
  3.88927385e-02 -1.89372985e-02  2.16661258e-02  2.38775275e-02
  1.83690469e-02  4.12051594e-02 -3.30360457e-02 -2.34581092e-02
 -4.39490211e-02  2.07933697e-02  2.71501037e-02 -1.81284554e-02
  1.17034969e-02  3.29020310e-03  2.00029219e-02  2.91606155e-02
 -4.47645879e-02  8.21885461e-03  2.41156641e-02 -2.24328427e-02
 -3.10625183e-03 -2.23927125e-02  3.66298592e-03  1.62367490e-02
 -1.08897277e-02 -1.66085359e-01  4.42927279e-01  1.15742794e-02
 -1.58555256e-02 -2.23674082e-02  2.83831947e-02 -1.00193194e-02
  4.30098870e-02 -1.02868648e-02  1.33140137e-01 -5.27590615e-02
 -1.50124460e-02 -2.02191155e-01  5.36644527e-02  1.30923789e-01
 -7.91624284e-02 -5.07074628e-02  8.96964532e-02 -7.21798732e-02
 -1.55949795e-02  5.47912015e-02  4.61007775e-01 -1.16759797e-02
 -6.95563568e-02 -1.78634688e-01 -1.48651592e-01  9.56582864e-03
  1.56393845e-02  8.95813889e-02 -9.70062820e-02 -2.87167212e-03
 -2.87090755e-02  4.42844175e-02 -4.04107243e-02 -4.02155245e-02
 -8.50524679e-03  5.02359818e-02 -5.90875557e-02  1.74155254e-01
  0.00000000e+00  2.15776500e-04  0.00000000e+00  0.00000000e+00
  0.00000000e+00  2.88012571e-04 -1.32326752e-05  1.48510360e-04
 -9.26684398e-04  0.00000000e+00  7.30023998e-03  2.54429950e-04
  0.00000000e+00 -1.26913691e-03  1.15535739e-04  0.00000000e+00
  0.00000000e+00  3.78615963e-04  0.00000000e+00  0.00000000e+00
  0.00000000e+00 -4.81469511e-05 -1.80268501e-04 -2.33015249e-04
 -4.25017244e-03  0.00000000e+00  1.41907963e-02 -1.65521005e-03
  0.00000000e+00  0.00000000e+00  1.57394144e-03  0.00000000e+00
  5.62343207e-04  1.15948103e-03  0.00000000e+00  0.00000000e+00
  0.00000000e+00  3.02852854e-03 -2.55679371e-03 -7.20686405e-04
 -2.92081603e-03  0.00000000e+00  4.15964246e-02  6.73379354e-04
  0.00000000e+00  6.52067798e-03  2.23236093e-02  0.00000000e+00
  1.17049428e-04  0.00000000e+00  0.00000000e+00  5.21964064e-06
  0.00000000e+00 -1.54108720e-02  9.81836792e-03  9.45514110e-03
  1.08757955e-04  5.41237290e-02 -4.70039238e-02  9.26700119e-02
  6.49057761e-02 -9.01996505e-02  6.66664179e-03  0.00000000e+00
  3.67951543e-06  5.96060196e-04  0.00000000e+00  0.00000000e+00
  0.00000000e+00  1.71489975e-03 -1.09500756e-03 -5.83695846e-05
 -7.70004848e-03  0.00000000e+00  2.31577589e-02  0.00000000e+00
  0.00000000e+00  4.92491128e-06  9.56061524e-03  0.00000000e+00
  0.00000000e+00  8.22750130e-05  0.00000000e+00  1.49982251e-05
  0.00000000e+00  1.72056152e-02 -9.74693568e-03 -9.38635084e-03
  3.11014226e-03 -6.04269397e-02  5.24779751e-02 -9.06059995e-02
 -7.24646553e-02  8.98255455e-02 -1.02698599e-02  0.00000000e+00
  0.00000000e+00  0.00000000e+00  0.00000000e+00  3.07526201e-05
  0.00000000e+00 -1.98117006e-02  1.26440906e-02  1.21763281e-02
  0.00000000e+00  6.95796705e-02 -6.04266748e-02  1.37060294e-01
  8.34407139e-02 -1.16159076e-01  1.83030828e-02  0.00000000e+00
  0.00000000e+00  7.14655437e-04  0.00000000e+00  0.00000000e+00
  0.00000000e+00  1.51404434e-04  3.11656518e-04  3.42460006e-04
 -6.43373227e-03  0.00000000e+00  2.45246168e-02 -1.09523003e-03
  0.00000000e+00 -5.03344728e-03 -2.72110277e-03  0.00000000e+00
  6.23272371e-05  7.71523518e-04  0.00000000e+00  0.00000000e+00
  0.00000000e+00  1.19181358e-03 -7.57372976e-04 -6.49635366e-05
 -8.24092762e-03  0.00000000e+00  2.82139071e-02 -1.04633533e-03
  0.00000000e+00 -1.25527680e-03  6.61269555e-03  0.00000000e+00
  0.00000000e+00  0.00000000e+00  0.00000000e+00  5.41902162e-06
  0.00000000e+00  3.50517451e-03 -2.23704770e-03 -2.15428870e-03
  0.00000000e+00 -1.23103369e-02  1.06909543e-02 -1.51051136e-02
 -1.47626922e-02  2.05513711e-02  1.50149583e-03  0.00000000e+00
  0.00000000e+00  7.09093346e-05  0.00000000e+00  1.25246688e-05
  0.00000000e+00  1.47493898e-02 -8.37379611e-03 -8.06401016e-03
  3.18548812e-03 -5.18005596e-02  4.49863666e-02 -7.80594167e-02
 -6.21198048e-02  7.72212742e-02 -8.74916594e-03  0.00000000e+00
  3.32118377e-04  8.09316302e-04  0.00000000e+00  0.00000000e+00
  0.00000000e+00  1.98104843e-03 -1.71502468e-03 -5.17258734e-04
 -4.79530350e-03  0.00000000e+00  2.96809607e-02 -2.83086485e-04
  0.00000000e+00  3.80892681e-03  1.49740438e-02  0.00000000e+00
  0.00000000e+00  0.00000000e+00  0.00000000e+00  3.96073393e-05
  0.00000000e+00 -1.60637472e-02  1.02520986e-02  9.87282735e-03
  0.00000000e+00  5.64166850e-02 -4.89952337e-02  1.21416631e-01
  6.76555162e-02 -9.41842586e-02  1.96962829e-02  0.00000000e+00
  0.00000000e+00  9.43361625e-04  0.00000000e+00  0.00000000e+00
  0.00000000e+00  3.39356051e-04  1.34366240e-04  2.67566982e-04
 -9.80132950e-03  0.00000000e+00  3.30961749e-02 -1.87884062e-03
  0.00000000e+00 -5.42437444e-03 -1.17316447e-03  0.00000000e+00
  3.32483407e-04  3.33403576e-05  0.00000000e+00  0.00000000e+00
  0.00000000e+00  2.51018952e-03 -2.21678374e-03 -6.78338142e-04
  5.07244176e-04 -3.27502244e-04  3.84745563e-03  0.00000000e+00
 -3.92744321e-04  6.19432800e-03  1.93549500e-02  0.00000000e+00
  0.00000000e+00  0.00000000e+00  0.00000000e+00  1.39776475e-05
  0.00000000e+00  2.87817023e-03 -1.83688444e-03 -1.76892904e-03
  0.00000000e+00 -1.01082613e-02  8.77855822e-03 -5.79555059e-03
 -1.21219383e-02  1.68751406e-02  4.78987944e-03  0.00000000e+00
  0.00000000e+00  4.04181440e-05  0.00000000e+00  1.67226106e-05
  0.00000000e+00  7.94449052e-03 -4.52806908e-03 -4.36055427e-03
  2.81330250e-03 -2.79014221e-02  2.42310858e-02 -3.33726161e-02
 -3.34596939e-02  4.30783867e-02  3.07243976e-04  0.00000000e+00
  1.25945670e-04  7.17140117e-04  0.00000000e+00  0.00000000e+00
  0.00000000e+00 -1.05651397e-04  3.91693665e-04  2.61128532e-04
  3.52731917e-05  0.00000000e+00  2.26809708e-02 -2.36699435e-04
  0.00000000e+00 -3.25616612e-03 -3.41991472e-03  0.00000000e+00
  5.94803726e-05  7.72876249e-04  0.00000000e+00  0.00000000e+00
  0.00000000e+00  8.63053625e-04 -3.52633013e-04  1.27843493e-04
 -5.32128678e-03  0.00000000e+00  2.69584906e-02 -4.75527822e-04
  0.00000000e+00 -2.37751973e-03  3.07887239e-03  0.00000000e+00
  0.00000000e+00  0.00000000e+00  0.00000000e+00  1.64674937e-05
  0.00000000e+00 -6.00681623e-03  3.83363054e-03  3.69180728e-03
  0.00000000e+00  2.10962393e-02 -1.83210904e-02  4.37140441e-02
  2.52988449e-02 -3.52189014e-02  7.03072848e-03  0.00000000e+00
  0.00000000e+00  0.00000000e+00  0.00000000e+00  3.25415635e-05
  0.00000000e+00 -9.61021058e-03  6.13336590e-03  5.90646535e-03
  0.00000000e+00  3.37515466e-02 -2.93116255e-02  7.75844031e-02
  4.04752306e-02 -5.63461726e-02  1.52321992e-02  0.00000000e+00
  0.00000000e+00  1.92896221e-04  0.00000000e+00  0.00000000e+00
  0.00000000e+00  3.22899545e-05 -4.28480503e-05 -3.77205137e-05
 -2.27478855e-03  0.00000000e+00  7.20209313e-03 -1.74468185e-04
  0.00000000e+00  0.00000000e+00  3.74110401e-04  0.00000000e+00
  4.20562493e-05  1.17404559e-03  0.00000000e+00  0.00000000e+00
  0.00000000e+00  1.04659279e-03 -2.79779485e-04  2.81023274e-04
 -8.72942631e-03  0.00000000e+00  4.07961392e-02 -1.00753933e-03
  0.00000000e+00 -4.74596043e-03  2.44278129e-03  0.00000000e+00
  4.32618278e-04  5.81936915e-04  0.00000000e+00  0.00000000e+00
  0.00000000e+00  1.29796420e-03 -1.27525662e-03 -4.91615404e-04
  2.53233499e-03  0.00000000e+00  1.97187326e-02  6.45966821e-04
  0.00000000e+00  4.86188003e-03  1.11343870e-02  0.00000000e+00
  0.00000000e+00  7.82980344e-04  0.00000000e+00  0.00000000e+00
  0.00000000e+00  1.17501495e-03 -5.02042869e-04  1.74141800e-04
 -7.99378173e-03  0.00000000e+00  2.82517349e-02 -5.68863386e-04
  0.00000000e+00 -2.94329804e-03  4.38338407e-03  0.00000000e+00
  0.00000000e+00  1.60759752e-04  0.00000000e+00  6.32851758e-06
  0.00000000e+00  1.10727958e-02 -6.38468148e-03 -7.03335356e-03
  3.65494539e-03 -4.39446433e-02  3.97895613e-02 -6.67440533e-02
 -5.26989032e-02  6.76405948e-02 -1.39783605e-02  0.00000000e+00
  2.28333501e-04  2.85378220e-04  0.00000000e+00  5.94551789e-06
  0.00000000e+00  8.11958443e-03 -4.99437586e-03 -4.98317695e-03
  8.24356053e-03 -2.94047712e-02  3.20610043e-02 -4.50925170e-02
 -3.52625276e-02  4.90700727e-02 -2.10253105e-03  0.00000000e+00
  0.00000000e+00  8.54505829e-05  0.00000000e+00  1.68071474e-05
  0.00000000e+00  1.66539977e-02 -9.30535094e-03 -8.96110231e-03
  2.38527218e-03 -5.84896312e-02  5.07955140e-02 -8.68646760e-02
 -7.01414134e-02  8.54687332e-02 -1.05493583e-02  0.00000000e+00
  2.38728100e-04  6.85577169e-04  0.00000000e+00  0.00000000e+00
  0.00000000e+00  1.11461390e-03 -7.81059885e-04 -1.29122069e-04
 -9.30090075e-04  0.00000000e+00  2.34503268e-02  3.14973994e-04
  0.00000000e+00  1.00917080e-03  6.81950821e-03  0.00000000e+00
  4.85593993e-06  7.78055728e-05  0.00000000e+00  0.00000000e+00
  0.00000000e+00 -8.56146027e-05  5.39328838e-05 -7.44751823e-06
 -9.27038662e-04  0.00000000e+00  2.85768191e-03  0.00000000e+00
  0.00000000e+00  6.49951707e-06 -4.70893148e-04  0.00000000e+00
  1.23661235e-04  1.45768173e-04  0.00000000e+00  0.00000000e+00
  0.00000000e+00  5.25144275e-04 -3.62147922e-04 -4.48675440e-05
 -1.90283069e-03  0.00000000e+00  5.45934825e-03  0.00000000e+00
  0.00000000e+00  2.47988924e-04  3.16194799e-03  0.00000000e+00
  5.23785946e-04  6.16457443e-04  0.00000000e+00  0.00000000e+00
  0.00000000e+00  4.25499560e-03 -2.90640582e-03 -2.75184920e-04
 -8.91445754e-03  0.00000000e+00  2.51262697e-02  0.00000000e+00
  0.00000000e+00  1.75295578e-03  2.53761060e-02  0.00000000e+00
  1.51319852e-02  9.18562003e-03  0.00000000e+00  2.71668936e-04
  0.00000000e+00 -1.24226064e-03 -4.29044138e-03 -1.47519808e-02
  3.66353283e-01 -5.18801634e-02  2.35030265e-01  2.91233353e-02
 -6.22152649e-02  1.77424732e-01  9.68498228e-02  0.00000000e+00
  3.75815048e-06 -3.75815048e-06 -1.61888656e-02  1.61888656e-02
  0.00000000e+00  0.00000000e+00  1.04389918e-03 -1.04389918e-03
  0.00000000e+00  0.00000000e+00 -2.68058641e-02  2.68058641e-02
  4.14732063e-02 -4.14732063e-02  2.29904104e-02 -2.29904104e-02
  1.78333640e-03 -1.78333640e-03 -3.73672605e-02  3.73672605e-02
 -1.36373796e-01  1.36373796e-01  3.88738009e-02 -3.88738009e-02
 -1.15095187e-01  1.15095187e-01 -4.21762599e-02  4.21762599e-02
  1.18597696e-03 -1.18597696e-03  0.00000000e+00  0.00000000e+00
  4.70227968e-02 -4.70227968e-02]

[2020-01-28 13:15:45.274613][__main__.TRPOAgent.log][linesearch]: Linesearch worked at 2, New mean kl div: 0.005184331038964039, New policy loss value: -0.015129583206730315

[2020-01-28 13:15:45.581758][__main__.TRPOAgent.log][batch_info]: Current batch value loss: 18.088924558694398

[2020-01-28 13:15:45.582147][__main__.TRPOAgent.log][linesearch]: Linesearch successful, updating policy parameters

[2020-01-28 13:16:03.677747][__main__.TRPOAgent.log][learning]: Episode #1

[2020-01-28 13:16:03.678301][__main__.TRPOAgent.log][learning]: Performing rollouts: rollout length: 5000

[2020-01-28 13:16:03.729107][Environment.Environment.log][rollouts]: Rollout thread #1

[2020-01-28 13:16:03.730471][Environment.Environment.log][rollouts]: Rollout thread #2

[2020-01-28 13:16:03.730338][Environment.Environment.log][thread_rollouts]: Thread number: 0

[2020-01-28 13:16:03.731772][Environment.Environment.log][thread_rollouts]: Thread number: 1

[2020-01-28 13:16:03.766733][Environment.Environment.log][thread_rollouts]: Thread number: 0, Steps performed: 9

[2020-01-28 13:16:03.774326][Environment.Environment.log][thread_rollouts]: Thread number: 1, Steps performed: 12

[2020-01-28 13:16:03.775029][Environment.Environment.log][rollouts]: Rollout thread #3

[2020-01-28 13:16:03.776528][Environment.Environment.log][thread_rollouts]: Thread number: 2

[2020-01-28 13:16:03.776978][Environment.Environment.log][rollouts]: Rollout thread #4

[2020-01-28 13:16:03.781187][Environment.Environment.log][thread_rollouts]: Thread number: 3

[2020-01-28 13:16:03.812044][Environment.Environment.log][thread_rollouts]: Thread number: 2, Steps performed: 9

[2020-01-28 13:16:03.815521][Environment.Environment.log][thread_rollouts]: Thread number: 3, Steps performed: 9

[2020-01-28 13:16:03.815945][Environment.Environment.log][rollouts]: Rollout thread #5

[2020-01-28 13:16:03.818271][Environment.Environment.log][thread_rollouts]: Thread number: 4

[2020-01-28 13:16:03.818383][Environment.Environment.log][rollouts]: Rollout thread #6

[2020-01-28 13:16:03.821320][Environment.Environment.log][thread_rollouts]: Thread number: 5

[2020-01-28 13:16:03.854589][Environment.Environment.log][thread_rollouts]: Thread number: 5, Steps performed: 9

[2020-01-28 13:16:03.853181][Environment.Environment.log][thread_rollouts]: Thread number: 4, Steps performed: 9

[2020-01-28 13:16:03.855527][Environment.Environment.log][rollouts]: Rollout thread #7

[2020-01-28 13:16:03.856230][Environment.Environment.log][rollouts]: Rollout thread #8

[2020-01-28 13:16:03.857100][Environment.Environment.log][thread_rollouts]: Thread number: 7

[2020-01-28 13:16:03.856159][Environment.Environment.log][thread_rollouts]: Thread number: 6

[2020-01-28 13:16:03.893979][Environment.Environment.log][thread_rollouts]: Thread number: 7, Steps performed: 9

[2020-01-28 13:16:03.895159][Environment.Environment.log][thread_rollouts]: Thread number: 6, Steps performed: 9

[2020-01-28 13:16:03.896174][Environment.Environment.log][rollouts]: Rollout thread #9

[2020-01-28 13:16:03.897288][Environment.Environment.log][rollouts]: Rollout thread #10

[2020-01-28 13:16:03.897181][Environment.Environment.log][thread_rollouts]: Thread number: 8

[2020-01-28 13:16:03.898956][Environment.Environment.log][thread_rollouts]: Thread number: 9

[2020-01-28 13:16:03.938150][Environment.Environment.log][thread_rollouts]: Thread number: 9, Steps performed: 9

[2020-01-28 13:16:03.939213][Environment.Environment.log][thread_rollouts]: Thread number: 8, Steps performed: 14

[2020-01-28 13:16:03.939865][Environment.Environment.log][rollouts]: Rollout thread #11

[2020-01-28 13:16:03.940553][Environment.Environment.log][thread_rollouts]: Thread number: 10

[2020-01-28 13:16:03.940622][Environment.Environment.log][rollouts]: Rollout thread #12

[2020-01-28 13:16:03.945128][Environment.Environment.log][thread_rollouts]: Thread number: 11

[2020-01-28 13:16:03.970822][Environment.Environment.log][thread_rollouts]: Thread number: 10, Steps performed: 9

[2020-01-28 13:16:03.977474][Environment.Environment.log][thread_rollouts]: Thread number: 11, Steps performed: 9

[2020-01-28 13:16:03.977898][Environment.Environment.log][rollouts]: Rollout thread #13

[2020-01-28 13:16:03.978519][Environment.Environment.log][thread_rollouts]: Thread number: 12

[2020-01-28 13:16:03.978579][Environment.Environment.log][rollouts]: Rollout thread #14

[2020-01-28 13:16:03.980708][Environment.Environment.log][thread_rollouts]: Thread number: 13

[2020-01-28 13:16:04.015390][Environment.Environment.log][thread_rollouts]: Thread number: 12, Steps performed: 11

[2020-01-28 13:16:04.015810][Environment.Environment.log][thread_rollouts]: Thread number: 13, Steps performed: 9

[2020-01-28 13:16:04.016695][Environment.Environment.log][rollouts]: Rollout thread #15

[2020-01-28 13:16:04.017303][Environment.Environment.log][thread_rollouts]: Thread number: 14

[2020-01-28 13:16:04.017373][Environment.Environment.log][rollouts]: Rollout thread #16

[2020-01-28 13:16:04.018950][Environment.Environment.log][thread_rollouts]: Thread number: 15

[2020-01-28 13:16:04.053168][Environment.Environment.log][thread_rollouts]: Thread number: 14, Steps performed: 10

[2020-01-28 13:16:04.053765][Environment.Environment.log][thread_rollouts]: Thread number: 15, Steps performed: 11

[2020-01-28 13:16:04.054478][Environment.Environment.log][rollouts]: Rollout thread #17

[2020-01-28 13:16:04.055105][Environment.Environment.log][rollouts]: Rollout thread #18

[2020-01-28 13:16:04.055053][Environment.Environment.log][thread_rollouts]: Thread number: 16

[2020-01-28 13:16:04.056072][Environment.Environment.log][thread_rollouts]: Thread number: 17

[2020-01-28 13:16:04.141446][Environment.Environment.log][thread_rollouts]: Thread number: 16, Steps performed: 9

