LOGGER started at 2020-01-31 12:53:08.517332.
Currently active debug channels:
	act
	batch_info
	linesearch
	learning
	thread_rollouts
[2020-01-31 12:53:09.080656][__main__.TRPOAgent.log][learning]: Episode #0

[2020-01-31 12:53:09.259818][__main__.TRPOAgent.log][learning]: Performing rollouts: rollout length: 1600

[2020-01-31 12:53:09.260775][EnvironmentNew.Environment.log][thread_rollouts]: Thread number: 0

[2020-01-31 12:53:09.261009][EnvironmentNew.Environment.log][thread_rollouts]: Thread number: 1

[2020-01-31 12:53:09.339910][EnvironmentNew.Environment.log][thread_rollouts]: Thread number: 1, Steps performed: 18

[2020-01-31 12:53:09.342961][EnvironmentNew.Environment.log][thread_rollouts]: Thread number: 0, Steps performed: 21

[2020-01-31 12:53:09.343574][EnvironmentNew.Environment.log][thread_rollouts]: Thread number: 3

[2020-01-31 12:53:09.343445][EnvironmentNew.Environment.log][thread_rollouts]: Thread number: 2

[2020-01-31 12:53:09.431548][EnvironmentNew.Environment.log][thread_rollouts]: Thread number: 3, Steps performed: 20

[2020-01-31 12:53:09.432010][EnvironmentNew.Environment.log][thread_rollouts]: Thread number: 2, Steps performed: 20

[2020-01-31 12:53:09.432986][EnvironmentNew.Environment.log][thread_rollouts]: Thread number: 4

[2020-01-31 12:53:09.433122][EnvironmentNew.Environment.log][thread_rollouts]: Thread number: 5

[2020-01-31 12:53:09.526955][EnvironmentNew.Environment.log][thread_rollouts]: Thread number: 4, Steps performed: 21

[2020-01-31 12:53:09.528168][EnvironmentNew.Environment.log][thread_rollouts]: Thread number: 5, Steps performed: 20

[2020-01-31 12:53:09.528804][EnvironmentNew.Environment.log][thread_rollouts]: Thread number: 6

[2020-01-31 12:53:09.528950][EnvironmentNew.Environment.log][thread_rollouts]: Thread number: 7

[2020-01-31 12:53:09.620400][EnvironmentNew.Environment.log][thread_rollouts]: Thread number: 6, Steps performed: 20

[2020-01-31 12:53:09.620458][EnvironmentNew.Environment.log][thread_rollouts]: Thread number: 7, Steps performed: 20

[2020-01-31 12:53:09.621783][EnvironmentNew.Environment.log][thread_rollouts]: Thread number: 9

[2020-01-31 12:53:09.621631][EnvironmentNew.Environment.log][thread_rollouts]: Thread number: 8

[2020-01-31 12:53:09.706991][EnvironmentNew.Environment.log][thread_rollouts]: Thread number: 8, Steps performed: 20

[2020-01-31 12:53:09.713889][EnvironmentNew.Environment.log][thread_rollouts]: Thread number: 9, Steps performed: 23

[2020-01-31 12:53:09.714620][EnvironmentNew.Environment.log][thread_rollouts]: Thread number: 10

[2020-01-31 12:53:09.714856][EnvironmentNew.Environment.log][thread_rollouts]: Thread number: 11

[2020-01-31 12:53:09.795597][EnvironmentNew.Environment.log][thread_rollouts]: Thread number: 10, Steps performed: 20

[2020-01-31 12:53:09.798597][EnvironmentNew.Environment.log][thread_rollouts]: Thread number: 11, Steps performed: 20

[2020-01-31 12:53:09.799043][EnvironmentNew.Environment.log][thread_rollouts]: Thread number: 12

[2020-01-31 12:53:09.799181][EnvironmentNew.Environment.log][thread_rollouts]: Thread number: 13

[2020-01-31 12:53:09.874436][EnvironmentNew.Environment.log][thread_rollouts]: Thread number: 12, Steps performed: 17

[2020-01-31 12:53:09.887648][EnvironmentNew.Environment.log][thread_rollouts]: Thread number: 13, Steps performed: 23

[2020-01-31 12:53:09.888333][EnvironmentNew.Environment.log][thread_rollouts]: Thread number: 14

[2020-01-31 12:53:09.888528][EnvironmentNew.Environment.log][thread_rollouts]: Thread number: 15

[2020-01-31 12:53:09.970342][EnvironmentNew.Environment.log][thread_rollouts]: Thread number: 14, Steps performed: 18

[2020-01-31 12:53:09.973369][EnvironmentNew.Environment.log][thread_rollouts]: Thread number: 15, Steps performed: 21

[2020-01-31 12:53:09.973985][EnvironmentNew.Environment.log][thread_rollouts]: Thread number: 17

[2020-01-31 12:53:09.973835][EnvironmentNew.Environment.log][thread_rollouts]: Thread number: 16

[2020-01-31 12:53:10.041593][EnvironmentNew.Environment.log][thread_rollouts]: Thread number: 16, Steps performed: 16

[2020-01-31 12:53:10.052292][EnvironmentNew.Environment.log][thread_rollouts]: Thread number: 17, Steps performed: 20

[2020-01-31 12:53:10.053050][EnvironmentNew.Environment.log][thread_rollouts]: Thread number: 18

[2020-01-31 12:53:10.053290][EnvironmentNew.Environment.log][thread_rollouts]: Thread number: 19

[2020-01-31 12:53:10.137857][EnvironmentNew.Environment.log][thread_rollouts]: Thread number: 19, Steps performed: 20

[2020-01-31 12:53:10.137540][EnvironmentNew.Environment.log][thread_rollouts]: Thread number: 18, Steps performed: 20

[2020-01-31 12:53:10.138936][EnvironmentNew.Environment.log][thread_rollouts]: Thread number: 20

[2020-01-31 12:53:10.139185][EnvironmentNew.Environment.log][thread_rollouts]: Thread number: 21

[2020-01-31 12:53:10.234658][EnvironmentNew.Environment.log][thread_rollouts]: Thread number: 21, Steps performed: 22

[2020-01-31 12:53:10.236705][EnvironmentNew.Environment.log][thread_rollouts]: Thread number: 20, Steps performed: 21

[2020-01-31 12:53:10.237380][EnvironmentNew.Environment.log][thread_rollouts]: Thread number: 22

[2020-01-31 12:53:10.237504][EnvironmentNew.Environment.log][thread_rollouts]: Thread number: 23

[2020-01-31 12:53:10.329235][EnvironmentNew.Environment.log][thread_rollouts]: Thread number: 23, Steps performed: 20

[2020-01-31 12:53:10.333851][EnvironmentNew.Environment.log][thread_rollouts]: Thread number: 22, Steps performed: 23

[2020-01-31 12:53:10.334322][EnvironmentNew.Environment.log][thread_rollouts]: Thread number: 24

[2020-01-31 12:53:10.334486][EnvironmentNew.Environment.log][thread_rollouts]: Thread number: 25

[2020-01-31 12:53:10.427512][EnvironmentNew.Environment.log][thread_rollouts]: Thread number: 24, Steps performed: 22

[2020-01-31 12:53:10.433199][EnvironmentNew.Environment.log][thread_rollouts]: Thread number: 25, Steps performed: 24

[2020-01-31 12:53:10.433666][EnvironmentNew.Environment.log][thread_rollouts]: Thread number: 26

[2020-01-31 12:53:10.433883][EnvironmentNew.Environment.log][thread_rollouts]: Thread number: 27

[2020-01-31 12:53:10.518494][EnvironmentNew.Environment.log][thread_rollouts]: Thread number: 27, Steps performed: 19

[2020-01-31 12:53:10.518649][EnvironmentNew.Environment.log][thread_rollouts]: Thread number: 26, Steps performed: 20

[2020-01-31 12:53:10.519870][EnvironmentNew.Environment.log][thread_rollouts]: Thread number: 29

[2020-01-31 12:53:10.519700][EnvironmentNew.Environment.log][thread_rollouts]: Thread number: 28

[2020-01-31 12:53:10.603401][EnvironmentNew.Environment.log][thread_rollouts]: Thread number: 29, Steps performed: 18

[2020-01-31 12:53:10.610643][EnvironmentNew.Environment.log][thread_rollouts]: Thread number: 28, Steps performed: 22

[2020-01-31 12:53:10.611252][__main__.TRPOAgent.log][learning]: Rollouts performed

[2020-01-31 12:53:10.611541][__main__.TRPOAgent.log][batch_info]: Rollout statistics size: 609, Batch size: 1000

[2020-01-31 12:53:10.611785][__main__.TRPOAgent.log][learning]: 

***************
BEGINNING TRAINING
***************



[2020-01-31 12:53:12.055780][__main__.TRPOAgent.log][linesearch]: Linesearch worked at 3, New mean kl div: 0.009005467939403766, New policy loss value: 0.08285215753432726

[2020-01-31 12:53:12.056138][__main__.TRPOAgent.log][batch_info]: Current batch value loss: 6.358732974858022e-05

[2020-01-31 12:53:21.968962][__main__.TRPOAgent.log][learning]: Episode #1

[2020-01-31 12:53:21.970504][__main__.TRPOAgent.log][learning]: Performing rollouts: rollout length: 1600

[2020-01-31 12:53:21.972791][EnvironmentNew.Environment.log][thread_rollouts]: Thread number: 0

[2020-01-31 12:53:21.973638][EnvironmentNew.Environment.log][thread_rollouts]: Thread number: 1

[2020-01-31 12:53:22.094408][EnvironmentNew.Environment.log][thread_rollouts]: Thread number: 0, Steps performed: 28

[2020-01-31 12:53:22.107592][EnvironmentNew.Environment.log][thread_rollouts]: Thread number: 1, Steps performed: 34

[2020-01-31 12:53:22.108243][EnvironmentNew.Environment.log][thread_rollouts]: Thread number: 3

[2020-01-31 12:53:22.108122][EnvironmentNew.Environment.log][thread_rollouts]: Thread number: 2

[2020-01-31 12:53:22.235635][EnvironmentNew.Environment.log][thread_rollouts]: Thread number: 2, Steps performed: 32

[2020-01-31 12:53:22.239547][EnvironmentNew.Environment.log][thread_rollouts]: Thread number: 3, Steps performed: 35

[2020-01-31 12:53:22.240184][EnvironmentNew.Environment.log][thread_rollouts]: Thread number: 4

[2020-01-31 12:53:22.240369][EnvironmentNew.Environment.log][thread_rollouts]: Thread number: 5

[2020-01-31 12:53:22.373689][EnvironmentNew.Environment.log][thread_rollouts]: Thread number: 5, Steps performed: 30

[2020-01-31 12:53:22.380088][EnvironmentNew.Environment.log][thread_rollouts]: Thread number: 4, Steps performed: 32

[2020-01-31 12:53:22.380690][EnvironmentNew.Environment.log][thread_rollouts]: Thread number: 6

[2020-01-31 12:53:22.380811][EnvironmentNew.Environment.log][thread_rollouts]: Thread number: 7

[2020-01-31 12:53:22.517556][EnvironmentNew.Environment.log][thread_rollouts]: Thread number: 6, Steps performed: 31

[2020-01-31 12:53:22.517486][EnvironmentNew.Environment.log][thread_rollouts]: Thread number: 7, Steps performed: 32

[2020-01-31 12:53:22.518633][EnvironmentNew.Environment.log][thread_rollouts]: Thread number: 8

[2020-01-31 12:53:22.518887][EnvironmentNew.Environment.log][thread_rollouts]: Thread number: 9

[2020-01-31 12:53:22.639802][EnvironmentNew.Environment.log][thread_rollouts]: Thread number: 9, Steps performed: 29

[2020-01-31 12:53:22.644711][EnvironmentNew.Environment.log][thread_rollouts]: Thread number: 8, Steps performed: 31

[2020-01-31 12:53:22.645283][EnvironmentNew.Environment.log][thread_rollouts]: Thread number: 11

[2020-01-31 12:53:22.645155][EnvironmentNew.Environment.log][thread_rollouts]: Thread number: 10

[2020-01-31 12:53:22.765897][EnvironmentNew.Environment.log][thread_rollouts]: Thread number: 10, Steps performed: 25

[2020-01-31 12:53:22.784635][EnvironmentNew.Environment.log][thread_rollouts]: Thread number: 11, Steps performed: 32

[2020-01-31 12:53:22.785448][EnvironmentNew.Environment.log][thread_rollouts]: Thread number: 12

[2020-01-31 12:53:22.785571][EnvironmentNew.Environment.log][thread_rollouts]: Thread number: 13

[2020-01-31 12:53:22.906774][EnvironmentNew.Environment.log][thread_rollouts]: Thread number: 12, Steps performed: 29

[2020-01-31 12:53:22.912707][EnvironmentNew.Environment.log][thread_rollouts]: Thread number: 13, Steps performed: 29

[2020-01-31 12:53:22.913328][EnvironmentNew.Environment.log][thread_rollouts]: Thread number: 14

[2020-01-31 12:53:22.913547][EnvironmentNew.Environment.log][thread_rollouts]: Thread number: 15

[2020-01-31 12:53:23.037565][EnvironmentNew.Environment.log][thread_rollouts]: Thread number: 15, Steps performed: 31

[2020-01-31 12:53:23.039067][EnvironmentNew.Environment.log][thread_rollouts]: Thread number: 14, Steps performed: 31

[2020-01-31 12:53:23.039895][EnvironmentNew.Environment.log][thread_rollouts]: Thread number: 17

[2020-01-31 12:53:23.039746][EnvironmentNew.Environment.log][thread_rollouts]: Thread number: 16

[2020-01-31 12:53:23.160208][EnvironmentNew.Environment.log][thread_rollouts]: Thread number: 16, Steps performed: 27

[2020-01-31 12:53:23.177000][EnvironmentNew.Environment.log][thread_rollouts]: Thread number: 17, Steps performed: 37

[2020-01-31 12:53:23.177636][EnvironmentNew.Environment.log][thread_rollouts]: Thread number: 19

[2020-01-31 12:53:23.177481][EnvironmentNew.Environment.log][thread_rollouts]: Thread number: 18

[2020-01-31 12:53:23.301992][EnvironmentNew.Environment.log][thread_rollouts]: Thread number: 19, Steps performed: 26

[2020-01-31 12:53:23.315816][EnvironmentNew.Environment.log][thread_rollouts]: Thread number: 18, Steps performed: 31

[2020-01-31 12:53:23.316581][EnvironmentNew.Environment.log][thread_rollouts]: Thread number: 20

[2020-01-31 12:53:23.316766][EnvironmentNew.Environment.log][thread_rollouts]: Thread number: 21

[2020-01-31 12:53:23.455408][EnvironmentNew.Environment.log][thread_rollouts]: Thread number: 20, Steps performed: 32

[2020-01-31 12:53:23.460523][EnvironmentNew.Environment.log][thread_rollouts]: Thread number: 21, Steps performed: 33

[2020-01-31 12:53:23.461004][EnvironmentNew.Environment.log][thread_rollouts]: Thread number: 22

[2020-01-31 12:53:23.461203][EnvironmentNew.Environment.log][thread_rollouts]: Thread number: 23

[2020-01-31 12:53:23.585221][EnvironmentNew.Environment.log][thread_rollouts]: Thread number: 23, Steps performed: 28

[2020-01-31 12:53:23.591380][EnvironmentNew.Environment.log][thread_rollouts]: Thread number: 22, Steps performed: 31

[2020-01-31 12:53:23.591877][EnvironmentNew.Environment.log][thread_rollouts]: Thread number: 24

[2020-01-31 12:53:23.592085][EnvironmentNew.Environment.log][thread_rollouts]: Thread number: 25

[2020-01-31 12:53:23.726245][EnvironmentNew.Environment.log][thread_rollouts]: Thread number: 24, Steps performed: 33

[2020-01-31 12:53:23.729394][EnvironmentNew.Environment.log][thread_rollouts]: Thread number: 25, Steps performed: 33

