LOGGER started at 2020-01-28 13:29:05.433320.
Currently active debug channels:
	rollouts
	act
	training
	batch_info
	linesearch
	learning
	thread_rollouts
[2020-01-28 13:29:05.902779][__main__.TRPOAgent.log][learning]: Episode #0

[2020-01-28 13:29:06.164175][__main__.TRPOAgent.log][learning]: Performing rollouts: rollout length: 5000

[2020-01-28 13:29:06.203703][Environment.Environment.log][rollouts]: Rollout thread #1

[2020-01-28 13:29:06.204724][Environment.Environment.log][rollouts]: Rollout thread #2

[2020-01-28 13:29:06.204524][Environment.Environment.log][thread_rollouts]: Thread number: 0

[2020-01-28 13:29:06.206047][Environment.Environment.log][thread_rollouts]: Thread number: 1

[2020-01-28 13:29:06.240489][Environment.Environment.log][thread_rollouts]: Thread number: 1, Steps performed: 9

[2020-01-28 13:29:06.241103][Environment.Environment.log][thread_rollouts]: Thread number: 0, Steps performed: 9

[2020-01-28 13:29:06.242209][Environment.Environment.log][rollouts]: Rollout thread #3

[2020-01-28 13:29:06.242861][Environment.Environment.log][thread_rollouts]: Thread number: 2

[2020-01-28 13:29:06.242927][Environment.Environment.log][rollouts]: Rollout thread #4

[2020-01-28 13:29:06.244483][Environment.Environment.log][thread_rollouts]: Thread number: 3

[2020-01-28 13:29:06.277497][Environment.Environment.log][thread_rollouts]: Thread number: 2, Steps performed: 9

[2020-01-28 13:29:06.280476][Environment.Environment.log][thread_rollouts]: Thread number: 3, Steps performed: 14

[2020-01-28 13:29:06.281102][Environment.Environment.log][rollouts]: Rollout thread #5

[2020-01-28 13:29:06.281720][Environment.Environment.log][rollouts]: Rollout thread #6

[2020-01-28 13:29:06.281658][Environment.Environment.log][thread_rollouts]: Thread number: 4

[2020-01-28 13:29:06.282625][Environment.Environment.log][thread_rollouts]: Thread number: 5

[2020-01-28 13:29:06.312782][Environment.Environment.log][thread_rollouts]: Thread number: 4, Steps performed: 9

[2020-01-28 13:29:06.313599][Environment.Environment.log][thread_rollouts]: Thread number: 5, Steps performed: 9

[2020-01-28 13:29:06.314302][Environment.Environment.log][rollouts]: Rollout thread #7

[2020-01-28 13:29:06.314861][Environment.Environment.log][thread_rollouts]: Thread number: 6

[2020-01-28 13:29:06.314920][Environment.Environment.log][rollouts]: Rollout thread #8

[2020-01-28 13:29:06.315965][Environment.Environment.log][thread_rollouts]: Thread number: 7

[2020-01-28 13:29:06.343220][Environment.Environment.log][thread_rollouts]: Thread number: 7, Steps performed: 9

[2020-01-28 13:29:06.343863][Environment.Environment.log][thread_rollouts]: Thread number: 6, Steps performed: 9

[2020-01-28 13:29:06.344497][Environment.Environment.log][rollouts]: Rollout thread #9

[2020-01-28 13:29:06.345206][Environment.Environment.log][thread_rollouts]: Thread number: 8

[2020-01-28 13:29:06.345281][Environment.Environment.log][rollouts]: Rollout thread #10

[2020-01-28 13:29:06.349266][Environment.Environment.log][thread_rollouts]: Thread number: 9

[2020-01-28 13:29:06.374629][Environment.Environment.log][thread_rollouts]: Thread number: 8, Steps performed: 9

[2020-01-28 13:29:06.377845][Environment.Environment.log][thread_rollouts]: Thread number: 9, Steps performed: 9

[2020-01-28 13:29:06.378731][Environment.Environment.log][rollouts]: Rollout thread #11

[2020-01-28 13:29:06.379517][Environment.Environment.log][thread_rollouts]: Thread number: 10

[2020-01-28 13:29:06.379635][Environment.Environment.log][rollouts]: Rollout thread #12

[2020-01-28 13:29:06.383503][Environment.Environment.log][thread_rollouts]: Thread number: 11

[2020-01-28 13:29:06.402205][Environment.Environment.log][thread_rollouts]: Thread number: 10, Steps performed: 9

[2020-01-28 13:29:06.411523][Environment.Environment.log][thread_rollouts]: Thread number: 11, Steps performed: 9

[2020-01-28 13:29:06.412270][Environment.Environment.log][rollouts]: Rollout thread #13

[2020-01-28 13:29:06.413215][Environment.Environment.log][thread_rollouts]: Thread number: 12

[2020-01-28 13:29:06.413319][Environment.Environment.log][rollouts]: Rollout thread #14

[2020-01-28 13:29:06.418020][Environment.Environment.log][thread_rollouts]: Thread number: 13

[2020-01-28 13:29:06.439235][Environment.Environment.log][thread_rollouts]: Thread number: 12, Steps performed: 9

[2020-01-28 13:29:06.445910][Environment.Environment.log][thread_rollouts]: Thread number: 13, Steps performed: 9

[2020-01-28 13:29:06.446548][Environment.Environment.log][rollouts]: Rollout thread #15

[2020-01-28 13:29:06.447415][Environment.Environment.log][rollouts]: Rollout thread #16

[2020-01-28 13:29:06.447308][Environment.Environment.log][thread_rollouts]: Thread number: 14

[2020-01-28 13:29:06.448550][Environment.Environment.log][thread_rollouts]: Thread number: 15

[2020-01-28 13:29:06.478887][Environment.Environment.log][thread_rollouts]: Thread number: 15, Steps performed: 9

[2020-01-28 13:29:06.479366][Environment.Environment.log][thread_rollouts]: Thread number: 14, Steps performed: 11

[2020-01-28 13:29:06.480073][Environment.Environment.log][rollouts]: Rollout thread #17

[2020-01-28 13:29:06.480639][Environment.Environment.log][thread_rollouts]: Thread number: 16

[2020-01-28 13:29:06.480694][Environment.Environment.log][rollouts]: Rollout thread #18

[2020-01-28 13:29:06.483822][Environment.Environment.log][thread_rollouts]: Thread number: 17

[2020-01-28 13:29:06.517747][Environment.Environment.log][thread_rollouts]: Thread number: 16, Steps performed: 11

[2020-01-28 13:29:06.518714][Environment.Environment.log][thread_rollouts]: Thread number: 17, Steps performed: 9

[2020-01-28 13:29:06.519172][Environment.Environment.log][rollouts]: Rollout thread #19

[2020-01-28 13:29:06.519718][Environment.Environment.log][thread_rollouts]: Thread number: 18

[2020-01-28 13:29:06.519785][Environment.Environment.log][rollouts]: Rollout thread #20

[2020-01-28 13:29:06.525637][Environment.Environment.log][thread_rollouts]: Thread number: 19

[2020-01-28 13:29:06.551545][Environment.Environment.log][thread_rollouts]: Thread number: 18, Steps performed: 9

[2020-01-28 13:29:06.552889][Environment.Environment.log][thread_rollouts]: Thread number: 19, Steps performed: 9

[2020-01-28 13:29:06.553431][Environment.Environment.log][rollouts]: Rollout thread #21

[2020-01-28 13:29:06.553915][Environment.Environment.log][thread_rollouts]: Thread number: 20

[2020-01-28 13:29:06.553973][Environment.Environment.log][rollouts]: Rollout thread #22

[2020-01-28 13:29:06.556771][Environment.Environment.log][thread_rollouts]: Thread number: 21

[2020-01-28 13:29:06.583415][Environment.Environment.log][thread_rollouts]: Thread number: 20, Steps performed: 9

[2020-01-28 13:29:06.592222][Environment.Environment.log][thread_rollouts]: Thread number: 21, Steps performed: 13

[2020-01-28 13:29:06.592703][Environment.Environment.log][rollouts]: Rollout thread #23

[2020-01-28 13:29:06.593214][Environment.Environment.log][thread_rollouts]: Thread number: 22

[2020-01-28 13:29:06.593426][Environment.Environment.log][rollouts]: Rollout thread #24

[2020-01-28 13:29:06.595072][Environment.Environment.log][thread_rollouts]: Thread number: 23

[2020-01-28 13:29:06.623801][Environment.Environment.log][thread_rollouts]: Thread number: 22, Steps performed: 9

[2020-01-28 13:29:06.631024][Environment.Environment.log][thread_rollouts]: Thread number: 23, Steps performed: 11

[2020-01-28 13:29:06.631639][Environment.Environment.log][rollouts]: Rollout thread #25

[2020-01-28 13:29:06.632220][Environment.Environment.log][thread_rollouts]: Thread number: 24

[2020-01-28 13:29:06.632274][Environment.Environment.log][rollouts]: Rollout thread #26

[2020-01-28 13:29:06.634619][Environment.Environment.log][thread_rollouts]: Thread number: 25

[2020-01-28 13:29:06.663208][Environment.Environment.log][thread_rollouts]: Thread number: 24, Steps performed: 9

[2020-01-28 13:29:06.663854][Environment.Environment.log][thread_rollouts]: Thread number: 25, Steps performed: 9

[2020-01-28 13:29:06.664629][Environment.Environment.log][rollouts]: Rollout thread #27

[2020-01-28 13:29:06.665173][Environment.Environment.log][thread_rollouts]: Thread number: 26

[2020-01-28 13:29:06.665227][Environment.Environment.log][rollouts]: Rollout thread #28

[2020-01-28 13:29:06.667945][Environment.Environment.log][thread_rollouts]: Thread number: 27

[2020-01-28 13:29:06.695262][Environment.Environment.log][thread_rollouts]: Thread number: 26, Steps performed: 11

[2020-01-28 13:29:06.700151][Environment.Environment.log][thread_rollouts]: Thread number: 27, Steps performed: 9

[2020-01-28 13:29:06.700538][Environment.Environment.log][rollouts]: Rollout thread #29

[2020-01-28 13:29:06.701064][Environment.Environment.log][thread_rollouts]: Thread number: 28

[2020-01-28 13:29:06.701117][Environment.Environment.log][rollouts]: Rollout thread #30

[2020-01-28 13:29:06.703096][Environment.Environment.log][thread_rollouts]: Thread number: 29

[2020-01-28 13:29:06.728660][Environment.Environment.log][thread_rollouts]: Thread number: 28, Steps performed: 9

[2020-01-28 13:29:06.741289][Environment.Environment.log][thread_rollouts]: Thread number: 29, Steps performed: 14

[2020-01-28 13:29:06.741889][__main__.TRPOAgent.log][rollouts]: Unpacking actions

[2020-01-28 13:29:06.742639][__main__.TRPOAgent.log][rollouts]: Unpacking rewards

[2020-01-28 13:29:06.743536][__main__.TRPOAgent.log][rollouts]: Unpacking observations

[2020-01-28 13:29:06.743997][__main__.TRPOAgent.log][learning]: Rollouts performed

[2020-01-28 13:29:06.745289][__main__.TRPOAgent.log][batch_info]: Rollout statistics size: 292, Batch size: 60000, Number of batches: 1

[2020-01-28 13:29:06.745745][__main__.TRPOAgent.log][learning]: 

***************
BEGINNING TRAINING
***************



[2020-01-28 13:29:06.747985][__main__.TRPOAgent.log][batch_info]: Batch #0, batch length: 292

[2020-01-28 13:29:07.029929][__main__.TRPOAgent.log][training]: policy_gradient: [ 1.02926117e-05 -4.27869891e-05  8.47590127e-05 -3.38833151e-05
  7.58730903e-05 -6.62062133e-05 -2.84170619e-06  1.04171428e-04
  2.06064161e-05 -6.03535690e-06  2.46026578e-05  2.23519311e-05
  2.47957415e-05 -1.26755543e-04 -4.88354878e-05  5.97530676e-05
  4.15858428e-05  1.30935068e-05  1.93099308e-05  1.11181410e-04
  5.58609123e-05 -1.32721478e-05 -8.13127058e-05  7.69670223e-05
 -2.34752448e-05  3.85103335e-05 -1.07368745e-04 -1.22477025e-06
  1.87513530e-05 -2.15900761e-05  1.32537023e-04  1.69949818e-05
  6.30169206e-04 -6.67849753e-04  8.54504988e-04 -1.68229821e-04
  9.89621524e-04  8.42368406e-04 -2.85836573e-04  1.41078912e-03
  1.10860730e-03 -1.03617075e-03 -1.59348618e-04 -4.67856387e-05
 -2.28616915e-04 -1.19930393e-03  4.37139473e-04 -8.41764105e-04
  6.35412056e-04  3.23480522e-04 -1.58267598e-04  1.20380624e-03
  1.32133106e-03 -4.58769602e-05 -8.98274326e-04  1.17462387e-03
  2.93502581e-04 -3.44716264e-04 -1.40475811e-03 -4.46191492e-05
 -4.13292686e-04  7.08951606e-05  1.27817984e-03 -7.45570822e-04
 -3.54602187e-05  4.85255107e-05 -7.07838711e-05  2.02510722e-05
 -7.63062443e-05 -1.21190893e-05  1.57356233e-05 -1.05721650e-04
 -6.31845657e-05  4.35112370e-05 -4.75318112e-06 -2.00230695e-05
 -3.28078012e-07  8.26022323e-05  1.92114920e-06  1.04619545e-05
 -4.42069590e-05 -1.85661473e-05 -1.12029275e-05 -9.67861887e-05
 -8.38729429e-05  6.24817905e-06  7.88583331e-05 -8.66550457e-05
  1.07125947e-06 -1.51496585e-06  1.06440959e-04 -2.47543936e-06
  1.58040003e-05  3.77810880e-06 -8.85867836e-05  3.64171170e-06
 -1.00605146e-03  1.09069612e-03 -1.41808670e-03  2.92559135e-04
 -1.62399348e-03 -1.12628902e-03  4.54780037e-04 -2.30994215e-03
 -1.75603939e-03  1.64446472e-03  2.32368583e-04  6.61813543e-05
  3.01444472e-04  2.01365241e-03 -5.75067530e-04  1.13783267e-03
 -1.03842646e-03 -5.22497459e-04  2.22006308e-04 -2.00527393e-03
 -2.13608233e-03  8.19882181e-05  1.47479222e-03 -1.91699962e-03
 -3.99973627e-04  4.53482568e-04  2.30577414e-03  7.17458361e-05
  5.58364515e-04 -9.59287427e-05 -2.13816729e-03  1.18862406e-03
  1.04115031e-04  5.25798316e-04 -1.29333025e-03  5.92538352e-04
 -1.01135632e-03  2.24770416e-03 -8.93732264e-05 -1.38494634e-03
  2.05254498e-04 -2.28618151e-04 -5.04856354e-04 -1.90870891e-04
 -7.23005713e-04  2.39342619e-03  1.39977966e-03 -2.02065845e-03
 -5.54310743e-04 -1.40135855e-04 -3.11298304e-04 -1.72675556e-03
 -5.04051899e-04  2.45250430e-04  1.03515799e-03 -9.25551394e-04
  6.73049928e-04 -1.10382806e-03  1.46370921e-03  9.16377243e-05
 -9.28706849e-04  4.64508363e-04 -2.44742680e-03 -1.72260971e-04
  0.00000000e+00  7.30470263e-05  3.27446433e-05  0.00000000e+00
 -3.58107871e-05 -5.52935355e-07  0.00000000e+00 -2.70610772e-04
  0.00000000e+00 -1.27403110e-04  0.00000000e+00  0.00000000e+00
  0.00000000e+00  5.27676741e-06  0.00000000e+00  4.29283396e-06
  0.00000000e+00  4.83218866e-04  2.16611548e-04  0.00000000e+00
 -2.36894626e-04 -2.60615553e-05  0.00000000e+00 -1.79013763e-03
  0.00000000e+00 -8.42793874e-04  0.00000000e+00  0.00000000e+00
  0.00000000e+00 -6.97199710e-05  0.00000000e+00  5.65588186e-05
  0.00000000e+00  2.46900525e-04  1.10677601e-04  0.00000000e+00
 -1.21041233e-04 -1.15783969e-05  0.00000000e+00 -9.14670247e-04
  0.00000000e+00 -4.30625260e-04  0.00000000e+00  0.00000000e+00
  0.00000000e+00 -2.32217397e-05  0.00000000e+00  2.42149237e-05
  0.00000000e+00  7.88661198e-04  3.53531567e-04  0.00000000e+00
 -3.86635565e-04 -4.36726335e-05  0.00000000e+00 -2.92168246e-03
  0.00000000e+00 -1.37552334e-03  0.00000000e+00  0.00000000e+00
  0.00000000e+00 -1.27836990e-04  0.00000000e+00  1.00140942e-04
  0.00000000e+00  7.13098196e-04  3.19659092e-04  0.00000000e+00
 -3.49591339e-04 -4.34375931e-05  0.00000000e+00 -2.64175098e-03
  0.00000000e+00 -1.24373205e-03  0.00000000e+00  0.00000000e+00
  0.00000000e+00 -1.37315758e-04  0.00000000e+00  9.55011621e-05
  0.00000000e+00 -3.01706721e-04 -1.17968700e-05 -5.32059419e-05
  0.00000000e+00  1.05746081e-03  1.51735878e-03  1.11770585e-03
 -7.16322418e-04  0.00000000e+00  1.30903675e-03 -2.79687085e-04
  0.00000000e+00 -7.48627046e-04  0.00000000e+00  1.67446158e-04
  0.00000000e+00  4.70561951e-04  2.10937858e-04  0.00000000e+00
 -2.30689663e-04 -2.53161924e-05  0.00000000e+00 -1.74324869e-03
  0.00000000e+00 -8.20718639e-04  0.00000000e+00  0.00000000e+00
  0.00000000e+00 -7.08008605e-05  0.00000000e+00  5.74731418e-05
  0.00000000e+00  7.26750755e-04  3.25995900e-04  2.85998840e-06
 -3.56521513e-04 -4.51966012e-05  2.43237614e-06 -2.69232839e-03
 -7.08173316e-08 -1.26838735e-03  2.09842906e-06 -4.48347616e-07
  0.00000000e+00 -1.55666060e-04  0.00000000e+00  9.99207067e-05
  0.00000000e+00  5.24961032e-04  2.35385388e-04  8.20036451e-07
 -2.57426411e-04 -3.17064080e-05  6.97428387e-07 -1.94477609e-03
  0.00000000e+00 -9.15839275e-04  6.01676677e-07 -1.28553454e-07
  0.00000000e+00 -9.98196748e-05  0.00000000e+00  6.91226993e-05
  0.00000000e+00  3.19667271e-04  1.38089512e-04 -1.19756812e-05
 -1.55721785e-04 -3.01663033e-05 -1.01851327e-05 -1.18424269e-03
  2.01196565e-05 -5.54007362e-04 -8.78678999e-06  1.87737409e-06
  0.00000000e+00 -7.69055894e-05  0.00000000e+00  4.35168359e-05
  0.00000000e+00  4.57990844e-04  2.04926923e-04  8.77224155e-06
 -2.25254019e-04 -2.40423786e-05  7.46065649e-06 -1.69667763e-03
  1.06089247e-06 -8.01380388e-04  6.43636406e-06 -1.37518515e-06
  0.00000000e+00 -9.63210425e-05  0.00000000e+00  6.29516173e-05
  0.00000000e+00 -2.29257831e-04 -6.61843645e-06 -1.05967218e-04
  0.00000000e+00  8.03532550e-04  1.15299514e-03  8.49310940e-04
 -5.59025981e-04  0.00000000e+00  9.94697513e-04 -2.12525774e-04
  0.00000000e+00 -5.68859096e-04  0.00000000e+00  1.30418929e-04
  0.00000000e+00 -1.52430693e-05  0.00000000e+00  0.00000000e+00
  0.00000000e+00  5.34258843e-05  7.66612189e-05  5.64696327e-05
 -3.81757528e-05  0.00000000e+00  6.61362059e-05 -1.41305755e-05
  0.00000000e+00 -3.78227369e-05  0.00000000e+00  9.26828085e-06
  0.00000000e+00  5.53732395e-05  2.48220505e-05  0.00000000e+00
 -2.71463384e-05  0.00000000e+00  0.00000000e+00 -2.05136278e-04
  0.00000000e+00 -9.65778249e-05  0.00000000e+00  0.00000000e+00
  0.00000000e+00  8.55243840e-06  0.00000000e+00  0.00000000e+00
  0.00000000e+00 -4.68183751e-05  0.00000000e+00  0.00000000e+00
  0.00000000e+00  1.64095107e-04  2.35461352e-04  1.73443838e-04
 -1.17255041e-04  0.00000000e+00  2.03134266e-04 -4.34014025e-05
  0.00000000e+00 -1.16170769e-04  0.00000000e+00  2.84670916e-05
  0.00000000e+00 -1.72623837e-04 -3.65529907e-06 -3.43070153e-06
  0.00000000e+00  6.05034390e-04  8.68168574e-04  6.39504058e-04
 -4.18875114e-04  0.00000000e+00  7.48975512e-04 -1.60025131e-04
  0.00000000e+00 -4.28332762e-04  0.00000000e+00  1.00002833e-04
  0.00000000e+00  7.59170674e-04  3.40311909e-04  0.00000000e+00
 -3.72178045e-04 -4.58689948e-05  0.00000000e+00 -2.81243156e-03
  0.00000000e+00 -1.32408819e-03  0.00000000e+00  0.00000000e+00
  0.00000000e+00 -1.43706662e-04  0.00000000e+00  1.01339031e-04
  0.00000000e+00  5.53218835e-04  2.47990293e-04  0.00000000e+00
 -2.71211615e-04 -2.78433161e-05  0.00000000e+00 -2.04946024e-03
  0.00000000e+00 -9.64882537e-04  0.00000000e+00  0.00000000e+00
  0.00000000e+00 -6.91105746e-05  0.00000000e+00  6.32666152e-05
  0.00000000e+00 -4.37644463e-05 -3.37371341e-07 -8.14044656e-06
  0.00000000e+00  1.53391302e-04  2.20102378e-04  1.62130222e-04
 -1.09065939e-04  0.00000000e+00  1.89883965e-04 -4.05703604e-05
  0.00000000e+00 -1.08593034e-04  0.00000000e+00  2.61525920e-05
  0.00000000e+00  5.31990053e-04  2.37520436e-04 -1.25805361e-05
 -2.59761381e-04 -4.27946717e-05 -1.06995524e-05 -1.97081588e-03
  5.64157246e-06 -9.24146335e-04 -9.23058377e-06  1.97219449e-06
  0.00000000e+00 -1.13269120e-04  0.00000000e+00  7.26325077e-05
  0.00000000e+00  2.15965752e-04  9.68105325e-05  0.00000000e+00
 -1.05875680e-04 -1.28050372e-05  0.00000000e+00 -8.00068966e-04
  0.00000000e+00 -3.76671164e-04  0.00000000e+00  0.00000000e+00
  0.00000000e+00 -3.70943117e-05  0.00000000e+00  2.63146299e-05
  0.00000000e+00  5.91894726e-04  2.65327457e-04  0.00000000e+00
 -2.90172196e-04 -3.49455021e-05  0.00000000e+00 -2.19273935e-03
  0.00000000e+00 -1.03233811e-03  0.00000000e+00  0.00000000e+00
  0.00000000e+00 -1.05854569e-04  0.00000000e+00  7.53972860e-05
  0.00000000e+00  3.18444104e-05  1.42748297e-05  0.00000000e+00
 -1.56114966e-05  0.00000000e+00  0.00000000e+00 -1.17971133e-04
  0.00000000e+00 -5.55406171e-05  0.00000000e+00  0.00000000e+00
  0.00000000e+00  4.54474147e-06  0.00000000e+00  0.00000000e+00
  0.00000000e+00  2.96537819e-04  1.32928411e-04  0.00000000e+00
 -1.45375565e-04 -1.49427953e-05  0.00000000e+00 -1.09855708e-03
  0.00000000e+00 -5.17198882e-04  0.00000000e+00  0.00000000e+00
  0.00000000e+00 -4.16282076e-05  0.00000000e+00  3.66212676e-05
  0.00000000e+00 -5.64534182e-05 -2.45483946e-07 -4.30859981e-05
  0.00000000e+00  1.97865255e-04  2.83918401e-04  2.09137919e-04
 -1.44508675e-04  0.00000000e+00  2.44938524e-04 -5.23332457e-05
  0.00000000e+00 -1.40078271e-04  0.00000000e+00  3.39925351e-05
  0.00000000e+00 -9.65556440e-05  0.00000000e+00  0.00000000e+00
  0.00000000e+00  3.38420732e-04  4.85602553e-04  3.57701042e-04
 -2.41820353e-04  0.00000000e+00  4.18932949e-04 -8.95086676e-05
  0.00000000e+00 -2.39584211e-04  0.00000000e+00  5.87089654e-05
  0.00000000e+00  4.92222000e-04  2.20647364e-04  0.00000000e+00
 -2.41308348e-04 -2.42468538e-05  0.00000000e+00 -1.82349073e-03
  0.00000000e+00 -8.58496461e-04  0.00000000e+00  0.00000000e+00
  0.00000000e+00 -6.16794667e-05  0.00000000e+00  5.56556685e-05
  0.00000000e+00 -1.26392861e-04 -5.18903555e-06 -8.62126002e-05
  0.00000000e+00  4.42998075e-04  6.35661400e-04  4.68236304e-04
 -3.04883671e-04  0.00000000e+00  5.48389836e-04 -1.17168257e-04
  0.00000000e+00 -3.13619510e-04  0.00000000e+00  6.98125333e-05
  0.00000000e+00 -1.25635859e-04 -1.33098267e-06 -1.68311919e-05
  0.00000000e+00  4.40344837e-04  6.31854248e-04  4.65431907e-04
 -3.11190261e-04  0.00000000e+00  5.45105378e-04 -1.16466504e-04
  0.00000000e+00 -3.11741156e-04  0.00000000e+00  7.45853297e-05
  0.00000000e+00  6.34220244e-05  2.84300632e-05  0.00000000e+00
 -3.10921982e-05 -2.38059302e-06  0.00000000e+00 -2.34953890e-04
  0.00000000e+00 -1.10615908e-04  0.00000000e+00  0.00000000e+00
  0.00000000e+00 -4.07285964e-06  0.00000000e+00  4.30474632e-06
  0.00000000e+00  4.73058128e-05  2.12056814e-05  0.00000000e+00
 -2.31913396e-05  0.00000000e+00  0.00000000e+00 -1.75249605e-04
  0.00000000e+00 -8.25072282e-05  0.00000000e+00  0.00000000e+00
  0.00000000e+00  1.99575644e-05  0.00000000e+00 -3.86725827e-07
  0.00000000e+00  1.64597278e-04  6.89775463e-05 -4.93356087e-05
 -7.66025397e-05 -4.26962171e-05 -4.19591763e-05 -6.09768787e-04
  2.05045809e-05 -2.72526871e-04 -3.61984947e-05  7.73412317e-06
  0.00000000e+00 -2.81949009e-05  0.00000000e+00  1.79719873e-05
  0.00000000e+00 -2.24770110e-04 -5.55902608e-05 -1.37672280e-03
 -2.95955764e-04  2.61527793e-03  4.16654415e-03  8.32685684e-04
 -9.74318433e-04 -1.05291416e-03  3.59450875e-03 -7.67998052e-04
  0.00000000e+00 -3.64775024e-03  0.00000000e+00  7.20545052e-04
  0.00000000e+00  0.00000000e+00 -6.23162125e-04  6.23162125e-04
 -6.89200535e-03  6.89200535e-03 -2.89393733e-05  2.89393733e-05
 -3.58520142e-04  3.58520142e-04  3.47430942e-04 -3.47430942e-04
  2.00390363e-04 -2.00390363e-04 -4.06412048e-03  4.06412048e-03
  5.42114246e-04 -5.42114246e-04 -6.86779630e-03  6.86779630e-03
  7.45836007e-04 -7.45836007e-04  1.11241669e-03 -1.11241669e-03
  0.00000000e+00  0.00000000e+00  1.53537040e-03 -1.53537040e-03
  0.00000000e+00  0.00000000e+00  1.18095737e-04 -1.18095737e-04
  1.75301477e-03 -1.75301477e-03]

[2020-01-28 13:29:07.030512][__main__.TRPOAgent.log][training]: Initiating conjugate gradients

[2020-01-28 13:29:07.073660][__main__.TRPOAgent.log][training]: gradient_step_direction: [-4.91170083e-03  1.42146191e-03  1.52321864e-03 -2.40849212e-03
 -1.15283575e-03 -3.93480280e-03  2.47670096e-03 -1.75231808e-03
 -8.62803151e-03  1.32998930e-02  6.02051651e-03  5.03322713e-03
  2.70919150e-03 -5.40294090e-03 -5.28770701e-03  2.87202262e-03
 -1.33899294e-03 -1.67655817e-03  2.96208516e-03  2.90022147e-03
 -6.24796188e-03 -8.40262877e-04 -6.48779633e-04 -3.05522837e-03
 -1.86174674e-03  4.16974151e-03  1.51918167e-03 -4.57273836e-04
 -1.35251559e-03 -3.18499280e-03  5.22595167e-03  1.59683487e-02
 -3.90443651e-03 -4.16983271e-04  4.26015564e-03 -3.50895195e-03
 -9.85529925e-04  9.18460744e-02  2.37746223e-03  1.68758554e-03
 -5.11611447e-03 -4.78396639e-03 -4.34725297e-03 -7.76286759e-03
 -2.59557345e-02 -3.14483506e-02  4.93014375e-02 -9.13862458e-02
  1.11742133e-03 -2.11700135e-04 -1.86349551e-02 -5.50558814e-03
 -2.24245971e-03 -1.07738135e-05 -5.18037341e-03 -4.17835120e-03
  3.24014362e-02 -3.88777688e-02 -4.50812837e-04 -4.67621328e-03
 -4.33249980e-02 -3.28434737e-03  2.99445760e-02 -9.41781207e-03
  4.68581361e-03 -2.90749454e-03  2.05462520e-03  7.82737526e-04
  3.83208115e-03 -2.73893514e-03 -2.24130459e-03  5.51662935e-03
  7.78640017e-03 -9.64142593e-03 -3.11651153e-03 -3.15382142e-03
  5.26863206e-05 -2.50502484e-03  2.83618783e-05  2.60913949e-03
  2.95189494e-03  2.14236398e-03 -1.56934461e-03  4.01117411e-03
  7.80604898e-03  2.30493535e-04 -1.56048445e-03  5.43232880e-03
 -1.60744294e-04 -2.23654036e-05 -5.50344647e-03 -2.18965841e-04
  3.04296247e-03  1.94906290e-03  2.99407686e-03 -1.11787662e-02
  4.53444515e-03  4.61805297e-03 -1.36020659e-02  8.18512042e-03
 -4.58886721e-03 -1.25781710e-01 -3.17139644e-03 -1.10024313e-02
  7.56006957e-03  3.48189038e-03  2.59756173e-03  8.59256459e-03
  3.42572814e-02  6.28782601e-02 -6.49419198e-02  1.26924559e-01
 -5.43190057e-03 -8.96354598e-04  2.54468537e-02 -5.19287137e-03
 -2.19946722e-03  6.68212465e-04  1.33692031e-02  3.56472729e-04
 -4.48770873e-02  5.12114264e-02  9.54406861e-03  7.95525929e-03
  6.15723466e-02  6.51685527e-03 -6.04874401e-02  7.79650541e-03
  2.75598097e-02  3.20588279e-02 -9.63827092e-02  5.28457721e-02
 -6.03756051e-02  1.80897841e-01 -1.70661628e-02 -8.43703382e-02
  6.62569499e-02 -1.58864955e-01 -1.00861243e-01 -7.47111975e-02
 -8.09544902e-02  2.29716811e-01  1.55482817e-01 -1.46796439e-01
 -3.34828734e-02 -2.40938124e-03 -5.10386157e-02 -1.87157580e-01
 -1.08759487e-02  1.69618766e-02  6.05628828e-02 -4.29315415e-02
  5.91536927e-02 -1.22609508e-01  9.07872723e-02  1.83111640e-02
 -3.17399500e-02  4.54740509e-02 -2.32847526e-01 -2.05516161e-01
  0.00000000e+00 -2.85242862e-05 -1.27860167e-05  0.00000000e+00
  1.39838277e-05 -7.79275660e-05  0.00000000e+00  1.05671405e-04
  0.00000000e+00  4.97503048e-05  0.00000000e+00  0.00000000e+00
  0.00000000e+00  1.05990615e-03  0.00000000e+00  4.60235024e-04
  0.00000000e+00  5.46722076e-04  2.45081343e-04  0.00000000e+00
 -2.68026634e-04 -3.67296746e-03  0.00000000e+00 -2.02539203e-03
  0.00000000e+00 -9.53548764e-04  0.00000000e+00  0.00000000e+00
  0.00000000e+00 -3.54746591e-03  0.00000000e+00  5.97203900e-03
  0.00000000e+00  4.20957317e-04  1.88703364e-04  0.00000000e+00
 -2.06371347e-04 -1.63179344e-03  0.00000000e+00 -1.55948272e-03
  0.00000000e+00 -7.34200667e-04  0.00000000e+00  0.00000000e+00
  0.00000000e+00 -6.81053947e-04  0.00000000e+00  2.55072459e-03
  0.00000000e+00  1.43938013e-03  6.45233514e-04  0.00000000e+00
 -7.05645927e-04 -6.15497272e-03  0.00000000e+00 -5.33234215e-03
  0.00000000e+00 -2.51045388e-03  0.00000000e+00  0.00000000e+00
  0.00000000e+00 -6.77564404e-03  0.00000000e+00  1.05889799e-02
  0.00000000e+00 -6.63089462e-05 -2.97191526e-05  0.00000000e+00
  3.25074762e-05 -6.12184745e-03  0.00000000e+00  2.45649194e-04
  0.00000000e+00  1.15654997e-04  0.00000000e+00  0.00000000e+00
  0.00000000e+00 -8.50249022e-03  0.00000000e+00  1.01003336e-02
  0.00000000e+00 -3.19166165e-02 -1.48348597e-03 -1.86174140e-02
  0.00000000e+00  1.11865493e-01  1.60516670e-01  1.18238629e-01
 -7.55664493e-02  0.00000000e+00  1.38478930e-01 -2.95872276e-02
  0.00000000e+00 -7.91949291e-02  0.00000000e+00  1.73941325e-02
  0.00000000e+00  8.07529723e-04  3.61992983e-04  0.00000000e+00
 -3.95885736e-04 -3.56792025e-03  0.00000000e+00 -2.99158275e-03
  0.00000000e+00 -1.40842984e-03  0.00000000e+00  0.00000000e+00
  0.00000000e+00 -3.57122093e-03  0.00000000e+00  6.07487423e-03
  0.00000000e+00 -1.80610660e-03 -7.85951333e-04  3.12157140e-04
  8.59551934e-04 -6.42363735e-03  2.65484846e-04  6.69092166e-03
  3.68535886e-06  3.05800978e-03  2.29035759e-04 -4.89354816e-05
  0.00000000e+00 -1.05335881e-02  0.00000000e+00  1.05724844e-02
  0.00000000e+00  4.34315340e-05  2.68797320e-05  9.77116652e-05
 -2.93926821e-05 -4.47910649e-03  8.31022681e-05 -1.60896631e-04
  0.00000000e+00 -1.04566661e-04  7.16929472e-05 -1.53178216e-05
  0.00000000e+00 -6.21328102e-03  0.00000000e+00  7.30559511e-03
  0.00000000e+00  1.84606004e-03 -1.35680503e-04 -5.57437676e-03
 -4.42880790e-04 -6.55509054e-03 -4.74092168e-03 -6.83893303e-03
  4.00594738e-03 -1.57562375e-03 -4.09002853e-03  8.73870163e-04
  0.00000000e+00 -3.25064208e-03  0.00000000e+00  4.03909545e-03
  0.00000000e+00  8.92244471e-04  3.22544647e-04  7.05051423e-04
 -4.95867990e-04 -3.70327851e-03  5.99635389e-04 -3.30541789e-03
  2.27862221e-04 -1.76413417e-03  5.17309927e-04 -1.10527765e-04
  0.00000000e+00 -6.05047017e-03  0.00000000e+00  6.59763966e-03
  0.00000000e+00 -2.36180533e-02 -8.32284975e-04 -2.48078265e-02
  0.00000000e+00  8.27796135e-02  1.18781114e-01  8.74956856e-02
 -5.77451901e-02  0.00000000e+00  1.02473354e-01 -2.18943233e-02
  0.00000000e+00 -5.86036448e-02  0.00000000e+00  1.32316283e-02
  0.00000000e+00 -1.79067331e-03  0.00000000e+00  0.00000000e+00
  0.00000000e+00  6.27618382e-03  9.00574522e-03  6.63374692e-03
 -4.48468089e-03  0.00000000e+00  7.76932365e-03 -1.65998356e-03
  0.00000000e+00 -4.44321049e-03  0.00000000e+00  1.08878749e-03
  0.00000000e+00 -4.95524794e-04 -2.22127509e-04  0.00000000e+00
  2.42927519e-04  0.00000000e+00  0.00000000e+00  1.83572633e-03
  0.00000000e+00  8.64257253e-04  0.00000000e+00  0.00000000e+00
  0.00000000e+00  1.06319690e-03  0.00000000e+00  0.00000000e+00
  0.00000000e+00 -5.30478744e-03  0.00000000e+00  0.00000000e+00
  0.00000000e+00  1.85929064e-02  2.66791067e-02  1.96521706e-02
 -1.32856612e-02  0.00000000e+00  2.30162645e-02 -4.91762507e-03
  0.00000000e+00 -1.31628071e-02  0.00000000e+00  3.22548294e-03
  0.00000000e+00 -1.90154661e-02 -4.59663022e-04 -3.33280832e-03
  0.00000000e+00  6.66478694e-02  9.56335487e-02  7.04448932e-02
 -4.60811680e-02  0.00000000e+00  8.25037766e-02 -1.76276493e-02
  0.00000000e+00 -4.71832122e-02  0.00000000e+00  1.09385318e-02
  0.00000000e+00  3.45521391e-04  1.54891509e-04  0.00000000e+00
 -1.69389430e-04 -6.46451538e-03  0.00000000e+00 -1.28002173e-03
  0.00000000e+00 -6.02628154e-04  0.00000000e+00  0.00000000e+00
  0.00000000e+00 -8.74112185e-03  0.00000000e+00  1.07159351e-02
  0.00000000e+00  1.90921824e-03  8.55845182e-04  0.00000000e+00
 -9.35980726e-04 -3.92407869e-03  0.00000000e+00 -7.07290941e-03
  0.00000000e+00 -3.32991139e-03  0.00000000e+00  0.00000000e+00
  0.00000000e+00 -2.75702488e-03  0.00000000e+00  6.67800025e-03
  0.00000000e+00 -4.79366009e-03 -4.24252919e-05 -1.77584747e-03
  0.00000000e+00  1.68014410e-02  2.41085190e-02  1.77586430e-02
 -1.19665242e-02  0.00000000e+00  2.07985994e-02 -4.44380162e-03
  0.00000000e+00 -1.18945431e-02  0.00000000e+00  2.85715509e-03
  0.00000000e+00 -1.11547964e-03 -7.05334476e-04 -2.70830460e-03
  7.71384750e-04 -6.58558509e-03 -2.30337140e-03  4.13241774e-03
  1.14110561e-03  2.74433856e-03 -1.98713571e-03  4.24568824e-04
  0.00000000e+00 -7.09753300e-03  0.00000000e+00  7.54210904e-03
  0.00000000e+00 -2.50371532e-04 -1.12232030e-04  0.00000000e+00
  1.22742865e-04 -1.80466915e-03  0.00000000e+00  9.27529094e-04
  0.00000000e+00  4.36680315e-04  0.00000000e+00  0.00000000e+00
  0.00000000e+00 -2.27352403e-03  0.00000000e+00  2.77866365e-03
  0.00000000e+00 -4.87753606e-04 -2.18640158e-04  0.00000000e+00
  2.39117738e-04 -4.92502042e-03  0.00000000e+00  1.80693739e-03
  0.00000000e+00  8.50706292e-04  0.00000000e+00  0.00000000e+00
  0.00000000e+00 -6.42909774e-03  0.00000000e+00  7.97175237e-03
  0.00000000e+00  1.32202900e-04  5.92625188e-05  0.00000000e+00
 -6.48115357e-05  0.00000000e+00  0.00000000e+00 -4.89760221e-04
  0.00000000e+00 -2.30578170e-04  0.00000000e+00  0.00000000e+00
  0.00000000e+00  5.42967051e-04  0.00000000e+00  0.00000000e+00
  0.00000000e+00  8.59409371e-04  3.85247761e-04  0.00000000e+00
 -4.21319362e-04 -2.10595263e-03  0.00000000e+00 -3.18377673e-03
  0.00000000e+00 -1.49891535e-03  0.00000000e+00  0.00000000e+00
  0.00000000e+00 -1.80539347e-03  0.00000000e+00  3.87562199e-03
  0.00000000e+00 -5.77754360e-03 -3.08702216e-05 -8.16700701e-03
  0.00000000e+00  2.02498834e-02  2.90567160e-02  2.14035480e-02
 -1.49363456e-02  0.00000000e+00  2.50674458e-02 -5.35587779e-03
  0.00000000e+00 -1.43358603e-02  0.00000000e+00  3.47106153e-03
  0.00000000e+00 -1.08999603e-02  0.00000000e+00  0.00000000e+00
  0.00000000e+00  3.82035933e-02  5.48186346e-02  4.03801062e-02
 -2.72985830e-02  0.00000000e+00  4.72924454e-02 -1.01044422e-02
  0.00000000e+00 -2.70461496e-02  0.00000000e+00  6.62752965e-03
  0.00000000e+00  4.97760626e-04  2.23133564e-04  0.00000000e+00
 -2.44023631e-04 -3.41721375e-03  0.00000000e+00 -1.84400893e-03
  0.00000000e+00 -8.68153843e-04  0.00000000e+00  0.00000000e+00
  0.00000000e+00 -2.61507237e-03  0.00000000e+00  5.88436699e-03
  0.00000000e+00 -1.24160355e-02 -6.52534228e-04 -2.01535847e-02
  0.00000000e+00  4.35173300e-02  6.24433569e-02  4.59965741e-02
 -3.00577017e-02  0.00000000e+00  5.38703503e-02 -1.15098688e-02
  0.00000000e+00 -3.08079978e-02  0.00000000e+00  6.66425257e-03
  0.00000000e+00 -1.38167154e-02 -1.67374407e-04 -4.09169344e-03
  0.00000000e+00  4.84266143e-02  6.94877273e-02  5.11855473e-02
 -3.42412943e-02  0.00000000e+00  5.99475812e-02 -1.28083220e-02
  0.00000000e+00 -3.42835148e-02  0.00000000e+00  8.17398408e-03
  0.00000000e+00 -1.12839630e-03 -5.05823458e-04  0.00000000e+00
  5.53188290e-04 -3.35507248e-04  0.00000000e+00  4.18026868e-03
  0.00000000e+00  1.96806403e-03  0.00000000e+00  0.00000000e+00
  0.00000000e+00 -2.00067832e-04  0.00000000e+00  4.59144912e-04
  0.00000000e+00  2.08283847e-03  9.33670034e-04  0.00000000e+00
 -1.02109681e-03  0.00000000e+00  0.00000000e+00 -7.71610501e-03
  0.00000000e+00 -3.63272948e-03  0.00000000e+00  0.00000000e+00
  0.00000000e+00  2.65156066e-03  0.00000000e+00 -5.46025028e-05
  0.00000000e+00  6.87806684e-04 -6.02580905e-04 -1.02475689e-02
  5.12370150e-04 -7.97003941e-03 -8.71539968e-03 -2.54805570e-03
  4.09074945e-03  1.82284692e-03 -7.51884038e-03  1.60646563e-03
  0.00000000e+00  3.17360193e-04  0.00000000e+00  1.34979985e-03
  0.00000000e+00 -3.76980553e-03 -2.80317136e-02 -5.03443321e-01
 -1.42058272e-02  7.41268684e-02  1.64692497e-01  1.39656611e-02
  3.90727561e-02 -5.05396992e-02  1.42081447e-01 -3.03569366e-02
  0.00000000e+00 -2.17658199e-01  0.00000000e+00  3.40891602e-02
  0.00000000e+00  0.00000000e+00  6.65803842e-02 -6.65803842e-02
 -1.40741210e-02  1.40741210e-02 -6.27622410e-03  6.27622410e-03
  1.41526475e-03 -1.41526475e-03  3.27356812e-02 -3.27356812e-02
  1.82694937e-02 -1.82694937e-02  5.69017354e-02 -5.69017354e-02
  6.05368676e-02 -6.05368676e-02 -2.38636400e-03  2.38636400e-03
  7.77107491e-02 -7.77107491e-02  1.10753487e-01 -1.10753487e-01
  0.00000000e+00  0.00000000e+00  1.61951557e-01 -1.61951557e-01
  0.00000000e+00  0.00000000e+00  1.21047770e-02 -1.21047770e-02
  2.94012575e-02 -2.94012575e-02]

[2020-01-28 13:29:07.119327][__main__.TRPOAgent.log][linesearch]: Linesearch worked at 1, New mean kl div: 0.004411878625629609, New policy loss value: -0.005726192017039256

[2020-01-28 13:29:07.427698][__main__.TRPOAgent.log][batch_info]: Current batch value loss: 8.448210172292667

[2020-01-28 13:29:07.428106][__main__.TRPOAgent.log][linesearch]: Linesearch successful, updating policy parameters

