LOGGER started at 2020-01-28 17:19:25.898449.
Currently active debug channels:
	rollouts
	act
	training
	batch_info
	linesearch
	learning
	thread_rollouts
[2020-01-28 17:19:26.323518][__main__.TRPOAgent.log][learning]: Episode #0

[2020-01-28 17:19:26.528953][__main__.TRPOAgent.log][learning]: Performing rollouts: rollout length: 50

[2020-01-28 17:19:26.546452][EnvironmentNew.Environment.log][rollouts]: Rollout thread #1

[2020-01-28 17:19:26.547455][EnvironmentNew.Environment.log][rollouts]: Rollout thread #2

[2020-01-28 17:19:26.547351][EnvironmentNew.Environment.log][thread_rollouts]: Thread number: 0

[2020-01-28 17:19:26.548705][EnvironmentNew.Environment.log][thread_rollouts]: Thread number: 1

[2020-01-28 17:19:26.584200][EnvironmentNew.Environment.log][thread_rollouts]: Thread number: 0, Steps performed: 10

[2020-01-28 17:19:26.586166][EnvironmentNew.Environment.log][thread_rollouts]: Thread number: 1, Steps performed: 10

[2020-01-28 17:19:26.586553][EnvironmentNew.Environment.log][rollouts]: Rollout thread #3

[2020-01-28 17:19:26.587084][EnvironmentNew.Environment.log][rollouts]: Rollout thread #4

[2020-01-28 17:19:26.587022][EnvironmentNew.Environment.log][thread_rollouts]: Thread number: 2

[2020-01-28 17:19:26.588125][EnvironmentNew.Environment.log][thread_rollouts]: Thread number: 3

[2020-01-28 17:19:26.616047][EnvironmentNew.Environment.log][thread_rollouts]: Thread number: 2, Steps performed: 10

[2020-01-28 17:19:26.619645][EnvironmentNew.Environment.log][thread_rollouts]: Thread number: 3, Steps performed: 10

[2020-01-28 17:19:26.626303][EnvironmentNew.Environment.log][rollouts]: Rollout thread #5

[2020-01-28 17:19:26.626971][EnvironmentNew.Environment.log][rollouts]: Rollout thread #6

[2020-01-28 17:19:26.626909][EnvironmentNew.Environment.log][thread_rollouts]: Thread number: 4

[2020-01-28 17:19:26.628535][EnvironmentNew.Environment.log][thread_rollouts]: Thread number: 5

[2020-01-28 17:19:26.656974][EnvironmentNew.Environment.log][thread_rollouts]: Thread number: 4, Steps performed: 10

[2020-01-28 17:19:26.662190][EnvironmentNew.Environment.log][thread_rollouts]: Thread number: 5, Steps performed: 10

[2020-01-28 17:19:26.662604][EnvironmentNew.Environment.log][rollouts]: Rollout thread #7

[2020-01-28 17:19:26.663251][EnvironmentNew.Environment.log][rollouts]: Rollout thread #8

[2020-01-28 17:19:26.663196][EnvironmentNew.Environment.log][thread_rollouts]: Thread number: 6

[2020-01-28 17:19:26.664270][EnvironmentNew.Environment.log][thread_rollouts]: Thread number: 7

[2020-01-28 17:19:26.694357][EnvironmentNew.Environment.log][thread_rollouts]: Thread number: 6, Steps performed: 10

[2020-01-28 17:19:26.696778][EnvironmentNew.Environment.log][thread_rollouts]: Thread number: 7, Steps performed: 10

[2020-01-28 17:19:26.697192][EnvironmentNew.Environment.log][rollouts]: Rollout thread #9

[2020-01-28 17:19:26.697811][EnvironmentNew.Environment.log][rollouts]: Rollout thread #10

[2020-01-28 17:19:26.697754][EnvironmentNew.Environment.log][thread_rollouts]: Thread number: 8

[2020-01-28 17:19:26.698840][EnvironmentNew.Environment.log][thread_rollouts]: Thread number: 9

[2020-01-28 17:19:26.729091][EnvironmentNew.Environment.log][thread_rollouts]: Thread number: 8, Steps performed: 10

[2020-01-28 17:19:26.732795][EnvironmentNew.Environment.log][thread_rollouts]: Thread number: 9, Steps performed: 12

[2020-01-28 17:19:26.733182][EnvironmentNew.Environment.log][rollouts]: Rollout thread #11

[2020-01-28 17:19:26.733792][EnvironmentNew.Environment.log][thread_rollouts]: Thread number: 10

[2020-01-28 17:19:26.733851][EnvironmentNew.Environment.log][rollouts]: Rollout thread #12

[2020-01-28 17:19:26.735382][EnvironmentNew.Environment.log][thread_rollouts]: Thread number: 11

[2020-01-28 17:19:26.771433][EnvironmentNew.Environment.log][thread_rollouts]: Thread number: 10, Steps performed: 10

[2020-01-28 17:19:26.772159][EnvironmentNew.Environment.log][thread_rollouts]: Thread number: 11, Steps performed: 10

[2020-01-28 17:19:26.773497][EnvironmentNew.Environment.log][rollouts]: Rollout thread #13

[2020-01-28 17:19:26.774332][EnvironmentNew.Environment.log][rollouts]: Rollout thread #14

[2020-01-28 17:19:26.774261][EnvironmentNew.Environment.log][thread_rollouts]: Thread number: 12

[2020-01-28 17:19:26.774912][EnvironmentNew.Environment.log][thread_rollouts]: Thread number: 13

[2020-01-28 17:19:26.811257][EnvironmentNew.Environment.log][thread_rollouts]: Thread number: 12, Steps performed: 10

[2020-01-28 17:19:26.811573][EnvironmentNew.Environment.log][thread_rollouts]: Thread number: 13, Steps performed: 10

[2020-01-28 17:19:26.812684][EnvironmentNew.Environment.log][rollouts]: Rollout thread #15

[2020-01-28 17:19:26.813243][EnvironmentNew.Environment.log][thread_rollouts]: Thread number: 14

[2020-01-28 17:19:26.825435][EnvironmentNew.Environment.log][thread_rollouts]: Thread number: 14, Steps performed: 10

[2020-01-28 17:19:26.825941][__main__.TRPOAgent.log][learning]: Rollouts performed

[2020-01-28 17:19:26.827305][__main__.TRPOAgent.log][batch_info]: Rollout statistics size: 152, Batch size: 1000, Number of batches: 1

[2020-01-28 17:19:26.827622][__main__.TRPOAgent.log][learning]: 

***************
BEGINNING TRAINING
***************



[2020-01-28 17:19:26.827968][__main__.TRPOAgent.log][batch_info]: Batch #0, batch length: 152

[2020-01-28 17:19:26.849733][__main__.TRPOAgent.log][training]: policy_gradient: [ 1.68073252e-03  1.89280901e-02 -2.41917843e-03 -2.95107175e-02
 -2.02743227e-04  0.00000000e+00  0.00000000e+00 -2.34254354e-02
  0.00000000e+00  0.00000000e+00 -1.93957317e-02  0.00000000e+00
  2.49978552e-04  0.00000000e+00 -9.56452904e-03 -1.41432855e-02
  0.00000000e+00 -2.50755763e-02 -6.86733734e-02  1.16267386e-01
  0.00000000e+00  0.00000000e+00  1.30398366e-01 -1.26531543e-01
 -8.38437904e-03  0.00000000e+00  0.00000000e+00  0.00000000e+00
  0.00000000e+00  0.00000000e+00  2.56593548e-03  6.43978643e-02
  0.00000000e+00  0.00000000e+00  7.79213808e-02  0.00000000e+00
  0.00000000e+00  3.72649834e-04  0.00000000e+00  0.00000000e+00
  3.08545650e-04  0.00000000e+00 -3.97663755e-06  0.00000000e+00
  1.52151715e-04  2.24990183e-04  0.00000000e+00  3.98900135e-04
  1.09245018e-03 -1.84957169e-03  0.00000000e+00  0.00000000e+00
 -2.07436612e-03  2.01285303e-03  1.33377989e-04  0.00000000e+00
  0.00000000e+00  0.00000000e+00  0.00000000e+00  0.00000000e+00
 -4.08186834e-05 -1.02443575e-03  0.00000000e+00  0.00000000e+00
 -1.23956670e-03  0.00000000e+00  0.00000000e+00  0.00000000e+00
  0.00000000e+00 -6.20148118e-02  6.20148118e-02  0.00000000e+00
  0.00000000e+00  0.00000000e+00  0.00000000e+00 -2.61925170e-04
  2.61925170e-04  0.00000000e+00  0.00000000e+00 -5.10531893e-02
  5.10531893e-02  0.00000000e+00  0.00000000e+00 -5.04690677e-02
  5.04690677e-02 -6.32308154e-03  6.32308154e-03  0.00000000e+00
  0.00000000e+00 -5.78815771e-03  5.78815771e-03 -1.76996253e-02
  1.76996253e-02 -1.88118310e-03  1.88118310e-03  0.00000000e+00
  0.00000000e+00  0.00000000e+00  0.00000000e+00 -2.04673134e-02
  2.04673134e-02 -3.48421056e-03  3.48421056e-03 -5.69740485e-02
  5.69740485e-02  0.00000000e+00  0.00000000e+00  0.00000000e+00
  0.00000000e+00  0.00000000e+00  0.00000000e+00  0.00000000e+00
  0.00000000e+00  0.00000000e+00  0.00000000e+00 -4.48947210e-02
  4.48947210e-02 -1.32932645e-03  1.32932645e-03  0.00000000e+00
  0.00000000e+00  0.00000000e+00  0.00000000e+00 -4.30724208e-02
  4.30724208e-02  2.68150424e-03 -2.68150424e-03]

[2020-01-28 17:19:26.850227][__main__.TRPOAgent.log][training]: Initiating conjugate gradients

[2020-01-28 17:19:26.879290][__main__.TRPOAgent.log][training]: gradient_step_direction: [ 0.01924466  0.16952518 -0.02490096 -0.26902095 -0.05894872  0.
  0.         -0.20484248  0.          0.         -0.16960495  0.
  0.00218592  0.         -0.08363652 -0.12367521  0.         -0.21927205
 -0.60051068  1.01669401  0.          0.          1.14026162 -1.10644839
 -0.07331676  0.          0.          0.          0.          0.
  0.02243769  0.56312372  0.          0.          0.68137939  0.
  0.          0.10835001  0.          0.          0.08971136  0.
 -0.00115623  0.          0.04423896  0.06541715  0.          0.11598243
  0.31763596 -0.53777325  0.          0.         -0.60313347  0.5852482
  0.03878039  0.          0.          0.          0.          0.
 -0.01186826 -0.29786039  0.          0.         -0.36041091  0.
  0.          0.          0.         -0.54228524  0.54228524  0.
  0.          0.          0.         -0.00229039  0.00229039  0.
  0.         -0.44643191  0.44643191  0.          0.         -0.44132409
  0.44132409 -0.05529185  0.05529185  0.          0.         -0.05061424
  0.05061424 -0.15477344  0.15477344 -0.01644991  0.01644991  0.
  0.          0.          0.         -0.17897534  0.17897534 -0.0304675
  0.0304675  -0.49820655  0.49820655  0.          0.          0.
  0.          0.          0.          0.          0.          0.
  0.         -0.39257951  0.39257951 -0.01162422  0.01162422  0.
  0.          0.          0.         -0.3766445   0.3766445   0.77966226
 -0.77966226]

[2020-01-28 17:19:26.950707][__main__.TRPOAgent.log][linesearch]: Linesearch failed. Mean kl divergence: -1.9999999877242768e-08, Discarded policy loss value: -3.3773304620790683e-10

[2020-01-28 17:19:27.257485][__main__.TRPOAgent.log][batch_info]: Current batch value loss: 18.72823876849495

