LOGGER started at 2020-01-29 21:36:09.404499.
Currently active debug channels:
	act
	batch_info
	linesearch
	learning
[2020-01-29 21:36:09.790399][__main__.TRPOAgent.log][learning]: Episode #0

[2020-01-29 21:36:10.003001][__main__.TRPOAgent.log][learning]: Performing rollouts: rollout length: 5000

[2020-01-29 21:36:10.303188][__main__.TRPOAgent.log][learning]: Rollouts performed

[2020-01-29 21:36:10.303671][__main__.TRPOAgent.log][batch_info]: Rollout statistics size: None, Batch size: 100

[2020-01-29 21:36:10.304438][__main__.TRPOAgent.log][learning]: 

***************
BEGINNING TRAINING
***************



[2020-01-29 21:36:12.227737][__main__.TRPOAgent.log][linesearch]: Linesearch worked at 0, New mean kl div: 0.01971575110204596, New policy loss value: 1.1912644590213013

[2020-01-29 21:36:12.228155][__main__.TRPOAgent.log][batch_info]: Current batch value loss: 0.001610748583334498

[2020-01-29 21:36:13.826180][__main__.TRPOAgent.log][learning]: Episode #1

[2020-01-29 21:36:13.827632][__main__.TRPOAgent.log][learning]: Performing rollouts: rollout length: 5000

[2020-01-29 21:36:14.196380][__main__.TRPOAgent.log][learning]: Rollouts performed

[2020-01-29 21:36:14.196763][__main__.TRPOAgent.log][batch_info]: Rollout statistics size: None, Batch size: 100

[2020-01-29 21:36:14.197314][__main__.TRPOAgent.log][learning]: 

***************
BEGINNING TRAINING
***************



[2020-01-29 21:36:15.946088][__main__.TRPOAgent.log][linesearch]: Linesearch failed. Mean kl divergence: 0.0, Discarded policy loss value: 0.0

[2020-01-29 21:36:15.946524][__main__.TRPOAgent.log][batch_info]: Current batch value loss: 0.00012151658409180755

[2020-01-29 21:36:16.564924][__main__.TRPOAgent.log][learning]: Episode #2

[2020-01-29 21:36:16.565325][__main__.TRPOAgent.log][learning]: Performing rollouts: rollout length: 5000

[2020-01-29 21:36:16.874311][__main__.TRPOAgent.log][learning]: Rollouts performed

[2020-01-29 21:36:16.874682][__main__.TRPOAgent.log][batch_info]: Rollout statistics size: None, Batch size: 100

[2020-01-29 21:36:16.875215][__main__.TRPOAgent.log][learning]: 

***************
BEGINNING TRAINING
***************



[2020-01-29 21:36:18.594563][__main__.TRPOAgent.log][linesearch]: Linesearch failed. Mean kl divergence: 0.0, Discarded policy loss value: 0.0

[2020-01-29 21:36:18.594964][__main__.TRPOAgent.log][batch_info]: Current batch value loss: 1.4256004545343259e-05

[2020-01-29 21:36:19.230094][__main__.TRPOAgent.log][learning]: Episode #3

[2020-01-29 21:36:19.230542][__main__.TRPOAgent.log][learning]: Performing rollouts: rollout length: 5000

[2020-01-29 21:36:19.556632][__main__.TRPOAgent.log][learning]: Rollouts performed

[2020-01-29 21:36:19.557013][__main__.TRPOAgent.log][batch_info]: Rollout statistics size: None, Batch size: 100

[2020-01-29 21:36:19.557555][__main__.TRPOAgent.log][learning]: 

***************
BEGINNING TRAINING
***************



[2020-01-29 21:36:21.246299][__main__.TRPOAgent.log][linesearch]: Linesearch failed. Mean kl divergence: 0.0, Discarded policy loss value: 0.0

[2020-01-29 21:36:21.246738][__main__.TRPOAgent.log][batch_info]: Current batch value loss: 1.0581992474101298e-05

[2020-01-29 21:36:21.902645][__main__.TRPOAgent.log][learning]: Episode #4

[2020-01-29 21:36:21.903093][__main__.TRPOAgent.log][learning]: Performing rollouts: rollout length: 5000

[2020-01-29 21:36:22.229800][__main__.TRPOAgent.log][learning]: Rollouts performed

[2020-01-29 21:36:22.230195][__main__.TRPOAgent.log][batch_info]: Rollout statistics size: None, Batch size: 100

[2020-01-29 21:36:22.230753][__main__.TRPOAgent.log][learning]: 

***************
BEGINNING TRAINING
***************



[2020-01-29 21:36:24.000826][__main__.TRPOAgent.log][linesearch]: Linesearch failed. Mean kl divergence: 0.0, Discarded policy loss value: 0.0

[2020-01-29 21:36:24.001210][__main__.TRPOAgent.log][batch_info]: Current batch value loss: 0.00047961037416826

[2020-01-29 21:36:24.566085][__main__.TRPOAgent.log][learning]: Episode #5

[2020-01-29 21:36:24.566613][__main__.TRPOAgent.log][learning]: Performing rollouts: rollout length: 5000

[2020-01-29 21:36:25.021772][__main__.TRPOAgent.log][learning]: Rollouts performed

[2020-01-29 21:36:25.022241][__main__.TRPOAgent.log][batch_info]: Rollout statistics size: None, Batch size: 100

[2020-01-29 21:36:25.022898][__main__.TRPOAgent.log][learning]: 

***************
BEGINNING TRAINING
***************



