LOGGER started at 2020-01-29 22:49:01.421146.
Currently active debug channels:
	act
	batch_info
	linesearch
	learning
[2020-01-29 22:49:01.897148][__main__.TRPOAgent.log][learning]: Episode #0

[2020-01-29 22:49:02.131790][__main__.TRPOAgent.log][learning]: Performing rollouts: rollout length: 1000

[2020-01-29 22:49:02.828203][__main__.TRPOAgent.log][learning]: Rollouts performed

[2020-01-29 22:49:02.828554][__main__.TRPOAgent.log][batch_info]: Rollout statistics size: None, Batch size: 100

[2020-01-29 22:49:02.829076][__main__.TRPOAgent.log][learning]: 

***************
BEGINNING TRAINING
***************



[2020-01-29 22:49:04.755532][__main__.TRPOAgent.log][linesearch]: Linesearch worked at 1, New mean kl div: 1.9874387786088037e-06, New policy loss value: 0.0011312006200246453

[2020-01-29 22:49:04.755911][__main__.TRPOAgent.log][batch_info]: Current batch value loss: 0.0009201385404006279

[2020-01-29 22:49:06.212519][__main__.TRPOAgent.log][learning]: Episode #1

[2020-01-29 22:49:06.213560][__main__.TRPOAgent.log][learning]: Performing rollouts: rollout length: 1000

[2020-01-29 22:49:07.318254][__main__.TRPOAgent.log][learning]: Rollouts performed

[2020-01-29 22:49:07.318679][__main__.TRPOAgent.log][batch_info]: Rollout statistics size: None, Batch size: 100

[2020-01-29 22:49:07.319260][__main__.TRPOAgent.log][learning]: 

***************
BEGINNING TRAINING
***************



[2020-01-29 22:49:09.071071][__main__.TRPOAgent.log][linesearch]: Linesearch worked at 2, New mean kl div: 1.9888925843116218e-10, New policy loss value: 1.231612886699583e-05

[2020-01-29 22:49:09.071492][__main__.TRPOAgent.log][batch_info]: Current batch value loss: 0.0002754277223754219

[2020-01-29 22:49:09.946685][__main__.TRPOAgent.log][learning]: Episode #2

[2020-01-29 22:49:09.947041][__main__.TRPOAgent.log][learning]: Performing rollouts: rollout length: 1000

[2020-01-29 22:49:10.681762][__main__.TRPOAgent.log][learning]: Rollouts performed

[2020-01-29 22:49:10.682098][__main__.TRPOAgent.log][batch_info]: Rollout statistics size: None, Batch size: 100

[2020-01-29 22:49:10.682921][__main__.TRPOAgent.log][learning]: 

***************
BEGINNING TRAINING
***************



[2020-01-29 22:49:12.337309][__main__.TRPOAgent.log][linesearch]: Linesearch worked at 2, New mean kl div: 1.9863789181635985e-10, New policy loss value: 1.1712714746170716e-05

[2020-01-29 22:49:12.337735][__main__.TRPOAgent.log][batch_info]: Current batch value loss: 5.5671072786267284e-05

[2020-01-29 22:49:12.991936][__main__.TRPOAgent.log][learning]: Episode #3

[2020-01-29 22:49:12.992681][__main__.TRPOAgent.log][learning]: Performing rollouts: rollout length: 1000

[2020-01-29 22:49:13.786610][__main__.TRPOAgent.log][learning]: Rollouts performed

[2020-01-29 22:49:13.786972][__main__.TRPOAgent.log][batch_info]: Rollout statistics size: None, Batch size: 100

[2020-01-29 22:49:13.787547][__main__.TRPOAgent.log][learning]: 

***************
BEGINNING TRAINING
***************



[2020-01-29 22:49:15.463201][__main__.TRPOAgent.log][linesearch]: Linesearch worked at 2, New mean kl div: 1.9881920487118305e-10, New policy loss value: 1.036957413145978e-05

[2020-01-29 22:49:15.463629][__main__.TRPOAgent.log][batch_info]: Current batch value loss: 0.00010536761384240317

[2020-01-29 22:49:16.192379][__main__.TRPOAgent.log][learning]: Episode #4

[2020-01-29 22:49:16.193118][__main__.TRPOAgent.log][learning]: Performing rollouts: rollout length: 1000

[2020-01-29 22:49:16.978617][__main__.TRPOAgent.log][learning]: Rollouts performed

[2020-01-29 22:49:16.978988][__main__.TRPOAgent.log][batch_info]: Rollout statistics size: None, Batch size: 100

[2020-01-29 22:49:16.979614][__main__.TRPOAgent.log][learning]: 

***************
BEGINNING TRAINING
***************



[2020-01-29 22:49:18.732720][__main__.TRPOAgent.log][linesearch]: Linesearch worked at 3, New mean kl div: 1.9865910527496835e-14, New policy loss value: 1.2277143038758336e-07

[2020-01-29 22:49:18.733151][__main__.TRPOAgent.log][batch_info]: Current batch value loss: 2.9779789608344598e-05

[2020-01-29 22:49:19.225233][__main__.TRPOAgent.log][learning]: Episode #5

[2020-01-29 22:49:19.225589][__main__.TRPOAgent.log][learning]: Performing rollouts: rollout length: 1000

[2020-01-29 22:49:19.978459][__main__.TRPOAgent.log][learning]: Rollouts performed

[2020-01-29 22:49:19.978868][__main__.TRPOAgent.log][batch_info]: Rollout statistics size: None, Batch size: 100

[2020-01-29 22:49:19.979496][__main__.TRPOAgent.log][learning]: 

***************
BEGINNING TRAINING
***************



[2020-01-29 22:49:21.639741][__main__.TRPOAgent.log][linesearch]: Linesearch worked at 4, New mean kl div: 9.426287883796114e-18, New policy loss value: 1.2639466249778069e-09

[2020-01-29 22:49:21.640169][__main__.TRPOAgent.log][batch_info]: Current batch value loss: 8.835368815333047e-05

[2020-01-29 22:49:22.810212][__main__.TRPOAgent.log][learning]: Episode #6

[2020-01-29 22:49:22.810788][__main__.TRPOAgent.log][learning]: Performing rollouts: rollout length: 1000

[2020-01-29 22:49:23.620627][__main__.TRPOAgent.log][learning]: Rollouts performed

[2020-01-29 22:49:23.620983][__main__.TRPOAgent.log][batch_info]: Rollout statistics size: None, Batch size: 100

[2020-01-29 22:49:23.621572][__main__.TRPOAgent.log][learning]: 

***************
BEGINNING TRAINING
***************



[2020-01-29 22:49:25.298928][__main__.TRPOAgent.log][linesearch]: Linesearch worked at 4, New mean kl div: -2.658505668652761e-18, New policy loss value: 1.2569112609961798e-09

[2020-01-29 22:49:25.299353][__main__.TRPOAgent.log][batch_info]: Current batch value loss: 0.00023532262325126063

[2020-01-29 22:49:26.144989][__main__.TRPOAgent.log][learning]: Episode #7

[2020-01-29 22:49:26.145577][__main__.TRPOAgent.log][learning]: Performing rollouts: rollout length: 1000

[2020-01-29 22:49:26.988578][__main__.TRPOAgent.log][learning]: Rollouts performed

[2020-01-29 22:49:26.988931][__main__.TRPOAgent.log][batch_info]: Rollout statistics size: None, Batch size: 100

[2020-01-29 22:49:26.989581][__main__.TRPOAgent.log][learning]: 

***************
BEGINNING TRAINING
***************



[2020-01-29 22:49:28.712522][__main__.TRPOAgent.log][linesearch]: Linesearch worked at 4, New mean kl div: -1.096344745586985e-18, New policy loss value: 1.1931821445206083e-09

[2020-01-29 22:49:28.712959][__main__.TRPOAgent.log][batch_info]: Current batch value loss: 2.44794360295504e-05

[2020-01-29 22:49:29.668348][__main__.TRPOAgent.log][learning]: Episode #8

[2020-01-29 22:49:29.669129][__main__.TRPOAgent.log][learning]: Performing rollouts: rollout length: 1000

[2020-01-29 22:49:30.455607][__main__.TRPOAgent.log][learning]: Rollouts performed

[2020-01-29 22:49:30.455974][__main__.TRPOAgent.log][batch_info]: Rollout statistics size: None, Batch size: 100

[2020-01-29 22:49:30.462679][__main__.TRPOAgent.log][learning]: 

***************
BEGINNING TRAINING
***************



[2020-01-29 22:49:32.124491][__main__.TRPOAgent.log][linesearch]: Linesearch worked at 5, New mean kl div: 3.1236471133293164e-18, New policy loss value: 1.3229137032948892e-11

[2020-01-29 22:49:32.124891][__main__.TRPOAgent.log][batch_info]: Current batch value loss: 1.6017631645060366e-05

[2020-01-29 22:49:32.994790][__main__.TRPOAgent.log][learning]: Episode #9

[2020-01-29 22:49:32.995508][__main__.TRPOAgent.log][learning]: Performing rollouts: rollout length: 1000

[2020-01-29 22:49:33.776112][__main__.TRPOAgent.log][learning]: Rollouts performed

[2020-01-29 22:49:33.776465][__main__.TRPOAgent.log][batch_info]: Rollout statistics size: None, Batch size: 100

[2020-01-29 22:49:33.776981][__main__.TRPOAgent.log][learning]: 

***************
BEGINNING TRAINING
***************



[2020-01-29 22:49:35.489477][__main__.TRPOAgent.log][linesearch]: Linesearch worked at 5, New mean kl div: -1.3650612122014527e-17, New policy loss value: 1.2478988457819149e-11

[2020-01-29 22:49:35.489908][__main__.TRPOAgent.log][batch_info]: Current batch value loss: 0.00016375923402165427

[2020-01-29 22:49:36.482352][__main__.TRPOAgent.log][learning]: Episode #10

[2020-01-29 22:49:36.483144][__main__.TRPOAgent.log][learning]: Performing rollouts: rollout length: 1000

[2020-01-29 22:49:37.229660][__main__.TRPOAgent.log][learning]: Rollouts performed

[2020-01-29 22:49:37.230008][__main__.TRPOAgent.log][batch_info]: Rollout statistics size: None, Batch size: 100

[2020-01-29 22:49:37.230541][__main__.TRPOAgent.log][learning]: 

***************
BEGINNING TRAINING
***************



[2020-01-29 22:49:38.925019][__main__.TRPOAgent.log][linesearch]: Linesearch worked at 6, New mean kl div: 1.2323155410442665e-17, New policy loss value: 1.248259964949127e-13

[2020-01-29 22:49:38.925455][__main__.TRPOAgent.log][batch_info]: Current batch value loss: 0.0001167012892278052

[2020-01-29 22:49:39.532083][__main__.TRPOAgent.log][learning]: Episode #11

[2020-01-29 22:49:39.532811][__main__.TRPOAgent.log][learning]: Performing rollouts: rollout length: 1000

[2020-01-29 22:49:40.314263][__main__.TRPOAgent.log][learning]: Rollouts performed

[2020-01-29 22:49:40.314619][__main__.TRPOAgent.log][batch_info]: Rollout statistics size: None, Batch size: 100

[2020-01-29 22:49:40.315167][__main__.TRPOAgent.log][learning]: 

***************
BEGINNING TRAINING
***************



[2020-01-29 22:49:42.156624][__main__.TRPOAgent.log][linesearch]: Linesearch worked at 7, New mean kl div: 2.1735035816514015e-17, New policy loss value: 1.231131652895491e-15

[2020-01-29 22:49:42.157051][__main__.TRPOAgent.log][batch_info]: Current batch value loss: 1.7795475985567294e-05

[2020-01-29 22:49:42.998640][__main__.TRPOAgent.log][learning]: Episode #12

[2020-01-29 22:49:42.999266][__main__.TRPOAgent.log][learning]: Performing rollouts: rollout length: 1000

[2020-01-29 22:49:43.762492][__main__.TRPOAgent.log][learning]: Rollouts performed

[2020-01-29 22:49:43.762899][__main__.TRPOAgent.log][batch_info]: Rollout statistics size: None, Batch size: 100

[2020-01-29 22:49:43.763579][__main__.TRPOAgent.log][learning]: 

***************
BEGINNING TRAINING
***************



[2020-01-29 22:49:45.476933][__main__.TRPOAgent.log][linesearch]: Linesearch worked at 8, New mean kl div: 1.2481237220238414e-18, New policy loss value: -5.415722071342227e-18

[2020-01-29 22:49:45.477309][__main__.TRPOAgent.log][batch_info]: Current batch value loss: 2.5445103535811802e-05

[2020-01-29 22:49:46.304601][__main__.TRPOAgent.log][learning]: Episode #13

[2020-01-29 22:49:46.304958][__main__.TRPOAgent.log][learning]: Performing rollouts: rollout length: 1000

[2020-01-29 22:49:47.087239][__main__.TRPOAgent.log][learning]: Rollouts performed

[2020-01-29 22:49:47.087579][__main__.TRPOAgent.log][batch_info]: Rollout statistics size: None, Batch size: 100

[2020-01-29 22:49:47.088233][__main__.TRPOAgent.log][learning]: 

***************
BEGINNING TRAINING
***************



[2020-01-29 22:49:48.916479][__main__.TRPOAgent.log][linesearch]: Linesearch failed. Mean kl divergence: 0.0, Discarded policy loss value: 6.039613253960852e-17

[2020-01-29 22:49:48.916873][__main__.TRPOAgent.log][batch_info]: Current batch value loss: 4.747174552705971e-06

[2020-01-29 22:49:49.751169][__main__.TRPOAgent.log][learning]: Episode #14

[2020-01-29 22:49:49.751913][__main__.TRPOAgent.log][learning]: Performing rollouts: rollout length: 1000

[2020-01-29 22:49:50.537405][__main__.TRPOAgent.log][learning]: Rollouts performed

[2020-01-29 22:49:50.537759][__main__.TRPOAgent.log][batch_info]: Rollout statistics size: None, Batch size: 100

[2020-01-29 22:49:50.544448][__main__.TRPOAgent.log][learning]: 

***************
BEGINNING TRAINING
***************



[2020-01-29 22:49:52.395987][__main__.TRPOAgent.log][linesearch]: Linesearch failed. Mean kl divergence: 0.0, Discarded policy loss value: 3.4883140350760205e-17

[2020-01-29 22:49:52.396436][__main__.TRPOAgent.log][batch_info]: Current batch value loss: 2.275699186629407e-05

[2020-01-29 22:49:53.314995][__main__.TRPOAgent.log][learning]: Episode #15

[2020-01-29 22:49:53.315327][__main__.TRPOAgent.log][learning]: Performing rollouts: rollout length: 1000

[2020-01-29 22:49:54.165494][__main__.TRPOAgent.log][learning]: Rollouts performed

[2020-01-29 22:49:54.165860][__main__.TRPOAgent.log][batch_info]: Rollout statistics size: None, Batch size: 100

[2020-01-29 22:49:54.166412][__main__.TRPOAgent.log][learning]: 

***************
BEGINNING TRAINING
***************



[2020-01-29 22:49:56.005659][__main__.TRPOAgent.log][linesearch]: Linesearch worked at 8, New mean kl div: 8.61520572040519e-19, New policy loss value: -1.9536113308854686e-17

[2020-01-29 22:49:56.006256][__main__.TRPOAgent.log][batch_info]: Current batch value loss: 8.073366270729467e-06

[2020-01-29 22:49:56.850216][__main__.TRPOAgent.log][learning]: Episode #16

[2020-01-29 22:49:56.850586][__main__.TRPOAgent.log][learning]: Performing rollouts: rollout length: 1000

[2020-01-29 22:49:57.908114][__main__.TRPOAgent.log][learning]: Rollouts performed

[2020-01-29 22:49:57.908462][__main__.TRPOAgent.log][batch_info]: Rollout statistics size: None, Batch size: 100

[2020-01-29 22:49:57.909000][__main__.TRPOAgent.log][learning]: 

***************
BEGINNING TRAINING
***************



