LOGGER started at 2020-01-28 16:37:51.350683.
Currently active debug channels:
	rollouts
	act
	training
	batch_info
	linesearch
	learning
	thread_rollouts
[2020-01-28 16:37:51.761344][__main__.TRPOAgent.log][learning]: Episode #0

[2020-01-28 16:37:51.972947][__main__.TRPOAgent.log][learning]: Performing rollouts: rollout length: 50

[2020-01-28 16:37:51.986123][EnvironmentNew.Environment.log][rollouts]: Rollout thread #1

[2020-01-28 16:37:51.986913][EnvironmentNew.Environment.log][rollouts]: Rollout thread #2

[2020-01-28 16:37:51.986845][EnvironmentNew.Environment.log][thread_rollouts]: Thread number: 0

[2020-01-28 16:37:51.989635][EnvironmentNew.Environment.log][thread_rollouts]: Thread number: 1

[2020-01-28 16:37:52.385866][EnvironmentNew.Environment.log][thread_rollouts]: Thread number: 0, Steps performed: 9

[2020-01-28 16:37:52.395729][EnvironmentNew.Environment.log][thread_rollouts]: Thread number: 1, Steps performed: 9

[2020-01-28 16:37:52.396354][EnvironmentNew.Environment.log][rollouts]: Rollout thread #3

[2020-01-28 16:37:52.397005][EnvironmentNew.Environment.log][thread_rollouts]: Thread number: 2

[2020-01-28 16:37:52.397128][EnvironmentNew.Environment.log][rollouts]: Rollout thread #4

[2020-01-28 16:37:52.399044][EnvironmentNew.Environment.log][thread_rollouts]: Thread number: 3

[2020-01-28 16:37:52.759155][EnvironmentNew.Environment.log][thread_rollouts]: Thread number: 2, Steps performed: 9

[2020-01-28 16:37:52.799041][EnvironmentNew.Environment.log][thread_rollouts]: Thread number: 3, Steps performed: 11

[2020-01-28 16:37:52.799488][EnvironmentNew.Environment.log][rollouts]: Rollout thread #5

[2020-01-28 16:37:52.800147][EnvironmentNew.Environment.log][thread_rollouts]: Thread number: 4

[2020-01-28 16:37:52.800392][EnvironmentNew.Environment.log][rollouts]: Rollout thread #6

[2020-01-28 16:37:52.802218][EnvironmentNew.Environment.log][thread_rollouts]: Thread number: 5

[2020-01-28 16:37:53.198779][EnvironmentNew.Environment.log][thread_rollouts]: Thread number: 5, Steps performed: 9

[2020-01-28 16:37:53.287955][EnvironmentNew.Environment.log][thread_rollouts]: Thread number: 4, Steps performed: 14

[2020-01-28 16:37:53.288410][EnvironmentNew.Environment.log][rollouts]: Rollout thread #7

[2020-01-28 16:37:53.289097][EnvironmentNew.Environment.log][thread_rollouts]: Thread number: 6

[2020-01-28 16:37:53.289171][EnvironmentNew.Environment.log][rollouts]: Rollout thread #8

[2020-01-28 16:37:53.291798][EnvironmentNew.Environment.log][thread_rollouts]: Thread number: 7

[2020-01-28 16:37:53.690889][EnvironmentNew.Environment.log][thread_rollouts]: Thread number: 6, Steps performed: 10

[2020-01-28 16:37:53.720319][EnvironmentNew.Environment.log][thread_rollouts]: Thread number: 7, Steps performed: 11

[2020-01-28 16:37:53.720983][EnvironmentNew.Environment.log][rollouts]: Rollout thread #9

[2020-01-28 16:37:53.721654][EnvironmentNew.Environment.log][thread_rollouts]: Thread number: 8

[2020-01-28 16:37:53.721745][EnvironmentNew.Environment.log][rollouts]: Rollout thread #10

[2020-01-28 16:37:53.724340][EnvironmentNew.Environment.log][thread_rollouts]: Thread number: 9

[2020-01-28 16:37:54.178337][EnvironmentNew.Environment.log][thread_rollouts]: Thread number: 9, Steps performed: 10

[2020-01-28 16:37:54.199402][EnvironmentNew.Environment.log][thread_rollouts]: Thread number: 8, Steps performed: 10

[2020-01-28 16:37:54.200048][__main__.TRPOAgent.log][learning]: Rollouts performed

[2020-01-28 16:37:54.201326][__main__.TRPOAgent.log][batch_info]: Rollout statistics size: 102, Batch size: 1000, Number of batches: 10

[2020-01-28 16:37:54.201688][__main__.TRPOAgent.log][learning]: 

***************
BEGINNING TRAINING
***************



[2020-01-28 16:37:54.202121][__main__.TRPOAgent.log][batch_info]: Batch #0, batch length: 9

