LOGGER started at 2020-01-29 21:35:10.732288.
Currently active debug channels:
	act
	batch_info
	linesearch
	learning
[2020-01-29 21:35:11.131073][__main__.TRPOAgent.log][learning]: Episode #0

[2020-01-29 21:35:11.328554][__main__.TRPOAgent.log][learning]: Performing rollouts: rollout length: 5000

[2020-01-29 21:35:11.632168][__main__.TRPOAgent.log][learning]: Rollouts performed

[2020-01-29 21:35:11.632557][__main__.TRPOAgent.log][batch_info]: Rollout statistics size: None, Batch size: 100

[2020-01-29 21:35:11.633096][__main__.TRPOAgent.log][learning]: 

***************
BEGINNING TRAINING
***************



[2020-01-29 21:35:13.573880][__main__.TRPOAgent.log][linesearch]: Linesearch worked at 1, New mean kl div: 0.0001545031654727898, New policy loss value: 0.11879112362347437

[2020-01-29 21:35:13.574293][__main__.TRPOAgent.log][batch_info]: Current batch value loss: 0.00013246874843591487

[2020-01-29 21:35:15.038458][__main__.TRPOAgent.log][learning]: Episode #1

[2020-01-29 21:35:15.039046][__main__.TRPOAgent.log][learning]: Performing rollouts: rollout length: 5000

[2020-01-29 21:35:15.433913][__main__.TRPOAgent.log][learning]: Rollouts performed

[2020-01-29 21:35:15.434278][__main__.TRPOAgent.log][batch_info]: Rollout statistics size: None, Batch size: 100

[2020-01-29 21:35:15.434850][__main__.TRPOAgent.log][learning]: 

***************
BEGINNING TRAINING
***************



[2020-01-29 21:35:17.086762][__main__.TRPOAgent.log][linesearch]: Linesearch worked at 1, New mean kl div: 0.00016189913924425343, New policy loss value: 0.1418697587156214

[2020-01-29 21:35:17.087216][__main__.TRPOAgent.log][batch_info]: Current batch value loss: 7.469202639893208e-05

[2020-01-29 21:35:17.831974][__main__.TRPOAgent.log][learning]: Episode #2

[2020-01-29 21:35:17.832336][__main__.TRPOAgent.log][learning]: Performing rollouts: rollout length: 5000

[2020-01-29 21:35:18.119501][__main__.TRPOAgent.log][learning]: Rollouts performed

[2020-01-29 21:35:18.119884][__main__.TRPOAgent.log][batch_info]: Rollout statistics size: None, Batch size: 100

[2020-01-29 21:35:18.120430][__main__.TRPOAgent.log][learning]: 

***************
BEGINNING TRAINING
***************



[2020-01-29 21:35:19.739119][__main__.TRPOAgent.log][linesearch]: Linesearch worked at 1, New mean kl div: 0.00016159359143980468, New policy loss value: 0.14337115362160738

[2020-01-29 21:35:19.739551][__main__.TRPOAgent.log][batch_info]: Current batch value loss: 0.0004892891740584875

[2020-01-29 21:35:20.537863][__main__.TRPOAgent.log][learning]: Episode #3

[2020-01-29 21:35:20.538249][__main__.TRPOAgent.log][learning]: Performing rollouts: rollout length: 5000

[2020-01-29 21:35:20.828548][__main__.TRPOAgent.log][learning]: Rollouts performed

[2020-01-29 21:35:20.828917][__main__.TRPOAgent.log][batch_info]: Rollout statistics size: None, Batch size: 100

[2020-01-29 21:35:20.829484][__main__.TRPOAgent.log][learning]: 

***************
BEGINNING TRAINING
***************



[2020-01-29 21:35:22.511926][__main__.TRPOAgent.log][linesearch]: Linesearch failed. Mean kl divergence: 0.0, Discarded policy loss value: 0.0

[2020-01-29 21:35:22.512360][__main__.TRPOAgent.log][batch_info]: Current batch value loss: 8.439357653205409e-06

[2020-01-29 21:35:23.150171][__main__.TRPOAgent.log][learning]: Episode #4

[2020-01-29 21:35:23.150601][__main__.TRPOAgent.log][learning]: Performing rollouts: rollout length: 5000

[2020-01-29 21:35:23.444301][__main__.TRPOAgent.log][learning]: Rollouts performed

[2020-01-29 21:35:23.444706][__main__.TRPOAgent.log][batch_info]: Rollout statistics size: None, Batch size: 100

[2020-01-29 21:35:23.445222][__main__.TRPOAgent.log][learning]: 

***************
BEGINNING TRAINING
***************



[2020-01-29 21:35:25.139147][__main__.TRPOAgent.log][linesearch]: Linesearch worked at 1, New mean kl div: 0.00016116373944219476, New policy loss value: 0.14550507250019495

[2020-01-29 21:35:25.139593][__main__.TRPOAgent.log][batch_info]: Current batch value loss: 1.3887571242864203e-05

[2020-01-29 21:35:25.723034][__main__.TRPOAgent.log][learning]: Episode #5

[2020-01-29 21:35:25.723681][__main__.TRPOAgent.log][learning]: Performing rollouts: rollout length: 5000

[2020-01-29 21:35:26.011350][__main__.TRPOAgent.log][learning]: Rollouts performed

[2020-01-29 21:35:26.011745][__main__.TRPOAgent.log][batch_info]: Rollout statistics size: None, Batch size: 100

[2020-01-29 21:35:26.012357][__main__.TRPOAgent.log][learning]: 

***************
BEGINNING TRAINING
***************



[2020-01-29 21:35:27.697698][__main__.TRPOAgent.log][linesearch]: Linesearch failed. Mean kl divergence: 0.0, Discarded policy loss value: 0.0

[2020-01-29 21:35:27.698134][__main__.TRPOAgent.log][batch_info]: Current batch value loss: 7.273883278458015e-05

[2020-01-29 21:35:28.387421][__main__.TRPOAgent.log][learning]: Episode #6

[2020-01-29 21:35:28.388063][__main__.TRPOAgent.log][learning]: Performing rollouts: rollout length: 5000

[2020-01-29 21:35:28.670921][__main__.TRPOAgent.log][learning]: Rollouts performed

[2020-01-29 21:35:28.671280][__main__.TRPOAgent.log][batch_info]: Rollout statistics size: None, Batch size: 100

[2020-01-29 21:35:28.671867][__main__.TRPOAgent.log][learning]: 

***************
BEGINNING TRAINING
***************



[2020-01-29 21:35:30.348902][__main__.TRPOAgent.log][linesearch]: Linesearch failed. Mean kl divergence: 0.0, Discarded policy loss value: 0.0

[2020-01-29 21:35:30.349331][__main__.TRPOAgent.log][batch_info]: Current batch value loss: 6.57391364704829e-05

[2020-01-29 21:35:30.881876][__main__.TRPOAgent.log][learning]: Episode #7

[2020-01-29 21:35:30.882256][__main__.TRPOAgent.log][learning]: Performing rollouts: rollout length: 5000

[2020-01-29 21:35:31.170784][__main__.TRPOAgent.log][learning]: Rollouts performed

[2020-01-29 21:35:31.171169][__main__.TRPOAgent.log][batch_info]: Rollout statistics size: None, Batch size: 100

[2020-01-29 21:35:31.171762][__main__.TRPOAgent.log][learning]: 

***************
BEGINNING TRAINING
***************



[2020-01-29 21:35:32.869728][__main__.TRPOAgent.log][linesearch]: Linesearch failed. Mean kl divergence: 0.0, Discarded policy loss value: 0.0

[2020-01-29 21:35:32.870160][__main__.TRPOAgent.log][batch_info]: Current batch value loss: 0.0001145015954534756

[2020-01-29 21:35:33.448115][__main__.TRPOAgent.log][learning]: Episode #8

[2020-01-29 21:35:33.448551][__main__.TRPOAgent.log][learning]: Performing rollouts: rollout length: 5000

[2020-01-29 21:35:33.800646][__main__.TRPOAgent.log][learning]: Rollouts performed

[2020-01-29 21:35:33.801087][__main__.TRPOAgent.log][batch_info]: Rollout statistics size: None, Batch size: 100

[2020-01-29 21:35:33.801721][__main__.TRPOAgent.log][learning]: 

***************
BEGINNING TRAINING
***************



[2020-01-29 21:35:35.580940][__main__.TRPOAgent.log][linesearch]: Linesearch worked at 0, New mean kl div: 0.01999910474190462, New policy loss value: 1.6124163804754297

[2020-01-29 21:35:35.581481][__main__.TRPOAgent.log][batch_info]: Current batch value loss: 7.625963657492068e-06

[2020-01-29 21:35:36.356089][__main__.TRPOAgent.log][learning]: Episode #9

[2020-01-29 21:35:36.356614][__main__.TRPOAgent.log][learning]: Performing rollouts: rollout length: 5000

[2020-01-29 21:35:36.668588][__main__.TRPOAgent.log][learning]: Rollouts performed

[2020-01-29 21:35:36.668965][__main__.TRPOAgent.log][batch_info]: Rollout statistics size: None, Batch size: 100

[2020-01-29 21:35:36.669516][__main__.TRPOAgent.log][learning]: 

***************
BEGINNING TRAINING
***************



[2020-01-29 21:35:38.389029][__main__.TRPOAgent.log][linesearch]: Linesearch failed. Mean kl divergence: 0.0, Discarded policy loss value: 0.0

[2020-01-29 21:35:38.389457][__main__.TRPOAgent.log][batch_info]: Current batch value loss: 7.029443444750428e-06

[2020-01-29 21:35:39.037511][__main__.TRPOAgent.log][learning]: Episode #10

[2020-01-29 21:35:39.037910][__main__.TRPOAgent.log][learning]: Performing rollouts: rollout length: 5000

[2020-01-29 21:35:39.374241][__main__.TRPOAgent.log][learning]: Rollouts performed

[2020-01-29 21:35:39.374845][__main__.TRPOAgent.log][batch_info]: Rollout statistics size: None, Batch size: 100

[2020-01-29 21:35:39.375384][__main__.TRPOAgent.log][learning]: 

***************
BEGINNING TRAINING
***************



[2020-01-29 21:35:41.289581][__main__.TRPOAgent.log][linesearch]: Linesearch failed. Mean kl divergence: 0.0, Discarded policy loss value: 0.0

[2020-01-29 21:35:41.290037][__main__.TRPOAgent.log][batch_info]: Current batch value loss: 2.4847571463482153e-06

[2020-01-29 21:35:42.063773][__main__.TRPOAgent.log][learning]: Episode #11

[2020-01-29 21:35:42.064143][__main__.TRPOAgent.log][learning]: Performing rollouts: rollout length: 5000

[2020-01-29 21:35:42.477921][__main__.TRPOAgent.log][learning]: Rollouts performed

[2020-01-29 21:35:42.478533][__main__.TRPOAgent.log][batch_info]: Rollout statistics size: None, Batch size: 100

[2020-01-29 21:35:42.479399][__main__.TRPOAgent.log][learning]: 

***************
BEGINNING TRAINING
***************



[2020-01-29 21:35:44.346699][__main__.TRPOAgent.log][linesearch]: Linesearch failed. Mean kl divergence: 0.0, Discarded policy loss value: 0.0

[2020-01-29 21:35:44.347144][__main__.TRPOAgent.log][batch_info]: Current batch value loss: 3.830608132271429e-06

[2020-01-29 21:35:44.989524][__main__.TRPOAgent.log][learning]: Episode #12

[2020-01-29 21:35:44.989888][__main__.TRPOAgent.log][learning]: Performing rollouts: rollout length: 5000

[2020-01-29 21:35:45.460585][__main__.TRPOAgent.log][learning]: Rollouts performed

[2020-01-29 21:35:45.461003][__main__.TRPOAgent.log][batch_info]: Rollout statistics size: None, Batch size: 100

[2020-01-29 21:35:45.461583][__main__.TRPOAgent.log][learning]: 

***************
BEGINNING TRAINING
***************



[2020-01-29 21:35:47.401691][__main__.TRPOAgent.log][linesearch]: Linesearch failed. Mean kl divergence: 0.0, Discarded policy loss value: 0.0

[2020-01-29 21:35:47.402117][__main__.TRPOAgent.log][batch_info]: Current batch value loss: 1.1147767974506451e-06

[2020-01-29 21:35:48.023884][__main__.TRPOAgent.log][learning]: Episode #13

[2020-01-29 21:35:48.024529][__main__.TRPOAgent.log][learning]: Performing rollouts: rollout length: 5000

[2020-01-29 21:35:48.356185][__main__.TRPOAgent.log][learning]: Rollouts performed

[2020-01-29 21:35:48.356592][__main__.TRPOAgent.log][batch_info]: Rollout statistics size: None, Batch size: 100

[2020-01-29 21:35:48.357106][__main__.TRPOAgent.log][learning]: 

***************
BEGINNING TRAINING
***************



[2020-01-29 21:35:50.243524][__main__.TRPOAgent.log][linesearch]: Linesearch failed. Mean kl divergence: 0.0, Discarded policy loss value: 0.0

[2020-01-29 21:35:50.243983][__main__.TRPOAgent.log][batch_info]: Current batch value loss: 3.682867961751768e-06

[2020-01-29 21:35:51.061718][__main__.TRPOAgent.log][learning]: Episode #14

[2020-01-29 21:35:51.062365][__main__.TRPOAgent.log][learning]: Performing rollouts: rollout length: 5000

[2020-01-29 21:35:51.381517][__main__.TRPOAgent.log][learning]: Rollouts performed

[2020-01-29 21:35:51.381944][__main__.TRPOAgent.log][batch_info]: Rollout statistics size: None, Batch size: 100

[2020-01-29 21:35:51.382480][__main__.TRPOAgent.log][learning]: 

***************
BEGINNING TRAINING
***************



[2020-01-29 21:35:53.323350][__main__.TRPOAgent.log][linesearch]: Linesearch failed. Mean kl divergence: 0.0, Discarded policy loss value: 0.0

[2020-01-29 21:35:53.323777][__main__.TRPOAgent.log][batch_info]: Current batch value loss: 3.937799760933558e-07

[2020-01-29 21:35:53.940191][__main__.TRPOAgent.log][learning]: Episode #15

[2020-01-29 21:35:53.940561][__main__.TRPOAgent.log][learning]: Performing rollouts: rollout length: 5000

[2020-01-29 21:35:54.279197][__main__.TRPOAgent.log][learning]: Rollouts performed

[2020-01-29 21:35:54.279595][__main__.TRPOAgent.log][batch_info]: Rollout statistics size: None, Batch size: 100

[2020-01-29 21:35:54.280148][__main__.TRPOAgent.log][learning]: 

***************
BEGINNING TRAINING
***************



[2020-01-29 21:35:56.107110][__main__.TRPOAgent.log][linesearch]: Linesearch failed. Mean kl divergence: 0.0, Discarded policy loss value: 0.0

[2020-01-29 21:35:56.107742][__main__.TRPOAgent.log][batch_info]: Current batch value loss: 8.328775914279163e-07

[2020-01-29 21:35:56.830913][__main__.TRPOAgent.log][learning]: Episode #16

[2020-01-29 21:35:56.831348][__main__.TRPOAgent.log][learning]: Performing rollouts: rollout length: 5000

[2020-01-29 21:35:57.204398][__main__.TRPOAgent.log][learning]: Rollouts performed

[2020-01-29 21:35:57.204814][__main__.TRPOAgent.log][batch_info]: Rollout statistics size: None, Batch size: 100

[2020-01-29 21:35:57.205411][__main__.TRPOAgent.log][learning]: 

***************
BEGINNING TRAINING
***************



[2020-01-29 21:35:59.685643][__main__.TRPOAgent.log][linesearch]: Linesearch failed. Mean kl divergence: 0.0, Discarded policy loss value: 0.0

[2020-01-29 21:35:59.686567][__main__.TRPOAgent.log][batch_info]: Current batch value loss: 7.081103339245942e-07

[2020-01-29 21:36:00.443259][__main__.TRPOAgent.log][learning]: Episode #17

[2020-01-29 21:36:00.443722][__main__.TRPOAgent.log][learning]: Performing rollouts: rollout length: 5000

[2020-01-29 21:36:00.785779][__main__.TRPOAgent.log][learning]: Rollouts performed

[2020-01-29 21:36:00.786169][__main__.TRPOAgent.log][batch_info]: Rollout statistics size: None, Batch size: 100

[2020-01-29 21:36:00.786723][__main__.TRPOAgent.log][learning]: 

***************
BEGINNING TRAINING
***************



[2020-01-29 21:36:02.872571][__main__.TRPOAgent.log][linesearch]: Linesearch failed. Mean kl divergence: 0.0, Discarded policy loss value: 0.0

[2020-01-29 21:36:02.873226][__main__.TRPOAgent.log][batch_info]: Current batch value loss: 1.4787607173882833e-06

[2020-01-29 21:36:03.830828][__main__.TRPOAgent.log][learning]: Episode #18

[2020-01-29 21:36:03.831445][__main__.TRPOAgent.log][learning]: Performing rollouts: rollout length: 5000

[2020-01-29 21:36:04.188557][__main__.TRPOAgent.log][learning]: Rollouts performed

[2020-01-29 21:36:04.188922][__main__.TRPOAgent.log][batch_info]: Rollout statistics size: None, Batch size: 100

[2020-01-29 21:36:04.189409][__main__.TRPOAgent.log][learning]: 

***************
BEGINNING TRAINING
***************



