LOGGER started at 2020-01-31 12:58:46.150099.
Currently active debug channels:
	act
	batch_info
	linesearch
	learning
	thread_rollouts
[2020-01-31 12:58:46.825080][__main__.TRPOAgent.log][learning]: Episode #0

[2020-01-31 12:58:47.046883][__main__.TRPOAgent.log][learning]: Performing rollouts: rollout length: 1600

[2020-01-31 12:58:47.047679][EnvironmentNew.Environment.log][thread_rollouts]: Thread number: 0

[2020-01-31 12:58:47.047894][EnvironmentNew.Environment.log][thread_rollouts]: Thread number: 1

[2020-01-31 12:58:47.093745][EnvironmentNew.Environment.log][thread_rollouts]: Thread number: 0, Steps performed: 10

[2020-01-31 12:58:47.094171][EnvironmentNew.Environment.log][thread_rollouts]: Thread number: 1, Steps performed: 10

[2020-01-31 12:58:47.094935][EnvironmentNew.Environment.log][thread_rollouts]: Thread number: 2

[2020-01-31 12:58:47.095133][EnvironmentNew.Environment.log][thread_rollouts]: Thread number: 3

[2020-01-31 12:58:47.139534][EnvironmentNew.Environment.log][thread_rollouts]: Thread number: 2, Steps performed: 10

[2020-01-31 12:58:47.141111][EnvironmentNew.Environment.log][thread_rollouts]: Thread number: 3, Steps performed: 10

[2020-01-31 12:58:47.141679][EnvironmentNew.Environment.log][thread_rollouts]: Thread number: 4

[2020-01-31 12:58:47.142012][EnvironmentNew.Environment.log][thread_rollouts]: Thread number: 5

[2020-01-31 12:58:47.181254][EnvironmentNew.Environment.log][thread_rollouts]: Thread number: 5, Steps performed: 10

[2020-01-31 12:58:47.181317][EnvironmentNew.Environment.log][thread_rollouts]: Thread number: 4, Steps performed: 10

[2020-01-31 12:58:47.182376][EnvironmentNew.Environment.log][thread_rollouts]: Thread number: 6

[2020-01-31 12:58:47.182568][EnvironmentNew.Environment.log][thread_rollouts]: Thread number: 7

[2020-01-31 12:58:47.221428][EnvironmentNew.Environment.log][thread_rollouts]: Thread number: 7, Steps performed: 10

[2020-01-31 12:58:47.222363][EnvironmentNew.Environment.log][thread_rollouts]: Thread number: 6, Steps performed: 11

[2020-01-31 12:58:47.223041][EnvironmentNew.Environment.log][thread_rollouts]: Thread number: 9

[2020-01-31 12:58:47.222929][EnvironmentNew.Environment.log][thread_rollouts]: Thread number: 8

[2020-01-31 12:58:47.262107][EnvironmentNew.Environment.log][thread_rollouts]: Thread number: 9, Steps performed: 11

[2020-01-31 12:58:47.263772][EnvironmentNew.Environment.log][thread_rollouts]: Thread number: 8, Steps performed: 11

[2020-01-31 12:58:47.264350][EnvironmentNew.Environment.log][thread_rollouts]: Thread number: 11

[2020-01-31 12:58:47.264241][EnvironmentNew.Environment.log][thread_rollouts]: Thread number: 10

[2020-01-31 12:58:47.298119][EnvironmentNew.Environment.log][thread_rollouts]: Thread number: 11, Steps performed: 9

[2020-01-31 12:58:47.299106][EnvironmentNew.Environment.log][thread_rollouts]: Thread number: 10, Steps performed: 10

[2020-01-31 12:58:47.299733][EnvironmentNew.Environment.log][thread_rollouts]: Thread number: 12

[2020-01-31 12:58:47.299923][EnvironmentNew.Environment.log][thread_rollouts]: Thread number: 13

[2020-01-31 12:58:47.344235][EnvironmentNew.Environment.log][thread_rollouts]: Thread number: 13, Steps performed: 10

[2020-01-31 12:58:47.344892][EnvironmentNew.Environment.log][thread_rollouts]: Thread number: 12, Steps performed: 10

[2020-01-31 12:58:47.345580][EnvironmentNew.Environment.log][thread_rollouts]: Thread number: 14

[2020-01-31 12:58:47.345776][EnvironmentNew.Environment.log][thread_rollouts]: Thread number: 15

[2020-01-31 12:58:47.382188][EnvironmentNew.Environment.log][thread_rollouts]: Thread number: 14, Steps performed: 10

[2020-01-31 12:58:47.383625][EnvironmentNew.Environment.log][thread_rollouts]: Thread number: 15, Steps performed: 10

[2020-01-31 12:58:47.384031][EnvironmentNew.Environment.log][thread_rollouts]: Thread number: 16

[2020-01-31 12:58:47.384174][EnvironmentNew.Environment.log][thread_rollouts]: Thread number: 17

[2020-01-31 12:58:47.429472][EnvironmentNew.Environment.log][thread_rollouts]: Thread number: 17, Steps performed: 11

[2020-01-31 12:58:47.434104][EnvironmentNew.Environment.log][thread_rollouts]: Thread number: 16, Steps performed: 13

[2020-01-31 12:58:47.434919][EnvironmentNew.Environment.log][thread_rollouts]: Thread number: 18

[2020-01-31 12:58:47.435142][EnvironmentNew.Environment.log][thread_rollouts]: Thread number: 19

[2020-01-31 12:58:47.474308][EnvironmentNew.Environment.log][thread_rollouts]: Thread number: 19, Steps performed: 10

[2020-01-31 12:58:47.475672][EnvironmentNew.Environment.log][thread_rollouts]: Thread number: 18, Steps performed: 11

[2020-01-31 12:58:47.476183][EnvironmentNew.Environment.log][thread_rollouts]: Thread number: 21

[2020-01-31 12:58:47.476082][EnvironmentNew.Environment.log][thread_rollouts]: Thread number: 20

[2020-01-31 12:58:47.513812][EnvironmentNew.Environment.log][thread_rollouts]: Thread number: 21, Steps performed: 10

[2020-01-31 12:58:47.515441][EnvironmentNew.Environment.log][thread_rollouts]: Thread number: 20, Steps performed: 11

[2020-01-31 12:58:47.515960][EnvironmentNew.Environment.log][thread_rollouts]: Thread number: 23

[2020-01-31 12:58:47.515855][EnvironmentNew.Environment.log][thread_rollouts]: Thread number: 22

[2020-01-31 12:58:47.554858][EnvironmentNew.Environment.log][thread_rollouts]: Thread number: 22, Steps performed: 10

[2020-01-31 12:58:47.557915][EnvironmentNew.Environment.log][thread_rollouts]: Thread number: 23, Steps performed: 12

[2020-01-31 12:58:47.558476][EnvironmentNew.Environment.log][thread_rollouts]: Thread number: 25

[2020-01-31 12:58:47.558365][EnvironmentNew.Environment.log][thread_rollouts]: Thread number: 24

[2020-01-31 12:58:47.598031][EnvironmentNew.Environment.log][thread_rollouts]: Thread number: 24, Steps performed: 10

[2020-01-31 12:58:47.600488][EnvironmentNew.Environment.log][thread_rollouts]: Thread number: 25, Steps performed: 11

[2020-01-31 12:58:47.601250][EnvironmentNew.Environment.log][thread_rollouts]: Thread number: 27

[2020-01-31 12:58:47.601097][EnvironmentNew.Environment.log][thread_rollouts]: Thread number: 26

[2020-01-31 12:58:47.651995][EnvironmentNew.Environment.log][thread_rollouts]: Thread number: 27, Steps performed: 12

[2020-01-31 12:58:47.653883][EnvironmentNew.Environment.log][thread_rollouts]: Thread number: 26, Steps performed: 11

[2020-01-31 12:58:47.654329][EnvironmentNew.Environment.log][thread_rollouts]: Thread number: 28

[2020-01-31 12:58:47.654563][EnvironmentNew.Environment.log][thread_rollouts]: Thread number: 29

[2020-01-31 12:58:47.712350][EnvironmentNew.Environment.log][thread_rollouts]: Thread number: 29, Steps performed: 10

[2020-01-31 12:58:47.725258][EnvironmentNew.Environment.log][thread_rollouts]: Thread number: 28, Steps performed: 16

[2020-01-31 12:58:47.725803][__main__.TRPOAgent.log][learning]: Rollouts performed

