LOGGER started at 2020-01-28 18:31:02.327895.
Currently active debug channels:
	act
	batch_info
	linesearch
	learning
[2020-01-28 18:31:02.761185][__main__.TRPOAgent.log][learning]: Episode #0

[2020-01-28 18:31:03.006415][__main__.TRPOAgent.log][learning]: Performing rollouts: rollout length: 1500

[2020-01-28 18:31:06.590695][__main__.TRPOAgent.log][learning]: Rollouts performed

[2020-01-28 18:31:06.596362][__main__.TRPOAgent.log][batch_info]: Rollout statistics size: 3066, Batch size: 3000, Number of batches: 1

[2020-01-28 18:31:06.596788][__main__.TRPOAgent.log][learning]: 

***************
BEGINNING TRAINING
***************



[2020-01-28 18:31:06.598326][__main__.TRPOAgent.log][batch_info]: Batch #0, batch length: 3066

[2020-01-28 18:31:06.994344][__main__.TRPOAgent.log][linesearch]: Linesearch failed. Mean kl divergence: 7.914400736370467e-18, Discarded policy loss value: -2.2161007536549112e-16

[2020-01-28 18:31:07.391193][__main__.TRPOAgent.log][batch_info]: Current batch value loss: 151.24127289935313

[2020-01-28 18:31:08.537472][__main__.TRPOAgent.log][learning]: Episode #1

[2020-01-28 18:31:08.537949][__main__.TRPOAgent.log][learning]: Performing rollouts: rollout length: 1500

[2020-01-28 18:31:12.188013][__main__.TRPOAgent.log][learning]: Rollouts performed

[2020-01-28 18:31:12.193981][__main__.TRPOAgent.log][batch_info]: Rollout statistics size: 3096, Batch size: 3000, Number of batches: 1

[2020-01-28 18:31:12.194445][__main__.TRPOAgent.log][learning]: 

***************
BEGINNING TRAINING
***************



[2020-01-28 18:31:12.197021][__main__.TRPOAgent.log][batch_info]: Batch #0, batch length: 3096

[2020-01-28 18:31:12.514589][__main__.TRPOAgent.log][linesearch]: Linesearch failed. Mean kl divergence: 1.5275619814788305e-17, Discarded policy loss value: -2.4327367568013767e-16

[2020-01-28 18:31:12.623223][__main__.TRPOAgent.log][batch_info]: Current batch value loss: 63.94897500891577

[2020-01-28 18:31:13.215639][__main__.TRPOAgent.log][learning]: Episode #2

[2020-01-28 18:31:13.216078][__main__.TRPOAgent.log][learning]: Performing rollouts: rollout length: 1500

[2020-01-28 18:31:16.332542][__main__.TRPOAgent.log][learning]: Rollouts performed

[2020-01-28 18:31:16.338804][__main__.TRPOAgent.log][batch_info]: Rollout statistics size: 3010, Batch size: 3000, Number of batches: 1

[2020-01-28 18:31:16.339170][__main__.TRPOAgent.log][learning]: 

***************
BEGINNING TRAINING
***************



[2020-01-28 18:31:16.340366][__main__.TRPOAgent.log][batch_info]: Batch #0, batch length: 3010

[2020-01-28 18:31:16.666673][__main__.TRPOAgent.log][linesearch]: Linesearch failed. Mean kl divergence: 1.195899783475593e-17, Discarded policy loss value: -2.2588059145529763e-16

[2020-01-28 18:31:16.778149][__main__.TRPOAgent.log][batch_info]: Current batch value loss: 32.91468165103021

[2020-01-28 18:31:17.369872][__main__.TRPOAgent.log][learning]: Episode #3

[2020-01-28 18:31:17.370348][__main__.TRPOAgent.log][learning]: Performing rollouts: rollout length: 1500

[2020-01-28 18:31:20.484710][__main__.TRPOAgent.log][learning]: Rollouts performed

[2020-01-28 18:31:20.490258][__main__.TRPOAgent.log][batch_info]: Rollout statistics size: 3027, Batch size: 3000, Number of batches: 1

[2020-01-28 18:31:20.490688][__main__.TRPOAgent.log][learning]: 

***************
BEGINNING TRAINING
***************



[2020-01-28 18:31:20.492229][__main__.TRPOAgent.log][batch_info]: Batch #0, batch length: 3027

[2020-01-28 18:31:20.803105][__main__.TRPOAgent.log][linesearch]: Linesearch failed. Mean kl divergence: -5.2597599827455537e-17, Discarded policy loss value: -3.2349412214053123e-16

[2020-01-28 18:31:20.924914][__main__.TRPOAgent.log][batch_info]: Current batch value loss: 17.602008468345947

[2020-01-28 18:31:21.484479][__main__.TRPOAgent.log][learning]: Episode #4

[2020-01-28 18:31:21.484831][__main__.TRPOAgent.log][learning]: Performing rollouts: rollout length: 1500

[2020-01-28 18:31:24.600361][__main__.TRPOAgent.log][learning]: Rollouts performed

[2020-01-28 18:31:24.606646][__main__.TRPOAgent.log][batch_info]: Rollout statistics size: 3059, Batch size: 3000, Number of batches: 1

[2020-01-28 18:31:24.607186][__main__.TRPOAgent.log][learning]: 

***************
BEGINNING TRAINING
***************



[2020-01-28 18:31:24.608612][__main__.TRPOAgent.log][batch_info]: Batch #0, batch length: 3059

[2020-01-28 18:31:24.932414][__main__.TRPOAgent.log][linesearch]: Linesearch failed. Mean kl divergence: -4.9291157526035784e-17, Discarded policy loss value: -1.832103899414119e-16

[2020-01-28 18:31:25.042454][__main__.TRPOAgent.log][batch_info]: Current batch value loss: 17.872469071692795

[2020-01-28 18:31:25.644052][__main__.TRPOAgent.log][learning]: Episode #5

[2020-01-28 18:31:25.644468][__main__.TRPOAgent.log][learning]: Performing rollouts: rollout length: 1500

[2020-01-28 18:31:28.860987][__main__.TRPOAgent.log][learning]: Rollouts performed

[2020-01-28 18:31:28.866714][__main__.TRPOAgent.log][batch_info]: Rollout statistics size: 3142, Batch size: 3000, Number of batches: 1

[2020-01-28 18:31:28.867147][__main__.TRPOAgent.log][learning]: 

***************
BEGINNING TRAINING
***************



[2020-01-28 18:31:28.868668][__main__.TRPOAgent.log][batch_info]: Batch #0, batch length: 3142

[2020-01-28 18:31:29.170185][__main__.TRPOAgent.log][linesearch]: Linesearch failed. Mean kl divergence: 6.326119493066563e-17, Discarded policy loss value: -3.6818981274965406e-17

[2020-01-28 18:31:29.282290][__main__.TRPOAgent.log][batch_info]: Current batch value loss: 11.167945543666205

[2020-01-28 18:31:29.846766][__main__.TRPOAgent.log][learning]: Episode #6

[2020-01-28 18:31:29.847248][__main__.TRPOAgent.log][learning]: Performing rollouts: rollout length: 1500

[2020-01-28 18:31:33.074898][__main__.TRPOAgent.log][learning]: Rollouts performed

[2020-01-28 18:31:33.080864][__main__.TRPOAgent.log][batch_info]: Rollout statistics size: 3041, Batch size: 3000, Number of batches: 1

[2020-01-28 18:31:33.081290][__main__.TRPOAgent.log][learning]: 

***************
BEGINNING TRAINING
***************



[2020-01-28 18:31:33.082857][__main__.TRPOAgent.log][batch_info]: Batch #0, batch length: 3041

[2020-01-28 18:31:33.388967][__main__.TRPOAgent.log][linesearch]: Linesearch failed. Mean kl divergence: -5.375637210292994e-17, Discarded policy loss value: -4.987789201719463e-16

[2020-01-28 18:31:33.504664][__main__.TRPOAgent.log][batch_info]: Current batch value loss: 5.890111120788968

[2020-01-28 18:31:34.061114][__main__.TRPOAgent.log][learning]: Episode #7

[2020-01-28 18:31:34.061467][__main__.TRPOAgent.log][learning]: Performing rollouts: rollout length: 1500

[2020-01-28 18:31:37.292268][__main__.TRPOAgent.log][learning]: Rollouts performed

[2020-01-28 18:31:37.300351][__main__.TRPOAgent.log][batch_info]: Rollout statistics size: 3089, Batch size: 3000, Number of batches: 1

[2020-01-28 18:31:37.300865][__main__.TRPOAgent.log][learning]: 

***************
BEGINNING TRAINING
***************



[2020-01-28 18:31:37.302387][__main__.TRPOAgent.log][batch_info]: Batch #0, batch length: 3089

[2020-01-28 18:31:37.598633][__main__.TRPOAgent.log][linesearch]: Linesearch failed. Mean kl divergence: -5.815707469671883e-17, Discarded policy loss value: -3.0553596414174346e-16

[2020-01-28 18:31:37.715663][__main__.TRPOAgent.log][batch_info]: Current batch value loss: 6.023282492467985

[2020-01-28 18:31:38.301590][__main__.TRPOAgent.log][learning]: Episode #8

[2020-01-28 18:31:38.302130][__main__.TRPOAgent.log][learning]: Performing rollouts: rollout length: 1500

[2020-01-28 18:31:41.501109][__main__.TRPOAgent.log][learning]: Rollouts performed

[2020-01-28 18:31:41.506045][__main__.TRPOAgent.log][batch_info]: Rollout statistics size: 3049, Batch size: 3000, Number of batches: 1

[2020-01-28 18:31:41.506412][__main__.TRPOAgent.log][learning]: 

***************
BEGINNING TRAINING
***************



[2020-01-28 18:31:41.507734][__main__.TRPOAgent.log][batch_info]: Batch #0, batch length: 3049

[2020-01-28 18:31:41.800713][__main__.TRPOAgent.log][linesearch]: Linesearch failed. Mean kl divergence: -5.3792140143613605e-17, Discarded policy loss value: -2.799407875801313e-16

[2020-01-28 18:31:41.918507][__main__.TRPOAgent.log][batch_info]: Current batch value loss: 5.093541074445229

[2020-01-28 18:31:42.512222][__main__.TRPOAgent.log][learning]: Episode #9

[2020-01-28 18:31:42.512580][__main__.TRPOAgent.log][learning]: Performing rollouts: rollout length: 1500

[2020-01-28 18:31:45.708778][__main__.TRPOAgent.log][learning]: Rollouts performed

[2020-01-28 18:31:45.716397][__main__.TRPOAgent.log][batch_info]: Rollout statistics size: 3101, Batch size: 3000, Number of batches: 1

[2020-01-28 18:31:45.716953][__main__.TRPOAgent.log][learning]: 

***************
BEGINNING TRAINING
***************



[2020-01-28 18:31:45.718607][__main__.TRPOAgent.log][batch_info]: Batch #0, batch length: 3101

[2020-01-28 18:31:46.022829][__main__.TRPOAgent.log][linesearch]: Linesearch failed. Mean kl divergence: -5.389845694813516e-17, Discarded policy loss value: -3.544049571352604e-16

[2020-01-28 18:31:46.133524][__main__.TRPOAgent.log][batch_info]: Current batch value loss: 5.746323279922702

[2020-01-28 18:31:46.696091][__main__.TRPOAgent.log][learning]: Episode #10

[2020-01-28 18:31:46.696449][__main__.TRPOAgent.log][learning]: Performing rollouts: rollout length: 1500

[2020-01-28 18:31:50.397321][__main__.TRPOAgent.log][learning]: Rollouts performed

[2020-01-28 18:31:50.403141][__main__.TRPOAgent.log][batch_info]: Rollout statistics size: 3027, Batch size: 3000, Number of batches: 1

[2020-01-28 18:31:50.403560][__main__.TRPOAgent.log][learning]: 

***************
BEGINNING TRAINING
***************



[2020-01-28 18:31:50.406137][__main__.TRPOAgent.log][batch_info]: Batch #0, batch length: 3027

[2020-01-28 18:31:50.716881][__main__.TRPOAgent.log][linesearch]: Linesearch failed. Mean kl divergence: -5.642518097648443e-17, Discarded policy loss value: -2.752267451862298e-16

[2020-01-28 18:31:50.869282][__main__.TRPOAgent.log][batch_info]: Current batch value loss: 3.8774191892074903

[2020-01-28 18:31:51.548540][__main__.TRPOAgent.log][learning]: Episode #11

[2020-01-28 18:31:51.548918][__main__.TRPOAgent.log][learning]: Performing rollouts: rollout length: 1500

[2020-01-28 18:31:55.402568][__main__.TRPOAgent.log][learning]: Rollouts performed

[2020-01-28 18:31:55.408316][__main__.TRPOAgent.log][batch_info]: Rollout statistics size: 3015, Batch size: 3000, Number of batches: 1

[2020-01-28 18:31:55.408759][__main__.TRPOAgent.log][learning]: 

***************
BEGINNING TRAINING
***************



[2020-01-28 18:31:55.410248][__main__.TRPOAgent.log][batch_info]: Batch #0, batch length: 3015

[2020-01-28 18:31:55.713443][__main__.TRPOAgent.log][linesearch]: Linesearch failed. Mean kl divergence: 6.232096672380932e-17, Discarded policy loss value: -2.3272336701926994e-16

[2020-01-28 18:31:55.830000][__main__.TRPOAgent.log][batch_info]: Current batch value loss: 4.10412807106665

[2020-01-28 18:31:56.423857][__main__.TRPOAgent.log][learning]: Episode #12

[2020-01-28 18:31:56.424275][__main__.TRPOAgent.log][learning]: Performing rollouts: rollout length: 1500

[2020-01-28 18:32:00.486353][__main__.TRPOAgent.log][learning]: Rollouts performed

[2020-01-28 18:32:00.493957][__main__.TRPOAgent.log][batch_info]: Rollout statistics size: 3077, Batch size: 3000, Number of batches: 1

[2020-01-28 18:32:00.494343][__main__.TRPOAgent.log][learning]: 

***************
BEGINNING TRAINING
***************



[2020-01-28 18:32:00.496066][__main__.TRPOAgent.log][batch_info]: Batch #0, batch length: 3077

[2020-01-28 18:32:00.812801][__main__.TRPOAgent.log][linesearch]: Linesearch failed. Mean kl divergence: -5.186157437258808e-17, Discarded policy loss value: -2.2182811684743135e-16

[2020-01-28 18:32:00.938422][__main__.TRPOAgent.log][batch_info]: Current batch value loss: 5.139028965378926

[2020-01-28 18:32:01.612284][__main__.TRPOAgent.log][learning]: Episode #13

[2020-01-28 18:32:01.612852][__main__.TRPOAgent.log][learning]: Performing rollouts: rollout length: 1500

[2020-01-28 18:32:06.329582][__main__.TRPOAgent.log][learning]: Rollouts performed

[2020-01-28 18:32:06.340528][__main__.TRPOAgent.log][batch_info]: Rollout statistics size: 3025, Batch size: 3000, Number of batches: 1

[2020-01-28 18:32:06.341163][__main__.TRPOAgent.log][learning]: 

***************
BEGINNING TRAINING
***************



[2020-01-28 18:32:06.342740][__main__.TRPOAgent.log][batch_info]: Batch #0, batch length: 3025

[2020-01-28 18:32:06.740265][__main__.TRPOAgent.log][linesearch]: Linesearch failed. Mean kl divergence: 6.521927844352739e-17, Discarded policy loss value: -3.9652395233223774e-16

[2020-01-28 18:32:06.905732][__main__.TRPOAgent.log][batch_info]: Current batch value loss: 4.505732482093338

[2020-01-28 18:32:07.560838][__main__.TRPOAgent.log][learning]: Episode #14

[2020-01-28 18:32:07.561418][__main__.TRPOAgent.log][learning]: Performing rollouts: rollout length: 1500

