LOGGER started at 2020-01-28 20:16:32.100184.
Currently active debug channels:
	act
	batch_info
	linesearch
	learning
[2020-01-28 20:16:32.612864][__main__.TRPOAgent.log][learning]: Episode #0

[2020-01-28 20:16:32.825018][__main__.TRPOAgent.log][learning]: Performing rollouts: rollout length: 1500

[2020-01-28 20:16:33.423976][__main__.TRPOAgent.log][learning]: Rollouts performed

[2020-01-28 20:16:33.426040][__main__.TRPOAgent.log][batch_info]: Rollout statistics size: 475, Batch size: 500, Number of batches: 1

[2020-01-28 20:16:33.426476][__main__.TRPOAgent.log][learning]: 

***************
BEGINNING TRAINING
***************



[2020-01-28 20:16:33.426970][__main__.TRPOAgent.log][batch_info]: Batch #0, batch length: 475

[2020-01-28 20:16:34.836148][__main__.TRPOAgent.log][learning]: Episode #1

[2020-01-28 20:16:34.837574][__main__.TRPOAgent.log][learning]: Performing rollouts: rollout length: 1500

[2020-01-28 20:16:35.662814][__main__.TRPOAgent.log][learning]: Rollouts performed

[2020-01-28 20:16:35.665732][__main__.TRPOAgent.log][batch_info]: Rollout statistics size: 472, Batch size: 500, Number of batches: 1

[2020-01-28 20:16:35.666323][__main__.TRPOAgent.log][learning]: 

***************
BEGINNING TRAINING
***************



[2020-01-28 20:16:35.666982][__main__.TRPOAgent.log][batch_info]: Batch #0, batch length: 472

[2020-01-28 20:16:36.613394][__main__.TRPOAgent.log][learning]: Episode #2

[2020-01-28 20:16:36.613805][__main__.TRPOAgent.log][learning]: Performing rollouts: rollout length: 1500

[2020-01-28 20:16:37.206438][__main__.TRPOAgent.log][learning]: Rollouts performed

[2020-01-28 20:16:37.208887][__main__.TRPOAgent.log][batch_info]: Rollout statistics size: 481, Batch size: 500, Number of batches: 1

[2020-01-28 20:16:37.209347][__main__.TRPOAgent.log][learning]: 

***************
BEGINNING TRAINING
***************



[2020-01-28 20:16:37.209803][__main__.TRPOAgent.log][batch_info]: Batch #0, batch length: 481

[2020-01-28 20:16:38.161772][__main__.TRPOAgent.log][learning]: Episode #3

[2020-01-28 20:16:38.162456][__main__.TRPOAgent.log][learning]: Performing rollouts: rollout length: 1500

[2020-01-28 20:16:38.705088][__main__.TRPOAgent.log][learning]: Rollouts performed

[2020-01-28 20:16:38.707190][__main__.TRPOAgent.log][batch_info]: Rollout statistics size: 468, Batch size: 500, Number of batches: 1

[2020-01-28 20:16:38.707692][__main__.TRPOAgent.log][learning]: 

***************
BEGINNING TRAINING
***************



[2020-01-28 20:16:38.708263][__main__.TRPOAgent.log][batch_info]: Batch #0, batch length: 468

[2020-01-28 20:16:39.505196][__main__.TRPOAgent.log][learning]: Episode #4

[2020-01-28 20:16:39.505804][__main__.TRPOAgent.log][learning]: Performing rollouts: rollout length: 1500

[2020-01-28 20:16:40.042397][__main__.TRPOAgent.log][learning]: Rollouts performed

[2020-01-28 20:16:40.044283][__main__.TRPOAgent.log][batch_info]: Rollout statistics size: 465, Batch size: 500, Number of batches: 1

[2020-01-28 20:16:40.044755][__main__.TRPOAgent.log][learning]: 

***************
BEGINNING TRAINING
***************



[2020-01-28 20:16:40.045330][__main__.TRPOAgent.log][batch_info]: Batch #0, batch length: 465

[2020-01-28 20:16:40.903835][__main__.TRPOAgent.log][learning]: Episode #5

[2020-01-28 20:16:40.904420][__main__.TRPOAgent.log][learning]: Performing rollouts: rollout length: 1500

[2020-01-28 20:16:41.453814][__main__.TRPOAgent.log][learning]: Rollouts performed

[2020-01-28 20:16:41.456034][__main__.TRPOAgent.log][batch_info]: Rollout statistics size: 461, Batch size: 500, Number of batches: 1

[2020-01-28 20:16:41.460952][__main__.TRPOAgent.log][learning]: 

***************
BEGINNING TRAINING
***************



[2020-01-28 20:16:41.461449][__main__.TRPOAgent.log][batch_info]: Batch #0, batch length: 461

[2020-01-28 20:16:42.184854][__main__.TRPOAgent.log][learning]: Episode #6

[2020-01-28 20:16:42.185383][__main__.TRPOAgent.log][learning]: Performing rollouts: rollout length: 1500

[2020-01-28 20:16:42.764156][__main__.TRPOAgent.log][learning]: Rollouts performed

[2020-01-28 20:16:42.766596][__main__.TRPOAgent.log][batch_info]: Rollout statistics size: 467, Batch size: 500, Number of batches: 1

[2020-01-28 20:16:42.767222][__main__.TRPOAgent.log][learning]: 

***************
BEGINNING TRAINING
***************



[2020-01-28 20:16:42.767876][__main__.TRPOAgent.log][batch_info]: Batch #0, batch length: 467

[2020-01-28 20:16:43.490423][__main__.TRPOAgent.log][learning]: Episode #7

[2020-01-28 20:16:43.490901][__main__.TRPOAgent.log][learning]: Performing rollouts: rollout length: 1500

[2020-01-28 20:16:44.057970][__main__.TRPOAgent.log][learning]: Rollouts performed

[2020-01-28 20:16:44.060290][__main__.TRPOAgent.log][batch_info]: Rollout statistics size: 462, Batch size: 500, Number of batches: 1

[2020-01-28 20:16:44.060685][__main__.TRPOAgent.log][learning]: 

***************
BEGINNING TRAINING
***************



[2020-01-28 20:16:44.061028][__main__.TRPOAgent.log][batch_info]: Batch #0, batch length: 462

[2020-01-28 20:16:44.802676][__main__.TRPOAgent.log][learning]: Episode #8

[2020-01-28 20:16:44.803107][__main__.TRPOAgent.log][learning]: Performing rollouts: rollout length: 1500

[2020-01-28 20:16:45.331675][__main__.TRPOAgent.log][learning]: Rollouts performed

[2020-01-28 20:16:45.333544][__main__.TRPOAgent.log][batch_info]: Rollout statistics size: 455, Batch size: 500, Number of batches: 1

[2020-01-28 20:16:45.334014][__main__.TRPOAgent.log][learning]: 

***************
BEGINNING TRAINING
***************



[2020-01-28 20:16:45.334389][__main__.TRPOAgent.log][batch_info]: Batch #0, batch length: 455

[2020-01-28 20:16:46.122840][__main__.TRPOAgent.log][learning]: Episode #9

[2020-01-28 20:16:46.123660][__main__.TRPOAgent.log][learning]: Performing rollouts: rollout length: 1500

[2020-01-28 20:16:46.690072][__main__.TRPOAgent.log][learning]: Rollouts performed

[2020-01-28 20:16:46.692197][__main__.TRPOAgent.log][batch_info]: Rollout statistics size: 453, Batch size: 500, Number of batches: 1

[2020-01-28 20:16:46.692740][__main__.TRPOAgent.log][learning]: 

***************
BEGINNING TRAINING
***************



[2020-01-28 20:16:46.693375][__main__.TRPOAgent.log][batch_info]: Batch #0, batch length: 453

[2020-01-28 20:16:47.421149][__main__.TRPOAgent.log][learning]: Episode #10

[2020-01-28 20:16:47.421562][__main__.TRPOAgent.log][learning]: Performing rollouts: rollout length: 1500

[2020-01-28 20:16:47.944913][__main__.TRPOAgent.log][learning]: Rollouts performed

[2020-01-28 20:16:47.946805][__main__.TRPOAgent.log][batch_info]: Rollout statistics size: 450, Batch size: 500, Number of batches: 1

[2020-01-28 20:16:47.947166][__main__.TRPOAgent.log][learning]: 

***************
BEGINNING TRAINING
***************



[2020-01-28 20:16:47.947517][__main__.TRPOAgent.log][batch_info]: Batch #0, batch length: 450

[2020-01-28 20:16:48.736163][__main__.TRPOAgent.log][learning]: Episode #11

[2020-01-28 20:16:48.736629][__main__.TRPOAgent.log][learning]: Performing rollouts: rollout length: 1500

[2020-01-28 20:16:49.278537][__main__.TRPOAgent.log][learning]: Rollouts performed

[2020-01-28 20:16:49.280380][__main__.TRPOAgent.log][batch_info]: Rollout statistics size: 450, Batch size: 500, Number of batches: 1

[2020-01-28 20:16:49.280736][__main__.TRPOAgent.log][learning]: 

***************
BEGINNING TRAINING
***************



[2020-01-28 20:16:49.281227][__main__.TRPOAgent.log][batch_info]: Batch #0, batch length: 450

[2020-01-28 20:16:50.079078][__main__.TRPOAgent.log][learning]: Episode #12

[2020-01-28 20:16:50.079695][__main__.TRPOAgent.log][learning]: Performing rollouts: rollout length: 1500

[2020-01-28 20:16:50.611522][__main__.TRPOAgent.log][learning]: Rollouts performed

[2020-01-28 20:16:50.613396][__main__.TRPOAgent.log][batch_info]: Rollout statistics size: 450, Batch size: 500, Number of batches: 1

[2020-01-28 20:16:50.613809][__main__.TRPOAgent.log][learning]: 

***************
BEGINNING TRAINING
***************



[2020-01-28 20:16:50.614203][__main__.TRPOAgent.log][batch_info]: Batch #0, batch length: 450

[2020-01-28 20:16:51.376081][__main__.TRPOAgent.log][learning]: Episode #13

[2020-01-28 20:16:51.376447][__main__.TRPOAgent.log][learning]: Performing rollouts: rollout length: 1500

[2020-01-28 20:16:51.900126][__main__.TRPOAgent.log][learning]: Rollouts performed

[2020-01-28 20:16:51.902138][__main__.TRPOAgent.log][batch_info]: Rollout statistics size: 450, Batch size: 500, Number of batches: 1

[2020-01-28 20:16:51.902660][__main__.TRPOAgent.log][learning]: 

***************
BEGINNING TRAINING
***************



[2020-01-28 20:16:51.903170][__main__.TRPOAgent.log][batch_info]: Batch #0, batch length: 450

[2020-01-28 20:16:52.791254][__main__.TRPOAgent.log][learning]: Episode #14

[2020-01-28 20:16:52.791722][__main__.TRPOAgent.log][learning]: Performing rollouts: rollout length: 1500

[2020-01-28 20:16:53.319891][__main__.TRPOAgent.log][learning]: Rollouts performed

[2020-01-28 20:16:53.321611][__main__.TRPOAgent.log][batch_info]: Rollout statistics size: 450, Batch size: 500, Number of batches: 1

[2020-01-28 20:16:53.322021][__main__.TRPOAgent.log][learning]: 

***************
BEGINNING TRAINING
***************



[2020-01-28 20:16:53.322458][__main__.TRPOAgent.log][batch_info]: Batch #0, batch length: 450

[2020-01-28 20:16:54.144729][__main__.TRPOAgent.log][learning]: Episode #15

[2020-01-28 20:16:54.145149][__main__.TRPOAgent.log][learning]: Performing rollouts: rollout length: 1500

[2020-01-28 20:16:54.670778][__main__.TRPOAgent.log][learning]: Rollouts performed

[2020-01-28 20:16:54.672572][__main__.TRPOAgent.log][batch_info]: Rollout statistics size: 450, Batch size: 500, Number of batches: 1

[2020-01-28 20:16:54.672936][__main__.TRPOAgent.log][learning]: 

***************
BEGINNING TRAINING
***************



[2020-01-28 20:16:54.673415][__main__.TRPOAgent.log][batch_info]: Batch #0, batch length: 450

[2020-01-28 20:16:55.534185][__main__.TRPOAgent.log][learning]: Episode #16

[2020-01-28 20:16:55.534968][__main__.TRPOAgent.log][learning]: Performing rollouts: rollout length: 1500

[2020-01-28 20:16:56.077760][__main__.TRPOAgent.log][learning]: Rollouts performed

[2020-01-28 20:16:56.079894][__main__.TRPOAgent.log][batch_info]: Rollout statistics size: 450, Batch size: 500, Number of batches: 1

[2020-01-28 20:16:56.080427][__main__.TRPOAgent.log][learning]: 

***************
BEGINNING TRAINING
***************



[2020-01-28 20:16:56.081002][__main__.TRPOAgent.log][batch_info]: Batch #0, batch length: 450

[2020-01-28 20:16:56.899528][__main__.TRPOAgent.log][learning]: Episode #17

[2020-01-28 20:16:56.900000][__main__.TRPOAgent.log][learning]: Performing rollouts: rollout length: 1500

[2020-01-28 20:16:57.439790][__main__.TRPOAgent.log][learning]: Rollouts performed

[2020-01-28 20:16:57.441846][__main__.TRPOAgent.log][batch_info]: Rollout statistics size: 450, Batch size: 500, Number of batches: 1

[2020-01-28 20:16:57.442275][__main__.TRPOAgent.log][learning]: 

***************
BEGINNING TRAINING
***************



[2020-01-28 20:16:57.442693][__main__.TRPOAgent.log][batch_info]: Batch #0, batch length: 450

[2020-01-28 20:16:58.281351][__main__.TRPOAgent.log][learning]: Episode #18

[2020-01-28 20:16:58.281764][__main__.TRPOAgent.log][learning]: Performing rollouts: rollout length: 1500

[2020-01-28 20:16:58.802472][__main__.TRPOAgent.log][learning]: Rollouts performed

[2020-01-28 20:16:58.804730][__main__.TRPOAgent.log][batch_info]: Rollout statistics size: 450, Batch size: 500, Number of batches: 1

[2020-01-28 20:16:58.805306][__main__.TRPOAgent.log][learning]: 

***************
BEGINNING TRAINING
***************



[2020-01-28 20:16:58.805982][__main__.TRPOAgent.log][batch_info]: Batch #0, batch length: 450

[2020-01-28 20:16:59.631912][__main__.TRPOAgent.log][learning]: Episode #19

[2020-01-28 20:16:59.632347][__main__.TRPOAgent.log][learning]: Performing rollouts: rollout length: 1500

[2020-01-28 20:17:00.156714][__main__.TRPOAgent.log][learning]: Rollouts performed

[2020-01-28 20:17:00.158573][__main__.TRPOAgent.log][batch_info]: Rollout statistics size: 450, Batch size: 500, Number of batches: 1

[2020-01-28 20:17:00.158974][__main__.TRPOAgent.log][learning]: 

***************
BEGINNING TRAINING
***************



[2020-01-28 20:17:00.159441][__main__.TRPOAgent.log][batch_info]: Batch #0, batch length: 450

[2020-01-28 20:17:01.017646][__main__.TRPOAgent.log][learning]: Episode #20

[2020-01-28 20:17:01.018249][__main__.TRPOAgent.log][learning]: Performing rollouts: rollout length: 1500

[2020-01-28 20:17:01.545420][__main__.TRPOAgent.log][learning]: Rollouts performed

[2020-01-28 20:17:01.547330][__main__.TRPOAgent.log][batch_info]: Rollout statistics size: 450, Batch size: 500, Number of batches: 1

[2020-01-28 20:17:01.547800][__main__.TRPOAgent.log][learning]: 

***************
BEGINNING TRAINING
***************



[2020-01-28 20:17:01.548361][__main__.TRPOAgent.log][batch_info]: Batch #0, batch length: 450

[2020-01-28 20:17:02.383465][__main__.TRPOAgent.log][learning]: Episode #21

[2020-01-28 20:17:02.383842][__main__.TRPOAgent.log][learning]: Performing rollouts: rollout length: 1500

[2020-01-28 20:17:02.925918][__main__.TRPOAgent.log][learning]: Rollouts performed

[2020-01-28 20:17:02.927805][__main__.TRPOAgent.log][batch_info]: Rollout statistics size: 450, Batch size: 500, Number of batches: 1

[2020-01-28 20:17:02.928239][__main__.TRPOAgent.log][learning]: 

***************
BEGINNING TRAINING
***************



[2020-01-28 20:17:02.928738][__main__.TRPOAgent.log][batch_info]: Batch #0, batch length: 450

[2020-01-28 20:17:03.689427][__main__.TRPOAgent.log][learning]: Episode #22

[2020-01-28 20:17:03.689934][__main__.TRPOAgent.log][learning]: Performing rollouts: rollout length: 1500

[2020-01-28 20:17:04.280442][__main__.TRPOAgent.log][learning]: Rollouts performed

[2020-01-28 20:17:04.282806][__main__.TRPOAgent.log][batch_info]: Rollout statistics size: 450, Batch size: 500, Number of batches: 1

[2020-01-28 20:17:04.283363][__main__.TRPOAgent.log][learning]: 

***************
BEGINNING TRAINING
***************



[2020-01-28 20:17:04.283943][__main__.TRPOAgent.log][batch_info]: Batch #0, batch length: 450

[2020-01-28 20:17:05.105904][__main__.TRPOAgent.log][learning]: Episode #23

[2020-01-28 20:17:05.106296][__main__.TRPOAgent.log][learning]: Performing rollouts: rollout length: 1500

[2020-01-28 20:17:05.633553][__main__.TRPOAgent.log][learning]: Rollouts performed

[2020-01-28 20:17:05.635752][__main__.TRPOAgent.log][batch_info]: Rollout statistics size: 450, Batch size: 500, Number of batches: 1

[2020-01-28 20:17:05.636123][__main__.TRPOAgent.log][learning]: 

***************
BEGINNING TRAINING
***************



[2020-01-28 20:17:05.636572][__main__.TRPOAgent.log][batch_info]: Batch #0, batch length: 450

[2020-01-28 20:17:06.517214][__main__.TRPOAgent.log][learning]: Episode #24

[2020-01-28 20:17:06.517724][__main__.TRPOAgent.log][learning]: Performing rollouts: rollout length: 1500

[2020-01-28 20:17:07.052125][__main__.TRPOAgent.log][learning]: Rollouts performed

[2020-01-28 20:17:07.053958][__main__.TRPOAgent.log][batch_info]: Rollout statistics size: 450, Batch size: 500, Number of batches: 1

[2020-01-28 20:17:07.054345][__main__.TRPOAgent.log][learning]: 

***************
BEGINNING TRAINING
***************



[2020-01-28 20:17:07.054705][__main__.TRPOAgent.log][batch_info]: Batch #0, batch length: 450

[2020-01-28 20:17:07.852820][__main__.TRPOAgent.log][learning]: Episode #25

[2020-01-28 20:17:07.853198][__main__.TRPOAgent.log][learning]: Performing rollouts: rollout length: 1500

[2020-01-28 20:17:08.422139][__main__.TRPOAgent.log][learning]: Rollouts performed

[2020-01-28 20:17:08.424079][__main__.TRPOAgent.log][batch_info]: Rollout statistics size: 450, Batch size: 500, Number of batches: 1

[2020-01-28 20:17:08.424493][__main__.TRPOAgent.log][learning]: 

***************
BEGINNING TRAINING
***************



[2020-01-28 20:17:08.424919][__main__.TRPOAgent.log][batch_info]: Batch #0, batch length: 450

[2020-01-28 20:17:09.513875][__main__.TRPOAgent.log][learning]: Episode #26

[2020-01-28 20:17:09.514543][__main__.TRPOAgent.log][learning]: Performing rollouts: rollout length: 1500

[2020-01-28 20:17:10.164405][__main__.TRPOAgent.log][learning]: Rollouts performed

[2020-01-28 20:17:10.166406][__main__.TRPOAgent.log][batch_info]: Rollout statistics size: 450, Batch size: 500, Number of batches: 1

[2020-01-28 20:17:10.166809][__main__.TRPOAgent.log][learning]: 

***************
BEGINNING TRAINING
***************



[2020-01-28 20:17:10.167246][__main__.TRPOAgent.log][batch_info]: Batch #0, batch length: 450

[2020-01-28 20:17:10.958912][__main__.TRPOAgent.log][learning]: Episode #27

[2020-01-28 20:17:10.959636][__main__.TRPOAgent.log][learning]: Performing rollouts: rollout length: 1500

[2020-01-28 20:17:11.694276][__main__.TRPOAgent.log][learning]: Rollouts performed

[2020-01-28 20:17:11.697237][__main__.TRPOAgent.log][batch_info]: Rollout statistics size: 450, Batch size: 500, Number of batches: 1

[2020-01-28 20:17:11.701589][__main__.TRPOAgent.log][learning]: 

***************
BEGINNING TRAINING
***************



[2020-01-28 20:17:11.702358][__main__.TRPOAgent.log][batch_info]: Batch #0, batch length: 450

