LOGGER started at 2020-01-29 19:39:04.645880.
Currently active debug channels:
	act
	batch_info
	linesearch
	learning
[2020-01-29 19:39:05.025784][__main__.TRPOAgent.log][learning]: Episode #55

[2020-01-29 19:39:05.228373][__main__.TRPOAgent.log][learning]: Performing rollouts: rollout length: 1500

[2020-01-29 19:39:06.035120][__main__.TRPOAgent.log][learning]: Rollouts performed

[2020-01-29 19:39:06.035514][__main__.TRPOAgent.log][batch_info]: Rollout statistics size: None, Batch size: 100

[2020-01-29 19:39:06.036110][__main__.TRPOAgent.log][learning]: 

***************
BEGINNING TRAINING
***************



[2020-01-29 19:39:07.035550][__main__.TRPOAgent.log][linesearch]: Linesearch worked at 1, New mean kl div: 0.000700429971891232, New policy loss value: 0.31496005490320544

[2020-01-29 19:39:07.036219][__main__.TRPOAgent.log][batch_info]: Current batch value loss: 101.78657087269036

[2020-01-29 19:39:08.611777][__main__.TRPOAgent.log][learning]: Episode #56

[2020-01-29 19:39:08.625637][__main__.TRPOAgent.log][learning]: Performing rollouts: rollout length: 1500

[2020-01-29 19:39:08.909920][__main__.TRPOAgent.log][learning]: Rollouts performed

[2020-01-29 19:39:08.910270][__main__.TRPOAgent.log][batch_info]: Rollout statistics size: None, Batch size: 100

[2020-01-29 19:39:08.910535][__main__.TRPOAgent.log][learning]: 

***************
BEGINNING TRAINING
***************



[2020-01-29 19:39:09.661421][__main__.TRPOAgent.log][linesearch]: Linesearch worked at 1, New mean kl div: 0.0008332926233435895, New policy loss value: 0.3720197033111179

[2020-01-29 19:39:09.661860][__main__.TRPOAgent.log][batch_info]: Current batch value loss: 3.205498801668485

[2020-01-29 19:39:10.445005][__main__.TRPOAgent.log][learning]: Episode #57

[2020-01-29 19:39:10.458499][__main__.TRPOAgent.log][learning]: Performing rollouts: rollout length: 1500

[2020-01-29 19:39:10.761669][__main__.TRPOAgent.log][learning]: Rollouts performed

[2020-01-29 19:39:10.762077][__main__.TRPOAgent.log][batch_info]: Rollout statistics size: None, Batch size: 100

[2020-01-29 19:39:10.762670][__main__.TRPOAgent.log][learning]: 

***************
BEGINNING TRAINING
***************



[2020-01-29 19:39:11.395945][__main__.TRPOAgent.log][linesearch]: Linesearch failed. Mean kl divergence: 3.273566418776793e-18, Discarded policy loss value: 4.0079214213392164e-17

[2020-01-29 19:39:11.396392][__main__.TRPOAgent.log][batch_info]: Current batch value loss: 12.53290820078325

[2020-01-29 19:39:12.810329][__main__.TRPOAgent.log][learning]: Episode #58

[2020-01-29 19:39:12.848870][__main__.TRPOAgent.log][learning]: Performing rollouts: rollout length: 1500

[2020-01-29 19:39:13.196386][__main__.TRPOAgent.log][learning]: Rollouts performed

[2020-01-29 19:39:13.196760][__main__.TRPOAgent.log][batch_info]: Rollout statistics size: None, Batch size: 100

[2020-01-29 19:39:13.197036][__main__.TRPOAgent.log][learning]: 

***************
BEGINNING TRAINING
***************



[2020-01-29 19:39:13.848227][__main__.TRPOAgent.log][linesearch]: Linesearch worked at 1, New mean kl div: 0.0008289700600844391, New policy loss value: 0.42734768342467955

[2020-01-29 19:39:13.848819][__main__.TRPOAgent.log][batch_info]: Current batch value loss: 5.669382651529179

[2020-01-29 19:39:15.260287][__main__.TRPOAgent.log][learning]: Episode #59

[2020-01-29 19:39:15.295345][__main__.TRPOAgent.log][learning]: Performing rollouts: rollout length: 1500

[2020-01-29 19:39:15.603833][__main__.TRPOAgent.log][learning]: Rollouts performed

[2020-01-29 19:39:15.604193][__main__.TRPOAgent.log][batch_info]: Rollout statistics size: None, Batch size: 100

[2020-01-29 19:39:15.604647][__main__.TRPOAgent.log][learning]: 

***************
BEGINNING TRAINING
***************



[2020-01-29 19:39:16.238196][__main__.TRPOAgent.log][linesearch]: Linesearch worked at 1, New mean kl div: 0.0008373832909672652, New policy loss value: 0.4649806828612918

[2020-01-29 19:39:16.238674][__main__.TRPOAgent.log][batch_info]: Current batch value loss: 5.43032865846694

[2020-01-29 19:39:17.822855][__main__.TRPOAgent.log][learning]: Episode #60

[2020-01-29 19:39:17.844456][__main__.TRPOAgent.log][learning]: Performing rollouts: rollout length: 1500

[2020-01-29 19:39:18.145612][__main__.TRPOAgent.log][learning]: Rollouts performed

[2020-01-29 19:39:18.145953][__main__.TRPOAgent.log][batch_info]: Rollout statistics size: None, Batch size: 100

[2020-01-29 19:39:18.146646][__main__.TRPOAgent.log][learning]: 

***************
BEGINNING TRAINING
***************



[2020-01-29 19:39:18.781101][__main__.TRPOAgent.log][linesearch]: Linesearch failed. Mean kl divergence: 5.859232348812784e-18, Discarded policy loss value: 4.8507499030324205e-17

[2020-01-29 19:39:18.781524][__main__.TRPOAgent.log][batch_info]: Current batch value loss: 33.2749502439636

[2020-01-29 19:39:19.723815][__main__.TRPOAgent.log][learning]: Episode #61

[2020-01-29 19:39:19.749971][__main__.TRPOAgent.log][learning]: Performing rollouts: rollout length: 1500

[2020-01-29 19:39:20.029060][__main__.TRPOAgent.log][learning]: Rollouts performed

[2020-01-29 19:39:20.029398][__main__.TRPOAgent.log][batch_info]: Rollout statistics size: None, Batch size: 100

[2020-01-29 19:39:20.030014][__main__.TRPOAgent.log][learning]: 

***************
BEGINNING TRAINING
***************



[2020-01-29 19:39:20.668766][__main__.TRPOAgent.log][linesearch]: Linesearch failed. Mean kl divergence: 2.6668075783105115e-18, Discarded policy loss value: 3.9616300803560814e-17

[2020-01-29 19:39:20.669200][__main__.TRPOAgent.log][batch_info]: Current batch value loss: 11.85727931623315

[2020-01-29 19:39:21.607423][__main__.TRPOAgent.log][learning]: Episode #62

[2020-01-29 19:39:21.631765][__main__.TRPOAgent.log][learning]: Performing rollouts: rollout length: 1500

[2020-01-29 19:39:21.990178][__main__.TRPOAgent.log][learning]: Rollouts performed

[2020-01-29 19:39:21.990551][__main__.TRPOAgent.log][batch_info]: Rollout statistics size: None, Batch size: 100

[2020-01-29 19:39:21.991129][__main__.TRPOAgent.log][learning]: 

***************
BEGINNING TRAINING
***************



[2020-01-29 19:39:22.656053][__main__.TRPOAgent.log][linesearch]: Linesearch failed. Mean kl divergence: 3.219589082742687e-19, Discarded policy loss value: 4.450154970187539e-17

[2020-01-29 19:39:22.656483][__main__.TRPOAgent.log][batch_info]: Current batch value loss: 140.84535804658074

[2020-01-29 19:39:23.759093][__main__.TRPOAgent.log][learning]: Episode #63

[2020-01-29 19:39:23.788383][__main__.TRPOAgent.log][learning]: Performing rollouts: rollout length: 1500

[2020-01-29 19:39:24.120161][__main__.TRPOAgent.log][learning]: Rollouts performed

[2020-01-29 19:39:24.120532][__main__.TRPOAgent.log][batch_info]: Rollout statistics size: None, Batch size: 100

[2020-01-29 19:39:24.121160][__main__.TRPOAgent.log][learning]: 

***************
BEGINNING TRAINING
***************



[2020-01-29 19:39:24.760198][__main__.TRPOAgent.log][linesearch]: Linesearch failed. Mean kl divergence: 4.834996731006671e-18, Discarded policy loss value: 2.7710751336773444e-17

[2020-01-29 19:39:24.760641][__main__.TRPOAgent.log][batch_info]: Current batch value loss: 18.32745315763971

[2020-01-29 19:39:25.940064][__main__.TRPOAgent.log][learning]: Episode #64

[2020-01-29 19:39:25.969757][__main__.TRPOAgent.log][learning]: Performing rollouts: rollout length: 1500

[2020-01-29 19:39:26.281358][__main__.TRPOAgent.log][learning]: Rollouts performed

[2020-01-29 19:39:26.281708][__main__.TRPOAgent.log][batch_info]: Rollout statistics size: None, Batch size: 100

[2020-01-29 19:39:26.282265][__main__.TRPOAgent.log][learning]: 

***************
BEGINNING TRAINING
***************



[2020-01-29 19:39:26.912145][__main__.TRPOAgent.log][linesearch]: Linesearch failed. Mean kl divergence: 2.7021405294784293e-18, Discarded policy loss value: 4.43961261871745e-17

[2020-01-29 19:39:26.912575][__main__.TRPOAgent.log][batch_info]: Current batch value loss: 7.81816018181716

[2020-01-29 19:39:27.930206][__main__.TRPOAgent.log][learning]: Episode #65

[2020-01-29 19:39:27.959852][__main__.TRPOAgent.log][learning]: Performing rollouts: rollout length: 1500

[2020-01-29 19:39:28.257776][__main__.TRPOAgent.log][learning]: Rollouts performed

[2020-01-29 19:39:28.258157][__main__.TRPOAgent.log][batch_info]: Rollout statistics size: None, Batch size: 100

[2020-01-29 19:39:28.258757][__main__.TRPOAgent.log][learning]: 

***************
BEGINNING TRAINING
***************



[2020-01-29 19:39:28.872670][__main__.TRPOAgent.log][linesearch]: Linesearch failed. Mean kl divergence: 1.0738227652544763e-18, Discarded policy loss value: 3.6583485695605845e-17

[2020-01-29 19:39:28.873102][__main__.TRPOAgent.log][batch_info]: Current batch value loss: 5.5024032095022015

[2020-01-29 19:39:30.140634][__main__.TRPOAgent.log][learning]: Episode #66

[2020-01-29 19:39:30.168306][__main__.TRPOAgent.log][learning]: Performing rollouts: rollout length: 1500

[2020-01-29 19:39:30.484115][__main__.TRPOAgent.log][learning]: Rollouts performed

[2020-01-29 19:39:30.484459][__main__.TRPOAgent.log][batch_info]: Rollout statistics size: None, Batch size: 100

[2020-01-29 19:39:30.484992][__main__.TRPOAgent.log][learning]: 

***************
BEGINNING TRAINING
***************



[2020-01-29 19:39:31.127696][__main__.TRPOAgent.log][linesearch]: Linesearch failed. Mean kl divergence: 2.7489646754790736e-18, Discarded policy loss value: 4.7964381882786655e-17

[2020-01-29 19:39:31.128139][__main__.TRPOAgent.log][batch_info]: Current batch value loss: 5.10168871519101

[2020-01-29 19:39:31.951350][__main__.TRPOAgent.log][learning]: Episode #67

[2020-01-29 19:39:31.962782][__main__.TRPOAgent.log][learning]: Performing rollouts: rollout length: 1500

[2020-01-29 19:39:32.244125][__main__.TRPOAgent.log][learning]: Rollouts performed

[2020-01-29 19:39:32.244494][__main__.TRPOAgent.log][batch_info]: Rollout statistics size: None, Batch size: 100

[2020-01-29 19:39:32.245047][__main__.TRPOAgent.log][learning]: 

***************
BEGINNING TRAINING
***************



[2020-01-29 19:39:32.846057][__main__.TRPOAgent.log][linesearch]: Linesearch worked at 1, New mean kl div: 0.0008357695319637032, New policy loss value: 0.46714663833081344

[2020-01-29 19:39:32.846489][__main__.TRPOAgent.log][batch_info]: Current batch value loss: 4.192240270498373

[2020-01-29 19:39:33.961123][__main__.TRPOAgent.log][learning]: Episode #68

[2020-01-29 19:39:33.989534][__main__.TRPOAgent.log][learning]: Performing rollouts: rollout length: 1500

[2020-01-29 19:39:34.290622][__main__.TRPOAgent.log][learning]: Rollouts performed

[2020-01-29 19:39:34.290978][__main__.TRPOAgent.log][batch_info]: Rollout statistics size: None, Batch size: 100

[2020-01-29 19:39:34.291232][__main__.TRPOAgent.log][learning]: 

***************
BEGINNING TRAINING
***************



[2020-01-29 19:39:34.878449][__main__.TRPOAgent.log][linesearch]: Linesearch worked at 1, New mean kl div: 0.0008344183746015151, New policy loss value: 0.4746785736146873

[2020-01-29 19:39:34.878912][__main__.TRPOAgent.log][batch_info]: Current batch value loss: 8.996424325914294

[2020-01-29 19:39:35.684527][__main__.TRPOAgent.log][learning]: Episode #69

[2020-01-29 19:39:35.695191][__main__.TRPOAgent.log][learning]: Performing rollouts: rollout length: 1500

[2020-01-29 19:39:35.987729][__main__.TRPOAgent.log][learning]: Rollouts performed

[2020-01-29 19:39:35.988087][__main__.TRPOAgent.log][batch_info]: Rollout statistics size: None, Batch size: 100

[2020-01-29 19:39:35.988659][__main__.TRPOAgent.log][learning]: 

***************
BEGINNING TRAINING
***************



[2020-01-29 19:39:36.742421][__main__.TRPOAgent.log][linesearch]: Linesearch failed. Mean kl divergence: 3.762496732073885e-18, Discarded policy loss value: 5.028938479395791e-17

[2020-01-29 19:39:36.742873][__main__.TRPOAgent.log][batch_info]: Current batch value loss: 3.7885526875722517

[2020-01-29 19:39:37.451802][__main__.TRPOAgent.log][learning]: Episode #70

[2020-01-29 19:39:37.462046][__main__.TRPOAgent.log][learning]: Performing rollouts: rollout length: 1500

[2020-01-29 19:39:37.747669][__main__.TRPOAgent.log][learning]: Rollouts performed

[2020-01-29 19:39:37.748017][__main__.TRPOAgent.log][batch_info]: Rollout statistics size: None, Batch size: 100

[2020-01-29 19:39:37.748799][__main__.TRPOAgent.log][learning]: 

***************
BEGINNING TRAINING
***************



[2020-01-29 19:39:38.378948][__main__.TRPOAgent.log][linesearch]: Linesearch failed. Mean kl divergence: 2.6985948735683704e-19, Discarded policy loss value: 4.892983292708893e-17

[2020-01-29 19:39:38.379389][__main__.TRPOAgent.log][batch_info]: Current batch value loss: 11.709071615652647

[2020-01-29 19:39:39.696634][__main__.TRPOAgent.log][learning]: Episode #71

[2020-01-29 19:39:39.707900][__main__.TRPOAgent.log][learning]: Performing rollouts: rollout length: 1500

[2020-01-29 19:39:39.988046][__main__.TRPOAgent.log][learning]: Rollouts performed

[2020-01-29 19:39:39.988407][__main__.TRPOAgent.log][batch_info]: Rollout statistics size: None, Batch size: 100

[2020-01-29 19:39:39.988969][__main__.TRPOAgent.log][learning]: 

***************
BEGINNING TRAINING
***************



[2020-01-29 19:39:40.586207][__main__.TRPOAgent.log][linesearch]: Linesearch failed. Mean kl divergence: 5.293488129246687e-18, Discarded policy loss value: 3.905567665486e-17

[2020-01-29 19:39:40.586652][__main__.TRPOAgent.log][batch_info]: Current batch value loss: 4.567392269435984

[2020-01-29 19:39:41.454249][__main__.TRPOAgent.log][learning]: Episode #72

[2020-01-29 19:39:41.465590][__main__.TRPOAgent.log][learning]: Performing rollouts: rollout length: 1500

[2020-01-29 19:39:41.762104][__main__.TRPOAgent.log][learning]: Rollouts performed

[2020-01-29 19:39:41.762482][__main__.TRPOAgent.log][batch_info]: Rollout statistics size: None, Batch size: 100

[2020-01-29 19:39:41.763214][__main__.TRPOAgent.log][learning]: 

***************
BEGINNING TRAINING
***************



[2020-01-29 19:39:42.415243][__main__.TRPOAgent.log][linesearch]: Linesearch failed. Mean kl divergence: 1.439322277597382e-18, Discarded policy loss value: 2.962081251257621e-17

[2020-01-29 19:39:42.415673][__main__.TRPOAgent.log][batch_info]: Current batch value loss: 5.75950120185287

[2020-01-29 19:39:44.083624][__main__.TRPOAgent.log][learning]: Episode #73

[2020-01-29 19:39:44.110465][__main__.TRPOAgent.log][learning]: Performing rollouts: rollout length: 1500

[2020-01-29 19:39:44.417111][__main__.TRPOAgent.log][learning]: Rollouts performed

[2020-01-29 19:39:44.417455][__main__.TRPOAgent.log][batch_info]: Rollout statistics size: None, Batch size: 100

[2020-01-29 19:39:44.418054][__main__.TRPOAgent.log][learning]: 

***************
BEGINNING TRAINING
***************



[2020-01-29 19:39:45.025700][__main__.TRPOAgent.log][linesearch]: Linesearch worked at 1, New mean kl div: 0.0008399574201505238, New policy loss value: 0.4950735956853749

[2020-01-29 19:39:45.026370][__main__.TRPOAgent.log][batch_info]: Current batch value loss: 9.205583676695824

[2020-01-29 19:39:46.182141][__main__.TRPOAgent.log][learning]: Episode #74

[2020-01-29 19:39:46.210207][__main__.TRPOAgent.log][learning]: Performing rollouts: rollout length: 1500

[2020-01-29 19:39:46.507138][__main__.TRPOAgent.log][learning]: Rollouts performed

[2020-01-29 19:39:46.507507][__main__.TRPOAgent.log][batch_info]: Rollout statistics size: None, Batch size: 100

[2020-01-29 19:39:46.508045][__main__.TRPOAgent.log][learning]: 

***************
BEGINNING TRAINING
***************



[2020-01-29 19:39:47.177938][__main__.TRPOAgent.log][linesearch]: Linesearch failed. Mean kl divergence: 1.4187113487281863e-18, Discarded policy loss value: 5.520748707154361e-17

[2020-01-29 19:39:47.178366][__main__.TRPOAgent.log][batch_info]: Current batch value loss: 13.538551975739582

[2020-01-29 19:39:48.021712][__main__.TRPOAgent.log][learning]: Episode #75

[2020-01-29 19:39:48.032515][__main__.TRPOAgent.log][learning]: Performing rollouts: rollout length: 1500

[2020-01-29 19:39:48.308064][__main__.TRPOAgent.log][learning]: Rollouts performed

[2020-01-29 19:39:48.308432][__main__.TRPOAgent.log][batch_info]: Rollout statistics size: None, Batch size: 100

[2020-01-29 19:39:48.308928][__main__.TRPOAgent.log][learning]: 

***************
BEGINNING TRAINING
***************



[2020-01-29 19:39:48.925889][__main__.TRPOAgent.log][linesearch]: Linesearch failed. Mean kl divergence: 4.868646786523649e-18, Discarded policy loss value: 4.958943527406794e-17

[2020-01-29 19:39:48.926321][__main__.TRPOAgent.log][batch_info]: Current batch value loss: 6.159066154093792

[2020-01-29 19:39:50.535860][__main__.TRPOAgent.log][learning]: Episode #76

[2020-01-29 19:39:50.544042][__main__.TRPOAgent.log][learning]: Performing rollouts: rollout length: 1500

