LOGGER started at 2020-01-29 22:50:35.573624.
Currently active debug channels:
	act
	batch_info
	linesearch
	learning
[2020-01-29 22:50:35.945540][__main__.TRPOAgent.log][learning]: Episode #0

[2020-01-29 22:50:36.127356][__main__.TRPOAgent.log][learning]: Performing rollouts: rollout length: 1000

[2020-01-29 22:50:36.410592][__main__.TRPOAgent.log][learning]: Rollouts performed

[2020-01-29 22:50:36.410960][__main__.TRPOAgent.log][batch_info]: Rollout statistics size: None, Batch size: 100

[2020-01-29 22:50:36.411577][__main__.TRPOAgent.log][learning]: 

***************
BEGINNING TRAINING
***************



[2020-01-29 22:50:38.331958][__main__.TRPOAgent.log][linesearch]: Linesearch failed. Mean kl divergence: 0.0, Discarded policy loss value: 2.844699564875846e-17

[2020-01-29 22:50:38.332369][__main__.TRPOAgent.log][batch_info]: Current batch value loss: 0.006777266323701446

[2020-01-29 22:50:39.534440][__main__.TRPOAgent.log][learning]: Episode #1

[2020-01-29 22:50:39.535008][__main__.TRPOAgent.log][learning]: Performing rollouts: rollout length: 1000

[2020-01-29 22:50:39.942550][__main__.TRPOAgent.log][learning]: Rollouts performed

[2020-01-29 22:50:39.942976][__main__.TRPOAgent.log][batch_info]: Rollout statistics size: None, Batch size: 100

[2020-01-29 22:50:39.943610][__main__.TRPOAgent.log][learning]: 

***************
BEGINNING TRAINING
***************



[2020-01-29 22:50:41.798584][__main__.TRPOAgent.log][linesearch]: Linesearch failed. Mean kl divergence: 0.0, Discarded policy loss value: 6.782453386800957e-17

[2020-01-29 22:50:41.799012][__main__.TRPOAgent.log][batch_info]: Current batch value loss: 7.156558356453186e-05

[2020-01-29 22:50:42.380402][__main__.TRPOAgent.log][learning]: Episode #2

[2020-01-29 22:50:42.381083][__main__.TRPOAgent.log][learning]: Performing rollouts: rollout length: 1000

[2020-01-29 22:50:42.650748][__main__.TRPOAgent.log][learning]: Rollouts performed

[2020-01-29 22:50:42.651093][__main__.TRPOAgent.log][batch_info]: Rollout statistics size: None, Batch size: 100

[2020-01-29 22:50:42.657831][__main__.TRPOAgent.log][learning]: 

***************
BEGINNING TRAINING
***************



[2020-01-29 22:50:44.323466][__main__.TRPOAgent.log][linesearch]: Linesearch failed. Mean kl divergence: 0.0, Discarded policy loss value: -5.6112355035206464e-18

[2020-01-29 22:50:44.323847][__main__.TRPOAgent.log][batch_info]: Current batch value loss: 0.003267094271723181

[2020-01-29 22:50:44.914953][__main__.TRPOAgent.log][learning]: Episode #3

[2020-01-29 22:50:44.915645][__main__.TRPOAgent.log][learning]: Performing rollouts: rollout length: 1000

[2020-01-29 22:50:45.181140][__main__.TRPOAgent.log][learning]: Rollouts performed

[2020-01-29 22:50:45.181481][__main__.TRPOAgent.log][batch_info]: Rollout statistics size: None, Batch size: 100

[2020-01-29 22:50:45.182030][__main__.TRPOAgent.log][learning]: 

***************
BEGINNING TRAINING
***************



[2020-01-29 22:50:46.870777][__main__.TRPOAgent.log][linesearch]: Linesearch failed. Mean kl divergence: 0.0, Discarded policy loss value: -4.7411659414597434e-17

[2020-01-29 22:50:46.871172][__main__.TRPOAgent.log][batch_info]: Current batch value loss: 5.017892530077006e-05

[2020-01-29 22:50:47.355599][__main__.TRPOAgent.log][learning]: Episode #4

[2020-01-29 22:50:47.356018][__main__.TRPOAgent.log][learning]: Performing rollouts: rollout length: 1000

[2020-01-29 22:50:47.610476][__main__.TRPOAgent.log][learning]: Rollouts performed

[2020-01-29 22:50:47.610841][__main__.TRPOAgent.log][batch_info]: Rollout statistics size: None, Batch size: 100

[2020-01-29 22:50:47.611313][__main__.TRPOAgent.log][learning]: 

***************
BEGINNING TRAINING
***************



