LOGGER started at 2020-01-28 13:29:26.188124.
Currently active debug channels:
	rollouts
	act
	training
	batch_info
	linesearch
	learning
	thread_rollouts
[2020-01-28 13:29:26.602689][__main__.TRPOAgent.log][learning]: Episode #0

[2020-01-28 13:29:26.810684][__main__.TRPOAgent.log][learning]: Performing rollouts: rollout length: 5000

[2020-01-28 13:29:26.843107][Environment.Environment.log][rollouts]: Rollout thread #1

[2020-01-28 13:29:26.843961][Environment.Environment.log][rollouts]: Rollout thread #2

[2020-01-28 13:29:26.843882][Environment.Environment.log][thread_rollouts]: Thread number: 0

[2020-01-28 13:29:26.844896][Environment.Environment.log][thread_rollouts]: Thread number: 1

[2020-01-28 13:29:26.873652][Environment.Environment.log][thread_rollouts]: Thread number: 0, Steps performed: 9

[2020-01-28 13:29:26.876506][Environment.Environment.log][thread_rollouts]: Thread number: 1, Steps performed: 9

[2020-01-28 13:29:26.876886][Environment.Environment.log][rollouts]: Rollout thread #3

[2020-01-28 13:29:26.877531][Environment.Environment.log][rollouts]: Rollout thread #4

[2020-01-28 13:29:26.878338][Environment.Environment.log][thread_rollouts]: Thread number: 3

[2020-01-28 13:29:26.877464][Environment.Environment.log][thread_rollouts]: Thread number: 2

[2020-01-28 13:29:26.910369][Environment.Environment.log][thread_rollouts]: Thread number: 3, Steps performed: 9

[2020-01-28 13:29:26.913340][Environment.Environment.log][thread_rollouts]: Thread number: 2, Steps performed: 12

[2020-01-28 13:29:26.913918][Environment.Environment.log][rollouts]: Rollout thread #5

[2020-01-28 13:29:26.914397][Environment.Environment.log][thread_rollouts]: Thread number: 4

[2020-01-28 13:29:26.914444][Environment.Environment.log][rollouts]: Rollout thread #6

[2020-01-28 13:29:26.917601][Environment.Environment.log][thread_rollouts]: Thread number: 5

[2020-01-28 13:29:26.946719][Environment.Environment.log][thread_rollouts]: Thread number: 4, Steps performed: 9

[2020-01-28 13:29:26.948043][Environment.Environment.log][thread_rollouts]: Thread number: 5, Steps performed: 9

[2020-01-28 13:29:26.948692][Environment.Environment.log][rollouts]: Rollout thread #7

[2020-01-28 13:29:26.949157][Environment.Environment.log][thread_rollouts]: Thread number: 6

[2020-01-28 13:29:26.949206][Environment.Environment.log][rollouts]: Rollout thread #8

[2020-01-28 13:29:26.951121][Environment.Environment.log][thread_rollouts]: Thread number: 7

[2020-01-28 13:29:26.981033][Environment.Environment.log][thread_rollouts]: Thread number: 7, Steps performed: 9

[2020-01-28 13:29:26.980752][Environment.Environment.log][thread_rollouts]: Thread number: 6, Steps performed: 9

[2020-01-28 13:29:26.981875][Environment.Environment.log][rollouts]: Rollout thread #9

[2020-01-28 13:29:26.982456][Environment.Environment.log][thread_rollouts]: Thread number: 8

[2020-01-28 13:29:26.982510][Environment.Environment.log][rollouts]: Rollout thread #10

[2020-01-28 13:29:26.984447][Environment.Environment.log][thread_rollouts]: Thread number: 9

[2020-01-28 13:29:27.015005][Environment.Environment.log][thread_rollouts]: Thread number: 8, Steps performed: 9

[2020-01-28 13:29:27.016749][Environment.Environment.log][thread_rollouts]: Thread number: 9, Steps performed: 9

[2020-01-28 13:29:27.017300][Environment.Environment.log][rollouts]: Rollout thread #11

[2020-01-28 13:29:27.017776][Environment.Environment.log][thread_rollouts]: Thread number: 10

[2020-01-28 13:29:27.017837][Environment.Environment.log][rollouts]: Rollout thread #12

[2020-01-28 13:29:27.023746][Environment.Environment.log][thread_rollouts]: Thread number: 11

[2020-01-28 13:29:27.046348][Environment.Environment.log][thread_rollouts]: Thread number: 10, Steps performed: 9

[2020-01-28 13:29:27.050543][Environment.Environment.log][thread_rollouts]: Thread number: 11, Steps performed: 9

[2020-01-28 13:29:27.051055][Environment.Environment.log][rollouts]: Rollout thread #13

[2020-01-28 13:29:27.051774][Environment.Environment.log][thread_rollouts]: Thread number: 12

[2020-01-28 13:29:27.051862][Environment.Environment.log][rollouts]: Rollout thread #14

[2020-01-28 13:29:27.055177][Environment.Environment.log][thread_rollouts]: Thread number: 13

[2020-01-28 13:29:27.082404][Environment.Environment.log][thread_rollouts]: Thread number: 13, Steps performed: 9

[2020-01-28 13:29:27.082457][Environment.Environment.log][thread_rollouts]: Thread number: 12, Steps performed: 9

[2020-01-28 13:29:27.083430][Environment.Environment.log][rollouts]: Rollout thread #15

[2020-01-28 13:29:27.083979][Environment.Environment.log][thread_rollouts]: Thread number: 14

[2020-01-28 13:29:27.084054][Environment.Environment.log][rollouts]: Rollout thread #16

[2020-01-28 13:29:27.085816][Environment.Environment.log][thread_rollouts]: Thread number: 15

[2020-01-28 13:29:27.115165][Environment.Environment.log][thread_rollouts]: Thread number: 14, Steps performed: 10

[2020-01-28 13:29:27.117881][Environment.Environment.log][thread_rollouts]: Thread number: 15, Steps performed: 10

[2020-01-28 13:29:27.118300][Environment.Environment.log][rollouts]: Rollout thread #17

[2020-01-28 13:29:27.118854][Environment.Environment.log][rollouts]: Rollout thread #18

[2020-01-28 13:29:27.118803][Environment.Environment.log][thread_rollouts]: Thread number: 16

[2020-01-28 13:29:27.120981][Environment.Environment.log][thread_rollouts]: Thread number: 17

[2020-01-28 13:29:27.150189][Environment.Environment.log][thread_rollouts]: Thread number: 16, Steps performed: 9

[2020-01-28 13:29:27.150842][Environment.Environment.log][thread_rollouts]: Thread number: 17, Steps performed: 9

[2020-01-28 13:29:27.151558][Environment.Environment.log][rollouts]: Rollout thread #19

[2020-01-28 13:29:27.152180][Environment.Environment.log][rollouts]: Rollout thread #20

[2020-01-28 13:29:27.152116][Environment.Environment.log][thread_rollouts]: Thread number: 18

[2020-01-28 13:29:27.153365][Environment.Environment.log][thread_rollouts]: Thread number: 19

[2020-01-28 13:29:27.186052][Environment.Environment.log][thread_rollouts]: Thread number: 18, Steps performed: 9

[2020-01-28 13:29:27.186656][Environment.Environment.log][thread_rollouts]: Thread number: 19, Steps performed: 9

[2020-01-28 13:29:27.188560][Environment.Environment.log][rollouts]: Rollout thread #21

[2020-01-28 13:29:27.189315][Environment.Environment.log][thread_rollouts]: Thread number: 20

[2020-01-28 13:29:27.189423][Environment.Environment.log][rollouts]: Rollout thread #22

[2020-01-28 13:29:27.192655][Environment.Environment.log][thread_rollouts]: Thread number: 21

[2020-01-28 13:29:27.216838][Environment.Environment.log][thread_rollouts]: Thread number: 20, Steps performed: 9

[2020-01-28 13:29:27.227137][Environment.Environment.log][thread_rollouts]: Thread number: 21, Steps performed: 11

[2020-01-28 13:29:27.227781][Environment.Environment.log][rollouts]: Rollout thread #23

[2020-01-28 13:29:27.228430][Environment.Environment.log][thread_rollouts]: Thread number: 22

[2020-01-28 13:29:27.228568][Environment.Environment.log][rollouts]: Rollout thread #24

[2020-01-28 13:29:27.231847][Environment.Environment.log][thread_rollouts]: Thread number: 23

[2020-01-28 13:29:27.254498][Environment.Environment.log][thread_rollouts]: Thread number: 22, Steps performed: 9

[2020-01-28 13:29:27.262109][Environment.Environment.log][thread_rollouts]: Thread number: 23, Steps performed: 9

[2020-01-28 13:29:27.262595][Environment.Environment.log][rollouts]: Rollout thread #25

[2020-01-28 13:29:27.263344][Environment.Environment.log][rollouts]: Rollout thread #26

[2020-01-28 13:29:27.264219][Environment.Environment.log][thread_rollouts]: Thread number: 25

[2020-01-28 13:29:27.263250][Environment.Environment.log][thread_rollouts]: Thread number: 24

[2020-01-28 13:29:27.293487][Environment.Environment.log][thread_rollouts]: Thread number: 24, Steps performed: 9

[2020-01-28 13:29:27.294160][Environment.Environment.log][thread_rollouts]: Thread number: 25, Steps performed: 9

[2020-01-28 13:29:27.294870][Environment.Environment.log][rollouts]: Rollout thread #27

[2020-01-28 13:29:27.295419][Environment.Environment.log][thread_rollouts]: Thread number: 26

[2020-01-28 13:29:27.295486][Environment.Environment.log][rollouts]: Rollout thread #28

[2020-01-28 13:29:27.297939][Environment.Environment.log][thread_rollouts]: Thread number: 27

[2020-01-28 13:29:27.326149][Environment.Environment.log][thread_rollouts]: Thread number: 26, Steps performed: 9

[2020-01-28 13:29:27.326304][Environment.Environment.log][thread_rollouts]: Thread number: 27, Steps performed: 9

[2020-01-28 13:29:27.327242][Environment.Environment.log][rollouts]: Rollout thread #29

[2020-01-28 13:29:27.328001][Environment.Environment.log][thread_rollouts]: Thread number: 28

[2020-01-28 13:29:27.328088][Environment.Environment.log][rollouts]: Rollout thread #30

[2020-01-28 13:29:27.331201][Environment.Environment.log][thread_rollouts]: Thread number: 29

[2020-01-28 13:29:27.364076][Environment.Environment.log][thread_rollouts]: Thread number: 28, Steps performed: 10

[2020-01-28 13:29:27.365157][Environment.Environment.log][thread_rollouts]: Thread number: 29, Steps performed: 10

[2020-01-28 13:29:27.365700][__main__.TRPOAgent.log][rollouts]: Unpacking actions

[2020-01-28 13:29:27.366512][__main__.TRPOAgent.log][rollouts]: Unpacking rewards

[2020-01-28 13:29:27.367687][__main__.TRPOAgent.log][rollouts]: Unpacking observations

[2020-01-28 13:29:27.368452][__main__.TRPOAgent.log][learning]: Rollouts performed

[2020-01-28 13:29:27.370468][__main__.TRPOAgent.log][batch_info]: Rollout statistics size: 279, Batch size: 60000, Number of batches: 1

[2020-01-28 13:29:27.371129][__main__.TRPOAgent.log][learning]: 

***************
BEGINNING TRAINING
***************



[2020-01-28 13:29:27.373918][__main__.TRPOAgent.log][batch_info]: Batch #0, batch length: 279

[2020-01-28 13:29:27.629894][__main__.TRPOAgent.log][training]: policy_gradient: [-3.64248251e-04 -3.92194609e-04  1.05337205e-04  2.10685077e-04
  1.75282268e-04  6.79631125e-04 -2.84701574e-04 -2.51217212e-04
 -2.16392595e-03  2.75524599e-04  1.34655409e-03  9.74853937e-05
  2.53760217e-03 -1.02492510e-03 -2.24595785e-04 -1.66749360e-04
  8.46530800e-04 -7.72850339e-04  3.06048336e-06 -7.93869118e-05
  7.85815470e-04 -7.25691270e-04 -6.44444098e-04 -1.00682002e-03
  2.49624544e-04  4.87058077e-04  2.00259230e-04  1.47335117e-03
  1.50240969e-03  3.59512703e-04 -3.36845738e-04  5.99240417e-04
 -2.11563788e-04 -5.73984463e-04 -2.26872576e-04  2.95080763e-04
  4.38164319e-04  2.01214574e-04 -8.23652352e-03 -3.23646488e-04
 -2.79683379e-02  6.63935963e-04  2.09952790e-02 -2.61854065e-05
  3.24457693e-02 -1.42204450e-02  4.15224470e-04  2.80489326e-04
  1.14788946e-02 -2.04735407e-04 -4.59229244e-05  5.63946977e-04
  2.19790088e-05 -8.47976227e-03 -6.25311543e-03 -1.25353414e-02
 -3.27348479e-04  8.20080124e-05  3.12135506e-03  1.32164346e-02
  1.82123299e-02  2.82991092e-04  1.33687557e-04 -2.07023850e-05
  3.23997380e-04  3.85271222e-04 -4.10671072e-05 -2.13868240e-04
 -1.88302541e-04 -5.41804060e-04  7.81216913e-04  2.46556435e-04
  2.92409749e-03 -2.93669121e-04 -2.13625315e-03 -7.94700950e-05
 -3.41231073e-03  1.50934528e-03  1.05136667e-04  4.80440656e-06
 -1.18051897e-03  6.12337608e-04  1.72591546e-06 -2.76386001e-05
 -6.00251686e-04  8.92146050e-04  6.78365797e-04  1.33847012e-03
 -1.79133684e-04 -3.79916365e-04 -3.04484658e-04 -1.44071948e-03
 -1.93124877e-03 -3.09935846e-04  2.70552983e-04 -4.61729456e-04
  7.00725277e-04  1.26628739e-03  2.16892089e-04 -6.60182920e-04
 -8.32467151e-04 -1.03418617e-03  1.25465822e-02  7.46880313e-04
  4.42134597e-02 -1.27214984e-03 -3.28179527e-02 -6.70721006e-05
 -5.13058735e-02  2.23565238e-02 -3.62782721e-04 -1.97942774e-04
 -1.80903383e-02  1.14082734e-03  6.40584122e-05 -7.38325574e-04
 -8.87186081e-04  1.34953560e-02  1.00972427e-02  1.98505461e-02
  2.10115393e-04 -6.50101869e-04 -4.89875349e-03 -2.14718714e-02
 -2.88895352e-02 -8.05565450e-04  1.68370176e-04 -6.21025040e-04
  4.13584064e-03  3.75556563e-03 -2.22806147e-03 -1.88732157e-03
 -1.35654311e-03 -8.96858949e-03 -5.64028534e-03  2.41792574e-03
  9.80067833e-03 -2.17860718e-03 -5.65952824e-04 -1.25775266e-03
 -1.17650557e-02  2.46878444e-03  4.41050031e-03  4.60106165e-03
 -3.18887156e-03  1.02726940e-02 -1.23595305e-04  2.82686869e-03
 -1.08860849e-02  4.82901268e-03  6.27787440e-03  4.93169737e-03
 -3.70607701e-03 -6.59178001e-03 -3.33137268e-04 -1.62594973e-02
 -8.53272419e-03 -4.28548059e-03  4.42654921e-03 -8.22862536e-03
  2.13683386e-04  0.00000000e+00  1.81688108e-04 -2.78550394e-04
 -4.37969966e-04  9.13589218e-05  1.09416806e-05 -7.81583608e-04
  6.86538453e-06  0.00000000e+00  1.27673807e-04 -2.55561111e-04
 -2.33642944e-04  0.00000000e+00  9.32607011e-04  0.00000000e+00
  4.37281952e-04  9.99078120e-07  3.71806776e-04 -5.70025880e-04
 -8.96262295e-04  1.89383419e-04  2.23910691e-05 -1.62019180e-03
  6.00298221e-04 -2.14896267e-07  2.61271840e-04 -7.07496743e-04
 -4.78127218e-04  0.00000000e+00  1.90848817e-03  0.00000000e+00
  3.49660784e-04  1.17317059e-06  2.97305315e-04 -4.55805905e-04
 -7.16672104e-04  1.52344375e-04  1.79044178e-05 -1.30331953e-03
  5.09968956e-04 -2.52342609e-07  2.08919019e-04 -5.75159339e-04
 -3.82321605e-04  0.00000000e+00  1.52607137e-03  0.00000000e+00
 -1.44776904e-04  4.35095379e-06 -1.23099144e-04  1.88726248e-04
  2.96737791e-04 -5.13314909e-05 -7.41331686e-06  4.39145418e-04
  3.21333170e-04 -9.35866485e-07 -8.65028342e-05  7.05498003e-05
  1.58300104e-04  0.00000000e+00 -6.31869228e-04  0.00000000e+00
  2.10948114e-04  0.00000000e+00  1.79362395e-04 -2.74984787e-04
 -4.32363696e-04  9.01894746e-05  1.08016208e-05 -7.71578885e-04
  2.37827223e-05  0.00000000e+00  1.26039508e-04 -2.57642009e-04
 -2.30652179e-04  0.00000000e+00  9.20669100e-04  0.00000000e+00
  1.33500197e-04  5.93001117e-06  1.13510923e-04 -1.74026317e-04
 -2.73624815e-04  7.14790167e-05  6.83589188e-06 -6.11509272e-04
  6.58942782e-04 -1.27551313e-06  7.97651081e-05 -3.65709477e-04
 -1.45970072e-04  0.00000000e+00  5.82652786e-04  0.00000000e+00
 -5.77966234e-03  1.01746330e-03  0.00000000e+00  7.74175338e-03
  0.00000000e+00 -2.47105650e-03  0.00000000e+00  0.00000000e+00
  2.54551753e-02 -2.18850820e-04  0.00000000e+00  0.00000000e+00
  6.31952420e-03  0.00000000e+00  0.00000000e+00  0.00000000e+00
  3.33634548e-04  2.78892747e-07  2.83678722e-04 -4.34914649e-04
 -6.83824393e-04  1.43320581e-04  1.70837927e-05 -1.22612017e-03
  4.53043604e-04 -5.99883123e-08  1.99343494e-04 -5.38237634e-04
 -3.64798404e-04  0.00000000e+00  1.45612593e-03  0.00000000e+00
 -8.63113391e-03  1.51944205e-03  0.00000000e+00  1.14732698e-02
  0.00000000e+00 -3.69018436e-03  0.00000000e+00  0.00000000e+00
  3.78400881e-02 -3.26823718e-04  0.00000000e+00  0.00000000e+00
  9.43734364e-03  0.00000000e+00  0.00000000e+00  0.00000000e+00
  1.21269188e-04  0.00000000e+00  1.03111289e-04 -1.58082389e-04
 -2.48555881e-04  5.18478414e-05  6.20960175e-06 -4.43562841e-04
  1.63268127e-04  0.00000000e+00  7.24571956e-05 -1.95196317e-04
 -1.32596599e-04  0.00000000e+00  5.29271355e-04  0.00000000e+00
 -7.08479617e-03  1.24722167e-03  0.00000000e+00  9.47244269e-03
  0.00000000e+00 -3.02905786e-03  0.00000000e+00  0.00000000e+00
  3.09769141e-02 -2.68270594e-04  0.00000000e+00  0.00000000e+00
  7.74656688e-03  0.00000000e+00  0.00000000e+00  0.00000000e+00
  6.77596466e-05  0.00000000e+00  5.76138476e-05 -8.83291706e-05
 -1.38881598e-04  2.89701899e-05  3.46963995e-06 -2.47842521e-04
  1.83815246e-05  0.00000000e+00  4.04857494e-05 -8.61394062e-05
 -7.40888829e-05  0.00000000e+00  2.95732498e-04  0.00000000e+00
 -3.49688978e-03  6.15599461e-04 -1.18044142e-05  4.73964890e-03
  2.84552409e-05 -1.48913649e-03 -7.10889290e-07  0.00000000e+00
  1.60190125e-02 -1.32412094e-04 -8.29506407e-06  0.00000000e+00
  3.82352433e-03  0.00000000e+00 -6.05921850e-05  0.00000000e+00
 -2.20083520e-03  3.85001354e-04 -4.11510381e-05  3.02514480e-03
  9.91970191e-05 -9.26181642e-04 -2.47821126e-06  5.06564330e-05
  1.10449647e-02 -8.28116964e-05 -2.89171907e-05  0.00000000e+00
  2.40640897e-03  0.00000000e+00 -2.11228720e-04  0.00000000e+00
  1.95616965e-04  4.81985985e-06  1.66326812e-04 -2.54999622e-04
 -4.00940649e-04  9.53404681e-05  1.00165876e-05 -8.15646087e-04
  6.40107879e-04 -1.03672563e-06  1.16879290e-04 -4.33443663e-04
 -2.13888990e-04  0.00000000e+00  8.53757310e-04  0.00000000e+00
 -2.33371317e-03  4.10831528e-04 -5.40879642e-06  3.14941298e-03
  1.30382247e-05 -9.95043942e-04 -3.25730305e-07  0.00000000e+00
  1.07217528e-02 -8.83676261e-05 -3.80080807e-06  0.00000000e+00
  2.55169869e-03  0.00000000e+00 -2.77634101e-05  0.00000000e+00
 -8.98862054e-03  1.58237471e-03 -1.37281320e-06  1.20303726e-02
  3.30924768e-06 -3.84233511e-03 -8.26740050e-08  0.00000000e+00
  4.02750464e-02 -3.40360191e-04 -9.64687720e-07  0.00000000e+00
  9.82822208e-03  0.00000000e+00 -7.04666489e-06  0.00000000e+00
  2.28544173e-04  4.67058071e-06  1.94323757e-04 -2.97922410e-04
 -4.68428948e-04  1.09055733e-04  1.17026288e-05 -9.32981382e-04
  6.42574088e-04 -1.00461650e-06  1.36552987e-04 -4.73267202e-04
 -2.49891836e-04  0.00000000e+00  9.97465933e-04  0.00000000e+00
  2.07276684e-04  0.00000000e+00  1.76240696e-04 -2.70198835e-04
 -4.24838655e-04  8.86197788e-05  1.06136248e-05 -7.58149999e-04
  7.79963487e-05  0.00000000e+00  1.23845863e-04 -2.70351391e-04
 -2.26637811e-04  0.00000000e+00  9.04645385e-04  0.00000000e+00
 -5.62340002e-05  4.39786786e-06 -4.78139612e-05  7.33047300e-05
  1.15258391e-04 -1.33616188e-05 -2.87946799e-06  1.14309824e-04
  3.40903923e-04 -9.45957446e-07 -3.35992845e-05 -4.06101048e-05
  6.14866586e-05  0.00000000e+00 -2.45429576e-04  0.00000000e+00
  3.65467480e-06  1.45520635e-06  3.10745240e-06 -4.76410976e-06
 -7.49069841e-06  5.09671077e-06  1.87138014e-07 -4.36028088e-05
  1.49576622e-04 -3.13006967e-07  2.18363371e-06 -5.14117552e-05
 -3.99604760e-06  0.00000000e+00  1.59505866e-05  0.00000000e+00
 -3.75952980e-03  6.61835135e-04  0.00000000e+00  4.97740632e-03
  0.00000000e+00 -1.60736216e-03  0.00000000e+00  0.00000000e+00
  1.62626735e-02 -1.42357136e-04  0.00000000e+00  0.00000000e+00
  4.11069681e-03  0.00000000e+00  0.00000000e+00  0.00000000e+00
 -9.18197470e-03  1.61641317e-03  0.00000000e+00  1.21995945e-02
  0.00000000e+00 -3.92569271e-03  0.00000000e+00  0.00000000e+00
  3.94921047e-02 -3.47681677e-04  0.00000000e+00  0.00000000e+00
  1.00396369e-02  0.00000000e+00  0.00000000e+00  0.00000000e+00
 -2.77089137e-03  4.87793252e-04 -9.19715173e-06  3.74335476e-03
  2.21702800e-05 -1.18005169e-03 -5.53873876e-07  0.00000000e+00
  1.25400674e-02 -1.04921674e-04 -6.46291814e-06  0.00000000e+00
  3.02971247e-03  0.00000000e+00 -4.72090786e-05  0.00000000e+00
  1.32500755e-04  0.00000000e+00  1.12661129e-04 -1.72723477e-04
 -2.71576336e-04  5.66498235e-05  6.78471531e-06 -4.84644221e-04
  2.02704401e-04  0.00000000e+00  7.91679506e-05 -2.20927657e-04
 -1.44877274e-04  0.00000000e+00  5.78290784e-04  0.00000000e+00
  4.82011160e-04  3.11854033e-06  4.09838582e-04 -6.28333354e-04
 -9.87940221e-04  2.13654517e-04  2.46814330e-05 -1.82783317e-03
  8.69905140e-04 -6.70781057e-07  2.87997120e-04 -8.45395848e-04
 -5.27034455e-04  0.00000000e+00  2.10370584e-03  0.00000000e+00
 -1.53156455e-03  2.69619682e-04 -4.79082897e-06  2.06301389e-03
  1.15485775e-05 -6.52401327e-04 -2.88514867e-07  0.00000000e+00
  7.03253349e-03 -5.79937265e-05 -3.36655699e-06  0.00000000e+00
  1.67462365e-03  0.00000000e+00 -2.45913766e-05  0.00000000e+00
 -2.16800131e-03  3.81659281e-04 -1.26094262e-05  2.90666642e-03
  3.03957702e-05 -9.20574211e-04 -7.59368987e-07  0.00000000e+00
  1.04540293e-02 -8.20928346e-05 -8.86075298e-06  0.00000000e+00
  2.37050816e-03  0.00000000e+00 -6.47243203e-05  0.00000000e+00
 -2.93883707e-04  5.17113784e-05 -6.85060984e-06  3.94008953e-04
  1.65138015e-05 -1.22262815e-04 -4.12559663e-07  5.08969804e-07
  1.83045774e-03 -1.11228361e-05 -4.81398284e-06  0.00000000e+00
  3.21334550e-04  0.00000000e+00 -3.51642538e-05  0.00000000e+00
  1.12505055e-04  1.50076964e-06  9.56594290e-05 -1.46657764e-04
 -2.30592730e-04  5.17456298e-05  5.76083338e-06 -4.42688413e-04
  2.35354740e-04 -3.22807383e-07  6.72207089e-05 -2.07491775e-04
 -1.23013833e-04  0.00000000e+00  4.91020876e-04  0.00000000e+00
  2.39883046e-04  0.00000000e+00  2.03964837e-04 -3.12703380e-04
 -4.91669341e-04  1.02560414e-04  1.22832370e-05 -8.77413356e-04
  3.81113314e-04  0.00000000e+00  1.43327856e-04 -4.04421363e-04
 -2.62289841e-04  0.00000000e+00  1.04695370e-03  0.00000000e+00
  1.38566674e-04  4.75906381e-07  1.17818785e-04 -1.80630803e-04
 -2.84009173e-04  6.03990747e-05  7.09532137e-06 -5.16719394e-04
  1.89012969e-04 -1.02364873e-07  8.27922803e-05 -2.23811792e-04
 -1.51509794e-04  0.00000000e+00  6.04765089e-04  0.00000000e+00
 -8.42150627e-04 -5.41643502e-04 -4.49719398e-03  1.97451942e-03
  1.08407529e-02  2.25769816e-04 -2.70831485e-04  1.43341813e-02
  4.73335403e-02  1.16504570e-04 -3.16021714e-03  3.16555018e-03
  9.20813528e-04  0.00000000e+00 -2.30841450e-02  0.00000000e+00
  1.55642173e-02 -1.55642173e-02  5.47274762e-03 -5.47274762e-03
  3.39261201e-04 -3.39261201e-04  1.93208784e-03 -1.93208784e-03
 -1.18697033e-03  1.18697033e-03  3.25833112e-03 -3.25833112e-03
 -7.61281762e-04  7.61281762e-04 -5.72977026e-04  5.72977026e-04
  3.50537179e-03 -3.50537179e-03  1.27172677e-02 -1.27172677e-02
 -7.35478175e-04  7.35478175e-04 -3.10601549e-05  3.10601549e-05
  6.22898797e-03 -6.22898797e-03  0.00000000e+00  0.00000000e+00
 -8.42940465e-04  8.42940465e-04  0.00000000e+00  0.00000000e+00
  3.58521468e-03 -3.58521468e-03]

[2020-01-28 13:29:27.630455][__main__.TRPOAgent.log][training]: Initiating conjugate gradients

[2020-01-28 13:29:27.716527][__main__.TRPOAgent.log][training]: gradient_step_direction: [-3.55745352e-02 -4.74264186e-02 -6.47183843e-03  2.93846179e-02
  2.34771167e-02  4.42661598e-02  3.97644197e-02 -3.43544212e-02
  2.64704939e-02  3.65310004e-02 -4.47515673e-02  9.00560642e-03
 -4.92980900e-02  3.73874489e-02  7.14097256e-03 -1.25457692e-02
 -1.66064317e-02 -4.92059222e-02 -3.94346993e-04  2.17761079e-02
  4.47484648e-02  2.48281679e-03 -7.75681859e-03  2.50742675e-02
  1.91523917e-02  2.95050999e-02  1.20465370e-02  1.44676298e-02
 -2.62230706e-02  2.94996865e-02 -3.04688295e-02  3.73438388e-02
 -2.20095478e-02 -1.20512068e-02  6.58312842e-03  3.47621262e-03
  8.47030752e-03  2.64345759e-02  9.29882981e-03 -2.88005628e-03
 -2.88405552e-01  1.29345403e-02  1.43305288e-01  5.78944678e-04
  3.27154407e-01 -9.75232837e-02 -1.12539378e-02 -4.18319882e-02
  1.12248429e-01 -3.02160121e-02 -6.72340122e-04 -6.43032953e-03
  2.95652553e-02 -1.03428681e-01 -1.04382838e-01 -1.29243333e-01
 -2.50280160e-03  1.88663898e-02  3.42262144e-02  2.36871159e-01
  1.70577854e-01  1.43500718e-02 -1.33892215e-03  1.93980019e-02
  3.30788929e-02  4.20676754e-02  6.55762581e-04 -2.43948287e-02
 -2.11753332e-02 -4.90124373e-02 -3.98428826e-02  2.81168207e-02
 -5.25576822e-02 -3.29315732e-02  5.80595323e-02 -7.92912540e-03
  6.95398034e-02 -4.26056181e-02  2.30026467e-03  9.98113289e-03
  2.54503844e-02  5.50193037e-02  3.94103299e-04 -1.14147991e-02
 -5.20848938e-02 -1.25829582e-02 -2.33914139e-03 -2.83579843e-02
 -1.65923712e-02 -3.36170030e-02 -5.72053534e-04  5.85588806e-03
  4.06400771e-02 -3.01037752e-02  2.67818259e-02 -4.10129673e-02
  6.91901155e-02  6.69529588e-02 -3.58964759e-03 -3.55170354e-02
 -3.67071364e-02 -8.60750133e-02 -7.58619248e-02  4.00819816e-02
  3.70268313e-01 -5.67722627e-02 -1.34375412e-01 -1.03278738e-02
 -3.96893105e-01  8.37842361e-02  1.02771210e-02  8.05182060e-02
 -1.35226056e-01  9.69726085e-02  1.36151736e-03 -1.21056010e-02
 -9.16122651e-02  1.43518600e-01  1.60948725e-01  1.51253230e-01
 -1.67166915e-02 -5.93467625e-02 -6.14255371e-02 -3.63085536e-01
 -2.04759407e-01 -5.21695619e-02  3.40713770e-02 -6.85028903e-02
  3.73568974e-01  5.37991101e-01  1.63313132e-01 -3.63620898e-01
 -2.58952699e-01 -3.30151974e-01 -4.15301669e-01  4.34623550e-01
  1.98137108e-01 -4.03381505e-01  2.25954661e-01 -1.04165984e-01
  1.32158091e-01 -2.87679869e-01 -2.33118113e-01  1.79940506e-01
  1.33296681e-02  3.57515114e-01  3.39002299e-03 -3.86214731e-01
 -2.89627975e-01  1.57000100e-01  2.64061388e-01 -1.89400978e-01
 -2.28291876e-01 -2.03465210e-01 -3.21610727e-01 -5.24181694e-01
  2.98396154e-03 -2.64735763e-01  3.53548783e-01 -2.85859090e-01
  2.11281435e-02  0.00000000e+00  1.79645806e-02 -2.75419291e-02
 -4.33046875e-02  9.03319824e-03  1.08186880e-03 -7.72798056e-02
 -1.83966453e-04  0.00000000e+00  1.26238662e-02 -2.49972883e-02
 -2.31016632e-02  0.00000000e+00  9.22123848e-02  0.00000000e+00
  3.40164465e-02 -2.74853968e-04  2.89230893e-02 -4.43426814e-02
 -6.97208232e-02  1.38759839e-02  1.74181544e-03 -1.18710266e-01
  1.34795211e-03  5.91195926e-05  2.03245049e-02 -4.07632704e-02
 -3.71938249e-02  0.00000000e+00  1.48462527e-01  0.00000000e+00
  2.72932910e-02 -2.72762914e-04  2.32066066e-02 -3.55786048e-02
 -5.59409024e-02  1.10066217e-02  1.39755560e-03 -9.41626193e-02
  2.20892782e-04  5.86698182e-05  1.63074831e-02 -3.24357644e-02
 -2.98426788e-02  0.00000000e+00  1.19119760e-01  0.00000000e+00
 -1.38973902e-02 -5.41094492e-04 -1.18165039e-02  1.81161654e-02
  2.84843838e-02 -7.25586373e-03 -7.11617417e-04  6.20745515e-02
 -8.45687709e-03  1.16386480e-04 -8.30355967e-03  1.91421913e-02
  1.51955062e-02  0.00000000e+00 -6.06542417e-02  0.00000000e+00
  2.01034740e-02  0.00000000e+00  1.70933370e-02 -2.62062047e-02
 -4.12045033e-02  8.59510753e-03  1.02940047e-03 -7.35319013e-02
  4.47154477e-05  0.00000000e+00  1.20116359e-02 -2.38541409e-02
 -2.19812822e-02  0.00000000e+00  8.77402824e-02  0.00000000e+00
  1.11832188e-02 -8.34840055e-04  9.50873052e-03 -1.45780626e-02
 -2.29213593e-02  2.75378121e-03  5.72637661e-04 -2.35588428e-02
 -1.09535255e-02  1.79569552e-04  6.68186702e-03 -9.81430471e-03
 -1.22278105e-02  0.00000000e+00  4.88084152e-02  0.00000000e+00
  1.13661786e-02 -2.00092512e-03  0.00000000e+00  9.35736385e-03
  0.00000000e+00  4.85953550e-03  0.00000000e+00  0.00000000e+00
  1.92947764e-01  4.30387720e-04  0.00000000e+00  0.00000000e+00
 -1.24278624e-02  0.00000000e+00  0.00000000e+00  0.00000000e+00
  2.46937451e-02 -1.04322170e-04  2.09962963e-02 -3.21899251e-02
 -5.06128184e-02  1.03042857e-02  1.26444559e-03 -8.81540726e-02
  3.37496415e-03  2.24391310e-05  1.47542790e-02 -3.03457594e-02
 -2.70003167e-02  0.00000000e+00  1.07774214e-01  0.00000000e+00
 -3.67753899e-02  6.47401259e-03  0.00000000e+00  7.37941110e-02
  0.00000000e+00 -1.57230741e-02  0.00000000e+00  0.00000000e+00
  4.62207862e-01 -1.39252547e-03  0.00000000e+00  0.00000000e+00
  4.02104727e-02  0.00000000e+00  0.00000000e+00  0.00000000e+00
  8.78274547e-03  0.00000000e+00  7.46768567e-03 -1.14488879e-02
 -1.80012995e-02  3.75500463e-03  4.49721319e-04 -3.21243958e-02
  2.29398880e-03  0.00000000e+00  5.24760727e-03 -1.11371875e-02
 -9.60311639e-03  0.00000000e+00  3.83317105e-02  0.00000000e+00
  3.57637734e-03 -6.29593025e-04  0.00000000e+00  2.29311398e-02
  0.00000000e+00  1.52905756e-03  0.00000000e+00  0.00000000e+00
  2.60483572e-01  1.35421564e-04  0.00000000e+00  0.00000000e+00
 -3.91043829e-03  0.00000000e+00  0.00000000e+00  0.00000000e+00
  6.17580168e-03  0.00000000e+00  5.25108541e-03 -8.05056490e-03
 -1.26580530e-02  2.64042319e-03  3.16232556e-04 -2.25890528e-02
  3.33576168e-04  0.00000000e+00  3.68998315e-03 -7.42867560e-03
 -6.75266567e-03  0.00000000e+00  2.69538777e-02  0.00000000e+00
  3.95381558e-02 -6.96037615e-03  8.49341980e-04 -3.04363927e-02
 -2.04738924e-03  1.64772004e-02  5.11493506e-05  0.00000000e+00
  3.66307955e-02  1.49713879e-03  5.96839963e-04  0.00000000e+00
 -4.32313037e-02  0.00000000e+00  4.35968150e-03  0.00000000e+00
  5.17919992e-02 -9.17454470e-03  2.93065680e-03 -4.93227866e-02
 -7.06452211e-03  2.05313164e-02  1.76490972e-04  1.18383785e-03
 -2.16210005e-02  1.97339447e-03  2.05939791e-03  0.00000000e+00
 -5.66297435e-02  0.00000000e+00  1.50430928e-02  0.00000000e+00
  1.57664668e-02 -7.21316018e-04  1.34057189e-02 -2.05526289e-02
 -3.23152810e-02  4.98902816e-03  8.07323354e-04 -4.26815772e-02
 -8.58817551e-03  1.55151149e-04  9.42031446e-03 -1.59939031e-02
 -1.72391667e-02  0.00000000e+00  6.88116983e-02  0.00000000e+00
  1.75254557e-02 -3.08521637e-03  3.10424864e-04 -1.03541993e-02
 -7.48297553e-04  7.33680120e-03  1.86945077e-05  0.00000000e+00
  5.62657741e-02  6.63613087e-04  2.18138239e-04  0.00000000e+00
 -1.91624594e-02  0.00000000e+00  1.59341416e-03  0.00000000e+00
  9.04674200e-03 -1.59260708e-03 -2.79705525e-04  2.46704290e-02
  6.74246765e-04  4.00852161e-03 -1.68445175e-05  0.00000000e+00
  3.64087480e-01  3.42560493e-04 -1.96551494e-04  0.00000000e+00
 -9.89177474e-03  0.00000000e+00 -1.43573146e-03  0.00000000e+00
  1.89282668e-02 -7.09990136e-04  1.60940956e-02 -2.46742437e-02
 -3.87957726e-02  6.36834138e-03  9.69223648e-04 -5.44817231e-02
 -8.29208096e-03  1.52715014e-04  1.13094601e-02 -1.98365734e-02
 -2.06963014e-02  0.00000000e+00  8.26111649e-02  0.00000000e+00
  1.82332179e-02  0.00000000e+00  1.55031184e-02 -2.37682024e-02
 -3.73711869e-02  7.79549182e-03  9.33633787e-04 -6.66911188e-02
  7.19854327e-04  0.00000000e+00  1.08941754e-02 -2.18487573e-02
 -1.99363307e-02  0.00000000e+00  7.95776730e-02  0.00000000e+00
 -4.59155399e-03 -5.23162350e-04 -3.90405086e-03  5.98539396e-03
  9.41094619e-03 -3.23366413e-03 -2.35111105e-04  2.76642800e-02
 -7.66422073e-03  1.12529374e-04 -2.74341042e-03  7.85721673e-03
  5.02043839e-03  0.00000000e+00 -2.00395352e-02  0.00000000e+00
 -1.85645813e-04 -2.47898507e-04 -1.57848781e-04  2.42001756e-04
  3.80503816e-04 -6.81429070e-04 -9.50606254e-06  5.82968513e-03
 -3.98385619e-03  5.33216196e-05 -1.10921749e-04  1.47403177e-03
  2.02986657e-04  0.00000000e+00 -8.10239603e-04  0.00000000e+00
 -2.74464415e-02  4.83172616e-03  0.00000000e+00  4.46999797e-02
  0.00000000e+00 -1.17345444e-02  0.00000000e+00  0.00000000e+00
  2.29040955e-01 -1.03927826e-03  0.00000000e+00  0.00000000e+00
  3.00101348e-02  0.00000000e+00  0.00000000e+00  0.00000000e+00
 -4.08043165e-02  7.18327285e-03  0.00000000e+00  8.00088571e-02
  0.00000000e+00 -1.74456150e-02  0.00000000e+00  0.00000000e+00
  4.59311381e-01 -1.54508351e-03  0.00000000e+00  0.00000000e+00
  4.46157297e-02  0.00000000e+00  0.00000000e+00  0.00000000e+00
  2.51641799e-02 -4.42995265e-03  8.65928878e-04 -1.75109105e-02
 -2.08737294e-03  1.03233612e-02  5.21482521e-05  0.00000000e+00
  4.19097983e-02  9.52858522e-04  6.08495719e-04  0.00000000e+00
 -2.75146952e-02  0.00000000e+00  4.44482223e-03  0.00000000e+00
  8.83400763e-03  0.00000000e+00  7.51127219e-03 -1.15157114e-02
 -1.81063674e-02  3.77692138e-03  4.52346184e-04 -3.23118957e-02
  2.75172913e-03  0.00000000e+00  5.27823588e-03 -1.13420470e-02
 -9.65916673e-03  0.00000000e+00  3.85554405e-02  0.00000000e+00
  3.68273657e-02 -5.47623479e-04  3.13131231e-02 -4.80068996e-02
 -7.54821417e-02  1.44153135e-02  1.88574875e-03 -1.23324278e-01
 -1.45438580e-03  1.17790830e-04  2.20040023e-02 -4.32146404e-02
 -4.02673036e-02  0.00000000e+00  1.60730596e-01  0.00000000e+00
  9.81020686e-03 -1.72700851e-03  4.57915495e-04 -5.04186362e-03
 -1.10383247e-03  3.96403407e-03  2.75767367e-05  0.00000000e+00
  4.22013740e-02  3.71470024e-04  3.21781183e-04  0.00000000e+00
 -1.07265508e-02  0.00000000e+00  2.35048515e-03  0.00000000e+00
  5.68816078e-03 -1.00135534e-03  1.55113030e-03  1.96363367e-03
 -3.73909162e-03  1.65197525e-03  9.34126761e-05  0.00000000e+00
  1.11976756e-01  2.15385912e-04  1.08999269e-03  0.00000000e+00
 -6.21947635e-03  0.00000000e+00  7.96196848e-03  0.00000000e+00
  4.26671796e-04 -7.72859687e-05  8.42924397e-04  7.14576612e-04
 -2.03191928e-03 -2.46709428e-04  5.07628687e-05  4.51652299e-05
  3.67365700e-02  1.66237547e-05  5.92330271e-04  0.00000000e+00
 -4.66526129e-04  0.00000000e+00  4.32673998e-03  0.00000000e+00
  9.54132891e-03 -2.54449120e-04  8.11268474e-03 -1.24377514e-02
 -1.95561080e-02  3.46136554e-03  4.88564658e-04 -2.96122876e-02
 -2.94544246e-03  5.47306207e-05  5.70085370e-03 -1.03877071e-02
 -1.04325569e-02  0.00000000e+00  4.16424976e-02  0.00000000e+00
  1.52325510e-02  0.00000000e+00  1.29517475e-02 -1.98566345e-02
 -3.12209560e-02  6.51257613e-03  7.79984179e-04 -5.57156636e-02
  4.85668302e-03  0.00000000e+00  9.10130489e-03 -1.95923885e-02
 -1.66553795e-02  0.00000000e+00  6.64814584e-02  0.00000000e+00
  1.12147987e-02 -9.37929538e-05  9.53558225e-03 -1.46192297e-02
 -2.29860869e-02  4.56702320e-03  5.74254859e-04 -3.90712860e-02
  2.91075442e-04  2.01743538e-05  6.70073610e-03 -1.33908841e-02
 -1.22623408e-02  0.00000000e+00  4.89462458e-02  0.00000000e+00
  2.05877310e-01 -1.14755510e-01 -2.28203713e-01 -1.66276382e-01
  5.50098590e-01  1.20911935e-02 -1.37429589e-02  1.63127418e+00
  4.51960094e-01  2.46832845e-02 -1.60360725e-01  5.08859868e-01
 -2.25107728e-01  0.00000000e+00 -1.17137211e+00  0.00000000e+00
  1.73837350e-01 -1.73837350e-01 -3.84259404e-02  3.84259404e-02
  1.11709260e-02 -1.11709260e-02 -7.18694704e-04  7.18694704e-04
 -1.07998256e-01  1.07998256e-01 -1.25069812e-01  1.25069812e-01
 -6.58331477e-02  6.58331477e-02 -4.77689711e-02  4.77689711e-02
  1.04416112e-01 -1.04416112e-01 -3.74725272e-02  3.74725272e-02
 -5.31107140e-02  5.31107140e-02 -3.09663324e-03  3.09663324e-03
 -1.37701924e-02  1.37701924e-02  0.00000000e+00  0.00000000e+00
 -6.22199113e-02  6.22199113e-02  0.00000000e+00  0.00000000e+00
 -8.76463588e-01  8.76463588e-01]

[2020-01-28 13:29:27.760385][__main__.TRPOAgent.log][linesearch]: Linesearch worked at 1, New mean kl div: 0.003629791151271464, New policy loss value: -0.023379663310943006

[2020-01-28 13:29:28.057516][__main__.TRPOAgent.log][batch_info]: Current batch value loss: 5.551777762422834

[2020-01-28 13:29:28.057895][__main__.TRPOAgent.log][linesearch]: Linesearch successful, updating policy parameters

