LOGGER started at 2020-01-28 20:52:39.789920.
Currently active debug channels:
	act
	batch_info
	linesearch
	learning
[2020-01-28 20:52:40.181737][__main__.TRPOAgent.log][learning]: Episode #0

[2020-01-28 20:52:40.369388][__main__.TRPOAgent.log][learning]: Performing rollouts: rollout length: 1500

[2020-01-28 20:52:40.921618][__main__.TRPOAgent.log][learning]: Rollouts performed

[2020-01-28 20:52:40.923543][__main__.TRPOAgent.log][batch_info]: Rollout statistics size: 472, Batch size: 500, Number of batches: 1

[2020-01-28 20:52:40.923921][__main__.TRPOAgent.log][learning]: 

***************
BEGINNING TRAINING
***************



[2020-01-28 20:52:40.924454][__main__.TRPOAgent.log][batch_info]: Batch #0, batch length: 472

[2020-01-28 20:52:41.046211][__main__.TRPOAgent.log][linesearch]: Linesearch worked at 1, New mean kl div: 1.8014031242024453e-08, New policy loss value: -2.9641343462961674e-05

[2020-01-28 20:52:41.282822][__main__.TRPOAgent.log][batch_info]: Current batch value loss: 27.749313580062626

[2020-01-28 20:52:41.283214][__main__.TRPOAgent.log][linesearch]: Linesearch successful, updating policy parameters

[2020-01-28 20:52:43.823116][__main__.TRPOAgent.log][learning]: Episode #1

[2020-01-28 20:52:43.823924][__main__.TRPOAgent.log][learning]: Performing rollouts: rollout length: 1500

[2020-01-28 20:52:47.937579][__main__.TRPOAgent.log][learning]: Rollouts performed

[2020-01-28 20:52:47.945754][__main__.TRPOAgent.log][batch_info]: Rollout statistics size: 4189, Batch size: 500, Number of batches: 1

[2020-01-28 20:52:47.946240][__main__.TRPOAgent.log][learning]: 

***************
BEGINNING TRAINING
***************



[2020-01-28 20:52:47.947380][__main__.TRPOAgent.log][batch_info]: Batch #0, batch length: 4189

[2020-01-28 20:52:48.155165][__main__.TRPOAgent.log][linesearch]: Linesearch worked at 1, New mean kl div: 7.262489101231179e-09, New policy loss value: -7.303687773001823e-06

[2020-01-28 20:52:48.293934][__main__.TRPOAgent.log][batch_info]: Current batch value loss: 597.1279939478585

[2020-01-28 20:52:48.294334][__main__.TRPOAgent.log][linesearch]: Linesearch successful, updating policy parameters

[2020-01-28 20:52:49.707526][__main__.TRPOAgent.log][learning]: Episode #2

[2020-01-28 20:52:49.708893][__main__.TRPOAgent.log][learning]: Performing rollouts: rollout length: 1500

[2020-01-28 20:52:52.505289][__main__.TRPOAgent.log][learning]: Rollouts performed

[2020-01-28 20:52:52.510792][__main__.TRPOAgent.log][batch_info]: Rollout statistics size: 2845, Batch size: 500, Number of batches: 1

[2020-01-28 20:52:52.511215][__main__.TRPOAgent.log][learning]: 

***************
BEGINNING TRAINING
***************



[2020-01-28 20:52:52.512299][__main__.TRPOAgent.log][batch_info]: Batch #0, batch length: 2845

[2020-01-28 20:52:52.650866][__main__.TRPOAgent.log][linesearch]: Linesearch worked at 0, New mean kl div: 0.005732691804898425, New policy loss value: -0.030737626733006496

[2020-01-28 20:52:52.752370][__main__.TRPOAgent.log][batch_info]: Current batch value loss: 227.1516239427242

[2020-01-28 20:52:52.752816][__main__.TRPOAgent.log][linesearch]: Linesearch successful, updating policy parameters

[2020-01-28 20:52:53.391588][__main__.TRPOAgent.log][learning]: Episode #3

[2020-01-28 20:52:53.391957][__main__.TRPOAgent.log][learning]: Performing rollouts: rollout length: 1500

[2020-01-28 20:52:53.969476][__main__.TRPOAgent.log][learning]: Rollouts performed

[2020-01-28 20:52:53.971366][__main__.TRPOAgent.log][batch_info]: Rollout statistics size: 514, Batch size: 500, Number of batches: 1

[2020-01-28 20:52:53.971743][__main__.TRPOAgent.log][learning]: 

***************
BEGINNING TRAINING
***************



[2020-01-28 20:52:53.972293][__main__.TRPOAgent.log][batch_info]: Batch #0, batch length: 514

[2020-01-28 20:52:54.087628][__main__.TRPOAgent.log][linesearch]: Linesearch worked at 0, New mean kl div: 0.003373225451227088, New policy loss value: -0.022013326062863128

[2020-01-28 20:52:54.134647][__main__.TRPOAgent.log][batch_info]: Current batch value loss: 91.04139323549975

[2020-01-28 20:52:54.135065][__main__.TRPOAgent.log][linesearch]: Linesearch successful, updating policy parameters

[2020-01-28 20:52:54.938055][__main__.TRPOAgent.log][learning]: Episode #4

[2020-01-28 20:52:54.938590][__main__.TRPOAgent.log][learning]: Performing rollouts: rollout length: 1500

[2020-01-28 20:52:55.521866][__main__.TRPOAgent.log][learning]: Rollouts performed

[2020-01-28 20:52:55.523728][__main__.TRPOAgent.log][batch_info]: Rollout statistics size: 521, Batch size: 500, Number of batches: 1

[2020-01-28 20:52:55.524122][__main__.TRPOAgent.log][learning]: 

***************
BEGINNING TRAINING
***************



[2020-01-28 20:52:55.524600][__main__.TRPOAgent.log][batch_info]: Batch #0, batch length: 521

[2020-01-28 20:52:55.615623][__main__.TRPOAgent.log][linesearch]: Linesearch worked at 0, New mean kl div: 0.009583455624170383, New policy loss value: -0.03951602774865996

[2020-01-28 20:52:55.660414][__main__.TRPOAgent.log][batch_info]: Current batch value loss: 45.364413142504596

[2020-01-28 20:52:55.661011][__main__.TRPOAgent.log][linesearch]: Linesearch successful, updating policy parameters

[2020-01-28 20:52:56.411497][__main__.TRPOAgent.log][learning]: Episode #5

[2020-01-28 20:52:56.411881][__main__.TRPOAgent.log][learning]: Performing rollouts: rollout length: 1500

[2020-01-28 20:52:57.000201][__main__.TRPOAgent.log][learning]: Rollouts performed

[2020-01-28 20:52:57.002023][__main__.TRPOAgent.log][batch_info]: Rollout statistics size: 514, Batch size: 500, Number of batches: 1

[2020-01-28 20:52:57.002405][__main__.TRPOAgent.log][learning]: 

***************
BEGINNING TRAINING
***************



[2020-01-28 20:52:57.002867][__main__.TRPOAgent.log][batch_info]: Batch #0, batch length: 514

[2020-01-28 20:52:57.122645][__main__.TRPOAgent.log][linesearch]: Linesearch worked at 1, New mean kl div: 8.701893741736958e-09, New policy loss value: -5.443182694848574e-05

[2020-01-28 20:52:57.170576][__main__.TRPOAgent.log][batch_info]: Current batch value loss: 18.763933986851637

[2020-01-28 20:52:57.170997][__main__.TRPOAgent.log][linesearch]: Linesearch successful, updating policy parameters

[2020-01-28 20:52:57.844739][__main__.TRPOAgent.log][learning]: Episode #6

[2020-01-28 20:52:57.845104][__main__.TRPOAgent.log][learning]: Performing rollouts: rollout length: 1500

[2020-01-28 20:52:58.594533][__main__.TRPOAgent.log][learning]: Rollouts performed

[2020-01-28 20:52:58.596788][__main__.TRPOAgent.log][batch_info]: Rollout statistics size: 510, Batch size: 500, Number of batches: 1

[2020-01-28 20:52:58.597290][__main__.TRPOAgent.log][learning]: 

***************
BEGINNING TRAINING
***************



[2020-01-28 20:52:58.598273][__main__.TRPOAgent.log][batch_info]: Batch #0, batch length: 510

[2020-01-28 20:52:58.730519][__main__.TRPOAgent.log][linesearch]: Linesearch worked at 1, New mean kl div: 9.128608543852535e-09, New policy loss value: -5.374562736000537e-05

[2020-01-28 20:52:58.774878][__main__.TRPOAgent.log][batch_info]: Current batch value loss: 8.764554146139178

[2020-01-28 20:52:58.775279][__main__.TRPOAgent.log][linesearch]: Linesearch successful, updating policy parameters

[2020-01-28 20:52:59.536736][__main__.TRPOAgent.log][learning]: Episode #7

[2020-01-28 20:52:59.537440][__main__.TRPOAgent.log][learning]: Performing rollouts: rollout length: 1500

[2020-01-28 20:53:00.375224][__main__.TRPOAgent.log][learning]: Rollouts performed

[2020-01-28 20:53:00.377566][__main__.TRPOAgent.log][batch_info]: Rollout statistics size: 501, Batch size: 500, Number of batches: 1

[2020-01-28 20:53:00.382648][__main__.TRPOAgent.log][learning]: 

***************
BEGINNING TRAINING
***************



[2020-01-28 20:53:00.383549][__main__.TRPOAgent.log][batch_info]: Batch #0, batch length: 501

[2020-01-28 20:53:00.526446][__main__.TRPOAgent.log][linesearch]: Linesearch worked at 1, New mean kl div: 9.356590914491067e-09, New policy loss value: -5.6664356492761145e-05

[2020-01-28 20:53:00.568184][__main__.TRPOAgent.log][batch_info]: Current batch value loss: 5.256784180146736

[2020-01-28 20:53:00.568607][__main__.TRPOAgent.log][linesearch]: Linesearch successful, updating policy parameters

[2020-01-28 20:53:01.332221][__main__.TRPOAgent.log][learning]: Episode #8

[2020-01-28 20:53:01.332921][__main__.TRPOAgent.log][learning]: Performing rollouts: rollout length: 1500

[2020-01-28 20:53:02.069715][__main__.TRPOAgent.log][learning]: Rollouts performed

[2020-01-28 20:53:02.071815][__main__.TRPOAgent.log][batch_info]: Rollout statistics size: 507, Batch size: 500, Number of batches: 1

[2020-01-28 20:53:02.072230][__main__.TRPOAgent.log][learning]: 

***************
BEGINNING TRAINING
***************



[2020-01-28 20:53:02.072711][__main__.TRPOAgent.log][batch_info]: Batch #0, batch length: 507

[2020-01-28 20:53:02.180362][__main__.TRPOAgent.log][linesearch]: Linesearch worked at 1, New mean kl div: 9.410270276781315e-09, New policy loss value: -5.3850136793783e-05

[2020-01-28 20:53:02.223355][__main__.TRPOAgent.log][batch_info]: Current batch value loss: 4.122495881228752

[2020-01-28 20:53:02.223777][__main__.TRPOAgent.log][linesearch]: Linesearch successful, updating policy parameters

[2020-01-28 20:53:02.983899][__main__.TRPOAgent.log][learning]: Episode #9

[2020-01-28 20:53:02.984392][__main__.TRPOAgent.log][learning]: Performing rollouts: rollout length: 1500

[2020-01-28 20:53:03.613866][__main__.TRPOAgent.log][learning]: Rollouts performed

[2020-01-28 20:53:03.615968][__main__.TRPOAgent.log][batch_info]: Rollout statistics size: 502, Batch size: 500, Number of batches: 1

[2020-01-28 20:53:03.616419][__main__.TRPOAgent.log][learning]: 

***************
BEGINNING TRAINING
***************



[2020-01-28 20:53:03.616961][__main__.TRPOAgent.log][batch_info]: Batch #0, batch length: 502

[2020-01-28 20:53:03.709431][__main__.TRPOAgent.log][linesearch]: Linesearch worked at 1, New mean kl div: 9.996237867702368e-09, New policy loss value: -5.799372887123482e-05

[2020-01-28 20:53:03.754706][__main__.TRPOAgent.log][batch_info]: Current batch value loss: 3.75479693320101

[2020-01-28 20:53:03.755319][__main__.TRPOAgent.log][linesearch]: Linesearch successful, updating policy parameters

[2020-01-28 20:53:04.468127][__main__.TRPOAgent.log][learning]: Episode #10

[2020-01-28 20:53:04.468576][__main__.TRPOAgent.log][learning]: Performing rollouts: rollout length: 1500

[2020-01-28 20:53:05.167840][__main__.TRPOAgent.log][learning]: Rollouts performed

[2020-01-28 20:53:05.169961][__main__.TRPOAgent.log][batch_info]: Rollout statistics size: 500, Batch size: 500, Number of batches: 1

[2020-01-28 20:53:05.170345][__main__.TRPOAgent.log][learning]: 

***************
BEGINNING TRAINING
***************



[2020-01-28 20:53:05.170716][__main__.TRPOAgent.log][batch_info]: Batch #0, batch length: 500

[2020-01-28 20:53:05.255107][__main__.TRPOAgent.log][linesearch]: Linesearch worked at 1, New mean kl div: 9.996993918611792e-09, New policy loss value: -5.8903369496409396e-05

[2020-01-28 20:53:05.301526][__main__.TRPOAgent.log][batch_info]: Current batch value loss: 3.646450607623905

[2020-01-28 20:53:05.301946][__main__.TRPOAgent.log][linesearch]: Linesearch successful, updating policy parameters

[2020-01-28 20:53:05.968643][__main__.TRPOAgent.log][learning]: Episode #11

[2020-01-28 20:53:05.969018][__main__.TRPOAgent.log][learning]: Performing rollouts: rollout length: 1500

[2020-01-28 20:53:06.575079][__main__.TRPOAgent.log][learning]: Rollouts performed

[2020-01-28 20:53:06.577090][__main__.TRPOAgent.log][batch_info]: Rollout statistics size: 500, Batch size: 500, Number of batches: 1

[2020-01-28 20:53:06.577502][__main__.TRPOAgent.log][learning]: 

***************
BEGINNING TRAINING
***************



[2020-01-28 20:53:06.577965][__main__.TRPOAgent.log][batch_info]: Batch #0, batch length: 500

[2020-01-28 20:53:06.674204][__main__.TRPOAgent.log][linesearch]: Linesearch worked at 1, New mean kl div: 9.997142884883375e-09, New policy loss value: -5.9285116693688525e-05

[2020-01-28 20:53:06.721850][__main__.TRPOAgent.log][batch_info]: Current batch value loss: 3.5827168758399783

[2020-01-28 20:53:06.722454][__main__.TRPOAgent.log][linesearch]: Linesearch successful, updating policy parameters

[2020-01-28 20:53:07.403435][__main__.TRPOAgent.log][learning]: Episode #12

[2020-01-28 20:53:07.403875][__main__.TRPOAgent.log][learning]: Performing rollouts: rollout length: 1500

[2020-01-28 20:53:08.042160][__main__.TRPOAgent.log][learning]: Rollouts performed

[2020-01-28 20:53:08.044622][__main__.TRPOAgent.log][batch_info]: Rollout statistics size: 500, Batch size: 500, Number of batches: 1

[2020-01-28 20:53:08.045160][__main__.TRPOAgent.log][learning]: 

***************
BEGINNING TRAINING
***************



[2020-01-28 20:53:08.045703][__main__.TRPOAgent.log][batch_info]: Batch #0, batch length: 500

[2020-01-28 20:53:08.142444][__main__.TRPOAgent.log][linesearch]: Linesearch worked at 1, New mean kl div: 9.997131346294957e-09, New policy loss value: -5.95889740199933e-05

[2020-01-28 20:53:08.186486][__main__.TRPOAgent.log][batch_info]: Current batch value loss: 3.5311789088808

[2020-01-28 20:53:08.186887][__main__.TRPOAgent.log][linesearch]: Linesearch successful, updating policy parameters

[2020-01-28 20:53:08.859306][__main__.TRPOAgent.log][learning]: Episode #13

[2020-01-28 20:53:08.859957][__main__.TRPOAgent.log][learning]: Performing rollouts: rollout length: 1500

[2020-01-28 20:53:09.514698][__main__.TRPOAgent.log][learning]: Rollouts performed

[2020-01-28 20:53:09.516793][__main__.TRPOAgent.log][batch_info]: Rollout statistics size: 500, Batch size: 500, Number of batches: 1

[2020-01-28 20:53:09.517270][__main__.TRPOAgent.log][learning]: 

***************
BEGINNING TRAINING
***************



[2020-01-28 20:53:09.517814][__main__.TRPOAgent.log][batch_info]: Batch #0, batch length: 500

[2020-01-28 20:53:09.608762][__main__.TRPOAgent.log][linesearch]: Linesearch worked at 1, New mean kl div: 9.99716311425006e-09, New policy loss value: -5.9906686484481496e-05

[2020-01-28 20:53:09.652266][__main__.TRPOAgent.log][batch_info]: Current batch value loss: 3.4830959291420878

[2020-01-28 20:53:09.652665][__main__.TRPOAgent.log][linesearch]: Linesearch successful, updating policy parameters

[2020-01-28 20:53:10.291029][__main__.TRPOAgent.log][learning]: Episode #14

[2020-01-28 20:53:10.291505][__main__.TRPOAgent.log][learning]: Performing rollouts: rollout length: 1500

[2020-01-28 20:53:11.032107][__main__.TRPOAgent.log][learning]: Rollouts performed

[2020-01-28 20:53:11.034159][__main__.TRPOAgent.log][batch_info]: Rollout statistics size: 500, Batch size: 500, Number of batches: 1

[2020-01-28 20:53:11.034552][__main__.TRPOAgent.log][learning]: 

***************
BEGINNING TRAINING
***************



[2020-01-28 20:53:11.035083][__main__.TRPOAgent.log][batch_info]: Batch #0, batch length: 500

[2020-01-28 20:53:11.131490][__main__.TRPOAgent.log][linesearch]: Linesearch worked at 1, New mean kl div: 9.997168296601256e-09, New policy loss value: -6.017749568894715e-05

[2020-01-28 20:53:11.186712][__main__.TRPOAgent.log][batch_info]: Current batch value loss: 3.438195714311674

[2020-01-28 20:53:11.187118][__main__.TRPOAgent.log][linesearch]: Linesearch successful, updating policy parameters

[2020-01-28 20:53:11.989721][__main__.TRPOAgent.log][learning]: Episode #15

[2020-01-28 20:53:11.990084][__main__.TRPOAgent.log][learning]: Performing rollouts: rollout length: 1500

[2020-01-28 20:53:12.709693][__main__.TRPOAgent.log][learning]: Rollouts performed

[2020-01-28 20:53:12.712111][__main__.TRPOAgent.log][batch_info]: Rollout statistics size: 500, Batch size: 500, Number of batches: 1

[2020-01-28 20:53:12.712569][__main__.TRPOAgent.log][learning]: 

***************
BEGINNING TRAINING
***************



[2020-01-28 20:53:12.713077][__main__.TRPOAgent.log][batch_info]: Batch #0, batch length: 500

[2020-01-28 20:53:12.827964][__main__.TRPOAgent.log][linesearch]: Linesearch worked at 1, New mean kl div: 9.997146795114414e-09, New policy loss value: -6.04272711933227e-05

[2020-01-28 20:53:12.881854][__main__.TRPOAgent.log][batch_info]: Current batch value loss: 3.394017324132845

[2020-01-28 20:53:12.882476][__main__.TRPOAgent.log][linesearch]: Linesearch successful, updating policy parameters

[2020-01-28 20:53:13.709767][__main__.TRPOAgent.log][learning]: Episode #16

[2020-01-28 20:53:13.710426][__main__.TRPOAgent.log][learning]: Performing rollouts: rollout length: 1500

[2020-01-28 20:53:14.510387][__main__.TRPOAgent.log][learning]: Rollouts performed

[2020-01-28 20:53:14.513198][__main__.TRPOAgent.log][batch_info]: Rollout statistics size: 500, Batch size: 500, Number of batches: 1

[2020-01-28 20:53:14.513822][__main__.TRPOAgent.log][learning]: 

***************
BEGINNING TRAINING
***************



[2020-01-28 20:53:14.514564][__main__.TRPOAgent.log][batch_info]: Batch #0, batch length: 500

[2020-01-28 20:53:14.645190][__main__.TRPOAgent.log][linesearch]: Linesearch worked at 1, New mean kl div: 9.997149637340584e-09, New policy loss value: -6.0676140809118095e-05

[2020-01-28 20:53:14.696492][__main__.TRPOAgent.log][batch_info]: Current batch value loss: 3.354463710082695

[2020-01-28 20:53:14.697106][__main__.TRPOAgent.log][linesearch]: Linesearch successful, updating policy parameters

[2020-01-28 20:53:15.609753][__main__.TRPOAgent.log][learning]: Episode #17

[2020-01-28 20:53:15.610362][__main__.TRPOAgent.log][learning]: Performing rollouts: rollout length: 1500

[2020-01-28 20:53:16.381811][__main__.TRPOAgent.log][learning]: Rollouts performed

[2020-01-28 20:53:16.384959][__main__.TRPOAgent.log][batch_info]: Rollout statistics size: 500, Batch size: 500, Number of batches: 1

[2020-01-28 20:53:16.385575][__main__.TRPOAgent.log][learning]: 

***************
BEGINNING TRAINING
***************



[2020-01-28 20:53:16.386336][__main__.TRPOAgent.log][batch_info]: Batch #0, batch length: 500

[2020-01-28 20:53:16.533381][__main__.TRPOAgent.log][linesearch]: Linesearch worked at 1, New mean kl div: 9.997138893139645e-09, New policy loss value: -6.090482156735888e-05

