LOGGER started at 2020-01-28 17:14:42.828412.
Currently active debug channels:
	rollouts
	act
	training
	batch_info
	linesearch
	learning
	thread_rollouts
[2020-01-28 17:14:43.257936][__main__.TRPOAgent.log][learning]: Episode #0

[2020-01-28 17:14:43.466334][__main__.TRPOAgent.log][learning]: Performing rollouts: rollout length: 50

[2020-01-28 17:14:43.491479][EnvironmentNew.Environment.log][rollouts]: Rollout thread #1

[2020-01-28 17:14:43.492303][EnvironmentNew.Environment.log][rollouts]: Rollout thread #2

[2020-01-28 17:14:43.492240][EnvironmentNew.Environment.log][thread_rollouts]: Thread number: 0

[2020-01-28 17:14:43.493862][EnvironmentNew.Environment.log][thread_rollouts]: Thread number: 1

[2020-01-28 17:14:43.524838][EnvironmentNew.Environment.log][thread_rollouts]: Thread number: 0, Steps performed: 9

[2020-01-28 17:14:43.527558][EnvironmentNew.Environment.log][thread_rollouts]: Thread number: 1, Steps performed: 10

[2020-01-28 17:14:43.528250][EnvironmentNew.Environment.log][rollouts]: Rollout thread #3

[2020-01-28 17:14:43.529052][EnvironmentNew.Environment.log][thread_rollouts]: Thread number: 2

[2020-01-28 17:14:43.529166][EnvironmentNew.Environment.log][rollouts]: Rollout thread #4

[2020-01-28 17:14:43.531524][EnvironmentNew.Environment.log][thread_rollouts]: Thread number: 3

[2020-01-28 17:14:43.553062][EnvironmentNew.Environment.log][thread_rollouts]: Thread number: 2, Steps performed: 9

[2020-01-28 17:14:43.562023][EnvironmentNew.Environment.log][thread_rollouts]: Thread number: 3, Steps performed: 12

[2020-01-28 17:14:43.562488][EnvironmentNew.Environment.log][rollouts]: Rollout thread #5

[2020-01-28 17:14:43.563097][EnvironmentNew.Environment.log][thread_rollouts]: Thread number: 4

[2020-01-28 17:14:43.563406][EnvironmentNew.Environment.log][rollouts]: Rollout thread #6

[2020-01-28 17:14:43.566490][EnvironmentNew.Environment.log][thread_rollouts]: Thread number: 5

[2020-01-28 17:14:43.601176][EnvironmentNew.Environment.log][thread_rollouts]: Thread number: 4, Steps performed: 11

[2020-01-28 17:14:43.607798][EnvironmentNew.Environment.log][thread_rollouts]: Thread number: 5, Steps performed: 14

[2020-01-28 17:14:43.608298][EnvironmentNew.Environment.log][rollouts]: Rollout thread #7

[2020-01-28 17:14:43.608837][EnvironmentNew.Environment.log][rollouts]: Rollout thread #8

[2020-01-28 17:14:43.608767][EnvironmentNew.Environment.log][thread_rollouts]: Thread number: 6

[2020-01-28 17:14:43.609795][EnvironmentNew.Environment.log][thread_rollouts]: Thread number: 7

[2020-01-28 17:14:43.644050][EnvironmentNew.Environment.log][thread_rollouts]: Thread number: 6, Steps performed: 9

[2020-01-28 17:14:43.648100][EnvironmentNew.Environment.log][thread_rollouts]: Thread number: 7, Steps performed: 11

[2020-01-28 17:14:43.648464][EnvironmentNew.Environment.log][rollouts]: Rollout thread #9

[2020-01-28 17:14:43.649033][EnvironmentNew.Environment.log][thread_rollouts]: Thread number: 8

[2020-01-28 17:14:43.649087][EnvironmentNew.Environment.log][rollouts]: Rollout thread #10

[2020-01-28 17:14:43.651438][EnvironmentNew.Environment.log][thread_rollouts]: Thread number: 9

[2020-01-28 17:14:43.686340][EnvironmentNew.Environment.log][thread_rollouts]: Thread number: 8, Steps performed: 10

[2020-01-28 17:14:43.692077][EnvironmentNew.Environment.log][thread_rollouts]: Thread number: 9, Steps performed: 11

[2020-01-28 17:14:43.692899][EnvironmentNew.Environment.log][rollouts]: Rollout thread #11

[2020-01-28 17:14:43.693429][EnvironmentNew.Environment.log][thread_rollouts]: Thread number: 10

[2020-01-28 17:14:43.693506][EnvironmentNew.Environment.log][rollouts]: Rollout thread #12

[2020-01-28 17:14:43.695311][EnvironmentNew.Environment.log][thread_rollouts]: Thread number: 11

[2020-01-28 17:14:43.730361][EnvironmentNew.Environment.log][thread_rollouts]: Thread number: 10, Steps performed: 9

[2020-01-28 17:14:43.731142][EnvironmentNew.Environment.log][thread_rollouts]: Thread number: 11, Steps performed: 10

[2020-01-28 17:14:43.731847][EnvironmentNew.Environment.log][rollouts]: Rollout thread #13

[2020-01-28 17:14:43.732506][EnvironmentNew.Environment.log][rollouts]: Rollout thread #14

[2020-01-28 17:14:43.732431][EnvironmentNew.Environment.log][thread_rollouts]: Thread number: 12

[2020-01-28 17:14:43.733515][EnvironmentNew.Environment.log][thread_rollouts]: Thread number: 13

[2020-01-28 17:14:43.761212][EnvironmentNew.Environment.log][thread_rollouts]: Thread number: 12, Steps performed: 9

[2020-01-28 17:14:43.762012][EnvironmentNew.Environment.log][thread_rollouts]: Thread number: 13, Steps performed: 9

[2020-01-28 17:14:43.762770][EnvironmentNew.Environment.log][rollouts]: Rollout thread #15

[2020-01-28 17:14:43.763590][EnvironmentNew.Environment.log][thread_rollouts]: Thread number: 14

[2020-01-28 17:14:43.792423][EnvironmentNew.Environment.log][thread_rollouts]: Thread number: 14, Steps performed: 15

[2020-01-28 17:14:43.793384][__main__.TRPOAgent.log][learning]: Rollouts performed

[2020-01-28 17:14:43.796040][__main__.TRPOAgent.log][batch_info]: Rollout statistics size: 158, Batch size: 1000, Number of batches: 1

[2020-01-28 17:14:43.796707][__main__.TRPOAgent.log][learning]: 

***************
BEGINNING TRAINING
***************



[2020-01-28 17:14:43.797358][__main__.TRPOAgent.log][batch_info]: Batch #0, batch length: 158

[2020-01-28 17:14:43.818979][__main__.TRPOAgent.log][training]: policy_gradient: [-0.00110876 -0.01182664  0.00136856  0.01915089  0.0078527   0.
  0.1009262   0.01641261  0.         -0.07589491  0.01784586  0.
  0.00069228 -0.06331543  0.          0.          0.          0.
 -0.07993538 -0.13352314  0.03027295  0.          0.          0.
  0.         -0.11536836  0.0722381  -0.01542614  0.00096029  0.
  0.          0.06083851  0.         -0.02896412  0.          0.
  0.04681179  0.00761253  0.         -0.03520173  0.0082773   0.
  0.00032109 -0.02936709  0.          0.          0.          0.
 -0.03707578 -0.06193097  0.01404126  0.          0.          0.
  0.         -0.05351038  0.03350562 -0.00715498  0.00044541  0.
  0.          0.02821824  0.         -0.01343419  0.          0.
  0.          0.09902031 -0.09902031  0.04244992 -0.04244992  0.
  0.          0.01521732 -0.01521732  0.01072814 -0.01072814  0.
  0.          0.01469837 -0.01469837  0.08091253 -0.08091253  0.
  0.          0.          0.          0.          0.          0.
  0.          0.00883975 -0.00883975  0.01564363 -0.01564363  0.04383191
 -0.04383191  0.          0.          0.          0.          0.
  0.          0.          0.          0.0586004  -0.0586004   0.03941056
 -0.03941056  0.09685995 -0.09685995  0.09552894 -0.09552894  0.
  0.          0.          0.          0.10859817 -0.10859817  0.
  0.          0.00353284 -0.00353284  0.          0.          0.05397483
 -0.05397483]

[2020-01-28 17:14:43.819376][__main__.TRPOAgent.log][training]: Initiating conjugate gradients

[2020-01-28 17:14:43.857989][__main__.TRPOAgent.log][training]: gradient_step_direction: [-0.00460748 -0.02613445  0.00667545  0.04817568  0.02217481  0.
  0.24094452  0.03918237  0.         -0.18118649  0.04260403  0.
  0.0016527  -0.15115508  0.          0.          0.          0.
 -0.19083244 -0.31876432  0.07227163  0.          0.          0.
  0.         -0.27542281  0.17245647 -0.03682735  0.00229253  0.
  0.          0.14524184  0.         -0.06914702  0.          0.
  0.13218937  0.02149662  0.         -0.09940433  0.02337384  0.
  0.00090672 -0.0829282   0.          0.          0.          0.
 -0.10469638 -0.17488364  0.03965038  0.          0.          0.
  0.         -0.15110519  0.09461478 -0.02020459  0.00125775  0.
  0.          0.07968401  0.         -0.03793613  0.          0.
  0.          0.23639455 -0.23639455  0.10134212 -0.10134212  0.
  0.          0.03632884 -0.03632884  0.02561164 -0.02561164  0.
  0.          0.03508991 -0.03508991  0.19316523 -0.19316523  0.
  0.          0.          0.          0.          0.          0.
  0.          0.02110344 -0.02110344  0.03734658 -0.03734658  0.1046414
 -0.1046414   0.          0.          0.          0.          0.
  0.          0.          0.          0.13989872 -0.13989872  0.09408617
 -0.09408617  0.23123704 -0.23123704  0.22805947 -0.22805947  0.
  0.          0.          0.          0.2592601  -0.2592601   0.
  0.          0.00843407 -0.00843407  0.          0.         -0.80355793
  0.80355793]

[2020-01-28 17:14:43.919860][__main__.TRPOAgent.log][linesearch]: Linesearch failed. Mean kl divergence: 5.645817571596023e-05, Discarded policy loss value: -0.006649896476875567

[2020-01-28 17:14:44.197799][__main__.TRPOAgent.log][batch_info]: Current batch value loss: 5.3497998970796505

[2020-01-28 17:14:45.443943][__main__.TRPOAgent.log][learning]: Episode #1

[2020-01-28 17:14:45.444496][__main__.TRPOAgent.log][learning]: Performing rollouts: rollout length: 50

[2020-01-28 17:14:45.467341][EnvironmentNew.Environment.log][rollouts]: Rollout thread #1

[2020-01-28 17:14:45.468108][EnvironmentNew.Environment.log][rollouts]: Rollout thread #2

[2020-01-28 17:14:45.468033][EnvironmentNew.Environment.log][thread_rollouts]: Thread number: 0

[2020-01-28 17:14:45.469175][EnvironmentNew.Environment.log][thread_rollouts]: Thread number: 1

[2020-01-28 17:14:45.500046][EnvironmentNew.Environment.log][thread_rollouts]: Thread number: 0, Steps performed: 9

[2020-01-28 17:14:45.502311][EnvironmentNew.Environment.log][thread_rollouts]: Thread number: 1, Steps performed: 9

[2020-01-28 17:14:45.502737][EnvironmentNew.Environment.log][rollouts]: Rollout thread #3

[2020-01-28 17:14:45.503466][EnvironmentNew.Environment.log][thread_rollouts]: Thread number: 2

[2020-01-28 17:14:45.503535][EnvironmentNew.Environment.log][rollouts]: Rollout thread #4

[2020-01-28 17:14:45.509619][EnvironmentNew.Environment.log][thread_rollouts]: Thread number: 3

[2020-01-28 17:14:45.545698][EnvironmentNew.Environment.log][thread_rollouts]: Thread number: 2, Steps performed: 11

[2020-01-28 17:14:45.546321][EnvironmentNew.Environment.log][thread_rollouts]: Thread number: 3, Steps performed: 9

[2020-01-28 17:14:45.546913][EnvironmentNew.Environment.log][rollouts]: Rollout thread #5

[2020-01-28 17:14:45.547600][EnvironmentNew.Environment.log][thread_rollouts]: Thread number: 4

[2020-01-28 17:14:45.547652][EnvironmentNew.Environment.log][rollouts]: Rollout thread #6

[2020-01-28 17:14:45.552173][EnvironmentNew.Environment.log][thread_rollouts]: Thread number: 5

[2020-01-28 17:14:45.579576][EnvironmentNew.Environment.log][thread_rollouts]: Thread number: 4, Steps performed: 9

[2020-01-28 17:14:45.582681][EnvironmentNew.Environment.log][thread_rollouts]: Thread number: 5, Steps performed: 9

[2020-01-28 17:14:45.583055][EnvironmentNew.Environment.log][rollouts]: Rollout thread #7

[2020-01-28 17:14:45.583749][EnvironmentNew.Environment.log][thread_rollouts]: Thread number: 6

[2020-01-28 17:14:45.583823][EnvironmentNew.Environment.log][rollouts]: Rollout thread #8

[2020-01-28 17:14:45.586254][EnvironmentNew.Environment.log][thread_rollouts]: Thread number: 7

[2020-01-28 17:14:45.631575][EnvironmentNew.Environment.log][thread_rollouts]: Thread number: 6, Steps performed: 11

[2020-01-28 17:14:45.636601][EnvironmentNew.Environment.log][thread_rollouts]: Thread number: 7, Steps performed: 13

[2020-01-28 17:14:45.637040][EnvironmentNew.Environment.log][rollouts]: Rollout thread #9

[2020-01-28 17:14:45.637554][EnvironmentNew.Environment.log][thread_rollouts]: Thread number: 8

[2020-01-28 17:14:45.637609][EnvironmentNew.Environment.log][rollouts]: Rollout thread #10

[2020-01-28 17:14:45.641093][EnvironmentNew.Environment.log][thread_rollouts]: Thread number: 9

[2020-01-28 17:14:45.665990][EnvironmentNew.Environment.log][thread_rollouts]: Thread number: 8, Steps performed: 9

[2020-01-28 17:14:45.673451][EnvironmentNew.Environment.log][thread_rollouts]: Thread number: 9, Steps performed: 10

[2020-01-28 17:14:45.674124][EnvironmentNew.Environment.log][rollouts]: Rollout thread #11

[2020-01-28 17:14:45.675950][EnvironmentNew.Environment.log][thread_rollouts]: Thread number: 10

[2020-01-28 17:14:45.676227][EnvironmentNew.Environment.log][rollouts]: Rollout thread #12

[2020-01-28 17:14:45.679430][EnvironmentNew.Environment.log][thread_rollouts]: Thread number: 11

[2020-01-28 17:14:45.721064][EnvironmentNew.Environment.log][thread_rollouts]: Thread number: 10, Steps performed: 11

[2020-01-28 17:14:45.728606][EnvironmentNew.Environment.log][thread_rollouts]: Thread number: 11, Steps performed: 12

[2020-01-28 17:14:45.729468][EnvironmentNew.Environment.log][rollouts]: Rollout thread #13

[2020-01-28 17:14:45.730703][EnvironmentNew.Environment.log][thread_rollouts]: Thread number: 12

[2020-01-28 17:14:45.730792][EnvironmentNew.Environment.log][rollouts]: Rollout thread #14

[2020-01-28 17:14:45.734705][EnvironmentNew.Environment.log][thread_rollouts]: Thread number: 13

[2020-01-28 17:14:45.762115][EnvironmentNew.Environment.log][thread_rollouts]: Thread number: 12, Steps performed: 9

[2020-01-28 17:14:45.775744][EnvironmentNew.Environment.log][thread_rollouts]: Thread number: 13, Steps performed: 9

[2020-01-28 17:14:45.776650][EnvironmentNew.Environment.log][rollouts]: Rollout thread #15

[2020-01-28 17:14:45.777720][EnvironmentNew.Environment.log][thread_rollouts]: Thread number: 14

[2020-01-28 17:14:45.793208][EnvironmentNew.Environment.log][thread_rollouts]: Thread number: 14, Steps performed: 9

[2020-01-28 17:14:45.793762][__main__.TRPOAgent.log][learning]: Rollouts performed

[2020-01-28 17:14:45.795530][__main__.TRPOAgent.log][batch_info]: Rollout statistics size: 149, Batch size: 1000, Number of batches: 1

[2020-01-28 17:14:45.796114][__main__.TRPOAgent.log][learning]: 

***************
BEGINNING TRAINING
***************



[2020-01-28 17:14:45.796954][__main__.TRPOAgent.log][batch_info]: Batch #0, batch length: 149

[2020-01-28 17:14:45.813778][__main__.TRPOAgent.log][training]: policy_gradient: [-0.00105627 -0.01195442  0.00131708  0.01915091  0.00691869  0.
  0.10142367  0.01649351  0.         -0.076269    0.01793382  0.
  0.00069569 -0.06362752  0.          0.          0.          0.
 -0.08032939 -0.13418129  0.03042217  0.          0.          0.
  0.         -0.11593702  0.07259417 -0.01550217  0.00096503  0.
  0.          0.06113839  0.         -0.02910689  0.          0.
  0.04124393  0.00670708  0.         -0.03101479  0.00729279  0.
  0.0002829  -0.02587413  0.          0.          0.          0.
 -0.03266594 -0.05456482  0.01237117  0.          0.          0.
  0.         -0.04714579  0.02952042 -0.00630396  0.00039243  0.
  0.          0.02486193  0.         -0.01183631  0.          0.
  0.          0.09950839 -0.09950839  0.04265915 -0.04265915  0.
  0.          0.01529233 -0.01529233  0.01078102 -0.01078102  0.
  0.          0.01477082 -0.01477082  0.08131136 -0.08131136  0.
  0.          0.          0.          0.          0.          0.
  0.          0.00888332 -0.00888332  0.01572074 -0.01572074  0.04404796
 -0.04404796  0.          0.          0.          0.          0.
  0.          0.          0.          0.05888924 -0.05888924  0.03960482
 -0.03960482  0.09733738 -0.09733738  0.09599981 -0.09599981  0.
  0.          0.          0.          0.10913346 -0.10913346  0.
  0.          0.00355025 -0.00355025  0.          0.          0.04768287
 -0.04768287]

[2020-01-28 17:14:45.814337][__main__.TRPOAgent.log][training]: Initiating conjugate gradients

[2020-01-28 17:14:45.866055][__main__.TRPOAgent.log][training]: gradient_step_direction: [-2.48943440e-03 -2.91043383e-02  3.99840854e-03  4.60842175e-02
 -7.48882481e-04  0.00000000e+00  2.45774682e-01  3.99678536e-02
  0.00000000e+00 -1.84818695e-01  4.34581002e-02  0.00000000e+00
  1.68583401e-03 -1.54185260e-01  0.00000000e+00  0.00000000e+00
  0.00000000e+00  0.00000000e+00 -1.94658017e-01 -3.25154525e-01
  7.37204468e-02  0.00000000e+00  0.00000000e+00  0.00000000e+00
  0.00000000e+00 -2.80944153e-01  1.75913668e-01 -3.75656231e-02
  2.33848872e-03  0.00000000e+00  0.00000000e+00  1.48153470e-01
  0.00000000e+00 -7.05331987e-02  0.00000000e+00  0.00000000e+00
 -4.46409968e-03 -7.25953623e-04  0.00000000e+00  3.35692527e-03
 -7.89345552e-04  0.00000000e+00 -3.06216157e-05  2.80051402e-03
  0.00000000e+00  0.00000000e+00  0.00000000e+00  0.00000000e+00
  3.53564084e-03  5.90589394e-03 -1.33901388e-03  0.00000000e+00
  0.00000000e+00  0.00000000e+00  0.00000000e+00  5.10288194e-03
 -3.19518470e-03  6.82309476e-04 -4.24827395e-05  0.00000000e+00
  0.00000000e+00 -2.69097228e-03  0.00000000e+00  1.28111884e-03
  0.00000000e+00  0.00000000e+00  0.00000000e+00  2.41133500e-01
 -2.41133500e-01  1.03373706e-01 -1.03373706e-01  0.00000000e+00
  0.00000000e+00  3.70571135e-02 -3.70571135e-02  2.61250728e-02
 -2.61250728e-02  0.00000000e+00  0.00000000e+00  3.57933516e-02
 -3.57933516e-02  1.97037576e-01 -1.97037576e-01  0.00000000e+00
  0.00000000e+00  0.00000000e+00  0.00000000e+00  0.00000000e+00
  0.00000000e+00  0.00000000e+00  0.00000000e+00  2.15265001e-02
 -2.15265001e-02  3.80952620e-02 -3.80952620e-02  1.06739122e-01
 -1.06739122e-01  0.00000000e+00  0.00000000e+00  0.00000000e+00
  0.00000000e+00  0.00000000e+00  0.00000000e+00  0.00000000e+00
  0.00000000e+00  1.42703243e-01 -1.42703243e-01  9.59722998e-02
 -9.59722998e-02  2.35872598e-01 -2.35872598e-01  2.32631336e-01
 -2.32631336e-01  0.00000000e+00  0.00000000e+00  0.00000000e+00
  0.00000000e+00  2.64457433e-01 -2.64457433e-01  0.00000000e+00
  0.00000000e+00  8.60314744e-03 -8.60314744e-03  0.00000000e+00
  0.00000000e+00 -7.26590309e-01  7.26590309e-01]

[2020-01-28 17:14:45.957367][__main__.TRPOAgent.log][linesearch]: Linesearch failed. Mean kl divergence: 5.860703860019856e-05, Discarded policy loss value: -0.006599875993677148

[2020-01-28 17:14:46.027342][__main__.TRPOAgent.log][batch_info]: Current batch value loss: 0.6900204604995122

[2020-01-28 17:14:46.830211][__main__.TRPOAgent.log][learning]: Episode #2

[2020-01-28 17:14:46.830779][__main__.TRPOAgent.log][learning]: Performing rollouts: rollout length: 50

[2020-01-28 17:14:46.854060][EnvironmentNew.Environment.log][rollouts]: Rollout thread #1

[2020-01-28 17:14:46.854687][EnvironmentNew.Environment.log][thread_rollouts]: Thread number: 0

[2020-01-28 17:14:46.854988][EnvironmentNew.Environment.log][rollouts]: Rollout thread #2

[2020-01-28 17:14:46.856898][EnvironmentNew.Environment.log][thread_rollouts]: Thread number: 1

[2020-01-28 17:14:46.904106][EnvironmentNew.Environment.log][thread_rollouts]: Thread number: 0, Steps performed: 11

[2020-01-28 17:14:46.906353][EnvironmentNew.Environment.log][thread_rollouts]: Thread number: 1, Steps performed: 12

[2020-01-28 17:14:46.906768][EnvironmentNew.Environment.log][rollouts]: Rollout thread #3

[2020-01-28 17:14:46.907239][EnvironmentNew.Environment.log][thread_rollouts]: Thread number: 2

[2020-01-28 17:14:46.907296][EnvironmentNew.Environment.log][rollouts]: Rollout thread #4

[2020-01-28 17:14:46.910808][EnvironmentNew.Environment.log][thread_rollouts]: Thread number: 3

[2020-01-28 17:14:46.947164][EnvironmentNew.Environment.log][thread_rollouts]: Thread number: 2, Steps performed: 9

[2020-01-28 17:14:46.952799][EnvironmentNew.Environment.log][thread_rollouts]: Thread number: 3, Steps performed: 10

[2020-01-28 17:14:46.953312][EnvironmentNew.Environment.log][rollouts]: Rollout thread #5

[2020-01-28 17:14:46.954004][EnvironmentNew.Environment.log][thread_rollouts]: Thread number: 4

[2020-01-28 17:14:46.954059][EnvironmentNew.Environment.log][rollouts]: Rollout thread #6

[2020-01-28 17:14:46.955903][EnvironmentNew.Environment.log][thread_rollouts]: Thread number: 5

[2020-01-28 17:14:46.998096][EnvironmentNew.Environment.log][thread_rollouts]: Thread number: 5, Steps performed: 9

[2020-01-28 17:14:46.997834][EnvironmentNew.Environment.log][thread_rollouts]: Thread number: 4, Steps performed: 12

[2020-01-28 17:14:46.999404][EnvironmentNew.Environment.log][rollouts]: Rollout thread #7

[2020-01-28 17:14:47.000406][EnvironmentNew.Environment.log][thread_rollouts]: Thread number: 6

[2020-01-28 17:14:47.000557][EnvironmentNew.Environment.log][rollouts]: Rollout thread #8

[2020-01-28 17:14:47.002864][EnvironmentNew.Environment.log][thread_rollouts]: Thread number: 7

[2020-01-28 17:14:47.036966][EnvironmentNew.Environment.log][thread_rollouts]: Thread number: 6, Steps performed: 9

[2020-01-28 17:14:47.043547][EnvironmentNew.Environment.log][thread_rollouts]: Thread number: 7, Steps performed: 10

[2020-01-28 17:14:47.044269][EnvironmentNew.Environment.log][rollouts]: Rollout thread #9

[2020-01-28 17:14:47.044786][EnvironmentNew.Environment.log][thread_rollouts]: Thread number: 8

[2020-01-28 17:14:47.044845][EnvironmentNew.Environment.log][rollouts]: Rollout thread #10

[2020-01-28 17:14:47.046920][EnvironmentNew.Environment.log][thread_rollouts]: Thread number: 9

[2020-01-28 17:14:47.088209][EnvironmentNew.Environment.log][thread_rollouts]: Thread number: 8, Steps performed: 10

[2020-01-28 17:14:47.089103][EnvironmentNew.Environment.log][thread_rollouts]: Thread number: 9, Steps performed: 11

[2020-01-28 17:14:47.089811][EnvironmentNew.Environment.log][rollouts]: Rollout thread #11

[2020-01-28 17:14:47.090313][EnvironmentNew.Environment.log][thread_rollouts]: Thread number: 10

[2020-01-28 17:14:47.090584][EnvironmentNew.Environment.log][rollouts]: Rollout thread #12

[2020-01-28 17:14:47.092486][EnvironmentNew.Environment.log][thread_rollouts]: Thread number: 11

[2020-01-28 17:14:47.124370][EnvironmentNew.Environment.log][thread_rollouts]: Thread number: 10, Steps performed: 9

[2020-01-28 17:14:47.129905][EnvironmentNew.Environment.log][thread_rollouts]: Thread number: 11, Steps performed: 11

[2020-01-28 17:14:47.130532][EnvironmentNew.Environment.log][rollouts]: Rollout thread #13

[2020-01-28 17:14:47.131105][EnvironmentNew.Environment.log][thread_rollouts]: Thread number: 12

[2020-01-28 17:14:47.131159][EnvironmentNew.Environment.log][rollouts]: Rollout thread #14

[2020-01-28 17:14:47.133162][EnvironmentNew.Environment.log][thread_rollouts]: Thread number: 13

[2020-01-28 17:14:47.172985][EnvironmentNew.Environment.log][thread_rollouts]: Thread number: 12, Steps performed: 9

[2020-01-28 17:14:47.173801][EnvironmentNew.Environment.log][thread_rollouts]: Thread number: 13, Steps performed: 9

[2020-01-28 17:14:47.174435][EnvironmentNew.Environment.log][rollouts]: Rollout thread #15

[2020-01-28 17:14:47.174922][EnvironmentNew.Environment.log][thread_rollouts]: Thread number: 14

[2020-01-28 17:14:47.189887][EnvironmentNew.Environment.log][thread_rollouts]: Thread number: 14, Steps performed: 9

[2020-01-28 17:14:47.190390][__main__.TRPOAgent.log][learning]: Rollouts performed

[2020-01-28 17:14:47.192069][__main__.TRPOAgent.log][batch_info]: Rollout statistics size: 150, Batch size: 1000, Number of batches: 1

[2020-01-28 17:14:47.193051][__main__.TRPOAgent.log][learning]: 

***************
BEGINNING TRAINING
***************



[2020-01-28 17:14:47.193677][__main__.TRPOAgent.log][batch_info]: Batch #0, batch length: 150

[2020-01-28 17:14:47.213982][__main__.TRPOAgent.log][training]: policy_gradient: [-0.00095428 -0.00875918  0.00113463  0.01427582  0.00720943  0.
  0.07527346  0.01224096  0.         -0.05660446  0.01330992  0.
  0.00051632 -0.04722235  0.          0.          0.          0.
 -0.05961795 -0.09958514  0.02257838  0.          0.          0.
  0.         -0.08604482  0.05387711 -0.01150523  0.00071621  0.
  0.          0.045375    0.         -0.02160222  0.          0.
  0.04297709  0.00698893  0.         -0.0323181   0.00759925  0.
  0.00029479 -0.02696142  0.          0.          0.          0.
 -0.03403864 -0.05685775  0.01289104  0.          0.          0.
  0.         -0.04912696  0.03076093 -0.00656887  0.00040892  0.
  0.          0.02590668  0.         -0.0123337   0.          0.
  0.          0.07385201 -0.07385201  0.03166029 -0.03166029  0.
  0.          0.01134949 -0.01134949  0.00800133 -0.00800133  0.
  0.          0.01096244 -0.01096244  0.06034674 -0.06034674  0.
  0.          0.          0.          0.          0.          0.
  0.          0.00659292 -0.00659292  0.01166744 -0.01166744  0.03269101
 -0.03269101  0.          0.          0.          0.          0.
  0.          0.          0.          0.04370575 -0.04370575  0.02939346
 -0.02939346  0.07224075 -0.07224075  0.07124804 -0.07124804  0.
  0.          0.          0.          0.08099543 -0.08099543  0.
  0.          0.00263489 -0.00263489  0.          0.          0.11185496
 -0.11185496]

[2020-01-28 17:14:47.214465][__main__.TRPOAgent.log][training]: Initiating conjugate gradients

[2020-01-28 17:14:47.266134][__main__.TRPOAgent.log][training]: gradient_step_direction: [-0.00742539 -0.0103195   0.01377804  0.02516169 -0.03343713  0.
  0.12316463  0.02002902  0.         -0.09261786  0.02177808  0.
  0.00084482 -0.07726658  0.          0.          0.          0.
 -0.09754863 -0.16294411  0.0369434   0.          0.          0.
  0.         -0.14078904  0.0881553  -0.01882519  0.00117188  0.
  0.          0.07424389  0.         -0.03534618  0.          0.
 -0.19932643 -0.03241445  0.          0.14989033 -0.03524508  0.
 -0.00136723  0.12504621  0.          0.          0.          0.
  0.15787014  0.26370448 -0.05978823  0.          0.          0.
  0.          0.2278493  -0.14266824  0.03046619 -0.00189656  0.
  0.         -0.12015438  0.          0.05720333  0.          0.
  0.          0.1208388  -0.1208388   0.05180348 -0.05180348  0.
  0.          0.01857037 -0.01857037  0.01309201 -0.01309201  0.
  0.          0.01793706 -0.01793706  0.09874109 -0.09874109  0.
  0.          0.          0.          0.          0.          0.
  0.          0.01078754 -0.01078754  0.01909061 -0.01909061  0.05348999
 -0.05348999  0.          0.          0.          0.          0.
  0.          0.          0.          0.07151262 -0.07151262  0.04809443
 -0.04809443  0.11820242 -0.11820242  0.11657813 -0.11657813  0.
  0.          0.          0.          0.13252708 -0.13252708  0.
  0.          0.00431128 -0.00431128  0.          0.          0.02932639
 -0.02932639]

[2020-01-28 17:14:47.353577][__main__.TRPOAgent.log][linesearch]: Linesearch failed. Mean kl divergence: 6.020342035226666e-05, Discarded policy loss value: -0.003571800491303868

[2020-01-28 17:14:47.409601][__main__.TRPOAgent.log][batch_info]: Current batch value loss: 0.42118012860029314

[2020-01-28 17:14:48.095130][__main__.TRPOAgent.log][learning]: Episode #3

[2020-01-28 17:14:48.095698][__main__.TRPOAgent.log][learning]: Performing rollouts: rollout length: 50

[2020-01-28 17:14:48.119333][EnvironmentNew.Environment.log][rollouts]: Rollout thread #1

[2020-01-28 17:14:48.120027][EnvironmentNew.Environment.log][rollouts]: Rollout thread #2

[2020-01-28 17:14:48.119954][EnvironmentNew.Environment.log][thread_rollouts]: Thread number: 0

[2020-01-28 17:14:48.121060][EnvironmentNew.Environment.log][thread_rollouts]: Thread number: 1

[2020-01-28 17:14:48.154594][EnvironmentNew.Environment.log][thread_rollouts]: Thread number: 1, Steps performed: 9

[2020-01-28 17:14:48.155081][EnvironmentNew.Environment.log][thread_rollouts]: Thread number: 0, Steps performed: 11

[2020-01-28 17:14:48.156109][EnvironmentNew.Environment.log][rollouts]: Rollout thread #3

[2020-01-28 17:14:48.156667][EnvironmentNew.Environment.log][thread_rollouts]: Thread number: 2

[2020-01-28 17:14:48.156713][EnvironmentNew.Environment.log][rollouts]: Rollout thread #4

[2020-01-28 17:14:48.158246][EnvironmentNew.Environment.log][thread_rollouts]: Thread number: 3

[2020-01-28 17:14:48.188270][EnvironmentNew.Environment.log][thread_rollouts]: Thread number: 3, Steps performed: 9

[2020-01-28 17:14:48.187455][EnvironmentNew.Environment.log][thread_rollouts]: Thread number: 2, Steps performed: 9

[2020-01-28 17:14:48.195914][EnvironmentNew.Environment.log][rollouts]: Rollout thread #5

[2020-01-28 17:14:48.196673][EnvironmentNew.Environment.log][thread_rollouts]: Thread number: 4

[2020-01-28 17:14:48.196750][EnvironmentNew.Environment.log][rollouts]: Rollout thread #6

[2020-01-28 17:14:48.199960][EnvironmentNew.Environment.log][thread_rollouts]: Thread number: 5

[2020-01-28 17:14:48.244094][EnvironmentNew.Environment.log][thread_rollouts]: Thread number: 4, Steps performed: 9

[2020-01-28 17:14:48.249062][EnvironmentNew.Environment.log][thread_rollouts]: Thread number: 5, Steps performed: 9

[2020-01-28 17:14:48.249641][EnvironmentNew.Environment.log][rollouts]: Rollout thread #7

[2020-01-28 17:14:48.250326][EnvironmentNew.Environment.log][thread_rollouts]: Thread number: 6

[2020-01-28 17:14:48.251906][EnvironmentNew.Environment.log][rollouts]: Rollout thread #8

[2020-01-28 17:14:48.255382][EnvironmentNew.Environment.log][thread_rollouts]: Thread number: 7

[2020-01-28 17:14:48.273976][EnvironmentNew.Environment.log][thread_rollouts]: Thread number: 6, Steps performed: 9

[2020-01-28 17:14:48.284401][EnvironmentNew.Environment.log][thread_rollouts]: Thread number: 7, Steps performed: 11

[2020-01-28 17:14:48.285020][EnvironmentNew.Environment.log][rollouts]: Rollout thread #9

[2020-01-28 17:14:48.285510][EnvironmentNew.Environment.log][thread_rollouts]: Thread number: 8

[2020-01-28 17:14:48.285562][EnvironmentNew.Environment.log][rollouts]: Rollout thread #10

[2020-01-28 17:14:48.287500][EnvironmentNew.Environment.log][thread_rollouts]: Thread number: 9

[2020-01-28 17:14:48.314337][EnvironmentNew.Environment.log][thread_rollouts]: Thread number: 8, Steps performed: 9

[2020-01-28 17:14:48.316917][EnvironmentNew.Environment.log][thread_rollouts]: Thread number: 9, Steps performed: 10

[2020-01-28 17:14:48.317272][EnvironmentNew.Environment.log][rollouts]: Rollout thread #11

[2020-01-28 17:14:48.317943][EnvironmentNew.Environment.log][thread_rollouts]: Thread number: 10

[2020-01-28 17:14:48.317999][EnvironmentNew.Environment.log][rollouts]: Rollout thread #12

[2020-01-28 17:14:48.319887][EnvironmentNew.Environment.log][thread_rollouts]: Thread number: 11

[2020-01-28 17:14:48.348169][EnvironmentNew.Environment.log][thread_rollouts]: Thread number: 11, Steps performed: 9

[2020-01-28 17:14:48.347889][EnvironmentNew.Environment.log][thread_rollouts]: Thread number: 10, Steps performed: 11

[2020-01-28 17:14:48.349154][EnvironmentNew.Environment.log][rollouts]: Rollout thread #13

[2020-01-28 17:14:48.349702][EnvironmentNew.Environment.log][rollouts]: Rollout thread #14

[2020-01-28 17:14:48.349633][EnvironmentNew.Environment.log][thread_rollouts]: Thread number: 12

[2020-01-28 17:14:48.350546][EnvironmentNew.Environment.log][thread_rollouts]: Thread number: 13

[2020-01-28 17:14:48.389206][EnvironmentNew.Environment.log][thread_rollouts]: Thread number: 12, Steps performed: 11

[2020-01-28 17:14:48.389139][EnvironmentNew.Environment.log][thread_rollouts]: Thread number: 13, Steps performed: 12

[2020-01-28 17:14:48.390289][EnvironmentNew.Environment.log][rollouts]: Rollout thread #15

[2020-01-28 17:14:48.390982][EnvironmentNew.Environment.log][thread_rollouts]: Thread number: 14

[2020-01-28 17:14:48.410487][EnvironmentNew.Environment.log][thread_rollouts]: Thread number: 14, Steps performed: 12

[2020-01-28 17:14:48.411020][__main__.TRPOAgent.log][learning]: Rollouts performed

[2020-01-28 17:14:48.413157][__main__.TRPOAgent.log][batch_info]: Rollout statistics size: 150, Batch size: 1000, Number of batches: 1

[2020-01-28 17:14:48.413666][__main__.TRPOAgent.log][learning]: 

***************
BEGINNING TRAINING
***************



[2020-01-28 17:14:48.414214][__main__.TRPOAgent.log][batch_info]: Batch #0, batch length: 150

[2020-01-28 17:14:48.430035][__main__.TRPOAgent.log][training]: policy_gradient: [-0.00072772 -0.00525831  0.00076404  0.00891575  0.00752126  0.
  0.0462824   0.00752644  0.         -0.03480363  0.00818369  0.
  0.00031746 -0.02903498  0.          0.          0.          0.
 -0.0366565  -0.0612306   0.01388247  0.          0.          0.
  0.         -0.05290524  0.03312671 -0.00707407  0.00044037  0.
  0.          0.02789912  0.         -0.01328227  0.          0.
  0.044836    0.00729123  0.         -0.03371597  0.00792794  0.
  0.00030754 -0.02812759  0.          0.          0.          0.
 -0.03551093 -0.05931705  0.01344862  0.          0.          0.
  0.         -0.05125187  0.03209145 -0.00685299  0.00042661  0.
  0.          0.02702723  0.         -0.01286718  0.          0.
  0.          0.0454084  -0.0454084   0.01946654 -0.01946654  0.
  0.          0.00697831 -0.00697831  0.00491967 -0.00491967  0.
  0.          0.00674033 -0.00674033  0.0371046  -0.0371046   0.
  0.          0.          0.          0.          0.          0.
  0.          0.0040537  -0.0040537   0.00717381 -0.00717381  0.02010029
 -0.02010029  0.          0.          0.          0.          0.
  0.          0.          0.          0.02687277 -0.02687277  0.01807276
 -0.01807276  0.04441771 -0.04441771  0.04380734 -0.04380734  0.
  0.          0.          0.          0.04980059 -0.04980059  0.
  0.          0.00162008 -0.00162008  0.          0.          0.09184786
 -0.09184786]

[2020-01-28 17:14:48.430456][__main__.TRPOAgent.log][training]: Initiating conjugate gradients

[2020-01-28 17:14:48.461879][__main__.TRPOAgent.log][training]: gradient_step_direction: [-1.10372653e-02  1.04161193e-02  1.40202780e-02  7.37491091e-03
  8.01873468e-02  0.00000000e+00 -7.55400116e-03 -1.22843136e-03
  0.00000000e+00  5.68048845e-03 -1.33570515e-03  0.00000000e+00
 -5.18151559e-05  4.73895437e-03  0.00000000e+00  0.00000000e+00
  0.00000000e+00  0.00000000e+00  5.98290469e-03  9.99377555e-03
 -2.26583307e-03  0.00000000e+00  0.00000000e+00  0.00000000e+00
  0.00000000e+00  8.63494841e-03 -5.40678927e-03  1.15459520e-03
 -7.18762433e-05  0.00000000e+00  0.00000000e+00 -4.55356787e-03
  0.00000000e+00  2.16787067e-03  0.00000000e+00  0.00000000e+00
  4.78015481e-01  7.77348342e-02  0.00000000e+00 -3.59460103e-01
  8.45231254e-02  0.00000000e+00  3.27883861e-03 -2.99880088e-01
  0.00000000e+00  0.00000000e+00  0.00000000e+00  0.00000000e+00
 -3.78596932e-01 -6.32403985e-01  1.43381390e-01  0.00000000e+00
  0.00000000e+00  0.00000000e+00  0.00000000e+00 -5.46417734e-01
  3.42140428e-01 -7.30626243e-02  4.54822666e-03  0.00000000e+00
  0.00000000e+00  2.88148699e-01  0.00000000e+00 -1.37182393e-01
  0.00000000e+00  0.00000000e+00  0.00000000e+00 -7.41135312e-03
  7.41135312e-03 -3.17723945e-03  3.17723945e-03  0.00000000e+00
  0.00000000e+00 -1.13896568e-03  1.13896568e-03 -8.02966750e-04
  8.02966750e-04  0.00000000e+00  0.00000000e+00 -1.10012536e-03
  1.10012536e-03 -6.05604008e-03  6.05604008e-03  0.00000000e+00
  0.00000000e+00  0.00000000e+00  0.00000000e+00  0.00000000e+00
  0.00000000e+00  0.00000000e+00  0.00000000e+00 -6.61624937e-04
  6.61624937e-04 -1.17087217e-03  1.17087217e-03 -3.28067744e-03
  3.28067744e-03  0.00000000e+00  0.00000000e+00  0.00000000e+00
  0.00000000e+00  0.00000000e+00  0.00000000e+00  0.00000000e+00
  0.00000000e+00 -4.38604767e-03  4.38604767e-03 -2.94975523e-03
  2.94975523e-03 -7.24965381e-03  7.24965381e-03 -7.15003253e-03
  7.15003253e-03  0.00000000e+00  0.00000000e+00  0.00000000e+00
  0.00000000e+00 -8.12822402e-03  8.12822402e-03  0.00000000e+00
  0.00000000e+00 -2.64420994e-04  2.64420994e-04  0.00000000e+00
  0.00000000e+00 -3.58010809e-01  3.58010809e-01]

[2020-01-28 17:14:48.533794][__main__.TRPOAgent.log][linesearch]: Linesearch failed. Mean kl divergence: 4.316350356981554e-05, Discarded policy loss value: -0.002584817139972072

[2020-01-28 17:14:48.587117][__main__.TRPOAgent.log][batch_info]: Current batch value loss: 0.6520754764620991

[2020-01-28 17:14:49.296069][__main__.TRPOAgent.log][learning]: Episode #4

[2020-01-28 17:14:49.296458][__main__.TRPOAgent.log][learning]: Performing rollouts: rollout length: 50

[2020-01-28 17:14:49.318398][EnvironmentNew.Environment.log][rollouts]: Rollout thread #1

[2020-01-28 17:14:49.319274][EnvironmentNew.Environment.log][thread_rollouts]: Thread number: 0

[2020-01-28 17:14:49.319466][EnvironmentNew.Environment.log][rollouts]: Rollout thread #2

[2020-01-28 17:14:49.321683][EnvironmentNew.Environment.log][thread_rollouts]: Thread number: 1

[2020-01-28 17:14:49.361640][EnvironmentNew.Environment.log][thread_rollouts]: Thread number: 0, Steps performed: 12

[2020-01-28 17:14:49.361255][EnvironmentNew.Environment.log][thread_rollouts]: Thread number: 1, Steps performed: 9

[2020-01-28 17:14:49.362898][EnvironmentNew.Environment.log][rollouts]: Rollout thread #3

[2020-01-28 17:14:49.364719][EnvironmentNew.Environment.log][rollouts]: Rollout thread #4

[2020-01-28 17:14:49.364612][EnvironmentNew.Environment.log][thread_rollouts]: Thread number: 2

[2020-01-28 17:14:49.366108][EnvironmentNew.Environment.log][thread_rollouts]: Thread number: 3

[2020-01-28 17:14:49.402800][EnvironmentNew.Environment.log][thread_rollouts]: Thread number: 2, Steps performed: 10

[2020-01-28 17:14:49.402981][EnvironmentNew.Environment.log][thread_rollouts]: Thread number: 3, Steps performed: 9

[2020-01-28 17:14:49.404268][EnvironmentNew.Environment.log][rollouts]: Rollout thread #5

[2020-01-28 17:14:49.405038][EnvironmentNew.Environment.log][thread_rollouts]: Thread number: 4

[2020-01-28 17:14:49.405106][EnvironmentNew.Environment.log][rollouts]: Rollout thread #6

[2020-01-28 17:14:49.409415][EnvironmentNew.Environment.log][thread_rollouts]: Thread number: 5

[2020-01-28 17:14:49.447191][EnvironmentNew.Environment.log][thread_rollouts]: Thread number: 4, Steps performed: 9

[2020-01-28 17:14:49.448128][EnvironmentNew.Environment.log][thread_rollouts]: Thread number: 5, Steps performed: 10

[2020-01-28 17:14:49.449274][EnvironmentNew.Environment.log][rollouts]: Rollout thread #7

[2020-01-28 17:14:49.450186][EnvironmentNew.Environment.log][thread_rollouts]: Thread number: 6

[2020-01-28 17:14:49.450370][EnvironmentNew.Environment.log][rollouts]: Rollout thread #8

[2020-01-28 17:14:49.453677][EnvironmentNew.Environment.log][thread_rollouts]: Thread number: 7

[2020-01-28 17:14:49.488325][EnvironmentNew.Environment.log][thread_rollouts]: Thread number: 7, Steps performed: 9

[2020-01-28 17:14:49.481147][EnvironmentNew.Environment.log][thread_rollouts]: Thread number: 6, Steps performed: 9

[2020-01-28 17:14:49.491511][EnvironmentNew.Environment.log][rollouts]: Rollout thread #9

[2020-01-28 17:14:49.492333][EnvironmentNew.Environment.log][thread_rollouts]: Thread number: 8

[2020-01-28 17:14:49.492395][EnvironmentNew.Environment.log][rollouts]: Rollout thread #10

[2020-01-28 17:14:49.498927][EnvironmentNew.Environment.log][thread_rollouts]: Thread number: 9

[2020-01-28 17:14:49.536445][EnvironmentNew.Environment.log][thread_rollouts]: Thread number: 8, Steps performed: 9

[2020-01-28 17:14:49.537017][EnvironmentNew.Environment.log][thread_rollouts]: Thread number: 9, Steps performed: 9

[2020-01-28 17:14:49.537929][EnvironmentNew.Environment.log][rollouts]: Rollout thread #11

[2020-01-28 17:14:49.538478][EnvironmentNew.Environment.log][rollouts]: Rollout thread #12

[2020-01-28 17:14:49.538423][EnvironmentNew.Environment.log][thread_rollouts]: Thread number: 10

[2020-01-28 17:14:49.539514][EnvironmentNew.Environment.log][thread_rollouts]: Thread number: 11

[2020-01-28 17:14:49.577240][EnvironmentNew.Environment.log][thread_rollouts]: Thread number: 10, Steps performed: 10

[2020-01-28 17:14:49.587590][EnvironmentNew.Environment.log][thread_rollouts]: Thread number: 11, Steps performed: 14

[2020-01-28 17:14:49.588050][EnvironmentNew.Environment.log][rollouts]: Rollout thread #13

[2020-01-28 17:14:49.588584][EnvironmentNew.Environment.log][rollouts]: Rollout thread #14

[2020-01-28 17:14:49.588527][EnvironmentNew.Environment.log][thread_rollouts]: Thread number: 12

[2020-01-28 17:14:49.590002][EnvironmentNew.Environment.log][thread_rollouts]: Thread number: 13

[2020-01-28 17:14:49.633914][EnvironmentNew.Environment.log][thread_rollouts]: Thread number: 12, Steps performed: 12

[2020-01-28 17:14:49.634033][EnvironmentNew.Environment.log][thread_rollouts]: Thread number: 13, Steps performed: 11

[2020-01-28 17:14:49.635240][EnvironmentNew.Environment.log][rollouts]: Rollout thread #15

[2020-01-28 17:14:49.635900][EnvironmentNew.Environment.log][thread_rollouts]: Thread number: 14

[2020-01-28 17:14:49.652075][EnvironmentNew.Environment.log][thread_rollouts]: Thread number: 14, Steps performed: 10

[2020-01-28 17:14:49.652775][__main__.TRPOAgent.log][learning]: Rollouts performed

[2020-01-28 17:14:49.654395][__main__.TRPOAgent.log][batch_info]: Rollout statistics size: 152, Batch size: 1000, Number of batches: 1

[2020-01-28 17:14:49.654764][__main__.TRPOAgent.log][learning]: 

***************
BEGINNING TRAINING
***************



[2020-01-28 17:14:49.655100][__main__.TRPOAgent.log][batch_info]: Batch #0, batch length: 152

[2020-01-28 17:14:49.674094][__main__.TRPOAgent.log][training]: policy_gradient: [-0.0006777  -0.00528206  0.00069123  0.00878584  0.00727785  0.
  0.04599858  0.00748029  0.         -0.03459021  0.00813351  0.
  0.00031552 -0.02885693  0.          0.          0.          0.
 -0.03643171 -0.06085512  0.01379734  0.          0.          0.
  0.         -0.05258081  0.03292357 -0.00703069  0.00043767  0.
  0.          0.02772804  0.         -0.01320082  0.          0.
  0.04338495  0.00705526  0.         -0.0326248   0.00767137  0.
  0.00029759 -0.02721729  0.          0.          0.          0.
 -0.03436167 -0.05739734  0.01301338  0.          0.          0.
  0.         -0.04959318  0.03105286 -0.0066312   0.0004128   0.
  0.          0.02615254  0.         -0.01245075  0.          0.
  0.          0.04512995 -0.04512995  0.01934717 -0.01934717  0.
  0.          0.00693552 -0.00693552  0.0048895  -0.0048895   0.
  0.          0.006699   -0.006699    0.03687706 -0.03687706  0.
  0.          0.          0.          0.          0.          0.
  0.          0.00402885 -0.00402885  0.00712981 -0.00712981  0.01997703
 -0.01997703  0.          0.          0.          0.          0.
  0.          0.          0.          0.02670798 -0.02670798  0.01796194
 -0.01796194  0.04414533 -0.04414533  0.04353871 -0.04353871  0.
  0.          0.          0.          0.0494952  -0.0494952   0.
  0.          0.00161014 -0.00161014  0.          0.          0.14799991
 -0.14799991]

[2020-01-28 17:14:49.674588][__main__.TRPOAgent.log][training]: Initiating conjugate gradients

[2020-01-28 17:14:49.717335][__main__.TRPOAgent.log][training]: gradient_step_direction: [-5.68456947e-03  5.56085442e-03  1.06864307e-02  1.04212051e-03
 -2.38765902e-02  0.00000000e+00 -9.87826141e-03 -1.60640169e-03
  0.00000000e+00  7.42829776e-03 -1.74668310e-03  0.00000000e+00
 -6.77575383e-05  6.19706842e-03  0.00000000e+00  0.00000000e+00
  0.00000000e+00  0.00000000e+00  7.82376317e-03  1.30687245e-02
 -2.96299772e-03  0.00000000e+00  0.00000000e+00  0.00000000e+00
  0.00000000e+00  1.12918061e-02 -7.07038346e-03  1.50985127e-03
 -9.39887588e-05  0.00000000e+00  0.00000000e+00 -5.95463542e-03
  0.00000000e+00  2.83489502e-03  0.00000000e+00  0.00000000e+00
 -1.42333934e-01 -2.31463313e-02  0.00000000e+00  1.07032874e-01
 -2.51676137e-02  0.00000000e+00 -9.76307221e-04  8.92923236e-02
  0.00000000e+00  0.00000000e+00  0.00000000e+00  0.00000000e+00
  1.12731058e-01  1.88304670e-01 -4.26932559e-02  0.00000000e+00
  0.00000000e+00  0.00000000e+00  0.00000000e+00  1.62701396e-01
 -1.01875766e-01  2.17551344e-02 -1.35427993e-03  0.00000000e+00
  0.00000000e+00 -8.57991830e-02  0.00000000e+00  4.08474424e-02
  0.00000000e+00  0.00000000e+00  0.00000000e+00 -9.69172224e-03
  9.69172224e-03 -4.15483220e-03  4.15483220e-03  0.00000000e+00
  0.00000000e+00 -1.48941230e-03  1.48941230e-03 -1.05002811e-03
  1.05002811e-03  0.00000000e+00  0.00000000e+00 -1.43861891e-03
  1.43861891e-03 -7.91940307e-03  7.91940307e-03  0.00000000e+00
  0.00000000e+00  0.00000000e+00  0.00000000e+00  0.00000000e+00
  0.00000000e+00  0.00000000e+00  0.00000000e+00 -8.65200446e-04
  8.65200446e-04 -1.53113781e-03  1.53113781e-03 -4.29009620e-03
  4.29009620e-03  0.00000000e+00  0.00000000e+00  0.00000000e+00
  0.00000000e+00  0.00000000e+00  0.00000000e+00  0.00000000e+00
  0.00000000e+00 -5.73557840e-03  5.73557840e-03 -3.85735241e-03
  3.85735241e-03 -9.48027394e-03  9.48027394e-03 -9.35000004e-03
  9.35000004e-03  0.00000000e+00  0.00000000e+00  0.00000000e+00
  0.00000000e+00 -1.06291658e-02  1.06291658e-02  0.00000000e+00
  0.00000000e+00 -3.45780648e-04  3.45780648e-04  0.00000000e+00
  0.00000000e+00  4.89781964e-01 -4.89781964e-01]

[2020-01-28 17:14:49.793275][__main__.TRPOAgent.log][linesearch]: Linesearch failed. Mean kl divergence: 4.765074170710183e-05, Discarded policy loss value: -0.0029664373669665623

[2020-01-28 17:14:49.854839][__main__.TRPOAgent.log][batch_info]: Current batch value loss: 0.5972325441183975

[2020-01-28 17:14:50.427971][__main__.TRPOAgent.log][learning]: Episode #5

[2020-01-28 17:14:50.429228][__main__.TRPOAgent.log][learning]: Performing rollouts: rollout length: 50

[2020-01-28 17:14:50.451533][EnvironmentNew.Environment.log][rollouts]: Rollout thread #1

[2020-01-28 17:14:50.452436][EnvironmentNew.Environment.log][thread_rollouts]: Thread number: 0

[2020-01-28 17:14:50.452552][EnvironmentNew.Environment.log][rollouts]: Rollout thread #2

[2020-01-28 17:14:50.454493][EnvironmentNew.Environment.log][thread_rollouts]: Thread number: 1

[2020-01-28 17:14:50.487482][EnvironmentNew.Environment.log][thread_rollouts]: Thread number: 0, Steps performed: 10

[2020-01-28 17:14:50.489258][EnvironmentNew.Environment.log][thread_rollouts]: Thread number: 1, Steps performed: 9

[2020-01-28 17:14:50.489824][EnvironmentNew.Environment.log][rollouts]: Rollout thread #3

[2020-01-28 17:14:50.490365][EnvironmentNew.Environment.log][rollouts]: Rollout thread #4

[2020-01-28 17:14:50.490314][EnvironmentNew.Environment.log][thread_rollouts]: Thread number: 2

[2020-01-28 17:14:50.491420][EnvironmentNew.Environment.log][thread_rollouts]: Thread number: 3

[2020-01-28 17:14:50.534297][EnvironmentNew.Environment.log][thread_rollouts]: Thread number: 2, Steps performed: 13

[2020-01-28 17:14:50.534629][EnvironmentNew.Environment.log][thread_rollouts]: Thread number: 3, Steps performed: 9

[2020-01-28 17:14:50.535550][EnvironmentNew.Environment.log][rollouts]: Rollout thread #5

[2020-01-28 17:14:50.536094][EnvironmentNew.Environment.log][thread_rollouts]: Thread number: 4

[2020-01-28 17:14:50.536160][EnvironmentNew.Environment.log][rollouts]: Rollout thread #6

[2020-01-28 17:14:50.538444][EnvironmentNew.Environment.log][thread_rollouts]: Thread number: 5

[2020-01-28 17:14:50.560734][EnvironmentNew.Environment.log][thread_rollouts]: Thread number: 4, Steps performed: 9

[2020-01-28 17:14:50.570664][EnvironmentNew.Environment.log][thread_rollouts]: Thread number: 5, Steps performed: 11

[2020-01-28 17:14:50.571184][EnvironmentNew.Environment.log][rollouts]: Rollout thread #7

[2020-01-28 17:14:50.571948][EnvironmentNew.Environment.log][thread_rollouts]: Thread number: 6

[2020-01-28 17:14:50.572031][EnvironmentNew.Environment.log][rollouts]: Rollout thread #8

[2020-01-28 17:14:50.575510][EnvironmentNew.Environment.log][thread_rollouts]: Thread number: 7

[2020-01-28 17:14:50.601651][EnvironmentNew.Environment.log][thread_rollouts]: Thread number: 6, Steps performed: 9

[2020-01-28 17:14:50.610587][EnvironmentNew.Environment.log][thread_rollouts]: Thread number: 7, Steps performed: 10

[2020-01-28 17:14:50.611051][EnvironmentNew.Environment.log][rollouts]: Rollout thread #9

[2020-01-28 17:14:50.612471][EnvironmentNew.Environment.log][rollouts]: Rollout thread #10

[2020-01-28 17:14:50.612219][EnvironmentNew.Environment.log][thread_rollouts]: Thread number: 8

[2020-01-28 17:14:50.613923][EnvironmentNew.Environment.log][thread_rollouts]: Thread number: 9

[2020-01-28 17:14:50.649567][EnvironmentNew.Environment.log][thread_rollouts]: Thread number: 8, Steps performed: 9

[2020-01-28 17:14:50.650896][EnvironmentNew.Environment.log][thread_rollouts]: Thread number: 9, Steps performed: 9

[2020-01-28 17:14:50.651409][EnvironmentNew.Environment.log][rollouts]: Rollout thread #11

[2020-01-28 17:14:50.652051][EnvironmentNew.Environment.log][thread_rollouts]: Thread number: 10

[2020-01-28 17:14:50.652106][EnvironmentNew.Environment.log][rollouts]: Rollout thread #12

[2020-01-28 17:14:50.654280][EnvironmentNew.Environment.log][thread_rollouts]: Thread number: 11

[2020-01-28 17:14:50.697879][EnvironmentNew.Environment.log][thread_rollouts]: Thread number: 11, Steps performed: 13

[2020-01-28 17:14:50.704212][EnvironmentNew.Environment.log][thread_rollouts]: Thread number: 10, Steps performed: 16

[2020-01-28 17:14:50.704795][EnvironmentNew.Environment.log][rollouts]: Rollout thread #13

[2020-01-28 17:14:50.705333][EnvironmentNew.Environment.log][thread_rollouts]: Thread number: 12

[2020-01-28 17:14:50.705391][EnvironmentNew.Environment.log][rollouts]: Rollout thread #14

[2020-01-28 17:14:50.707430][EnvironmentNew.Environment.log][thread_rollouts]: Thread number: 13

[2020-01-28 17:14:50.738519][EnvironmentNew.Environment.log][thread_rollouts]: Thread number: 12, Steps performed: 11

[2020-01-28 17:14:50.746755][EnvironmentNew.Environment.log][thread_rollouts]: Thread number: 13, Steps performed: 11

[2020-01-28 17:14:50.747425][EnvironmentNew.Environment.log][rollouts]: Rollout thread #15

[2020-01-28 17:14:50.748077][EnvironmentNew.Environment.log][thread_rollouts]: Thread number: 14

[2020-01-28 17:14:50.763254][EnvironmentNew.Environment.log][thread_rollouts]: Thread number: 14, Steps performed: 9

[2020-01-28 17:14:50.763854][__main__.TRPOAgent.log][learning]: Rollouts performed

[2020-01-28 17:14:50.765387][__main__.TRPOAgent.log][batch_info]: Rollout statistics size: 158, Batch size: 1000, Number of batches: 1

[2020-01-28 17:14:50.765833][__main__.TRPOAgent.log][learning]: 

***************
BEGINNING TRAINING
***************



[2020-01-28 17:14:50.766653][__main__.TRPOAgent.log][batch_info]: Batch #0, batch length: 158

[2020-01-28 17:14:50.785294][__main__.TRPOAgent.log][training]: policy_gradient: [-0.0005859  -0.00442488  0.0004639   0.00737612  0.00862505  0.
  0.03858576  0.00627481  0.         -0.02901588  0.00682277  0.
  0.00026467 -0.02420654  0.          0.          0.          0.
 -0.03056062 -0.05104811  0.01157385  0.          0.          0.
  0.         -0.04410724  0.02761782 -0.00589767  0.00036714  0.
  0.          0.02325957  0.         -0.01107346  0.          0.
  0.05141596  0.00836126  0.         -0.03866399  0.00909142  0.
  0.00035268 -0.03225549  0.          0.          0.          0.
 -0.04072237 -0.06802218  0.01542229  0.          0.          0.
  0.         -0.05877339  0.03680106 -0.00785871  0.00048921  0.
  0.          0.03099364  0.         -0.01475551  0.          0.
  0.          0.03785711 -0.03785711  0.01622931 -0.01622931  0.
  0.          0.00581783 -0.00581783  0.00410154 -0.00410154  0.
  0.          0.00561943 -0.00561943  0.0309342  -0.0309342   0.
  0.          0.          0.          0.          0.          0.
  0.          0.00337958 -0.00337958  0.00598082 -0.00598082  0.01675766
 -0.01675766  0.          0.          0.          0.          0.
  0.          0.          0.          0.0224039  -0.0224039   0.01506731
 -0.01506731  0.03703116 -0.03703116  0.0365223  -0.0365223   0.
  0.          0.          0.          0.04151888 -0.04151888  0.
  0.          0.00135066 -0.00135066  0.          0.          0.13881762
 -0.13881762]

[2020-01-28 17:14:50.785772][__main__.TRPOAgent.log][training]: Initiating conjugate gradients

[2020-01-28 17:14:50.828422][__main__.TRPOAgent.log][training]: gradient_step_direction: [-0.00266977  0.01076656  0.0010195  -0.01260169  0.05479551  0.
 -0.07284956 -0.01184679  0.          0.05478173 -0.01288133  0.
 -0.00049969  0.04570173  0.          0.          0.          0.
  0.05769818  0.09637838 -0.02185133  0.          0.          0.
  0.          0.08327407 -0.05214221  0.01113475 -0.00069315  0.
  0.         -0.04391386  0.          0.0209066   0.          0.
  0.32664877  0.05311959  0.         -0.24563472  0.05775833  0.
  0.00224057 -0.2049211   0.          0.          0.          0.
 -0.25871175 -0.43214915  0.09797874  0.          0.          0.
  0.         -0.373391    0.23379943 -0.04992687  0.003108    0.
  0.          0.19690454  0.         -0.0937427   0.          0.
  0.         -0.07147388  0.07147388 -0.03064079  0.03064079  0.
  0.         -0.01098402  0.01098402 -0.00774368  0.00774368  0.
  0.         -0.01060943  0.01060943 -0.0584035   0.0584035   0.
  0.          0.          0.          0.          0.          0.
  0.         -0.00638062  0.00638062 -0.01129173  0.01129173 -0.03163832
  0.03163832  0.          0.          0.          0.          0.
  0.          0.          0.         -0.04229837  0.04229837 -0.02844695
  0.02844695 -0.06991451  0.06991451 -0.06895377  0.06895377  0.
  0.          0.          0.         -0.07838728  0.07838728  0.
  0.         -0.00255004  0.00255004  0.          0.          0.13765422
 -0.13765422]

[2020-01-28 17:14:50.893841][__main__.TRPOAgent.log][linesearch]: Linesearch failed. Mean kl divergence: 6.182609485153464e-05, Discarded policy loss value: -0.0035307373245187378

[2020-01-28 17:14:50.958542][__main__.TRPOAgent.log][batch_info]: Current batch value loss: 1.0939072996917287

[2020-01-28 17:14:51.480710][__main__.TRPOAgent.log][learning]: Episode #6

[2020-01-28 17:14:51.481308][__main__.TRPOAgent.log][learning]: Performing rollouts: rollout length: 50

[2020-01-28 17:14:51.501947][EnvironmentNew.Environment.log][rollouts]: Rollout thread #1

[2020-01-28 17:14:51.503018][EnvironmentNew.Environment.log][rollouts]: Rollout thread #2

[2020-01-28 17:14:51.502628][EnvironmentNew.Environment.log][thread_rollouts]: Thread number: 0

[2020-01-28 17:14:51.503931][EnvironmentNew.Environment.log][thread_rollouts]: Thread number: 1

[2020-01-28 17:14:51.540777][EnvironmentNew.Environment.log][thread_rollouts]: Thread number: 0, Steps performed: 10

[2020-01-28 17:14:51.541663][EnvironmentNew.Environment.log][thread_rollouts]: Thread number: 1, Steps performed: 12

[2020-01-28 17:14:51.542309][EnvironmentNew.Environment.log][rollouts]: Rollout thread #3

[2020-01-28 17:14:51.542758][EnvironmentNew.Environment.log][thread_rollouts]: Thread number: 2

[2020-01-28 17:14:51.542805][EnvironmentNew.Environment.log][rollouts]: Rollout thread #4

[2020-01-28 17:14:51.544916][EnvironmentNew.Environment.log][thread_rollouts]: Thread number: 3

[2020-01-28 17:14:51.578006][EnvironmentNew.Environment.log][thread_rollouts]: Thread number: 3, Steps performed: 9

[2020-01-28 17:14:51.578107][EnvironmentNew.Environment.log][thread_rollouts]: Thread number: 2, Steps performed: 12

[2020-01-28 17:14:51.579708][EnvironmentNew.Environment.log][rollouts]: Rollout thread #5

[2020-01-28 17:14:51.580686][EnvironmentNew.Environment.log][thread_rollouts]: Thread number: 4

[2020-01-28 17:14:51.580777][EnvironmentNew.Environment.log][rollouts]: Rollout thread #6

[2020-01-28 17:14:51.583045][EnvironmentNew.Environment.log][thread_rollouts]: Thread number: 5

[2020-01-28 17:14:51.619516][EnvironmentNew.Environment.log][thread_rollouts]: Thread number: 4, Steps performed: 10

[2020-01-28 17:14:51.619624][EnvironmentNew.Environment.log][thread_rollouts]: Thread number: 5, Steps performed: 10

[2020-01-28 17:14:51.620893][EnvironmentNew.Environment.log][rollouts]: Rollout thread #7

[2020-01-28 17:14:51.621484][EnvironmentNew.Environment.log][thread_rollouts]: Thread number: 6

[2020-01-28 17:14:51.621538][EnvironmentNew.Environment.log][rollouts]: Rollout thread #8

[2020-01-28 17:14:51.623133][EnvironmentNew.Environment.log][thread_rollouts]: Thread number: 7

[2020-01-28 17:14:51.658535][EnvironmentNew.Environment.log][thread_rollouts]: Thread number: 6, Steps performed: 11

[2020-01-28 17:14:51.659933][EnvironmentNew.Environment.log][thread_rollouts]: Thread number: 7, Steps performed: 9

[2020-01-28 17:14:51.660638][EnvironmentNew.Environment.log][rollouts]: Rollout thread #9

[2020-01-28 17:14:51.661327][EnvironmentNew.Environment.log][thread_rollouts]: Thread number: 8

[2020-01-28 17:14:51.661400][EnvironmentNew.Environment.log][rollouts]: Rollout thread #10

[2020-01-28 17:14:51.664488][EnvironmentNew.Environment.log][thread_rollouts]: Thread number: 9

[2020-01-28 17:14:51.701122][EnvironmentNew.Environment.log][thread_rollouts]: Thread number: 8, Steps performed: 11

[2020-01-28 17:14:51.701655][EnvironmentNew.Environment.log][thread_rollouts]: Thread number: 9, Steps performed: 9

[2020-01-28 17:14:51.703067][EnvironmentNew.Environment.log][rollouts]: Rollout thread #11

[2020-01-28 17:14:51.703753][EnvironmentNew.Environment.log][thread_rollouts]: Thread number: 10

[2020-01-28 17:14:51.703832][EnvironmentNew.Environment.log][rollouts]: Rollout thread #12

[2020-01-28 17:14:51.706108][EnvironmentNew.Environment.log][thread_rollouts]: Thread number: 11

[2020-01-28 17:14:51.732425][EnvironmentNew.Environment.log][thread_rollouts]: Thread number: 10, Steps performed: 9

[2020-01-28 17:14:51.736082][EnvironmentNew.Environment.log][thread_rollouts]: Thread number: 11, Steps performed: 9

[2020-01-28 17:14:51.736534][EnvironmentNew.Environment.log][rollouts]: Rollout thread #13

[2020-01-28 17:14:51.737057][EnvironmentNew.Environment.log][rollouts]: Rollout thread #14

[2020-01-28 17:14:51.736996][EnvironmentNew.Environment.log][thread_rollouts]: Thread number: 12

[2020-01-28 17:14:51.737976][EnvironmentNew.Environment.log][thread_rollouts]: Thread number: 13

[2020-01-28 17:14:51.770890][EnvironmentNew.Environment.log][thread_rollouts]: Thread number: 13, Steps performed: 9

[2020-01-28 17:14:51.777816][EnvironmentNew.Environment.log][thread_rollouts]: Thread number: 12, Steps performed: 14

[2020-01-28 17:14:51.778286][EnvironmentNew.Environment.log][rollouts]: Rollout thread #15

[2020-01-28 17:14:51.778858][EnvironmentNew.Environment.log][thread_rollouts]: Thread number: 14

[2020-01-28 17:14:51.795845][EnvironmentNew.Environment.log][thread_rollouts]: Thread number: 14, Steps performed: 13

[2020-01-28 17:14:51.796742][__main__.TRPOAgent.log][learning]: Rollouts performed

[2020-01-28 17:14:51.799220][__main__.TRPOAgent.log][batch_info]: Rollout statistics size: 157, Batch size: 1000, Number of batches: 1

[2020-01-28 17:14:51.799827][__main__.TRPOAgent.log][learning]: 

***************
BEGINNING TRAINING
***************



[2020-01-28 17:14:51.800503][__main__.TRPOAgent.log][batch_info]: Batch #0, batch length: 157

[2020-01-28 17:14:51.823203][__main__.TRPOAgent.log][training]: policy_gradient: [-3.57335111e-04 -1.82961752e-03  2.05872981e-04  3.17935514e-03
  6.57715329e-03  0.00000000e+00  1.64930749e-02  2.68210236e-03
  0.00000000e+00 -1.24025322e-02  2.91632027e-03  0.00000000e+00
  1.13130506e-04 -1.03468296e-02  0.00000000e+00  0.00000000e+00
  0.00000000e+00  0.00000000e+00 -1.30628145e-02 -2.18199759e-02
  4.94712013e-03  0.00000000e+00  0.00000000e+00  0.00000000e+00
  0.00000000e+00 -1.88531731e-02  1.18049476e-02 -2.52089601e-03
  1.56928512e-04  0.00000000e+00  0.00000000e+00  9.94205892e-03
  0.00000000e+00 -4.73323475e-03  0.00000000e+00  0.00000000e+00
  3.92079435e-02  6.37599225e-03  0.00000000e+00 -2.94837551e-02
  6.93278368e-03  0.00000000e+00  2.68937994e-04 -2.45968634e-02
  0.00000000e+00  0.00000000e+00  0.00000000e+00  0.00000000e+00
 -3.10534024e-02 -5.18712482e-02  1.17604757e-02  0.00000000e+00
  0.00000000e+00  0.00000000e+00  0.00000000e+00 -4.48184556e-02
  2.80631551e-02 -5.99276659e-03  3.73056224e-04  0.00000000e+00
  0.00000000e+00  2.36346277e-02  0.00000000e+00 -1.12520195e-02
  0.00000000e+00  0.00000000e+00  0.00000000e+00  1.61816211e-02
 -1.61816211e-02  6.93704572e-03 -6.93704572e-03  0.00000000e+00
  0.00000000e+00  2.48677224e-03 -2.48677224e-03  1.75316177e-03
 -1.75316177e-03  0.00000000e+00  0.00000000e+00  2.40196588e-03
 -2.40196588e-03  1.32224982e-02 -1.32224982e-02  0.00000000e+00
  0.00000000e+00  0.00000000e+00  0.00000000e+00  0.00000000e+00
  0.00000000e+00  0.00000000e+00  0.00000000e+00  1.44456741e-03
 -1.44456741e-03  2.55643855e-03 -2.55643855e-03  7.16288698e-03
 -7.16288698e-03  0.00000000e+00  0.00000000e+00  0.00000000e+00
  0.00000000e+00  0.00000000e+00  0.00000000e+00  0.00000000e+00
  0.00000000e+00  9.57631210e-03 -9.57631210e-03  6.44036357e-03
 -6.44036357e-03  1.58285800e-02 -1.58285800e-02  1.56110704e-02
 -1.56110704e-02  0.00000000e+00  0.00000000e+00  0.00000000e+00
  0.00000000e+00  1.77468080e-02 -1.77468080e-02  0.00000000e+00
  0.00000000e+00  5.77326858e-04 -5.77326858e-04  0.00000000e+00
  0.00000000e+00  1.24750107e-01 -1.24750107e-01]

[2020-01-28 17:14:51.823721][__main__.TRPOAgent.log][training]: Initiating conjugate gradients

[2020-01-28 17:14:51.863165][__main__.TRPOAgent.log][training]: gradient_step_direction: [-0.00254751  0.01576359  0.00173053 -0.02174747  0.03781475  0.
 -0.11661924 -0.01896461  0.          0.08769583 -0.02062072  0.
 -0.00079992  0.07316037  0.          0.          0.          0.
  0.09236456  0.1542847  -0.0349801   0.          0.          0.
  0.          0.13330703 -0.08347043  0.01782476 -0.00110961  0.
  0.         -0.07029831  0.          0.03346776  0.          0.
  0.22542249  0.03665819  0.         -0.16951415  0.03985941  0.
  0.00154623 -0.14141741  0.          0.          0.          0.
 -0.17853869 -0.29822899  0.06761578  0.          0.          0.
  0.         -0.25767961  0.16134654 -0.03445486  0.00214486  0.
  0.          0.13588513  0.         -0.06469246  0.          0.
  0.         -0.11441702  0.11441702 -0.04905047  0.04905047  0.
  0.         -0.01758347  0.01758347 -0.01239626  0.01239626  0.
  0.         -0.01698382  0.01698382 -0.09349365  0.09349365  0.
  0.          0.          0.          0.          0.          0.
  0.         -0.01021425  0.01021425 -0.01807607  0.01807607 -0.05064735
  0.05064735  0.          0.          0.          0.          0.
  0.          0.          0.         -0.06771219  0.06771219 -0.04553853
  0.04553853 -0.11192073  0.11192073 -0.11038277  0.11038277  0.
  0.          0.          0.         -0.12548414  0.12548414  0.
  0.         -0.00408216  0.00408216  0.          0.          0.36545978
 -0.36545978]

[2020-01-28 17:14:51.944835][__main__.TRPOAgent.log][linesearch]: Linesearch failed. Mean kl divergence: 6.244702670600043e-05, Discarded policy loss value: -0.0037874237693604237

[2020-01-28 17:14:52.001490][__main__.TRPOAgent.log][batch_info]: Current batch value loss: 1.158748322251775

[2020-01-28 17:14:52.545494][__main__.TRPOAgent.log][learning]: Episode #7

[2020-01-28 17:14:52.545913][__main__.TRPOAgent.log][learning]: Performing rollouts: rollout length: 50

[2020-01-28 17:14:52.571603][EnvironmentNew.Environment.log][rollouts]: Rollout thread #1

[2020-01-28 17:14:52.572430][EnvironmentNew.Environment.log][thread_rollouts]: Thread number: 0

[2020-01-28 17:14:52.572719][EnvironmentNew.Environment.log][rollouts]: Rollout thread #2

[2020-01-28 17:14:52.575347][EnvironmentNew.Environment.log][thread_rollouts]: Thread number: 1

[2020-01-28 17:14:52.614421][EnvironmentNew.Environment.log][thread_rollouts]: Thread number: 1, Steps performed: 10

[2020-01-28 17:14:52.615303][EnvironmentNew.Environment.log][thread_rollouts]: Thread number: 0, Steps performed: 11

[2020-01-28 17:14:52.615900][EnvironmentNew.Environment.log][rollouts]: Rollout thread #3

[2020-01-28 17:14:52.616408][EnvironmentNew.Environment.log][thread_rollouts]: Thread number: 2

[2020-01-28 17:14:52.616461][EnvironmentNew.Environment.log][rollouts]: Rollout thread #4

[2020-01-28 17:14:52.619427][EnvironmentNew.Environment.log][thread_rollouts]: Thread number: 3

[2020-01-28 17:14:52.651781][EnvironmentNew.Environment.log][thread_rollouts]: Thread number: 2, Steps performed: 13

[2020-01-28 17:14:52.652558][EnvironmentNew.Environment.log][thread_rollouts]: Thread number: 3, Steps performed: 9

[2020-01-28 17:14:52.653486][EnvironmentNew.Environment.log][rollouts]: Rollout thread #5

[2020-01-28 17:14:52.654029][EnvironmentNew.Environment.log][thread_rollouts]: Thread number: 4

[2020-01-28 17:14:52.654083][EnvironmentNew.Environment.log][rollouts]: Rollout thread #6

[2020-01-28 17:14:52.655848][EnvironmentNew.Environment.log][thread_rollouts]: Thread number: 5

[2020-01-28 17:14:52.690718][EnvironmentNew.Environment.log][thread_rollouts]: Thread number: 5, Steps performed: 10

[2020-01-28 17:14:52.691524][EnvironmentNew.Environment.log][thread_rollouts]: Thread number: 4, Steps performed: 13

[2020-01-28 17:14:52.692176][EnvironmentNew.Environment.log][rollouts]: Rollout thread #7

[2020-01-28 17:14:52.692890][EnvironmentNew.Environment.log][thread_rollouts]: Thread number: 6

[2020-01-28 17:14:52.692948][EnvironmentNew.Environment.log][rollouts]: Rollout thread #8

[2020-01-28 17:14:52.697049][EnvironmentNew.Environment.log][thread_rollouts]: Thread number: 7

[2020-01-28 17:14:52.729134][EnvironmentNew.Environment.log][thread_rollouts]: Thread number: 6, Steps performed: 11

[2020-01-28 17:14:52.731843][EnvironmentNew.Environment.log][thread_rollouts]: Thread number: 7, Steps performed: 9

[2020-01-28 17:14:52.732241][EnvironmentNew.Environment.log][rollouts]: Rollout thread #9

[2020-01-28 17:14:52.732701][EnvironmentNew.Environment.log][thread_rollouts]: Thread number: 8

[2020-01-28 17:14:52.732768][EnvironmentNew.Environment.log][rollouts]: Rollout thread #10

[2020-01-28 17:14:52.735671][EnvironmentNew.Environment.log][thread_rollouts]: Thread number: 9

[2020-01-28 17:14:52.770291][EnvironmentNew.Environment.log][thread_rollouts]: Thread number: 8, Steps performed: 9

[2020-01-28 17:14:52.776723][EnvironmentNew.Environment.log][thread_rollouts]: Thread number: 9, Steps performed: 11

[2020-01-28 17:14:52.777360][EnvironmentNew.Environment.log][rollouts]: Rollout thread #11

[2020-01-28 17:14:52.777947][EnvironmentNew.Environment.log][rollouts]: Rollout thread #12

[2020-01-28 17:14:52.777893][EnvironmentNew.Environment.log][thread_rollouts]: Thread number: 10

[2020-01-28 17:14:52.779054][EnvironmentNew.Environment.log][thread_rollouts]: Thread number: 11

[2020-01-28 17:14:52.821414][EnvironmentNew.Environment.log][thread_rollouts]: Thread number: 10, Steps performed: 13

[2020-01-28 17:14:52.821289][EnvironmentNew.Environment.log][thread_rollouts]: Thread number: 11, Steps performed: 11

[2020-01-28 17:14:52.822471][EnvironmentNew.Environment.log][rollouts]: Rollout thread #13

[2020-01-28 17:14:52.823213][EnvironmentNew.Environment.log][thread_rollouts]: Thread number: 12

[2020-01-28 17:14:52.823299][EnvironmentNew.Environment.log][rollouts]: Rollout thread #14

[2020-01-28 17:14:52.825376][EnvironmentNew.Environment.log][thread_rollouts]: Thread number: 13

[2020-01-28 17:14:52.856711][EnvironmentNew.Environment.log][thread_rollouts]: Thread number: 12, Steps performed: 10

[2020-01-28 17:14:52.856830][EnvironmentNew.Environment.log][thread_rollouts]: Thread number: 13, Steps performed: 9

[2020-01-28 17:14:52.857834][EnvironmentNew.Environment.log][rollouts]: Rollout thread #15

[2020-01-28 17:14:52.858303][EnvironmentNew.Environment.log][thread_rollouts]: Thread number: 14

[2020-01-28 17:14:52.874900][EnvironmentNew.Environment.log][thread_rollouts]: Thread number: 14, Steps performed: 11

[2020-01-28 17:14:52.875504][__main__.TRPOAgent.log][learning]: Rollouts performed

[2020-01-28 17:14:52.877181][__main__.TRPOAgent.log][batch_info]: Rollout statistics size: 160, Batch size: 1000, Number of batches: 1

[2020-01-28 17:14:52.877594][__main__.TRPOAgent.log][learning]: 

***************
BEGINNING TRAINING
***************



[2020-01-28 17:14:52.878042][__main__.TRPOAgent.log][batch_info]: Batch #0, batch length: 160

[2020-01-28 17:14:52.896262][__main__.TRPOAgent.log][training]: policy_gradient: [-0.00049834 -0.00384837  0.00036083  0.00642266  0.0080186   0.
  0.03353951  0.00545419  0.         -0.02522118  0.00593049  0.
  0.00023006 -0.02104081  0.          0.          0.          0.
 -0.0265639  -0.04437203  0.01006022  0.          0.          0.
  0.         -0.03833889  0.02400596 -0.00512637  0.00031912  0.
  0.          0.02021768  0.         -0.00962527  0.          0.
  0.04780071  0.00777335  0.         -0.03594538  0.00845217  0.
  0.00032788 -0.02998749  0.          0.          0.          0.
 -0.03785903 -0.06323929  0.01433789  0.          0.          0.
  0.         -0.05464082  0.03421345 -0.00730613  0.00045481  0.
  0.          0.02881437  0.         -0.013718    0.          0.
  0.          0.03290615 -0.03290615  0.01410684 -0.01410684  0.
  0.          0.00505698 -0.00505698  0.00356514 -0.00356514  0.
  0.          0.00488452 -0.00488452  0.02688862 -0.02688862  0.
  0.          0.          0.          0.          0.          0.
  0.          0.0029376  -0.0029376   0.00519865 -0.00519865  0.0145661
 -0.0145661   0.          0.          0.          0.          0.
  0.          0.          0.          0.01947392 -0.01947392  0.01309681
 -0.01309681  0.03218822 -0.03218822  0.03174591 -0.03174591  0.
  0.          0.          0.          0.03608904 -0.03608904  0.
  0.          0.00117402 -0.00117402  0.          0.          0.14439294
 -0.14439294]

[2020-01-28 17:14:52.897049][__main__.TRPOAgent.log][training]: Initiating conjugate gradients

[2020-01-28 17:14:52.942370][__main__.TRPOAgent.log][training]: gradient_step_direction: [-0.0006221   0.01071208 -0.00085356 -0.01391692  0.03473024  0.
 -0.0804404  -0.01308121  0.          0.06048992 -0.01422354  0.
 -0.00055176  0.0504638   0.          0.          0.          0.
  0.06371026  0.10642089 -0.02412821  0.          0.          0.
  0.          0.09195113 -0.05757536  0.01229498 -0.00076537  0.
  0.         -0.04848964  0.          0.02308504  0.          0.
  0.20703499  0.03366801  0.         -0.15568705  0.03660811  0.
  0.00142011 -0.12988213  0.          0.          0.          0.
 -0.16397547 -0.27390275  0.06210043  0.          0.          0.
  0.         -0.23666094  0.14818566 -0.03164441  0.0019699   0.
  0.          0.12480111  0.         -0.05941556  0.          0.
  0.         -0.07892138  0.07892138 -0.03383352  0.03383352  0.
  0.         -0.01212854  0.01212854 -0.00855056  0.00855056  0.
  0.         -0.01171492  0.01171492 -0.06448907  0.06448907  0.
  0.          0.          0.          0.          0.          0.
  0.         -0.00704548  0.00704548 -0.01246832  0.01246832 -0.034935
  0.034935    0.          0.          0.          0.          0.
  0.          0.          0.         -0.04670581  0.04670581 -0.03141109
  0.03141109 -0.07719952  0.07719952 -0.07613867  0.07613867  0.
  0.          0.          0.         -0.08655514  0.08655514  0.
  0.         -0.00281575  0.00281575  0.          0.          0.31277329
 -0.31277329]

[2020-01-28 17:14:53.018987][__main__.TRPOAgent.log][linesearch]: Linesearch failed. Mean kl divergence: 6.277857311301734e-05, Discarded policy loss value: -0.003699642695415354

[2020-01-28 17:14:53.172447][__main__.TRPOAgent.log][batch_info]: Current batch value loss: 0.883837425179081

[2020-01-28 17:14:53.799021][__main__.TRPOAgent.log][learning]: Episode #8

[2020-01-28 17:14:53.799639][__main__.TRPOAgent.log][learning]: Performing rollouts: rollout length: 50

[2020-01-28 17:14:53.821670][EnvironmentNew.Environment.log][rollouts]: Rollout thread #1

[2020-01-28 17:14:53.822286][EnvironmentNew.Environment.log][thread_rollouts]: Thread number: 0

[2020-01-28 17:14:53.822565][EnvironmentNew.Environment.log][rollouts]: Rollout thread #2

[2020-01-28 17:14:53.823908][EnvironmentNew.Environment.log][thread_rollouts]: Thread number: 1

[2020-01-28 17:14:53.855965][EnvironmentNew.Environment.log][thread_rollouts]: Thread number: 0, Steps performed: 9

[2020-01-28 17:14:53.856444][EnvironmentNew.Environment.log][thread_rollouts]: Thread number: 1, Steps performed: 9

[2020-01-28 17:14:53.857733][EnvironmentNew.Environment.log][rollouts]: Rollout thread #3

[2020-01-28 17:14:53.858308][EnvironmentNew.Environment.log][rollouts]: Rollout thread #4

[2020-01-28 17:14:53.858257][EnvironmentNew.Environment.log][thread_rollouts]: Thread number: 2

[2020-01-28 17:14:53.859429][EnvironmentNew.Environment.log][thread_rollouts]: Thread number: 3

[2020-01-28 17:14:53.893692][EnvironmentNew.Environment.log][thread_rollouts]: Thread number: 2, Steps performed: 9

[2020-01-28 17:14:53.894888][EnvironmentNew.Environment.log][thread_rollouts]: Thread number: 3, Steps performed: 10

[2020-01-28 17:14:53.895359][EnvironmentNew.Environment.log][rollouts]: Rollout thread #5

[2020-01-28 17:14:53.895948][EnvironmentNew.Environment.log][thread_rollouts]: Thread number: 4

[2020-01-28 17:14:53.896035][EnvironmentNew.Environment.log][rollouts]: Rollout thread #6

[2020-01-28 17:14:53.898479][EnvironmentNew.Environment.log][thread_rollouts]: Thread number: 5

[2020-01-28 17:14:53.927922][EnvironmentNew.Environment.log][thread_rollouts]: Thread number: 4, Steps performed: 9

[2020-01-28 17:14:53.929601][EnvironmentNew.Environment.log][thread_rollouts]: Thread number: 5, Steps performed: 10

[2020-01-28 17:14:53.930710][EnvironmentNew.Environment.log][rollouts]: Rollout thread #7

[2020-01-28 17:14:53.931588][EnvironmentNew.Environment.log][thread_rollouts]: Thread number: 6

[2020-01-28 17:14:53.931859][EnvironmentNew.Environment.log][rollouts]: Rollout thread #8

[2020-01-28 17:14:53.934351][EnvironmentNew.Environment.log][thread_rollouts]: Thread number: 7

[2020-01-28 17:14:53.973539][EnvironmentNew.Environment.log][thread_rollouts]: Thread number: 7, Steps performed: 9

[2020-01-28 17:14:53.973923][EnvironmentNew.Environment.log][thread_rollouts]: Thread number: 6, Steps performed: 10

[2020-01-28 17:14:53.974995][EnvironmentNew.Environment.log][rollouts]: Rollout thread #9

[2020-01-28 17:14:53.975600][EnvironmentNew.Environment.log][rollouts]: Rollout thread #10

[2020-01-28 17:14:53.975533][EnvironmentNew.Environment.log][thread_rollouts]: Thread number: 8

[2020-01-28 17:14:53.977127][EnvironmentNew.Environment.log][thread_rollouts]: Thread number: 9

[2020-01-28 17:14:54.012733][EnvironmentNew.Environment.log][thread_rollouts]: Thread number: 9, Steps performed: 10

[2020-01-28 17:14:54.012432][EnvironmentNew.Environment.log][thread_rollouts]: Thread number: 8, Steps performed: 10

[2020-01-28 17:14:54.013840][EnvironmentNew.Environment.log][rollouts]: Rollout thread #11

[2020-01-28 17:14:54.014710][EnvironmentNew.Environment.log][thread_rollouts]: Thread number: 10

[2020-01-28 17:14:54.014840][EnvironmentNew.Environment.log][rollouts]: Rollout thread #12

[2020-01-28 17:14:54.017050][EnvironmentNew.Environment.log][thread_rollouts]: Thread number: 11

[2020-01-28 17:14:54.044058][EnvironmentNew.Environment.log][thread_rollouts]: Thread number: 10, Steps performed: 9

[2020-01-28 17:14:54.048503][EnvironmentNew.Environment.log][thread_rollouts]: Thread number: 11, Steps performed: 10

[2020-01-28 17:14:54.049030][EnvironmentNew.Environment.log][rollouts]: Rollout thread #13

[2020-01-28 17:14:54.049769][EnvironmentNew.Environment.log][rollouts]: Rollout thread #14

[2020-01-28 17:14:54.049676][EnvironmentNew.Environment.log][thread_rollouts]: Thread number: 12

[2020-01-28 17:14:54.051121][EnvironmentNew.Environment.log][thread_rollouts]: Thread number: 13

[2020-01-28 17:14:54.082503][EnvironmentNew.Environment.log][thread_rollouts]: Thread number: 12, Steps performed: 9

[2020-01-28 17:14:54.084628][EnvironmentNew.Environment.log][thread_rollouts]: Thread number: 13, Steps performed: 10

[2020-01-28 17:14:54.085720][EnvironmentNew.Environment.log][rollouts]: Rollout thread #15

[2020-01-28 17:14:54.086307][EnvironmentNew.Environment.log][thread_rollouts]: Thread number: 14

[2020-01-28 17:14:54.102916][EnvironmentNew.Environment.log][thread_rollouts]: Thread number: 14, Steps performed: 10

[2020-01-28 17:14:54.103567][__main__.TRPOAgent.log][learning]: Rollouts performed

[2020-01-28 17:14:54.105396][__main__.TRPOAgent.log][batch_info]: Rollout statistics size: 143, Batch size: 1000, Number of batches: 1

[2020-01-28 17:14:54.105850][__main__.TRPOAgent.log][learning]: 

***************
BEGINNING TRAINING
***************



[2020-01-28 17:14:54.106251][__main__.TRPOAgent.log][batch_info]: Batch #0, batch length: 143

[2020-01-28 17:14:54.124406][__main__.TRPOAgent.log][training]: policy_gradient: [-0.00061627 -0.00407381  0.00066333  0.00691079  0.00583296  0.
  0.03599996  0.00585431  0.         -0.0270714   0.00636554  0.
  0.00024693 -0.02258435  0.          0.          0.          0.
 -0.02851262 -0.04762715  0.01079824  0.          0.          0.
  0.         -0.04115142  0.02576703 -0.00550244  0.00034253  0.
  0.          0.02170085  0.         -0.01033138  0.          0.
  0.03477164  0.00565456  0.         -0.02614773  0.00614835  0.
  0.00023851 -0.02181378  0.          0.          0.          0.
 -0.02753977 -0.04600212  0.0104298   0.          0.          0.
  0.         -0.03974734  0.02488786 -0.0053147   0.00033085  0.
  0.          0.02096042  0.         -0.00997888  0.          0.
  0.          0.03532014 -0.03532014  0.01514171 -0.01514171  0.
  0.          0.00542796 -0.00542796  0.00382668 -0.00382668  0.
  0.          0.00524285 -0.00524285  0.02886117 -0.02886117  0.
  0.          0.          0.          0.          0.          0.
  0.          0.0031531  -0.0031531   0.00558002 -0.00558002  0.01563466
 -0.01563466  0.          0.          0.          0.          0.
  0.          0.          0.          0.02090252 -0.02090252  0.01405759
 -0.01405759  0.03454954 -0.03454954  0.03407478 -0.03407478  0.
  0.          0.          0.          0.03873652 -0.03873652  0.
  0.          0.00126015 -0.00126015  0.          0.          0.12410602
 -0.12410602]

[2020-01-28 17:14:54.124883][__main__.TRPOAgent.log][training]: Initiating conjugate gradients

[2020-01-28 17:14:54.164242][__main__.TRPOAgent.log][training]: gradient_step_direction: [-1.04254889e-02  1.01206654e-02  1.96677633e-02  2.91109404e-03
 -4.96638198e-02  0.00000000e+00 -1.56399377e-02 -2.54336462e-03
  0.00000000e+00  1.17609887e-02 -2.76546796e-03  0.00000000e+00
 -1.07278263e-04  9.81162270e-03  0.00000000e+00  0.00000000e+00
  0.00000000e+00  0.00000000e+00  1.23871165e-02  2.06912977e-02
 -4.69122013e-03  0.00000000e+00  0.00000000e+00  0.00000000e+00
  0.00000000e+00  1.78779593e-02 -1.11943139e-02  2.39050036e-03
 -1.48808767e-04  0.00000000e+00  0.00000000e+00 -9.42778491e-03
  0.00000000e+00  4.48839952e-03  0.00000000e+00  0.00000000e+00
 -2.96057639e-01 -4.81448661e-02  0.00000000e+00  2.22630676e-01
 -5.23491769e-02  0.00000000e+00 -2.03073996e-03  1.85729950e-01
  0.00000000e+00  0.00000000e+00  0.00000000e+00  0.00000000e+00
  2.34483021e-01  3.91677757e-01 -8.88028890e-02  0.00000000e+00
  0.00000000e+00  0.00000000e+00  0.00000000e+00  3.38422397e-01
 -2.11903780e-01  4.52511467e-02 -2.81693121e-03  0.00000000e+00
  0.00000000e+00 -1.78464143e-01  0.00000000e+00  8.49635572e-02
  0.00000000e+00  0.00000000e+00  0.00000000e+00 -1.53445961e-02
  1.53445961e-02 -6.57821409e-03  6.57821409e-03  0.00000000e+00
  0.00000000e+00 -2.35813989e-03  2.35813989e-03 -1.66247611e-03
  1.66247611e-03  0.00000000e+00  0.00000000e+00 -2.27771975e-03
  2.27771975e-03 -1.25385405e-02  1.25385405e-02  0.00000000e+00
  0.00000000e+00  0.00000000e+00  0.00000000e+00  0.00000000e+00
  0.00000000e+00  0.00000000e+00  0.00000000e+00 -1.36984506e-03
  1.36984506e-03 -2.42420299e-03  2.42420299e-03 -6.79237320e-03
  6.79237320e-03  0.00000000e+00  0.00000000e+00  0.00000000e+00
  0.00000000e+00  0.00000000e+00  0.00000000e+00  0.00000000e+00
  0.00000000e+00 -9.08096048e-03  9.08096048e-03 -6.10722335e-03
  6.10722335e-03 -1.50098176e-02  1.50098176e-02 -1.48035589e-02
  1.48035589e-02  0.00000000e+00  0.00000000e+00  0.00000000e+00
  0.00000000e+00 -1.68288211e-02  1.68288211e-02  0.00000000e+00
  0.00000000e+00 -5.47463764e-04  5.47463764e-04  0.00000000e+00
  0.00000000e+00  6.57114170e-01 -6.57114170e-01]

[2020-01-28 17:14:54.228985][__main__.TRPOAgent.log][linesearch]: Linesearch failed. Mean kl divergence: 3.6285195495494524e-05, Discarded policy loss value: -0.0023570052529952243

[2020-01-28 17:14:54.281943][__main__.TRPOAgent.log][batch_info]: Current batch value loss: 0.2589854320489954

[2020-01-28 17:14:54.959152][__main__.TRPOAgent.log][learning]: Episode #9

[2020-01-28 17:14:54.959606][__main__.TRPOAgent.log][learning]: Performing rollouts: rollout length: 50

[2020-01-28 17:14:54.979313][EnvironmentNew.Environment.log][rollouts]: Rollout thread #1

[2020-01-28 17:14:54.979855][EnvironmentNew.Environment.log][thread_rollouts]: Thread number: 0

[2020-01-28 17:14:54.979926][EnvironmentNew.Environment.log][rollouts]: Rollout thread #2

[2020-01-28 17:14:54.981611][EnvironmentNew.Environment.log][thread_rollouts]: Thread number: 1

[2020-01-28 17:14:55.014158][EnvironmentNew.Environment.log][thread_rollouts]: Thread number: 0, Steps performed: 11

[2020-01-28 17:14:55.026244][EnvironmentNew.Environment.log][thread_rollouts]: Thread number: 1, Steps performed: 14

[2020-01-28 17:14:55.026782][EnvironmentNew.Environment.log][rollouts]: Rollout thread #3

[2020-01-28 17:14:55.027597][EnvironmentNew.Environment.log][rollouts]: Rollout thread #4

[2020-01-28 17:14:55.027537][EnvironmentNew.Environment.log][thread_rollouts]: Thread number: 2

[2020-01-28 17:14:55.028588][EnvironmentNew.Environment.log][thread_rollouts]: Thread number: 3

[2020-01-28 17:14:55.061203][EnvironmentNew.Environment.log][thread_rollouts]: Thread number: 3, Steps performed: 10

[2020-01-28 17:14:55.060681][EnvironmentNew.Environment.log][thread_rollouts]: Thread number: 2, Steps performed: 9

[2020-01-28 17:14:55.062260][EnvironmentNew.Environment.log][rollouts]: Rollout thread #5

[2020-01-28 17:14:55.062746][EnvironmentNew.Environment.log][thread_rollouts]: Thread number: 4

[2020-01-28 17:14:55.062799][EnvironmentNew.Environment.log][rollouts]: Rollout thread #6

[2020-01-28 17:14:55.064800][EnvironmentNew.Environment.log][thread_rollouts]: Thread number: 5

[2020-01-28 17:14:55.091711][EnvironmentNew.Environment.log][thread_rollouts]: Thread number: 4, Steps performed: 9

[2020-01-28 17:14:55.092919][EnvironmentNew.Environment.log][thread_rollouts]: Thread number: 5, Steps performed: 9

[2020-01-28 17:14:55.093309][EnvironmentNew.Environment.log][rollouts]: Rollout thread #7

[2020-01-28 17:14:55.093890][EnvironmentNew.Environment.log][rollouts]: Rollout thread #8

[2020-01-28 17:14:55.093825][EnvironmentNew.Environment.log][thread_rollouts]: Thread number: 6

[2020-01-28 17:14:55.094877][EnvironmentNew.Environment.log][thread_rollouts]: Thread number: 7

[2020-01-28 17:14:55.130891][EnvironmentNew.Environment.log][thread_rollouts]: Thread number: 7, Steps performed: 10

[2020-01-28 17:14:55.133697][EnvironmentNew.Environment.log][thread_rollouts]: Thread number: 6, Steps performed: 9

[2020-01-28 17:14:55.134152][EnvironmentNew.Environment.log][rollouts]: Rollout thread #9

[2020-01-28 17:14:55.134736][EnvironmentNew.Environment.log][thread_rollouts]: Thread number: 8

[2020-01-28 17:14:55.134880][EnvironmentNew.Environment.log][rollouts]: Rollout thread #10

[2020-01-28 17:14:55.137390][EnvironmentNew.Environment.log][thread_rollouts]: Thread number: 9

[2020-01-28 17:14:55.168096][EnvironmentNew.Environment.log][thread_rollouts]: Thread number: 8, Steps performed: 9

[2020-01-28 17:14:55.172187][EnvironmentNew.Environment.log][thread_rollouts]: Thread number: 9, Steps performed: 12

[2020-01-28 17:14:55.172928][EnvironmentNew.Environment.log][rollouts]: Rollout thread #11

[2020-01-28 17:14:55.173679][EnvironmentNew.Environment.log][rollouts]: Rollout thread #12

[2020-01-28 17:14:55.173622][EnvironmentNew.Environment.log][thread_rollouts]: Thread number: 10

[2020-01-28 17:14:55.174929][EnvironmentNew.Environment.log][thread_rollouts]: Thread number: 11

[2020-01-28 17:14:55.212501][EnvironmentNew.Environment.log][thread_rollouts]: Thread number: 10, Steps performed: 11

[2020-01-28 17:14:55.213391][EnvironmentNew.Environment.log][thread_rollouts]: Thread number: 11, Steps performed: 10

[2020-01-28 17:14:55.214184][EnvironmentNew.Environment.log][rollouts]: Rollout thread #13

[2020-01-28 17:14:55.214867][EnvironmentNew.Environment.log][rollouts]: Rollout thread #14

[2020-01-28 17:14:55.214810][EnvironmentNew.Environment.log][thread_rollouts]: Thread number: 12

[2020-01-28 17:14:55.216375][EnvironmentNew.Environment.log][thread_rollouts]: Thread number: 13

[2020-01-28 17:14:55.249772][EnvironmentNew.Environment.log][thread_rollouts]: Thread number: 12, Steps performed: 9

[2020-01-28 17:14:55.250990][EnvironmentNew.Environment.log][thread_rollouts]: Thread number: 13, Steps performed: 9

[2020-01-28 17:14:55.252059][EnvironmentNew.Environment.log][rollouts]: Rollout thread #15

[2020-01-28 17:14:55.252682][EnvironmentNew.Environment.log][thread_rollouts]: Thread number: 14

[2020-01-28 17:14:55.267367][EnvironmentNew.Environment.log][thread_rollouts]: Thread number: 14, Steps performed: 9

[2020-01-28 17:14:55.267870][__main__.TRPOAgent.log][learning]: Rollouts performed

[2020-01-28 17:14:55.269383][__main__.TRPOAgent.log][batch_info]: Rollout statistics size: 150, Batch size: 1000, Number of batches: 1

[2020-01-28 17:14:55.269844][__main__.TRPOAgent.log][learning]: 

***************
BEGINNING TRAINING
***************



[2020-01-28 17:14:55.270326][__main__.TRPOAgent.log][batch_info]: Batch #0, batch length: 150

[2020-01-28 17:14:55.290994][__main__.TRPOAgent.log][training]: policy_gradient: [-0.00069952 -0.00649599  0.00070063  0.01061766  0.00769831  0.
  0.05583981  0.00908067  0.         -0.04199066  0.00987365  0.
  0.00038302 -0.03503077  0.          0.          0.          0.
 -0.04422615 -0.07387485  0.01674923  0.          0.          0.
  0.         -0.06383029  0.03996745 -0.00853488  0.00053131  0.
  0.          0.03366035  0.         -0.01602509  0.          0.
  0.04589139  0.00746285  0.         -0.0345096   0.00811456  0.
  0.00031478 -0.02878968  0.          0.          0.          0.
 -0.03634681 -0.0607133   0.01376518  0.          0.          0.
  0.         -0.05245828  0.03284684 -0.0070143   0.00043665  0.
  0.          0.02766342  0.         -0.01317006  0.          0.
  0.          0.05478534 -0.05478534  0.02348642 -0.02348642  0.
  0.          0.00841935 -0.00841935  0.0059356  -0.0059356   0.
  0.          0.00813222 -0.00813222  0.04476678 -0.04476678  0.
  0.          0.          0.          0.          0.          0.
  0.          0.0048908  -0.0048908   0.00865521 -0.00865521  0.02425104
 -0.02425104  0.          0.          0.          0.          0.
  0.          0.          0.          0.03242206 -0.03242206  0.02180483
 -0.02180483  0.05359007 -0.05359007  0.05285365 -0.05285365  0.
  0.          0.          0.          0.06008452 -0.06008452  0.
  0.          0.00195463 -0.00195463  0.          0.          0.10641305
 -0.10641305]

[2020-01-28 17:14:55.291475][__main__.TRPOAgent.log][training]: Initiating conjugate gradients

[2020-01-28 17:14:55.331755][__main__.TRPOAgent.log][training]: gradient_step_direction: [-1.71390041e-03 -2.38452496e-03  8.81932547e-04  7.39734698e-03
  3.65656698e-02  0.00000000e+00  3.12758988e-02  5.08608315e-03
  0.00000000e+00 -2.35189849e-02  5.53023260e-03  0.00000000e+00
  2.14529565e-04 -1.96207474e-02  0.00000000e+00  0.00000000e+00
  0.00000000e+00  0.00000000e+00 -2.47710814e-02 -4.13773310e-02
  9.38124778e-03  0.00000000e+00  0.00000000e+00  0.00000000e+00
  0.00000000e+00 -3.57513690e-02  2.23857808e-02 -4.78039039e-03
  2.97581827e-04  0.00000000e+00  0.00000000e+00  1.88531738e-02
  0.00000000e+00 -8.97565709e-03  0.00000000e+00  0.00000000e+00
  2.17976517e-01  3.54473210e-02  0.00000000e+00 -1.63914904e-01
  3.85428030e-02  0.00000000e+00  1.49516020e-03 -1.36746237e-01
  0.00000000e+00  0.00000000e+00  0.00000000e+00  0.00000000e+00
 -1.72641357e-01 -2.88378147e-01  6.53823508e-02  0.00000000e+00
  0.00000000e+00  0.00000000e+00  0.00000000e+00 -2.49168155e-01
  1.56017079e-01 -3.33167811e-02  2.07400386e-03  0.00000000e+00
  0.00000000e+00  1.31396684e-01  0.00000000e+00 -6.25555901e-02
  0.00000000e+00  0.00000000e+00  0.00000000e+00  3.06852875e-02
 -3.06852875e-02  1.31547545e-02 -1.31547545e-02  0.00000000e+00
  0.00000000e+00  4.71568053e-03 -4.71568053e-03  3.32452912e-03
 -3.32452912e-03  0.00000000e+00  0.00000000e+00  4.55486004e-03
 -4.55486004e-03  2.50738917e-02 -2.50738917e-02  0.00000000e+00
  0.00000000e+00  0.00000000e+00  0.00000000e+00  0.00000000e+00
  0.00000000e+00  0.00000000e+00  0.00000000e+00  2.73934232e-03
 -2.73934232e-03  4.84779042e-03 -4.84779042e-03  1.35830181e-02
 -1.35830181e-02  0.00000000e+00  0.00000000e+00  0.00000000e+00
  0.00000000e+00  0.00000000e+00  0.00000000e+00  0.00000000e+00
  0.00000000e+00  1.81596117e-02 -1.81596117e-02  1.22128924e-02
 -1.22128924e-02  3.00158167e-02 -3.00158167e-02  2.96033517e-02
 -2.96033517e-02  0.00000000e+00  0.00000000e+00  0.00000000e+00
  0.00000000e+00  3.36533603e-02 -3.36533603e-02  0.00000000e+00
  0.00000000e+00  1.09478850e-03 -1.09478850e-03  0.00000000e+00
  0.00000000e+00 -1.46306001e-01  1.46306001e-01]

[2020-01-28 17:14:55.393484][__main__.TRPOAgent.log][linesearch]: Linesearch failed. Mean kl divergence: 5.640874058660046e-05, Discarded policy loss value: -0.0027433366257191474

[2020-01-28 17:14:55.445122][__main__.TRPOAgent.log][batch_info]: Current batch value loss: 0.7537881432233068

[2020-01-28 17:14:56.098001][__main__.TRPOAgent.log][learning]: Episode #10

[2020-01-28 17:14:56.098716][__main__.TRPOAgent.log][learning]: Performing rollouts: rollout length: 50

[2020-01-28 17:14:56.132720][EnvironmentNew.Environment.log][rollouts]: Rollout thread #1

[2020-01-28 17:14:56.133574][EnvironmentNew.Environment.log][thread_rollouts]: Thread number: 0

[2020-01-28 17:14:56.133670][EnvironmentNew.Environment.log][rollouts]: Rollout thread #2

[2020-01-28 17:14:56.137456][EnvironmentNew.Environment.log][thread_rollouts]: Thread number: 1

[2020-01-28 17:14:56.159153][EnvironmentNew.Environment.log][thread_rollouts]: Thread number: 0, Steps performed: 9

[2020-01-28 17:14:56.161749][EnvironmentNew.Environment.log][thread_rollouts]: Thread number: 1, Steps performed: 9

[2020-01-28 17:14:56.162295][EnvironmentNew.Environment.log][rollouts]: Rollout thread #3

[2020-01-28 17:14:56.163013][EnvironmentNew.Environment.log][thread_rollouts]: Thread number: 2

[2020-01-28 17:14:56.163081][EnvironmentNew.Environment.log][rollouts]: Rollout thread #4

[2020-01-28 17:14:56.168563][EnvironmentNew.Environment.log][thread_rollouts]: Thread number: 3

[2020-01-28 17:14:56.198242][EnvironmentNew.Environment.log][thread_rollouts]: Thread number: 2, Steps performed: 9

[2020-01-28 17:14:56.203330][EnvironmentNew.Environment.log][thread_rollouts]: Thread number: 3, Steps performed: 10

[2020-01-28 17:14:56.204078][EnvironmentNew.Environment.log][rollouts]: Rollout thread #5

[2020-01-28 17:14:56.204779][EnvironmentNew.Environment.log][rollouts]: Rollout thread #6

[2020-01-28 17:14:56.204698][EnvironmentNew.Environment.log][thread_rollouts]: Thread number: 4

[2020-01-28 17:14:56.205965][EnvironmentNew.Environment.log][thread_rollouts]: Thread number: 5

[2020-01-28 17:14:56.250144][EnvironmentNew.Environment.log][thread_rollouts]: Thread number: 4, Steps performed: 13

[2020-01-28 17:14:56.250403][EnvironmentNew.Environment.log][thread_rollouts]: Thread number: 5, Steps performed: 10

[2020-01-28 17:14:56.251586][EnvironmentNew.Environment.log][rollouts]: Rollout thread #7

[2020-01-28 17:14:56.252165][EnvironmentNew.Environment.log][thread_rollouts]: Thread number: 6

[2020-01-28 17:14:56.252224][EnvironmentNew.Environment.log][rollouts]: Rollout thread #8

[2020-01-28 17:14:56.255292][EnvironmentNew.Environment.log][thread_rollouts]: Thread number: 7

[2020-01-28 17:14:56.275480][EnvironmentNew.Environment.log][thread_rollouts]: Thread number: 6, Steps performed: 11

[2020-01-28 17:14:56.284317][EnvironmentNew.Environment.log][thread_rollouts]: Thread number: 7, Steps performed: 10

[2020-01-28 17:14:56.285034][EnvironmentNew.Environment.log][rollouts]: Rollout thread #9

[2020-01-28 17:14:56.285658][EnvironmentNew.Environment.log][thread_rollouts]: Thread number: 8

[2020-01-28 17:14:56.285727][EnvironmentNew.Environment.log][rollouts]: Rollout thread #10

[2020-01-28 17:14:56.291473][EnvironmentNew.Environment.log][thread_rollouts]: Thread number: 9

[2020-01-28 17:14:56.313691][EnvironmentNew.Environment.log][thread_rollouts]: Thread number: 8, Steps performed: 9

[2020-01-28 17:14:56.324186][EnvironmentNew.Environment.log][thread_rollouts]: Thread number: 9, Steps performed: 10

[2020-01-28 17:14:56.324677][EnvironmentNew.Environment.log][rollouts]: Rollout thread #11

[2020-01-28 17:14:56.325233][EnvironmentNew.Environment.log][thread_rollouts]: Thread number: 10

[2020-01-28 17:14:56.325298][EnvironmentNew.Environment.log][rollouts]: Rollout thread #12

[2020-01-28 17:14:56.327311][EnvironmentNew.Environment.log][thread_rollouts]: Thread number: 11

[2020-01-28 17:14:56.362439][EnvironmentNew.Environment.log][thread_rollouts]: Thread number: 11, Steps performed: 9

[2020-01-28 17:14:56.363200][EnvironmentNew.Environment.log][thread_rollouts]: Thread number: 10, Steps performed: 12

[2020-01-28 17:14:56.364102][EnvironmentNew.Environment.log][rollouts]: Rollout thread #13

[2020-01-28 17:14:56.364570][EnvironmentNew.Environment.log][thread_rollouts]: Thread number: 12

[2020-01-28 17:14:56.364620][EnvironmentNew.Environment.log][rollouts]: Rollout thread #14

[2020-01-28 17:14:56.366588][EnvironmentNew.Environment.log][thread_rollouts]: Thread number: 13

[2020-01-28 17:14:56.396713][EnvironmentNew.Environment.log][thread_rollouts]: Thread number: 13, Steps performed: 9

[2020-01-28 17:14:56.396335][EnvironmentNew.Environment.log][thread_rollouts]: Thread number: 12, Steps performed: 9

[2020-01-28 17:14:56.397856][EnvironmentNew.Environment.log][rollouts]: Rollout thread #15

[2020-01-28 17:14:56.398357][EnvironmentNew.Environment.log][thread_rollouts]: Thread number: 14

[2020-01-28 17:14:56.415549][EnvironmentNew.Environment.log][thread_rollouts]: Thread number: 14, Steps performed: 9

[2020-01-28 17:14:56.416137][__main__.TRPOAgent.log][learning]: Rollouts performed

[2020-01-28 17:14:56.418369][__main__.TRPOAgent.log][batch_info]: Rollout statistics size: 148, Batch size: 1000, Number of batches: 1

[2020-01-28 17:14:56.418779][__main__.TRPOAgent.log][learning]: 

***************
BEGINNING TRAINING
***************



[2020-01-28 17:14:56.419276][__main__.TRPOAgent.log][batch_info]: Batch #0, batch length: 148

[2020-01-28 17:14:56.435711][__main__.TRPOAgent.log][training]: policy_gradient: [-0.00044245 -0.00300159  0.00028428  0.00508949  0.00777521  0.
  0.0264511   0.00430148  0.         -0.01989081  0.00467711  0.
  0.00018144 -0.01659394  0.          0.          0.          0.
 -0.02094975 -0.03499423  0.00793404  0.          0.          0.
  0.         -0.03023616  0.01893242 -0.00404294  0.00025168  0.
  0.          0.01594478  0.         -0.00759102  0.          0.
  0.04634986  0.00753741  0.         -0.03485437  0.00819562  0.
  0.00031793 -0.0290773   0.          0.          0.          0.
 -0.03670993 -0.06131985  0.0139027   0.          0.          0.
  0.         -0.05298236  0.033175   -0.00708438  0.00044101  0.
  0.          0.02793979  0.         -0.01330163  0.          0.
  0.          0.0259516  -0.0259516   0.01112543 -0.01112543  0.
  0.          0.00398821 -0.00398821  0.00281167 -0.00281167  0.
  0.          0.0038522  -0.0038522   0.02120585 -0.02120585  0.
  0.          0.          0.          0.          0.          0.
  0.          0.00231675 -0.00231675  0.00409994 -0.00409994  0.01148762
 -0.01148762  0.          0.          0.          0.          0.
  0.          0.          0.          0.0153582  -0.0153582   0.01032886
 -0.01032886  0.0253854  -0.0253854   0.02503657 -0.02503657  0.
  0.          0.          0.          0.0284618  -0.0284618   0.
  0.          0.0009259  -0.0009259   0.          0.          0.1093319
 -0.1093319 ]

[2020-01-28 17:14:56.436169][__main__.TRPOAgent.log][training]: Initiating conjugate gradients

[2020-01-28 17:14:56.477220][__main__.TRPOAgent.log][training]: gradient_step_direction: [-1.85708351e-03  1.49497712e-02 -1.96578030e-03 -1.71425257e-02
  9.77261544e-02  0.00000000e+00 -1.05391178e-01 -1.71387029e-02
  0.00000000e+00  7.92525072e-02 -1.86353628e-02  0.00000000e+00
 -7.22906320e-04  6.61165163e-02  0.00000000e+00  0.00000000e+00
  0.00000000e+00  0.00000000e+00  8.34717281e-02  1.39430220e-01
 -3.16122259e-02  0.00000000e+00  0.00000000e+00  0.00000000e+00
  0.00000000e+00  1.20472274e-01 -7.54339238e-02  1.61085956e-02
 -1.00277352e-03  0.00000000e+00  0.00000000e+00 -6.35300135e-02
  0.00000000e+00  3.02454946e-02  0.00000000e+00  0.00000000e+00
  5.82568323e-01  9.47372089e-02  0.00000000e+00 -4.38082187e-01
  1.03010252e-01  0.00000000e+00  3.99599565e-03 -3.65470668e-01
  0.00000000e+00  0.00000000e+00  0.00000000e+00  0.00000000e+00
 -4.61404675e-01 -7.70725092e-01  1.74742157e-01  0.00000000e+00
  0.00000000e+00  0.00000000e+00  0.00000000e+00 -6.65931695e-01
  4.16974308e-01 -8.90430750e-02  5.54303100e-03  0.00000000e+00
  0.00000000e+00  3.51173365e-01  0.00000000e+00 -1.67187297e-01
  0.00000000e+00  0.00000000e+00  0.00000000e+00 -1.03400985e-01
  1.03400985e-01 -4.43279046e-02  4.43279046e-02  0.00000000e+00
  0.00000000e+00 -1.58905390e-02  1.58905390e-02 -1.12027500e-02
  1.12027500e-02  0.00000000e+00  0.00000000e+00 -1.53486251e-02
  1.53486251e-02 -8.44921103e-02  8.44921103e-02  0.00000000e+00
  0.00000000e+00  0.00000000e+00  0.00000000e+00  0.00000000e+00
  0.00000000e+00  0.00000000e+00  0.00000000e+00 -9.23082270e-03
  9.23082270e-03 -1.63357078e-02  1.63357078e-02 -4.57710364e-02
  4.57710364e-02  0.00000000e+00  0.00000000e+00  0.00000000e+00
  0.00000000e+00  0.00000000e+00  0.00000000e+00  0.00000000e+00
  0.00000000e+00 -6.11928845e-02  6.11928845e-02 -4.11540934e-02
  4.11540934e-02 -1.01145042e-01  1.01145042e-01 -9.97551499e-02
  9.97551499e-02  0.00000000e+00  0.00000000e+00  0.00000000e+00
  0.00000000e+00 -1.13402570e-01  1.13402570e-01  0.00000000e+00
  0.00000000e+00 -3.68913342e-03  3.68913342e-03  0.00000000e+00
  0.00000000e+00 -1.30048904e-01  1.30048904e-01]

[2020-01-28 17:14:56.556394][__main__.TRPOAgent.log][linesearch]: Linesearch failed. Mean kl divergence: 4.846177185008743e-05, Discarded policy loss value: -0.003347898534008778

[2020-01-28 17:14:56.615293][__main__.TRPOAgent.log][batch_info]: Current batch value loss: 0.6556300972149837

