LOGGER started at 2020-01-28 17:18:27.218514.
Currently active debug channels:
	rollouts
	act
	training
	batch_info
	linesearch
	learning
	thread_rollouts
[2020-01-28 17:18:27.720291][__main__.TRPOAgent.log][learning]: Episode #0

[2020-01-28 17:18:27.972065][__main__.TRPOAgent.log][learning]: Performing rollouts: rollout length: 50

[2020-01-28 17:18:27.990040][EnvironmentNew.Environment.log][rollouts]: Rollout thread #1

[2020-01-28 17:18:27.990831][EnvironmentNew.Environment.log][rollouts]: Rollout thread #2

[2020-01-28 17:18:27.990761][EnvironmentNew.Environment.log][thread_rollouts]: Thread number: 0

[2020-01-28 17:18:27.992012][EnvironmentNew.Environment.log][thread_rollouts]: Thread number: 1

[2020-01-28 17:18:28.068912][EnvironmentNew.Environment.log][thread_rollouts]: Thread number: 0, Steps performed: 30

[2020-01-28 17:18:28.106413][EnvironmentNew.Environment.log][thread_rollouts]: Thread number: 1, Steps performed: 30

[2020-01-28 17:18:28.107044][EnvironmentNew.Environment.log][rollouts]: Rollout thread #3

[2020-01-28 17:18:28.107725][EnvironmentNew.Environment.log][rollouts]: Rollout thread #4

[2020-01-28 17:18:28.107654][EnvironmentNew.Environment.log][thread_rollouts]: Thread number: 2

[2020-01-28 17:18:28.108997][EnvironmentNew.Environment.log][thread_rollouts]: Thread number: 3

[2020-01-28 17:18:28.190903][EnvironmentNew.Environment.log][thread_rollouts]: Thread number: 2, Steps performed: 29

[2020-01-28 17:18:28.202291][EnvironmentNew.Environment.log][thread_rollouts]: Thread number: 3, Steps performed: 30

[2020-01-28 17:18:28.202961][EnvironmentNew.Environment.log][rollouts]: Rollout thread #5

[2020-01-28 17:18:28.203619][EnvironmentNew.Environment.log][thread_rollouts]: Thread number: 4

[2020-01-28 17:18:28.203689][EnvironmentNew.Environment.log][rollouts]: Rollout thread #6

[2020-01-28 17:18:28.205443][EnvironmentNew.Environment.log][thread_rollouts]: Thread number: 5

[2020-01-28 17:18:28.291016][EnvironmentNew.Environment.log][thread_rollouts]: Thread number: 4, Steps performed: 30

[2020-01-28 17:18:28.299641][EnvironmentNew.Environment.log][thread_rollouts]: Thread number: 5, Steps performed: 30

[2020-01-28 17:18:28.300047][EnvironmentNew.Environment.log][rollouts]: Rollout thread #7

[2020-01-28 17:18:28.300516][EnvironmentNew.Environment.log][thread_rollouts]: Thread number: 6

[2020-01-28 17:18:28.300584][EnvironmentNew.Environment.log][rollouts]: Rollout thread #8

[2020-01-28 17:18:28.303047][EnvironmentNew.Environment.log][thread_rollouts]: Thread number: 7

[2020-01-28 17:18:28.397711][EnvironmentNew.Environment.log][thread_rollouts]: Thread number: 6, Steps performed: 29

[2020-01-28 17:18:28.398919][EnvironmentNew.Environment.log][thread_rollouts]: Thread number: 7, Steps performed: 30

[2020-01-28 17:18:28.399581][EnvironmentNew.Environment.log][rollouts]: Rollout thread #9

[2020-01-28 17:18:28.400262][EnvironmentNew.Environment.log][thread_rollouts]: Thread number: 8

[2020-01-28 17:18:28.400333][EnvironmentNew.Environment.log][rollouts]: Rollout thread #10

[2020-01-28 17:18:28.404359][EnvironmentNew.Environment.log][thread_rollouts]: Thread number: 9

[2020-01-28 17:18:28.487898][EnvironmentNew.Environment.log][thread_rollouts]: Thread number: 8, Steps performed: 32

[2020-01-28 17:18:28.494685][EnvironmentNew.Environment.log][thread_rollouts]: Thread number: 9, Steps performed: 30

[2020-01-28 17:18:28.495329][EnvironmentNew.Environment.log][rollouts]: Rollout thread #11

[2020-01-28 17:18:28.495949][EnvironmentNew.Environment.log][thread_rollouts]: Thread number: 10

[2020-01-28 17:18:28.496029][EnvironmentNew.Environment.log][rollouts]: Rollout thread #12

[2020-01-28 17:18:28.497815][EnvironmentNew.Environment.log][thread_rollouts]: Thread number: 11

[2020-01-28 17:18:28.583112][EnvironmentNew.Environment.log][thread_rollouts]: Thread number: 11, Steps performed: 29

[2020-01-28 17:18:28.585571][EnvironmentNew.Environment.log][thread_rollouts]: Thread number: 10, Steps performed: 32

[2020-01-28 17:18:28.585975][EnvironmentNew.Environment.log][rollouts]: Rollout thread #13

[2020-01-28 17:18:28.586452][EnvironmentNew.Environment.log][thread_rollouts]: Thread number: 12

[2020-01-28 17:18:28.586503][EnvironmentNew.Environment.log][rollouts]: Rollout thread #14

[2020-01-28 17:18:28.588087][EnvironmentNew.Environment.log][thread_rollouts]: Thread number: 13

[2020-01-28 17:18:28.667967][EnvironmentNew.Environment.log][thread_rollouts]: Thread number: 12, Steps performed: 30

[2020-01-28 17:18:28.671536][EnvironmentNew.Environment.log][thread_rollouts]: Thread number: 13, Steps performed: 29

[2020-01-28 17:18:28.672037][EnvironmentNew.Environment.log][rollouts]: Rollout thread #15

[2020-01-28 17:18:28.672488][EnvironmentNew.Environment.log][thread_rollouts]: Thread number: 14

[2020-01-28 17:18:28.713829][EnvironmentNew.Environment.log][thread_rollouts]: Thread number: 14, Steps performed: 31

[2020-01-28 17:18:28.714627][__main__.TRPOAgent.log][learning]: Rollouts performed

[2020-01-28 17:18:28.716364][__main__.TRPOAgent.log][batch_info]: Rollout statistics size: 451, Batch size: 1000, Number of batches: 1

[2020-01-28 17:18:28.716755][__main__.TRPOAgent.log][learning]: 

***************
BEGINNING TRAINING
***************



[2020-01-28 17:18:28.717180][__main__.TRPOAgent.log][batch_info]: Batch #0, batch length: 451

[2020-01-28 17:18:28.728183][__main__.TRPOAgent.log][training]: policy_gradient: [-8.84267161e-05 -3.34642049e-04  5.25594580e-04  2.21490869e-03
 -4.27923824e-04  1.32586230e-03 -7.07260470e-04  0.00000000e+00
  4.49018190e-04  1.18274788e-03 -2.19599967e-03 -1.30166581e-03
 -1.02819684e-04  0.00000000e+00  0.00000000e+00  0.00000000e+00
 -8.27900961e-04  0.00000000e+00  0.00000000e+00  8.83248823e-04
 -7.85519462e-04 -7.43606552e-04  1.03301585e-03 -1.52858380e-04
  0.00000000e+00  6.01952626e-04  2.56695583e-04  4.81948047e-04
  1.24070059e-04  1.46902975e-04  2.89975997e-04 -8.28780939e-04
  3.36546246e-04 -4.97075427e-04  0.00000000e+00  3.80216917e-03
 -2.02820756e-03  0.00000000e+00  1.28764738e-03  3.39176060e-03
 -6.29745804e-03 -3.73278100e-03 -2.94855530e-04  0.00000000e+00
  0.00000000e+00  0.00000000e+00 -2.37416774e-03  0.00000000e+00
  0.00000000e+00  2.53288855e-03 -2.25263051e-03 -2.13243706e-03
  2.96237475e-03 -4.38351266e-04  0.00000000e+00  1.72621675e-03
  7.36124730e-04  1.38208018e-03  3.55795131e-04  4.21272978e-04
  8.31562820e-04 -2.37669125e-03  9.65112107e-04 -1.42546089e-03
  0.00000000e+00  7.04026810e-04 -7.04026810e-04  3.83208009e-04
 -3.83208009e-04  0.00000000e+00  0.00000000e+00  5.07039943e-04
 -5.07039943e-04  1.18425170e-03 -1.18425170e-03  9.92805039e-04
 -9.92805039e-04  1.86504681e-04 -1.86504681e-04  2.19041703e-04
 -2.19041703e-04  0.00000000e+00  0.00000000e+00  0.00000000e+00
  0.00000000e+00  0.00000000e+00  0.00000000e+00  4.51843643e-04
 -4.51843643e-04  0.00000000e+00  0.00000000e+00  0.00000000e+00
  0.00000000e+00  8.20472324e-04 -8.20472324e-04  9.05581550e-04
 -9.05581550e-04  8.93085308e-04 -8.93085308e-04  7.90425880e-04
 -7.90425880e-04  3.00759848e-04 -3.00759848e-04  0.00000000e+00
  0.00000000e+00  3.91492223e-05 -3.91492223e-05  6.40258993e-04
 -6.40258993e-04  1.52086560e-04 -1.52086560e-04  1.13954377e-03
 -1.13954377e-03  3.15490969e-06 -3.15490969e-06  1.89512955e-05
 -1.89512955e-05  5.33513616e-04 -5.33513616e-04  4.00892300e-04
 -4.00892300e-04  2.52276408e-04 -2.52276408e-04  0.00000000e+00
  0.00000000e+00  1.58311268e-02 -1.58311268e-02]

[2020-01-28 17:18:28.728714][__main__.TRPOAgent.log][training]: Initiating conjugate gradients

[2020-01-28 17:18:28.785561][__main__.TRPOAgent.log][training]: gradient_step_direction: [-0.08072977 -0.29242213  0.39506669  1.7250427   0.00784028  0.78686246
 -0.41973945  0.          0.26647983  0.70192802 -1.30326482 -0.77250251
 -0.06102063  0.          0.          0.         -0.49133623  0.
  0.          0.52418365 -0.46618399 -0.44130984  0.61306622 -0.0907172
  0.          0.35724217  0.1523417   0.28602278  0.07363213  0.08718284
  0.1720927  -0.49185847  0.19973085 -0.29500046  0.         -0.06966212
  0.03716017  0.         -0.02359186 -0.06214275  0.11538     0.06839081
  0.00540225  0.          0.          0.          0.04349874  0.
  0.         -0.04640677  0.04127197  0.03906983 -0.05427568  0.00803133
  0.         -0.03162719 -0.01348704 -0.02532203 -0.00651876 -0.00771843
 -0.01523563  0.04354497 -0.01768247  0.02611684  0.          0.41782036
 -0.41782036  0.22742331 -0.22742331  0.          0.          0.30091412
 -0.30091412  0.7028205  -0.7028205   0.58920222 -0.58920222  0.11068535
 -0.11068535  0.12999517 -0.12999517  0.          0.          0.
  0.          0.          0.          0.26815665 -0.26815665  0.
  0.          0.          0.          0.48692754 -0.48692754  0.5374375
 -0.5374375   0.53002133 -0.53002133  0.46909581 -0.46909581  0.17849262
 -0.17849262  0.          0.          0.02323398 -0.02323398  0.37997593
 -0.37997593  0.09025915 -0.09025915  0.67628758 -0.67628758  0.00187235
 -0.00187235  0.01124707 -0.01124707  0.31662551 -0.31662551  0.23791845
 -0.23791845  0.14971904 -0.14971904  0.          0.          0.02305038
 -0.02305038]

[2020-01-28 17:18:28.861402][__main__.TRPOAgent.log][linesearch]: Linesearch failed. Mean kl divergence: -1.999999990165721e-08, Discarded policy loss value: -1.0555340784720025e-11

[2020-01-28 17:18:29.205468][__main__.TRPOAgent.log][batch_info]: Current batch value loss: 25.97408797562537

