LOGGER started at 2020-01-28 16:05:32.298231.
Currently active debug channels:
	rollouts
	act
	training
	batch_info
	linesearch
	learning
	thread_rollouts
[2020-01-28 16:05:32.712178][__main__.TRPOAgent.log][learning]: Episode #0

[2020-01-28 16:05:32.916031][__main__.TRPOAgent.log][learning]: Performing rollouts: rollout length: 200

[2020-01-28 16:05:32.928848][EnvironmentNew.Environment.log][rollouts]: Rollout thread #1

[2020-01-28 16:05:32.929637][EnvironmentNew.Environment.log][thread_rollouts]: Thread number: 0

[2020-01-28 16:05:32.929828][EnvironmentNew.Environment.log][rollouts]: Rollout thread #2

[2020-01-28 16:05:32.931228][EnvironmentNew.Environment.log][thread_rollouts]: Thread number: 1

[2020-01-28 16:05:33.347815][EnvironmentNew.Environment.log][thread_rollouts]: Thread number: 0, Steps performed: 10

[2020-01-28 16:05:33.366089][EnvironmentNew.Environment.log][thread_rollouts]: Thread number: 1, Steps performed: 10

[2020-01-28 16:05:33.366831][EnvironmentNew.Environment.log][rollouts]: Rollout thread #3

[2020-01-28 16:05:33.367626][EnvironmentNew.Environment.log][rollouts]: Rollout thread #4

[2020-01-28 16:05:33.367532][EnvironmentNew.Environment.log][thread_rollouts]: Thread number: 2

[2020-01-28 16:05:33.368822][EnvironmentNew.Environment.log][thread_rollouts]: Thread number: 3

[2020-01-28 16:05:33.750542][EnvironmentNew.Environment.log][thread_rollouts]: Thread number: 2, Steps performed: 10

[2020-01-28 16:05:33.804042][EnvironmentNew.Environment.log][thread_rollouts]: Thread number: 3, Steps performed: 11

[2020-01-28 16:05:33.804494][EnvironmentNew.Environment.log][rollouts]: Rollout thread #5

[2020-01-28 16:05:33.805137][EnvironmentNew.Environment.log][thread_rollouts]: Thread number: 4

[2020-01-28 16:05:33.805211][EnvironmentNew.Environment.log][rollouts]: Rollout thread #6

[2020-01-28 16:05:33.806495][EnvironmentNew.Environment.log][thread_rollouts]: Thread number: 5

[2020-01-28 16:05:34.205552][EnvironmentNew.Environment.log][thread_rollouts]: Thread number: 4, Steps performed: 10

[2020-01-28 16:05:34.318867][EnvironmentNew.Environment.log][thread_rollouts]: Thread number: 5, Steps performed: 14

[2020-01-28 16:05:34.319434][EnvironmentNew.Environment.log][rollouts]: Rollout thread #7

[2020-01-28 16:05:34.320293][EnvironmentNew.Environment.log][thread_rollouts]: Thread number: 6

[2020-01-28 16:05:34.320362][EnvironmentNew.Environment.log][rollouts]: Rollout thread #8

[2020-01-28 16:05:34.323009][EnvironmentNew.Environment.log][thread_rollouts]: Thread number: 7

[2020-01-28 16:05:34.722824][EnvironmentNew.Environment.log][thread_rollouts]: Thread number: 6, Steps performed: 10

[2020-01-28 16:05:34.769287][EnvironmentNew.Environment.log][thread_rollouts]: Thread number: 7, Steps performed: 12

[2020-01-28 16:05:34.769735][EnvironmentNew.Environment.log][rollouts]: Rollout thread #9

[2020-01-28 16:05:34.770579][EnvironmentNew.Environment.log][thread_rollouts]: Thread number: 8

[2020-01-28 16:05:34.770653][EnvironmentNew.Environment.log][rollouts]: Rollout thread #10

[2020-01-28 16:05:34.774757][EnvironmentNew.Environment.log][thread_rollouts]: Thread number: 9

[2020-01-28 16:05:35.227614][EnvironmentNew.Environment.log][thread_rollouts]: Thread number: 8, Steps performed: 10

[2020-01-28 16:05:35.237844][EnvironmentNew.Environment.log][thread_rollouts]: Thread number: 9, Steps performed: 10

[2020-01-28 16:05:35.238335][__main__.TRPOAgent.log][learning]: Rollouts performed

[2020-01-28 16:05:35.239987][__main__.TRPOAgent.log][batch_info]: Rollout statistics size: 107, Batch size: 1000, Number of batches: 10

[2020-01-28 16:05:35.240592][__main__.TRPOAgent.log][learning]: 

***************
BEGINNING TRAINING
***************



[2020-01-28 16:05:35.241154][__main__.TRPOAgent.log][batch_info]: Batch #0, batch length: 10

