LOGGER started at 2020-01-30 13:40:06.646932.
Currently active debug channels:
	act
	batch_info
	linesearch
	learning
[2020-01-30 13:40:07.020694][__main__.TRPOAgent.log][learning]: Episode #0

[2020-01-30 13:40:07.199881][__main__.TRPOAgent.log][learning]: Performing rollouts: rollout length: 1000

[2020-01-30 13:40:12.323983][__main__.TRPOAgent.log][learning]: Rollouts performed

[2020-01-30 13:40:12.324315][__main__.TRPOAgent.log][batch_info]: Rollout statistics size: 6551, Batch size: 100

[2020-01-30 13:40:12.324867][__main__.TRPOAgent.log][learning]: 

***************
BEGINNING TRAINING
***************



[2020-01-30 13:40:14.742428][__main__.TRPOAgent.log][linesearch]: Linesearch failed. Mean kl divergence: 0.04907114993956058, Discarded policy loss value: 70.29567991908827

[2020-01-30 13:40:14.742860][__main__.TRPOAgent.log][batch_info]: Current batch value loss: 0.00016550022288136553

[2020-01-30 13:40:19.620296][__main__.TRPOAgent.log][learning]: Episode #1

[2020-01-30 13:40:19.622141][__main__.TRPOAgent.log][batch_info]: Rollout statistics size: 6551, Batch size: 100

[2020-01-30 13:40:19.623905][__main__.TRPOAgent.log][learning]: 

***************
BEGINNING TRAINING
***************



[2020-01-30 13:40:22.023168][__main__.TRPOAgent.log][linesearch]: Linesearch failed. Mean kl divergence: 0.04907013417272829, Discarded policy loss value: 70.26401440291917

[2020-01-30 13:40:22.023606][__main__.TRPOAgent.log][batch_info]: Current batch value loss: 4.279896088604179e-05

[2020-01-30 13:40:27.105847][__main__.TRPOAgent.log][learning]: Episode #2

[2020-01-30 13:40:27.106179][__main__.TRPOAgent.log][batch_info]: Rollout statistics size: 6551, Batch size: 100

[2020-01-30 13:40:27.106426][__main__.TRPOAgent.log][learning]: 

***************
BEGINNING TRAINING
***************



