LOGGER started at 2020-01-28 16:14:32.935331.
Currently active debug channels:
	rollouts
	act
	training
	batch_info
	linesearch
	learning
	thread_rollouts
[2020-01-28 16:14:33.379415][__main__.TRPOAgent.log][learning]: Episode #0

[2020-01-28 16:14:33.591150][__main__.TRPOAgent.log][learning]: Performing rollouts: rollout length: 50

[2020-01-28 16:14:33.607627][EnvironmentNew.Environment.log][rollouts]: Rollout thread #1

[2020-01-28 16:14:33.608572][EnvironmentNew.Environment.log][rollouts]: Rollout thread #2

[2020-01-28 16:14:33.608499][EnvironmentNew.Environment.log][thread_rollouts]: Thread number: 0

[2020-01-28 16:14:33.609883][EnvironmentNew.Environment.log][thread_rollouts]: Thread number: 1

[2020-01-28 16:14:34.007800][EnvironmentNew.Environment.log][thread_rollouts]: Thread number: 0, Steps performed: 9

[2020-01-28 16:14:34.007719][EnvironmentNew.Environment.log][thread_rollouts]: Thread number: 1, Steps performed: 9

[2020-01-28 16:14:34.008970][EnvironmentNew.Environment.log][rollouts]: Rollout thread #3

[2020-01-28 16:14:34.009624][EnvironmentNew.Environment.log][rollouts]: Rollout thread #4

[2020-01-28 16:14:34.009542][EnvironmentNew.Environment.log][thread_rollouts]: Thread number: 2

[2020-01-28 16:14:34.010863][EnvironmentNew.Environment.log][thread_rollouts]: Thread number: 3

[2020-01-28 16:14:34.359526][EnvironmentNew.Environment.log][thread_rollouts]: Thread number: 3, Steps performed: 9

[2020-01-28 16:14:34.401266][EnvironmentNew.Environment.log][thread_rollouts]: Thread number: 2, Steps performed: 10

[2020-01-28 16:14:34.401690][EnvironmentNew.Environment.log][rollouts]: Rollout thread #5

[2020-01-28 16:14:34.402374][EnvironmentNew.Environment.log][thread_rollouts]: Thread number: 4

[2020-01-28 16:14:34.402446][EnvironmentNew.Environment.log][rollouts]: Rollout thread #6

[2020-01-28 16:14:34.405896][EnvironmentNew.Environment.log][thread_rollouts]: Thread number: 5

[2020-01-28 16:14:34.793600][EnvironmentNew.Environment.log][thread_rollouts]: Thread number: 4, Steps performed: 9

[2020-01-28 16:14:34.910797][EnvironmentNew.Environment.log][thread_rollouts]: Thread number: 5, Steps performed: 14

[2020-01-28 16:14:34.911346][EnvironmentNew.Environment.log][rollouts]: Rollout thread #7

[2020-01-28 16:14:34.912003][EnvironmentNew.Environment.log][thread_rollouts]: Thread number: 6

[2020-01-28 16:14:34.912184][EnvironmentNew.Environment.log][rollouts]: Rollout thread #8

[2020-01-28 16:14:34.915017][EnvironmentNew.Environment.log][thread_rollouts]: Thread number: 7

[2020-01-28 16:14:35.309075][EnvironmentNew.Environment.log][thread_rollouts]: Thread number: 6, Steps performed: 10

[2020-01-28 16:14:35.407980][EnvironmentNew.Environment.log][thread_rollouts]: Thread number: 7, Steps performed: 14

[2020-01-28 16:14:35.408475][EnvironmentNew.Environment.log][rollouts]: Rollout thread #9

[2020-01-28 16:14:35.409072][EnvironmentNew.Environment.log][thread_rollouts]: Thread number: 8

[2020-01-28 16:14:35.409128][EnvironmentNew.Environment.log][rollouts]: Rollout thread #10

[2020-01-28 16:14:35.411114][EnvironmentNew.Environment.log][thread_rollouts]: Thread number: 9

[2020-01-28 16:14:35.789077][EnvironmentNew.Environment.log][thread_rollouts]: Thread number: 8, Steps performed: 10

[2020-01-28 16:14:35.837925][EnvironmentNew.Environment.log][thread_rollouts]: Thread number: 9, Steps performed: 11

[2020-01-28 16:14:35.838497][__main__.TRPOAgent.log][learning]: Rollouts performed

[2020-01-28 16:14:35.839873][__main__.TRPOAgent.log][batch_info]: Rollout statistics size: 105, Batch size: 1000, Number of batches: 10

[2020-01-28 16:14:35.840284][__main__.TRPOAgent.log][learning]: 

***************
BEGINNING TRAINING
***************



[2020-01-28 16:14:35.840672][__main__.TRPOAgent.log][batch_info]: Batch #0, batch length: 9

