LOGGER started at 2020-01-28 15:36:46.164750.
Currently active debug channels:
	rollouts
	act
	training
	batch_info
	linesearch
	learning
	thread_rollouts
[2020-01-28 15:36:46.586017][__main__.TRPOAgent.log][learning]: Episode #0

[2020-01-28 15:36:46.795377][__main__.TRPOAgent.log][learning]: Performing rollouts: rollout length: 200

[2020-01-28 15:36:46.908282][Environment.Environment.log][rollouts]: Rollout thread #1

[2020-01-28 15:36:46.909148][Environment.Environment.log][rollouts]: Rollout thread #2

[2020-01-28 15:36:46.909057][Environment.Environment.log][thread_rollouts]: Thread number: 0

[2020-01-28 15:36:46.915264][Environment.Environment.log][thread_rollouts]: Thread number: 1

[2020-01-28 15:36:46.944343][Environment.Environment.log][thread_rollouts]: Thread number: 0, Steps performed: 9

[2020-01-28 15:36:46.948643][Environment.Environment.log][thread_rollouts]: Thread number: 1, Steps performed: 9

[2020-01-28 15:36:46.949405][Environment.Environment.log][rollouts]: Rollout thread #3

[2020-01-28 15:36:46.949947][Environment.Environment.log][thread_rollouts]: Thread number: 2

[2020-01-28 15:36:46.950029][Environment.Environment.log][rollouts]: Rollout thread #4

[2020-01-28 15:36:46.952833][Environment.Environment.log][thread_rollouts]: Thread number: 3

[2020-01-28 15:36:46.979767][Environment.Environment.log][thread_rollouts]: Thread number: 2, Steps performed: 10

[2020-01-28 15:36:46.984149][Environment.Environment.log][thread_rollouts]: Thread number: 3, Steps performed: 9

[2020-01-28 15:36:46.984692][Environment.Environment.log][rollouts]: Rollout thread #5

[2020-01-28 15:36:46.985310][Environment.Environment.log][rollouts]: Rollout thread #6

[2020-01-28 15:36:46.985258][Environment.Environment.log][thread_rollouts]: Thread number: 4

[2020-01-28 15:36:46.986607][Environment.Environment.log][thread_rollouts]: Thread number: 5

[2020-01-28 15:36:47.021917][Environment.Environment.log][thread_rollouts]: Thread number: 4, Steps performed: 11

[2020-01-28 15:36:47.023225][Environment.Environment.log][thread_rollouts]: Thread number: 5, Steps performed: 11

[2020-01-28 15:36:47.023980][Environment.Environment.log][rollouts]: Rollout thread #7

[2020-01-28 15:36:47.024554][Environment.Environment.log][thread_rollouts]: Thread number: 6

[2020-01-28 15:36:47.024634][Environment.Environment.log][rollouts]: Rollout thread #8

[2020-01-28 15:36:47.027631][Environment.Environment.log][thread_rollouts]: Thread number: 7

[2020-01-28 15:36:47.063206][Environment.Environment.log][thread_rollouts]: Thread number: 6, Steps performed: 14

[2020-01-28 15:36:47.063445][Environment.Environment.log][thread_rollouts]: Thread number: 7, Steps performed: 9

[2020-01-28 15:36:47.064887][Environment.Environment.log][rollouts]: Rollout thread #9

[2020-01-28 15:36:47.065381][Environment.Environment.log][thread_rollouts]: Thread number: 8

[2020-01-28 15:36:47.065431][Environment.Environment.log][rollouts]: Rollout thread #10

[2020-01-28 15:36:47.066970][Environment.Environment.log][thread_rollouts]: Thread number: 9

[2020-01-28 15:36:47.103492][Environment.Environment.log][thread_rollouts]: Thread number: 8, Steps performed: 10

[2020-01-28 15:36:47.105192][Environment.Environment.log][thread_rollouts]: Thread number: 9, Steps performed: 11

[2020-01-28 15:36:47.106426][Environment.Environment.log][rollouts]: Rollout thread #11

[2020-01-28 15:36:47.107036][Environment.Environment.log][thread_rollouts]: Thread number: 10

[2020-01-28 15:36:47.107092][Environment.Environment.log][rollouts]: Rollout thread #12

[2020-01-28 15:36:47.111142][Environment.Environment.log][thread_rollouts]: Thread number: 11

[2020-01-28 15:36:47.138561][Environment.Environment.log][thread_rollouts]: Thread number: 10, Steps performed: 9

[2020-01-28 15:36:47.146423][Environment.Environment.log][thread_rollouts]: Thread number: 11, Steps performed: 10

[2020-01-28 15:36:47.147179][Environment.Environment.log][rollouts]: Rollout thread #13

[2020-01-28 15:36:47.148068][Environment.Environment.log][thread_rollouts]: Thread number: 12

[2020-01-28 15:36:47.148146][Environment.Environment.log][rollouts]: Rollout thread #14

[2020-01-28 15:36:47.153790][Environment.Environment.log][thread_rollouts]: Thread number: 13

[2020-01-28 15:36:47.183087][Environment.Environment.log][thread_rollouts]: Thread number: 12, Steps performed: 9

[2020-01-28 15:36:47.185011][Environment.Environment.log][thread_rollouts]: Thread number: 13, Steps performed: 9

[2020-01-28 15:36:47.185652][Environment.Environment.log][rollouts]: Rollout thread #15

[2020-01-28 15:36:47.186327][Environment.Environment.log][thread_rollouts]: Thread number: 14

[2020-01-28 15:36:47.186415][Environment.Environment.log][rollouts]: Rollout thread #16

[2020-01-28 15:36:47.188285][Environment.Environment.log][thread_rollouts]: Thread number: 15

[2020-01-28 15:36:47.239527][Environment.Environment.log][thread_rollouts]: Thread number: 15, Steps performed: 12

[2020-01-28 15:36:47.245317][Environment.Environment.log][thread_rollouts]: Thread number: 14, Steps performed: 18

[2020-01-28 15:36:47.246015][Environment.Environment.log][rollouts]: Rollout thread #17

[2020-01-28 15:36:47.246503][Environment.Environment.log][thread_rollouts]: Thread number: 16

[2020-01-28 15:36:47.246555][Environment.Environment.log][rollouts]: Rollout thread #18

[2020-01-28 15:36:47.248735][Environment.Environment.log][thread_rollouts]: Thread number: 17

[2020-01-28 15:36:47.284865][Environment.Environment.log][thread_rollouts]: Thread number: 17, Steps performed: 9

[2020-01-28 15:36:47.285598][Environment.Environment.log][thread_rollouts]: Thread number: 16, Steps performed: 9

[2020-01-28 15:36:47.287262][Environment.Environment.log][rollouts]: Rollout thread #19

[2020-01-28 15:36:47.287995][Environment.Environment.log][rollouts]: Rollout thread #20

[2020-01-28 15:36:47.287924][Environment.Environment.log][thread_rollouts]: Thread number: 18

[2020-01-28 15:36:47.289464][Environment.Environment.log][thread_rollouts]: Thread number: 19

[2020-01-28 15:36:47.321929][Environment.Environment.log][thread_rollouts]: Thread number: 19, Steps performed: 9

[2020-01-28 15:36:47.321981][Environment.Environment.log][thread_rollouts]: Thread number: 18, Steps performed: 9

[2020-01-28 15:36:47.323208][Environment.Environment.log][rollouts]: Rollout thread #21

[2020-01-28 15:36:47.323930][Environment.Environment.log][thread_rollouts]: Thread number: 20

[2020-01-28 15:36:47.323993][Environment.Environment.log][rollouts]: Rollout thread #22

[2020-01-28 15:36:47.327896][Environment.Environment.log][thread_rollouts]: Thread number: 21

[2020-01-28 15:36:47.361488][Environment.Environment.log][thread_rollouts]: Thread number: 20, Steps performed: 9

[2020-01-28 15:36:47.362726][Environment.Environment.log][thread_rollouts]: Thread number: 21, Steps performed: 10

[2020-01-28 15:36:47.363936][Environment.Environment.log][rollouts]: Rollout thread #23

[2020-01-28 15:36:47.364629][Environment.Environment.log][thread_rollouts]: Thread number: 22

[2020-01-28 15:36:47.364722][Environment.Environment.log][rollouts]: Rollout thread #24

[2020-01-28 15:36:47.367338][Environment.Environment.log][thread_rollouts]: Thread number: 23

[2020-01-28 15:36:47.402473][Environment.Environment.log][thread_rollouts]: Thread number: 22, Steps performed: 11

[2020-01-28 15:36:47.402168][Environment.Environment.log][thread_rollouts]: Thread number: 23, Steps performed: 10

[2020-01-28 15:36:47.403643][Environment.Environment.log][rollouts]: Rollout thread #25

[2020-01-28 15:36:47.404160][Environment.Environment.log][thread_rollouts]: Thread number: 24

[2020-01-28 15:36:47.404229][Environment.Environment.log][rollouts]: Rollout thread #26

[2020-01-28 15:36:47.406028][Environment.Environment.log][thread_rollouts]: Thread number: 25

[2020-01-28 15:36:47.437123][Environment.Environment.log][thread_rollouts]: Thread number: 24, Steps performed: 9

[2020-01-28 15:36:47.442260][Environment.Environment.log][thread_rollouts]: Thread number: 25, Steps performed: 10

[2020-01-28 15:36:47.443326][Environment.Environment.log][rollouts]: Rollout thread #27

[2020-01-28 15:36:47.444452][Environment.Environment.log][rollouts]: Rollout thread #28

[2020-01-28 15:36:47.444374][Environment.Environment.log][thread_rollouts]: Thread number: 26

[2020-01-28 15:36:47.446553][Environment.Environment.log][thread_rollouts]: Thread number: 27

[2020-01-28 15:36:47.483223][Environment.Environment.log][thread_rollouts]: Thread number: 27, Steps performed: 9

[2020-01-28 15:36:47.484896][Environment.Environment.log][thread_rollouts]: Thread number: 26, Steps performed: 13

[2020-01-28 15:36:47.485606][Environment.Environment.log][rollouts]: Rollout thread #29

[2020-01-28 15:36:47.486129][Environment.Environment.log][thread_rollouts]: Thread number: 28

[2020-01-28 15:36:47.486340][Environment.Environment.log][rollouts]: Rollout thread #30

[2020-01-28 15:36:47.490742][Environment.Environment.log][thread_rollouts]: Thread number: 29

[2020-01-28 15:36:47.516424][Environment.Environment.log][thread_rollouts]: Thread number: 28, Steps performed: 9

[2020-01-28 15:36:47.520172][Environment.Environment.log][thread_rollouts]: Thread number: 29, Steps performed: 9

[2020-01-28 15:36:47.520843][Environment.Environment.log][rollouts]: Rollout thread #31

[2020-01-28 15:36:47.521372][Environment.Environment.log][thread_rollouts]: Thread number: 30

[2020-01-28 15:36:47.521441][Environment.Environment.log][rollouts]: Rollout thread #32

[2020-01-28 15:36:47.523096][Environment.Environment.log][thread_rollouts]: Thread number: 31

[2020-01-28 15:36:47.557579][Environment.Environment.log][thread_rollouts]: Thread number: 31, Steps performed: 9

[2020-01-28 15:36:47.556515][Environment.Environment.log][thread_rollouts]: Thread number: 30, Steps performed: 9

[2020-01-28 15:36:47.559061][Environment.Environment.log][rollouts]: Rollout thread #33

[2020-01-28 15:36:47.560230][Environment.Environment.log][rollouts]: Rollout thread #34

[2020-01-28 15:36:47.560111][Environment.Environment.log][thread_rollouts]: Thread number: 32

[2020-01-28 15:36:47.561569][Environment.Environment.log][thread_rollouts]: Thread number: 33

[2020-01-28 15:36:47.602622][Environment.Environment.log][thread_rollouts]: Thread number: 32, Steps performed: 13

[2020-01-28 15:36:47.604858][Environment.Environment.log][thread_rollouts]: Thread number: 33, Steps performed: 11

[2020-01-28 15:36:47.605566][Environment.Environment.log][rollouts]: Rollout thread #35

[2020-01-28 15:36:47.606285][Environment.Environment.log][thread_rollouts]: Thread number: 34

[2020-01-28 15:36:47.606337][Environment.Environment.log][rollouts]: Rollout thread #36

[2020-01-28 15:36:47.607906][Environment.Environment.log][thread_rollouts]: Thread number: 35

[2020-01-28 15:36:47.638756][Environment.Environment.log][thread_rollouts]: Thread number: 35, Steps performed: 9

[2020-01-28 15:36:47.638811][Environment.Environment.log][thread_rollouts]: Thread number: 34, Steps performed: 9

[2020-01-28 15:36:47.640064][Environment.Environment.log][rollouts]: Rollout thread #37

[2020-01-28 15:36:47.640566][Environment.Environment.log][thread_rollouts]: Thread number: 36

[2020-01-28 15:36:47.640625][Environment.Environment.log][rollouts]: Rollout thread #38

[2020-01-28 15:36:47.642718][Environment.Environment.log][thread_rollouts]: Thread number: 37

[2020-01-28 15:36:47.671807][Environment.Environment.log][thread_rollouts]: Thread number: 36, Steps performed: 10

[2020-01-28 15:36:47.677720][Environment.Environment.log][thread_rollouts]: Thread number: 37, Steps performed: 10

[2020-01-28 15:36:47.678251][Environment.Environment.log][rollouts]: Rollout thread #39

[2020-01-28 15:36:47.678988][Environment.Environment.log][thread_rollouts]: Thread number: 38

[2020-01-28 15:36:47.679053][Environment.Environment.log][rollouts]: Rollout thread #40

[2020-01-28 15:36:47.683602][Environment.Environment.log][thread_rollouts]: Thread number: 39

[2020-01-28 15:36:47.711598][Environment.Environment.log][thread_rollouts]: Thread number: 38, Steps performed: 9

[2020-01-28 15:36:47.716359][Environment.Environment.log][thread_rollouts]: Thread number: 39, Steps performed: 9

[2020-01-28 15:36:47.716922][Environment.Environment.log][rollouts]: Rollout thread #41

[2020-01-28 15:36:47.717526][Environment.Environment.log][rollouts]: Rollout thread #42

[2020-01-28 15:36:47.718386][Environment.Environment.log][thread_rollouts]: Thread number: 41

[2020-01-28 15:36:47.717447][Environment.Environment.log][thread_rollouts]: Thread number: 40

[2020-01-28 15:36:47.755077][Environment.Environment.log][thread_rollouts]: Thread number: 41, Steps performed: 10

[2020-01-28 15:36:47.755993][Environment.Environment.log][thread_rollouts]: Thread number: 40, Steps performed: 12

[2020-01-28 15:36:47.756607][Environment.Environment.log][rollouts]: Rollout thread #43

[2020-01-28 15:36:47.757312][Environment.Environment.log][thread_rollouts]: Thread number: 42

[2020-01-28 15:36:47.757378][Environment.Environment.log][rollouts]: Rollout thread #44

[2020-01-28 15:36:47.762360][Environment.Environment.log][thread_rollouts]: Thread number: 43

[2020-01-28 15:36:47.784494][Environment.Environment.log][thread_rollouts]: Thread number: 42, Steps performed: 9

[2020-01-28 15:36:47.794213][Environment.Environment.log][thread_rollouts]: Thread number: 43, Steps performed: 11

[2020-01-28 15:36:47.794804][Environment.Environment.log][rollouts]: Rollout thread #45

[2020-01-28 15:36:47.795356][Environment.Environment.log][rollouts]: Rollout thread #46

[2020-01-28 15:36:47.795288][Environment.Environment.log][thread_rollouts]: Thread number: 44

[2020-01-28 15:36:47.797405][Environment.Environment.log][thread_rollouts]: Thread number: 45

[2020-01-28 15:36:47.825737][Environment.Environment.log][thread_rollouts]: Thread number: 44, Steps performed: 9

[2020-01-28 15:36:47.835952][Environment.Environment.log][thread_rollouts]: Thread number: 45, Steps performed: 9

[2020-01-28 15:36:47.836885][Environment.Environment.log][rollouts]: Rollout thread #47

[2020-01-28 15:36:47.837477][Environment.Environment.log][thread_rollouts]: Thread number: 46

[2020-01-28 15:36:47.837567][Environment.Environment.log][rollouts]: Rollout thread #48

[2020-01-28 15:36:47.839327][Environment.Environment.log][thread_rollouts]: Thread number: 47

[2020-01-28 15:36:47.875329][Environment.Environment.log][thread_rollouts]: Thread number: 46, Steps performed: 11

[2020-01-28 15:36:47.876358][Environment.Environment.log][thread_rollouts]: Thread number: 47, Steps performed: 9

[2020-01-28 15:36:47.877786][Environment.Environment.log][rollouts]: Rollout thread #49

[2020-01-28 15:36:47.878312][Environment.Environment.log][thread_rollouts]: Thread number: 48

[2020-01-28 15:36:47.878457][Environment.Environment.log][rollouts]: Rollout thread #50

[2020-01-28 15:36:47.882870][Environment.Environment.log][thread_rollouts]: Thread number: 49

[2020-01-28 15:36:47.933358][Environment.Environment.log][thread_rollouts]: Thread number: 48, Steps performed: 14

[2020-01-28 15:36:47.934305][Environment.Environment.log][thread_rollouts]: Thread number: 49, Steps performed: 11

[2020-01-28 15:36:47.935201][Environment.Environment.log][rollouts]: Rollout thread #51

[2020-01-28 15:36:47.935783][Environment.Environment.log][thread_rollouts]: Thread number: 50

[2020-01-28 15:36:47.935838][Environment.Environment.log][rollouts]: Rollout thread #52

[2020-01-28 15:36:47.938503][Environment.Environment.log][thread_rollouts]: Thread number: 51

[2020-01-28 15:36:47.965704][Environment.Environment.log][thread_rollouts]: Thread number: 50, Steps performed: 9

[2020-01-28 15:36:47.971970][Environment.Environment.log][thread_rollouts]: Thread number: 51, Steps performed: 9

[2020-01-28 15:36:47.972598][Environment.Environment.log][rollouts]: Rollout thread #53

[2020-01-28 15:36:47.973154][Environment.Environment.log][rollouts]: Rollout thread #54

[2020-01-28 15:36:47.973099][Environment.Environment.log][thread_rollouts]: Thread number: 52

[2020-01-28 15:36:47.974093][Environment.Environment.log][thread_rollouts]: Thread number: 53

[2020-01-28 15:36:48.002340][Environment.Environment.log][thread_rollouts]: Thread number: 52, Steps performed: 9

[2020-01-28 15:36:48.006943][Environment.Environment.log][thread_rollouts]: Thread number: 53, Steps performed: 9

[2020-01-28 15:36:48.007668][Environment.Environment.log][rollouts]: Rollout thread #55

[2020-01-28 15:36:48.008162][Environment.Environment.log][thread_rollouts]: Thread number: 54

[2020-01-28 15:36:48.008211][Environment.Environment.log][rollouts]: Rollout thread #56

[2020-01-28 15:36:48.011740][Environment.Environment.log][thread_rollouts]: Thread number: 55

[2020-01-28 15:36:48.045767][Environment.Environment.log][thread_rollouts]: Thread number: 54, Steps performed: 10

[2020-01-28 15:36:48.049647][Environment.Environment.log][thread_rollouts]: Thread number: 55, Steps performed: 9

[2020-01-28 15:36:48.050109][Environment.Environment.log][rollouts]: Rollout thread #57

[2020-01-28 15:36:48.050811][Environment.Environment.log][thread_rollouts]: Thread number: 56

[2020-01-28 15:36:48.050997][Environment.Environment.log][rollouts]: Rollout thread #58

[2020-01-28 15:36:48.057257][Environment.Environment.log][thread_rollouts]: Thread number: 57

[2020-01-28 15:36:48.082578][Environment.Environment.log][thread_rollouts]: Thread number: 56, Steps performed: 9

[2020-01-28 15:36:48.091131][Environment.Environment.log][thread_rollouts]: Thread number: 57, Steps performed: 10

[2020-01-28 15:36:48.091770][Environment.Environment.log][rollouts]: Rollout thread #59

[2020-01-28 15:36:48.092616][Environment.Environment.log][rollouts]: Rollout thread #60

[2020-01-28 15:36:48.092376][Environment.Environment.log][thread_rollouts]: Thread number: 58

[2020-01-28 15:36:48.093779][Environment.Environment.log][thread_rollouts]: Thread number: 59

[2020-01-28 15:36:48.123071][Environment.Environment.log][thread_rollouts]: Thread number: 58, Steps performed: 9

[2020-01-28 15:36:48.133002][Environment.Environment.log][thread_rollouts]: Thread number: 59, Steps performed: 12

[2020-01-28 15:36:48.133508][Environment.Environment.log][rollouts]: Rollout thread #61

[2020-01-28 15:36:48.134069][Environment.Environment.log][thread_rollouts]: Thread number: 60

[2020-01-28 15:36:48.134156][Environment.Environment.log][rollouts]: Rollout thread #62

[2020-01-28 15:36:48.135944][Environment.Environment.log][thread_rollouts]: Thread number: 61

[2020-01-28 15:36:48.171509][Environment.Environment.log][thread_rollouts]: Thread number: 60, Steps performed: 12

[2020-01-28 15:36:48.174073][Environment.Environment.log][thread_rollouts]: Thread number: 61, Steps performed: 11

[2020-01-28 15:36:48.174705][Environment.Environment.log][rollouts]: Rollout thread #63

[2020-01-28 15:36:48.175154][Environment.Environment.log][thread_rollouts]: Thread number: 62

[2020-01-28 15:36:48.175219][Environment.Environment.log][rollouts]: Rollout thread #64

[2020-01-28 15:36:48.177893][Environment.Environment.log][thread_rollouts]: Thread number: 63

[2020-01-28 15:36:48.215117][Environment.Environment.log][thread_rollouts]: Thread number: 62, Steps performed: 13

[2020-01-28 15:36:48.215974][Environment.Environment.log][thread_rollouts]: Thread number: 63, Steps performed: 9

[2020-01-28 15:36:48.216603][Environment.Environment.log][rollouts]: Rollout thread #65

[2020-01-28 15:36:48.217167][Environment.Environment.log][thread_rollouts]: Thread number: 64

[2020-01-28 15:36:48.217222][Environment.Environment.log][rollouts]: Rollout thread #66

[2020-01-28 15:36:48.219210][Environment.Environment.log][thread_rollouts]: Thread number: 65

[2020-01-28 15:36:48.242229][Environment.Environment.log][thread_rollouts]: Thread number: 64, Steps performed: 9

[2020-01-28 15:36:48.248026][Environment.Environment.log][thread_rollouts]: Thread number: 65, Steps performed: 10

[2020-01-28 15:36:48.248634][Environment.Environment.log][rollouts]: Rollout thread #67

[2020-01-28 15:36:48.249288][Environment.Environment.log][thread_rollouts]: Thread number: 66

[2020-01-28 15:36:48.249349][Environment.Environment.log][rollouts]: Rollout thread #68

[2020-01-28 15:36:48.250937][Environment.Environment.log][thread_rollouts]: Thread number: 67

[2020-01-28 15:36:48.286770][Environment.Environment.log][thread_rollouts]: Thread number: 66, Steps performed: 9

[2020-01-28 15:36:48.286895][Environment.Environment.log][thread_rollouts]: Thread number: 67, Steps performed: 10

[2020-01-28 15:36:48.288086][Environment.Environment.log][rollouts]: Rollout thread #69

[2020-01-28 15:36:48.288606][Environment.Environment.log][thread_rollouts]: Thread number: 68

[2020-01-28 15:36:48.288658][Environment.Environment.log][rollouts]: Rollout thread #70

[2020-01-28 15:36:48.290218][Environment.Environment.log][thread_rollouts]: Thread number: 69

[2020-01-28 15:36:48.316866][Environment.Environment.log][thread_rollouts]: Thread number: 68, Steps performed: 9

[2020-01-28 15:36:48.323773][Environment.Environment.log][thread_rollouts]: Thread number: 69, Steps performed: 11

[2020-01-28 15:36:48.324294][Environment.Environment.log][rollouts]: Rollout thread #71

[2020-01-28 15:36:48.324911][Environment.Environment.log][thread_rollouts]: Thread number: 70

[2020-01-28 15:36:48.324970][Environment.Environment.log][rollouts]: Rollout thread #72

[2020-01-28 15:36:48.327348][Environment.Environment.log][thread_rollouts]: Thread number: 71

[2020-01-28 15:36:48.359226][Environment.Environment.log][thread_rollouts]: Thread number: 70, Steps performed: 9

[2020-01-28 15:36:48.359612][Environment.Environment.log][thread_rollouts]: Thread number: 71, Steps performed: 9

[2020-01-28 15:36:48.361368][Environment.Environment.log][rollouts]: Rollout thread #73

[2020-01-28 15:36:48.362026][Environment.Environment.log][rollouts]: Rollout thread #74

[2020-01-28 15:36:48.363088][Environment.Environment.log][thread_rollouts]: Thread number: 73

[2020-01-28 15:36:48.361944][Environment.Environment.log][thread_rollouts]: Thread number: 72

[2020-01-28 15:36:48.393605][Environment.Environment.log][thread_rollouts]: Thread number: 72, Steps performed: 9

[2020-01-28 15:36:48.393236][Environment.Environment.log][thread_rollouts]: Thread number: 73, Steps performed: 9

[2020-01-28 15:36:48.395363][Environment.Environment.log][rollouts]: Rollout thread #75

[2020-01-28 15:36:48.396103][Environment.Environment.log][rollouts]: Rollout thread #76

[2020-01-28 15:36:48.395982][Environment.Environment.log][thread_rollouts]: Thread number: 74

[2020-01-28 15:36:48.397192][Environment.Environment.log][thread_rollouts]: Thread number: 75

[2020-01-28 15:36:48.438334][Environment.Environment.log][thread_rollouts]: Thread number: 74, Steps performed: 13

[2020-01-28 15:36:48.438848][Environment.Environment.log][thread_rollouts]: Thread number: 75, Steps performed: 11

[2020-01-28 15:36:48.439802][Environment.Environment.log][rollouts]: Rollout thread #77

[2020-01-28 15:36:48.440277][Environment.Environment.log][thread_rollouts]: Thread number: 76

[2020-01-28 15:36:48.440335][Environment.Environment.log][rollouts]: Rollout thread #78

[2020-01-28 15:36:48.442755][Environment.Environment.log][thread_rollouts]: Thread number: 77

[2020-01-28 15:36:48.475637][Environment.Environment.log][thread_rollouts]: Thread number: 76, Steps performed: 12

[2020-01-28 15:36:48.476518][Environment.Environment.log][thread_rollouts]: Thread number: 77, Steps performed: 9

[2020-01-28 15:36:48.478217][Environment.Environment.log][rollouts]: Rollout thread #79

[2020-01-28 15:36:48.478806][Environment.Environment.log][thread_rollouts]: Thread number: 78

[2020-01-28 15:36:48.478877][Environment.Environment.log][rollouts]: Rollout thread #80

[2020-01-28 15:36:48.483897][Environment.Environment.log][thread_rollouts]: Thread number: 79

[2020-01-28 15:36:48.509245][Environment.Environment.log][thread_rollouts]: Thread number: 78, Steps performed: 10

[2020-01-28 15:36:48.517968][Environment.Environment.log][thread_rollouts]: Thread number: 79, Steps performed: 10

[2020-01-28 15:36:48.518572][Environment.Environment.log][rollouts]: Rollout thread #81

[2020-01-28 15:36:48.519212][Environment.Environment.log][thread_rollouts]: Thread number: 80

[2020-01-28 15:36:48.519289][Environment.Environment.log][rollouts]: Rollout thread #82

[2020-01-28 15:36:48.521806][Environment.Environment.log][thread_rollouts]: Thread number: 81

[2020-01-28 15:36:48.550391][Environment.Environment.log][thread_rollouts]: Thread number: 80, Steps performed: 9

[2020-01-28 15:36:48.555548][Environment.Environment.log][thread_rollouts]: Thread number: 81, Steps performed: 11

[2020-01-28 15:36:48.556079][Environment.Environment.log][rollouts]: Rollout thread #83

[2020-01-28 15:36:48.556571][Environment.Environment.log][thread_rollouts]: Thread number: 82

[2020-01-28 15:36:48.556639][Environment.Environment.log][rollouts]: Rollout thread #84

[2020-01-28 15:36:48.558488][Environment.Environment.log][thread_rollouts]: Thread number: 83

[2020-01-28 15:36:48.587141][Environment.Environment.log][thread_rollouts]: Thread number: 82, Steps performed: 9

[2020-01-28 15:36:48.597609][Environment.Environment.log][thread_rollouts]: Thread number: 83, Steps performed: 14

[2020-01-28 15:36:48.598287][Environment.Environment.log][rollouts]: Rollout thread #85

[2020-01-28 15:36:48.599058][Environment.Environment.log][thread_rollouts]: Thread number: 84

[2020-01-28 15:36:48.599141][Environment.Environment.log][rollouts]: Rollout thread #86

[2020-01-28 15:36:48.601489][Environment.Environment.log][thread_rollouts]: Thread number: 85

[2020-01-28 15:36:48.636900][Environment.Environment.log][thread_rollouts]: Thread number: 84, Steps performed: 10

[2020-01-28 15:36:48.637520][Environment.Environment.log][thread_rollouts]: Thread number: 85, Steps performed: 9

[2020-01-28 15:36:48.638634][Environment.Environment.log][rollouts]: Rollout thread #87

[2020-01-28 15:36:48.639348][Environment.Environment.log][thread_rollouts]: Thread number: 86

[2020-01-28 15:36:48.639412][Environment.Environment.log][rollouts]: Rollout thread #88

[2020-01-28 15:36:48.641741][Environment.Environment.log][thread_rollouts]: Thread number: 87

[2020-01-28 15:36:48.670301][Environment.Environment.log][thread_rollouts]: Thread number: 86, Steps performed: 9

[2020-01-28 15:36:48.674512][Environment.Environment.log][thread_rollouts]: Thread number: 87, Steps performed: 10

[2020-01-28 15:36:48.674999][Environment.Environment.log][rollouts]: Rollout thread #89

[2020-01-28 15:36:48.675522][Environment.Environment.log][rollouts]: Rollout thread #90

[2020-01-28 15:36:48.675459][Environment.Environment.log][thread_rollouts]: Thread number: 88

[2020-01-28 15:36:48.677592][Environment.Environment.log][thread_rollouts]: Thread number: 89

[2020-01-28 15:36:48.705542][Environment.Environment.log][thread_rollouts]: Thread number: 88, Steps performed: 9

[2020-01-28 15:36:48.709901][Environment.Environment.log][thread_rollouts]: Thread number: 89, Steps performed: 9

[2020-01-28 15:36:48.710785][Environment.Environment.log][rollouts]: Rollout thread #91

[2020-01-28 15:36:48.711620][Environment.Environment.log][thread_rollouts]: Thread number: 90

[2020-01-28 15:36:48.711702][Environment.Environment.log][rollouts]: Rollout thread #92

[2020-01-28 15:36:48.713891][Environment.Environment.log][thread_rollouts]: Thread number: 91

[2020-01-28 15:36:48.760829][Environment.Environment.log][thread_rollouts]: Thread number: 91, Steps performed: 13

[2020-01-28 15:36:48.761588][Environment.Environment.log][thread_rollouts]: Thread number: 90, Steps performed: 15

[2020-01-28 15:36:48.762666][Environment.Environment.log][rollouts]: Rollout thread #93

[2020-01-28 15:36:48.763410][Environment.Environment.log][rollouts]: Rollout thread #94

[2020-01-28 15:36:48.763356][Environment.Environment.log][thread_rollouts]: Thread number: 92

[2020-01-28 15:36:48.764465][Environment.Environment.log][thread_rollouts]: Thread number: 93

[2020-01-28 15:36:48.802181][Environment.Environment.log][thread_rollouts]: Thread number: 92, Steps performed: 11

[2020-01-28 15:36:48.802279][Environment.Environment.log][thread_rollouts]: Thread number: 93, Steps performed: 9

[2020-01-28 15:36:48.803428][Environment.Environment.log][rollouts]: Rollout thread #95

[2020-01-28 15:36:48.804169][Environment.Environment.log][thread_rollouts]: Thread number: 94

[2020-01-28 15:36:48.804223][Environment.Environment.log][rollouts]: Rollout thread #96

[2020-01-28 15:36:48.808064][Environment.Environment.log][thread_rollouts]: Thread number: 95

[2020-01-28 15:36:48.832692][Environment.Environment.log][thread_rollouts]: Thread number: 94, Steps performed: 9

[2020-01-28 15:36:48.838349][Environment.Environment.log][thread_rollouts]: Thread number: 95, Steps performed: 9

[2020-01-28 15:36:48.838878][Environment.Environment.log][rollouts]: Rollout thread #97

[2020-01-28 15:36:48.839423][Environment.Environment.log][rollouts]: Rollout thread #98

[2020-01-28 15:36:48.839357][Environment.Environment.log][thread_rollouts]: Thread number: 96

[2020-01-28 15:36:48.840374][Environment.Environment.log][thread_rollouts]: Thread number: 97

[2020-01-28 15:36:48.873508][Environment.Environment.log][thread_rollouts]: Thread number: 96, Steps performed: 9

[2020-01-28 15:36:48.875543][Environment.Environment.log][thread_rollouts]: Thread number: 97, Steps performed: 11

[2020-01-28 15:36:48.876660][Environment.Environment.log][rollouts]: Rollout thread #99

[2020-01-28 15:36:48.877369][Environment.Environment.log][thread_rollouts]: Thread number: 98

[2020-01-28 15:36:48.877428][Environment.Environment.log][rollouts]: Rollout thread #100

[2020-01-28 15:36:48.879500][Environment.Environment.log][thread_rollouts]: Thread number: 99

[2020-01-28 15:36:48.924536][Environment.Environment.log][thread_rollouts]: Thread number: 98, Steps performed: 13

[2020-01-28 15:36:48.926218][Environment.Environment.log][thread_rollouts]: Thread number: 99, Steps performed: 12

[2020-01-28 15:36:48.927331][__main__.TRPOAgent.log][learning]: Rollouts performed

