LOGGER started at 2020-01-28 19:35:25.055258.
Currently active debug channels:
	act
	batch_info
	linesearch
	learning
[2020-01-28 19:35:25.537760][__main__.TRPOAgent.log][learning]: Episode #0

[2020-01-28 19:35:25.753554][__main__.TRPOAgent.log][learning]: Performing rollouts: rollout length: 1500

[2020-01-28 19:35:26.464431][__main__.TRPOAgent.log][learning]: Rollouts performed

[2020-01-28 19:35:26.466659][__main__.TRPOAgent.log][batch_info]: Rollout statistics size: 472, Batch size: 500, Number of batches: 1

[2020-01-28 19:35:26.467074][__main__.TRPOAgent.log][learning]: 

***************
BEGINNING TRAINING
***************



[2020-01-28 19:35:26.467630][__main__.TRPOAgent.log][batch_info]: Batch #0, batch length: 472

[2020-01-28 19:35:26.607371][__main__.TRPOAgent.log][linesearch]: Linesearch worked at 0, New mean kl div: 0.00960003188181839, New policy loss value: -0.11774852300203836

[2020-01-28 19:35:26.921321][__main__.TRPOAgent.log][batch_info]: Current batch value loss: 9.269348614625445

[2020-01-28 19:35:26.921714][__main__.TRPOAgent.log][linesearch]: Linesearch successful, updating policy parameters

[2020-01-28 19:35:28.103033][__main__.TRPOAgent.log][learning]: Episode #1

[2020-01-28 19:35:28.103819][__main__.TRPOAgent.log][learning]: Performing rollouts: rollout length: 1500

[2020-01-28 19:35:28.806874][__main__.TRPOAgent.log][learning]: Rollouts performed

[2020-01-28 19:35:28.809597][__main__.TRPOAgent.log][batch_info]: Rollout statistics size: 518, Batch size: 500, Number of batches: 1

[2020-01-28 19:35:28.810059][__main__.TRPOAgent.log][learning]: 

***************
BEGINNING TRAINING
***************



[2020-01-28 19:35:28.810634][__main__.TRPOAgent.log][batch_info]: Batch #0, batch length: 518

[2020-01-28 19:35:28.891004][__main__.TRPOAgent.log][linesearch]: Linesearch worked at 0, New mean kl div: 0.005786658386674754, New policy loss value: -0.0013489763262913052

[2020-01-28 19:35:28.995181][__main__.TRPOAgent.log][batch_info]: Current batch value loss: 1.6907572421185875

[2020-01-28 19:35:28.995578][__main__.TRPOAgent.log][linesearch]: Linesearch successful, updating policy parameters

[2020-01-28 19:35:29.850644][__main__.TRPOAgent.log][learning]: Episode #2

[2020-01-28 19:35:29.851066][__main__.TRPOAgent.log][learning]: Performing rollouts: rollout length: 1500

[2020-01-28 19:35:30.498022][__main__.TRPOAgent.log][learning]: Rollouts performed

[2020-01-28 19:35:30.500163][__main__.TRPOAgent.log][batch_info]: Rollout statistics size: 523, Batch size: 500, Number of batches: 1

[2020-01-28 19:35:30.500607][__main__.TRPOAgent.log][learning]: 

***************
BEGINNING TRAINING
***************



[2020-01-28 19:35:30.501004][__main__.TRPOAgent.log][batch_info]: Batch #0, batch length: 523

[2020-01-28 19:35:30.594277][__main__.TRPOAgent.log][linesearch]: Linesearch worked at 1, New mean kl div: 8.13672325347173e-09, New policy loss value: -1.942335652108749e-05

[2020-01-28 19:35:30.694762][__main__.TRPOAgent.log][batch_info]: Current batch value loss: 0.5386466679750042

[2020-01-28 19:35:30.695136][__main__.TRPOAgent.log][linesearch]: Linesearch successful, updating policy parameters

[2020-01-28 19:35:31.334516][__main__.TRPOAgent.log][learning]: Episode #3

[2020-01-28 19:35:31.334931][__main__.TRPOAgent.log][learning]: Performing rollouts: rollout length: 1500

[2020-01-28 19:35:31.991495][__main__.TRPOAgent.log][learning]: Rollouts performed

[2020-01-28 19:35:31.993812][__main__.TRPOAgent.log][batch_info]: Rollout statistics size: 519, Batch size: 500, Number of batches: 1

[2020-01-28 19:35:31.994281][__main__.TRPOAgent.log][learning]: 

***************
BEGINNING TRAINING
***************



[2020-01-28 19:35:31.994852][__main__.TRPOAgent.log][batch_info]: Batch #0, batch length: 519

[2020-01-28 19:35:32.074466][__main__.TRPOAgent.log][linesearch]: Linesearch worked at 0, New mean kl div: 0.009550588935784183, New policy loss value: -0.01884636686665792

[2020-01-28 19:35:32.179193][__main__.TRPOAgent.log][batch_info]: Current batch value loss: 0.33130304739392863

[2020-01-28 19:35:32.179575][__main__.TRPOAgent.log][linesearch]: Linesearch successful, updating policy parameters

[2020-01-28 19:35:32.866780][__main__.TRPOAgent.log][learning]: Episode #4

[2020-01-28 19:35:32.867174][__main__.TRPOAgent.log][learning]: Performing rollouts: rollout length: 1500

[2020-01-28 19:35:33.482732][__main__.TRPOAgent.log][learning]: Rollouts performed

[2020-01-28 19:35:33.485001][__main__.TRPOAgent.log][batch_info]: Rollout statistics size: 518, Batch size: 500, Number of batches: 1

[2020-01-28 19:35:33.490278][__main__.TRPOAgent.log][learning]: 

***************
BEGINNING TRAINING
***************



[2020-01-28 19:35:33.491179][__main__.TRPOAgent.log][batch_info]: Batch #0, batch length: 518

[2020-01-28 19:35:33.566808][__main__.TRPOAgent.log][linesearch]: Linesearch worked at 0, New mean kl div: 0.009520173777466518, New policy loss value: -0.018972452068798513

[2020-01-28 19:35:33.670271][__main__.TRPOAgent.log][batch_info]: Current batch value loss: 0.3289669658894771

[2020-01-28 19:35:33.670644][__main__.TRPOAgent.log][linesearch]: Linesearch successful, updating policy parameters

[2020-01-28 19:35:34.268724][__main__.TRPOAgent.log][learning]: Episode #5

[2020-01-28 19:35:34.269080][__main__.TRPOAgent.log][learning]: Performing rollouts: rollout length: 1500

[2020-01-28 19:35:34.932935][__main__.TRPOAgent.log][learning]: Rollouts performed

[2020-01-28 19:35:34.934984][__main__.TRPOAgent.log][batch_info]: Rollout statistics size: 519, Batch size: 500, Number of batches: 1

[2020-01-28 19:35:34.935336][__main__.TRPOAgent.log][learning]: 

***************
BEGINNING TRAINING
***************



[2020-01-28 19:35:34.935802][__main__.TRPOAgent.log][batch_info]: Batch #0, batch length: 519

[2020-01-28 19:35:35.016709][__main__.TRPOAgent.log][linesearch]: Linesearch worked at 0, New mean kl div: 0.00936270074224025, New policy loss value: -0.020257902213350148

[2020-01-28 19:35:35.121941][__main__.TRPOAgent.log][batch_info]: Current batch value loss: 0.2791771378274172

[2020-01-28 19:35:35.122344][__main__.TRPOAgent.log][linesearch]: Linesearch successful, updating policy parameters

[2020-01-28 19:35:35.740271][__main__.TRPOAgent.log][learning]: Episode #6

[2020-01-28 19:35:35.740864][__main__.TRPOAgent.log][learning]: Performing rollouts: rollout length: 1500

[2020-01-28 19:35:36.364747][__main__.TRPOAgent.log][learning]: Rollouts performed

[2020-01-28 19:35:36.366686][__main__.TRPOAgent.log][batch_info]: Rollout statistics size: 518, Batch size: 500, Number of batches: 1

[2020-01-28 19:35:36.367114][__main__.TRPOAgent.log][learning]: 

***************
BEGINNING TRAINING
***************



[2020-01-28 19:35:36.367517][__main__.TRPOAgent.log][batch_info]: Batch #0, batch length: 518

[2020-01-28 19:35:36.445056][__main__.TRPOAgent.log][linesearch]: Linesearch worked at 0, New mean kl div: 0.009180520125272875, New policy loss value: -0.018792965428537877

[2020-01-28 19:35:36.548831][__main__.TRPOAgent.log][batch_info]: Current batch value loss: 0.31490507733999573

[2020-01-28 19:35:36.549208][__main__.TRPOAgent.log][linesearch]: Linesearch successful, updating policy parameters

[2020-01-28 19:35:37.218674][__main__.TRPOAgent.log][learning]: Episode #7

[2020-01-28 19:35:37.219140][__main__.TRPOAgent.log][learning]: Performing rollouts: rollout length: 1500

[2020-01-28 19:35:37.835875][__main__.TRPOAgent.log][learning]: Rollouts performed

[2020-01-28 19:35:37.838419][__main__.TRPOAgent.log][batch_info]: Rollout statistics size: 516, Batch size: 500, Number of batches: 1

[2020-01-28 19:35:37.838962][__main__.TRPOAgent.log][learning]: 

***************
BEGINNING TRAINING
***************



[2020-01-28 19:35:37.839599][__main__.TRPOAgent.log][batch_info]: Batch #0, batch length: 516

[2020-01-28 19:35:37.920984][__main__.TRPOAgent.log][linesearch]: Linesearch worked at 0, New mean kl div: 0.008959635776445565, New policy loss value: -0.021552875813753085

[2020-01-28 19:35:38.027511][__main__.TRPOAgent.log][batch_info]: Current batch value loss: 0.3251500533086755

[2020-01-28 19:35:38.027896][__main__.TRPOAgent.log][linesearch]: Linesearch successful, updating policy parameters

[2020-01-28 19:35:38.686743][__main__.TRPOAgent.log][learning]: Episode #8

[2020-01-28 19:35:38.687201][__main__.TRPOAgent.log][learning]: Performing rollouts: rollout length: 1500

[2020-01-28 19:35:39.372952][__main__.TRPOAgent.log][learning]: Rollouts performed

[2020-01-28 19:35:39.374946][__main__.TRPOAgent.log][batch_info]: Rollout statistics size: 522, Batch size: 500, Number of batches: 1

[2020-01-28 19:35:39.375299][__main__.TRPOAgent.log][learning]: 

***************
BEGINNING TRAINING
***************



[2020-01-28 19:35:39.375694][__main__.TRPOAgent.log][batch_info]: Batch #0, batch length: 522

[2020-01-28 19:35:39.450596][__main__.TRPOAgent.log][linesearch]: Linesearch worked at 0, New mean kl div: 0.008676793996373756, New policy loss value: -0.03043844121939447

[2020-01-28 19:35:39.553004][__main__.TRPOAgent.log][batch_info]: Current batch value loss: 0.36530034596779987

[2020-01-28 19:35:39.553391][__main__.TRPOAgent.log][linesearch]: Linesearch successful, updating policy parameters

[2020-01-28 19:35:40.141322][__main__.TRPOAgent.log][learning]: Episode #9

[2020-01-28 19:35:40.141728][__main__.TRPOAgent.log][learning]: Performing rollouts: rollout length: 1500

[2020-01-28 19:35:40.774370][__main__.TRPOAgent.log][learning]: Rollouts performed

[2020-01-28 19:35:40.776450][__main__.TRPOAgent.log][batch_info]: Rollout statistics size: 522, Batch size: 500, Number of batches: 1

[2020-01-28 19:35:40.776856][__main__.TRPOAgent.log][learning]: 

***************
BEGINNING TRAINING
***************



[2020-01-28 19:35:40.777328][__main__.TRPOAgent.log][batch_info]: Batch #0, batch length: 522

[2020-01-28 19:35:40.872116][__main__.TRPOAgent.log][linesearch]: Linesearch worked at 1, New mean kl div: 9.445752921856902e-09, New policy loss value: -5.071860050200853e-05

[2020-01-28 19:35:40.976964][__main__.TRPOAgent.log][batch_info]: Current batch value loss: 0.3287802394715912

[2020-01-28 19:35:40.977363][__main__.TRPOAgent.log][linesearch]: Linesearch successful, updating policy parameters

[2020-01-28 19:35:41.675057][__main__.TRPOAgent.log][learning]: Episode #10

[2020-01-28 19:35:41.675485][__main__.TRPOAgent.log][learning]: Performing rollouts: rollout length: 1500

[2020-01-28 19:35:42.318395][__main__.TRPOAgent.log][learning]: Rollouts performed

[2020-01-28 19:35:42.320505][__main__.TRPOAgent.log][batch_info]: Rollout statistics size: 521, Batch size: 500, Number of batches: 1

[2020-01-28 19:35:42.320885][__main__.TRPOAgent.log][learning]: 

***************
BEGINNING TRAINING
***************



[2020-01-28 19:35:42.321363][__main__.TRPOAgent.log][batch_info]: Batch #0, batch length: 521

[2020-01-28 19:35:42.398035][__main__.TRPOAgent.log][linesearch]: Linesearch worked at 0, New mean kl div: 0.0082889918574822, New policy loss value: -0.03955187938244942

[2020-01-28 19:35:42.500882][__main__.TRPOAgent.log][batch_info]: Current batch value loss: 0.3007417230838322

[2020-01-28 19:35:42.501267][__main__.TRPOAgent.log][linesearch]: Linesearch successful, updating policy parameters

[2020-01-28 19:35:43.078195][__main__.TRPOAgent.log][learning]: Episode #11

[2020-01-28 19:35:43.078666][__main__.TRPOAgent.log][learning]: Performing rollouts: rollout length: 1500

[2020-01-28 19:35:43.749210][__main__.TRPOAgent.log][learning]: Rollouts performed

[2020-01-28 19:35:43.751179][__main__.TRPOAgent.log][batch_info]: Rollout statistics size: 517, Batch size: 500, Number of batches: 1

[2020-01-28 19:35:43.751583][__main__.TRPOAgent.log][learning]: 

***************
BEGINNING TRAINING
***************



[2020-01-28 19:35:43.752007][__main__.TRPOAgent.log][batch_info]: Batch #0, batch length: 517

[2020-01-28 19:35:43.829209][__main__.TRPOAgent.log][linesearch]: Linesearch worked at 0, New mean kl div: 0.007711198887002453, New policy loss value: -0.030666205017909967

[2020-01-28 19:35:43.937029][__main__.TRPOAgent.log][batch_info]: Current batch value loss: 0.29415393848392507

[2020-01-28 19:35:43.937413][__main__.TRPOAgent.log][linesearch]: Linesearch successful, updating policy parameters

[2020-01-28 19:35:44.652228][__main__.TRPOAgent.log][learning]: Episode #12

[2020-01-28 19:35:44.652717][__main__.TRPOAgent.log][learning]: Performing rollouts: rollout length: 1500

[2020-01-28 19:35:45.289530][__main__.TRPOAgent.log][learning]: Rollouts performed

[2020-01-28 19:35:45.291500][__main__.TRPOAgent.log][batch_info]: Rollout statistics size: 520, Batch size: 500, Number of batches: 1

[2020-01-28 19:35:45.291840][__main__.TRPOAgent.log][learning]: 

***************
BEGINNING TRAINING
***************



[2020-01-28 19:35:45.292311][__main__.TRPOAgent.log][batch_info]: Batch #0, batch length: 520

[2020-01-28 19:35:45.369014][__main__.TRPOAgent.log][linesearch]: Linesearch worked at 0, New mean kl div: 0.0067557470198060495, New policy loss value: -0.05407138151235971

[2020-01-28 19:35:45.472788][__main__.TRPOAgent.log][batch_info]: Current batch value loss: 0.2426377216952884

[2020-01-28 19:35:45.473168][__main__.TRPOAgent.log][linesearch]: Linesearch successful, updating policy parameters

[2020-01-28 19:35:46.075292][__main__.TRPOAgent.log][learning]: Episode #13

[2020-01-28 19:35:46.075664][__main__.TRPOAgent.log][learning]: Performing rollouts: rollout length: 1500

[2020-01-28 19:35:46.696212][__main__.TRPOAgent.log][learning]: Rollouts performed

[2020-01-28 19:35:46.698219][__main__.TRPOAgent.log][batch_info]: Rollout statistics size: 515, Batch size: 500, Number of batches: 1

[2020-01-28 19:35:46.698841][__main__.TRPOAgent.log][learning]: 

***************
BEGINNING TRAINING
***************



[2020-01-28 19:35:46.699476][__main__.TRPOAgent.log][batch_info]: Batch #0, batch length: 515

[2020-01-28 19:35:46.776028][__main__.TRPOAgent.log][linesearch]: Linesearch worked at 0, New mean kl div: 0.0049725761587317684, New policy loss value: -0.04877828138222228

[2020-01-28 19:35:46.882208][__main__.TRPOAgent.log][batch_info]: Current batch value loss: 0.30212189790949445

[2020-01-28 19:35:46.882614][__main__.TRPOAgent.log][linesearch]: Linesearch successful, updating policy parameters

[2020-01-28 19:35:47.496859][__main__.TRPOAgent.log][learning]: Episode #14

[2020-01-28 19:35:47.497271][__main__.TRPOAgent.log][learning]: Performing rollouts: rollout length: 1500

[2020-01-28 19:35:48.192290][__main__.TRPOAgent.log][learning]: Rollouts performed

[2020-01-28 19:35:48.194512][__main__.TRPOAgent.log][batch_info]: Rollout statistics size: 522, Batch size: 500, Number of batches: 1

[2020-01-28 19:35:48.199540][__main__.TRPOAgent.log][learning]: 

***************
BEGINNING TRAINING
***************



[2020-01-28 19:35:48.200329][__main__.TRPOAgent.log][batch_info]: Batch #0, batch length: 522

[2020-01-28 19:35:48.273175][__main__.TRPOAgent.log][linesearch]: Linesearch worked at 0, New mean kl div: 0.0017742242052789208, New policy loss value: -0.08078847536201064

[2020-01-28 19:35:48.377922][__main__.TRPOAgent.log][batch_info]: Current batch value loss: 0.510755179385671

[2020-01-28 19:35:48.378307][__main__.TRPOAgent.log][linesearch]: Linesearch successful, updating policy parameters

[2020-01-28 19:35:49.115607][__main__.TRPOAgent.log][learning]: Episode #15

[2020-01-28 19:35:49.116108][__main__.TRPOAgent.log][learning]: Performing rollouts: rollout length: 1500

[2020-01-28 19:35:49.759389][__main__.TRPOAgent.log][learning]: Rollouts performed

[2020-01-28 19:35:49.761997][__main__.TRPOAgent.log][batch_info]: Rollout statistics size: 522, Batch size: 500, Number of batches: 1

[2020-01-28 19:35:49.762456][__main__.TRPOAgent.log][learning]: 

***************
BEGINNING TRAINING
***************



[2020-01-28 19:35:49.762869][__main__.TRPOAgent.log][batch_info]: Batch #0, batch length: 522

[2020-01-28 19:35:49.846054][__main__.TRPOAgent.log][linesearch]: Linesearch worked at 0, New mean kl div: 3.198277143338174e-05, New policy loss value: -0.06819674948647593

[2020-01-28 19:35:49.957990][__main__.TRPOAgent.log][batch_info]: Current batch value loss: 0.35069034316764935

[2020-01-28 19:35:49.958374][__main__.TRPOAgent.log][linesearch]: Linesearch successful, updating policy parameters

[2020-01-28 19:35:50.624222][__main__.TRPOAgent.log][learning]: Episode #16

[2020-01-28 19:35:50.625011][__main__.TRPOAgent.log][learning]: Performing rollouts: rollout length: 1500

[2020-01-28 19:35:51.255229][__main__.TRPOAgent.log][learning]: Rollouts performed

[2020-01-28 19:35:51.257266][__main__.TRPOAgent.log][batch_info]: Rollout statistics size: 518, Batch size: 500, Number of batches: 1

[2020-01-28 19:35:51.257638][__main__.TRPOAgent.log][learning]: 

***************
BEGINNING TRAINING
***************



[2020-01-28 19:35:51.258189][__main__.TRPOAgent.log][batch_info]: Batch #0, batch length: 518

[2020-01-28 19:35:51.343055][__main__.TRPOAgent.log][linesearch]: Linesearch worked at 0, New mean kl div: 5.993064125032036e-08, New policy loss value: -0.05842264579337933

[2020-01-28 19:35:51.447492][__main__.TRPOAgent.log][batch_info]: Current batch value loss: 0.3413422340798059

[2020-01-28 19:35:51.447874][__main__.TRPOAgent.log][linesearch]: Linesearch successful, updating policy parameters

[2020-01-28 19:35:52.101092][__main__.TRPOAgent.log][learning]: Episode #17

[2020-01-28 19:35:52.101520][__main__.TRPOAgent.log][learning]: Performing rollouts: rollout length: 1500

[2020-01-28 19:35:52.726413][__main__.TRPOAgent.log][learning]: Rollouts performed

[2020-01-28 19:35:52.728614][__main__.TRPOAgent.log][batch_info]: Rollout statistics size: 519, Batch size: 500, Number of batches: 1

[2020-01-28 19:35:52.728963][__main__.TRPOAgent.log][learning]: 

***************
BEGINNING TRAINING
***************



[2020-01-28 19:35:52.729406][__main__.TRPOAgent.log][batch_info]: Batch #0, batch length: 519

[2020-01-28 19:35:52.815290][__main__.TRPOAgent.log][linesearch]: Linesearch worked at 0, New mean kl div: 1.0739069862686568e-10, New policy loss value: -0.06740652061436668

[2020-01-28 19:35:52.924961][__main__.TRPOAgent.log][batch_info]: Current batch value loss: 0.30637138296667876

[2020-01-28 19:35:52.925364][__main__.TRPOAgent.log][linesearch]: Linesearch successful, updating policy parameters

[2020-01-28 19:35:53.704884][__main__.TRPOAgent.log][learning]: Episode #18

[2020-01-28 19:35:53.705437][__main__.TRPOAgent.log][learning]: Performing rollouts: rollout length: 1500

[2020-01-28 19:35:54.357628][__main__.TRPOAgent.log][learning]: Rollouts performed

[2020-01-28 19:35:54.359528][__main__.TRPOAgent.log][batch_info]: Rollout statistics size: 520, Batch size: 500, Number of batches: 1

[2020-01-28 19:35:54.359871][__main__.TRPOAgent.log][learning]: 

***************
BEGINNING TRAINING
***************



[2020-01-28 19:35:54.360350][__main__.TRPOAgent.log][batch_info]: Batch #0, batch length: 520

[2020-01-28 19:35:54.436791][__main__.TRPOAgent.log][linesearch]: Linesearch worked at 0, New mean kl div: 1.9230478105585722e-13, New policy loss value: -0.06477256821431718

[2020-01-28 19:35:54.548811][__main__.TRPOAgent.log][batch_info]: Current batch value loss: 0.34027446555235924

[2020-01-28 19:35:54.549191][__main__.TRPOAgent.log][linesearch]: Linesearch successful, updating policy parameters

[2020-01-28 19:35:55.301354][__main__.TRPOAgent.log][learning]: Episode #19

[2020-01-28 19:35:55.301745][__main__.TRPOAgent.log][learning]: Performing rollouts: rollout length: 1500

[2020-01-28 19:35:55.936979][__main__.TRPOAgent.log][learning]: Rollouts performed

[2020-01-28 19:35:55.939202][__main__.TRPOAgent.log][batch_info]: Rollout statistics size: 518, Batch size: 500, Number of batches: 1

[2020-01-28 19:35:55.939656][__main__.TRPOAgent.log][learning]: 

***************
BEGINNING TRAINING
***************



[2020-01-28 19:35:55.940088][__main__.TRPOAgent.log][batch_info]: Batch #0, batch length: 518

[2020-01-28 19:35:56.034357][__main__.TRPOAgent.log][linesearch]: Linesearch worked at 0, New mean kl div: 4.110456285203165e-16, New policy loss value: -0.073110633870836

[2020-01-28 19:35:56.138191][__main__.TRPOAgent.log][batch_info]: Current batch value loss: 0.3033191960017925

[2020-01-28 19:35:56.138590][__main__.TRPOAgent.log][linesearch]: Linesearch successful, updating policy parameters

[2020-01-28 19:35:56.832768][__main__.TRPOAgent.log][learning]: Episode #20

[2020-01-28 19:35:56.833451][__main__.TRPOAgent.log][learning]: Performing rollouts: rollout length: 1500

[2020-01-28 19:35:57.480460][__main__.TRPOAgent.log][learning]: Rollouts performed

[2020-01-28 19:35:57.482611][__main__.TRPOAgent.log][batch_info]: Rollout statistics size: 513, Batch size: 500, Number of batches: 1

[2020-01-28 19:35:57.483159][__main__.TRPOAgent.log][learning]: 

***************
BEGINNING TRAINING
***************



[2020-01-28 19:35:57.483769][__main__.TRPOAgent.log][batch_info]: Batch #0, batch length: 513

[2020-01-28 19:35:57.570403][__main__.TRPOAgent.log][linesearch]: Linesearch worked at 0, New mean kl div: 8.819269417791757e-19, New policy loss value: -0.05070425634476884

[2020-01-28 19:35:57.674918][__main__.TRPOAgent.log][batch_info]: Current batch value loss: 0.2901126701610644

[2020-01-28 19:35:57.675294][__main__.TRPOAgent.log][linesearch]: Linesearch successful, updating policy parameters

[2020-01-28 19:35:58.421491][__main__.TRPOAgent.log][learning]: Episode #21

[2020-01-28 19:35:58.421959][__main__.TRPOAgent.log][learning]: Performing rollouts: rollout length: 1500

[2020-01-28 19:35:59.047923][__main__.TRPOAgent.log][learning]: Rollouts performed

[2020-01-28 19:35:59.050239][__main__.TRPOAgent.log][batch_info]: Rollout statistics size: 520, Batch size: 500, Number of batches: 1

[2020-01-28 19:35:59.050647][__main__.TRPOAgent.log][learning]: 

***************
BEGINNING TRAINING
***************



[2020-01-28 19:35:59.051134][__main__.TRPOAgent.log][batch_info]: Batch #0, batch length: 520

[2020-01-28 19:35:59.130542][__main__.TRPOAgent.log][linesearch]: Linesearch worked at 0, New mean kl div: 1.0681807781092432e-21, New policy loss value: -0.06838986934034032

[2020-01-28 19:35:59.234901][__main__.TRPOAgent.log][batch_info]: Current batch value loss: 0.315498111595788

[2020-01-28 19:35:59.235294][__main__.TRPOAgent.log][linesearch]: Linesearch successful, updating policy parameters

[2020-01-28 19:35:59.889942][__main__.TRPOAgent.log][learning]: Episode #22

[2020-01-28 19:35:59.890363][__main__.TRPOAgent.log][learning]: Performing rollouts: rollout length: 1500

[2020-01-28 19:36:00.511316][__main__.TRPOAgent.log][learning]: Rollouts performed

[2020-01-28 19:36:00.513350][__main__.TRPOAgent.log][batch_info]: Rollout statistics size: 515, Batch size: 500, Number of batches: 1

[2020-01-28 19:36:00.513766][__main__.TRPOAgent.log][learning]: 

***************
BEGINNING TRAINING
***************



[2020-01-28 19:36:00.514260][__main__.TRPOAgent.log][batch_info]: Batch #0, batch length: 515

[2020-01-28 19:36:00.594539][__main__.TRPOAgent.log][linesearch]: Linesearch worked at 0, New mean kl div: 7.746179280307746e-31, New policy loss value: -0.0504997029127648

[2020-01-28 19:36:00.703487][__main__.TRPOAgent.log][batch_info]: Current batch value loss: 0.28077732303751773

[2020-01-28 19:36:00.703870][__main__.TRPOAgent.log][linesearch]: Linesearch successful, updating policy parameters

[2020-01-28 19:36:01.341999][__main__.TRPOAgent.log][learning]: Episode #23

[2020-01-28 19:36:01.342376][__main__.TRPOAgent.log][learning]: Performing rollouts: rollout length: 1500

[2020-01-28 19:36:01.978865][__main__.TRPOAgent.log][learning]: Rollouts performed

[2020-01-28 19:36:01.980824][__main__.TRPOAgent.log][batch_info]: Rollout statistics size: 516, Batch size: 500, Number of batches: 1

[2020-01-28 19:36:01.981178][__main__.TRPOAgent.log][learning]: 

***************
BEGINNING TRAINING
***************



[2020-01-28 19:36:01.981651][__main__.TRPOAgent.log][batch_info]: Batch #0, batch length: 516

[2020-01-28 19:36:02.058089][__main__.TRPOAgent.log][linesearch]: Linesearch worked at 0, New mean kl div: 1.3821663641780954e-51, New policy loss value: -0.06275718586219538

[2020-01-28 19:36:02.163819][__main__.TRPOAgent.log][batch_info]: Current batch value loss: 0.31397338525689206

[2020-01-28 19:36:02.164220][__main__.TRPOAgent.log][linesearch]: Linesearch successful, updating policy parameters

