LOGGER started at 2020-01-28 17:03:04.895269.
Currently active debug channels:
	rollouts
	act
	training
	batch_info
	linesearch
	learning
	thread_rollouts
[2020-01-28 17:03:05.323361][__main__.TRPOAgent.log][learning]: Episode #0

[2020-01-28 17:03:05.523575][__main__.TRPOAgent.log][learning]: Performing rollouts: rollout length: 50

[2020-01-28 17:03:05.544994][EnvironmentNew.Environment.log][rollouts]: Rollout thread #1

[2020-01-28 17:03:05.546059][EnvironmentNew.Environment.log][thread_rollouts]: Thread number: 0

[2020-01-28 17:03:05.546126][EnvironmentNew.Environment.log][rollouts]: Rollout thread #2

[2020-01-28 17:03:05.550740][EnvironmentNew.Environment.log][thread_rollouts]: Thread number: 1

[2020-01-28 17:03:05.589471][EnvironmentNew.Environment.log][thread_rollouts]: Thread number: 0, Steps performed: 9

[2020-01-28 17:03:05.591040][EnvironmentNew.Environment.log][thread_rollouts]: Thread number: 1, Steps performed: 10

[2020-01-28 17:03:05.592563][EnvironmentNew.Environment.log][rollouts]: Rollout thread #3

[2020-01-28 17:03:05.593171][EnvironmentNew.Environment.log][thread_rollouts]: Thread number: 2

[2020-01-28 17:03:05.593237][EnvironmentNew.Environment.log][rollouts]: Rollout thread #4

[2020-01-28 17:03:05.596890][EnvironmentNew.Environment.log][thread_rollouts]: Thread number: 3

[2020-01-28 17:03:05.629924][EnvironmentNew.Environment.log][thread_rollouts]: Thread number: 2, Steps performed: 10

[2020-01-28 17:03:05.633417][EnvironmentNew.Environment.log][thread_rollouts]: Thread number: 3, Steps performed: 9

[2020-01-28 17:03:05.633974][EnvironmentNew.Environment.log][rollouts]: Rollout thread #5

[2020-01-28 17:03:05.634453][EnvironmentNew.Environment.log][thread_rollouts]: Thread number: 4

[2020-01-28 17:03:05.634516][EnvironmentNew.Environment.log][rollouts]: Rollout thread #6

[2020-01-28 17:03:05.636670][EnvironmentNew.Environment.log][thread_rollouts]: Thread number: 5

[2020-01-28 17:03:05.673851][EnvironmentNew.Environment.log][thread_rollouts]: Thread number: 4, Steps performed: 11

[2020-01-28 17:03:05.678505][EnvironmentNew.Environment.log][thread_rollouts]: Thread number: 5, Steps performed: 12

[2020-01-28 17:03:05.679028][EnvironmentNew.Environment.log][rollouts]: Rollout thread #7

[2020-01-28 17:03:05.679627][EnvironmentNew.Environment.log][thread_rollouts]: Thread number: 6

[2020-01-28 17:03:05.679676][EnvironmentNew.Environment.log][rollouts]: Rollout thread #8

[2020-01-28 17:03:05.681862][EnvironmentNew.Environment.log][thread_rollouts]: Thread number: 7

[2020-01-28 17:03:05.720259][EnvironmentNew.Environment.log][thread_rollouts]: Thread number: 7, Steps performed: 9

[2020-01-28 17:03:05.723272][EnvironmentNew.Environment.log][thread_rollouts]: Thread number: 6, Steps performed: 16

[2020-01-28 17:03:05.723736][EnvironmentNew.Environment.log][rollouts]: Rollout thread #9

[2020-01-28 17:03:05.724332][EnvironmentNew.Environment.log][thread_rollouts]: Thread number: 8

[2020-01-28 17:03:05.724394][EnvironmentNew.Environment.log][rollouts]: Rollout thread #10

[2020-01-28 17:03:05.726873][EnvironmentNew.Environment.log][thread_rollouts]: Thread number: 9

[2020-01-28 17:03:05.760637][EnvironmentNew.Environment.log][thread_rollouts]: Thread number: 8, Steps performed: 10

[2020-01-28 17:03:05.763680][EnvironmentNew.Environment.log][thread_rollouts]: Thread number: 9, Steps performed: 11

[2020-01-28 17:03:05.764281][__main__.TRPOAgent.log][learning]: Rollouts performed

[2020-01-28 17:03:05.765975][__main__.TRPOAgent.log][batch_info]: Rollout statistics size: 107, Batch size: 1000, Number of batches: 10

[2020-01-28 17:03:05.766463][__main__.TRPOAgent.log][learning]: 

***************
BEGINNING TRAINING
***************



[2020-01-28 17:03:05.766937][__main__.TRPOAgent.log][batch_info]: Batch #0, batch length: 9

