LOGGER started at 2020-01-28 16:58:11.218593.
Currently active debug channels:
	rollouts
	act
	training
	batch_info
	linesearch
	learning
	thread_rollouts
[2020-01-28 16:58:11.628928][__main__.TRPOAgent.log][learning]: Episode #0

[2020-01-28 16:58:11.829302][__main__.TRPOAgent.log][learning]: Performing rollouts: rollout length: 50

[2020-01-28 16:58:11.843266][EnvironmentNew.Environment.log][rollouts]: Rollout thread #1

[2020-01-28 16:58:11.843987][EnvironmentNew.Environment.log][thread_rollouts]: Thread number: 0

[2020-01-28 16:58:11.844051][EnvironmentNew.Environment.log][rollouts]: Rollout thread #2

[2020-01-28 16:58:11.848522][EnvironmentNew.Environment.log][thread_rollouts]: Thread number: 1

[2020-01-28 16:58:11.881203][EnvironmentNew.Environment.log][thread_rollouts]: Thread number: 0, Steps performed: 9

[2020-01-28 16:58:11.881964][EnvironmentNew.Environment.log][thread_rollouts]: Thread number: 1, Steps performed: 10

[2020-01-28 16:58:11.883449][EnvironmentNew.Environment.log][rollouts]: Rollout thread #3

[2020-01-28 16:58:11.884310][EnvironmentNew.Environment.log][thread_rollouts]: Thread number: 2

[2020-01-28 16:58:11.884424][EnvironmentNew.Environment.log][rollouts]: Rollout thread #4

[2020-01-28 16:58:11.885830][EnvironmentNew.Environment.log][thread_rollouts]: Thread number: 3

[2020-01-28 16:58:11.926223][EnvironmentNew.Environment.log][thread_rollouts]: Thread number: 2, Steps performed: 10

[2020-01-28 16:58:11.926113][EnvironmentNew.Environment.log][thread_rollouts]: Thread number: 3, Steps performed: 10

[2020-01-28 16:58:11.927225][EnvironmentNew.Environment.log][rollouts]: Rollout thread #5

[2020-01-28 16:58:11.927686][EnvironmentNew.Environment.log][thread_rollouts]: Thread number: 4

[2020-01-28 16:58:11.927738][EnvironmentNew.Environment.log][rollouts]: Rollout thread #6

[2020-01-28 16:58:11.929982][EnvironmentNew.Environment.log][thread_rollouts]: Thread number: 5

[2020-01-28 16:58:11.967978][EnvironmentNew.Environment.log][thread_rollouts]: Thread number: 5, Steps performed: 9

[2020-01-28 16:58:11.968563][EnvironmentNew.Environment.log][thread_rollouts]: Thread number: 4, Steps performed: 14

[2020-01-28 16:58:11.969471][EnvironmentNew.Environment.log][rollouts]: Rollout thread #7

[2020-01-28 16:58:11.970351][EnvironmentNew.Environment.log][thread_rollouts]: Thread number: 6

[2020-01-28 16:58:11.970426][EnvironmentNew.Environment.log][rollouts]: Rollout thread #8

[2020-01-28 16:58:11.974143][EnvironmentNew.Environment.log][thread_rollouts]: Thread number: 7

[2020-01-28 16:58:12.014368][EnvironmentNew.Environment.log][thread_rollouts]: Thread number: 6, Steps performed: 11

[2020-01-28 16:58:12.015179][EnvironmentNew.Environment.log][thread_rollouts]: Thread number: 7, Steps performed: 11

[2020-01-28 16:58:12.015885][EnvironmentNew.Environment.log][rollouts]: Rollout thread #9

[2020-01-28 16:58:12.016525][EnvironmentNew.Environment.log][thread_rollouts]: Thread number: 8

[2020-01-28 16:58:12.016588][EnvironmentNew.Environment.log][rollouts]: Rollout thread #10

[2020-01-28 16:58:12.025230][EnvironmentNew.Environment.log][thread_rollouts]: Thread number: 9

[2020-01-28 16:58:12.050160][EnvironmentNew.Environment.log][thread_rollouts]: Thread number: 8, Steps performed: 10

[2020-01-28 16:58:12.062398][EnvironmentNew.Environment.log][thread_rollouts]: Thread number: 9, Steps performed: 10

[2020-01-28 16:58:12.063118][__main__.TRPOAgent.log][learning]: Rollouts performed

[2020-01-28 16:58:12.064766][__main__.TRPOAgent.log][batch_info]: Rollout statistics size: 104, Batch size: 1000, Number of batches: 10

[2020-01-28 16:58:12.065291][__main__.TRPOAgent.log][learning]: 

***************
BEGINNING TRAINING
***************



[2020-01-28 16:58:12.065763][__main__.TRPOAgent.log][batch_info]: Batch #0, batch length: 9

[2020-01-28 16:58:12.089722][__main__.TRPOAgent.log][training]: policy_gradient: [ 0.00000000e+00  0.00000000e+00  0.00000000e+00  0.00000000e+00
  0.00000000e+00  0.00000000e+00  0.00000000e+00  0.00000000e+00
  0.00000000e+00  0.00000000e+00  0.00000000e+00  0.00000000e+00
  0.00000000e+00  0.00000000e+00  0.00000000e+00  0.00000000e+00
  0.00000000e+00  0.00000000e+00  0.00000000e+00  0.00000000e+00
  0.00000000e+00  0.00000000e+00  0.00000000e+00  0.00000000e+00
  0.00000000e+00  0.00000000e+00  0.00000000e+00  0.00000000e+00
  0.00000000e+00  0.00000000e+00  0.00000000e+00  0.00000000e+00
  0.00000000e+00  0.00000000e+00  0.00000000e+00  0.00000000e+00
  0.00000000e+00  0.00000000e+00  0.00000000e+00  0.00000000e+00
  0.00000000e+00  0.00000000e+00  0.00000000e+00  0.00000000e+00
  0.00000000e+00  0.00000000e+00  0.00000000e+00  0.00000000e+00
  0.00000000e+00  0.00000000e+00  0.00000000e+00  0.00000000e+00
  0.00000000e+00  0.00000000e+00  0.00000000e+00  0.00000000e+00
  0.00000000e+00  0.00000000e+00  0.00000000e+00  0.00000000e+00
  0.00000000e+00  0.00000000e+00  0.00000000e+00  0.00000000e+00
  0.00000000e+00  0.00000000e+00  0.00000000e+00  0.00000000e+00
  0.00000000e+00  0.00000000e+00  0.00000000e+00  0.00000000e+00
  0.00000000e+00  0.00000000e+00  0.00000000e+00  0.00000000e+00
  0.00000000e+00  0.00000000e+00  0.00000000e+00  0.00000000e+00
  0.00000000e+00  0.00000000e+00  0.00000000e+00  0.00000000e+00
  0.00000000e+00  0.00000000e+00  0.00000000e+00  0.00000000e+00
  0.00000000e+00  0.00000000e+00  0.00000000e+00  0.00000000e+00
  0.00000000e+00  0.00000000e+00  0.00000000e+00  0.00000000e+00
  0.00000000e+00  0.00000000e+00  0.00000000e+00  0.00000000e+00
  0.00000000e+00  0.00000000e+00  0.00000000e+00  0.00000000e+00
  0.00000000e+00  0.00000000e+00  0.00000000e+00  0.00000000e+00
  0.00000000e+00  0.00000000e+00  0.00000000e+00  0.00000000e+00
  0.00000000e+00  0.00000000e+00  0.00000000e+00  0.00000000e+00
  0.00000000e+00  0.00000000e+00  0.00000000e+00  0.00000000e+00
  0.00000000e+00  0.00000000e+00  0.00000000e+00  0.00000000e+00
  0.00000000e+00  8.32667268e-17 -8.32667268e-17]

[2020-01-28 16:58:12.090750][__main__.TRPOAgent.log][training]: Initiating conjugate gradients

[2020-01-28 16:58:12.113403][__main__.TRPOAgent.log][training]: gradient_step_direction: [ 0.00000000e+00  0.00000000e+00  0.00000000e+00  0.00000000e+00
  0.00000000e+00  0.00000000e+00  0.00000000e+00  0.00000000e+00
  0.00000000e+00  0.00000000e+00  0.00000000e+00  0.00000000e+00
  0.00000000e+00  0.00000000e+00  0.00000000e+00  0.00000000e+00
  0.00000000e+00  0.00000000e+00  0.00000000e+00  0.00000000e+00
  0.00000000e+00  0.00000000e+00  0.00000000e+00  0.00000000e+00
  0.00000000e+00  0.00000000e+00  0.00000000e+00  0.00000000e+00
  0.00000000e+00  0.00000000e+00  0.00000000e+00  0.00000000e+00
  0.00000000e+00  0.00000000e+00  0.00000000e+00  0.00000000e+00
  0.00000000e+00  0.00000000e+00  0.00000000e+00  0.00000000e+00
  0.00000000e+00  0.00000000e+00  0.00000000e+00  0.00000000e+00
  0.00000000e+00  0.00000000e+00  0.00000000e+00  0.00000000e+00
  0.00000000e+00  0.00000000e+00  0.00000000e+00  0.00000000e+00
  0.00000000e+00  0.00000000e+00  0.00000000e+00  0.00000000e+00
  0.00000000e+00  0.00000000e+00  0.00000000e+00  0.00000000e+00
  0.00000000e+00  0.00000000e+00  0.00000000e+00  0.00000000e+00
  0.00000000e+00  0.00000000e+00  0.00000000e+00  0.00000000e+00
  0.00000000e+00  0.00000000e+00  0.00000000e+00  0.00000000e+00
  0.00000000e+00  0.00000000e+00  0.00000000e+00  0.00000000e+00
  0.00000000e+00  0.00000000e+00  0.00000000e+00  0.00000000e+00
  0.00000000e+00  0.00000000e+00  0.00000000e+00  0.00000000e+00
  0.00000000e+00  0.00000000e+00  0.00000000e+00  0.00000000e+00
  0.00000000e+00  0.00000000e+00  0.00000000e+00  0.00000000e+00
  0.00000000e+00  0.00000000e+00  0.00000000e+00  0.00000000e+00
  0.00000000e+00  0.00000000e+00  0.00000000e+00  0.00000000e+00
  0.00000000e+00  0.00000000e+00  0.00000000e+00  0.00000000e+00
  0.00000000e+00  0.00000000e+00  0.00000000e+00  0.00000000e+00
  0.00000000e+00  0.00000000e+00  0.00000000e+00  0.00000000e+00
  0.00000000e+00  0.00000000e+00  0.00000000e+00  0.00000000e+00
  0.00000000e+00  0.00000000e+00  0.00000000e+00  0.00000000e+00
  0.00000000e+00  0.00000000e+00  0.00000000e+00  0.00000000e+00
  0.00000000e+00  1.15463435e-40 -1.15463435e-40]

[2020-01-28 16:58:12.159008][__main__.TRPOAgent.log][linesearch]: Linesearch worked at 0, New mean kl div: 0.014895929423482267, New policy loss value: -9.868649107779169e-17

