LOGGER started at 2020-01-28 19:50:08.615393.
Currently active debug channels:
	act
	batch_info
	linesearch
	learning
[2020-01-28 19:50:09.061580][__main__.TRPOAgent.log][learning]: Episode #0

[2020-01-28 19:50:09.277149][__main__.TRPOAgent.log][learning]: Performing rollouts: rollout length: 1500

[2020-01-28 19:50:10.052804][__main__.TRPOAgent.log][learning]: Rollouts performed

[2020-01-28 19:50:10.055585][__main__.TRPOAgent.log][batch_info]: Rollout statistics size: 511, Batch size: 500, Number of batches: 1

[2020-01-28 19:50:10.060051][__main__.TRPOAgent.log][learning]: 

***************
BEGINNING TRAINING
***************



[2020-01-28 19:50:10.060697][__main__.TRPOAgent.log][batch_info]: Batch #0, batch length: 511

[2020-01-28 19:50:11.622118][__main__.TRPOAgent.log][learning]: Episode #1

[2020-01-28 19:50:11.622662][__main__.TRPOAgent.log][learning]: Performing rollouts: rollout length: 1500

[2020-01-28 19:50:12.303869][__main__.TRPOAgent.log][learning]: Rollouts performed

[2020-01-28 19:50:12.306477][__main__.TRPOAgent.log][batch_info]: Rollout statistics size: 510, Batch size: 500, Number of batches: 1

[2020-01-28 19:50:12.306968][__main__.TRPOAgent.log][learning]: 

***************
BEGINNING TRAINING
***************



[2020-01-28 19:50:12.307575][__main__.TRPOAgent.log][batch_info]: Batch #0, batch length: 510

[2020-01-28 19:50:13.179935][__main__.TRPOAgent.log][learning]: Episode #2

[2020-01-28 19:50:13.180371][__main__.TRPOAgent.log][learning]: Performing rollouts: rollout length: 1500

[2020-01-28 19:50:13.772475][__main__.TRPOAgent.log][learning]: Rollouts performed

[2020-01-28 19:50:13.774669][__main__.TRPOAgent.log][batch_info]: Rollout statistics size: 507, Batch size: 500, Number of batches: 1

[2020-01-28 19:50:13.775099][__main__.TRPOAgent.log][learning]: 

***************
BEGINNING TRAINING
***************



[2020-01-28 19:50:13.775588][__main__.TRPOAgent.log][batch_info]: Batch #0, batch length: 507

[2020-01-28 19:50:14.570889][__main__.TRPOAgent.log][learning]: Episode #3

[2020-01-28 19:50:14.571306][__main__.TRPOAgent.log][learning]: Performing rollouts: rollout length: 1500

[2020-01-28 19:50:15.214879][__main__.TRPOAgent.log][learning]: Rollouts performed

[2020-01-28 19:50:15.217312][__main__.TRPOAgent.log][batch_info]: Rollout statistics size: 508, Batch size: 500, Number of batches: 1

[2020-01-28 19:50:15.222134][__main__.TRPOAgent.log][learning]: 

***************
BEGINNING TRAINING
***************



[2020-01-28 19:50:15.222577][__main__.TRPOAgent.log][batch_info]: Batch #0, batch length: 508

[2020-01-28 19:50:16.024700][__main__.TRPOAgent.log][learning]: Episode #4

[2020-01-28 19:50:16.025145][__main__.TRPOAgent.log][learning]: Performing rollouts: rollout length: 1500

[2020-01-28 19:50:16.608314][__main__.TRPOAgent.log][learning]: Rollouts performed

[2020-01-28 19:50:16.610305][__main__.TRPOAgent.log][batch_info]: Rollout statistics size: 509, Batch size: 500, Number of batches: 1

[2020-01-28 19:50:16.610725][__main__.TRPOAgent.log][learning]: 

***************
BEGINNING TRAINING
***************



[2020-01-28 19:50:16.611103][__main__.TRPOAgent.log][batch_info]: Batch #0, batch length: 509

[2020-01-28 19:50:17.406630][__main__.TRPOAgent.log][learning]: Episode #5

[2020-01-28 19:50:17.407054][__main__.TRPOAgent.log][learning]: Performing rollouts: rollout length: 1500

[2020-01-28 19:50:18.005786][__main__.TRPOAgent.log][learning]: Rollouts performed

[2020-01-28 19:50:18.007819][__main__.TRPOAgent.log][batch_info]: Rollout statistics size: 502, Batch size: 500, Number of batches: 1

[2020-01-28 19:50:18.008267][__main__.TRPOAgent.log][learning]: 

***************
BEGINNING TRAINING
***************



[2020-01-28 19:50:18.008778][__main__.TRPOAgent.log][batch_info]: Batch #0, batch length: 502

[2020-01-28 19:50:18.806110][__main__.TRPOAgent.log][learning]: Episode #6

[2020-01-28 19:50:18.806481][__main__.TRPOAgent.log][learning]: Performing rollouts: rollout length: 1500

[2020-01-28 19:50:19.384558][__main__.TRPOAgent.log][learning]: Rollouts performed

[2020-01-28 19:50:19.386475][__main__.TRPOAgent.log][batch_info]: Rollout statistics size: 506, Batch size: 500, Number of batches: 1

[2020-01-28 19:50:19.386865][__main__.TRPOAgent.log][learning]: 

***************
BEGINNING TRAINING
***************



[2020-01-28 19:50:19.387290][__main__.TRPOAgent.log][batch_info]: Batch #0, batch length: 506

[2020-01-28 19:50:20.233244][__main__.TRPOAgent.log][learning]: Episode #7

[2020-01-28 19:50:20.233779][__main__.TRPOAgent.log][learning]: Performing rollouts: rollout length: 1500

[2020-01-28 19:50:20.788233][__main__.TRPOAgent.log][learning]: Rollouts performed

[2020-01-28 19:50:20.790863][__main__.TRPOAgent.log][batch_info]: Rollout statistics size: 502, Batch size: 500, Number of batches: 1

[2020-01-28 19:50:20.791502][__main__.TRPOAgent.log][learning]: 

***************
BEGINNING TRAINING
***************



[2020-01-28 19:50:20.792255][__main__.TRPOAgent.log][batch_info]: Batch #0, batch length: 502

[2020-01-28 19:50:21.560409][__main__.TRPOAgent.log][learning]: Episode #8

[2020-01-28 19:50:21.560937][__main__.TRPOAgent.log][learning]: Performing rollouts: rollout length: 1500

[2020-01-28 19:50:22.153862][__main__.TRPOAgent.log][learning]: Rollouts performed

[2020-01-28 19:50:22.156189][__main__.TRPOAgent.log][batch_info]: Rollout statistics size: 505, Batch size: 500, Number of batches: 1

[2020-01-28 19:50:22.156712][__main__.TRPOAgent.log][learning]: 

***************
BEGINNING TRAINING
***************



[2020-01-28 19:50:22.157313][__main__.TRPOAgent.log][batch_info]: Batch #0, batch length: 505

[2020-01-28 19:50:22.997640][__main__.TRPOAgent.log][learning]: Episode #9

[2020-01-28 19:50:22.998177][__main__.TRPOAgent.log][learning]: Performing rollouts: rollout length: 1500

[2020-01-28 19:50:23.577569][__main__.TRPOAgent.log][learning]: Rollouts performed

[2020-01-28 19:50:23.579604][__main__.TRPOAgent.log][batch_info]: Rollout statistics size: 502, Batch size: 500, Number of batches: 1

[2020-01-28 19:50:23.579993][__main__.TRPOAgent.log][learning]: 

***************
BEGINNING TRAINING
***************



[2020-01-28 19:50:23.580442][__main__.TRPOAgent.log][batch_info]: Batch #0, batch length: 502

[2020-01-28 19:50:24.427734][__main__.TRPOAgent.log][learning]: Episode #10

[2020-01-28 19:50:24.428306][__main__.TRPOAgent.log][learning]: Performing rollouts: rollout length: 1500

[2020-01-28 19:50:24.992740][__main__.TRPOAgent.log][learning]: Rollouts performed

[2020-01-28 19:50:24.995063][__main__.TRPOAgent.log][batch_info]: Rollout statistics size: 500, Batch size: 500, Number of batches: 1

[2020-01-28 19:50:24.995491][__main__.TRPOAgent.log][learning]: 

***************
BEGINNING TRAINING
***************



[2020-01-28 19:50:24.995959][__main__.TRPOAgent.log][batch_info]: Batch #0, batch length: 500

[2020-01-28 19:50:25.761568][__main__.TRPOAgent.log][learning]: Episode #11

[2020-01-28 19:50:25.761941][__main__.TRPOAgent.log][learning]: Performing rollouts: rollout length: 1500

[2020-01-28 19:50:26.357022][__main__.TRPOAgent.log][learning]: Rollouts performed

[2020-01-28 19:50:26.358990][__main__.TRPOAgent.log][batch_info]: Rollout statistics size: 500, Batch size: 500, Number of batches: 1

[2020-01-28 19:50:26.359379][__main__.TRPOAgent.log][learning]: 

***************
BEGINNING TRAINING
***************



[2020-01-28 19:50:26.359814][__main__.TRPOAgent.log][batch_info]: Batch #0, batch length: 500

[2020-01-28 19:50:27.113166][__main__.TRPOAgent.log][learning]: Episode #12

[2020-01-28 19:50:27.113539][__main__.TRPOAgent.log][learning]: Performing rollouts: rollout length: 1500

[2020-01-28 19:50:27.681183][__main__.TRPOAgent.log][learning]: Rollouts performed

[2020-01-28 19:50:27.683162][__main__.TRPOAgent.log][batch_info]: Rollout statistics size: 500, Batch size: 500, Number of batches: 1

[2020-01-28 19:50:27.683559][__main__.TRPOAgent.log][learning]: 

***************
BEGINNING TRAINING
***************



[2020-01-28 19:50:27.684076][__main__.TRPOAgent.log][batch_info]: Batch #0, batch length: 500

[2020-01-28 19:50:28.457118][__main__.TRPOAgent.log][learning]: Episode #13

[2020-01-28 19:50:28.457538][__main__.TRPOAgent.log][learning]: Performing rollouts: rollout length: 1500

[2020-01-28 19:50:29.016900][__main__.TRPOAgent.log][learning]: Rollouts performed

[2020-01-28 19:50:29.018759][__main__.TRPOAgent.log][batch_info]: Rollout statistics size: 500, Batch size: 500, Number of batches: 1

[2020-01-28 19:50:29.019261][__main__.TRPOAgent.log][learning]: 

***************
BEGINNING TRAINING
***************



[2020-01-28 19:50:29.019620][__main__.TRPOAgent.log][batch_info]: Batch #0, batch length: 500

[2020-01-28 19:50:29.873642][__main__.TRPOAgent.log][learning]: Episode #14

[2020-01-28 19:50:29.874249][__main__.TRPOAgent.log][learning]: Performing rollouts: rollout length: 1500

[2020-01-28 19:50:30.443294][__main__.TRPOAgent.log][learning]: Rollouts performed

[2020-01-28 19:50:30.445169][__main__.TRPOAgent.log][batch_info]: Rollout statistics size: 500, Batch size: 500, Number of batches: 1

[2020-01-28 19:50:30.445581][__main__.TRPOAgent.log][learning]: 

***************
BEGINNING TRAINING
***************



[2020-01-28 19:50:30.446013][__main__.TRPOAgent.log][batch_info]: Batch #0, batch length: 500

[2020-01-28 19:50:31.320728][__main__.TRPOAgent.log][learning]: Episode #15

[2020-01-28 19:50:31.321127][__main__.TRPOAgent.log][learning]: Performing rollouts: rollout length: 1500

[2020-01-28 19:50:31.913347][__main__.TRPOAgent.log][learning]: Rollouts performed

[2020-01-28 19:50:31.915310][__main__.TRPOAgent.log][batch_info]: Rollout statistics size: 500, Batch size: 500, Number of batches: 1

[2020-01-28 19:50:31.915722][__main__.TRPOAgent.log][learning]: 

***************
BEGINNING TRAINING
***************



[2020-01-28 19:50:31.916134][__main__.TRPOAgent.log][batch_info]: Batch #0, batch length: 500

[2020-01-28 19:50:32.790344][__main__.TRPOAgent.log][learning]: Episode #16

[2020-01-28 19:50:32.790878][__main__.TRPOAgent.log][learning]: Performing rollouts: rollout length: 1500

[2020-01-28 19:50:33.379026][__main__.TRPOAgent.log][learning]: Rollouts performed

[2020-01-28 19:50:33.380934][__main__.TRPOAgent.log][batch_info]: Rollout statistics size: 500, Batch size: 500, Number of batches: 1

[2020-01-28 19:50:33.381318][__main__.TRPOAgent.log][learning]: 

***************
BEGINNING TRAINING
***************



[2020-01-28 19:50:33.381797][__main__.TRPOAgent.log][batch_info]: Batch #0, batch length: 500

[2020-01-28 19:50:34.271405][__main__.TRPOAgent.log][learning]: Episode #17

[2020-01-28 19:50:34.271917][__main__.TRPOAgent.log][learning]: Performing rollouts: rollout length: 1500

[2020-01-28 19:50:34.863843][__main__.TRPOAgent.log][learning]: Rollouts performed

[2020-01-28 19:50:34.865731][__main__.TRPOAgent.log][batch_info]: Rollout statistics size: 500, Batch size: 500, Number of batches: 1

[2020-01-28 19:50:34.866096][__main__.TRPOAgent.log][learning]: 

***************
BEGINNING TRAINING
***************



[2020-01-28 19:50:34.866449][__main__.TRPOAgent.log][batch_info]: Batch #0, batch length: 500

[2020-01-28 19:50:35.636331][__main__.TRPOAgent.log][learning]: Episode #18

[2020-01-28 19:50:35.636706][__main__.TRPOAgent.log][learning]: Performing rollouts: rollout length: 1500

[2020-01-28 19:50:36.207815][__main__.TRPOAgent.log][learning]: Rollouts performed

[2020-01-28 19:50:36.209956][__main__.TRPOAgent.log][batch_info]: Rollout statistics size: 500, Batch size: 500, Number of batches: 1

[2020-01-28 19:50:36.210472][__main__.TRPOAgent.log][learning]: 

***************
BEGINNING TRAINING
***************



[2020-01-28 19:50:36.211058][__main__.TRPOAgent.log][batch_info]: Batch #0, batch length: 500

[2020-01-28 19:50:36.942944][__main__.TRPOAgent.log][learning]: Episode #19

[2020-01-28 19:50:36.943825][__main__.TRPOAgent.log][learning]: Performing rollouts: rollout length: 1500

[2020-01-28 19:50:37.543944][__main__.TRPOAgent.log][learning]: Rollouts performed

[2020-01-28 19:50:37.545871][__main__.TRPOAgent.log][batch_info]: Rollout statistics size: 500, Batch size: 500, Number of batches: 1

[2020-01-28 19:50:37.546267][__main__.TRPOAgent.log][learning]: 

***************
BEGINNING TRAINING
***************



[2020-01-28 19:50:37.546683][__main__.TRPOAgent.log][batch_info]: Batch #0, batch length: 500

[2020-01-28 19:50:38.447002][__main__.TRPOAgent.log][learning]: Episode #20

[2020-01-28 19:50:38.447597][__main__.TRPOAgent.log][learning]: Performing rollouts: rollout length: 1500

[2020-01-28 19:50:39.042286][__main__.TRPOAgent.log][learning]: Rollouts performed

[2020-01-28 19:50:39.044217][__main__.TRPOAgent.log][batch_info]: Rollout statistics size: 500, Batch size: 500, Number of batches: 1

[2020-01-28 19:50:39.044575][__main__.TRPOAgent.log][learning]: 

***************
BEGINNING TRAINING
***************



[2020-01-28 19:50:39.045092][__main__.TRPOAgent.log][batch_info]: Batch #0, batch length: 500

[2020-01-28 19:50:39.914791][__main__.TRPOAgent.log][learning]: Episode #21

[2020-01-28 19:50:39.915513][__main__.TRPOAgent.log][learning]: Performing rollouts: rollout length: 1500

[2020-01-28 19:50:40.485356][__main__.TRPOAgent.log][learning]: Rollouts performed

[2020-01-28 19:50:40.487301][__main__.TRPOAgent.log][batch_info]: Rollout statistics size: 500, Batch size: 500, Number of batches: 1

[2020-01-28 19:50:40.487656][__main__.TRPOAgent.log][learning]: 

***************
BEGINNING TRAINING
***************



[2020-01-28 19:50:40.488050][__main__.TRPOAgent.log][batch_info]: Batch #0, batch length: 500

[2020-01-28 19:50:41.305561][__main__.TRPOAgent.log][learning]: Episode #22

[2020-01-28 19:50:41.305984][__main__.TRPOAgent.log][learning]: Performing rollouts: rollout length: 1500

[2020-01-28 19:50:41.870832][__main__.TRPOAgent.log][learning]: Rollouts performed

[2020-01-28 19:50:41.872736][__main__.TRPOAgent.log][batch_info]: Rollout statistics size: 500, Batch size: 500, Number of batches: 1

[2020-01-28 19:50:41.873211][__main__.TRPOAgent.log][learning]: 

***************
BEGINNING TRAINING
***************



[2020-01-28 19:50:41.873783][__main__.TRPOAgent.log][batch_info]: Batch #0, batch length: 500

[2020-01-28 19:50:42.709313][__main__.TRPOAgent.log][learning]: Episode #23

[2020-01-28 19:50:42.709763][__main__.TRPOAgent.log][learning]: Performing rollouts: rollout length: 1500

[2020-01-28 19:50:43.310075][__main__.TRPOAgent.log][learning]: Rollouts performed

[2020-01-28 19:50:43.312515][__main__.TRPOAgent.log][batch_info]: Rollout statistics size: 500, Batch size: 500, Number of batches: 1

[2020-01-28 19:50:43.313127][__main__.TRPOAgent.log][learning]: 

***************
BEGINNING TRAINING
***************



[2020-01-28 19:50:43.313946][__main__.TRPOAgent.log][batch_info]: Batch #0, batch length: 500

[2020-01-28 19:50:44.122224][__main__.TRPOAgent.log][learning]: Episode #24

[2020-01-28 19:50:44.122613][__main__.TRPOAgent.log][learning]: Performing rollouts: rollout length: 1500

[2020-01-28 19:50:44.694452][__main__.TRPOAgent.log][learning]: Rollouts performed

[2020-01-28 19:50:44.696517][__main__.TRPOAgent.log][batch_info]: Rollout statistics size: 500, Batch size: 500, Number of batches: 1

[2020-01-28 19:50:44.696934][__main__.TRPOAgent.log][learning]: 

***************
BEGINNING TRAINING
***************



[2020-01-28 19:50:44.697440][__main__.TRPOAgent.log][batch_info]: Batch #0, batch length: 500

[2020-01-28 19:50:45.460789][__main__.TRPOAgent.log][learning]: Episode #25

[2020-01-28 19:50:45.461162][__main__.TRPOAgent.log][learning]: Performing rollouts: rollout length: 1500

[2020-01-28 19:50:46.033453][__main__.TRPOAgent.log][learning]: Rollouts performed

[2020-01-28 19:50:46.035697][__main__.TRPOAgent.log][batch_info]: Rollout statistics size: 500, Batch size: 500, Number of batches: 1

[2020-01-28 19:50:46.036118][__main__.TRPOAgent.log][learning]: 

***************
BEGINNING TRAINING
***************



[2020-01-28 19:50:46.036607][__main__.TRPOAgent.log][batch_info]: Batch #0, batch length: 500

[2020-01-28 19:50:46.813185][__main__.TRPOAgent.log][learning]: Episode #26

[2020-01-28 19:50:46.814027][__main__.TRPOAgent.log][learning]: Performing rollouts: rollout length: 1500

[2020-01-28 19:50:47.396307][__main__.TRPOAgent.log][learning]: Rollouts performed

[2020-01-28 19:50:47.398603][__main__.TRPOAgent.log][batch_info]: Rollout statistics size: 500, Batch size: 500, Number of batches: 1

[2020-01-28 19:50:47.399118][__main__.TRPOAgent.log][learning]: 

***************
BEGINNING TRAINING
***************



[2020-01-28 19:50:47.399692][__main__.TRPOAgent.log][batch_info]: Batch #0, batch length: 500

[2020-01-28 19:50:48.430236][__main__.TRPOAgent.log][learning]: Episode #27

[2020-01-28 19:50:48.430706][__main__.TRPOAgent.log][learning]: Performing rollouts: rollout length: 1500

