LOGGER started at 2020-01-28 16:43:13.331810.
Currently active debug channels:
	rollouts
	act
	training
	batch_info
	linesearch
	learning
	thread_rollouts
[2020-01-28 16:43:13.753631][__main__.TRPOAgent.log][learning]: Episode #0

[2020-01-28 16:43:13.955005][__main__.TRPOAgent.log][learning]: Performing rollouts: rollout length: 50

[2020-01-28 16:43:13.967285][EnvironmentNew.Environment.log][rollouts]: Rollout thread #1

[2020-01-28 16:43:13.968744][EnvironmentNew.Environment.log][rollouts]: Rollout thread #2

[2020-01-28 16:43:13.968615][EnvironmentNew.Environment.log][thread_rollouts]: Thread number: 0

[2020-01-28 16:43:13.970507][EnvironmentNew.Environment.log][thread_rollouts]: Thread number: 1

[2020-01-28 16:43:14.364327][EnvironmentNew.Environment.log][thread_rollouts]: Thread number: 0, Steps performed: 9

[2020-01-28 16:43:14.369423][EnvironmentNew.Environment.log][thread_rollouts]: Thread number: 1, Steps performed: 9

[2020-01-28 16:43:14.369826][EnvironmentNew.Environment.log][rollouts]: Rollout thread #3

[2020-01-28 16:43:14.370483][EnvironmentNew.Environment.log][thread_rollouts]: Thread number: 2

[2020-01-28 16:43:14.370537][EnvironmentNew.Environment.log][rollouts]: Rollout thread #4

[2020-01-28 16:43:14.373956][EnvironmentNew.Environment.log][thread_rollouts]: Thread number: 3

[2020-01-28 16:43:14.716807][EnvironmentNew.Environment.log][thread_rollouts]: Thread number: 2, Steps performed: 9

[2020-01-28 16:43:14.756911][EnvironmentNew.Environment.log][thread_rollouts]: Thread number: 3, Steps performed: 10

[2020-01-28 16:43:14.757399][EnvironmentNew.Environment.log][rollouts]: Rollout thread #5

[2020-01-28 16:43:14.758469][EnvironmentNew.Environment.log][thread_rollouts]: Thread number: 4

[2020-01-28 16:43:14.758553][EnvironmentNew.Environment.log][rollouts]: Rollout thread #6

[2020-01-28 16:43:14.761253][EnvironmentNew.Environment.log][thread_rollouts]: Thread number: 5

[2020-01-28 16:43:15.133679][EnvironmentNew.Environment.log][thread_rollouts]: Thread number: 5, Steps performed: 9

[2020-01-28 16:43:15.237508][EnvironmentNew.Environment.log][thread_rollouts]: Thread number: 4, Steps performed: 14

[2020-01-28 16:43:15.237939][EnvironmentNew.Environment.log][rollouts]: Rollout thread #7

[2020-01-28 16:43:15.238697][EnvironmentNew.Environment.log][rollouts]: Rollout thread #8

[2020-01-28 16:43:15.238630][EnvironmentNew.Environment.log][thread_rollouts]: Thread number: 6

[2020-01-28 16:43:15.239938][EnvironmentNew.Environment.log][thread_rollouts]: Thread number: 7

[2020-01-28 16:43:15.646828][EnvironmentNew.Environment.log][thread_rollouts]: Thread number: 6, Steps performed: 10

[2020-01-28 16:43:15.730039][EnvironmentNew.Environment.log][thread_rollouts]: Thread number: 7, Steps performed: 14

[2020-01-28 16:43:15.730490][EnvironmentNew.Environment.log][rollouts]: Rollout thread #9

[2020-01-28 16:43:15.731264][EnvironmentNew.Environment.log][thread_rollouts]: Thread number: 8

[2020-01-28 16:43:15.731351][EnvironmentNew.Environment.log][rollouts]: Rollout thread #10

[2020-01-28 16:43:15.735946][EnvironmentNew.Environment.log][thread_rollouts]: Thread number: 9

[2020-01-28 16:43:16.193421][EnvironmentNew.Environment.log][thread_rollouts]: Thread number: 8, Steps performed: 10

[2020-01-28 16:43:16.220860][EnvironmentNew.Environment.log][thread_rollouts]: Thread number: 9, Steps performed: 11

[2020-01-28 16:43:16.221389][__main__.TRPOAgent.log][learning]: Rollouts performed

[2020-01-28 16:43:16.222750][__main__.TRPOAgent.log][batch_info]: Rollout statistics size: 105, Batch size: 1000, Number of batches: 10

[2020-01-28 16:43:16.223221][__main__.TRPOAgent.log][learning]: 

***************
BEGINNING TRAINING
***************



[2020-01-28 16:43:16.223692][__main__.TRPOAgent.log][batch_info]: Batch #0, batch length: 9

