LOGGER started at 2020-01-28 16:45:12.772110.
Currently active debug channels:
	rollouts
	act
	training
	batch_info
	linesearch
	learning
	thread_rollouts
[2020-01-28 16:45:13.237415][__main__.TRPOAgent.log][learning]: Episode #0

[2020-01-28 16:45:13.489488][__main__.TRPOAgent.log][learning]: Performing rollouts: rollout length: 50

[2020-01-28 16:45:13.511699][EnvironmentNew.Environment.log][rollouts]: Rollout thread #1

[2020-01-28 16:45:13.513007][EnvironmentNew.Environment.log][thread_rollouts]: Thread number: 0

[2020-01-28 16:45:13.513079][EnvironmentNew.Environment.log][rollouts]: Rollout thread #2

[2020-01-28 16:45:13.518910][EnvironmentNew.Environment.log][thread_rollouts]: Thread number: 1

[2020-01-28 16:45:13.655230][EnvironmentNew.Environment.log][thread_rollouts]: Thread number: 0, Steps performed: 50

[2020-01-28 16:45:13.668914][EnvironmentNew.Environment.log][thread_rollouts]: Thread number: 1, Steps performed: 50

[2020-01-28 16:45:13.669582][EnvironmentNew.Environment.log][rollouts]: Rollout thread #3

[2020-01-28 16:45:13.670115][EnvironmentNew.Environment.log][thread_rollouts]: Thread number: 2

[2020-01-28 16:45:13.670170][EnvironmentNew.Environment.log][rollouts]: Rollout thread #4

[2020-01-28 16:45:13.671919][EnvironmentNew.Environment.log][thread_rollouts]: Thread number: 3

[2020-01-28 16:45:13.797847][EnvironmentNew.Environment.log][thread_rollouts]: Thread number: 2, Steps performed: 50

[2020-01-28 16:45:13.802097][EnvironmentNew.Environment.log][thread_rollouts]: Thread number: 3, Steps performed: 50

[2020-01-28 16:45:13.802598][EnvironmentNew.Environment.log][rollouts]: Rollout thread #5

[2020-01-28 16:45:13.803275][EnvironmentNew.Environment.log][thread_rollouts]: Thread number: 4

[2020-01-28 16:45:13.803339][EnvironmentNew.Environment.log][rollouts]: Rollout thread #6

[2020-01-28 16:45:13.807024][EnvironmentNew.Environment.log][thread_rollouts]: Thread number: 5

[2020-01-28 16:45:13.941619][EnvironmentNew.Environment.log][thread_rollouts]: Thread number: 4, Steps performed: 50

[2020-01-28 16:45:13.944979][EnvironmentNew.Environment.log][thread_rollouts]: Thread number: 5, Steps performed: 50

[2020-01-28 16:45:13.950052][EnvironmentNew.Environment.log][rollouts]: Rollout thread #7

[2020-01-28 16:45:13.950638][EnvironmentNew.Environment.log][thread_rollouts]: Thread number: 6

[2020-01-28 16:45:13.950689][EnvironmentNew.Environment.log][rollouts]: Rollout thread #8

[2020-01-28 16:45:13.952219][EnvironmentNew.Environment.log][thread_rollouts]: Thread number: 7

[2020-01-28 16:45:14.078829][EnvironmentNew.Environment.log][thread_rollouts]: Thread number: 6, Steps performed: 50

[2020-01-28 16:45:14.097622][EnvironmentNew.Environment.log][thread_rollouts]: Thread number: 7, Steps performed: 50

[2020-01-28 16:45:14.098165][EnvironmentNew.Environment.log][rollouts]: Rollout thread #9

[2020-01-28 16:45:14.098756][EnvironmentNew.Environment.log][thread_rollouts]: Thread number: 8

[2020-01-28 16:45:14.098820][EnvironmentNew.Environment.log][rollouts]: Rollout thread #10

[2020-01-28 16:45:14.101729][EnvironmentNew.Environment.log][thread_rollouts]: Thread number: 9

[2020-01-28 16:45:14.224714][EnvironmentNew.Environment.log][thread_rollouts]: Thread number: 9, Steps performed: 50

[2020-01-28 16:45:14.230501][EnvironmentNew.Environment.log][thread_rollouts]: Thread number: 8, Steps performed: 50

[2020-01-28 16:45:14.231178][__main__.TRPOAgent.log][learning]: Rollouts performed

[2020-01-28 16:45:14.232434][__main__.TRPOAgent.log][batch_info]: Rollout statistics size: 500, Batch size: 1000, Number of batches: 10

[2020-01-28 16:45:14.232794][__main__.TRPOAgent.log][learning]: 

***************
BEGINNING TRAINING
***************



[2020-01-28 16:45:14.233083][__main__.TRPOAgent.log][batch_info]: Batch #0, batch length: 50

