LOGGER started at 2020-01-29 22:10:40.058902.
Currently active debug channels:
	act
	batch_info
	linesearch
	learning
[2020-01-29 22:10:40.477473][__main__.TRPOAgent.log][learning]: Episode #0

[2020-01-29 22:10:40.660043][__main__.TRPOAgent.log][learning]: Performing rollouts: rollout length: 5000

[2020-01-29 22:10:41.597850][__main__.TRPOAgent.log][learning]: Rollouts performed

[2020-01-29 22:10:41.598218][__main__.TRPOAgent.log][batch_info]: Rollout statistics size: None, Batch size: 100

[2020-01-29 22:10:41.605113][__main__.TRPOAgent.log][learning]: 

***************
BEGINNING TRAINING
***************



[2020-01-29 22:10:52.181772][__main__.TRPOAgent.log][linesearch]: Linesearch worked at 3, New mean kl div: 0.004017826365982012, New policy loss value: 0.30326232802536934

[2020-01-29 22:10:52.182219][__main__.TRPOAgent.log][batch_info]: Current batch value loss: 0.0038973743373844627

[2020-01-29 22:10:53.696921][__main__.TRPOAgent.log][learning]: Episode #1

[2020-01-29 22:10:53.698357][__main__.TRPOAgent.log][learning]: Performing rollouts: rollout length: 5000

[2020-01-29 22:10:54.082656][__main__.TRPOAgent.log][learning]: Rollouts performed

[2020-01-29 22:10:54.082985][__main__.TRPOAgent.log][batch_info]: Rollout statistics size: None, Batch size: 100

[2020-01-29 22:10:54.083301][__main__.TRPOAgent.log][learning]: 

***************
BEGINNING TRAINING
***************



[2020-01-29 22:11:03.242900][__main__.TRPOAgent.log][linesearch]: Linesearch worked at 0, New mean kl div: 0.01944278977083602, New policy loss value: 1.3985321954212937

[2020-01-29 22:11:03.243304][__main__.TRPOAgent.log][batch_info]: Current batch value loss: 0.00012647184087857078

[2020-01-29 22:11:03.875746][__main__.TRPOAgent.log][learning]: Episode #2

[2020-01-29 22:11:03.876125][__main__.TRPOAgent.log][learning]: Performing rollouts: rollout length: 5000

[2020-01-29 22:11:04.192434][__main__.TRPOAgent.log][learning]: Rollouts performed

[2020-01-29 22:11:04.192771][__main__.TRPOAgent.log][batch_info]: Rollout statistics size: None, Batch size: 100

[2020-01-29 22:11:04.193311][__main__.TRPOAgent.log][learning]: 

***************
BEGINNING TRAINING
***************



[2020-01-29 22:11:13.069475][__main__.TRPOAgent.log][linesearch]: Linesearch worked at 0, New mean kl div: 0.013419699344999148, New policy loss value: 1.5142801538466908

[2020-01-29 22:11:13.069889][__main__.TRPOAgent.log][batch_info]: Current batch value loss: 0.0018388903150076254

[2020-01-29 22:11:13.769926][__main__.TRPOAgent.log][learning]: Episode #3

[2020-01-29 22:11:13.770384][__main__.TRPOAgent.log][learning]: Performing rollouts: rollout length: 5000

[2020-01-29 22:11:14.117131][__main__.TRPOAgent.log][learning]: Rollouts performed

[2020-01-29 22:11:14.117494][__main__.TRPOAgent.log][batch_info]: Rollout statistics size: None, Batch size: 100

[2020-01-29 22:11:14.118054][__main__.TRPOAgent.log][learning]: 

***************
BEGINNING TRAINING
***************



[2020-01-29 22:11:23.237348][__main__.TRPOAgent.log][linesearch]: Linesearch failed. Mean kl divergence: 6.797354011459623e-11, Discarded policy loss value: 5.176335208496688e-05

[2020-01-29 22:11:23.237741][__main__.TRPOAgent.log][batch_info]: Current batch value loss: 0.00024403555555068123

[2020-01-29 22:11:23.858189][__main__.TRPOAgent.log][learning]: Episode #4

[2020-01-29 22:11:23.858569][__main__.TRPOAgent.log][learning]: Performing rollouts: rollout length: 5000

[2020-01-29 22:11:24.200163][__main__.TRPOAgent.log][learning]: Rollouts performed

[2020-01-29 22:11:24.200505][__main__.TRPOAgent.log][batch_info]: Rollout statistics size: None, Batch size: 100

[2020-01-29 22:11:24.201076][__main__.TRPOAgent.log][learning]: 

***************
BEGINNING TRAINING
***************



[2020-01-29 22:11:33.398459][__main__.TRPOAgent.log][linesearch]: Linesearch failed. Mean kl divergence: 6.943938655674476e-11, Discarded policy loss value: 5.2008643106370573e-05

[2020-01-29 22:11:33.398907][__main__.TRPOAgent.log][batch_info]: Current batch value loss: 0.003732428528451237

[2020-01-29 22:11:34.033015][__main__.TRPOAgent.log][learning]: Episode #5

[2020-01-29 22:11:34.033449][__main__.TRPOAgent.log][learning]: Performing rollouts: rollout length: 5000

[2020-01-29 22:11:34.370985][__main__.TRPOAgent.log][learning]: Rollouts performed

[2020-01-29 22:11:34.371328][__main__.TRPOAgent.log][batch_info]: Rollout statistics size: None, Batch size: 100

[2020-01-29 22:11:34.371918][__main__.TRPOAgent.log][learning]: 

***************
BEGINNING TRAINING
***************



[2020-01-29 22:11:43.429315][__main__.TRPOAgent.log][linesearch]: Linesearch failed. Mean kl divergence: 6.851821040088716e-11, Discarded policy loss value: 5.283521071219147e-05

[2020-01-29 22:11:43.429724][__main__.TRPOAgent.log][batch_info]: Current batch value loss: 0.0034250289848728245

[2020-01-29 22:11:44.051401][__main__.TRPOAgent.log][learning]: Episode #6

[2020-01-29 22:11:44.051751][__main__.TRPOAgent.log][learning]: Performing rollouts: rollout length: 5000

[2020-01-29 22:11:44.385851][__main__.TRPOAgent.log][learning]: Rollouts performed

[2020-01-29 22:11:44.386210][__main__.TRPOAgent.log][batch_info]: Rollout statistics size: None, Batch size: 100

[2020-01-29 22:11:44.386853][__main__.TRPOAgent.log][learning]: 

***************
BEGINNING TRAINING
***************



[2020-01-29 22:11:53.506039][__main__.TRPOAgent.log][linesearch]: Linesearch failed. Mean kl divergence: 6.829971267522212e-11, Discarded policy loss value: 4.6157903356927265e-05

[2020-01-29 22:11:53.506446][__main__.TRPOAgent.log][batch_info]: Current batch value loss: 0.0017487300958691776

[2020-01-29 22:11:54.124185][__main__.TRPOAgent.log][learning]: Episode #7

[2020-01-29 22:11:54.124615][__main__.TRPOAgent.log][learning]: Performing rollouts: rollout length: 5000

[2020-01-29 22:11:54.470141][__main__.TRPOAgent.log][learning]: Rollouts performed

[2020-01-29 22:11:54.470505][__main__.TRPOAgent.log][batch_info]: Rollout statistics size: None, Batch size: 100

[2020-01-29 22:11:54.471115][__main__.TRPOAgent.log][learning]: 

***************
BEGINNING TRAINING
***************



[2020-01-29 22:12:03.715731][__main__.TRPOAgent.log][linesearch]: Linesearch failed. Mean kl divergence: 6.653956709700065e-11, Discarded policy loss value: 5.708186045010578e-05

[2020-01-29 22:12:03.716165][__main__.TRPOAgent.log][batch_info]: Current batch value loss: 0.006281854389817454

[2020-01-29 22:12:04.309378][__main__.TRPOAgent.log][learning]: Episode #8

[2020-01-29 22:12:04.309738][__main__.TRPOAgent.log][learning]: Performing rollouts: rollout length: 5000

[2020-01-29 22:12:04.659725][__main__.TRPOAgent.log][learning]: Rollouts performed

[2020-01-29 22:12:04.660080][__main__.TRPOAgent.log][batch_info]: Rollout statistics size: None, Batch size: 100

[2020-01-29 22:12:04.660603][__main__.TRPOAgent.log][learning]: 

***************
BEGINNING TRAINING
***************



[2020-01-29 22:12:13.710921][__main__.TRPOAgent.log][linesearch]: Linesearch failed. Mean kl divergence: 6.623418831275046e-11, Discarded policy loss value: 5.145277913972522e-05

[2020-01-29 22:12:13.711341][__main__.TRPOAgent.log][batch_info]: Current batch value loss: 0.0024368201173577595

[2020-01-29 22:12:14.298479][__main__.TRPOAgent.log][learning]: Episode #9

[2020-01-29 22:12:14.298877][__main__.TRPOAgent.log][learning]: Performing rollouts: rollout length: 5000

[2020-01-29 22:12:14.647857][__main__.TRPOAgent.log][learning]: Rollouts performed

[2020-01-29 22:12:14.648199][__main__.TRPOAgent.log][batch_info]: Rollout statistics size: None, Batch size: 100

[2020-01-29 22:12:14.648756][__main__.TRPOAgent.log][learning]: 

***************
BEGINNING TRAINING
***************



[2020-01-29 22:12:23.756862][__main__.TRPOAgent.log][linesearch]: Linesearch failed. Mean kl divergence: 6.797535541374211e-11, Discarded policy loss value: 5.307155441598956e-05

[2020-01-29 22:12:23.757280][__main__.TRPOAgent.log][batch_info]: Current batch value loss: 0.000843784939206671

[2020-01-29 22:12:24.248681][__main__.TRPOAgent.log][learning]: Episode #10

[2020-01-29 22:12:24.249035][__main__.TRPOAgent.log][learning]: Performing rollouts: rollout length: 5000

[2020-01-29 22:12:24.595897][__main__.TRPOAgent.log][learning]: Rollouts performed

[2020-01-29 22:12:24.596252][__main__.TRPOAgent.log][batch_info]: Rollout statistics size: None, Batch size: 100

[2020-01-29 22:12:24.596753][__main__.TRPOAgent.log][learning]: 

***************
BEGINNING TRAINING
***************



