LOGGER started at 2020-01-28 19:38:26.690806.
Currently active debug channels:
	act
	batch_info
	linesearch
	learning
[2020-01-28 19:38:27.106909][__main__.TRPOAgent.log][learning]: Episode #0

[2020-01-28 19:38:27.310388][__main__.TRPOAgent.log][learning]: Performing rollouts: rollout length: 1500

[2020-01-28 19:38:27.950125][__main__.TRPOAgent.log][learning]: Rollouts performed

[2020-01-28 19:38:27.952268][__main__.TRPOAgent.log][batch_info]: Rollout statistics size: 477, Batch size: 500, Number of batches: 1

[2020-01-28 19:38:27.952717][__main__.TRPOAgent.log][learning]: 

***************
BEGINNING TRAINING
***************



[2020-01-28 19:38:27.953258][__main__.TRPOAgent.log][batch_info]: Batch #0, batch length: 477

[2020-01-28 19:38:28.085192][__main__.TRPOAgent.log][linesearch]: Linesearch worked at 0, New mean kl div: 0.0077847736031005175, New policy loss value: 0.006074088908311919

[2020-01-28 19:38:28.331976][__main__.TRPOAgent.log][batch_info]: Current batch value loss: 32.01389115423666

[2020-01-28 19:38:28.332360][__main__.TRPOAgent.log][linesearch]: Linesearch successful, updating policy parameters

[2020-01-28 19:38:29.746066][__main__.TRPOAgent.log][learning]: Episode #1

[2020-01-28 19:38:29.746631][__main__.TRPOAgent.log][learning]: Performing rollouts: rollout length: 1500

[2020-01-28 19:38:30.492834][__main__.TRPOAgent.log][learning]: Rollouts performed

[2020-01-28 19:38:30.495627][__main__.TRPOAgent.log][batch_info]: Rollout statistics size: 519, Batch size: 500, Number of batches: 1

[2020-01-28 19:38:30.496127][__main__.TRPOAgent.log][learning]: 

***************
BEGINNING TRAINING
***************



[2020-01-28 19:38:30.496692][__main__.TRPOAgent.log][batch_info]: Batch #0, batch length: 519

[2020-01-28 19:38:30.622435][__main__.TRPOAgent.log][linesearch]: Linesearch worked at 1, New mean kl div: 9.94494762584901e-09, New policy loss value: -9.741582772299651e-05

[2020-01-28 19:38:30.669710][__main__.TRPOAgent.log][batch_info]: Current batch value loss: 32.49522971124289

[2020-01-28 19:38:30.670121][__main__.TRPOAgent.log][linesearch]: Linesearch successful, updating policy parameters

[2020-01-28 19:38:31.343853][__main__.TRPOAgent.log][learning]: Episode #2

[2020-01-28 19:38:31.344935][__main__.TRPOAgent.log][learning]: Performing rollouts: rollout length: 1500

[2020-01-28 19:38:31.981742][__main__.TRPOAgent.log][learning]: Rollouts performed

[2020-01-28 19:38:31.984030][__main__.TRPOAgent.log][batch_info]: Rollout statistics size: 529, Batch size: 500, Number of batches: 1

[2020-01-28 19:38:31.984450][__main__.TRPOAgent.log][learning]: 

***************
BEGINNING TRAINING
***************



[2020-01-28 19:38:31.984864][__main__.TRPOAgent.log][batch_info]: Batch #0, batch length: 529

[2020-01-28 19:38:32.098374][__main__.TRPOAgent.log][linesearch]: Linesearch worked at 1, New mean kl div: 9.964370485845224e-09, New policy loss value: -9.507279561920355e-05

[2020-01-28 19:38:32.145094][__main__.TRPOAgent.log][batch_info]: Current batch value loss: 26.34474073875392

[2020-01-28 19:38:32.145522][__main__.TRPOAgent.log][linesearch]: Linesearch successful, updating policy parameters

[2020-01-28 19:38:32.729787][__main__.TRPOAgent.log][learning]: Episode #3

[2020-01-28 19:38:32.730330][__main__.TRPOAgent.log][learning]: Performing rollouts: rollout length: 1500

[2020-01-28 19:38:33.407947][__main__.TRPOAgent.log][learning]: Rollouts performed

[2020-01-28 19:38:33.410099][__main__.TRPOAgent.log][batch_info]: Rollout statistics size: 526, Batch size: 500, Number of batches: 1

[2020-01-28 19:38:33.410593][__main__.TRPOAgent.log][learning]: 

***************
BEGINNING TRAINING
***************



[2020-01-28 19:38:33.411018][__main__.TRPOAgent.log][batch_info]: Batch #0, batch length: 526

[2020-01-28 19:38:33.525164][__main__.TRPOAgent.log][linesearch]: Linesearch worked at 1, New mean kl div: 9.95127210765979e-09, New policy loss value: -0.00010047600613350579

[2020-01-28 19:38:33.569649][__main__.TRPOAgent.log][batch_info]: Current batch value loss: 16.92201932132394

[2020-01-28 19:38:33.570066][__main__.TRPOAgent.log][linesearch]: Linesearch successful, updating policy parameters

[2020-01-28 19:38:34.164655][__main__.TRPOAgent.log][learning]: Episode #4

[2020-01-28 19:38:34.165081][__main__.TRPOAgent.log][learning]: Performing rollouts: rollout length: 1500

[2020-01-28 19:38:34.783435][__main__.TRPOAgent.log][learning]: Rollouts performed

[2020-01-28 19:38:34.785756][__main__.TRPOAgent.log][batch_info]: Rollout statistics size: 516, Batch size: 500, Number of batches: 1

[2020-01-28 19:38:34.786278][__main__.TRPOAgent.log][learning]: 

***************
BEGINNING TRAINING
***************



[2020-01-28 19:38:34.786876][__main__.TRPOAgent.log][batch_info]: Batch #0, batch length: 516

[2020-01-28 19:38:34.915647][__main__.TRPOAgent.log][linesearch]: Linesearch worked at 0, New mean kl div: 0.0088665938862878, New policy loss value: -0.0992511495406876

[2020-01-28 19:38:34.958884][__main__.TRPOAgent.log][batch_info]: Current batch value loss: 8.9200118661027

[2020-01-28 19:38:34.959289][__main__.TRPOAgent.log][linesearch]: Linesearch successful, updating policy parameters

[2020-01-28 19:38:35.512733][__main__.TRPOAgent.log][learning]: Episode #5

[2020-01-28 19:38:35.513117][__main__.TRPOAgent.log][learning]: Performing rollouts: rollout length: 1500

[2020-01-28 19:38:36.109411][__main__.TRPOAgent.log][learning]: Rollouts performed

[2020-01-28 19:38:36.111198][__main__.TRPOAgent.log][batch_info]: Rollout statistics size: 478, Batch size: 500, Number of batches: 1

[2020-01-28 19:38:36.111557][__main__.TRPOAgent.log][learning]: 

***************
BEGINNING TRAINING
***************



[2020-01-28 19:38:36.111959][__main__.TRPOAgent.log][batch_info]: Batch #0, batch length: 478

[2020-01-28 19:38:36.207819][__main__.TRPOAgent.log][linesearch]: Linesearch worked at 1, New mean kl div: 3.94155267465093e-09, New policy loss value: -1.138961233293536e-05

[2020-01-28 19:38:36.250929][__main__.TRPOAgent.log][batch_info]: Current batch value loss: 20.272230236200016

[2020-01-28 19:38:36.251538][__main__.TRPOAgent.log][linesearch]: Linesearch successful, updating policy parameters

[2020-01-28 19:38:36.882368][__main__.TRPOAgent.log][learning]: Episode #6

[2020-01-28 19:38:36.883194][__main__.TRPOAgent.log][learning]: Performing rollouts: rollout length: 1500

[2020-01-28 19:38:37.479361][__main__.TRPOAgent.log][learning]: Rollouts performed

[2020-01-28 19:38:37.481391][__main__.TRPOAgent.log][batch_info]: Rollout statistics size: 481, Batch size: 500, Number of batches: 1

[2020-01-28 19:38:37.481821][__main__.TRPOAgent.log][learning]: 

***************
BEGINNING TRAINING
***************



[2020-01-28 19:38:37.482323][__main__.TRPOAgent.log][batch_info]: Batch #0, batch length: 481

[2020-01-28 19:38:37.561232][__main__.TRPOAgent.log][linesearch]: Linesearch worked at 0, New mean kl div: 0.009640788309093843, New policy loss value: -0.0022456425285521994

[2020-01-28 19:38:37.604412][__main__.TRPOAgent.log][batch_info]: Current batch value loss: 8.999134601186162

[2020-01-28 19:38:37.605008][__main__.TRPOAgent.log][linesearch]: Linesearch successful, updating policy parameters

[2020-01-28 19:38:38.167610][__main__.TRPOAgent.log][learning]: Episode #7

[2020-01-28 19:38:38.168193][__main__.TRPOAgent.log][learning]: Performing rollouts: rollout length: 1500

[2020-01-28 19:38:38.788891][__main__.TRPOAgent.log][learning]: Rollouts performed

[2020-01-28 19:38:38.791094][__main__.TRPOAgent.log][batch_info]: Rollout statistics size: 484, Batch size: 500, Number of batches: 1

[2020-01-28 19:38:38.791606][__main__.TRPOAgent.log][learning]: 

***************
BEGINNING TRAINING
***************



[2020-01-28 19:38:38.792185][__main__.TRPOAgent.log][batch_info]: Batch #0, batch length: 484

[2020-01-28 19:38:38.880952][__main__.TRPOAgent.log][linesearch]: Linesearch worked at 0, New mean kl div: 0.00931104332432968, New policy loss value: -0.007199087569923407

[2020-01-28 19:38:38.926226][__main__.TRPOAgent.log][batch_info]: Current batch value loss: 8.637851651465475

[2020-01-28 19:38:38.926626][__main__.TRPOAgent.log][linesearch]: Linesearch successful, updating policy parameters

[2020-01-28 19:38:39.532269][__main__.TRPOAgent.log][learning]: Episode #8

[2020-01-28 19:38:39.532760][__main__.TRPOAgent.log][learning]: Performing rollouts: rollout length: 1500

[2020-01-28 19:38:40.111750][__main__.TRPOAgent.log][learning]: Rollouts performed

[2020-01-28 19:38:40.113744][__main__.TRPOAgent.log][batch_info]: Rollout statistics size: 479, Batch size: 500, Number of batches: 1

[2020-01-28 19:38:40.119077][__main__.TRPOAgent.log][learning]: 

***************
BEGINNING TRAINING
***************



[2020-01-28 19:38:40.120007][__main__.TRPOAgent.log][batch_info]: Batch #0, batch length: 479

[2020-01-28 19:38:40.229654][__main__.TRPOAgent.log][linesearch]: Linesearch worked at 1, New mean kl div: 6.94809363272509e-09, New policy loss value: -1.7743596668300372e-05

[2020-01-28 19:38:40.270049][__main__.TRPOAgent.log][batch_info]: Current batch value loss: 7.597117968951595

[2020-01-28 19:38:40.270449][__main__.TRPOAgent.log][linesearch]: Linesearch successful, updating policy parameters

[2020-01-28 19:38:40.868406][__main__.TRPOAgent.log][learning]: Episode #9

[2020-01-28 19:38:40.869220][__main__.TRPOAgent.log][learning]: Performing rollouts: rollout length: 1500

[2020-01-28 19:38:41.488389][__main__.TRPOAgent.log][learning]: Rollouts performed

[2020-01-28 19:38:41.490551][__main__.TRPOAgent.log][batch_info]: Rollout statistics size: 479, Batch size: 500, Number of batches: 1

[2020-01-28 19:38:41.490936][__main__.TRPOAgent.log][learning]: 

***************
BEGINNING TRAINING
***************



[2020-01-28 19:38:41.491395][__main__.TRPOAgent.log][batch_info]: Batch #0, batch length: 479

[2020-01-28 19:38:41.596616][__main__.TRPOAgent.log][linesearch]: Linesearch worked at 1, New mean kl div: 6.958265321500351e-09, New policy loss value: -1.709169937204003e-05

[2020-01-28 19:38:41.637441][__main__.TRPOAgent.log][batch_info]: Current batch value loss: 6.875596588932781

[2020-01-28 19:38:41.637850][__main__.TRPOAgent.log][linesearch]: Linesearch successful, updating policy parameters

[2020-01-28 19:38:42.234225][__main__.TRPOAgent.log][learning]: Episode #10

[2020-01-28 19:38:42.234760][__main__.TRPOAgent.log][learning]: Performing rollouts: rollout length: 1500

[2020-01-28 19:38:42.835237][__main__.TRPOAgent.log][learning]: Rollouts performed

[2020-01-28 19:38:42.837756][__main__.TRPOAgent.log][batch_info]: Rollout statistics size: 484, Batch size: 500, Number of batches: 1

[2020-01-28 19:38:42.838218][__main__.TRPOAgent.log][learning]: 

***************
BEGINNING TRAINING
***************



[2020-01-28 19:38:42.838739][__main__.TRPOAgent.log][batch_info]: Batch #0, batch length: 484

[2020-01-28 19:38:42.933774][__main__.TRPOAgent.log][linesearch]: Linesearch worked at 1, New mean kl div: 8.706995611483318e-09, New policy loss value: -1.9012825122408025e-05

[2020-01-28 19:38:42.976179][__main__.TRPOAgent.log][batch_info]: Current batch value loss: 7.138753093251167

[2020-01-28 19:38:42.976586][__main__.TRPOAgent.log][linesearch]: Linesearch successful, updating policy parameters

[2020-01-28 19:38:43.604990][__main__.TRPOAgent.log][learning]: Episode #11

[2020-01-28 19:38:43.605667][__main__.TRPOAgent.log][learning]: Performing rollouts: rollout length: 1500

[2020-01-28 19:38:44.254448][__main__.TRPOAgent.log][learning]: Rollouts performed

[2020-01-28 19:38:44.256836][__main__.TRPOAgent.log][batch_info]: Rollout statistics size: 468, Batch size: 500, Number of batches: 1

[2020-01-28 19:38:44.257354][__main__.TRPOAgent.log][learning]: 

***************
BEGINNING TRAINING
***************



[2020-01-28 19:38:44.257920][__main__.TRPOAgent.log][batch_info]: Batch #0, batch length: 468

[2020-01-28 19:38:44.336932][__main__.TRPOAgent.log][linesearch]: Linesearch worked at 0, New mean kl div: 0.007715833631635712, New policy loss value: -0.004289088318805926

[2020-01-28 19:38:44.379184][__main__.TRPOAgent.log][batch_info]: Current batch value loss: 5.214066208551448

[2020-01-28 19:38:44.379584][__main__.TRPOAgent.log][linesearch]: Linesearch successful, updating policy parameters

[2020-01-28 19:38:44.916411][__main__.TRPOAgent.log][learning]: Episode #12

[2020-01-28 19:38:44.916791][__main__.TRPOAgent.log][learning]: Performing rollouts: rollout length: 1500

[2020-01-28 19:38:45.519863][__main__.TRPOAgent.log][learning]: Rollouts performed

[2020-01-28 19:38:45.522135][__main__.TRPOAgent.log][batch_info]: Rollout statistics size: 483, Batch size: 500, Number of batches: 1

[2020-01-28 19:38:45.527049][__main__.TRPOAgent.log][learning]: 

***************
BEGINNING TRAINING
***************



[2020-01-28 19:38:45.527806][__main__.TRPOAgent.log][batch_info]: Batch #0, batch length: 483

[2020-01-28 19:38:45.606134][__main__.TRPOAgent.log][linesearch]: Linesearch worked at 0, New mean kl div: 0.009476167783209422, New policy loss value: -0.010907795512557585

[2020-01-28 19:38:45.648479][__main__.TRPOAgent.log][batch_info]: Current batch value loss: 5.402277249690554

[2020-01-28 19:38:45.648889][__main__.TRPOAgent.log][linesearch]: Linesearch successful, updating policy parameters

[2020-01-28 19:38:46.225063][__main__.TRPOAgent.log][learning]: Episode #13

[2020-01-28 19:38:46.225631][__main__.TRPOAgent.log][learning]: Performing rollouts: rollout length: 1500

[2020-01-28 19:38:46.841908][__main__.TRPOAgent.log][learning]: Rollouts performed

[2020-01-28 19:38:46.843988][__main__.TRPOAgent.log][batch_info]: Rollout statistics size: 472, Batch size: 500, Number of batches: 1

[2020-01-28 19:38:46.844367][__main__.TRPOAgent.log][learning]: 

***************
BEGINNING TRAINING
***************



[2020-01-28 19:38:46.844895][__main__.TRPOAgent.log][batch_info]: Batch #0, batch length: 472

[2020-01-28 19:38:46.943080][__main__.TRPOAgent.log][linesearch]: Linesearch worked at 1, New mean kl div: 7.384049216174379e-09, New policy loss value: -1.0652179055502888e-05

[2020-01-28 19:38:46.986300][__main__.TRPOAgent.log][batch_info]: Current batch value loss: 4.448146368889927

[2020-01-28 19:38:46.986697][__main__.TRPOAgent.log][linesearch]: Linesearch successful, updating policy parameters

[2020-01-28 19:38:47.671296][__main__.TRPOAgent.log][learning]: Episode #14

[2020-01-28 19:38:47.671719][__main__.TRPOAgent.log][learning]: Performing rollouts: rollout length: 1500

[2020-01-28 19:38:48.288996][__main__.TRPOAgent.log][learning]: Rollouts performed

[2020-01-28 19:38:48.291317][__main__.TRPOAgent.log][batch_info]: Rollout statistics size: 480, Batch size: 500, Number of batches: 1

[2020-01-28 19:38:48.291695][__main__.TRPOAgent.log][learning]: 

***************
BEGINNING TRAINING
***************



[2020-01-28 19:38:48.292104][__main__.TRPOAgent.log][batch_info]: Batch #0, batch length: 480

[2020-01-28 19:38:48.390098][__main__.TRPOAgent.log][linesearch]: Linesearch worked at 0, New mean kl div: 0.009310657971193435, New policy loss value: -0.009485898289537109

[2020-01-28 19:38:48.535657][__main__.TRPOAgent.log][batch_info]: Current batch value loss: 4.297250874872346

[2020-01-28 19:38:48.536058][__main__.TRPOAgent.log][linesearch]: Linesearch successful, updating policy parameters

[2020-01-28 19:38:49.109747][__main__.TRPOAgent.log][learning]: Episode #15

[2020-01-28 19:38:49.110299][__main__.TRPOAgent.log][learning]: Performing rollouts: rollout length: 1500

[2020-01-28 19:38:49.696776][__main__.TRPOAgent.log][learning]: Rollouts performed

[2020-01-28 19:38:49.698660][__main__.TRPOAgent.log][batch_info]: Rollout statistics size: 481, Batch size: 500, Number of batches: 1

[2020-01-28 19:38:49.699017][__main__.TRPOAgent.log][learning]: 

***************
BEGINNING TRAINING
***************



[2020-01-28 19:38:49.699500][__main__.TRPOAgent.log][batch_info]: Batch #0, batch length: 481

[2020-01-28 19:38:49.786681][__main__.TRPOAgent.log][linesearch]: Linesearch worked at 0, New mean kl div: 0.009116487163476378, New policy loss value: -0.008047835739053813

[2020-01-28 19:38:49.833328][__main__.TRPOAgent.log][batch_info]: Current batch value loss: 3.779731239173854

[2020-01-28 19:38:49.833742][__main__.TRPOAgent.log][linesearch]: Linesearch successful, updating policy parameters

[2020-01-28 19:38:50.462182][__main__.TRPOAgent.log][learning]: Episode #16

[2020-01-28 19:38:50.462882][__main__.TRPOAgent.log][learning]: Performing rollouts: rollout length: 1500

[2020-01-28 19:38:51.050703][__main__.TRPOAgent.log][learning]: Rollouts performed

[2020-01-28 19:38:51.053372][__main__.TRPOAgent.log][batch_info]: Rollout statistics size: 472, Batch size: 500, Number of batches: 1

[2020-01-28 19:38:51.053884][__main__.TRPOAgent.log][learning]: 

***************
BEGINNING TRAINING
***************



[2020-01-28 19:38:51.054478][__main__.TRPOAgent.log][batch_info]: Batch #0, batch length: 472

[2020-01-28 19:38:51.132464][__main__.TRPOAgent.log][linesearch]: Linesearch worked at 0, New mean kl div: 0.008689976329688561, New policy loss value: -0.00900663865650846

[2020-01-28 19:38:51.175895][__main__.TRPOAgent.log][batch_info]: Current batch value loss: 3.1286789357338605

[2020-01-28 19:38:51.176506][__main__.TRPOAgent.log][linesearch]: Linesearch successful, updating policy parameters

[2020-01-28 19:38:51.851360][__main__.TRPOAgent.log][learning]: Episode #17

[2020-01-28 19:38:51.852042][__main__.TRPOAgent.log][learning]: Performing rollouts: rollout length: 1500

[2020-01-28 19:38:52.425008][__main__.TRPOAgent.log][learning]: Rollouts performed

[2020-01-28 19:38:52.427403][__main__.TRPOAgent.log][batch_info]: Rollout statistics size: 480, Batch size: 500, Number of batches: 1

[2020-01-28 19:38:52.428143][__main__.TRPOAgent.log][learning]: 

***************
BEGINNING TRAINING
***************



[2020-01-28 19:38:52.428881][__main__.TRPOAgent.log][batch_info]: Batch #0, batch length: 480

[2020-01-28 19:38:52.502696][__main__.TRPOAgent.log][linesearch]: Linesearch worked at 0, New mean kl div: 0.008570996054185476, New policy loss value: -0.013931303421817393

[2020-01-28 19:38:52.543104][__main__.TRPOAgent.log][batch_info]: Current batch value loss: 2.7864144032006153

[2020-01-28 19:38:52.543550][__main__.TRPOAgent.log][linesearch]: Linesearch successful, updating policy parameters

[2020-01-28 19:38:53.154648][__main__.TRPOAgent.log][learning]: Episode #18

[2020-01-28 19:38:53.155163][__main__.TRPOAgent.log][learning]: Performing rollouts: rollout length: 1500

[2020-01-28 19:38:53.776274][__main__.TRPOAgent.log][learning]: Rollouts performed

[2020-01-28 19:38:53.778364][__main__.TRPOAgent.log][batch_info]: Rollout statistics size: 466, Batch size: 500, Number of batches: 1

[2020-01-28 19:38:53.778764][__main__.TRPOAgent.log][learning]: 

***************
BEGINNING TRAINING
***************



[2020-01-28 19:38:53.779226][__main__.TRPOAgent.log][batch_info]: Batch #0, batch length: 466

[2020-01-28 19:38:53.856674][__main__.TRPOAgent.log][linesearch]: Linesearch worked at 0, New mean kl div: 0.007519030590762906, New policy loss value: -0.004567764500382323

[2020-01-28 19:38:53.900715][__main__.TRPOAgent.log][batch_info]: Current batch value loss: 1.9862936975318506

[2020-01-28 19:38:53.901313][__main__.TRPOAgent.log][linesearch]: Linesearch successful, updating policy parameters

[2020-01-28 19:38:54.581885][__main__.TRPOAgent.log][learning]: Episode #19

[2020-01-28 19:38:54.582487][__main__.TRPOAgent.log][learning]: Performing rollouts: rollout length: 1500

[2020-01-28 19:38:55.218232][__main__.TRPOAgent.log][learning]: Rollouts performed

[2020-01-28 19:38:55.220673][__main__.TRPOAgent.log][batch_info]: Rollout statistics size: 485, Batch size: 500, Number of batches: 1

[2020-01-28 19:38:55.221218][__main__.TRPOAgent.log][learning]: 

***************
BEGINNING TRAINING
***************



[2020-01-28 19:38:55.221858][__main__.TRPOAgent.log][batch_info]: Batch #0, batch length: 485

[2020-01-28 19:38:55.308705][__main__.TRPOAgent.log][linesearch]: Linesearch worked at 0, New mean kl div: 0.004394946875198108, New policy loss value: -0.028012689243328358

[2020-01-28 19:38:55.352105][__main__.TRPOAgent.log][batch_info]: Current batch value loss: 1.9338229560311904

[2020-01-28 19:38:55.352516][__main__.TRPOAgent.log][linesearch]: Linesearch successful, updating policy parameters

[2020-01-28 19:38:56.019369][__main__.TRPOAgent.log][learning]: Episode #20

[2020-01-28 19:38:56.020000][__main__.TRPOAgent.log][learning]: Performing rollouts: rollout length: 1500

[2020-01-28 19:38:56.609500][__main__.TRPOAgent.log][learning]: Rollouts performed

[2020-01-28 19:38:56.611327][__main__.TRPOAgent.log][batch_info]: Rollout statistics size: 487, Batch size: 500, Number of batches: 1

[2020-01-28 19:38:56.616640][__main__.TRPOAgent.log][learning]: 

***************
BEGINNING TRAINING
***************



[2020-01-28 19:38:56.617179][__main__.TRPOAgent.log][batch_info]: Batch #0, batch length: 487

[2020-01-28 19:38:56.694813][__main__.TRPOAgent.log][linesearch]: Linesearch worked at 0, New mean kl div: 0.00672950622257988, New policy loss value: -0.04366529894745011

[2020-01-28 19:38:56.738500][__main__.TRPOAgent.log][batch_info]: Current batch value loss: 1.6732019908192903

[2020-01-28 19:38:56.738980][__main__.TRPOAgent.log][linesearch]: Linesearch successful, updating policy parameters

[2020-01-28 19:38:57.344833][__main__.TRPOAgent.log][learning]: Episode #21

[2020-01-28 19:38:57.345217][__main__.TRPOAgent.log][learning]: Performing rollouts: rollout length: 1500

[2020-01-28 19:38:57.948374][__main__.TRPOAgent.log][learning]: Rollouts performed

[2020-01-28 19:38:57.950658][__main__.TRPOAgent.log][batch_info]: Rollout statistics size: 470, Batch size: 500, Number of batches: 1

[2020-01-28 19:38:57.951135][__main__.TRPOAgent.log][learning]: 

***************
BEGINNING TRAINING
***************



[2020-01-28 19:38:57.951597][__main__.TRPOAgent.log][batch_info]: Batch #0, batch length: 470

[2020-01-28 19:38:58.038543][__main__.TRPOAgent.log][linesearch]: Linesearch worked at 0, New mean kl div: 0.004921206469405279, New policy loss value: -0.015168137423514312

[2020-01-28 19:38:58.087780][__main__.TRPOAgent.log][batch_info]: Current batch value loss: 1.2240926040496019

[2020-01-28 19:38:58.088187][__main__.TRPOAgent.log][linesearch]: Linesearch successful, updating policy parameters

[2020-01-28 19:38:58.745216][__main__.TRPOAgent.log][learning]: Episode #22

[2020-01-28 19:38:58.745700][__main__.TRPOAgent.log][learning]: Performing rollouts: rollout length: 1500

[2020-01-28 19:38:59.323604][__main__.TRPOAgent.log][learning]: Rollouts performed

[2020-01-28 19:38:59.325516][__main__.TRPOAgent.log][batch_info]: Rollout statistics size: 484, Batch size: 500, Number of batches: 1

[2020-01-28 19:38:59.325910][__main__.TRPOAgent.log][learning]: 

***************
BEGINNING TRAINING
***************



[2020-01-28 19:38:59.326390][__main__.TRPOAgent.log][batch_info]: Batch #0, batch length: 484

[2020-01-28 19:38:59.410426][__main__.TRPOAgent.log][linesearch]: Linesearch worked at 0, New mean kl div: 0.0017025484899521489, New policy loss value: -0.07475143551986571

[2020-01-28 19:38:59.454732][__main__.TRPOAgent.log][batch_info]: Current batch value loss: 1.0712604661013303

[2020-01-28 19:38:59.455168][__main__.TRPOAgent.log][linesearch]: Linesearch successful, updating policy parameters

[2020-01-28 19:39:00.182786][__main__.TRPOAgent.log][learning]: Episode #23

[2020-01-28 19:39:00.183782][__main__.TRPOAgent.log][learning]: Performing rollouts: rollout length: 1500

