LOGGER started at 2020-01-31 11:48:46.074289.
Currently active debug channels:
	act
	batch_info
	linesearch
	learning
	thread_rollouts
[2020-01-31 11:48:46.650640][__main__.TRPOAgent.log][learning]: Episode #0

[2020-01-31 11:48:46.828323][__main__.TRPOAgent.log][learning]: Performing rollouts: rollout length: 1600

[2020-01-31 11:48:46.829161][EnvironmentNew.Environment.log][thread_rollouts]: Thread number: 1

[2020-01-31 11:48:46.828935][EnvironmentNew.Environment.log][thread_rollouts]: Thread number: 0

[2020-01-31 11:48:47.167017][EnvironmentNew.Environment.log][thread_rollouts]: Thread number: 0, Steps performed: 91

[2020-01-31 11:48:47.174412][EnvironmentNew.Environment.log][thread_rollouts]: Thread number: 1, Steps performed: 94

[2020-01-31 11:48:47.175000][EnvironmentNew.Environment.log][thread_rollouts]: Thread number: 3

[2020-01-31 11:48:47.174856][EnvironmentNew.Environment.log][thread_rollouts]: Thread number: 2

[2020-01-31 11:48:47.436906][EnvironmentNew.Environment.log][thread_rollouts]: Thread number: 2, Steps performed: 80

[2020-01-31 11:48:47.436762][EnvironmentNew.Environment.log][thread_rollouts]: Thread number: 3, Steps performed: 81

[2020-01-31 11:48:47.437915][EnvironmentNew.Environment.log][thread_rollouts]: Thread number: 4

[2020-01-31 11:48:47.438082][EnvironmentNew.Environment.log][thread_rollouts]: Thread number: 5

[2020-01-31 11:48:47.575593][EnvironmentNew.Environment.log][thread_rollouts]: Thread number: 4, Steps performed: 35

[2020-01-31 11:48:47.576807][EnvironmentNew.Environment.log][thread_rollouts]: Thread number: 5, Steps performed: 35

[2020-01-31 11:48:47.577389][EnvironmentNew.Environment.log][thread_rollouts]: Thread number: 7

[2020-01-31 11:48:47.577257][EnvironmentNew.Environment.log][thread_rollouts]: Thread number: 6

[2020-01-31 11:48:47.737081][EnvironmentNew.Environment.log][thread_rollouts]: Thread number: 7, Steps performed: 46

[2020-01-31 11:48:47.778652][EnvironmentNew.Environment.log][thread_rollouts]: Thread number: 6, Steps performed: 62

[2020-01-31 11:48:47.779622][EnvironmentNew.Environment.log][thread_rollouts]: Thread number: 9

[2020-01-31 11:48:47.779404][EnvironmentNew.Environment.log][thread_rollouts]: Thread number: 8

[2020-01-31 11:48:47.927933][EnvironmentNew.Environment.log][thread_rollouts]: Thread number: 9, Steps performed: 38

[2020-01-31 11:48:48.007217][EnvironmentNew.Environment.log][thread_rollouts]: Thread number: 8, Steps performed: 80

[2020-01-31 11:48:48.007732][EnvironmentNew.Environment.log][thread_rollouts]: Thread number: 10

[2020-01-31 11:48:48.007895][EnvironmentNew.Environment.log][thread_rollouts]: Thread number: 11

[2020-01-31 11:48:48.149364][EnvironmentNew.Environment.log][thread_rollouts]: Thread number: 10, Steps performed: 39

[2020-01-31 11:48:48.161112][EnvironmentNew.Environment.log][thread_rollouts]: Thread number: 11, Steps performed: 46

[2020-01-31 11:48:48.161832][EnvironmentNew.Environment.log][thread_rollouts]: Thread number: 12

[2020-01-31 11:48:48.162032][EnvironmentNew.Environment.log][thread_rollouts]: Thread number: 13

[2020-01-31 11:48:48.359466][EnvironmentNew.Environment.log][thread_rollouts]: Thread number: 12, Steps performed: 52

[2020-01-31 11:48:48.404124][EnvironmentNew.Environment.log][thread_rollouts]: Thread number: 13, Steps performed: 79

[2020-01-31 11:48:48.404662][EnvironmentNew.Environment.log][thread_rollouts]: Thread number: 14

[2020-01-31 11:48:48.404791][EnvironmentNew.Environment.log][thread_rollouts]: Thread number: 15

[2020-01-31 11:48:48.557846][EnvironmentNew.Environment.log][thread_rollouts]: Thread number: 15, Steps performed: 44

[2020-01-31 11:48:48.590775][EnvironmentNew.Environment.log][thread_rollouts]: Thread number: 14, Steps performed: 60

[2020-01-31 11:48:48.591483][EnvironmentNew.Environment.log][thread_rollouts]: Thread number: 16

[2020-01-31 11:48:48.591676][EnvironmentNew.Environment.log][thread_rollouts]: Thread number: 17

[2020-01-31 11:48:48.737273][EnvironmentNew.Environment.log][thread_rollouts]: Thread number: 16, Steps performed: 36

[2020-01-31 11:48:48.807206][EnvironmentNew.Environment.log][thread_rollouts]: Thread number: 17, Steps performed: 71

[2020-01-31 11:48:48.807791][EnvironmentNew.Environment.log][thread_rollouts]: Thread number: 18

[2020-01-31 11:48:48.808038][EnvironmentNew.Environment.log][thread_rollouts]: Thread number: 19

[2020-01-31 11:48:48.984290][EnvironmentNew.Environment.log][thread_rollouts]: Thread number: 18, Steps performed: 46

[2020-01-31 11:48:49.048920][EnvironmentNew.Environment.log][thread_rollouts]: Thread number: 19, Steps performed: 75

[2020-01-31 11:48:49.049527][EnvironmentNew.Environment.log][thread_rollouts]: Thread number: 20

[2020-01-31 11:48:49.049659][EnvironmentNew.Environment.log][thread_rollouts]: Thread number: 21

[2020-01-31 11:48:49.310430][EnvironmentNew.Environment.log][thread_rollouts]: Thread number: 21, Steps performed: 75

[2020-01-31 11:48:49.330608][EnvironmentNew.Environment.log][thread_rollouts]: Thread number: 20, Steps performed: 84

[2020-01-31 11:48:49.331166][EnvironmentNew.Environment.log][thread_rollouts]: Thread number: 22

[2020-01-31 11:48:49.331309][EnvironmentNew.Environment.log][thread_rollouts]: Thread number: 23

[2020-01-31 11:48:49.480507][EnvironmentNew.Environment.log][thread_rollouts]: Thread number: 23, Steps performed: 37

[2020-01-31 11:48:49.502180][EnvironmentNew.Environment.log][thread_rollouts]: Thread number: 22, Steps performed: 47

[2020-01-31 11:48:49.502922][EnvironmentNew.Environment.log][thread_rollouts]: Thread number: 25

[2020-01-31 11:48:49.502789][EnvironmentNew.Environment.log][thread_rollouts]: Thread number: 24

[2020-01-31 11:48:49.637493][EnvironmentNew.Environment.log][thread_rollouts]: Thread number: 25, Steps performed: 36

[2020-01-31 11:48:49.729467][EnvironmentNew.Environment.log][thread_rollouts]: Thread number: 24, Steps performed: 86

[2020-01-31 11:48:49.730001][EnvironmentNew.Environment.log][thread_rollouts]: Thread number: 26

[2020-01-31 11:48:49.730314][EnvironmentNew.Environment.log][thread_rollouts]: Thread number: 27

[2020-01-31 11:48:49.917675][EnvironmentNew.Environment.log][thread_rollouts]: Thread number: 27, Steps performed: 54

[2020-01-31 11:48:49.972893][EnvironmentNew.Environment.log][thread_rollouts]: Thread number: 26, Steps performed: 85

[2020-01-31 11:48:49.973425][EnvironmentNew.Environment.log][thread_rollouts]: Thread number: 28

[2020-01-31 11:48:49.973546][EnvironmentNew.Environment.log][thread_rollouts]: Thread number: 29

[2020-01-31 11:48:50.133101][EnvironmentNew.Environment.log][thread_rollouts]: Thread number: 28, Steps performed: 46

[2020-01-31 11:48:50.191119][EnvironmentNew.Environment.log][thread_rollouts]: Thread number: 29, Steps performed: 80

[2020-01-31 11:48:50.192312][__main__.TRPOAgent.log][learning]: Rollouts performed

[2020-01-31 11:48:50.192772][__main__.TRPOAgent.log][batch_info]: Rollout statistics size: 1820, Batch size: 1000

[2020-01-31 11:48:50.193177][__main__.TRPOAgent.log][learning]: 

***************
BEGINNING TRAINING
***************



