LOGGER started at 2020-01-29 22:15:53.065763.
Currently active debug channels:
	act
	batch_info
	linesearch
	learning
[2020-01-29 22:15:53.481862][__main__.TRPOAgent.log][learning]: Episode #0

[2020-01-29 22:15:53.725234][__main__.TRPOAgent.log][learning]: Performing rollouts: rollout length: 5000

[2020-01-29 22:15:56.541458][__main__.TRPOAgent.log][learning]: Rollouts performed

[2020-01-29 22:15:56.542048][__main__.TRPOAgent.log][batch_info]: Rollout statistics size: None, Batch size: 100

[2020-01-29 22:15:56.542611][__main__.TRPOAgent.log][learning]: 

***************
BEGINNING TRAINING
***************



[2020-01-29 22:15:59.940292][__main__.TRPOAgent.log][linesearch]: Linesearch worked at 1, New mean kl div: 0.012753608920534633, New policy loss value: 0.4806584914512036

[2020-01-29 22:15:59.940739][__main__.TRPOAgent.log][batch_info]: Current batch value loss: 0.00017008760634872947

[2020-01-29 22:16:01.228899][__main__.TRPOAgent.log][learning]: Episode #1

[2020-01-29 22:16:01.229451][__main__.TRPOAgent.log][learning]: Performing rollouts: rollout length: 5000

[2020-01-29 22:16:01.573544][__main__.TRPOAgent.log][learning]: Rollouts performed

[2020-01-29 22:16:01.573931][__main__.TRPOAgent.log][batch_info]: Rollout statistics size: None, Batch size: 100

[2020-01-29 22:16:01.574478][__main__.TRPOAgent.log][learning]: 

***************
BEGINNING TRAINING
***************



[2020-01-29 22:16:03.891698][__main__.TRPOAgent.log][linesearch]: Linesearch worked at 0, New mean kl div: 0.014011807591608354, New policy loss value: 1.4732635852287892

[2020-01-29 22:16:03.892087][__main__.TRPOAgent.log][batch_info]: Current batch value loss: 3.0751447215809294e-06

[2020-01-29 22:16:04.524259][__main__.TRPOAgent.log][learning]: Episode #2

[2020-01-29 22:16:04.524669][__main__.TRPOAgent.log][learning]: Performing rollouts: rollout length: 5000

[2020-01-29 22:16:04.812591][__main__.TRPOAgent.log][learning]: Rollouts performed

[2020-01-29 22:16:04.812929][__main__.TRPOAgent.log][batch_info]: Rollout statistics size: None, Batch size: 100

[2020-01-29 22:16:04.813550][__main__.TRPOAgent.log][learning]: 

***************
BEGINNING TRAINING
***************



[2020-01-29 22:16:07.274271][__main__.TRPOAgent.log][linesearch]: Linesearch failed. Mean kl divergence: 6.368074012711757e-11, Discarded policy loss value: 5.689276250064048e-05

[2020-01-29 22:16:07.274696][__main__.TRPOAgent.log][batch_info]: Current batch value loss: 4.986475545254443e-06

[2020-01-29 22:16:07.999295][__main__.TRPOAgent.log][learning]: Episode #3

[2020-01-29 22:16:07.999769][__main__.TRPOAgent.log][learning]: Performing rollouts: rollout length: 5000

[2020-01-29 22:16:08.310295][__main__.TRPOAgent.log][learning]: Rollouts performed

[2020-01-29 22:16:08.310693][__main__.TRPOAgent.log][batch_info]: Rollout statistics size: None, Batch size: 100

[2020-01-29 22:16:08.311305][__main__.TRPOAgent.log][learning]: 

***************
BEGINNING TRAINING
***************



[2020-01-29 22:16:10.858444][__main__.TRPOAgent.log][linesearch]: Linesearch failed. Mean kl divergence: 6.379005859836019e-11, Discarded policy loss value: 6.112674820330176e-05

[2020-01-29 22:16:10.858841][__main__.TRPOAgent.log][batch_info]: Current batch value loss: 6.674509844373234e-07

[2020-01-29 22:16:11.559361][__main__.TRPOAgent.log][learning]: Episode #4

[2020-01-29 22:16:11.559695][__main__.TRPOAgent.log][learning]: Performing rollouts: rollout length: 5000

[2020-01-29 22:16:11.915966][__main__.TRPOAgent.log][learning]: Rollouts performed

[2020-01-29 22:16:11.916323][__main__.TRPOAgent.log][batch_info]: Rollout statistics size: None, Batch size: 100

[2020-01-29 22:16:11.916854][__main__.TRPOAgent.log][learning]: 

***************
BEGINNING TRAINING
***************



[2020-01-29 22:16:14.409584][__main__.TRPOAgent.log][linesearch]: Linesearch failed. Mean kl divergence: 6.335318543018218e-11, Discarded policy loss value: 6.539164211670338e-05

[2020-01-29 22:16:14.409967][__main__.TRPOAgent.log][batch_info]: Current batch value loss: 3.0349437850352157e-07

[2020-01-29 22:16:15.040879][__main__.TRPOAgent.log][learning]: Episode #5

[2020-01-29 22:16:15.041228][__main__.TRPOAgent.log][learning]: Performing rollouts: rollout length: 5000

[2020-01-29 22:16:15.334651][__main__.TRPOAgent.log][learning]: Rollouts performed

[2020-01-29 22:16:15.335039][__main__.TRPOAgent.log][batch_info]: Rollout statistics size: None, Batch size: 100

[2020-01-29 22:16:15.335614][__main__.TRPOAgent.log][learning]: 

***************
BEGINNING TRAINING
***************



[2020-01-29 22:16:17.727955][__main__.TRPOAgent.log][linesearch]: Linesearch failed. Mean kl divergence: 6.075955011674075e-11, Discarded policy loss value: 6.442120665824264e-05

[2020-01-29 22:16:17.728337][__main__.TRPOAgent.log][batch_info]: Current batch value loss: 3.873389152531104e-07

[2020-01-29 22:16:18.504337][__main__.TRPOAgent.log][learning]: Episode #6

[2020-01-29 22:16:18.504938][__main__.TRPOAgent.log][learning]: Performing rollouts: rollout length: 5000

[2020-01-29 22:16:18.853581][__main__.TRPOAgent.log][learning]: Rollouts performed

[2020-01-29 22:16:18.853938][__main__.TRPOAgent.log][batch_info]: Rollout statistics size: None, Batch size: 100

[2020-01-29 22:16:18.854436][__main__.TRPOAgent.log][learning]: 

***************
BEGINNING TRAINING
***************



[2020-01-29 22:16:21.233799][__main__.TRPOAgent.log][linesearch]: Linesearch failed. Mean kl divergence: 6.257078996862036e-11, Discarded policy loss value: 6.188481570966887e-05

[2020-01-29 22:16:21.234295][__main__.TRPOAgent.log][batch_info]: Current batch value loss: 1.1729220066314383e-06

[2020-01-29 22:16:21.910214][__main__.TRPOAgent.log][learning]: Episode #7

[2020-01-29 22:16:21.910579][__main__.TRPOAgent.log][learning]: Performing rollouts: rollout length: 5000

[2020-01-29 22:16:22.191637][__main__.TRPOAgent.log][learning]: Rollouts performed

[2020-01-29 22:16:22.191996][__main__.TRPOAgent.log][batch_info]: Rollout statistics size: None, Batch size: 100

[2020-01-29 22:16:22.192484][__main__.TRPOAgent.log][learning]: 

***************
BEGINNING TRAINING
***************



[2020-01-29 22:16:24.599158][__main__.TRPOAgent.log][linesearch]: Linesearch failed. Mean kl divergence: 6.532895718616179e-11, Discarded policy loss value: 6.833925849877063e-05

[2020-01-29 22:16:24.599548][__main__.TRPOAgent.log][batch_info]: Current batch value loss: 5.25704554377171e-07

[2020-01-29 22:16:25.263079][__main__.TRPOAgent.log][learning]: Episode #8

[2020-01-29 22:16:25.263432][__main__.TRPOAgent.log][learning]: Performing rollouts: rollout length: 5000

[2020-01-29 22:16:25.561835][__main__.TRPOAgent.log][learning]: Rollouts performed

[2020-01-29 22:16:25.562187][__main__.TRPOAgent.log][batch_info]: Rollout statistics size: None, Batch size: 100

[2020-01-29 22:16:25.562699][__main__.TRPOAgent.log][learning]: 

***************
BEGINNING TRAINING
***************



[2020-01-29 22:16:27.919992][__main__.TRPOAgent.log][linesearch]: Linesearch failed. Mean kl divergence: 6.110036649421209e-11, Discarded policy loss value: 5.69730499216969e-05

[2020-01-29 22:16:27.920369][__main__.TRPOAgent.log][batch_info]: Current batch value loss: 3.523528066651238e-07

[2020-01-29 22:16:28.578361][__main__.TRPOAgent.log][learning]: Episode #9

[2020-01-29 22:16:28.578735][__main__.TRPOAgent.log][learning]: Performing rollouts: rollout length: 5000

[2020-01-29 22:16:28.888080][__main__.TRPOAgent.log][learning]: Rollouts performed

[2020-01-29 22:16:28.888500][__main__.TRPOAgent.log][batch_info]: Rollout statistics size: None, Batch size: 100

[2020-01-29 22:16:28.889038][__main__.TRPOAgent.log][learning]: 

***************
BEGINNING TRAINING
***************



[2020-01-29 22:16:31.236010][__main__.TRPOAgent.log][linesearch]: Linesearch failed. Mean kl divergence: 6.28358781175807e-11, Discarded policy loss value: 7.162752983717026e-05

[2020-01-29 22:16:31.236441][__main__.TRPOAgent.log][batch_info]: Current batch value loss: 2.1366209398097913e-07

[2020-01-29 22:16:31.895629][__main__.TRPOAgent.log][learning]: Episode #10

[2020-01-29 22:16:31.896058][__main__.TRPOAgent.log][learning]: Performing rollouts: rollout length: 5000

[2020-01-29 22:16:32.177327][__main__.TRPOAgent.log][learning]: Rollouts performed

[2020-01-29 22:16:32.177681][__main__.TRPOAgent.log][batch_info]: Rollout statistics size: None, Batch size: 100

[2020-01-29 22:16:32.178198][__main__.TRPOAgent.log][learning]: 

***************
BEGINNING TRAINING
***************



