LOGGER started at 2020-01-28 16:57:03.669456.
Currently active debug channels:
	rollouts
	act
	training
	batch_info
	linesearch
	learning
	thread_rollouts
[2020-01-28 16:57:04.086173][__main__.TRPOAgent.log][learning]: Episode #0

[2020-01-28 16:57:04.294610][__main__.TRPOAgent.log][learning]: Performing rollouts: rollout length: 50

[2020-01-28 16:57:04.307796][EnvironmentNew.Environment.log][rollouts]: Rollout thread #1

[2020-01-28 16:57:04.308596][EnvironmentNew.Environment.log][rollouts]: Rollout thread #2

[2020-01-28 16:57:04.308530][EnvironmentNew.Environment.log][thread_rollouts]: Thread number: 0

[2020-01-28 16:57:04.309289][EnvironmentNew.Environment.log][thread_rollouts]: Thread number: 1

[2020-01-28 16:57:04.345155][EnvironmentNew.Environment.log][thread_rollouts]: Thread number: 0, Steps performed: 9

[2020-01-28 16:57:04.345570][EnvironmentNew.Environment.log][thread_rollouts]: Thread number: 1, Steps performed: 9

[2020-01-28 16:57:04.346269][EnvironmentNew.Environment.log][rollouts]: Rollout thread #3

[2020-01-28 16:57:04.346747][EnvironmentNew.Environment.log][thread_rollouts]: Thread number: 2

[2020-01-28 16:57:04.346977][EnvironmentNew.Environment.log][rollouts]: Rollout thread #4

[2020-01-28 16:57:04.353224][EnvironmentNew.Environment.log][thread_rollouts]: Thread number: 3

[2020-01-28 16:57:04.370585][EnvironmentNew.Environment.log][thread_rollouts]: Thread number: 2, Steps performed: 9

[2020-01-28 16:57:04.383802][EnvironmentNew.Environment.log][thread_rollouts]: Thread number: 3, Steps performed: 12

[2020-01-28 16:57:04.384412][EnvironmentNew.Environment.log][rollouts]: Rollout thread #5

[2020-01-28 16:57:04.385233][EnvironmentNew.Environment.log][thread_rollouts]: Thread number: 4

[2020-01-28 16:57:04.385312][EnvironmentNew.Environment.log][rollouts]: Rollout thread #6

[2020-01-28 16:57:04.389112][EnvironmentNew.Environment.log][thread_rollouts]: Thread number: 5

[2020-01-28 16:57:04.427635][EnvironmentNew.Environment.log][thread_rollouts]: Thread number: 5, Steps performed: 9

[2020-01-28 16:57:04.429425][EnvironmentNew.Environment.log][thread_rollouts]: Thread number: 4, Steps performed: 14

[2020-01-28 16:57:04.429866][EnvironmentNew.Environment.log][rollouts]: Rollout thread #7

[2020-01-28 16:57:04.430324][EnvironmentNew.Environment.log][thread_rollouts]: Thread number: 6

[2020-01-28 16:57:04.430372][EnvironmentNew.Environment.log][rollouts]: Rollout thread #8

[2020-01-28 16:57:04.432069][EnvironmentNew.Environment.log][thread_rollouts]: Thread number: 7

[2020-01-28 16:57:04.468647][EnvironmentNew.Environment.log][thread_rollouts]: Thread number: 6, Steps performed: 13

[2020-01-28 16:57:04.468550][EnvironmentNew.Environment.log][thread_rollouts]: Thread number: 7, Steps performed: 9

[2020-01-28 16:57:04.469915][EnvironmentNew.Environment.log][rollouts]: Rollout thread #9

[2020-01-28 16:57:04.470837][EnvironmentNew.Environment.log][thread_rollouts]: Thread number: 8

[2020-01-28 16:57:04.470936][EnvironmentNew.Environment.log][rollouts]: Rollout thread #10

[2020-01-28 16:57:04.474793][EnvironmentNew.Environment.log][thread_rollouts]: Thread number: 9

[2020-01-28 16:57:04.499949][EnvironmentNew.Environment.log][thread_rollouts]: Thread number: 8, Steps performed: 10

[2020-01-28 16:57:04.507801][EnvironmentNew.Environment.log][thread_rollouts]: Thread number: 9, Steps performed: 11

[2020-01-28 16:57:04.508312][__main__.TRPOAgent.log][learning]: Rollouts performed

[2020-01-28 16:57:04.509956][__main__.TRPOAgent.log][batch_info]: Rollout statistics size: 105, Batch size: 1000, Number of batches: 10

[2020-01-28 16:57:04.510521][__main__.TRPOAgent.log][learning]: 

***************
BEGINNING TRAINING
***************



[2020-01-28 16:57:04.511026][__main__.TRPOAgent.log][batch_info]: Batch #0, batch length: 9

[2020-01-28 16:57:04.530199][__main__.TRPOAgent.log][training]: policy_gradient: [ 0.00365546  0.03678483 -0.00241941 -0.05921501 -0.06070651  0.07275731
 -0.08899835 -0.10587098  0.         -0.0818992  -0.03120294  0.12971981
  0.          0.14391765  0.         -0.05829504 -0.02731097 -0.02970602
  0.         -0.04450168 -0.02063927  0.          0.          0.
  0.          0.09737499  0.          0.          0.         -0.05382493
  0.          0.          0.08504038 -0.0122792   0.          0.05066828
 -0.06197856 -0.07372868  0.         -0.0570347  -0.02172977  0.09033704
  0.          0.10022444  0.         -0.04059674 -0.01901939 -0.02068731
  0.         -0.03099102 -0.01437321  0.          0.          0.
  0.          0.06781206  0.          0.          0.         -0.03748375
  0.          0.          0.05922223 -0.00855125  0.         -0.05855774
  0.05855774 -0.06695971  0.06695971 -0.08704932  0.08704932  0.
  0.         -0.08442462  0.08442462 -0.07187905  0.07187905 -0.01194636
  0.01194636  0.          0.         -0.03160059  0.03160059  0.
  0.         -0.03341642  0.03341642 -0.0874712   0.0874712  -0.03927003
  0.03927003  0.          0.         -0.01554232  0.01554232 -0.00091859
  0.00091859  0.          0.          0.          0.          0.
  0.          0.          0.         -0.04170754  0.04170754  0.
  0.          0.          0.          0.          0.         -0.07744442
  0.07744442  0.          0.          0.          0.         -0.03880168
  0.03880168 -0.04637752  0.04637752  0.          0.         -0.22541864
  0.22541864]

[2020-01-28 16:57:04.530651][__main__.TRPOAgent.log][training]: Initiating conjugate gradients

[2020-01-28 16:57:04.573809][__main__.TRPOAgent.log][training]: gradient_step_direction: [-2.43126355e-02 -5.86197184e-03  2.32273004e-02  4.34271359e-02
  2.93618171e-01 -1.94067345e-02  2.37387080e-02  2.82391758e-02
  0.00000000e+00  2.18451311e-02  8.32281088e-03 -3.46004558e-02
  0.00000000e+00 -3.83874827e-02  0.00000000e+00  1.55491546e-02
  7.28469153e-03  7.92354229e-03  0.00000000e+00  1.18700262e-02
  5.50515835e-03  0.00000000e+00  0.00000000e+00  0.00000000e+00
  0.00000000e+00 -2.59730569e-02  0.00000000e+00  0.00000000e+00
  0.00000000e+00  1.43568221e-02  0.00000000e+00  0.00000000e+00
 -2.26830187e-02  3.27524570e-03  0.00000000e+00 -2.45066504e-01
  2.99770738e-01  3.56602354e-01  0.00000000e+00  2.75858857e-01
  1.05100032e-01 -4.36931762e-01  0.00000000e+00 -4.84753972e-01
  0.00000000e+00  1.96353598e-01  9.19907955e-02  1.00057992e-01
  0.00000000e+00  1.49893798e-01  6.95187045e-02  0.00000000e+00
  0.00000000e+00  0.00000000e+00  0.00000000e+00 -3.27985557e-01
  0.00000000e+00  0.00000000e+00  0.00000000e+00  1.81297064e-01
  0.00000000e+00  0.00000000e+00 -2.86439225e-01  4.13596961e-02
  0.00000000e+00  1.56192373e-02 -1.56192373e-02  1.78603107e-02
 -1.78603107e-02  2.32188548e-02 -2.32188548e-02  0.00000000e+00
  0.00000000e+00  2.25187626e-02 -2.25187626e-02  1.91724561e-02
 -1.91724561e-02  3.18648195e-03 -3.18648195e-03  0.00000000e+00
  0.00000000e+00  8.42889812e-03 -8.42889812e-03  0.00000000e+00
  0.00000000e+00  8.91323324e-03 -8.91323324e-03  2.33313867e-02
 -2.33313867e-02  1.04745810e-02 -1.04745810e-02  0.00000000e+00
  0.00000000e+00  4.14563758e-03 -4.14563758e-03  2.45017212e-04
 -2.45017212e-04  0.00000000e+00  0.00000000e+00  0.00000000e+00
  0.00000000e+00  0.00000000e+00  0.00000000e+00  0.00000000e+00
  0.00000000e+00  1.11247467e-02 -1.11247467e-02  0.00000000e+00
  0.00000000e+00  0.00000000e+00  0.00000000e+00  0.00000000e+00
  0.00000000e+00  2.06569211e-02 -2.06569211e-02  0.00000000e+00
  0.00000000e+00  0.00000000e+00  0.00000000e+00  1.03496598e-02
 -1.03496598e-02  1.23703795e-02 -1.23703795e-02  0.00000000e+00
  0.00000000e+00 -1.49277748e+00  1.49277748e+00]

[2020-01-28 16:57:04.602617][__main__.TRPOAgent.log][linesearch]: Linesearch worked at 0, New mean kl div: 0.012534195006883127, New policy loss value: -0.09640917057356505

