LOGGER started at 2020-01-30 15:16:57.025633.
Currently active debug channels:
	act
	batch_info
	linesearch
	learning
	thread_rollouts
[2020-01-30 15:16:57.615174][__main__.TRPOAgent.log][learning]: Episode #0

[2020-01-30 15:16:57.792263][__main__.TRPOAgent.log][learning]: Performing rollouts: rollout length: 1000

[2020-01-30 15:16:57.793521][EnvironmentNew.Environment.log][thread_rollouts]: Thread number: 1

[2020-01-30 15:16:57.793262][EnvironmentNew.Environment.log][thread_rollouts]: Thread number: 0

[2020-01-30 15:16:58.269104][EnvironmentNew.Environment.log][thread_rollouts]: Thread number: 0, Steps performed: 132

[2020-01-30 15:16:58.388930][EnvironmentNew.Environment.log][thread_rollouts]: Thread number: 1, Steps performed: 210

[2020-01-30 15:16:58.389808][EnvironmentNew.Environment.log][thread_rollouts]: Thread number: 3

[2020-01-30 15:16:58.389623][EnvironmentNew.Environment.log][thread_rollouts]: Thread number: 2

[2020-01-30 15:16:58.626236][EnvironmentNew.Environment.log][thread_rollouts]: Thread number: 2, Steps performed: 70

[2020-01-30 15:16:58.638974][EnvironmentNew.Environment.log][thread_rollouts]: Thread number: 3, Steps performed: 75

[2020-01-30 15:16:58.639630][EnvironmentNew.Environment.log][thread_rollouts]: Thread number: 4

[2020-01-30 15:16:58.639776][EnvironmentNew.Environment.log][thread_rollouts]: Thread number: 5

[2020-01-30 15:16:58.852968][EnvironmentNew.Environment.log][thread_rollouts]: Thread number: 4, Steps performed: 64

[2020-01-30 15:16:58.891084][EnvironmentNew.Environment.log][thread_rollouts]: Thread number: 5, Steps performed: 83

[2020-01-30 15:16:58.891585][EnvironmentNew.Environment.log][thread_rollouts]: Thread number: 6

[2020-01-30 15:16:58.891798][EnvironmentNew.Environment.log][thread_rollouts]: Thread number: 7

[2020-01-30 15:16:59.098696][EnvironmentNew.Environment.log][thread_rollouts]: Thread number: 6, Steps performed: 59

[2020-01-30 15:16:59.250326][EnvironmentNew.Environment.log][thread_rollouts]: Thread number: 7, Steps performed: 163

[2020-01-30 15:16:59.251184][EnvironmentNew.Environment.log][thread_rollouts]: Thread number: 8

[2020-01-30 15:16:59.251362][EnvironmentNew.Environment.log][thread_rollouts]: Thread number: 9

[2020-01-30 15:16:59.497759][EnvironmentNew.Environment.log][thread_rollouts]: Thread number: 9, Steps performed: 68

[2020-01-30 15:16:59.520395][EnvironmentNew.Environment.log][thread_rollouts]: Thread number: 8, Steps performed: 77

[2020-01-30 15:16:59.520888][EnvironmentNew.Environment.log][thread_rollouts]: Thread number: 10

[2020-01-30 15:16:59.521153][EnvironmentNew.Environment.log][thread_rollouts]: Thread number: 11

[2020-01-30 15:16:59.806211][EnvironmentNew.Environment.log][thread_rollouts]: Thread number: 10, Steps performed: 84

[2020-01-30 15:16:59.956348][EnvironmentNew.Environment.log][thread_rollouts]: Thread number: 11, Steps performed: 184

[2020-01-30 15:16:59.957400][EnvironmentNew.Environment.log][thread_rollouts]: Thread number: 13

[2020-01-30 15:16:59.957055][EnvironmentNew.Environment.log][thread_rollouts]: Thread number: 12

[2020-01-30 15:17:00.548368][EnvironmentNew.Environment.log][thread_rollouts]: Thread number: 13, Steps performed: 189

[2020-01-30 15:17:00.644876][EnvironmentNew.Environment.log][thread_rollouts]: Thread number: 12, Steps performed: 247

[2020-01-30 15:17:00.645629][EnvironmentNew.Environment.log][thread_rollouts]: Thread number: 14

[2020-01-30 15:17:00.645986][EnvironmentNew.Environment.log][thread_rollouts]: Thread number: 15

[2020-01-30 15:17:00.966324][EnvironmentNew.Environment.log][thread_rollouts]: Thread number: 15, Steps performed: 98

[2020-01-30 15:17:01.158675][EnvironmentNew.Environment.log][thread_rollouts]: Thread number: 14, Steps performed: 228

[2020-01-30 15:17:01.159873][EnvironmentNew.Environment.log][thread_rollouts]: Thread number: 17

[2020-01-30 15:17:01.159440][EnvironmentNew.Environment.log][thread_rollouts]: Thread number: 16

[2020-01-30 15:17:01.519673][EnvironmentNew.Environment.log][thread_rollouts]: Thread number: 17, Steps performed: 111

[2020-01-30 15:17:01.619859][EnvironmentNew.Environment.log][thread_rollouts]: Thread number: 16, Steps performed: 172

[2020-01-30 15:17:01.620596][EnvironmentNew.Environment.log][thread_rollouts]: Thread number: 18

[2020-01-30 15:17:01.621127][EnvironmentNew.Environment.log][thread_rollouts]: Thread number: 19

[2020-01-30 15:17:02.189038][EnvironmentNew.Environment.log][thread_rollouts]: Thread number: 19, Steps performed: 177

[2020-01-30 15:17:02.352420][EnvironmentNew.Environment.log][thread_rollouts]: Thread number: 18, Steps performed: 291

[2020-01-30 15:17:02.353271][EnvironmentNew.Environment.log][thread_rollouts]: Thread number: 20

[2020-01-30 15:17:02.353502][EnvironmentNew.Environment.log][thread_rollouts]: Thread number: 21

[2020-01-30 15:17:02.541218][EnvironmentNew.Environment.log][thread_rollouts]: Thread number: 21, Steps performed: 50

[2020-01-30 15:17:02.748097][EnvironmentNew.Environment.log][thread_rollouts]: Thread number: 20, Steps performed: 195

[2020-01-30 15:17:02.748717][EnvironmentNew.Environment.log][thread_rollouts]: Thread number: 22

[2020-01-30 15:17:02.749783][EnvironmentNew.Environment.log][thread_rollouts]: Thread number: 23

[2020-01-30 15:17:02.931782][EnvironmentNew.Environment.log][thread_rollouts]: Thread number: 23, Steps performed: 53

[2020-01-30 15:17:02.955309][EnvironmentNew.Environment.log][thread_rollouts]: Thread number: 22, Steps performed: 64

[2020-01-30 15:17:02.955829][EnvironmentNew.Environment.log][thread_rollouts]: Thread number: 24

[2020-01-30 15:17:02.955970][EnvironmentNew.Environment.log][thread_rollouts]: Thread number: 25

[2020-01-30 15:17:03.316196][EnvironmentNew.Environment.log][thread_rollouts]: Thread number: 25, Steps performed: 114

[2020-01-30 15:17:03.603266][EnvironmentNew.Environment.log][thread_rollouts]: Thread number: 24, Steps performed: 319

[2020-01-30 15:17:03.604139][EnvironmentNew.Environment.log][thread_rollouts]: Thread number: 26

[2020-01-30 15:17:03.604385][EnvironmentNew.Environment.log][thread_rollouts]: Thread number: 27

[2020-01-30 15:17:03.899006][EnvironmentNew.Environment.log][thread_rollouts]: Thread number: 26, Steps performed: 92

[2020-01-30 15:17:03.948507][EnvironmentNew.Environment.log][thread_rollouts]: Thread number: 27, Steps performed: 117

[2020-01-30 15:17:03.949031][EnvironmentNew.Environment.log][thread_rollouts]: Thread number: 28

[2020-01-30 15:17:03.949328][EnvironmentNew.Environment.log][thread_rollouts]: Thread number: 29

[2020-01-30 15:17:04.233497][EnvironmentNew.Environment.log][thread_rollouts]: Thread number: 28, Steps performed: 86

[2020-01-30 15:17:04.236945][EnvironmentNew.Environment.log][thread_rollouts]: Thread number: 29, Steps performed: 88

[2020-01-30 15:17:04.237455][EnvironmentNew.Environment.log][thread_rollouts]: Thread number: 30

[2020-01-30 15:17:04.237610][EnvironmentNew.Environment.log][thread_rollouts]: Thread number: 31

[2020-01-30 15:17:04.731557][EnvironmentNew.Environment.log][thread_rollouts]: Thread number: 30, Steps performed: 155

[2020-01-30 15:17:04.789533][EnvironmentNew.Environment.log][thread_rollouts]: Thread number: 31, Steps performed: 190

[2020-01-30 15:17:04.790087][EnvironmentNew.Environment.log][thread_rollouts]: Thread number: 32

[2020-01-30 15:17:04.790300][EnvironmentNew.Environment.log][thread_rollouts]: Thread number: 33

[2020-01-30 15:17:05.278358][EnvironmentNew.Environment.log][thread_rollouts]: Thread number: 33, Steps performed: 154

[2020-01-30 15:17:05.355762][EnvironmentNew.Environment.log][thread_rollouts]: Thread number: 32, Steps performed: 196

[2020-01-30 15:17:05.356197][EnvironmentNew.Environment.log][thread_rollouts]: Thread number: 34

[2020-01-30 15:17:05.356457][EnvironmentNew.Environment.log][thread_rollouts]: Thread number: 35

[2020-01-30 15:17:05.551334][EnvironmentNew.Environment.log][thread_rollouts]: Thread number: 35, Steps performed: 56

[2020-01-30 15:17:05.680934][EnvironmentNew.Environment.log][thread_rollouts]: Thread number: 34, Steps performed: 150

[2020-01-30 15:17:05.681622][EnvironmentNew.Environment.log][thread_rollouts]: Thread number: 36

[2020-01-30 15:17:05.682538][EnvironmentNew.Environment.log][thread_rollouts]: Thread number: 37

[2020-01-30 15:17:06.223074][EnvironmentNew.Environment.log][thread_rollouts]: Thread number: 36, Steps performed: 171

[2020-01-30 15:17:06.296587][EnvironmentNew.Environment.log][thread_rollouts]: Thread number: 37, Steps performed: 216

[2020-01-30 15:17:06.297092][EnvironmentNew.Environment.log][thread_rollouts]: Thread number: 38

[2020-01-30 15:17:06.297374][EnvironmentNew.Environment.log][thread_rollouts]: Thread number: 39

[2020-01-30 15:17:06.624951][EnvironmentNew.Environment.log][thread_rollouts]: Thread number: 38, Steps performed: 99

[2020-01-30 15:17:06.627126][EnvironmentNew.Environment.log][thread_rollouts]: Thread number: 39, Steps performed: 98

[2020-01-30 15:17:06.627871][EnvironmentNew.Environment.log][thread_rollouts]: Thread number: 41

[2020-01-30 15:17:06.627742][EnvironmentNew.Environment.log][thread_rollouts]: Thread number: 40

[2020-01-30 15:17:06.858705][EnvironmentNew.Environment.log][thread_rollouts]: Thread number: 41, Steps performed: 64

[2020-01-30 15:17:06.860769][EnvironmentNew.Environment.log][thread_rollouts]: Thread number: 40, Steps performed: 64

[2020-01-30 15:17:06.867687][EnvironmentNew.Environment.log][thread_rollouts]: Thread number: 43

[2020-01-30 15:17:06.867470][EnvironmentNew.Environment.log][thread_rollouts]: Thread number: 42

[2020-01-30 15:17:07.175556][EnvironmentNew.Environment.log][thread_rollouts]: Thread number: 43, Steps performed: 97

[2020-01-30 15:17:07.198474][EnvironmentNew.Environment.log][thread_rollouts]: Thread number: 42, Steps performed: 112

[2020-01-30 15:17:07.198929][EnvironmentNew.Environment.log][thread_rollouts]: Thread number: 44

[2020-01-30 15:17:07.199043][EnvironmentNew.Environment.log][thread_rollouts]: Thread number: 45

[2020-01-30 15:17:07.550470][EnvironmentNew.Environment.log][thread_rollouts]: Thread number: 45, Steps performed: 109

[2020-01-30 15:17:07.552115][EnvironmentNew.Environment.log][thread_rollouts]: Thread number: 44, Steps performed: 107

[2020-01-30 15:17:07.552630][EnvironmentNew.Environment.log][thread_rollouts]: Thread number: 46

[2020-01-30 15:17:07.552811][EnvironmentNew.Environment.log][thread_rollouts]: Thread number: 47

[2020-01-30 15:17:08.016821][EnvironmentNew.Environment.log][thread_rollouts]: Thread number: 47, Steps performed: 149

[2020-01-30 15:17:08.230580][EnvironmentNew.Environment.log][thread_rollouts]: Thread number: 46, Steps performed: 304

[2020-01-30 15:17:08.231237][EnvironmentNew.Environment.log][thread_rollouts]: Thread number: 48

[2020-01-30 15:17:08.231597][EnvironmentNew.Environment.log][thread_rollouts]: Thread number: 49

[2020-01-30 15:17:08.461551][EnvironmentNew.Environment.log][thread_rollouts]: Thread number: 48, Steps performed: 66

[2020-01-30 15:17:08.734869][EnvironmentNew.Environment.log][thread_rollouts]: Thread number: 49, Steps performed: 252

[2020-01-30 15:17:08.735842][EnvironmentNew.Environment.log][thread_rollouts]: Thread number: 51

[2020-01-30 15:17:08.735564][EnvironmentNew.Environment.log][thread_rollouts]: Thread number: 50

[2020-01-30 15:17:09.518833][EnvironmentNew.Environment.log][thread_rollouts]: Thread number: 51, Steps performed: 195

[2020-01-30 15:17:09.546839][EnvironmentNew.Environment.log][thread_rollouts]: Thread number: 50, Steps performed: 204

[2020-01-30 15:17:09.547392][EnvironmentNew.Environment.log][thread_rollouts]: Thread number: 52

[2020-01-30 15:17:09.547796][EnvironmentNew.Environment.log][thread_rollouts]: Thread number: 53

[2020-01-30 15:17:09.769211][EnvironmentNew.Environment.log][thread_rollouts]: Thread number: 53, Steps performed: 48

[2020-01-30 15:17:09.818551][EnvironmentNew.Environment.log][thread_rollouts]: Thread number: 52, Steps performed: 72

[2020-01-30 15:17:09.819090][EnvironmentNew.Environment.log][thread_rollouts]: Thread number: 54

[2020-01-30 15:17:09.819345][EnvironmentNew.Environment.log][thread_rollouts]: Thread number: 55

