LOGGER started at 2020-01-28 20:42:29.242949.
Currently active debug channels:
	act
	batch_info
	linesearch
	learning
[2020-01-28 20:42:29.745119][__main__.TRPOAgent.log][learning]: Episode #0

[2020-01-28 20:42:29.973255][__main__.TRPOAgent.log][learning]: Performing rollouts: rollout length: 1500

[2020-01-28 20:42:30.528477][__main__.TRPOAgent.log][learning]: Rollouts performed

[2020-01-28 20:42:30.531178][__main__.TRPOAgent.log][batch_info]: Rollout statistics size: 471, Batch size: 500, Number of batches: 1

[2020-01-28 20:42:30.531760][__main__.TRPOAgent.log][learning]: 

***************
BEGINNING TRAINING
***************



[2020-01-28 20:42:30.532385][__main__.TRPOAgent.log][batch_info]: Batch #0, batch length: 471

[2020-01-28 20:42:31.822820][__main__.TRPOAgent.log][learning]: Episode #1

[2020-01-28 20:42:31.823353][__main__.TRPOAgent.log][learning]: Performing rollouts: rollout length: 1500

[2020-01-28 20:42:32.484566][__main__.TRPOAgent.log][learning]: Rollouts performed

[2020-01-28 20:42:32.487418][__main__.TRPOAgent.log][batch_info]: Rollout statistics size: 467, Batch size: 500, Number of batches: 1

[2020-01-28 20:42:32.488150][__main__.TRPOAgent.log][learning]: 

***************
BEGINNING TRAINING
***************



[2020-01-28 20:42:32.489085][__main__.TRPOAgent.log][batch_info]: Batch #0, batch length: 467

[2020-01-28 20:42:33.529860][__main__.TRPOAgent.log][learning]: Episode #2

[2020-01-28 20:42:33.530693][__main__.TRPOAgent.log][learning]: Performing rollouts: rollout length: 1500

[2020-01-28 20:42:34.233655][__main__.TRPOAgent.log][learning]: Rollouts performed

[2020-01-28 20:42:34.236130][__main__.TRPOAgent.log][batch_info]: Rollout statistics size: 477, Batch size: 500, Number of batches: 1

[2020-01-28 20:42:34.236701][__main__.TRPOAgent.log][learning]: 

***************
BEGINNING TRAINING
***************



[2020-01-28 20:42:34.237346][__main__.TRPOAgent.log][batch_info]: Batch #0, batch length: 477

[2020-01-28 20:42:35.121722][__main__.TRPOAgent.log][learning]: Episode #3

[2020-01-28 20:42:35.122086][__main__.TRPOAgent.log][learning]: Performing rollouts: rollout length: 1500

[2020-01-28 20:42:35.676990][__main__.TRPOAgent.log][learning]: Rollouts performed

[2020-01-28 20:42:35.679077][__main__.TRPOAgent.log][batch_info]: Rollout statistics size: 474, Batch size: 500, Number of batches: 1

[2020-01-28 20:42:35.679521][__main__.TRPOAgent.log][learning]: 

***************
BEGINNING TRAINING
***************



[2020-01-28 20:42:35.679910][__main__.TRPOAgent.log][batch_info]: Batch #0, batch length: 474

[2020-01-28 20:42:36.355129][__main__.TRPOAgent.log][learning]: Episode #4

[2020-01-28 20:42:36.355493][__main__.TRPOAgent.log][learning]: Performing rollouts: rollout length: 1500

[2020-01-28 20:42:36.895575][__main__.TRPOAgent.log][learning]: Rollouts performed

[2020-01-28 20:42:36.897563][__main__.TRPOAgent.log][batch_info]: Rollout statistics size: 463, Batch size: 500, Number of batches: 1

[2020-01-28 20:42:36.902764][__main__.TRPOAgent.log][learning]: 

***************
BEGINNING TRAINING
***************



[2020-01-28 20:42:36.903514][__main__.TRPOAgent.log][batch_info]: Batch #0, batch length: 463

[2020-01-28 20:42:37.574485][__main__.TRPOAgent.log][learning]: Episode #5

[2020-01-28 20:42:37.575043][__main__.TRPOAgent.log][learning]: Performing rollouts: rollout length: 1500

[2020-01-28 20:42:38.135669][__main__.TRPOAgent.log][learning]: Rollouts performed

[2020-01-28 20:42:38.137874][__main__.TRPOAgent.log][batch_info]: Rollout statistics size: 461, Batch size: 500, Number of batches: 1

[2020-01-28 20:42:38.138591][__main__.TRPOAgent.log][learning]: 

***************
BEGINNING TRAINING
***************



[2020-01-28 20:42:38.139181][__main__.TRPOAgent.log][batch_info]: Batch #0, batch length: 461

[2020-01-28 20:42:38.891643][__main__.TRPOAgent.log][learning]: Episode #6

[2020-01-28 20:42:38.892148][__main__.TRPOAgent.log][learning]: Performing rollouts: rollout length: 1500

[2020-01-28 20:42:39.438195][__main__.TRPOAgent.log][learning]: Rollouts performed

[2020-01-28 20:42:39.440141][__main__.TRPOAgent.log][batch_info]: Rollout statistics size: 461, Batch size: 500, Number of batches: 1

[2020-01-28 20:42:39.440751][__main__.TRPOAgent.log][learning]: 

***************
BEGINNING TRAINING
***************



[2020-01-28 20:42:39.441221][__main__.TRPOAgent.log][batch_info]: Batch #0, batch length: 461

[2020-01-28 20:42:40.282323][__main__.TRPOAgent.log][learning]: Episode #7

[2020-01-28 20:42:40.283067][__main__.TRPOAgent.log][learning]: Performing rollouts: rollout length: 1500

[2020-01-28 20:42:40.837125][__main__.TRPOAgent.log][learning]: Rollouts performed

[2020-01-28 20:42:40.838988][__main__.TRPOAgent.log][batch_info]: Rollout statistics size: 460, Batch size: 500, Number of batches: 1

[2020-01-28 20:42:40.839460][__main__.TRPOAgent.log][learning]: 

***************
BEGINNING TRAINING
***************



[2020-01-28 20:42:40.840030][__main__.TRPOAgent.log][batch_info]: Batch #0, batch length: 460

[2020-01-28 20:42:41.650494][__main__.TRPOAgent.log][learning]: Episode #8

[2020-01-28 20:42:41.651135][__main__.TRPOAgent.log][learning]: Performing rollouts: rollout length: 1500

[2020-01-28 20:42:42.202682][__main__.TRPOAgent.log][learning]: Rollouts performed

[2020-01-28 20:42:42.204613][__main__.TRPOAgent.log][batch_info]: Rollout statistics size: 457, Batch size: 500, Number of batches: 1

[2020-01-28 20:42:42.209892][__main__.TRPOAgent.log][learning]: 

***************
BEGINNING TRAINING
***************



[2020-01-28 20:42:42.210537][__main__.TRPOAgent.log][batch_info]: Batch #0, batch length: 457

[2020-01-28 20:42:42.974885][__main__.TRPOAgent.log][learning]: Episode #9

[2020-01-28 20:42:42.975252][__main__.TRPOAgent.log][learning]: Performing rollouts: rollout length: 1500

[2020-01-28 20:42:43.497283][__main__.TRPOAgent.log][learning]: Rollouts performed

[2020-01-28 20:42:43.499168][__main__.TRPOAgent.log][batch_info]: Rollout statistics size: 454, Batch size: 500, Number of batches: 1

[2020-01-28 20:42:43.499518][__main__.TRPOAgent.log][learning]: 

***************
BEGINNING TRAINING
***************



[2020-01-28 20:42:43.499900][__main__.TRPOAgent.log][batch_info]: Batch #0, batch length: 454

[2020-01-28 20:42:44.259319][__main__.TRPOAgent.log][learning]: Episode #10

[2020-01-28 20:42:44.259731][__main__.TRPOAgent.log][learning]: Performing rollouts: rollout length: 1500

[2020-01-28 20:42:44.772286][__main__.TRPOAgent.log][learning]: Rollouts performed

[2020-01-28 20:42:44.774239][__main__.TRPOAgent.log][batch_info]: Rollout statistics size: 450, Batch size: 500, Number of batches: 1

[2020-01-28 20:42:44.774655][__main__.TRPOAgent.log][learning]: 

***************
BEGINNING TRAINING
***************



[2020-01-28 20:42:44.775019][__main__.TRPOAgent.log][batch_info]: Batch #0, batch length: 450

[2020-01-28 20:42:45.603954][__main__.TRPOAgent.log][learning]: Episode #11

[2020-01-28 20:42:45.604887][__main__.TRPOAgent.log][learning]: Performing rollouts: rollout length: 1500

[2020-01-28 20:42:46.135576][__main__.TRPOAgent.log][learning]: Rollouts performed

[2020-01-28 20:42:46.137822][__main__.TRPOAgent.log][batch_info]: Rollout statistics size: 450, Batch size: 500, Number of batches: 1

[2020-01-28 20:42:46.138353][__main__.TRPOAgent.log][learning]: 

***************
BEGINNING TRAINING
***************



[2020-01-28 20:42:46.139083][__main__.TRPOAgent.log][batch_info]: Batch #0, batch length: 450

[2020-01-28 20:42:46.930151][__main__.TRPOAgent.log][learning]: Episode #12

[2020-01-28 20:42:46.930536][__main__.TRPOAgent.log][learning]: Performing rollouts: rollout length: 1500

[2020-01-28 20:42:47.452356][__main__.TRPOAgent.log][learning]: Rollouts performed

[2020-01-28 20:42:47.454222][__main__.TRPOAgent.log][batch_info]: Rollout statistics size: 450, Batch size: 500, Number of batches: 1

[2020-01-28 20:42:47.459548][__main__.TRPOAgent.log][learning]: 

***************
BEGINNING TRAINING
***************



[2020-01-28 20:42:47.460095][__main__.TRPOAgent.log][batch_info]: Batch #0, batch length: 450

[2020-01-28 20:42:48.232101][__main__.TRPOAgent.log][learning]: Episode #13

[2020-01-28 20:42:48.232475][__main__.TRPOAgent.log][learning]: Performing rollouts: rollout length: 1500

[2020-01-28 20:42:48.763561][__main__.TRPOAgent.log][learning]: Rollouts performed

[2020-01-28 20:42:48.765790][__main__.TRPOAgent.log][batch_info]: Rollout statistics size: 450, Batch size: 500, Number of batches: 1

[2020-01-28 20:42:48.766202][__main__.TRPOAgent.log][learning]: 

***************
BEGINNING TRAINING
***************



[2020-01-28 20:42:48.766579][__main__.TRPOAgent.log][batch_info]: Batch #0, batch length: 450

[2020-01-28 20:42:49.599796][__main__.TRPOAgent.log][learning]: Episode #14

[2020-01-28 20:42:49.600249][__main__.TRPOAgent.log][learning]: Performing rollouts: rollout length: 1500

[2020-01-28 20:42:50.145284][__main__.TRPOAgent.log][learning]: Rollouts performed

[2020-01-28 20:42:50.147705][__main__.TRPOAgent.log][batch_info]: Rollout statistics size: 450, Batch size: 500, Number of batches: 1

[2020-01-28 20:42:50.148240][__main__.TRPOAgent.log][learning]: 

***************
BEGINNING TRAINING
***************



[2020-01-28 20:42:50.148791][__main__.TRPOAgent.log][batch_info]: Batch #0, batch length: 450

[2020-01-28 20:42:50.965864][__main__.TRPOAgent.log][learning]: Episode #15

[2020-01-28 20:42:50.966236][__main__.TRPOAgent.log][learning]: Performing rollouts: rollout length: 1500

[2020-01-28 20:42:51.485335][__main__.TRPOAgent.log][learning]: Rollouts performed

[2020-01-28 20:42:51.487717][__main__.TRPOAgent.log][batch_info]: Rollout statistics size: 450, Batch size: 500, Number of batches: 1

[2020-01-28 20:42:51.488145][__main__.TRPOAgent.log][learning]: 

***************
BEGINNING TRAINING
***************



[2020-01-28 20:42:51.488530][__main__.TRPOAgent.log][batch_info]: Batch #0, batch length: 450

[2020-01-28 20:42:52.368952][__main__.TRPOAgent.log][learning]: Episode #16

[2020-01-28 20:42:52.369399][__main__.TRPOAgent.log][learning]: Performing rollouts: rollout length: 1500

[2020-01-28 20:42:52.927531][__main__.TRPOAgent.log][learning]: Rollouts performed

[2020-01-28 20:42:52.929270][__main__.TRPOAgent.log][batch_info]: Rollout statistics size: 450, Batch size: 500, Number of batches: 1

[2020-01-28 20:42:52.929765][__main__.TRPOAgent.log][learning]: 

***************
BEGINNING TRAINING
***************



[2020-01-28 20:42:52.930197][__main__.TRPOAgent.log][batch_info]: Batch #0, batch length: 450

[2020-01-28 20:42:53.787093][__main__.TRPOAgent.log][learning]: Episode #17

[2020-01-28 20:42:53.787695][__main__.TRPOAgent.log][learning]: Performing rollouts: rollout length: 1500

[2020-01-28 20:42:54.389072][__main__.TRPOAgent.log][learning]: Rollouts performed

[2020-01-28 20:42:54.391910][__main__.TRPOAgent.log][batch_info]: Rollout statistics size: 450, Batch size: 500, Number of batches: 1

[2020-01-28 20:42:54.392475][__main__.TRPOAgent.log][learning]: 

***************
BEGINNING TRAINING
***************



[2020-01-28 20:42:54.393073][__main__.TRPOAgent.log][batch_info]: Batch #0, batch length: 450

[2020-01-28 20:42:55.330063][__main__.TRPOAgent.log][learning]: Episode #18

[2020-01-28 20:42:55.330643][__main__.TRPOAgent.log][learning]: Performing rollouts: rollout length: 1500

[2020-01-28 20:42:55.867245][__main__.TRPOAgent.log][learning]: Rollouts performed

[2020-01-28 20:42:55.869214][__main__.TRPOAgent.log][batch_info]: Rollout statistics size: 450, Batch size: 500, Number of batches: 1

[2020-01-28 20:42:55.869580][__main__.TRPOAgent.log][learning]: 

***************
BEGINNING TRAINING
***************



[2020-01-28 20:42:55.869982][__main__.TRPOAgent.log][batch_info]: Batch #0, batch length: 450

[2020-01-28 20:42:56.618620][__main__.TRPOAgent.log][learning]: Episode #19

[2020-01-28 20:42:56.619038][__main__.TRPOAgent.log][learning]: Performing rollouts: rollout length: 1500

[2020-01-28 20:42:57.145387][__main__.TRPOAgent.log][learning]: Rollouts performed

[2020-01-28 20:42:57.147472][__main__.TRPOAgent.log][batch_info]: Rollout statistics size: 450, Batch size: 500, Number of batches: 1

[2020-01-28 20:42:57.147880][__main__.TRPOAgent.log][learning]: 

***************
BEGINNING TRAINING
***************



[2020-01-28 20:42:57.148309][__main__.TRPOAgent.log][batch_info]: Batch #0, batch length: 450

[2020-01-28 20:42:57.974388][__main__.TRPOAgent.log][learning]: Episode #20

[2020-01-28 20:42:57.974963][__main__.TRPOAgent.log][learning]: Performing rollouts: rollout length: 1500

[2020-01-28 20:42:58.515690][__main__.TRPOAgent.log][learning]: Rollouts performed

[2020-01-28 20:42:58.517677][__main__.TRPOAgent.log][batch_info]: Rollout statistics size: 450, Batch size: 500, Number of batches: 1

[2020-01-28 20:42:58.518103][__main__.TRPOAgent.log][learning]: 

***************
BEGINNING TRAINING
***************



[2020-01-28 20:42:58.518513][__main__.TRPOAgent.log][batch_info]: Batch #0, batch length: 450

[2020-01-28 20:42:59.444719][__main__.TRPOAgent.log][learning]: Episode #21

[2020-01-28 20:42:59.445260][__main__.TRPOAgent.log][learning]: Performing rollouts: rollout length: 1500

[2020-01-28 20:42:59.975609][__main__.TRPOAgent.log][learning]: Rollouts performed

[2020-01-28 20:42:59.977688][__main__.TRPOAgent.log][batch_info]: Rollout statistics size: 450, Batch size: 500, Number of batches: 1

[2020-01-28 20:42:59.978033][__main__.TRPOAgent.log][learning]: 

***************
BEGINNING TRAINING
***************



[2020-01-28 20:42:59.978511][__main__.TRPOAgent.log][batch_info]: Batch #0, batch length: 450

[2020-01-28 20:43:00.995139][__main__.TRPOAgent.log][learning]: Episode #22

[2020-01-28 20:43:00.995508][__main__.TRPOAgent.log][learning]: Performing rollouts: rollout length: 1500

[2020-01-28 20:43:01.639904][__main__.TRPOAgent.log][learning]: Rollouts performed

[2020-01-28 20:43:01.641918][__main__.TRPOAgent.log][batch_info]: Rollout statistics size: 450, Batch size: 500, Number of batches: 1

[2020-01-28 20:43:01.642313][__main__.TRPOAgent.log][learning]: 

***************
BEGINNING TRAINING
***************



[2020-01-28 20:43:01.642885][__main__.TRPOAgent.log][batch_info]: Batch #0, batch length: 450

[2020-01-28 20:43:02.450651][__main__.TRPOAgent.log][learning]: Episode #23

[2020-01-28 20:43:02.451150][__main__.TRPOAgent.log][learning]: Performing rollouts: rollout length: 1500

[2020-01-28 20:43:02.998951][__main__.TRPOAgent.log][learning]: Rollouts performed

[2020-01-28 20:43:03.000762][__main__.TRPOAgent.log][batch_info]: Rollout statistics size: 450, Batch size: 500, Number of batches: 1

[2020-01-28 20:43:03.001166][__main__.TRPOAgent.log][learning]: 

***************
BEGINNING TRAINING
***************



[2020-01-28 20:43:03.001593][__main__.TRPOAgent.log][batch_info]: Batch #0, batch length: 450

