LOGGER started at 2020-01-28 16:00:55.210154.
Currently active debug channels:
	rollouts
	act
	training
	batch_info
	linesearch
	learning
	thread_rollouts
[2020-01-28 16:00:55.629390][__main__.TRPOAgent.log][learning]: Episode #0

[2020-01-28 16:00:55.845165][__main__.TRPOAgent.log][learning]: Performing rollouts: rollout length: 200

[2020-01-28 16:00:55.967024][EnvironmentNew.Environment.log][rollouts]: Rollout thread #1

[2020-01-28 16:00:55.967763][EnvironmentNew.Environment.log][rollouts]: Rollout thread #2

[2020-01-28 16:00:55.967706][EnvironmentNew.Environment.log][thread_rollouts]: Thread number: 0

[2020-01-28 16:00:55.978800][EnvironmentNew.Environment.log][thread_rollouts]: Thread number: 1

[2020-01-28 16:00:56.013928][EnvironmentNew.Environment.log][thread_rollouts]: Thread number: 0, Steps performed: 9

[2020-01-28 16:00:56.014830][EnvironmentNew.Environment.log][thread_rollouts]: Thread number: 1, Steps performed: 10

[2020-01-28 16:00:56.015797][EnvironmentNew.Environment.log][rollouts]: Rollout thread #3

[2020-01-28 16:00:56.016560][EnvironmentNew.Environment.log][rollouts]: Rollout thread #4

[2020-01-28 16:00:56.016460][EnvironmentNew.Environment.log][thread_rollouts]: Thread number: 2

[2020-01-28 16:00:56.017981][EnvironmentNew.Environment.log][thread_rollouts]: Thread number: 3

[2020-01-28 16:00:56.042986][EnvironmentNew.Environment.log][thread_rollouts]: Thread number: 2, Steps performed: 10

[2020-01-28 16:00:56.050977][EnvironmentNew.Environment.log][thread_rollouts]: Thread number: 3, Steps performed: 9

[2020-01-28 16:00:56.051490][EnvironmentNew.Environment.log][rollouts]: Rollout thread #5

[2020-01-28 16:00:56.052205][EnvironmentNew.Environment.log][thread_rollouts]: Thread number: 4

[2020-01-28 16:00:56.052272][EnvironmentNew.Environment.log][rollouts]: Rollout thread #6

[2020-01-28 16:00:56.055985][EnvironmentNew.Environment.log][thread_rollouts]: Thread number: 5

[2020-01-28 16:00:56.090860][EnvironmentNew.Environment.log][thread_rollouts]: Thread number: 4, Steps performed: 12

[2020-01-28 16:00:56.098435][EnvironmentNew.Environment.log][thread_rollouts]: Thread number: 5, Steps performed: 11

[2020-01-28 16:00:56.098925][EnvironmentNew.Environment.log][rollouts]: Rollout thread #7

[2020-01-28 16:00:56.099849][EnvironmentNew.Environment.log][thread_rollouts]: Thread number: 6

[2020-01-28 16:00:56.099956][EnvironmentNew.Environment.log][rollouts]: Rollout thread #8

[2020-01-28 16:00:56.104627][EnvironmentNew.Environment.log][thread_rollouts]: Thread number: 7

[2020-01-28 16:00:56.142528][EnvironmentNew.Environment.log][thread_rollouts]: Thread number: 7, Steps performed: 9

[2020-01-28 16:00:56.143118][EnvironmentNew.Environment.log][thread_rollouts]: Thread number: 6, Steps performed: 15

[2020-01-28 16:00:56.143682][EnvironmentNew.Environment.log][rollouts]: Rollout thread #9

[2020-01-28 16:00:56.144326][EnvironmentNew.Environment.log][rollouts]: Rollout thread #10

[2020-01-28 16:00:56.144249][EnvironmentNew.Environment.log][thread_rollouts]: Thread number: 8

[2020-01-28 16:00:56.145927][EnvironmentNew.Environment.log][thread_rollouts]: Thread number: 9

[2020-01-28 16:00:56.176807][EnvironmentNew.Environment.log][thread_rollouts]: Thread number: 8, Steps performed: 10

[2020-01-28 16:00:56.181595][EnvironmentNew.Environment.log][thread_rollouts]: Thread number: 9, Steps performed: 11

[2020-01-28 16:00:56.182079][EnvironmentNew.Environment.log][rollouts]: Rollout thread #11

[2020-01-28 16:00:56.182825][EnvironmentNew.Environment.log][thread_rollouts]: Thread number: 10

[2020-01-28 16:00:56.183019][EnvironmentNew.Environment.log][rollouts]: Rollout thread #12

[2020-01-28 16:00:56.184926][EnvironmentNew.Environment.log][thread_rollouts]: Thread number: 11

[2020-01-28 16:00:56.213249][EnvironmentNew.Environment.log][thread_rollouts]: Thread number: 10, Steps performed: 9

[2020-01-28 16:00:56.220772][EnvironmentNew.Environment.log][thread_rollouts]: Thread number: 11, Steps performed: 10

[2020-01-28 16:00:56.221168][EnvironmentNew.Environment.log][rollouts]: Rollout thread #13

[2020-01-28 16:00:56.221682][EnvironmentNew.Environment.log][thread_rollouts]: Thread number: 12

[2020-01-28 16:00:56.221736][EnvironmentNew.Environment.log][rollouts]: Rollout thread #14

[2020-01-28 16:00:56.223711][EnvironmentNew.Environment.log][thread_rollouts]: Thread number: 13

[2020-01-28 16:00:56.254063][EnvironmentNew.Environment.log][thread_rollouts]: Thread number: 12, Steps performed: 9

[2020-01-28 16:00:56.254404][EnvironmentNew.Environment.log][thread_rollouts]: Thread number: 13, Steps performed: 9

[2020-01-28 16:00:56.255330][EnvironmentNew.Environment.log][rollouts]: Rollout thread #15

[2020-01-28 16:00:56.255940][EnvironmentNew.Environment.log][thread_rollouts]: Thread number: 14

[2020-01-28 16:00:56.255998][EnvironmentNew.Environment.log][rollouts]: Rollout thread #16

[2020-01-28 16:00:56.259334][EnvironmentNew.Environment.log][thread_rollouts]: Thread number: 15

[2020-01-28 16:00:56.304669][EnvironmentNew.Environment.log][thread_rollouts]: Thread number: 14, Steps performed: 12

[2020-01-28 16:00:56.306434][EnvironmentNew.Environment.log][thread_rollouts]: Thread number: 15, Steps performed: 13

[2020-01-28 16:00:56.308057][EnvironmentNew.Environment.log][rollouts]: Rollout thread #17

[2020-01-28 16:00:56.308900][EnvironmentNew.Environment.log][rollouts]: Rollout thread #18

[2020-01-28 16:00:56.308756][EnvironmentNew.Environment.log][thread_rollouts]: Thread number: 16

[2020-01-28 16:00:56.309843][EnvironmentNew.Environment.log][thread_rollouts]: Thread number: 17

[2020-01-28 16:00:56.342141][EnvironmentNew.Environment.log][thread_rollouts]: Thread number: 16, Steps performed: 9

[2020-01-28 16:00:56.342448][EnvironmentNew.Environment.log][thread_rollouts]: Thread number: 17, Steps performed: 9

[2020-01-28 16:00:56.343611][EnvironmentNew.Environment.log][rollouts]: Rollout thread #19

[2020-01-28 16:00:56.344420][EnvironmentNew.Environment.log][thread_rollouts]: Thread number: 18

[2020-01-28 16:00:56.344573][EnvironmentNew.Environment.log][rollouts]: Rollout thread #20

[2020-01-28 16:00:56.349953][EnvironmentNew.Environment.log][thread_rollouts]: Thread number: 19

[2020-01-28 16:00:56.385473][EnvironmentNew.Environment.log][thread_rollouts]: Thread number: 18, Steps performed: 11

[2020-01-28 16:00:56.386930][EnvironmentNew.Environment.log][thread_rollouts]: Thread number: 19, Steps performed: 9

[2020-01-28 16:00:56.387501][EnvironmentNew.Environment.log][rollouts]: Rollout thread #21

[2020-01-28 16:00:56.388208][EnvironmentNew.Environment.log][thread_rollouts]: Thread number: 20

[2020-01-28 16:00:56.388274][EnvironmentNew.Environment.log][rollouts]: Rollout thread #22

[2020-01-28 16:00:56.392090][EnvironmentNew.Environment.log][thread_rollouts]: Thread number: 21

[2020-01-28 16:00:56.419611][EnvironmentNew.Environment.log][thread_rollouts]: Thread number: 20, Steps performed: 9

[2020-01-28 16:00:56.420187][EnvironmentNew.Environment.log][thread_rollouts]: Thread number: 21, Steps performed: 9

[2020-01-28 16:00:56.421519][EnvironmentNew.Environment.log][rollouts]: Rollout thread #23

[2020-01-28 16:00:56.422227][EnvironmentNew.Environment.log][thread_rollouts]: Thread number: 22

[2020-01-28 16:00:56.422581][EnvironmentNew.Environment.log][rollouts]: Rollout thread #24

[2020-01-28 16:00:56.426792][EnvironmentNew.Environment.log][thread_rollouts]: Thread number: 23

[2020-01-28 16:00:56.471383][EnvironmentNew.Environment.log][thread_rollouts]: Thread number: 23, Steps performed: 9

[2020-01-28 16:00:56.472869][EnvironmentNew.Environment.log][thread_rollouts]: Thread number: 22, Steps performed: 16

[2020-01-28 16:00:56.473550][EnvironmentNew.Environment.log][rollouts]: Rollout thread #25

[2020-01-28 16:00:56.474069][EnvironmentNew.Environment.log][rollouts]: Rollout thread #26

[2020-01-28 16:00:56.474007][EnvironmentNew.Environment.log][thread_rollouts]: Thread number: 24

[2020-01-28 16:00:56.475285][EnvironmentNew.Environment.log][thread_rollouts]: Thread number: 25

[2020-01-28 16:00:56.508715][EnvironmentNew.Environment.log][thread_rollouts]: Thread number: 24, Steps performed: 10

[2020-01-28 16:00:56.509949][EnvironmentNew.Environment.log][thread_rollouts]: Thread number: 25, Steps performed: 10

[2020-01-28 16:00:56.510514][EnvironmentNew.Environment.log][rollouts]: Rollout thread #27

[2020-01-28 16:00:56.511132][EnvironmentNew.Environment.log][thread_rollouts]: Thread number: 26

[2020-01-28 16:00:56.511237][EnvironmentNew.Environment.log][rollouts]: Rollout thread #28

[2020-01-28 16:00:56.515310][EnvironmentNew.Environment.log][thread_rollouts]: Thread number: 27

[2020-01-28 16:00:56.554091][EnvironmentNew.Environment.log][thread_rollouts]: Thread number: 26, Steps performed: 12

[2020-01-28 16:00:56.553964][EnvironmentNew.Environment.log][thread_rollouts]: Thread number: 27, Steps performed: 9

[2020-01-28 16:00:56.555247][EnvironmentNew.Environment.log][rollouts]: Rollout thread #29

[2020-01-28 16:00:56.556009][EnvironmentNew.Environment.log][rollouts]: Rollout thread #30

[2020-01-28 16:00:56.555944][EnvironmentNew.Environment.log][thread_rollouts]: Thread number: 28

[2020-01-28 16:00:56.556911][EnvironmentNew.Environment.log][thread_rollouts]: Thread number: 29

[2020-01-28 16:00:56.587349][EnvironmentNew.Environment.log][thread_rollouts]: Thread number: 29, Steps performed: 9

[2020-01-28 16:00:56.587541][EnvironmentNew.Environment.log][thread_rollouts]: Thread number: 28, Steps performed: 9

[2020-01-28 16:00:56.588503][EnvironmentNew.Environment.log][rollouts]: Rollout thread #31

[2020-01-28 16:00:56.589125][EnvironmentNew.Environment.log][rollouts]: Rollout thread #32

[2020-01-28 16:00:56.589056][EnvironmentNew.Environment.log][thread_rollouts]: Thread number: 30

[2020-01-28 16:00:56.590428][EnvironmentNew.Environment.log][thread_rollouts]: Thread number: 31

[2020-01-28 16:00:56.623669][EnvironmentNew.Environment.log][thread_rollouts]: Thread number: 30, Steps performed: 9

[2020-01-28 16:00:56.624201][EnvironmentNew.Environment.log][thread_rollouts]: Thread number: 31, Steps performed: 9

[2020-01-28 16:00:56.625087][EnvironmentNew.Environment.log][rollouts]: Rollout thread #33

[2020-01-28 16:00:56.625565][EnvironmentNew.Environment.log][thread_rollouts]: Thread number: 32

[2020-01-28 16:00:56.625803][EnvironmentNew.Environment.log][rollouts]: Rollout thread #34

[2020-01-28 16:00:56.628072][EnvironmentNew.Environment.log][thread_rollouts]: Thread number: 33

[2020-01-28 16:00:56.663873][EnvironmentNew.Environment.log][thread_rollouts]: Thread number: 33, Steps performed: 9

[2020-01-28 16:00:56.667340][EnvironmentNew.Environment.log][thread_rollouts]: Thread number: 32, Steps performed: 13

[2020-01-28 16:00:56.667768][EnvironmentNew.Environment.log][rollouts]: Rollout thread #35

[2020-01-28 16:00:56.668534][EnvironmentNew.Environment.log][thread_rollouts]: Thread number: 34

[2020-01-28 16:00:56.668611][EnvironmentNew.Environment.log][rollouts]: Rollout thread #36

[2020-01-28 16:00:56.673243][EnvironmentNew.Environment.log][thread_rollouts]: Thread number: 35

[2020-01-28 16:00:56.699015][EnvironmentNew.Environment.log][thread_rollouts]: Thread number: 34, Steps performed: 9

[2020-01-28 16:00:56.703502][EnvironmentNew.Environment.log][thread_rollouts]: Thread number: 35, Steps performed: 9

[2020-01-28 16:00:56.703858][EnvironmentNew.Environment.log][rollouts]: Rollout thread #37

[2020-01-28 16:00:56.704425][EnvironmentNew.Environment.log][thread_rollouts]: Thread number: 36

[2020-01-28 16:00:56.704476][EnvironmentNew.Environment.log][rollouts]: Rollout thread #38

[2020-01-28 16:00:56.706369][EnvironmentNew.Environment.log][thread_rollouts]: Thread number: 37

[2020-01-28 16:00:56.737987][EnvironmentNew.Environment.log][thread_rollouts]: Thread number: 36, Steps performed: 11

[2020-01-28 16:00:56.739299][EnvironmentNew.Environment.log][thread_rollouts]: Thread number: 37, Steps performed: 10

[2020-01-28 16:00:56.739947][EnvironmentNew.Environment.log][rollouts]: Rollout thread #39

[2020-01-28 16:00:56.740567][EnvironmentNew.Environment.log][thread_rollouts]: Thread number: 38

[2020-01-28 16:00:56.740634][EnvironmentNew.Environment.log][rollouts]: Rollout thread #40

[2020-01-28 16:00:56.742407][EnvironmentNew.Environment.log][thread_rollouts]: Thread number: 39

[2020-01-28 16:00:56.771466][EnvironmentNew.Environment.log][thread_rollouts]: Thread number: 38, Steps performed: 9

[2020-01-28 16:00:56.772292][EnvironmentNew.Environment.log][thread_rollouts]: Thread number: 39, Steps performed: 9

[2020-01-28 16:00:56.773318][EnvironmentNew.Environment.log][rollouts]: Rollout thread #41

[2020-01-28 16:00:56.773893][EnvironmentNew.Environment.log][thread_rollouts]: Thread number: 40

[2020-01-28 16:00:56.773986][EnvironmentNew.Environment.log][rollouts]: Rollout thread #42

[2020-01-28 16:00:56.776435][EnvironmentNew.Environment.log][thread_rollouts]: Thread number: 41

[2020-01-28 16:00:56.814309][EnvironmentNew.Environment.log][thread_rollouts]: Thread number: 40, Steps performed: 10

[2020-01-28 16:00:56.814655][EnvironmentNew.Environment.log][thread_rollouts]: Thread number: 41, Steps performed: 10

[2020-01-28 16:00:56.816125][EnvironmentNew.Environment.log][rollouts]: Rollout thread #43

[2020-01-28 16:00:56.817318][EnvironmentNew.Environment.log][rollouts]: Rollout thread #44

[2020-01-28 16:00:56.817210][EnvironmentNew.Environment.log][thread_rollouts]: Thread number: 42

[2020-01-28 16:00:56.818470][EnvironmentNew.Environment.log][thread_rollouts]: Thread number: 43

[2020-01-28 16:00:56.850545][EnvironmentNew.Environment.log][thread_rollouts]: Thread number: 42, Steps performed: 9

[2020-01-28 16:00:56.851295][EnvironmentNew.Environment.log][thread_rollouts]: Thread number: 43, Steps performed: 10

[2020-01-28 16:00:56.852191][EnvironmentNew.Environment.log][rollouts]: Rollout thread #45

[2020-01-28 16:00:56.852893][EnvironmentNew.Environment.log][thread_rollouts]: Thread number: 44

[2020-01-28 16:00:56.852948][EnvironmentNew.Environment.log][rollouts]: Rollout thread #46

[2020-01-28 16:00:56.857807][EnvironmentNew.Environment.log][thread_rollouts]: Thread number: 45

[2020-01-28 16:00:56.881001][EnvironmentNew.Environment.log][thread_rollouts]: Thread number: 44, Steps performed: 9

[2020-01-28 16:00:56.886824][EnvironmentNew.Environment.log][thread_rollouts]: Thread number: 45, Steps performed: 9

[2020-01-28 16:00:56.887214][EnvironmentNew.Environment.log][rollouts]: Rollout thread #47

[2020-01-28 16:00:56.887800][EnvironmentNew.Environment.log][thread_rollouts]: Thread number: 46

[2020-01-28 16:00:56.887851][EnvironmentNew.Environment.log][rollouts]: Rollout thread #48

[2020-01-28 16:00:56.889836][EnvironmentNew.Environment.log][thread_rollouts]: Thread number: 47

[2020-01-28 16:00:56.926468][EnvironmentNew.Environment.log][thread_rollouts]: Thread number: 47, Steps performed: 11

[2020-01-28 16:00:56.924827][EnvironmentNew.Environment.log][thread_rollouts]: Thread number: 46, Steps performed: 9

[2020-01-28 16:00:56.927264][EnvironmentNew.Environment.log][rollouts]: Rollout thread #49

[2020-01-28 16:00:56.927769][EnvironmentNew.Environment.log][thread_rollouts]: Thread number: 48

[2020-01-28 16:00:56.927832][EnvironmentNew.Environment.log][rollouts]: Rollout thread #50

[2020-01-28 16:00:56.930477][EnvironmentNew.Environment.log][thread_rollouts]: Thread number: 49

[2020-01-28 16:00:56.968767][EnvironmentNew.Environment.log][thread_rollouts]: Thread number: 48, Steps performed: 13

[2020-01-28 16:00:56.969316][EnvironmentNew.Environment.log][thread_rollouts]: Thread number: 49, Steps performed: 11

[2020-01-28 16:00:56.970291][EnvironmentNew.Environment.log][rollouts]: Rollout thread #51

[2020-01-28 16:00:56.970875][EnvironmentNew.Environment.log][rollouts]: Rollout thread #52

[2020-01-28 16:00:56.970818][EnvironmentNew.Environment.log][thread_rollouts]: Thread number: 50

[2020-01-28 16:00:56.972185][EnvironmentNew.Environment.log][thread_rollouts]: Thread number: 51

[2020-01-28 16:00:56.999307][EnvironmentNew.Environment.log][thread_rollouts]: Thread number: 50, Steps performed: 9

[2020-01-28 16:00:57.001910][EnvironmentNew.Environment.log][thread_rollouts]: Thread number: 51, Steps performed: 9

[2020-01-28 16:00:57.002362][EnvironmentNew.Environment.log][rollouts]: Rollout thread #53

[2020-01-28 16:00:57.003151][EnvironmentNew.Environment.log][rollouts]: Rollout thread #54

[2020-01-28 16:00:57.003093][EnvironmentNew.Environment.log][thread_rollouts]: Thread number: 52

[2020-01-28 16:00:57.004357][EnvironmentNew.Environment.log][thread_rollouts]: Thread number: 53

[2020-01-28 16:00:57.038857][EnvironmentNew.Environment.log][thread_rollouts]: Thread number: 53, Steps performed: 9

[2020-01-28 16:00:57.038591][EnvironmentNew.Environment.log][thread_rollouts]: Thread number: 52, Steps performed: 9

[2020-01-28 16:00:57.039943][EnvironmentNew.Environment.log][rollouts]: Rollout thread #55

[2020-01-28 16:00:57.040641][EnvironmentNew.Environment.log][rollouts]: Rollout thread #56

[2020-01-28 16:00:57.040579][EnvironmentNew.Environment.log][thread_rollouts]: Thread number: 54

[2020-01-28 16:00:57.042059][EnvironmentNew.Environment.log][thread_rollouts]: Thread number: 55

[2020-01-28 16:00:57.074258][EnvironmentNew.Environment.log][thread_rollouts]: Thread number: 54, Steps performed: 10

[2020-01-28 16:00:57.075345][EnvironmentNew.Environment.log][thread_rollouts]: Thread number: 55, Steps performed: 9

[2020-01-28 16:00:57.075789][EnvironmentNew.Environment.log][rollouts]: Rollout thread #57

[2020-01-28 16:00:57.076582][EnvironmentNew.Environment.log][rollouts]: Rollout thread #58

[2020-01-28 16:00:57.076508][EnvironmentNew.Environment.log][thread_rollouts]: Thread number: 56

[2020-01-28 16:00:57.077281][EnvironmentNew.Environment.log][thread_rollouts]: Thread number: 57

[2020-01-28 16:00:57.107040][EnvironmentNew.Environment.log][thread_rollouts]: Thread number: 56, Steps performed: 9

[2020-01-28 16:00:57.108266][EnvironmentNew.Environment.log][thread_rollouts]: Thread number: 57, Steps performed: 9

[2020-01-28 16:00:57.109054][EnvironmentNew.Environment.log][rollouts]: Rollout thread #59

[2020-01-28 16:00:57.109746][EnvironmentNew.Environment.log][thread_rollouts]: Thread number: 58

[2020-01-28 16:00:57.109834][EnvironmentNew.Environment.log][rollouts]: Rollout thread #60

[2020-01-28 16:00:57.113777][EnvironmentNew.Environment.log][thread_rollouts]: Thread number: 59

[2020-01-28 16:00:57.155781][EnvironmentNew.Environment.log][thread_rollouts]: Thread number: 59, Steps performed: 9

[2020-01-28 16:00:57.156631][EnvironmentNew.Environment.log][thread_rollouts]: Thread number: 58, Steps performed: 13

[2020-01-28 16:00:57.157031][EnvironmentNew.Environment.log][rollouts]: Rollout thread #61

[2020-01-28 16:00:57.157494][EnvironmentNew.Environment.log][thread_rollouts]: Thread number: 60

[2020-01-28 16:00:57.157620][EnvironmentNew.Environment.log][rollouts]: Rollout thread #62

[2020-01-28 16:00:57.161425][EnvironmentNew.Environment.log][thread_rollouts]: Thread number: 61

[2020-01-28 16:00:57.190622][EnvironmentNew.Environment.log][thread_rollouts]: Thread number: 60, Steps performed: 12

[2020-01-28 16:00:57.196826][EnvironmentNew.Environment.log][thread_rollouts]: Thread number: 61, Steps performed: 9

[2020-01-28 16:00:57.197464][EnvironmentNew.Environment.log][rollouts]: Rollout thread #63

[2020-01-28 16:00:57.198085][EnvironmentNew.Environment.log][thread_rollouts]: Thread number: 62

[2020-01-28 16:00:57.198151][EnvironmentNew.Environment.log][rollouts]: Rollout thread #64

[2020-01-28 16:00:57.200970][EnvironmentNew.Environment.log][thread_rollouts]: Thread number: 63

[2020-01-28 16:00:57.236162][EnvironmentNew.Environment.log][thread_rollouts]: Thread number: 62, Steps performed: 10

[2020-01-28 16:00:57.235812][EnvironmentNew.Environment.log][thread_rollouts]: Thread number: 63, Steps performed: 11

[2020-01-28 16:00:57.237994][EnvironmentNew.Environment.log][rollouts]: Rollout thread #65

[2020-01-28 16:00:57.238678][EnvironmentNew.Environment.log][thread_rollouts]: Thread number: 64

[2020-01-28 16:00:57.238749][EnvironmentNew.Environment.log][rollouts]: Rollout thread #66

[2020-01-28 16:00:57.240832][EnvironmentNew.Environment.log][thread_rollouts]: Thread number: 65

[2020-01-28 16:00:57.266132][EnvironmentNew.Environment.log][thread_rollouts]: Thread number: 64, Steps performed: 9

[2020-01-28 16:00:57.277653][EnvironmentNew.Environment.log][thread_rollouts]: Thread number: 65, Steps performed: 13

[2020-01-28 16:00:57.278223][EnvironmentNew.Environment.log][rollouts]: Rollout thread #67

[2020-01-28 16:00:57.279142][EnvironmentNew.Environment.log][rollouts]: Rollout thread #68

[2020-01-28 16:00:57.278992][EnvironmentNew.Environment.log][thread_rollouts]: Thread number: 66

[2020-01-28 16:00:57.280953][EnvironmentNew.Environment.log][thread_rollouts]: Thread number: 67

[2020-01-28 16:00:57.313256][EnvironmentNew.Environment.log][thread_rollouts]: Thread number: 66, Steps performed: 10

[2020-01-28 16:00:57.313116][EnvironmentNew.Environment.log][thread_rollouts]: Thread number: 67, Steps performed: 9

[2020-01-28 16:00:57.314557][EnvironmentNew.Environment.log][rollouts]: Rollout thread #69

[2020-01-28 16:00:57.315148][EnvironmentNew.Environment.log][thread_rollouts]: Thread number: 68

[2020-01-28 16:00:57.315220][EnvironmentNew.Environment.log][rollouts]: Rollout thread #70

[2020-01-28 16:00:57.317590][EnvironmentNew.Environment.log][thread_rollouts]: Thread number: 69

[2020-01-28 16:00:57.347411][EnvironmentNew.Environment.log][thread_rollouts]: Thread number: 68, Steps performed: 9

[2020-01-28 16:00:57.352084][EnvironmentNew.Environment.log][thread_rollouts]: Thread number: 69, Steps performed: 10

[2020-01-28 16:00:57.352700][EnvironmentNew.Environment.log][rollouts]: Rollout thread #71

[2020-01-28 16:00:57.353162][EnvironmentNew.Environment.log][thread_rollouts]: Thread number: 70

[2020-01-28 16:00:57.353237][EnvironmentNew.Environment.log][rollouts]: Rollout thread #72

[2020-01-28 16:00:57.355045][EnvironmentNew.Environment.log][thread_rollouts]: Thread number: 71

[2020-01-28 16:00:57.389606][EnvironmentNew.Environment.log][thread_rollouts]: Thread number: 70, Steps performed: 9

[2020-01-28 16:00:57.390535][EnvironmentNew.Environment.log][thread_rollouts]: Thread number: 71, Steps performed: 9

[2020-01-28 16:00:57.391421][EnvironmentNew.Environment.log][rollouts]: Rollout thread #73

[2020-01-28 16:00:57.391952][EnvironmentNew.Environment.log][thread_rollouts]: Thread number: 72

[2020-01-28 16:00:57.392006][EnvironmentNew.Environment.log][rollouts]: Rollout thread #74

[2020-01-28 16:00:57.393572][EnvironmentNew.Environment.log][thread_rollouts]: Thread number: 73

[2020-01-28 16:00:57.426231][EnvironmentNew.Environment.log][thread_rollouts]: Thread number: 72, Steps performed: 9

[2020-01-28 16:00:57.429293][EnvironmentNew.Environment.log][thread_rollouts]: Thread number: 73, Steps performed: 9

[2020-01-28 16:00:57.430317][EnvironmentNew.Environment.log][rollouts]: Rollout thread #75

[2020-01-28 16:00:57.431200][EnvironmentNew.Environment.log][rollouts]: Rollout thread #76

[2020-01-28 16:00:57.431124][EnvironmentNew.Environment.log][thread_rollouts]: Thread number: 74

[2020-01-28 16:00:57.432750][EnvironmentNew.Environment.log][thread_rollouts]: Thread number: 75

[2020-01-28 16:00:57.466468][EnvironmentNew.Environment.log][thread_rollouts]: Thread number: 74, Steps performed: 10

[2020-01-28 16:00:57.475270][EnvironmentNew.Environment.log][thread_rollouts]: Thread number: 75, Steps performed: 13

[2020-01-28 16:00:57.475864][EnvironmentNew.Environment.log][rollouts]: Rollout thread #77

[2020-01-28 16:00:57.476785][EnvironmentNew.Environment.log][rollouts]: Rollout thread #78

[2020-01-28 16:00:57.476716][EnvironmentNew.Environment.log][thread_rollouts]: Thread number: 76

[2020-01-28 16:00:57.478149][EnvironmentNew.Environment.log][thread_rollouts]: Thread number: 77

[2020-01-28 16:00:57.515571][EnvironmentNew.Environment.log][thread_rollouts]: Thread number: 77, Steps performed: 9

[2020-01-28 16:00:57.527319][EnvironmentNew.Environment.log][thread_rollouts]: Thread number: 76, Steps performed: 19

[2020-01-28 16:00:57.527874][EnvironmentNew.Environment.log][rollouts]: Rollout thread #79

[2020-01-28 16:00:57.528785][EnvironmentNew.Environment.log][thread_rollouts]: Thread number: 78

[2020-01-28 16:00:57.529015][EnvironmentNew.Environment.log][rollouts]: Rollout thread #80

[2020-01-28 16:00:57.533100][EnvironmentNew.Environment.log][thread_rollouts]: Thread number: 79

[2020-01-28 16:00:57.571252][EnvironmentNew.Environment.log][thread_rollouts]: Thread number: 79, Steps performed: 10

[2020-01-28 16:00:57.571576][EnvironmentNew.Environment.log][thread_rollouts]: Thread number: 78, Steps performed: 11

[2020-01-28 16:00:57.572490][EnvironmentNew.Environment.log][rollouts]: Rollout thread #81

[2020-01-28 16:00:57.572982][EnvironmentNew.Environment.log][thread_rollouts]: Thread number: 80

[2020-01-28 16:00:57.573035][EnvironmentNew.Environment.log][rollouts]: Rollout thread #82

[2020-01-28 16:00:57.575038][EnvironmentNew.Environment.log][thread_rollouts]: Thread number: 81

[2020-01-28 16:00:57.609808][EnvironmentNew.Environment.log][thread_rollouts]: Thread number: 80, Steps performed: 11

[2020-01-28 16:00:57.612530][EnvironmentNew.Environment.log][thread_rollouts]: Thread number: 81, Steps performed: 9

[2020-01-28 16:00:57.613405][EnvironmentNew.Environment.log][rollouts]: Rollout thread #83

[2020-01-28 16:00:57.614115][EnvironmentNew.Environment.log][thread_rollouts]: Thread number: 82

[2020-01-28 16:00:57.614199][EnvironmentNew.Environment.log][rollouts]: Rollout thread #84

[2020-01-28 16:00:57.616264][EnvironmentNew.Environment.log][thread_rollouts]: Thread number: 83

[2020-01-28 16:00:57.650636][EnvironmentNew.Environment.log][thread_rollouts]: Thread number: 82, Steps performed: 11

[2020-01-28 16:00:57.651535][EnvironmentNew.Environment.log][thread_rollouts]: Thread number: 83, Steps performed: 9

[2020-01-28 16:00:57.652175][EnvironmentNew.Environment.log][rollouts]: Rollout thread #85

[2020-01-28 16:00:57.652656][EnvironmentNew.Environment.log][thread_rollouts]: Thread number: 84

[2020-01-28 16:00:57.652724][EnvironmentNew.Environment.log][rollouts]: Rollout thread #86

[2020-01-28 16:00:57.654479][EnvironmentNew.Environment.log][thread_rollouts]: Thread number: 85

[2020-01-28 16:00:57.685322][EnvironmentNew.Environment.log][thread_rollouts]: Thread number: 84, Steps performed: 10

[2020-01-28 16:00:57.685258][EnvironmentNew.Environment.log][thread_rollouts]: Thread number: 85, Steps performed: 9

[2020-01-28 16:00:57.686468][EnvironmentNew.Environment.log][rollouts]: Rollout thread #87

[2020-01-28 16:00:57.687102][EnvironmentNew.Environment.log][rollouts]: Rollout thread #88

[2020-01-28 16:00:57.687042][EnvironmentNew.Environment.log][thread_rollouts]: Thread number: 86

[2020-01-28 16:00:57.688547][EnvironmentNew.Environment.log][thread_rollouts]: Thread number: 87

[2020-01-28 16:00:57.719724][EnvironmentNew.Environment.log][thread_rollouts]: Thread number: 86, Steps performed: 9

[2020-01-28 16:00:57.722802][EnvironmentNew.Environment.log][thread_rollouts]: Thread number: 87, Steps performed: 9

[2020-01-28 16:00:57.723363][EnvironmentNew.Environment.log][rollouts]: Rollout thread #89

[2020-01-28 16:00:57.723944][EnvironmentNew.Environment.log][thread_rollouts]: Thread number: 88

[2020-01-28 16:00:57.723999][EnvironmentNew.Environment.log][rollouts]: Rollout thread #90

[2020-01-28 16:00:57.726136][EnvironmentNew.Environment.log][thread_rollouts]: Thread number: 89

[2020-01-28 16:00:57.754694][EnvironmentNew.Environment.log][thread_rollouts]: Thread number: 88, Steps performed: 9

[2020-01-28 16:00:57.755825][EnvironmentNew.Environment.log][thread_rollouts]: Thread number: 89, Steps performed: 9

[2020-01-28 16:00:57.756841][EnvironmentNew.Environment.log][rollouts]: Rollout thread #91

[2020-01-28 16:00:57.757737][EnvironmentNew.Environment.log][rollouts]: Rollout thread #92

[2020-01-28 16:00:57.758736][EnvironmentNew.Environment.log][thread_rollouts]: Thread number: 91

[2020-01-28 16:00:57.757638][EnvironmentNew.Environment.log][thread_rollouts]: Thread number: 90

[2020-01-28 16:00:57.801201][EnvironmentNew.Environment.log][thread_rollouts]: Thread number: 91, Steps performed: 12

[2020-01-28 16:00:57.801698][EnvironmentNew.Environment.log][thread_rollouts]: Thread number: 90, Steps performed: 16

[2020-01-28 16:00:57.802673][EnvironmentNew.Environment.log][rollouts]: Rollout thread #93

[2020-01-28 16:00:57.803326][EnvironmentNew.Environment.log][rollouts]: Rollout thread #94

[2020-01-28 16:00:57.803256][EnvironmentNew.Environment.log][thread_rollouts]: Thread number: 92

[2020-01-28 16:00:57.804529][EnvironmentNew.Environment.log][thread_rollouts]: Thread number: 93

[2020-01-28 16:00:57.836032][EnvironmentNew.Environment.log][thread_rollouts]: Thread number: 92, Steps performed: 11

[2020-01-28 16:00:57.838737][EnvironmentNew.Environment.log][thread_rollouts]: Thread number: 93, Steps performed: 9

[2020-01-28 16:00:57.839337][EnvironmentNew.Environment.log][rollouts]: Rollout thread #95

[2020-01-28 16:00:57.839847][EnvironmentNew.Environment.log][thread_rollouts]: Thread number: 94

[2020-01-28 16:00:57.839908][EnvironmentNew.Environment.log][rollouts]: Rollout thread #96

[2020-01-28 16:00:57.841647][EnvironmentNew.Environment.log][thread_rollouts]: Thread number: 95

[2020-01-28 16:00:57.870959][EnvironmentNew.Environment.log][thread_rollouts]: Thread number: 95, Steps performed: 10

[2020-01-28 16:00:57.871700][EnvironmentNew.Environment.log][thread_rollouts]: Thread number: 94, Steps performed: 9

[2020-01-28 16:00:57.872180][EnvironmentNew.Environment.log][rollouts]: Rollout thread #97

[2020-01-28 16:00:57.872714][EnvironmentNew.Environment.log][thread_rollouts]: Thread number: 96

[2020-01-28 16:00:57.872767][EnvironmentNew.Environment.log][rollouts]: Rollout thread #98

[2020-01-28 16:00:57.874743][EnvironmentNew.Environment.log][thread_rollouts]: Thread number: 97

[2020-01-28 16:00:57.912970][EnvironmentNew.Environment.log][thread_rollouts]: Thread number: 96, Steps performed: 9

[2020-01-28 16:00:57.917987][EnvironmentNew.Environment.log][thread_rollouts]: Thread number: 97, Steps performed: 12

[2020-01-28 16:00:57.918352][EnvironmentNew.Environment.log][rollouts]: Rollout thread #99

[2020-01-28 16:00:57.919071][EnvironmentNew.Environment.log][thread_rollouts]: Thread number: 98

[2020-01-28 16:00:57.919125][EnvironmentNew.Environment.log][rollouts]: Rollout thread #100

[2020-01-28 16:00:57.921629][EnvironmentNew.Environment.log][thread_rollouts]: Thread number: 99

[2020-01-28 16:00:57.957659][EnvironmentNew.Environment.log][thread_rollouts]: Thread number: 99, Steps performed: 9

[2020-01-28 16:00:57.958057][EnvironmentNew.Environment.log][thread_rollouts]: Thread number: 98, Steps performed: 13

[2020-01-28 16:00:57.959467][__main__.TRPOAgent.log][learning]: Rollouts performed

[2020-01-28 16:00:57.960873][__main__.TRPOAgent.log][batch_info]: Rollout statistics size: 1016, Batch size: 1000, Number of batches: 100

[2020-01-28 16:00:57.961256][__main__.TRPOAgent.log][learning]: 

***************
BEGINNING TRAINING
***************



[2020-01-28 16:00:57.961578][__main__.TRPOAgent.log][batch_info]: Batch #0, batch length: 9

