LOGGER started at 2020-01-28 13:31:54.648388.
Currently active debug channels:
	rollouts
	act
	training
	batch_info
	linesearch
	learning
	thread_rollouts
[2020-01-28 13:31:55.062147][__main__.TRPOAgent.log][learning]: Episode #0

[2020-01-28 13:31:55.266059][__main__.TRPOAgent.log][learning]: Performing rollouts: rollout length: 5000

[2020-01-28 13:31:55.298011][Environment.Environment.log][rollouts]: Rollout thread #1

[2020-01-28 13:31:55.298712][Environment.Environment.log][thread_rollouts]: Thread number: 0

[2020-01-28 13:31:55.298860][Environment.Environment.log][rollouts]: Rollout thread #2

[2020-01-28 13:31:55.303787][Environment.Environment.log][thread_rollouts]: Thread number: 1

[2020-01-28 13:31:55.375759][Environment.Environment.log][thread_rollouts]: Thread number: 0, Steps performed: 30

[2020-01-28 13:31:55.382035][Environment.Environment.log][thread_rollouts]: Thread number: 1, Steps performed: 31

[2020-01-28 13:31:55.382681][Environment.Environment.log][rollouts]: Rollout thread #3

[2020-01-28 13:31:55.383438][Environment.Environment.log][thread_rollouts]: Thread number: 2

[2020-01-28 13:31:55.383534][Environment.Environment.log][rollouts]: Rollout thread #4

[2020-01-28 13:31:55.385255][Environment.Environment.log][thread_rollouts]: Thread number: 3

[2020-01-28 13:31:55.419923][Environment.Environment.log][thread_rollouts]: Thread number: 3, Steps performed: 11

[2020-01-28 13:31:55.424802][Environment.Environment.log][thread_rollouts]: Thread number: 2, Steps performed: 16

[2020-01-28 13:31:55.425182][Environment.Environment.log][rollouts]: Rollout thread #5

[2020-01-28 13:31:55.425830][Environment.Environment.log][rollouts]: Rollout thread #6

[2020-01-28 13:31:55.425754][Environment.Environment.log][thread_rollouts]: Thread number: 4

[2020-01-28 13:31:55.427454][Environment.Environment.log][thread_rollouts]: Thread number: 5

[2020-01-28 13:31:55.498007][Environment.Environment.log][thread_rollouts]: Thread number: 5, Steps performed: 25

[2020-01-28 13:31:55.498549][Environment.Environment.log][thread_rollouts]: Thread number: 4, Steps performed: 27

[2020-01-28 13:31:55.499284][Environment.Environment.log][rollouts]: Rollout thread #7

[2020-01-28 13:31:55.500049][Environment.Environment.log][rollouts]: Rollout thread #8

[2020-01-28 13:31:55.499974][Environment.Environment.log][thread_rollouts]: Thread number: 6

[2020-01-28 13:31:55.502059][Environment.Environment.log][thread_rollouts]: Thread number: 7

[2020-01-28 13:31:55.558590][Environment.Environment.log][thread_rollouts]: Thread number: 7, Steps performed: 18

[2020-01-28 13:31:55.563589][Environment.Environment.log][thread_rollouts]: Thread number: 6, Steps performed: 25

[2020-01-28 13:31:55.564188][Environment.Environment.log][rollouts]: Rollout thread #9

[2020-01-28 13:31:55.564857][Environment.Environment.log][thread_rollouts]: Thread number: 8

[2020-01-28 13:31:55.564965][Environment.Environment.log][rollouts]: Rollout thread #10

[2020-01-28 13:31:55.566954][Environment.Environment.log][thread_rollouts]: Thread number: 9

[2020-01-28 13:31:55.633971][Environment.Environment.log][thread_rollouts]: Thread number: 9, Steps performed: 25

[2020-01-28 13:31:55.631427][Environment.Environment.log][thread_rollouts]: Thread number: 8, Steps performed: 25

[2020-01-28 13:31:55.634749][Environment.Environment.log][rollouts]: Rollout thread #11

[2020-01-28 13:31:55.635274][Environment.Environment.log][thread_rollouts]: Thread number: 10

[2020-01-28 13:31:55.635327][Environment.Environment.log][rollouts]: Rollout thread #12

[2020-01-28 13:31:55.636843][Environment.Environment.log][thread_rollouts]: Thread number: 11

[2020-01-28 13:31:55.675965][Environment.Environment.log][thread_rollouts]: Thread number: 10, Steps performed: 16

[2020-01-28 13:31:55.682028][Environment.Environment.log][thread_rollouts]: Thread number: 11, Steps performed: 16

[2020-01-28 13:31:55.682795][Environment.Environment.log][rollouts]: Rollout thread #13

[2020-01-28 13:31:55.683723][Environment.Environment.log][thread_rollouts]: Thread number: 12

[2020-01-28 13:31:55.683800][Environment.Environment.log][rollouts]: Rollout thread #14

[2020-01-28 13:31:55.687355][Environment.Environment.log][thread_rollouts]: Thread number: 13

[2020-01-28 13:31:55.722801][Environment.Environment.log][thread_rollouts]: Thread number: 12, Steps performed: 13

[2020-01-28 13:31:55.726955][Environment.Environment.log][thread_rollouts]: Thread number: 13, Steps performed: 14

[2020-01-28 13:31:55.727631][Environment.Environment.log][rollouts]: Rollout thread #15

[2020-01-28 13:31:55.728120][Environment.Environment.log][thread_rollouts]: Thread number: 14

[2020-01-28 13:31:55.728177][Environment.Environment.log][rollouts]: Rollout thread #16

[2020-01-28 13:31:55.732541][Environment.Environment.log][thread_rollouts]: Thread number: 15

[2020-01-28 13:31:55.763671][Environment.Environment.log][thread_rollouts]: Thread number: 14, Steps performed: 11

[2020-01-28 13:31:55.789397][Environment.Environment.log][thread_rollouts]: Thread number: 15, Steps performed: 29

[2020-01-28 13:31:55.789880][Environment.Environment.log][rollouts]: Rollout thread #17

[2020-01-28 13:31:55.790475][Environment.Environment.log][thread_rollouts]: Thread number: 16

[2020-01-28 13:31:55.790535][Environment.Environment.log][rollouts]: Rollout thread #18

[2020-01-28 13:31:55.792132][Environment.Environment.log][thread_rollouts]: Thread number: 17

[2020-01-28 13:31:55.845729][Environment.Environment.log][thread_rollouts]: Thread number: 17, Steps performed: 18

[2020-01-28 13:31:55.852236][Environment.Environment.log][thread_rollouts]: Thread number: 16, Steps performed: 25

[2020-01-28 13:31:55.852630][Environment.Environment.log][rollouts]: Rollout thread #19

[2020-01-28 13:31:55.853114][Environment.Environment.log][thread_rollouts]: Thread number: 18

[2020-01-28 13:31:55.853167][Environment.Environment.log][rollouts]: Rollout thread #20

[2020-01-28 13:31:55.856037][Environment.Environment.log][thread_rollouts]: Thread number: 19

[2020-01-28 13:31:55.886810][Environment.Environment.log][thread_rollouts]: Thread number: 19, Steps performed: 9

[2020-01-28 13:31:55.903972][Environment.Environment.log][thread_rollouts]: Thread number: 18, Steps performed: 23

[2020-01-28 13:31:55.904647][Environment.Environment.log][rollouts]: Rollout thread #21

[2020-01-28 13:31:55.905420][Environment.Environment.log][thread_rollouts]: Thread number: 20

[2020-01-28 13:31:55.905529][Environment.Environment.log][rollouts]: Rollout thread #22

[2020-01-28 13:31:55.907958][Environment.Environment.log][thread_rollouts]: Thread number: 21

[2020-01-28 13:31:55.954383][Environment.Environment.log][thread_rollouts]: Thread number: 21, Steps performed: 13

[2020-01-28 13:31:55.968619][Environment.Environment.log][thread_rollouts]: Thread number: 20, Steps performed: 32

[2020-01-28 13:31:55.969080][Environment.Environment.log][rollouts]: Rollout thread #23

[2020-01-28 13:31:55.970031][Environment.Environment.log][rollouts]: Rollout thread #24

[2020-01-28 13:31:55.969807][Environment.Environment.log][thread_rollouts]: Thread number: 22

[2020-01-28 13:31:55.971247][Environment.Environment.log][thread_rollouts]: Thread number: 23

[2020-01-28 13:31:55.999550][Environment.Environment.log][thread_rollouts]: Thread number: 22, Steps performed: 9

[2020-01-28 13:31:56.013319][Environment.Environment.log][thread_rollouts]: Thread number: 23, Steps performed: 20

[2020-01-28 13:31:56.013834][Environment.Environment.log][rollouts]: Rollout thread #25

[2020-01-28 13:31:56.014899][Environment.Environment.log][rollouts]: Rollout thread #26

[2020-01-28 13:31:56.014772][Environment.Environment.log][thread_rollouts]: Thread number: 24

[2020-01-28 13:31:56.016690][Environment.Environment.log][thread_rollouts]: Thread number: 25

[2020-01-28 13:31:56.056691][Environment.Environment.log][thread_rollouts]: Thread number: 25, Steps performed: 11

[2020-01-28 13:31:56.068608][Environment.Environment.log][thread_rollouts]: Thread number: 24, Steps performed: 23

[2020-01-28 13:31:56.069050][Environment.Environment.log][rollouts]: Rollout thread #27

[2020-01-28 13:31:56.069671][Environment.Environment.log][thread_rollouts]: Thread number: 26

[2020-01-28 13:31:56.069725][Environment.Environment.log][rollouts]: Rollout thread #28

[2020-01-28 13:31:56.071644][Environment.Environment.log][thread_rollouts]: Thread number: 27

[2020-01-28 13:31:56.104722][Environment.Environment.log][thread_rollouts]: Thread number: 27, Steps performed: 11

[2020-01-28 13:31:56.122678][Environment.Environment.log][thread_rollouts]: Thread number: 26, Steps performed: 24

[2020-01-28 13:31:56.123291][Environment.Environment.log][rollouts]: Rollout thread #29

[2020-01-28 13:31:56.124110][Environment.Environment.log][thread_rollouts]: Thread number: 28

[2020-01-28 13:31:56.124191][Environment.Environment.log][rollouts]: Rollout thread #30

[2020-01-28 13:31:56.126087][Environment.Environment.log][thread_rollouts]: Thread number: 29

[2020-01-28 13:31:56.191336][Environment.Environment.log][thread_rollouts]: Thread number: 28, Steps performed: 25

[2020-01-28 13:31:56.196370][Environment.Environment.log][thread_rollouts]: Thread number: 29, Steps performed: 27

[2020-01-28 13:31:56.196756][__main__.TRPOAgent.log][rollouts]: Unpacking actions

[2020-01-28 13:31:56.197340][__main__.TRPOAgent.log][rollouts]: Unpacking rewards

[2020-01-28 13:31:56.198650][__main__.TRPOAgent.log][rollouts]: Unpacking observations

[2020-01-28 13:31:56.199419][__main__.TRPOAgent.log][learning]: Rollouts performed

[2020-01-28 13:31:56.201213][__main__.TRPOAgent.log][batch_info]: Rollout statistics size: 602, Batch size: 60000, Number of batches: 1

[2020-01-28 13:31:56.201741][__main__.TRPOAgent.log][learning]: 

***************
BEGINNING TRAINING
***************



[2020-01-28 13:31:56.204702][__main__.TRPOAgent.log][batch_info]: Batch #0, batch length: 602

[2020-01-28 13:31:56.715345][__main__.TRPOAgent.log][training]: policy_gradient: [ 7.70479274e-05  8.81663610e-04 -1.96477708e-06 -1.51723848e-04
 -8.98886495e-04 -4.30412124e-05 -8.99889428e-05  7.58104339e-06
 -1.31753823e-04 -1.46467692e-05 -6.71391956e-05 -1.26116226e-04
  1.44320560e-04 -3.45299559e-05  3.66792796e-04  1.95865130e-04
 -4.47165829e-04  8.90008987e-05  7.99343011e-05  9.88547122e-05
  7.13352462e-06 -6.07196369e-05  6.65017704e-05  1.34623173e-04
  2.33467676e-05  1.54062587e-04  1.91576131e-04  1.36397988e-04
  5.92649733e-06 -4.00316519e-04  6.56834634e-04 -2.55744130e-04
 -1.67066904e-04  5.31396153e-04  1.73736189e-04  6.42106410e-04
 -8.21255853e-04 -8.62037773e-06  3.41263247e-04 -1.10221617e-04
  1.87377110e-03  1.02910229e-04  3.31301237e-04 -1.94384634e-04
  7.61788426e-04  9.81027165e-05  4.05133464e-04  1.42291801e-04
 -2.75662581e-04 -1.28300435e-04  3.68835779e-04 -3.78448454e-05
 -3.72942398e-05  5.20900312e-04 -4.98907021e-05 -5.29243532e-04
 -4.38400313e-04 -4.99207261e-04 -1.13804343e-03  2.08006383e-05
 -5.70016948e-05 -6.78785537e-05  5.96545989e-04 -1.80530573e-04
 -1.79799796e-04 -1.77342076e-03  8.89330227e-06  3.05596266e-04
  1.76996733e-03  1.04307477e-04  2.38310352e-04 -2.62063691e-05
  4.63736103e-04  2.99345735e-05  1.26144632e-04  2.18571334e-04
 -3.84530937e-04  9.56025131e-05 -5.71400096e-04 -5.33335373e-04
  8.61026692e-04 -3.48876371e-06 -1.48091903e-04 -3.41028806e-05
 -3.28586564e-05  1.44603616e-04 -1.56040251e-04 -1.87658294e-04
 -2.36852975e-04 -2.44260823e-04 -4.65268285e-04 -1.71823390e-04
 -1.10781057e-04  7.44895874e-04 -1.25734933e-03  5.54346587e-04
 -3.39799250e-05 -3.95770966e-03 -2.14741425e-04 -5.94503655e-04
  4.44836309e-03  1.29094912e-04 -2.94890760e-04  1.47396722e-04
 -1.88570115e-03 -1.11743190e-04 -3.53538270e-04  7.18552102e-04
 -1.75547239e-03 -5.80185779e-05 -1.74268418e-03 -1.10954211e-03
  1.96523931e-03  7.30563395e-05 -9.60346807e-04 -8.36177848e-05
  3.56075963e-05 -4.07462838e-04 -1.92570933e-04  4.89514756e-04
  4.73630592e-04  3.58358669e-04  8.54158444e-04 -3.71823858e-04
  3.87411820e-05  1.51028586e-03 -3.21302207e-03  1.24246044e-03
  1.11934833e-03  6.36412317e-03 -5.74602337e-05 -2.01873282e-03
 -5.67123262e-03 -7.96036389e-04 -2.46172583e-03  3.83097663e-04
 -4.91965643e-03 -2.17628098e-04 -8.24379686e-04 -2.09379313e-04
  2.55431407e-03 -9.88927813e-04 -4.80541564e-04  3.85568716e-03
 -2.57922542e-03 -2.52907842e-03 -2.33907048e-04 -2.18272723e-03
  5.08136274e-04 -6.33050541e-04  9.10597457e-04  5.23289912e-05
  4.31329766e-03  3.99913680e-04  3.16081568e-03 -8.05007585e-04
  2.18403472e-03 -1.69909607e-03  3.47710116e-03 -2.55459945e-03
  2.18050519e-04 -6.55884429e-05 -1.07209513e-04  0.00000000e+00
  2.32450920e-05 -7.98666425e-05  0.00000000e+00 -7.75686075e-05
  0.00000000e+00  0.00000000e+00  0.00000000e+00 -1.63762850e-05
  5.75134384e-05  0.00000000e+00 -3.32305603e-05 -5.42221942e-05
  2.83341638e-04 -1.35329602e-04 -1.14116857e-03  0.00000000e+00
  2.47427373e-04 -8.50123268e-04  0.00000000e+00 -4.17816818e-04
  0.00000000e+00  0.00000000e+00  0.00000000e+00 -1.71515234e-05
  6.12189403e-04  0.00000000e+00 -3.53715539e-04 -6.60599512e-05
 -8.28147846e-05 -5.78530735e-05  0.00000000e+00  0.00000000e+00
  2.13802015e-05  0.00000000e+00 -8.52693916e-05  0.00000000e+00
  0.00000000e+00  0.00000000e+00 -1.15064858e-06  5.07824203e-05
  5.23603098e-05  0.00000000e+00 -3.05645629e-05 -4.97903989e-07
 -2.25513880e-04 -1.44988044e-04  0.00000000e+00  0.00000000e+00
  5.92198654e-05  0.00000000e+00 -2.42616075e-04  4.65069101e-06
  1.26486852e-05  0.00000000e+00 -7.55559411e-05  1.27267980e-04
  1.31222396e-04  0.00000000e+00 -1.09599761e-04 -4.53545773e-05
  9.37453330e-06 -6.15091925e-05 -1.55408324e-03  0.00000000e+00
  3.36950460e-04 -1.15772758e-03  1.90823882e-08 -4.90853261e-04
  0.00000000e+00  0.00000000e+00  0.00000000e+00 -1.14815523e-08
  8.33689087e-04  0.00000000e+00 -4.81702184e-04  0.00000000e+00
 -4.89738931e-05 -3.72010110e-05  1.96263686e-05  0.00000000e+00
  1.32119780e-05  1.46208309e-05 -6.96640119e-05  1.22226139e-05
  1.91937079e-05  0.00000000e+00 -3.68302220e-06  3.26543996e-05
  3.09641355e-05  0.00000000e+00 -1.88874896e-05 -2.21783663e-05
 -3.90254335e-04 -2.61320168e-04  0.00000000e+00  0.00000000e+00
  1.07193637e-04  0.00000000e+00 -4.50897758e-04  4.84413209e-06
  1.36833082e-05  0.00000000e+00 -1.31905983e-04  2.29382292e-04
  2.36509560e-04  0.00000000e+00 -1.86613805e-04 -7.15046567e-05
 -3.90660790e-04 -2.39431771e-04  0.00000000e+00  0.00000000e+00
  9.84177530e-05  0.00000000e+00 -4.02988274e-04  2.37396844e-05
  6.13430588e-05  0.00000000e+00 -1.28135505e-04  2.10169039e-04
  2.16699321e-04  0.00000000e+00 -1.91778886e-04 -9.88487434e-05
  5.06295428e-04  2.32051350e-04  7.11209947e-04  0.00000000e+00
 -2.13357480e-04  5.29821924e-04  2.35918139e-04  2.03157906e-04
  7.28101731e-05  0.00000000e+00  0.00000000e+00 -1.93059577e-04
 -5.27893039e-04  0.00000000e+00  2.98469733e-04 -1.43387907e-04
 -1.56705409e-04 -1.00551827e-04  0.00000000e+00  0.00000000e+00
  4.43405772e-05  0.00000000e+00 -1.87621690e-04  2.28792396e-07
  1.28027627e-06  0.00000000e+00 -9.27151688e-05  8.82626421e-05
  9.10051008e-05  0.00000000e+00 -8.86288705e-05 -4.80426812e-05
 -1.35607557e-04 -8.71832132e-05  2.72707495e-05  0.00000000e+00
  3.18911793e-05  2.03155777e-05 -1.50771471e-04  2.82107478e-05
  4.96282052e-05  0.00000000e+00  0.00000000e+00  7.65279061e-05
  7.89057482e-05  0.00000000e+00 -5.26202137e-05 -4.07236570e-05
  1.56944244e-04 -1.21589422e-04 -1.82423585e-03  0.00000000e+00
  3.95529545e-04 -1.35898007e-03  0.00000000e+00 -6.07404605e-04
  0.00000000e+00  0.00000000e+00  0.00000000e+00 -4.38650042e-06
  9.78626549e-04  0.00000000e+00 -5.65438434e-04 -3.12795480e-05
  2.18174567e-05 -4.53300184e-05 -2.29068002e-03  0.00000000e+00
  4.94154312e-04 -1.70646164e-03  0.00000000e+00 -7.16253478e-04
  0.00000000e+00  0.00000000e+00 -2.77357995e-05 -1.16006325e-05
  1.21689334e-03  0.00000000e+00 -7.10017033e-04 -1.25034224e-05
 -4.16594636e-04 -2.73837054e-04  0.00000000e+00  0.00000000e+00
  1.10909482e-04  0.00000000e+00 -4.62617176e-04  1.31338440e-05
  3.45004027e-05  0.00000000e+00 -1.20147824e-04  2.40369397e-04
  2.47838051e-04  0.00000000e+00 -1.94145191e-04 -7.72105676e-05
  7.90093035e-05 -1.63542960e-04 -3.80426230e-03  0.00000000e+00
  8.20929246e-04 -2.83401769e-03  0.00000000e+00 -1.20006354e-03
  0.00000000e+00  0.00000000e+00 -3.67219815e-05 -1.66956985e-05
  2.02361381e-03  0.00000000e+00 -1.17916558e-03 -1.65121397e-05
  3.02569903e-05 -8.20822165e-05 -2.41413383e-03  0.00000000e+00
  5.22903261e-04 -1.79842961e-03  0.00000000e+00 -7.55251284e-04
  0.00000000e+00  0.00000000e+00 -1.21701677e-05 -5.52890749e-06
  1.28938155e-03  0.00000000e+00 -7.48282660e-04 -5.26622561e-06
  2.36289774e-04 -1.66095630e-04 -2.37406397e-03  0.00000000e+00
  5.14742897e-04 -1.76857923e-03  0.00000000e+00 -7.93712390e-04
  0.00000000e+00  0.00000000e+00  0.00000000e+00 -4.40803484e-06
  1.27358644e-03  0.00000000e+00 -7.35862644e-04 -4.49719997e-05
 -1.28754054e-04 -9.60551443e-05  0.00000000e+00  0.00000000e+00
  4.27927702e-05  0.00000000e+00 -1.92574996e-04  0.00000000e+00
  0.00000000e+00  0.00000000e+00 -8.78989691e-05  8.43155327e-05
  8.69353486e-05  0.00000000e+00 -7.22271699e-05 -4.20220118e-05
  2.39902038e-04  8.90901053e-06  9.60628600e-04  0.00000000e+00
 -2.11562701e-04  7.15628479e-04  1.30809402e-05  2.62988183e-04
  1.09628764e-05  0.00000000e+00  0.00000000e+00 -3.10541401e-05
 -5.23452365e-04  0.00000000e+00  3.02444365e-04 -6.98755524e-05
  5.99341632e-05 -5.53717352e-05 -3.45124451e-03  0.00000000e+00
  7.42574647e-04 -2.57103407e-03  5.13191053e-06 -1.07914063e-03
  0.00000000e+00  0.00000000e+00 -7.57373720e-05 -2.85129534e-05
  1.82205003e-03  0.00000000e+00 -1.06974451e-03 -3.68736340e-05
 -1.55600845e-04 -8.64633978e-05  2.09188576e-05  0.00000000e+00
  3.44671981e-05  1.55836816e-05 -1.53237451e-04  2.66986953e-05
  5.12950549e-05  0.00000000e+00 -3.34995021e-05  7.58960647e-05
  7.82542745e-05  0.00000000e+00 -7.33967248e-05 -5.65172247e-05
  1.04558364e-04  5.05944589e-05  1.41522324e-04  0.00000000e+00
 -3.80276857e-05  1.05428264e-04  2.78699506e-05  4.49083193e-05
  3.58045373e-05  0.00000000e+00 -1.32102804e-05 -4.10397921e-05
 -9.75068348e-05  0.00000000e+00  4.28410802e-05 -6.24674718e-05
  1.78000369e-04 -2.45377055e-05  2.91076580e-04  0.00000000e+00
 -6.43763474e-05  2.16839984e-04  5.04642571e-06  5.85130503e-05
  4.26481548e-06  0.00000000e+00  0.00000000e+00 -1.91082556e-05
 -1.59281155e-04  0.00000000e+00  9.20307002e-05 -4.90500998e-05
 -2.71764026e-04 -1.86113355e-04  0.00000000e+00  0.00000000e+00
  7.67291681e-05  0.00000000e+00 -3.31016494e-04  2.97986013e-06
  8.41943316e-06  0.00000000e+00 -9.10483491e-05  1.63367062e-04
  1.68443133e-04  0.00000000e+00 -1.27518082e-04 -4.65325927e-05
 -3.65896035e-04 -2.42663998e-04  0.00000000e+00  0.00000000e+00
  9.07275178e-05  0.00000000e+00 -3.63811281e-04  1.76592384e-05
  4.50612815e-05  0.00000000e+00 -1.60871710e-05  2.13006231e-04
  2.19624668e-04  0.00000000e+00 -1.42547278e-04 -3.14098539e-05
 -2.06252453e-05 -1.55381419e-05  1.79692199e-05  0.00000000e+00
  5.27054335e-06  1.33863238e-05 -3.65586761e-05  1.39675065e-05
  2.22650102e-05  0.00000000e+00  0.00000000e+00  1.36391103e-05
  1.30404763e-05  0.00000000e+00 -7.60813219e-06 -2.14596217e-05
  2.31670189e-04  1.07366467e-04  2.33579274e-04  0.00000000e+00
 -7.42533614e-05  1.74006875e-04  9.41578420e-05  7.24232500e-05
  5.34433151e-05  0.00000000e+00  0.00000000e+00 -8.89017335e-05
 -1.83719046e-04  0.00000000e+00  1.01480047e-04 -8.89382601e-05
  6.31128300e-05 -9.16259469e-05 -2.95454881e-03  0.00000000e+00
  6.32300020e-04 -2.20101636e-03  2.22791955e-05 -9.28597727e-04
  0.00000000e+00  0.00000000e+00 -7.75871899e-05 -3.41899662e-05
  1.54974007e-03  0.00000000e+00 -9.15789179e-04 -4.02831363e-05
 -4.24689163e-04 -2.72406369e-04  0.00000000e+00  0.00000000e+00
  1.03716073e-04  0.00000000e+00 -4.11006481e-04  2.07004576e-05
  5.31592235e-05  0.00000000e+00 -4.84206773e-05  2.39113567e-04
  2.46543200e-04  0.00000000e+00 -1.77570853e-04 -5.43151646e-05
  8.81998433e-05 -1.18659135e-04 -2.22950646e-03  0.00000000e+00
  4.78349555e-04 -1.66088988e-03  2.33349933e-05 -7.18535446e-04
  0.00000000e+00  0.00000000e+00 -2.68461019e-05 -1.54156728e-05
  1.18014269e-03  0.00000000e+00 -6.91055732e-04 -2.53373280e-05
  3.78316237e-04 -5.42347189e-05  5.12338831e-05  0.00000000e+00
 -1.35626850e-05  3.81671187e-05  9.78790140e-06 -5.56236213e-05
  8.27191279e-06  0.00000000e+00  0.00000000e+00 -4.03929512e-05
 -3.35570472e-05  0.00000000e+00  1.93888509e-05 -1.04509665e-04
  2.70154862e-04 -1.27415875e-04 -1.34128781e-03  0.00000000e+00
  2.89830746e-04 -9.99203809e-04  3.93377224e-06 -4.81867092e-04
  0.00000000e+00  0.00000000e+00  0.00000000e+00 -2.29296756e-05
  7.17104615e-04  0.00000000e+00 -4.15922925e-04 -6.72978247e-05
  5.81315993e-03  1.77632284e-03  1.33032632e-02  0.00000000e+00
 -3.67955720e-03  9.91037950e-03  2.77276682e-03  3.69753777e-03
  6.45109297e-04  0.00000000e+00 -4.50253784e-03 -3.15743501e-03
 -1.00181740e-02  0.00000000e+00  3.81264104e-03 -3.37204064e-03
 -2.60974549e-05  2.60974549e-05 -3.66890698e-05  3.66890698e-05
  9.74331795e-04 -9.74331795e-04  0.00000000e+00  0.00000000e+00
  1.74121077e-03 -1.74121077e-03 -3.96835301e-04  3.96835301e-04
 -1.13840527e-04  1.13840527e-04 -2.31302459e-03  2.31302459e-03
  1.76671682e-05 -1.76671682e-05  0.00000000e+00  0.00000000e+00
  4.10184094e-05 -4.10184094e-05 -3.25020099e-04  3.25020099e-04
 -6.60913537e-04  6.60913537e-04  0.00000000e+00  0.00000000e+00
 -1.07193464e-04  1.07193464e-04  6.29875190e-05 -6.29875190e-05
  2.03202023e-02 -2.03202023e-02]

[2020-01-28 13:31:56.715987][__main__.TRPOAgent.log][training]: Initiating conjugate gradients

[2020-01-28 13:31:56.841733][__main__.TRPOAgent.log][training]: gradient_step_direction: [ 9.02170121e-03  1.22722385e-01 -1.50866294e-02 -6.58385129e-02
 -1.28095987e-01 -5.43450352e-03 -4.41212198e-02  9.63051053e-03
 -1.54049853e-02 -7.88998830e-03 -2.75758782e-02 -2.10363850e-02
  3.24215029e-02 -1.63902608e-02  4.90937065e-02  3.18813682e-02
 -6.73382315e-02 -2.69604036e-04  3.89673672e-03  4.09266962e-03
  6.63828443e-03  4.70981405e-03  6.47643815e-03  4.39178095e-02
  5.49893464e-02  4.56432212e-02  2.78858166e-02  1.06604649e-02
  1.61283877e-02 -5.16190255e-02  9.68833790e-02 -3.03223572e-02
 -5.45889473e-02 -2.88357970e-01  3.05187242e-02  8.03334681e-02
  2.50462894e-01 -3.97644026e-04  4.26386664e-02 -1.43837020e-02
  4.60833666e-02  1.46478799e-02  3.45904582e-02 -2.15500151e-03
 -7.27385327e-03  1.41463613e-02 -4.51166159e-02 -1.16715379e-01
  9.24571119e-02 -6.75277170e-03 -7.57046905e-02  1.14967720e-02
 -2.88303523e-03  1.11730422e-01 -5.26111117e-02 -6.60367462e-02
 -6.92337499e-02 -6.61671680e-02 -2.01015656e-01 -2.34592515e-02
 -7.58283790e-03  1.55051918e-01 -1.38216021e-01  1.18152301e-01
 -2.59463119e-02 -2.32392441e-01  1.11611149e-02  9.48919752e-02
  2.25636300e-01  1.50298621e-02  6.99472255e-02 -1.31888923e-02
  4.54387782e-02  9.16419791e-03  4.42318771e-02  2.59862113e-02
 -5.19588875e-02  2.52866801e-02 -6.86004710e-02 -7.29963252e-02
  1.10841532e-01  5.25217341e-03 -8.00134278e-03 -3.69332340e-03
 -1.11724503e-02  1.29208210e-02 -2.02048533e-02 -5.55529538e-02
 -7.97785169e-02 -6.11123117e-02 -7.19944132e-02 -2.24468747e-02
 -3.23912474e-02  9.35987067e-02 -1.56658990e-01  7.53740501e-02
  3.59018346e-02 -2.02392680e-01 -1.39723693e-02  2.27666836e-02
  2.88551449e-01  1.59300392e-02  2.81499391e-02  2.79692376e-03
 -1.88355358e-02 -3.81119717e-03  3.50355414e-03  9.65077529e-02
 -1.53119727e-01  1.42894278e-02 -1.65274794e-01 -1.46912046e-02
  1.76225276e-01  9.66248797e-03  1.86309794e-02 -2.63271546e-02
 -9.18356691e-03 -1.25671379e-01  3.03686510e-02 -3.37766087e-03
 -1.77123963e-02 -7.69355921e-03  1.59064991e-01 -1.95918351e-02
 -2.10131597e-02  4.14572432e-02 -2.71395444e-01  1.33984832e-02
  2.18952566e-01  3.28013803e-01  2.23367709e-01 -4.97669038e-02
  2.19770506e-02 -1.33190318e-01 -1.78489240e-01  1.09432801e-03
 -5.10050146e-01  3.79980088e-02 -1.54976378e-01  2.15185840e-01
 -1.26142935e-01 -4.01644863e-02 -3.58517353e-01  3.06236002e-01
  1.14632795e-01 -1.04145288e-01 -1.44616914e-01 -4.22359722e-02
  4.25216274e-02 -2.98909127e-01  1.64937345e-01 -1.30394457e-01
  5.53936116e-02 -1.04992772e-01  5.19157203e-01  7.72446546e-02
  2.14460156e-01 -3.24102612e-02 -2.73334891e-01 -4.12586138e-01
  3.01761450e-02 -3.87678585e-02  1.95777607e-01  0.00000000e+00
 -4.24483937e-02  1.45846215e-01  0.00000000e+00  5.55201995e-02
  0.00000000e+00  0.00000000e+00  0.00000000e+00 -2.95837165e-03
 -1.05026541e-01  0.00000000e+00  6.06830457e-02 -7.50586909e-03
  3.88635315e-02 -7.11805328e-02  1.20084847e-01  0.00000000e+00
 -2.60367606e-02  8.94582567e-02  0.00000000e+00  2.95571119e-02
  0.00000000e+00  0.00000000e+00  0.00000000e+00 -3.09841826e-03
 -6.44205333e-02  0.00000000e+00  3.72213899e-02 -8.98646543e-03
 -5.27013360e-03 -3.68163037e-03  0.00000000e+00  0.00000000e+00
  1.33340119e-03  0.00000000e+00 -5.31792608e-03  0.00000000e+00
  0.00000000e+00  0.00000000e+00  7.03593655e-05  3.23167106e-03
  3.33208412e-03  0.00000000e+00 -1.90619502e-03  3.04456194e-05
 -3.63354208e-02 -2.40422142e-02  0.00000000e+00  0.00000000e+00
  8.41638351e-03  0.00000000e+00 -2.55479716e-02  8.77306291e-04
  1.38512247e-03  0.00000000e+00 -2.82153725e-05  2.11038371e-02
  2.17595663e-02  0.00000000e+00 -1.50805958e-02 -3.85409634e-03
  1.23967531e-03 -2.68026245e-02 -1.98952077e-01  0.00000000e+00
  4.31361281e-02 -1.48211041e-01  2.02586492e-06 -6.29897487e-02
  0.00000000e+00  0.00000000e+00  0.00000000e+00 -1.21892888e-06
  1.06728241e-01  0.00000000e+00 -6.16669983e-02  0.00000000e+00
  1.73662492e-02  1.17690304e-02  3.24663704e-03  0.00000000e+00
 -4.48038128e-03  2.41860999e-03  1.50613807e-02  2.42718805e-03
  3.67037662e-03  0.00000000e+00  2.25208862e-04 -1.03306498e-02
 -1.09799499e-02  0.00000000e+00  6.40503215e-03 -4.01195594e-03
 -6.21041585e-02 -4.29601820e-02  0.00000000e+00  0.00000000e+00
  1.50050548e-02  0.00000000e+00 -5.18498577e-02  8.97599749e-04
  1.56763979e-03  0.00000000e+00 -2.51449097e-04  3.77096998e-02
  3.88813991e-02  0.00000000e+00 -2.51625472e-02 -4.58161541e-03
 -3.37626481e-02 -1.73378369e-02  0.00000000e+00  0.00000000e+00
  5.67956576e-03  0.00000000e+00 -9.45211112e-03  4.73248477e-03
  8.83334355e-03  0.00000000e+00 -2.47452149e-06  1.52188515e-02
  1.56917249e-02  0.00000000e+00 -1.57393768e-02 -1.15732461e-02
  1.36947678e-01  7.83904710e-02  8.93043630e-02  0.00000000e+00
 -4.49386583e-02  6.65280479e-02  1.02002241e-01  2.83792575e-02
  1.22261930e-02  0.00000000e+00  0.00000000e+00 -7.06063312e-02
 -1.11188062e-01  0.00000000e+00  6.24500892e-02 -2.47479951e-02
 -4.19915852e-02 -2.95191214e-02  0.00000000e+00  0.00000000e+00
  1.03357150e-02  0.00000000e+00 -3.24423250e-02  7.25246066e-06
 -2.77824228e-04  0.00000000e+00 -9.97224376e-05  2.59113707e-02
  2.67164776e-02  0.00000000e+00 -1.72469153e-02 -2.94173995e-03
  2.62924144e-02  2.08862991e-02  4.92645385e-03  0.00000000e+00
 -7.64010392e-03  3.67000386e-03  2.62105289e-02  5.57350511e-03
  8.23160860e-03  0.00000000e+00  0.00000000e+00 -1.83336294e-02
 -1.89032841e-02  0.00000000e+00  9.11917399e-03 -8.70710101e-03
  2.11664444e-02 -5.84131546e-02 -7.88118363e-02  0.00000000e+00
  1.70878896e-02 -5.87115310e-02  0.00000000e+00 -2.95842904e-02
  0.00000000e+00  0.00000000e+00  0.00000000e+00 -7.92420161e-04
  4.22792558e-02  0.00000000e+00 -2.44284403e-02 -4.04425890e-03
  9.03325960e-04 -2.33919589e-02 -2.96185319e-01  0.00000000e+00
  6.41953045e-02 -2.20645775e-01  0.00000000e+00 -9.26116882e-02
  0.00000000e+00  0.00000000e+00 -1.82376170e-04  2.85053777e-04
  1.59184993e-01  0.00000000e+00 -9.18053228e-02 -2.62453206e-04
 -4.78988303e-02 -3.08960820e-02  0.00000000e+00  0.00000000e+00
  1.06448240e-02  0.00000000e+00 -3.50637135e-02  2.59717820e-03
  4.98175772e-03  0.00000000e+00 -1.90589029e-04  2.71200430e-02
  2.79627051e-02  0.00000000e+00 -1.99919384e-02 -6.94958653e-03
  8.55038595e-03 -7.65526699e-02 -3.28099808e-01  0.00000000e+00
  7.08955741e-02 -2.44420729e-01  0.00000000e+00 -1.04497067e-01
  0.00000000e+00  0.00000000e+00 -2.88964091e-04 -1.35084886e-04
  1.75872584e-01  0.00000000e+00 -1.01697506e-01 -3.52567524e-04
  2.98626414e-03 -3.53608753e-02 -1.42650913e-01  0.00000000e+00
  3.08688993e-02 -1.06269000e-01  0.00000000e+00 -4.47002988e-02
  0.00000000e+00  0.00000000e+00  2.53992366e-04  1.15388738e-04
  7.66452377e-02  0.00000000e+00 -4.42159411e-02  1.09906547e-04
  3.20482760e-02 -7.83364271e-02  4.63760665e-03  0.00000000e+00
 -1.00557944e-03  3.45485387e-03  0.00000000e+00 -5.44373867e-03
  0.00000000e+00  0.00000000e+00  0.00000000e+00 -7.96310354e-04
 -2.48790036e-03  0.00000000e+00  1.43747212e-03 -5.70742039e-03
 -4.94038732e-02 -3.77742092e-02  0.00000000e+00  0.00000000e+00
  1.33494500e-02  0.00000000e+00 -5.02275195e-02  0.00000000e+00
  0.00000000e+00  0.00000000e+00 -3.22779473e-04  3.31575430e-02
  3.41877998e-02  0.00000000e+00 -1.90134575e-02 -1.59813066e-03
  3.45293213e-02 -1.10699630e-02  3.25136900e-01  0.00000000e+00
 -7.11863586e-02  2.42213519e-01  2.75341954e-03  9.73989722e-02
  2.29534354e-03  0.00000000e+00  0.00000000e+00 -5.84479007e-03
 -1.76130572e-01  0.00000000e+00  1.01766085e-01 -1.05359666e-02
  2.63742596e-03 -3.72114704e-02 -5.30518520e-01  0.00000000e+00
  1.15608160e-01 -3.95214293e-01  1.45209808e-03 -1.65883365e-01
  0.00000000e+00  0.00000000e+00 -2.90179724e-04  2.29937467e-03
  2.86971903e-01  0.00000000e+00 -1.64439022e-01 -1.62577962e-03
  9.20406952e-03  1.18968665e-02  3.77898621e-03  0.00000000e+00
 -4.52543329e-03  2.81518805e-03  2.01664320e-02  5.25676925e-03
  7.84667280e-03  0.00000000e+00  1.15142824e-04 -1.04428620e-02
 -1.07673382e-02  0.00000000e+00  1.92203242e-03 -9.68571879e-03
  3.73199958e-02  2.47647828e-02  2.31466471e-02  0.00000000e+00
 -1.26706150e-02  1.72432924e-02  3.13203588e-02  8.66162421e-03
  5.72514812e-03  0.00000000e+00  2.16816875e-05 -2.17912458e-02
 -3.11408648e-02  0.00000000e+00  1.55440154e-02 -1.04425738e-02
  2.51251612e-02 -2.10102446e-02  1.79486760e-01  0.00000000e+00
 -3.91842990e-02  1.33710204e-01  1.06919429e-03  5.21570654e-02
  9.03593283e-04  0.00000000e+00  0.00000000e+00 -3.54670190e-03
 -9.69504816e-02  0.00000000e+00  5.60167988e-02 -7.16450549e-03
 -3.87316861e-02 -2.68496822e-02  0.00000000e+00  0.00000000e+00
  9.29255836e-03  0.00000000e+00 -3.60050834e-02  5.71543944e-04
  1.29337354e-03  0.00000000e+00 -3.16013097e-04  2.35681836e-02
  2.43004839e-02  0.00000000e+00 -1.54039945e-02 -2.23062459e-03
 -1.17839502e-02 -4.29334004e-03  0.00000000e+00  0.00000000e+00
  1.45049298e-03  0.00000000e+00 -5.37553373e-03  3.58439753e-03
  7.25404072e-03  0.00000000e+00  3.06941412e-05  3.76861935e-03
  3.88571609e-03  0.00000000e+00 -5.06338001e-03 -5.65858515e-03
  2.32207034e-02  1.60844924e-02  3.13316808e-03  0.00000000e+00
 -5.93378314e-03  2.33408031e-03  2.09560173e-02  2.76391101e-03
  3.93348675e-03  0.00000000e+00  0.00000000e+00 -1.41186872e-02
 -1.46814754e-02  0.00000000e+00  8.46391118e-03 -4.44377467e-03
  8.12896440e-02  5.03253008e-02  3.74953383e-02  0.00000000e+00
 -2.41471370e-02  2.79324725e-02  6.38813412e-02  1.37921538e-02
  8.97596799e-03  0.00000000e+00  0.00000000e+00 -4.42620202e-02
 -5.97452937e-02  0.00000000e+00  3.32627917e-02 -1.58776022e-02
  3.31547926e-03 -5.58564763e-02 -4.08197038e-01  0.00000000e+00
  8.88257810e-02 -3.04089857e-01  5.99747716e-03 -1.28548023e-01
  0.00000000e+00  0.00000000e+00 -1.56007941e-04  1.64210996e-03
  2.20673834e-01  0.00000000e+00 -1.26524370e-01 -2.52218907e-03
 -2.54760009e-02 -1.23006780e-02  0.00000000e+00  0.00000000e+00
  4.25057914e-03  0.00000000e+00 -9.39488705e-03  4.15507854e-03
  7.96700903e-03  0.00000000e+00  1.38050770e-04  1.07973212e-02
  1.11328107e-02  0.00000000e+00 -1.12223132e-02 -8.36006521e-03
  1.01078201e-02 -6.16844418e-02 -2.64295566e-01  0.00000000e+00
  5.73462075e-02 -1.96889224e-01  6.14875762e-03 -8.56586289e-02
  0.00000000e+00  0.00000000e+00  4.53839918e-05  3.01998204e-04
  1.42094935e-01  0.00000000e+00 -8.19208039e-02 -2.79505433e-03
  5.33642271e-02 -4.66449110e-02  2.75897602e-01  0.00000000e+00
 -6.03814197e-02  2.05532296e-01  2.23921009e-03  7.75339150e-02
  1.89239244e-03  0.00000000e+00  0.00000000e+00 -7.58038596e-03
 -1.49396742e-01  0.00000000e+00  8.63196032e-02 -1.52392671e-02
  3.67810145e-02 -7.10472518e-02 -1.45713919e-02  0.00000000e+00
  2.89990754e-03 -1.08550608e-02  1.03458415e-03 -1.26683269e-02
  0.00000000e+00  0.00000000e+00  0.00000000e+00 -4.33715477e-03
  7.17509787e-03  0.00000000e+00 -4.60118793e-03 -9.32930407e-03
  8.82000036e-02 -9.33299785e-01  2.22939497e-01  0.00000000e+00
 -3.96481742e-02  1.66080724e-01  4.35737734e-01  2.06937094e-02
  6.56845058e-02  0.00000000e+00 -2.00498178e-03  9.53583499e-03
 -4.22001029e-02  0.00000000e+00 -1.16219529e-01 -3.22931280e-01
  5.17146268e-02 -5.17146268e-02  2.57358421e-02 -2.57358421e-02
  3.48134799e-01 -3.48134799e-01  0.00000000e+00  0.00000000e+00
  4.61059441e-01 -4.61059441e-01 -4.38052257e-03  4.38052257e-03
 -3.84425320e-03  3.84425320e-03 -2.15830829e-01  2.15830829e-01
  3.64862309e-03 -3.64862309e-03  0.00000000e+00  0.00000000e+00
  3.83359367e-04 -3.83359367e-04 -5.31896395e-03  5.31896395e-03
  9.83571910e-03 -9.83571910e-03  0.00000000e+00  0.00000000e+00
  9.35937196e-02 -9.35937196e-02  6.03346653e-03 -6.03346653e-03
  8.55959077e-02 -8.55959077e-02]

[2020-01-28 13:31:56.901045][__main__.TRPOAgent.log][linesearch]: Linesearch worked at 2, New mean kl div: 0.005405535090004024, New policy loss value: -0.01323353850084178

[2020-01-28 13:31:57.230729][__main__.TRPOAgent.log][batch_info]: Current batch value loss: 42.53602272285346

[2020-01-28 13:31:57.231126][__main__.TRPOAgent.log][linesearch]: Linesearch successful, updating policy parameters

