LOGGER started at 2020-01-29 22:51:05.280426.
Currently active debug channels:
	act
	batch_info
	linesearch
	learning
[2020-01-29 22:51:05.650814][__main__.TRPOAgent.log][learning]: Episode #0

[2020-01-29 22:51:05.831261][__main__.TRPOAgent.log][learning]: Performing rollouts: rollout length: 1000

[2020-01-29 22:51:06.109700][__main__.TRPOAgent.log][learning]: Rollouts performed

[2020-01-29 22:51:06.110047][__main__.TRPOAgent.log][batch_info]: Rollout statistics size: None, Batch size: 100

[2020-01-29 22:51:06.110553][__main__.TRPOAgent.log][learning]: 

***************
BEGINNING TRAINING
***************



[2020-01-29 22:51:07.845736][__main__.TRPOAgent.log][linesearch]: Linesearch worked at 0, New mean kl div: 0.01625100101023371, New policy loss value: 0.11157077379877313

[2020-01-29 22:51:07.846119][__main__.TRPOAgent.log][batch_info]: Current batch value loss: 0.006135850457941284

[2020-01-29 22:51:09.125587][__main__.TRPOAgent.log][learning]: Episode #1

[2020-01-29 22:51:09.126251][__main__.TRPOAgent.log][learning]: Performing rollouts: rollout length: 1000

[2020-01-29 22:51:09.567705][__main__.TRPOAgent.log][learning]: Rollouts performed

[2020-01-29 22:51:09.568109][__main__.TRPOAgent.log][batch_info]: Rollout statistics size: None, Batch size: 100

[2020-01-29 22:51:09.568724][__main__.TRPOAgent.log][learning]: 

***************
BEGINNING TRAINING
***************



[2020-01-29 22:51:11.329116][__main__.TRPOAgent.log][linesearch]: Linesearch failed. Mean kl divergence: 0.0, Discarded policy loss value: 1.5911991232412668e-17

[2020-01-29 22:51:11.329593][__main__.TRPOAgent.log][batch_info]: Current batch value loss: 0.000479372274276102

[2020-01-29 22:51:11.909015][__main__.TRPOAgent.log][learning]: Episode #2

[2020-01-29 22:51:11.909423][__main__.TRPOAgent.log][learning]: Performing rollouts: rollout length: 1000

[2020-01-29 22:51:12.192616][__main__.TRPOAgent.log][learning]: Rollouts performed

[2020-01-29 22:51:12.192982][__main__.TRPOAgent.log][batch_info]: Rollout statistics size: None, Batch size: 100

[2020-01-29 22:51:12.199723][__main__.TRPOAgent.log][learning]: 

***************
BEGINNING TRAINING
***************



[2020-01-29 22:51:13.871565][__main__.TRPOAgent.log][linesearch]: Linesearch failed. Mean kl divergence: 0.0, Discarded policy loss value: 4.902283485357834e-17

[2020-01-29 22:51:13.871988][__main__.TRPOAgent.log][batch_info]: Current batch value loss: 0.00037873201530942425

[2020-01-29 22:51:14.363636][__main__.TRPOAgent.log][learning]: Episode #3

[2020-01-29 22:51:14.364001][__main__.TRPOAgent.log][learning]: Performing rollouts: rollout length: 1000

[2020-01-29 22:51:14.646110][__main__.TRPOAgent.log][learning]: Rollouts performed

[2020-01-29 22:51:14.646454][__main__.TRPOAgent.log][batch_info]: Rollout statistics size: None, Batch size: 100

[2020-01-29 22:51:14.646962][__main__.TRPOAgent.log][learning]: 

***************
BEGINNING TRAINING
***************



[2020-01-29 22:51:16.183462][__main__.TRPOAgent.log][linesearch]: Linesearch worked at 0, New mean kl div: 0.019621137723303237, New policy loss value: 0.14477376858614846

[2020-01-29 22:51:16.183891][__main__.TRPOAgent.log][batch_info]: Current batch value loss: 0.00011511911310435607

[2020-01-29 22:51:16.719361][__main__.TRPOAgent.log][learning]: Episode #4

[2020-01-29 22:51:16.719755][__main__.TRPOAgent.log][learning]: Performing rollouts: rollout length: 1000

[2020-01-29 22:51:17.035560][__main__.TRPOAgent.log][learning]: Rollouts performed

[2020-01-29 22:51:17.035924][__main__.TRPOAgent.log][batch_info]: Rollout statistics size: None, Batch size: 100

[2020-01-29 22:51:17.036414][__main__.TRPOAgent.log][learning]: 

***************
BEGINNING TRAINING
***************



[2020-01-29 22:51:18.793985][__main__.TRPOAgent.log][linesearch]: Linesearch failed. Mean kl divergence: 0.0, Discarded policy loss value: -1.570733539662601e-17

[2020-01-29 22:51:18.794364][__main__.TRPOAgent.log][batch_info]: Current batch value loss: 0.0008251860541349743

[2020-01-29 22:51:19.286560][__main__.TRPOAgent.log][learning]: Episode #5

[2020-01-29 22:51:19.286985][__main__.TRPOAgent.log][learning]: Performing rollouts: rollout length: 1000

[2020-01-29 22:51:19.571266][__main__.TRPOAgent.log][learning]: Rollouts performed

[2020-01-29 22:51:19.571629][__main__.TRPOAgent.log][batch_info]: Rollout statistics size: None, Batch size: 100

[2020-01-29 22:51:19.572169][__main__.TRPOAgent.log][learning]: 

***************
BEGINNING TRAINING
***************



[2020-01-29 22:51:21.249482][__main__.TRPOAgent.log][linesearch]: Linesearch failed. Mean kl divergence: 0.0, Discarded policy loss value: 2.8558791630229105e-17

[2020-01-29 22:51:21.249866][__main__.TRPOAgent.log][batch_info]: Current batch value loss: 0.0005512539608844236

[2020-01-29 22:51:21.753942][__main__.TRPOAgent.log][learning]: Episode #6

[2020-01-29 22:51:21.754337][__main__.TRPOAgent.log][learning]: Performing rollouts: rollout length: 1000

[2020-01-29 22:51:22.043039][__main__.TRPOAgent.log][learning]: Rollouts performed

[2020-01-29 22:51:22.043419][__main__.TRPOAgent.log][batch_info]: Rollout statistics size: None, Batch size: 100

[2020-01-29 22:51:22.043984][__main__.TRPOAgent.log][learning]: 

***************
BEGINNING TRAINING
***************



[2020-01-29 22:51:23.718237][__main__.TRPOAgent.log][linesearch]: Linesearch failed. Mean kl divergence: 0.0, Discarded policy loss value: -8.567637489068733e-18

[2020-01-29 22:51:23.718630][__main__.TRPOAgent.log][batch_info]: Current batch value loss: 0.00040823615661678136

[2020-01-29 22:51:24.189825][__main__.TRPOAgent.log][learning]: Episode #7

[2020-01-29 22:51:24.190173][__main__.TRPOAgent.log][learning]: Performing rollouts: rollout length: 1000

[2020-01-29 22:51:24.477204][__main__.TRPOAgent.log][learning]: Rollouts performed

[2020-01-29 22:51:24.477557][__main__.TRPOAgent.log][batch_info]: Rollout statistics size: None, Batch size: 100

[2020-01-29 22:51:24.478068][__main__.TRPOAgent.log][learning]: 

***************
BEGINNING TRAINING
***************



[2020-01-29 22:51:26.192280][__main__.TRPOAgent.log][linesearch]: Linesearch failed. Mean kl divergence: 0.0, Discarded policy loss value: 5.730183352904034e-18

[2020-01-29 22:51:26.192655][__main__.TRPOAgent.log][batch_info]: Current batch value loss: 0.0002059887235674296

[2020-01-29 22:51:26.665744][__main__.TRPOAgent.log][learning]: Episode #8

[2020-01-29 22:51:26.666114][__main__.TRPOAgent.log][learning]: Performing rollouts: rollout length: 1000

[2020-01-29 22:51:26.949715][__main__.TRPOAgent.log][learning]: Rollouts performed

[2020-01-29 22:51:26.950077][__main__.TRPOAgent.log][batch_info]: Rollout statistics size: None, Batch size: 100

[2020-01-29 22:51:26.950616][__main__.TRPOAgent.log][learning]: 

***************
BEGINNING TRAINING
***************



[2020-01-29 22:51:28.649849][__main__.TRPOAgent.log][linesearch]: Linesearch failed. Mean kl divergence: 0.0, Discarded policy loss value: -2.0518973392412133e-17

[2020-01-29 22:51:28.650284][__main__.TRPOAgent.log][batch_info]: Current batch value loss: 0.00011968772521203652

[2020-01-29 22:51:29.150930][__main__.TRPOAgent.log][learning]: Episode #9

[2020-01-29 22:51:29.151289][__main__.TRPOAgent.log][learning]: Performing rollouts: rollout length: 1000

[2020-01-29 22:51:29.435107][__main__.TRPOAgent.log][learning]: Rollouts performed

[2020-01-29 22:51:29.435449][__main__.TRPOAgent.log][batch_info]: Rollout statistics size: None, Batch size: 100

[2020-01-29 22:51:29.442164][__main__.TRPOAgent.log][learning]: 

***************
BEGINNING TRAINING
***************



[2020-01-29 22:51:31.146047][__main__.TRPOAgent.log][linesearch]: Linesearch failed. Mean kl divergence: 0.0, Discarded policy loss value: 5.767392335715098e-17

[2020-01-29 22:51:31.146470][__main__.TRPOAgent.log][batch_info]: Current batch value loss: 8.788865313817951e-05

[2020-01-29 22:51:31.637090][__main__.TRPOAgent.log][learning]: Episode #10

[2020-01-29 22:51:31.637447][__main__.TRPOAgent.log][learning]: Performing rollouts: rollout length: 1000

[2020-01-29 22:51:31.921301][__main__.TRPOAgent.log][learning]: Rollouts performed

[2020-01-29 22:51:31.921691][__main__.TRPOAgent.log][batch_info]: Rollout statistics size: None, Batch size: 100

[2020-01-29 22:51:31.922197][__main__.TRPOAgent.log][learning]: 

***************
BEGINNING TRAINING
***************



[2020-01-29 22:51:33.703084][__main__.TRPOAgent.log][linesearch]: Linesearch failed. Mean kl divergence: 0.0, Discarded policy loss value: -2.9025438552291676e-17

[2020-01-29 22:51:33.703452][__main__.TRPOAgent.log][batch_info]: Current batch value loss: 2.4171355067181822e-05

[2020-01-29 22:51:34.174768][__main__.TRPOAgent.log][learning]: Episode #11

[2020-01-29 22:51:34.175168][__main__.TRPOAgent.log][learning]: Performing rollouts: rollout length: 1000

[2020-01-29 22:51:34.459074][__main__.TRPOAgent.log][learning]: Rollouts performed

[2020-01-29 22:51:34.459425][__main__.TRPOAgent.log][batch_info]: Rollout statistics size: None, Batch size: 100

[2020-01-29 22:51:34.459994][__main__.TRPOAgent.log][learning]: 

***************
BEGINNING TRAINING
***************



[2020-01-29 22:51:36.164372][__main__.TRPOAgent.log][linesearch]: Linesearch failed. Mean kl divergence: 0.0, Discarded policy loss value: -3.4079630819189935e-17

[2020-01-29 22:51:36.164897][__main__.TRPOAgent.log][batch_info]: Current batch value loss: 1.4355528809062434e-05

[2020-01-29 22:51:36.657041][__main__.TRPOAgent.log][learning]: Episode #12

[2020-01-29 22:51:36.657406][__main__.TRPOAgent.log][learning]: Performing rollouts: rollout length: 1000

[2020-01-29 22:51:36.936387][__main__.TRPOAgent.log][learning]: Rollouts performed

[2020-01-29 22:51:36.936749][__main__.TRPOAgent.log][batch_info]: Rollout statistics size: None, Batch size: 100

[2020-01-29 22:51:36.937325][__main__.TRPOAgent.log][learning]: 

***************
BEGINNING TRAINING
***************



[2020-01-29 22:51:38.603282][__main__.TRPOAgent.log][linesearch]: Linesearch failed. Mean kl divergence: 0.0, Discarded policy loss value: -5.881976289404803e-17

[2020-01-29 22:51:38.603679][__main__.TRPOAgent.log][batch_info]: Current batch value loss: 3.0333496539206027e-06

[2020-01-29 22:51:39.107873][__main__.TRPOAgent.log][learning]: Episode #13

[2020-01-29 22:51:39.108235][__main__.TRPOAgent.log][learning]: Performing rollouts: rollout length: 1000

[2020-01-29 22:51:39.388713][__main__.TRPOAgent.log][learning]: Rollouts performed

[2020-01-29 22:51:39.389070][__main__.TRPOAgent.log][batch_info]: Rollout statistics size: None, Batch size: 100

[2020-01-29 22:51:39.389548][__main__.TRPOAgent.log][learning]: 

***************
BEGINNING TRAINING
***************



[2020-01-29 22:51:41.063142][__main__.TRPOAgent.log][linesearch]: Linesearch failed. Mean kl divergence: 0.0, Discarded policy loss value: -1.4704940723512008e-17

[2020-01-29 22:51:41.063525][__main__.TRPOAgent.log][batch_info]: Current batch value loss: 1.0239406923906457e-06

[2020-01-29 22:51:41.553723][__main__.TRPOAgent.log][learning]: Episode #14

[2020-01-29 22:51:41.554086][__main__.TRPOAgent.log][learning]: Performing rollouts: rollout length: 1000

[2020-01-29 22:51:41.835761][__main__.TRPOAgent.log][learning]: Rollouts performed

[2020-01-29 22:51:41.836110][__main__.TRPOAgent.log][batch_info]: Rollout statistics size: None, Batch size: 100

[2020-01-29 22:51:41.836632][__main__.TRPOAgent.log][learning]: 

***************
BEGINNING TRAINING
***************



[2020-01-29 22:51:43.522802][__main__.TRPOAgent.log][linesearch]: Linesearch failed. Mean kl divergence: 0.0, Discarded policy loss value: 8.127122794641668e-17

[2020-01-29 22:51:43.523219][__main__.TRPOAgent.log][batch_info]: Current batch value loss: 4.562569041866027e-06

[2020-01-29 22:51:44.096008][__main__.TRPOAgent.log][learning]: Episode #15

[2020-01-29 22:51:44.096410][__main__.TRPOAgent.log][learning]: Performing rollouts: rollout length: 1000

[2020-01-29 22:51:44.378925][__main__.TRPOAgent.log][learning]: Rollouts performed

[2020-01-29 22:51:44.379277][__main__.TRPOAgent.log][batch_info]: Rollout statistics size: None, Batch size: 100

[2020-01-29 22:51:44.379776][__main__.TRPOAgent.log][learning]: 

***************
BEGINNING TRAINING
***************



[2020-01-29 22:51:46.145479][__main__.TRPOAgent.log][linesearch]: Linesearch failed. Mean kl divergence: 0.0, Discarded policy loss value: 2.025162520488885e-17

[2020-01-29 22:51:46.145856][__main__.TRPOAgent.log][batch_info]: Current batch value loss: 5.596101310345602e-07

[2020-01-29 22:51:46.725868][__main__.TRPOAgent.log][learning]: Episode #16

[2020-01-29 22:51:46.726216][__main__.TRPOAgent.log][learning]: Performing rollouts: rollout length: 1000

[2020-01-29 22:51:47.052773][__main__.TRPOAgent.log][learning]: Rollouts performed

[2020-01-29 22:51:47.053183][__main__.TRPOAgent.log][batch_info]: Rollout statistics size: None, Batch size: 100

[2020-01-29 22:51:47.053762][__main__.TRPOAgent.log][learning]: 

***************
BEGINNING TRAINING
***************



