LOGGER started at 2020-01-28 18:22:46.456352.
Currently active debug channels:
	act
	training
	batch_info
	linesearch
	learning
[2020-01-28 18:22:46.934023][__main__.TRPOAgent.log][learning]: Episode #0

[2020-01-28 18:22:47.192390][__main__.TRPOAgent.log][learning]: Performing rollouts: rollout length: 1500

[2020-01-28 18:22:48.474258][__main__.TRPOAgent.log][learning]: Rollouts performed

[2020-01-28 18:22:48.477136][__main__.TRPOAgent.log][batch_info]: Rollout statistics size: 1035, Batch size: 3000, Number of batches: 1

[2020-01-28 18:22:48.477640][__main__.TRPOAgent.log][learning]: 

***************
BEGINNING TRAINING
***************



[2020-01-28 18:22:48.478695][__main__.TRPOAgent.log][batch_info]: Batch #0, batch length: 1035

[2020-01-28 18:22:48.574853][__main__.TRPOAgent.log][training]: policy_gradient: [ 7.60477387e-04  8.35270175e-03 -1.07829755e-03 -1.30365084e-02
 -3.51904101e-04 -4.83195970e-02  0.00000000e+00  4.69269609e-02
  0.00000000e+00  2.06895042e-01 -5.95918029e-02  0.00000000e+00
  1.74903161e-01 -2.19551590e-01 -1.91494830e-01 -1.44276206e-03
 -2.32227571e-01  7.71064926e-02  0.00000000e+00 -2.14887078e-02
  0.00000000e+00  0.00000000e+00  0.00000000e+00  0.00000000e+00
  1.71451087e-02 -8.63518512e-02  0.00000000e+00 -1.35354651e-01
  0.00000000e+00  0.00000000e+00  0.00000000e+00  0.00000000e+00
  0.00000000e+00  0.00000000e+00  0.00000000e+00  8.63157237e-04
  0.00000000e+00 -8.38279879e-04  0.00000000e+00 -3.69587008e-03
  1.06451831e-03  0.00000000e+00 -3.12438304e-03  3.92196035e-03
  3.42076835e-03  2.57727836e-05  4.14839777e-03 -1.37739202e-03
  0.00000000e+00  3.83863584e-04  0.00000000e+00  0.00000000e+00
  0.00000000e+00  0.00000000e+00 -3.06271691e-04  1.54254650e-03
  0.00000000e+00  2.41790813e-03  0.00000000e+00  0.00000000e+00
  0.00000000e+00  0.00000000e+00  0.00000000e+00  0.00000000e+00
  0.00000000e+00 -1.62711690e-01  1.62711690e-01  0.00000000e+00
  0.00000000e+00 -1.21894951e-01  1.21894951e-01  0.00000000e+00
  0.00000000e+00 -1.79186518e-01  1.79186518e-01 -1.13843217e-01
  1.13843217e-01  0.00000000e+00  0.00000000e+00 -5.48023727e-02
  5.48023727e-02 -6.50666177e-02  6.50666177e-02 -2.65818844e-02
  2.65818844e-02 -1.00156134e-01  1.00156134e-01 -1.24559800e-02
  1.24559800e-02 -5.79712607e-02  5.79712607e-02  0.00000000e+00
  0.00000000e+00 -4.11823855e-03  4.11823855e-03  0.00000000e+00
  0.00000000e+00  0.00000000e+00  0.00000000e+00  0.00000000e+00
  0.00000000e+00  0.00000000e+00  0.00000000e+00 -1.35995828e-01
  1.35995828e-01 -2.91287798e-02  2.91287798e-02  0.00000000e+00
  0.00000000e+00 -8.46776818e-02  8.46776818e-02  0.00000000e+00
  0.00000000e+00  0.00000000e+00  0.00000000e+00  0.00000000e+00
  0.00000000e+00  0.00000000e+00  0.00000000e+00  0.00000000e+00
  0.00000000e+00  0.00000000e+00  0.00000000e+00  0.00000000e+00
  0.00000000e+00  1.95354166e-02 -1.95354166e-02]

[2020-01-28 18:22:48.575498][__main__.TRPOAgent.log][training]: Initiating conjugate gradients

[2020-01-28 18:22:48.637087][__main__.TRPOAgent.log][training]: gradient_step_direction: [ 0.00630114  0.00525899 -0.00639632 -0.01434359 -0.05318137 -0.04589376
  0.          0.04457101  0.          0.19650799 -0.05660005  0.
  0.16612225 -0.20852915 -0.18188096 -0.00137034 -0.22056873  0.0732354
  0.         -0.02040988  0.          0.          0.          0.
  0.01628433 -0.08201661  0.         -0.12855927  0.          0.
  0.          0.          0.          0.          0.          0.13044422
  0.         -0.12668465  0.         -0.55853662  0.16087482  0.
 -0.4721709   0.59270439  0.51696199  0.0038949   0.62692464 -0.20815772
  0.          0.0580112   0.          0.          0.          0.
 -0.04628517  0.2331166   0.          0.36540521  0.          0.
  0.          0.          0.          0.          0.         -0.15454285
  0.15454285  0.          0.         -0.11577529  0.11577529  0.
  0.         -0.17019057  0.17019057 -0.10812779  0.10812779  0.
  0.         -0.05205105  0.05205105 -0.06179999  0.06179999 -0.02524736
  0.02524736 -0.09512786  0.09512786 -0.01183064  0.01183064 -0.05506085
  0.05506085  0.          0.         -0.00391149  0.00391149  0.
  0.          0.          0.          0.          0.          0.
  0.         -0.12916824  0.12916824 -0.02766639  0.02766639  0.
  0.         -0.0804265   0.0804265   0.          0.          0.
  0.          0.          0.          0.          0.          0.
  0.          0.          0.          0.          0.          0.30746079
 -0.30746079]

[2020-01-28 18:22:48.723907][__main__.TRPOAgent.log][linesearch]: Linesearch worked at 4, New mean kl div: -1.9999999843126365e-08, New policy loss value: 2.6602445420969934e-17

[2020-01-28 18:22:49.071859][__main__.TRPOAgent.log][batch_info]: Current batch value loss: 28.690683868802505

[2020-01-28 18:22:49.072264][__main__.TRPOAgent.log][linesearch]: Linesearch successful, updating policy parameters

[2020-01-28 18:22:50.053897][__main__.TRPOAgent.log][learning]: Episode #1

[2020-01-28 18:22:50.054439][__main__.TRPOAgent.log][learning]: Performing rollouts: rollout length: 1500

[2020-01-28 18:22:51.481578][__main__.TRPOAgent.log][learning]: Rollouts performed

[2020-01-28 18:22:51.484592][__main__.TRPOAgent.log][batch_info]: Rollout statistics size: 1042, Batch size: 3000, Number of batches: 1

[2020-01-28 18:22:51.485017][__main__.TRPOAgent.log][learning]: 

***************
BEGINNING TRAINING
***************



[2020-01-28 18:22:51.485799][__main__.TRPOAgent.log][batch_info]: Batch #0, batch length: 1042

[2020-01-28 18:22:51.539638][__main__.TRPOAgent.log][training]: policy_gradient: [ 8.08757981e-04  1.02054980e-02 -1.21817409e-03 -1.58224702e-02
  1.05327688e-03 -5.87457081e-02  0.00000000e+00  5.70525774e-02
  0.00000000e+00  2.51537606e-01 -7.24501626e-02  0.00000000e+00
  2.12642710e-01 -2.66925107e-01 -2.32814428e-01 -1.75407256e-03
 -2.82336235e-01  9.37440663e-02  0.00000000e+00 -2.61254115e-02
  0.00000000e+00  0.00000000e+00  0.00000000e+00  0.00000000e+00
  2.08445768e-02 -1.04984333e-01  0.00000000e+00 -1.64560661e-01
  0.00000000e+00  0.00000000e+00  0.00000000e+00  0.00000000e+00
  0.00000000e+00  0.00000000e+00  0.00000000e+00 -4.12901540e-03
  0.00000000e+00  2.50903814e-03  0.00000000e+00  1.10620322e-02
 -5.09225009e-03  0.00000000e+00  9.35152616e-03 -1.87611642e-02
 -1.63636526e-02 -1.23287178e-04 -1.98443546e-02  4.12264351e-03
  0.00000000e+00 -1.83625715e-03  0.00000000e+00  0.00000000e+00
  0.00000000e+00  0.00000000e+00  9.16695453e-04 -7.37895483e-03
  0.00000000e+00 -1.15663514e-02  0.00000000e+00  0.00000000e+00
  0.00000000e+00  0.00000000e+00  0.00000000e+00  0.00000000e+00
  0.00000000e+00 -1.97820637e-01  1.97820637e-01  0.00000000e+00
  0.00000000e+00 -1.48196708e-01  1.48196708e-01  0.00000000e+00
  0.00000000e+00 -2.17850303e-01  2.17850303e-01 -1.38407619e-01
  1.38407619e-01  0.00000000e+00  0.00000000e+00 -6.66272980e-02
  6.66272980e-02 -7.91062999e-02  7.91062999e-02 -3.23175631e-02
  3.23175631e-02 -1.21767220e-01  1.21767220e-01 -1.51436562e-02
  1.51436562e-02 -7.04799495e-02  7.04799495e-02  0.00000000e+00
  0.00000000e+00 -5.00684721e-03  5.00684721e-03  0.00000000e+00
  0.00000000e+00  0.00000000e+00  0.00000000e+00  0.00000000e+00
  0.00000000e+00  0.00000000e+00  0.00000000e+00 -1.65340187e-01
  1.65340187e-01 -3.54140122e-02  3.54140122e-02  0.00000000e+00
  0.00000000e+00 -1.02948921e-01  1.02948921e-01  0.00000000e+00
  0.00000000e+00  0.00000000e+00  0.00000000e+00  0.00000000e+00
  0.00000000e+00  0.00000000e+00  0.00000000e+00  0.00000000e+00
  0.00000000e+00  0.00000000e+00  0.00000000e+00  0.00000000e+00
  0.00000000e+00 -3.49414085e-02  3.49414085e-02]

[2020-01-28 18:22:51.540088][__main__.TRPOAgent.log][training]: Initiating conjugate gradients

[2020-01-28 18:22:51.588766][__main__.TRPOAgent.log][training]: gradient_step_direction: [ 1.91667516e-02 -2.16876403e-03 -1.48982478e-02 -1.89855819e-02
 -2.55690651e-01 -4.79623983e-02  0.00000000e+00  4.65799906e-02
  0.00000000e+00  2.05365379e-01 -5.91512548e-02  0.00000000e+00
  1.73610051e-01 -2.17928412e-01 -1.90079073e-01 -1.43211923e-03
 -2.30510665e-01  7.65364136e-02  0.00000000e+00 -2.13298381e-02
  0.00000000e+00  0.00000000e+00  0.00000000e+00  0.00000000e+00
  1.70183188e-02 -8.57134400e-02  0.00000000e+00 -1.34353965e-01
  0.00000000e+00  0.00000000e+00  0.00000000e+00  0.00000000e+00
  0.00000000e+00  0.00000000e+00  0.00000000e+00 -1.47051103e-02
  0.00000000e+00 -6.09087202e-01  0.00000000e+00 -2.68538849e+00
 -1.81355748e-02  0.00000000e+00 -2.27015075e+00 -6.68161091e-02
 -5.82775960e-02 -4.39084437e-04 -7.06737839e-02 -1.00080159e+00
  0.00000000e+00 -6.53965568e-03  0.00000000e+00  0.00000000e+00
  0.00000000e+00  0.00000000e+00 -2.22534476e-01 -2.62794489e-02
  0.00000000e+00 -4.11924687e-02  0.00000000e+00  0.00000000e+00
  0.00000000e+00  0.00000000e+00  0.00000000e+00  0.00000000e+00
  0.00000000e+00 -1.61508730e-01  1.61508730e-01  0.00000000e+00
  0.00000000e+00 -1.20993753e-01  1.20993753e-01  0.00000000e+00
  0.00000000e+00 -1.77861742e-01  1.77861742e-01 -1.13001552e-01
  1.13001552e-01  0.00000000e+00  0.00000000e+00 -5.43971980e-02
  5.43971980e-02 -6.45855785e-02  6.45855785e-02 -2.63853697e-02
  2.63853697e-02 -9.94156581e-02  9.94156581e-02 -1.23639035e-02
  1.23639035e-02 -5.75426626e-02  5.75426626e-02  0.00000000e+00
  0.00000000e+00 -4.08779273e-03  4.08779273e-03  0.00000000e+00
  0.00000000e+00  0.00000000e+00  0.00000000e+00  0.00000000e+00
  0.00000000e+00  0.00000000e+00  0.00000000e+00 -1.34990380e-01
  1.34990380e-01 -2.89134293e-02  2.89134293e-02  0.00000000e+00
  0.00000000e+00 -8.40516489e-02  8.40516489e-02  0.00000000e+00
  0.00000000e+00  0.00000000e+00  0.00000000e+00  0.00000000e+00
  0.00000000e+00  0.00000000e+00  0.00000000e+00  0.00000000e+00
  0.00000000e+00  0.00000000e+00  0.00000000e+00  0.00000000e+00
  0.00000000e+00 -1.24440505e-01  1.24440505e-01]

[2020-01-28 18:22:51.662518][__main__.TRPOAgent.log][linesearch]: Linesearch worked at 4, New mean kl div: -1.999999984334446e-08, New policy loss value: 2.088327378373615e-17

[2020-01-28 18:22:51.723371][__main__.TRPOAgent.log][batch_info]: Current batch value loss: 17.57281021798313

[2020-01-28 18:22:51.723772][__main__.TRPOAgent.log][linesearch]: Linesearch successful, updating policy parameters

[2020-01-28 18:22:52.328063][__main__.TRPOAgent.log][learning]: Episode #2

[2020-01-28 18:22:52.328445][__main__.TRPOAgent.log][learning]: Performing rollouts: rollout length: 1500

[2020-01-28 18:22:53.844072][__main__.TRPOAgent.log][learning]: Rollouts performed

[2020-01-28 18:22:53.847632][__main__.TRPOAgent.log][batch_info]: Rollout statistics size: 1036, Batch size: 3000, Number of batches: 1

[2020-01-28 18:22:53.848217][__main__.TRPOAgent.log][learning]: 

***************
BEGINNING TRAINING
***************



[2020-01-28 18:22:53.849201][__main__.TRPOAgent.log][batch_info]: Batch #0, batch length: 1036

[2020-01-28 18:22:53.912068][__main__.TRPOAgent.log][training]: policy_gradient: [ 7.88857447e-04  9.06778719e-03 -1.14207565e-03 -1.41262245e-02
  9.46327151e-05 -5.23790887e-02  0.00000000e+00  5.08694526e-02
  0.00000000e+00  2.24276990e-01 -6.45983105e-02  0.00000000e+00
  1.89597364e-01 -2.37996856e-01 -2.07582954e-01 -1.56397335e-03
 -2.51737790e-01  8.35844681e-02  0.00000000e+00 -2.32940464e-02
  0.00000000e+00  0.00000000e+00  0.00000000e+00  0.00000000e+00
  1.85855269e-02 -9.36065604e-02  0.00000000e+00 -1.46726250e-01
  0.00000000e+00  0.00000000e+00  0.00000000e+00  0.00000000e+00
  0.00000000e+00  0.00000000e+00  0.00000000e+00 -7.29063062e-04
  0.00000000e+00  2.25427043e-04  0.00000000e+00  9.93879352e-04
 -8.99142067e-04  0.00000000e+00  8.40197227e-04 -3.31267155e-03
 -2.88934129e-03 -2.17689011e-05 -3.50393121e-03  3.70403032e-04
  0.00000000e+00 -3.24229176e-04  0.00000000e+00  0.00000000e+00
  0.00000000e+00  0.00000000e+00  8.23614204e-05 -1.30290708e-03
  0.00000000e+00 -2.04227855e-03  0.00000000e+00  0.00000000e+00
  0.00000000e+00  0.00000000e+00  0.00000000e+00  0.00000000e+00
  0.00000000e+00 -1.76381646e-01  1.76381646e-01  0.00000000e+00
  0.00000000e+00 -1.32135756e-01  1.32135756e-01  0.00000000e+00
  0.00000000e+00 -1.94240579e-01  1.94240579e-01 -1.23407568e-01
  1.23407568e-01  0.00000000e+00  0.00000000e+00 -5.94065042e-02
  5.94065042e-02 -7.05330829e-02  7.05330829e-02 -2.88151179e-02
  2.88151179e-02 -1.08570588e-01  1.08570588e-01 -1.35024488e-02
  1.35024488e-02 -6.28416211e-02  6.28416211e-02  0.00000000e+00
  0.00000000e+00 -4.46422561e-03  4.46422561e-03  0.00000000e+00
  0.00000000e+00  0.00000000e+00  0.00000000e+00  0.00000000e+00
  0.00000000e+00  0.00000000e+00  0.00000000e+00 -1.47421294e-01
  1.47421294e-01 -3.15759865e-02  3.15759865e-02  0.00000000e+00
  0.00000000e+00 -9.17917384e-02  9.17917384e-02  0.00000000e+00
  0.00000000e+00  0.00000000e+00  0.00000000e+00  0.00000000e+00
  0.00000000e+00  0.00000000e+00  0.00000000e+00  0.00000000e+00
  0.00000000e+00  0.00000000e+00  0.00000000e+00  0.00000000e+00
  0.00000000e+00 -6.16962830e-03  6.16962830e-03]

[2020-01-28 18:22:53.912493][__main__.TRPOAgent.log][training]: Initiating conjugate gradients

[2020-01-28 18:22:53.974990][__main__.TRPOAgent.log][training]: gradient_step_direction: [ 1.85491454e-02 -1.47383891e-03 -1.56627320e-02 -1.83607113e-02
 -2.20172396e-01 -4.62870371e-02  0.00000000e+00  4.49529105e-02
  0.00000000e+00  1.98191795e-01 -5.70850564e-02  0.00000000e+00
  1.67545709e-01 -2.10315997e-01 -1.83439457e-01 -1.38209678e-03
 -2.22458740e-01  7.38629329e-02  0.00000000e+00 -2.05847696e-02
  0.00000000e+00  0.00000000e+00  0.00000000e+00  0.00000000e+00
  1.64238515e-02 -8.27194007e-02  0.00000000e+00 -1.29660874e-01
  0.00000000e+00  0.00000000e+00  0.00000000e+00  0.00000000e+00
  0.00000000e+00  0.00000000e+00  0.00000000e+00  9.40336822e-04
  0.00000000e+00 -5.24478237e-01  0.00000000e+00 -2.31235825e+00
  1.15971094e-03  0.00000000e+00 -1.95480164e+00  4.27270821e-03
  3.72669659e-03  2.80682169e-05  4.51940168e-03 -8.61779154e-01
  0.00000000e+00  4.18193397e-04  0.00000000e+00  0.00000000e+00
  0.00000000e+00  0.00000000e+00 -1.91621972e-01  1.68049883e-03
  0.00000000e+00  2.63414171e-03  0.00000000e+00  0.00000000e+00
  0.00000000e+00  0.00000000e+00  0.00000000e+00  0.00000000e+00
  0.00000000e+00 -1.55867099e-01  1.55867099e-01  0.00000000e+00
  0.00000000e+00 -1.16767343e-01  1.16767343e-01  0.00000000e+00
  0.00000000e+00 -1.71648886e-01  1.71648886e-01 -1.09054316e-01
  1.09054316e-01  0.00000000e+00  0.00000000e+00 -5.24970589e-02
  5.24970589e-02 -6.23295518e-02  6.23295518e-02 -2.54637073e-02
  2.54637073e-02 -9.59429883e-02  9.59429883e-02 -1.19320223e-02
  1.19320223e-02 -5.55326503e-02  5.55326503e-02  0.00000000e+00
  0.00000000e+00 -3.94500281e-03  3.94500281e-03  0.00000000e+00
  0.00000000e+00  0.00000000e+00  0.00000000e+00  0.00000000e+00
  0.00000000e+00  0.00000000e+00  0.00000000e+00 -1.30275056e-01
  1.30275056e-01 -2.79034597e-02  2.79034597e-02  0.00000000e+00
  0.00000000e+00 -8.11156565e-02  8.11156565e-02  0.00000000e+00
  0.00000000e+00  0.00000000e+00  0.00000000e+00  0.00000000e+00
  0.00000000e+00  0.00000000e+00  0.00000000e+00  0.00000000e+00
  0.00000000e+00  0.00000000e+00  0.00000000e+00  0.00000000e+00
  0.00000000e+00  7.95764362e-03 -7.95764362e-03]

[2020-01-28 18:22:54.059228][__main__.TRPOAgent.log][linesearch]: Linesearch worked at 4, New mean kl div: -1.999999984404091e-08, New policy loss value: 2.914871261564117e-17

[2020-01-28 18:22:54.123656][__main__.TRPOAgent.log][batch_info]: Current batch value loss: 10.706410221002695

[2020-01-28 18:22:54.124081][__main__.TRPOAgent.log][linesearch]: Linesearch successful, updating policy parameters

[2020-01-28 18:22:54.707119][__main__.TRPOAgent.log][learning]: Episode #3

[2020-01-28 18:22:54.707562][__main__.TRPOAgent.log][learning]: Performing rollouts: rollout length: 1500

