LOGGER started at 2020-01-28 19:33:17.033928.
Currently active debug channels:
	act
	batch_info
	linesearch
	learning
[2020-01-28 19:33:17.498810][__main__.TRPOAgent.log][learning]: Episode #0

[2020-01-28 19:33:17.753653][__main__.TRPOAgent.log][learning]: Performing rollouts: rollout length: 1500

[2020-01-28 19:33:18.505943][__main__.TRPOAgent.log][learning]: Rollouts performed

[2020-01-28 19:33:18.508438][__main__.TRPOAgent.log][batch_info]: Rollout statistics size: 477, Batch size: 500, Number of batches: 1

[2020-01-28 19:33:18.508945][__main__.TRPOAgent.log][learning]: 

***************
BEGINNING TRAINING
***************



[2020-01-28 19:33:18.509409][__main__.TRPOAgent.log][batch_info]: Batch #0, batch length: 477

[2020-01-28 19:33:18.664353][__main__.TRPOAgent.log][linesearch]: Linesearch worked at 0, New mean kl div: 0.004846358859606858, New policy loss value: -0.0749984512658664

[2020-01-28 19:33:19.006313][__main__.TRPOAgent.log][batch_info]: Current batch value loss: 10.622059015680176

[2020-01-28 19:33:19.006843][__main__.TRPOAgent.log][linesearch]: Linesearch successful, updating policy parameters

[2020-01-28 19:33:20.337879][__main__.TRPOAgent.log][learning]: Episode #1

[2020-01-28 19:33:20.338417][__main__.TRPOAgent.log][learning]: Performing rollouts: rollout length: 1500

[2020-01-28 19:33:21.059390][__main__.TRPOAgent.log][learning]: Rollouts performed

[2020-01-28 19:33:21.061931][__main__.TRPOAgent.log][batch_info]: Rollout statistics size: 523, Batch size: 500, Number of batches: 1

[2020-01-28 19:33:21.062387][__main__.TRPOAgent.log][learning]: 

***************
BEGINNING TRAINING
***************



[2020-01-28 19:33:21.062867][__main__.TRPOAgent.log][batch_info]: Batch #0, batch length: 523

[2020-01-28 19:33:21.168978][__main__.TRPOAgent.log][linesearch]: Linesearch worked at 1, New mean kl div: 3.76558462222592e-09, New policy loss value: -1.1775788832772882e-05

[2020-01-28 19:33:21.268938][__main__.TRPOAgent.log][batch_info]: Current batch value loss: 2.967248971419504

[2020-01-28 19:33:21.269344][__main__.TRPOAgent.log][linesearch]: Linesearch successful, updating policy parameters

[2020-01-28 19:33:22.097064][__main__.TRPOAgent.log][learning]: Episode #2

[2020-01-28 19:33:22.097514][__main__.TRPOAgent.log][learning]: Performing rollouts: rollout length: 1500

[2020-01-28 19:33:22.741991][__main__.TRPOAgent.log][learning]: Rollouts performed

[2020-01-28 19:33:22.744177][__main__.TRPOAgent.log][batch_info]: Rollout statistics size: 513, Batch size: 500, Number of batches: 1

[2020-01-28 19:33:22.744605][__main__.TRPOAgent.log][learning]: 

***************
BEGINNING TRAINING
***************



[2020-01-28 19:33:22.745042][__main__.TRPOAgent.log][batch_info]: Batch #0, batch length: 513

[2020-01-28 19:33:22.832261][__main__.TRPOAgent.log][linesearch]: Linesearch worked at 0, New mean kl div: 0.0023084132384036072, New policy loss value: -0.0011534987909049277

[2020-01-28 19:33:22.939600][__main__.TRPOAgent.log][batch_info]: Current batch value loss: 0.4875889467674989

[2020-01-28 19:33:22.939987][__main__.TRPOAgent.log][linesearch]: Linesearch successful, updating policy parameters

[2020-01-28 19:33:23.597330][__main__.TRPOAgent.log][learning]: Episode #3

[2020-01-28 19:33:23.597879][__main__.TRPOAgent.log][learning]: Performing rollouts: rollout length: 1500

[2020-01-28 19:33:24.230520][__main__.TRPOAgent.log][learning]: Rollouts performed

[2020-01-28 19:33:24.232692][__main__.TRPOAgent.log][batch_info]: Rollout statistics size: 528, Batch size: 500, Number of batches: 1

[2020-01-28 19:33:24.233071][__main__.TRPOAgent.log][learning]: 

***************
BEGINNING TRAINING
***************



[2020-01-28 19:33:24.233619][__main__.TRPOAgent.log][batch_info]: Batch #0, batch length: 528

[2020-01-28 19:33:24.332675][__main__.TRPOAgent.log][linesearch]: Linesearch worked at 1, New mean kl div: 4.955529652758629e-09, New policy loss value: -1.864950175732277e-05

[2020-01-28 19:33:24.435335][__main__.TRPOAgent.log][batch_info]: Current batch value loss: 0.47095183876641217

[2020-01-28 19:33:24.435726][__main__.TRPOAgent.log][linesearch]: Linesearch successful, updating policy parameters

[2020-01-28 19:33:25.061958][__main__.TRPOAgent.log][learning]: Episode #4

[2020-01-28 19:33:25.062842][__main__.TRPOAgent.log][learning]: Performing rollouts: rollout length: 1500

[2020-01-28 19:33:25.688249][__main__.TRPOAgent.log][learning]: Rollouts performed

[2020-01-28 19:33:25.690359][__main__.TRPOAgent.log][batch_info]: Rollout statistics size: 520, Batch size: 500, Number of batches: 1

[2020-01-28 19:33:25.690731][__main__.TRPOAgent.log][learning]: 

***************
BEGINNING TRAINING
***************



[2020-01-28 19:33:25.691255][__main__.TRPOAgent.log][batch_info]: Batch #0, batch length: 520

[2020-01-28 19:33:25.774019][__main__.TRPOAgent.log][linesearch]: Linesearch worked at 0, New mean kl div: 0.004907791756241624, New policy loss value: -0.013273698983766753

[2020-01-28 19:33:25.877740][__main__.TRPOAgent.log][batch_info]: Current batch value loss: 0.32679899585069294

[2020-01-28 19:33:25.878119][__main__.TRPOAgent.log][linesearch]: Linesearch successful, updating policy parameters

[2020-01-28 19:33:26.487628][__main__.TRPOAgent.log][learning]: Episode #5

[2020-01-28 19:33:26.488116][__main__.TRPOAgent.log][learning]: Performing rollouts: rollout length: 1500

[2020-01-28 19:33:27.141494][__main__.TRPOAgent.log][learning]: Rollouts performed

[2020-01-28 19:33:27.143949][__main__.TRPOAgent.log][batch_info]: Rollout statistics size: 522, Batch size: 500, Number of batches: 1

[2020-01-28 19:33:27.144546][__main__.TRPOAgent.log][learning]: 

***************
BEGINNING TRAINING
***************



[2020-01-28 19:33:27.145222][__main__.TRPOAgent.log][batch_info]: Batch #0, batch length: 522

[2020-01-28 19:33:27.223823][__main__.TRPOAgent.log][linesearch]: Linesearch worked at 0, New mean kl div: 0.004873040804638182, New policy loss value: -0.01745277303646283

[2020-01-28 19:33:27.338451][__main__.TRPOAgent.log][batch_info]: Current batch value loss: 0.2957572895743844

[2020-01-28 19:33:27.338983][__main__.TRPOAgent.log][linesearch]: Linesearch successful, updating policy parameters

[2020-01-28 19:33:27.982598][__main__.TRPOAgent.log][learning]: Episode #6

[2020-01-28 19:33:27.983283][__main__.TRPOAgent.log][learning]: Performing rollouts: rollout length: 1500

