LOGGER started at 2020-01-30 13:16:12.096740.
Currently active debug channels:
	act
	batch_info
	linesearch
	learning
[2020-01-30 13:16:12.460571][__main__.TRPOAgent.log][learning]: Episode #0

[2020-01-30 13:16:12.642778][__main__.TRPOAgent.log][learning]: Performing rollouts: rollout length: 1000

[2020-01-30 13:16:12.924579][__main__.TRPOAgent.log][learning]: Rollouts performed

[2020-01-30 13:16:12.924981][__main__.TRPOAgent.log][batch_info]: Rollout statistics size: None, Batch size: 100

[2020-01-30 13:16:12.925531][__main__.TRPOAgent.log][learning]: 

***************
BEGINNING TRAINING
***************



[2020-01-30 13:16:14.631567][__main__.TRPOAgent.log][linesearch]: Linesearch worked at 0, New mean kl div: 0.007914281537342818, New policy loss value: 4.291008774464854

[2020-01-30 13:16:14.631934][__main__.TRPOAgent.log][batch_info]: Current batch value loss: 0.006769238544166001

[2020-01-30 13:16:16.053113][__main__.TRPOAgent.log][learning]: Episode #1

[2020-01-30 13:16:16.053642][__main__.TRPOAgent.log][learning]: Performing rollouts: rollout length: 1000

[2020-01-30 13:16:16.448649][__main__.TRPOAgent.log][learning]: Rollouts performed

[2020-01-30 13:16:16.449028][__main__.TRPOAgent.log][batch_info]: Rollout statistics size: None, Batch size: 100

[2020-01-30 13:16:16.449640][__main__.TRPOAgent.log][learning]: 

***************
BEGINNING TRAINING
***************



[2020-01-30 13:16:18.001200][__main__.TRPOAgent.log][linesearch]: Linesearch worked at 0, New mean kl div: 0.009284722930357682, New policy loss value: 4.968968592016063

[2020-01-30 13:16:18.001606][__main__.TRPOAgent.log][batch_info]: Current batch value loss: 0.00039016725073300523

[2020-01-30 13:16:18.531249][__main__.TRPOAgent.log][learning]: Episode #2

[2020-01-30 13:16:18.531606][__main__.TRPOAgent.log][learning]: Performing rollouts: rollout length: 1000

[2020-01-30 13:16:18.848120][__main__.TRPOAgent.log][learning]: Rollouts performed

[2020-01-30 13:16:18.848483][__main__.TRPOAgent.log][batch_info]: Rollout statistics size: None, Batch size: 100

[2020-01-30 13:16:18.855204][__main__.TRPOAgent.log][learning]: 

***************
BEGINNING TRAINING
***************



[2020-01-30 13:16:20.430414][__main__.TRPOAgent.log][linesearch]: Linesearch worked at 1, New mean kl div: 1.9727764711734455e-06, New policy loss value: 5.199128227027516

[2020-01-30 13:16:20.430819][__main__.TRPOAgent.log][batch_info]: Current batch value loss: 0.00017333109967694328

[2020-01-30 13:16:20.923967][__main__.TRPOAgent.log][learning]: Episode #3

[2020-01-30 13:16:20.924326][__main__.TRPOAgent.log][learning]: Performing rollouts: rollout length: 1000

[2020-01-30 13:16:21.220431][__main__.TRPOAgent.log][learning]: Rollouts performed

[2020-01-30 13:16:21.220794][__main__.TRPOAgent.log][batch_info]: Rollout statistics size: None, Batch size: 100

[2020-01-30 13:16:21.221299][__main__.TRPOAgent.log][learning]: 

***************
BEGINNING TRAINING
***************



[2020-01-30 13:16:22.785964][__main__.TRPOAgent.log][linesearch]: Linesearch worked at 1, New mean kl div: 1.9906493740437486e-06, New policy loss value: 4.658742913904923

[2020-01-30 13:16:22.786387][__main__.TRPOAgent.log][batch_info]: Current batch value loss: 2.4442432802115636e-05

[2020-01-30 13:16:23.331832][__main__.TRPOAgent.log][learning]: Episode #4

[2020-01-30 13:16:23.332203][__main__.TRPOAgent.log][learning]: Performing rollouts: rollout length: 1000

[2020-01-30 13:16:23.705882][__main__.TRPOAgent.log][learning]: Rollouts performed

[2020-01-30 13:16:23.706280][__main__.TRPOAgent.log][batch_info]: Rollout statistics size: None, Batch size: 100

[2020-01-30 13:16:23.706903][__main__.TRPOAgent.log][learning]: 

***************
BEGINNING TRAINING
***************



[2020-01-30 13:16:25.357617][__main__.TRPOAgent.log][linesearch]: Linesearch worked at 1, New mean kl div: 1.979022759483011e-06, New policy loss value: 5.023914837056903

[2020-01-30 13:16:25.358021][__main__.TRPOAgent.log][batch_info]: Current batch value loss: 0.001197483762628811

[2020-01-30 13:16:25.925850][__main__.TRPOAgent.log][learning]: Episode #5

[2020-01-30 13:16:25.926223][__main__.TRPOAgent.log][learning]: Performing rollouts: rollout length: 1000

[2020-01-30 13:16:26.224853][__main__.TRPOAgent.log][learning]: Rollouts performed

[2020-01-30 13:16:26.225199][__main__.TRPOAgent.log][batch_info]: Rollout statistics size: None, Batch size: 100

[2020-01-30 13:16:26.225840][__main__.TRPOAgent.log][learning]: 

***************
BEGINNING TRAINING
***************



[2020-01-30 13:16:27.763901][__main__.TRPOAgent.log][linesearch]: Linesearch worked at 1, New mean kl div: 1.99245958490004e-06, New policy loss value: 4.7641234867188365

[2020-01-30 13:16:27.764337][__main__.TRPOAgent.log][batch_info]: Current batch value loss: 1.5626395915546708e-05

[2020-01-30 13:16:28.234263][__main__.TRPOAgent.log][learning]: Episode #6

[2020-01-30 13:16:28.234670][__main__.TRPOAgent.log][learning]: Performing rollouts: rollout length: 1000

[2020-01-30 13:16:28.555392][__main__.TRPOAgent.log][learning]: Rollouts performed

[2020-01-30 13:16:28.555780][__main__.TRPOAgent.log][batch_info]: Rollout statistics size: None, Batch size: 100

[2020-01-30 13:16:28.556072][__main__.TRPOAgent.log][learning]: 

***************
BEGINNING TRAINING
***************



[2020-01-30 13:16:30.100565][__main__.TRPOAgent.log][linesearch]: Linesearch worked at 1, New mean kl div: 1.9870427978896763e-06, New policy loss value: 4.76225148500984

[2020-01-30 13:16:30.101002][__main__.TRPOAgent.log][batch_info]: Current batch value loss: 0.00014162121690539854

[2020-01-30 13:16:30.654440][__main__.TRPOAgent.log][learning]: Episode #7

[2020-01-30 13:16:30.654809][__main__.TRPOAgent.log][learning]: Performing rollouts: rollout length: 1000

[2020-01-30 13:16:30.962110][__main__.TRPOAgent.log][learning]: Rollouts performed

[2020-01-30 13:16:30.962457][__main__.TRPOAgent.log][batch_info]: Rollout statistics size: None, Batch size: 100

[2020-01-30 13:16:30.962824][__main__.TRPOAgent.log][learning]: 

***************
BEGINNING TRAINING
***************



[2020-01-30 13:16:32.506487][__main__.TRPOAgent.log][linesearch]: Linesearch worked at 1, New mean kl div: 1.9824954686753078e-06, New policy loss value: 4.883324919477764

[2020-01-30 13:16:32.506897][__main__.TRPOAgent.log][batch_info]: Current batch value loss: 0.0002281428474556638

[2020-01-30 13:16:33.148168][__main__.TRPOAgent.log][learning]: Episode #8

[2020-01-30 13:16:33.148675][__main__.TRPOAgent.log][learning]: Performing rollouts: rollout length: 1000

[2020-01-30 13:16:33.450217][__main__.TRPOAgent.log][learning]: Rollouts performed

[2020-01-30 13:16:33.450571][__main__.TRPOAgent.log][batch_info]: Rollout statistics size: None, Batch size: 100

[2020-01-30 13:16:33.450818][__main__.TRPOAgent.log][learning]: 

***************
BEGINNING TRAINING
***************



[2020-01-30 13:16:35.005879][__main__.TRPOAgent.log][linesearch]: Linesearch worked at 1, New mean kl div: 1.9890715922513282e-06, New policy loss value: 4.64355053156412

[2020-01-30 13:16:35.006306][__main__.TRPOAgent.log][batch_info]: Current batch value loss: 1.296514111324143e-05

[2020-01-30 13:16:35.494677][__main__.TRPOAgent.log][learning]: Episode #9

[2020-01-30 13:16:35.495038][__main__.TRPOAgent.log][learning]: Performing rollouts: rollout length: 1000

[2020-01-30 13:16:35.789771][__main__.TRPOAgent.log][learning]: Rollouts performed

[2020-01-30 13:16:35.790128][__main__.TRPOAgent.log][batch_info]: Rollout statistics size: None, Batch size: 100

[2020-01-30 13:16:35.796941][__main__.TRPOAgent.log][learning]: 

***************
BEGINNING TRAINING
***************



[2020-01-30 13:16:37.355699][__main__.TRPOAgent.log][linesearch]: Linesearch worked at 1, New mean kl div: 1.9888937742123954e-06, New policy loss value: 4.615185892264604

[2020-01-30 13:16:37.356123][__main__.TRPOAgent.log][batch_info]: Current batch value loss: 2.3619120020157426e-05

[2020-01-30 13:16:37.970467][__main__.TRPOAgent.log][learning]: Episode #10

[2020-01-30 13:16:37.970822][__main__.TRPOAgent.log][learning]: Performing rollouts: rollout length: 1000

[2020-01-30 13:16:38.262826][__main__.TRPOAgent.log][learning]: Rollouts performed

[2020-01-30 13:16:38.263181][__main__.TRPOAgent.log][batch_info]: Rollout statistics size: None, Batch size: 100

[2020-01-30 13:16:38.263691][__main__.TRPOAgent.log][learning]: 

***************
BEGINNING TRAINING
***************



[2020-01-30 13:16:39.813115][__main__.TRPOAgent.log][linesearch]: Linesearch worked at 1, New mean kl div: 1.9860320512502767e-06, New policy loss value: 4.52391854082602

[2020-01-30 13:16:39.813506][__main__.TRPOAgent.log][batch_info]: Current batch value loss: 3.6598627008999074e-06

[2020-01-30 13:16:40.278017][__main__.TRPOAgent.log][learning]: Episode #11

[2020-01-30 13:16:40.278358][__main__.TRPOAgent.log][learning]: Performing rollouts: rollout length: 1000

[2020-01-30 13:16:40.580959][__main__.TRPOAgent.log][learning]: Rollouts performed

[2020-01-30 13:16:40.581320][__main__.TRPOAgent.log][batch_info]: Rollout statistics size: None, Batch size: 100

[2020-01-30 13:16:40.581908][__main__.TRPOAgent.log][learning]: 

***************
BEGINNING TRAINING
***************



[2020-01-30 13:16:42.413771][__main__.TRPOAgent.log][linesearch]: Linesearch worked at 1, New mean kl div: 1.9894778377772914e-06, New policy loss value: 4.624588520114365

[2020-01-30 13:16:42.414200][__main__.TRPOAgent.log][batch_info]: Current batch value loss: 0.00010084170744448784

[2020-01-30 13:16:42.934147][__main__.TRPOAgent.log][learning]: Episode #12

[2020-01-30 13:16:42.934523][__main__.TRPOAgent.log][learning]: Performing rollouts: rollout length: 1000

[2020-01-30 13:16:43.250117][__main__.TRPOAgent.log][learning]: Rollouts performed

[2020-01-30 13:16:43.250471][__main__.TRPOAgent.log][batch_info]: Rollout statistics size: None, Batch size: 100

[2020-01-30 13:16:43.251044][__main__.TRPOAgent.log][learning]: 

***************
BEGINNING TRAINING
***************



[2020-01-30 13:16:44.903961][__main__.TRPOAgent.log][linesearch]: Linesearch worked at 1, New mean kl div: 1.976714489893881e-06, New policy loss value: 4.787291201395111

[2020-01-30 13:16:44.904416][__main__.TRPOAgent.log][batch_info]: Current batch value loss: 6.650303877283906e-06

[2020-01-30 13:16:45.472711][__main__.TRPOAgent.log][learning]: Episode #13

[2020-01-30 13:16:45.473098][__main__.TRPOAgent.log][learning]: Performing rollouts: rollout length: 1000

[2020-01-30 13:16:45.814862][__main__.TRPOAgent.log][learning]: Rollouts performed

[2020-01-30 13:16:45.815222][__main__.TRPOAgent.log][batch_info]: Rollout statistics size: None, Batch size: 100

[2020-01-30 13:16:45.815469][__main__.TRPOAgent.log][learning]: 

***************
BEGINNING TRAINING
***************



[2020-01-30 13:16:47.469303][__main__.TRPOAgent.log][linesearch]: Linesearch worked at 1, New mean kl div: 1.9897974046363626e-06, New policy loss value: 4.488761382549876

[2020-01-30 13:16:47.469778][__main__.TRPOAgent.log][batch_info]: Current batch value loss: 7.86948243174379e-06

[2020-01-30 13:16:48.071814][__main__.TRPOAgent.log][learning]: Episode #14

[2020-01-30 13:16:48.072318][__main__.TRPOAgent.log][learning]: Performing rollouts: rollout length: 1000

[2020-01-30 13:16:48.415673][__main__.TRPOAgent.log][learning]: Rollouts performed

[2020-01-30 13:16:48.416062][__main__.TRPOAgent.log][batch_info]: Rollout statistics size: None, Batch size: 100

[2020-01-30 13:16:48.416644][__main__.TRPOAgent.log][learning]: 

***************
BEGINNING TRAINING
***************



[2020-01-30 13:16:50.117722][__main__.TRPOAgent.log][linesearch]: Linesearch worked at 1, New mean kl div: 1.988789024848652e-06, New policy loss value: 4.667389439401979

[2020-01-30 13:16:50.118143][__main__.TRPOAgent.log][batch_info]: Current batch value loss: 3.3348041996228427e-06

[2020-01-30 13:16:50.724277][__main__.TRPOAgent.log][learning]: Episode #15

[2020-01-30 13:16:50.724651][__main__.TRPOAgent.log][learning]: Performing rollouts: rollout length: 1000

[2020-01-30 13:16:51.083328][__main__.TRPOAgent.log][learning]: Rollouts performed

[2020-01-30 13:16:51.083755][__main__.TRPOAgent.log][batch_info]: Rollout statistics size: None, Batch size: 100

[2020-01-30 13:16:51.084476][__main__.TRPOAgent.log][learning]: 

***************
BEGINNING TRAINING
***************



[2020-01-30 13:16:52.796871][__main__.TRPOAgent.log][linesearch]: Linesearch worked at 0, New mean kl div: 0.002667554802078051, New policy loss value: 4.4542486757421385

[2020-01-30 13:16:52.797307][__main__.TRPOAgent.log][batch_info]: Current batch value loss: 4.752843776714144e-05

[2020-01-30 13:16:53.369286][__main__.TRPOAgent.log][learning]: Episode #16

[2020-01-30 13:16:53.369641][__main__.TRPOAgent.log][learning]: Performing rollouts: rollout length: 1000

[2020-01-30 13:16:53.703434][__main__.TRPOAgent.log][learning]: Rollouts performed

[2020-01-30 13:16:53.703810][__main__.TRPOAgent.log][batch_info]: Rollout statistics size: None, Batch size: 100

[2020-01-30 13:16:53.704449][__main__.TRPOAgent.log][learning]: 

***************
BEGINNING TRAINING
***************



[2020-01-30 13:16:55.349378][__main__.TRPOAgent.log][linesearch]: Linesearch worked at 1, New mean kl div: 1.970824179974178e-06, New policy loss value: 4.4539777891316925

[2020-01-30 13:16:55.349907][__main__.TRPOAgent.log][batch_info]: Current batch value loss: 3.239173384272931e-06

[2020-01-30 13:16:55.979233][__main__.TRPOAgent.log][learning]: Episode #17

[2020-01-30 13:16:55.979753][__main__.TRPOAgent.log][learning]: Performing rollouts: rollout length: 1000

[2020-01-30 13:16:56.299286][__main__.TRPOAgent.log][learning]: Rollouts performed

[2020-01-30 13:16:56.299676][__main__.TRPOAgent.log][batch_info]: Rollout statistics size: None, Batch size: 100

[2020-01-30 13:16:56.300257][__main__.TRPOAgent.log][learning]: 

***************
BEGINNING TRAINING
***************



[2020-01-30 13:16:58.115547][__main__.TRPOAgent.log][linesearch]: Linesearch worked at 1, New mean kl div: 1.9027284367365725e-06, New policy loss value: 4.553083660987745

[2020-01-30 13:16:58.115997][__main__.TRPOAgent.log][batch_info]: Current batch value loss: 3.645990521761178e-06

