LOGGER started at 2020-01-28 19:19:35.999237.
Currently active debug channels:
	act
	batch_info
	linesearch
	learning
[2020-01-28 19:19:36.415208][__main__.TRPOAgent.log][learning]: Episode #0

[2020-01-28 19:19:36.616346][__main__.TRPOAgent.log][learning]: Performing rollouts: rollout length: 1500

[2020-01-28 19:19:37.261577][__main__.TRPOAgent.log][learning]: Rollouts performed

[2020-01-28 19:19:37.263620][__main__.TRPOAgent.log][batch_info]: Rollout statistics size: 474, Batch size: 500, Number of batches: 1

[2020-01-28 19:19:37.264029][__main__.TRPOAgent.log][learning]: 

***************
BEGINNING TRAINING
***************



[2020-01-28 19:19:37.264603][__main__.TRPOAgent.log][batch_info]: Batch #0, batch length: 474

[2020-01-28 19:19:37.390806][__main__.TRPOAgent.log][linesearch]: Linesearch worked at 0, New mean kl div: 0.004171219975663625, New policy loss value: 0.003058379859591533

[2020-01-28 19:19:37.749539][__main__.TRPOAgent.log][batch_info]: Current batch value loss: 1.2317543392529078

[2020-01-28 19:19:37.749909][__main__.TRPOAgent.log][linesearch]: Linesearch successful, updating policy parameters

[2020-01-28 19:19:39.245078][__main__.TRPOAgent.log][learning]: Episode #1

[2020-01-28 19:19:39.245629][__main__.TRPOAgent.log][learning]: Performing rollouts: rollout length: 1500

[2020-01-28 19:19:39.933638][__main__.TRPOAgent.log][learning]: Rollouts performed

[2020-01-28 19:19:39.936954][__main__.TRPOAgent.log][batch_info]: Rollout statistics size: 524, Batch size: 500, Number of batches: 1

[2020-01-28 19:19:39.937393][__main__.TRPOAgent.log][learning]: 

***************
BEGINNING TRAINING
***************



[2020-01-28 19:19:39.938143][__main__.TRPOAgent.log][batch_info]: Batch #0, batch length: 524

[2020-01-28 19:19:40.143527][__main__.TRPOAgent.log][linesearch]: Linesearch failed. Mean kl divergence: 0.0, Discarded policy loss value: -9.830982508131157e-17

[2020-01-28 19:19:40.338255][__main__.TRPOAgent.log][batch_info]: Current batch value loss: 1.0118034292707476

[2020-01-28 19:19:41.233175][__main__.TRPOAgent.log][learning]: Episode #2

[2020-01-28 19:19:41.233796][__main__.TRPOAgent.log][learning]: Performing rollouts: rollout length: 1500

[2020-01-28 19:19:41.878474][__main__.TRPOAgent.log][learning]: Rollouts performed

[2020-01-28 19:19:41.880517][__main__.TRPOAgent.log][batch_info]: Rollout statistics size: 525, Batch size: 500, Number of batches: 1

[2020-01-28 19:19:41.880887][__main__.TRPOAgent.log][learning]: 

***************
BEGINNING TRAINING
***************



[2020-01-28 19:19:41.881401][__main__.TRPOAgent.log][batch_info]: Batch #0, batch length: 525

[2020-01-28 19:19:42.069971][__main__.TRPOAgent.log][linesearch]: Linesearch failed. Mean kl divergence: 0.0, Discarded policy loss value: -4.7369515717340015e-17

[2020-01-28 19:19:42.250805][__main__.TRPOAgent.log][batch_info]: Current batch value loss: 0.41811146583240055

[2020-01-28 19:19:42.959608][__main__.TRPOAgent.log][learning]: Episode #3

[2020-01-28 19:19:42.959984][__main__.TRPOAgent.log][learning]: Performing rollouts: rollout length: 1500

[2020-01-28 19:19:43.641642][__main__.TRPOAgent.log][learning]: Rollouts performed

[2020-01-28 19:19:43.644182][__main__.TRPOAgent.log][batch_info]: Rollout statistics size: 526, Batch size: 500, Number of batches: 1

[2020-01-28 19:19:43.644639][__main__.TRPOAgent.log][learning]: 

***************
BEGINNING TRAINING
***************



[2020-01-28 19:19:43.645305][__main__.TRPOAgent.log][batch_info]: Batch #0, batch length: 526

[2020-01-28 19:19:43.745435][__main__.TRPOAgent.log][linesearch]: Linesearch worked at 0, New mean kl div: 0.0022604961672796076, New policy loss value: 0.011869763375990485

[2020-01-28 19:19:43.921635][__main__.TRPOAgent.log][batch_info]: Current batch value loss: 0.372447004921984

[2020-01-28 19:19:43.922026][__main__.TRPOAgent.log][linesearch]: Linesearch successful, updating policy parameters

[2020-01-28 19:19:44.743910][__main__.TRPOAgent.log][learning]: Episode #4

[2020-01-28 19:19:44.744339][__main__.TRPOAgent.log][learning]: Performing rollouts: rollout length: 1500

[2020-01-28 19:19:45.360130][__main__.TRPOAgent.log][learning]: Rollouts performed

[2020-01-28 19:19:45.362144][__main__.TRPOAgent.log][batch_info]: Rollout statistics size: 515, Batch size: 500, Number of batches: 1

[2020-01-28 19:19:45.362540][__main__.TRPOAgent.log][learning]: 

***************
BEGINNING TRAINING
***************



[2020-01-28 19:19:45.363141][__main__.TRPOAgent.log][batch_info]: Batch #0, batch length: 515

[2020-01-28 19:19:45.540045][__main__.TRPOAgent.log][linesearch]: Linesearch failed. Mean kl divergence: 0.0, Discarded policy loss value: 8.623091453399273e-18

[2020-01-28 19:19:45.718354][__main__.TRPOAgent.log][batch_info]: Current batch value loss: 0.3317720284007108

[2020-01-28 19:19:46.318127][__main__.TRPOAgent.log][learning]: Episode #5

[2020-01-28 19:19:46.318767][__main__.TRPOAgent.log][learning]: Performing rollouts: rollout length: 1500

[2020-01-28 19:19:46.986913][__main__.TRPOAgent.log][learning]: Rollouts performed

[2020-01-28 19:19:46.988957][__main__.TRPOAgent.log][batch_info]: Rollout statistics size: 526, Batch size: 500, Number of batches: 1

[2020-01-28 19:19:46.989388][__main__.TRPOAgent.log][learning]: 

***************
BEGINNING TRAINING
***************



[2020-01-28 19:19:46.989950][__main__.TRPOAgent.log][batch_info]: Batch #0, batch length: 526

[2020-01-28 19:19:47.155077][__main__.TRPOAgent.log][linesearch]: Linesearch failed. Mean kl divergence: 0.0, Discarded policy loss value: -1.2664140965305969e-17

[2020-01-28 19:19:47.330208][__main__.TRPOAgent.log][batch_info]: Current batch value loss: 0.4687761396494191

[2020-01-28 19:19:47.951876][__main__.TRPOAgent.log][learning]: Episode #6

[2020-01-28 19:19:47.952481][__main__.TRPOAgent.log][learning]: Performing rollouts: rollout length: 1500

[2020-01-28 19:19:48.595801][__main__.TRPOAgent.log][learning]: Rollouts performed

[2020-01-28 19:19:48.597882][__main__.TRPOAgent.log][batch_info]: Rollout statistics size: 513, Batch size: 500, Number of batches: 1

[2020-01-28 19:19:48.598335][__main__.TRPOAgent.log][learning]: 

***************
BEGINNING TRAINING
***************



[2020-01-28 19:19:48.599012][__main__.TRPOAgent.log][batch_info]: Batch #0, batch length: 513

[2020-01-28 19:19:48.776585][__main__.TRPOAgent.log][linesearch]: Linesearch failed. Mean kl divergence: 0.0, Discarded policy loss value: -5.0641752000445734e-17

[2020-01-28 19:19:48.960100][__main__.TRPOAgent.log][batch_info]: Current batch value loss: 0.1944679738893475

[2020-01-28 19:19:49.616300][__main__.TRPOAgent.log][learning]: Episode #7

[2020-01-28 19:19:49.616868][__main__.TRPOAgent.log][learning]: Performing rollouts: rollout length: 1500

[2020-01-28 19:19:50.249740][__main__.TRPOAgent.log][learning]: Rollouts performed

[2020-01-28 19:19:50.252354][__main__.TRPOAgent.log][batch_info]: Rollout statistics size: 524, Batch size: 500, Number of batches: 1

[2020-01-28 19:19:50.252902][__main__.TRPOAgent.log][learning]: 

***************
BEGINNING TRAINING
***************



[2020-01-28 19:19:50.253586][__main__.TRPOAgent.log][batch_info]: Batch #0, batch length: 524

[2020-01-28 19:19:50.424930][__main__.TRPOAgent.log][linesearch]: Linesearch failed. Mean kl divergence: 0.0, Discarded policy loss value: -2.7119951746568708e-17

[2020-01-28 19:19:50.599219][__main__.TRPOAgent.log][batch_info]: Current batch value loss: 0.39234550567545445

[2020-01-28 19:19:51.277800][__main__.TRPOAgent.log][learning]: Episode #8

[2020-01-28 19:19:51.278231][__main__.TRPOAgent.log][learning]: Performing rollouts: rollout length: 1500

[2020-01-28 19:19:51.880436][__main__.TRPOAgent.log][learning]: Rollouts performed

[2020-01-28 19:19:51.882231][__main__.TRPOAgent.log][batch_info]: Rollout statistics size: 520, Batch size: 500, Number of batches: 1

[2020-01-28 19:19:51.882571][__main__.TRPOAgent.log][learning]: 

***************
BEGINNING TRAINING
***************



[2020-01-28 19:19:51.883212][__main__.TRPOAgent.log][batch_info]: Batch #0, batch length: 520

[2020-01-28 19:19:52.060535][__main__.TRPOAgent.log][linesearch]: Linesearch failed. Mean kl divergence: 0.0, Discarded policy loss value: -1.3664283380001927e-17

[2020-01-28 19:19:52.240467][__main__.TRPOAgent.log][batch_info]: Current batch value loss: 0.29713611144981

[2020-01-28 19:19:52.817555][__main__.TRPOAgent.log][learning]: Episode #9

[2020-01-28 19:19:52.817923][__main__.TRPOAgent.log][learning]: Performing rollouts: rollout length: 1500

[2020-01-28 19:19:53.446969][__main__.TRPOAgent.log][learning]: Rollouts performed

[2020-01-28 19:19:53.449138][__main__.TRPOAgent.log][batch_info]: Rollout statistics size: 522, Batch size: 500, Number of batches: 1

[2020-01-28 19:19:53.449499][__main__.TRPOAgent.log][learning]: 

***************
BEGINNING TRAINING
***************



[2020-01-28 19:19:53.450134][__main__.TRPOAgent.log][batch_info]: Batch #0, batch length: 522

[2020-01-28 19:19:53.618829][__main__.TRPOAgent.log][linesearch]: Linesearch failed. Mean kl divergence: 0.0, Discarded policy loss value: 6.040293850451044e-17

[2020-01-28 19:19:53.803033][__main__.TRPOAgent.log][batch_info]: Current batch value loss: 0.2859200631296604

[2020-01-28 19:19:54.386139][__main__.TRPOAgent.log][learning]: Episode #10

[2020-01-28 19:19:54.386605][__main__.TRPOAgent.log][learning]: Performing rollouts: rollout length: 1500

[2020-01-28 19:19:55.049733][__main__.TRPOAgent.log][learning]: Rollouts performed

[2020-01-28 19:19:55.052003][__main__.TRPOAgent.log][batch_info]: Rollout statistics size: 517, Batch size: 500, Number of batches: 1

[2020-01-28 19:19:55.052542][__main__.TRPOAgent.log][learning]: 

***************
BEGINNING TRAINING
***************



[2020-01-28 19:19:55.053238][__main__.TRPOAgent.log][batch_info]: Batch #0, batch length: 517

[2020-01-28 19:19:55.224189][__main__.TRPOAgent.log][linesearch]: Linesearch failed. Mean kl divergence: 0.0, Discarded policy loss value: 3.3285216405589797e-17

[2020-01-28 19:19:55.404558][__main__.TRPOAgent.log][batch_info]: Current batch value loss: 0.2868575598357641

[2020-01-28 19:19:56.004065][__main__.TRPOAgent.log][learning]: Episode #11

[2020-01-28 19:19:56.004446][__main__.TRPOAgent.log][learning]: Performing rollouts: rollout length: 1500

[2020-01-28 19:19:56.651316][__main__.TRPOAgent.log][learning]: Rollouts performed

[2020-01-28 19:19:56.653580][__main__.TRPOAgent.log][batch_info]: Rollout statistics size: 531, Batch size: 500, Number of batches: 1

[2020-01-28 19:19:56.654124][__main__.TRPOAgent.log][learning]: 

***************
BEGINNING TRAINING
***************



[2020-01-28 19:19:56.654940][__main__.TRPOAgent.log][batch_info]: Batch #0, batch length: 531

[2020-01-28 19:19:56.822723][__main__.TRPOAgent.log][linesearch]: Linesearch failed. Mean kl divergence: 0.0, Discarded policy loss value: 3.596202640970375e-17

[2020-01-28 19:19:57.008451][__main__.TRPOAgent.log][batch_info]: Current batch value loss: 0.3595844644840213

[2020-01-28 19:19:57.605840][__main__.TRPOAgent.log][learning]: Episode #12

[2020-01-28 19:19:57.606934][__main__.TRPOAgent.log][learning]: Performing rollouts: rollout length: 1500

[2020-01-28 19:19:58.266057][__main__.TRPOAgent.log][learning]: Rollouts performed

[2020-01-28 19:19:58.268142][__main__.TRPOAgent.log][batch_info]: Rollout statistics size: 517, Batch size: 500, Number of batches: 1

[2020-01-28 19:19:58.268521][__main__.TRPOAgent.log][learning]: 

***************
BEGINNING TRAINING
***************



[2020-01-28 19:19:58.269280][__main__.TRPOAgent.log][batch_info]: Batch #0, batch length: 517

[2020-01-28 19:19:58.432047][__main__.TRPOAgent.log][linesearch]: Linesearch failed. Mean kl divergence: 0.0, Discarded policy loss value: -5.368583291224161e-18

[2020-01-28 19:19:58.614641][__main__.TRPOAgent.log][batch_info]: Current batch value loss: 0.19723015689759882

[2020-01-28 19:19:59.206990][__main__.TRPOAgent.log][learning]: Episode #13

[2020-01-28 19:19:59.207561][__main__.TRPOAgent.log][learning]: Performing rollouts: rollout length: 1500

[2020-01-28 19:19:59.816180][__main__.TRPOAgent.log][learning]: Rollouts performed

[2020-01-28 19:19:59.818640][__main__.TRPOAgent.log][batch_info]: Rollout statistics size: 515, Batch size: 500, Number of batches: 1

[2020-01-28 19:19:59.819161][__main__.TRPOAgent.log][learning]: 

***************
BEGINNING TRAINING
***************



[2020-01-28 19:19:59.819740][__main__.TRPOAgent.log][batch_info]: Batch #0, batch length: 515

[2020-01-28 19:19:59.996233][__main__.TRPOAgent.log][linesearch]: Linesearch failed. Mean kl divergence: 0.0, Discarded policy loss value: 2.4144656069517967e-17

[2020-01-28 19:20:00.176751][__main__.TRPOAgent.log][batch_info]: Current batch value loss: 0.20116702477442197

[2020-01-28 19:20:00.887593][__main__.TRPOAgent.log][learning]: Episode #14

[2020-01-28 19:20:00.888100][__main__.TRPOAgent.log][learning]: Performing rollouts: rollout length: 1500

[2020-01-28 19:20:01.530331][__main__.TRPOAgent.log][learning]: Rollouts performed

[2020-01-28 19:20:01.532521][__main__.TRPOAgent.log][batch_info]: Rollout statistics size: 514, Batch size: 500, Number of batches: 1

[2020-01-28 19:20:01.537508][__main__.TRPOAgent.log][learning]: 

***************
BEGINNING TRAINING
***************



[2020-01-28 19:20:01.538258][__main__.TRPOAgent.log][batch_info]: Batch #0, batch length: 514

[2020-01-28 19:20:01.712159][__main__.TRPOAgent.log][linesearch]: Linesearch failed. Mean kl divergence: 0.0, Discarded policy loss value: 4.168736259779284e-17

[2020-01-28 19:20:01.885741][__main__.TRPOAgent.log][batch_info]: Current batch value loss: 0.20848088779321755

[2020-01-28 19:20:02.617554][__main__.TRPOAgent.log][learning]: Episode #15

[2020-01-28 19:20:02.618043][__main__.TRPOAgent.log][learning]: Performing rollouts: rollout length: 1500

[2020-01-28 19:20:03.240392][__main__.TRPOAgent.log][learning]: Rollouts performed

[2020-01-28 19:20:03.242352][__main__.TRPOAgent.log][batch_info]: Rollout statistics size: 523, Batch size: 500, Number of batches: 1

[2020-01-28 19:20:03.242745][__main__.TRPOAgent.log][learning]: 

***************
BEGINNING TRAINING
***************



[2020-01-28 19:20:03.243392][__main__.TRPOAgent.log][batch_info]: Batch #0, batch length: 523

[2020-01-28 19:20:03.406687][__main__.TRPOAgent.log][linesearch]: Linesearch failed. Mean kl divergence: 0.0, Discarded policy loss value: 3.184196055330277e-17

[2020-01-28 19:20:03.584180][__main__.TRPOAgent.log][batch_info]: Current batch value loss: 0.22794917633036832

[2020-01-28 19:20:04.176176][__main__.TRPOAgent.log][learning]: Episode #16

[2020-01-28 19:20:04.176534][__main__.TRPOAgent.log][learning]: Performing rollouts: rollout length: 1500

[2020-01-28 19:20:04.845814][__main__.TRPOAgent.log][learning]: Rollouts performed

[2020-01-28 19:20:04.848063][__main__.TRPOAgent.log][batch_info]: Rollout statistics size: 527, Batch size: 500, Number of batches: 1

[2020-01-28 19:20:04.848444][__main__.TRPOAgent.log][learning]: 

***************
BEGINNING TRAINING
***************



[2020-01-28 19:20:04.849120][__main__.TRPOAgent.log][batch_info]: Batch #0, batch length: 527

[2020-01-28 19:20:05.029429][__main__.TRPOAgent.log][linesearch]: Linesearch failed. Mean kl divergence: 0.0, Discarded policy loss value: -1.6432143438474803e-17

[2020-01-28 19:20:05.211289][__main__.TRPOAgent.log][batch_info]: Current batch value loss: 0.29147130924288317

[2020-01-28 19:20:05.980413][__main__.TRPOAgent.log][learning]: Episode #17

[2020-01-28 19:20:05.981099][__main__.TRPOAgent.log][learning]: Performing rollouts: rollout length: 1500

[2020-01-28 19:20:06.859029][__main__.TRPOAgent.log][learning]: Rollouts performed

[2020-01-28 19:20:06.861290][__main__.TRPOAgent.log][batch_info]: Rollout statistics size: 532, Batch size: 500, Number of batches: 1

[2020-01-28 19:20:06.866211][__main__.TRPOAgent.log][learning]: 

***************
BEGINNING TRAINING
***************



[2020-01-28 19:20:06.866903][__main__.TRPOAgent.log][batch_info]: Batch #0, batch length: 532

[2020-01-28 19:20:07.052703][__main__.TRPOAgent.log][linesearch]: Linesearch failed. Mean kl divergence: 0.0, Discarded policy loss value: -9.432721938544563e-17

[2020-01-28 19:20:07.239828][__main__.TRPOAgent.log][batch_info]: Current batch value loss: 0.37389700488399974

[2020-01-28 19:20:07.831973][__main__.TRPOAgent.log][learning]: Episode #18

[2020-01-28 19:20:07.832396][__main__.TRPOAgent.log][learning]: Performing rollouts: rollout length: 1500

[2020-01-28 19:20:08.723598][__main__.TRPOAgent.log][learning]: Rollouts performed

[2020-01-28 19:20:08.725922][__main__.TRPOAgent.log][batch_info]: Rollout statistics size: 524, Batch size: 500, Number of batches: 1

[2020-01-28 19:20:08.726398][__main__.TRPOAgent.log][learning]: 

***************
BEGINNING TRAINING
***************



[2020-01-28 19:20:08.727126][__main__.TRPOAgent.log][batch_info]: Batch #0, batch length: 524

[2020-01-28 19:20:08.895208][__main__.TRPOAgent.log][linesearch]: Linesearch failed. Mean kl divergence: 0.0, Discarded policy loss value: 1.3559975873284354e-17

[2020-01-28 19:20:09.074700][__main__.TRPOAgent.log][batch_info]: Current batch value loss: 0.25368891056781173

[2020-01-28 19:20:09.807932][__main__.TRPOAgent.log][learning]: Episode #19

[2020-01-28 19:20:09.808748][__main__.TRPOAgent.log][learning]: Performing rollouts: rollout length: 1500

[2020-01-28 19:20:10.453998][__main__.TRPOAgent.log][learning]: Rollouts performed

[2020-01-28 19:20:10.456110][__main__.TRPOAgent.log][batch_info]: Rollout statistics size: 530, Batch size: 500, Number of batches: 1

[2020-01-28 19:20:10.456615][__main__.TRPOAgent.log][learning]: 

***************
BEGINNING TRAINING
***************



[2020-01-28 19:20:10.457209][__main__.TRPOAgent.log][batch_info]: Batch #0, batch length: 530

[2020-01-28 19:20:10.634184][__main__.TRPOAgent.log][linesearch]: Linesearch failed. Mean kl divergence: 0.0, Discarded policy loss value: 6.116700437557466e-17

[2020-01-28 19:20:10.809856][__main__.TRPOAgent.log][batch_info]: Current batch value loss: 0.2550005753330514

[2020-01-28 19:20:11.539643][__main__.TRPOAgent.log][learning]: Episode #20

[2020-01-28 19:20:11.540272][__main__.TRPOAgent.log][learning]: Performing rollouts: rollout length: 1500

[2020-01-28 19:20:12.202994][__main__.TRPOAgent.log][learning]: Rollouts performed

[2020-01-28 19:20:12.205726][__main__.TRPOAgent.log][batch_info]: Rollout statistics size: 513, Batch size: 500, Number of batches: 1

[2020-01-28 19:20:12.206297][__main__.TRPOAgent.log][learning]: 

***************
BEGINNING TRAINING
***************



[2020-01-28 19:20:12.207096][__main__.TRPOAgent.log][batch_info]: Batch #0, batch length: 513

[2020-01-28 19:20:12.386130][__main__.TRPOAgent.log][linesearch]: Linesearch failed. Mean kl divergence: 0.0, Discarded policy loss value: 3.197572161566606e-17

[2020-01-28 19:20:12.567993][__main__.TRPOAgent.log][batch_info]: Current batch value loss: 0.19446865864299429

[2020-01-28 19:20:13.332499][__main__.TRPOAgent.log][learning]: Episode #21

[2020-01-28 19:20:13.332898][__main__.TRPOAgent.log][learning]: Performing rollouts: rollout length: 1500

[2020-01-28 19:20:13.958748][__main__.TRPOAgent.log][learning]: Rollouts performed

[2020-01-28 19:20:13.960808][__main__.TRPOAgent.log][batch_info]: Rollout statistics size: 521, Batch size: 500, Number of batches: 1

[2020-01-28 19:20:13.961232][__main__.TRPOAgent.log][learning]: 

***************
BEGINNING TRAINING
***************



[2020-01-28 19:20:13.961861][__main__.TRPOAgent.log][batch_info]: Batch #0, batch length: 521

[2020-01-28 19:20:14.153328][__main__.TRPOAgent.log][linesearch]: Linesearch failed. Mean kl divergence: 0.0, Discarded policy loss value: -3.8357033480331705e-18

[2020-01-28 19:20:14.331476][__main__.TRPOAgent.log][batch_info]: Current batch value loss: 0.16260973070950643

[2020-01-28 19:20:15.015727][__main__.TRPOAgent.log][learning]: Episode #22

[2020-01-28 19:20:15.016161][__main__.TRPOAgent.log][learning]: Performing rollouts: rollout length: 1500

[2020-01-28 19:20:15.654081][__main__.TRPOAgent.log][learning]: Rollouts performed

[2020-01-28 19:20:15.656208][__main__.TRPOAgent.log][batch_info]: Rollout statistics size: 517, Batch size: 500, Number of batches: 1

[2020-01-28 19:20:15.656573][__main__.TRPOAgent.log][learning]: 

***************
BEGINNING TRAINING
***************



[2020-01-28 19:20:15.657136][__main__.TRPOAgent.log][batch_info]: Batch #0, batch length: 517

[2020-01-28 19:20:15.833273][__main__.TRPOAgent.log][linesearch]: Linesearch failed. Mean kl divergence: 0.0, Discarded policy loss value: -1.9729543595248794e-18

[2020-01-28 19:20:16.016606][__main__.TRPOAgent.log][batch_info]: Current batch value loss: 0.1923979353514655

[2020-01-28 19:20:16.706830][__main__.TRPOAgent.log][learning]: Episode #23

[2020-01-28 19:20:16.707397][__main__.TRPOAgent.log][learning]: Performing rollouts: rollout length: 1500

[2020-01-28 19:20:17.360011][__main__.TRPOAgent.log][learning]: Rollouts performed

[2020-01-28 19:20:17.362244][__main__.TRPOAgent.log][batch_info]: Rollout statistics size: 517, Batch size: 500, Number of batches: 1

[2020-01-28 19:20:17.367237][__main__.TRPOAgent.log][learning]: 

***************
BEGINNING TRAINING
***************



[2020-01-28 19:20:17.368262][__main__.TRPOAgent.log][batch_info]: Batch #0, batch length: 517

[2020-01-28 19:20:17.546785][__main__.TRPOAgent.log][linesearch]: Linesearch failed. Mean kl divergence: 0.0, Discarded policy loss value: 3.355364557015101e-17

[2020-01-28 19:20:17.727547][__main__.TRPOAgent.log][batch_info]: Current batch value loss: 0.17074937586705224

[2020-01-28 19:20:18.512837][__main__.TRPOAgent.log][learning]: Episode #24

[2020-01-28 19:20:18.513426][__main__.TRPOAgent.log][learning]: Performing rollouts: rollout length: 1500

[2020-01-28 19:20:19.139140][__main__.TRPOAgent.log][learning]: Rollouts performed

[2020-01-28 19:20:19.141219][__main__.TRPOAgent.log][batch_info]: Rollout statistics size: 516, Batch size: 500, Number of batches: 1

[2020-01-28 19:20:19.141637][__main__.TRPOAgent.log][learning]: 

***************
BEGINNING TRAINING
***************



[2020-01-28 19:20:19.142087][__main__.TRPOAgent.log][batch_info]: Batch #0, batch length: 516

[2020-01-28 19:20:19.319693][__main__.TRPOAgent.log][linesearch]: Linesearch failed. Mean kl divergence: 0.0, Discarded policy loss value: 5.852338424380671e-17

[2020-01-28 19:20:19.495178][__main__.TRPOAgent.log][batch_info]: Current batch value loss: 0.14419611431413057

[2020-01-28 19:20:20.155348][__main__.TRPOAgent.log][learning]: Episode #25

[2020-01-28 19:20:20.155770][__main__.TRPOAgent.log][learning]: Performing rollouts: rollout length: 1500

