LOGGER started at 2020-01-29 21:24:43.186339.
Currently active debug channels:
	act
	batch_info
	linesearch
	learning
[2020-01-29 21:24:43.634382][__main__.TRPOAgent.log][learning]: Episode #0

[2020-01-29 21:24:43.876576][__main__.TRPOAgent.log][learning]: Performing rollouts: rollout length: 5000

[2020-01-29 21:24:44.197521][__main__.TRPOAgent.log][learning]: Rollouts performed

[2020-01-29 21:24:44.197898][__main__.TRPOAgent.log][batch_info]: Rollout statistics size: None, Batch size: 100

[2020-01-29 21:24:44.198425][__main__.TRPOAgent.log][learning]: 

***************
BEGINNING TRAINING
***************



[2020-01-29 21:24:46.123156][__main__.TRPOAgent.log][linesearch]: Linesearch worked at 1, New mean kl div: 0.0001384827906779831, New policy loss value: 0.10794287446197891

[2020-01-29 21:24:46.123584][__main__.TRPOAgent.log][batch_info]: Current batch value loss: 0.0010969058035138564

[2020-01-29 21:24:47.505797][__main__.TRPOAgent.log][learning]: Episode #1

[2020-01-29 21:24:47.506472][__main__.TRPOAgent.log][learning]: Performing rollouts: rollout length: 5000

[2020-01-29 21:24:47.918335][__main__.TRPOAgent.log][learning]: Rollouts performed

[2020-01-29 21:24:47.918730][__main__.TRPOAgent.log][batch_info]: Rollout statistics size: None, Batch size: 100

[2020-01-29 21:24:47.919316][__main__.TRPOAgent.log][learning]: 

***************
BEGINNING TRAINING
***************



[2020-01-29 21:24:49.613578][__main__.TRPOAgent.log][linesearch]: Linesearch worked at 1, New mean kl div: 0.00016433897022677038, New policy loss value: 0.12834222604818907

[2020-01-29 21:24:49.614018][__main__.TRPOAgent.log][batch_info]: Current batch value loss: 0.0013970239892336798

[2020-01-29 21:24:50.316705][__main__.TRPOAgent.log][learning]: Episode #2

[2020-01-29 21:24:50.317121][__main__.TRPOAgent.log][learning]: Performing rollouts: rollout length: 5000

[2020-01-29 21:24:50.614456][__main__.TRPOAgent.log][learning]: Rollouts performed

[2020-01-29 21:24:50.614859][__main__.TRPOAgent.log][batch_info]: Rollout statistics size: None, Batch size: 100

[2020-01-29 21:24:50.615408][__main__.TRPOAgent.log][learning]: 

***************
BEGINNING TRAINING
***************



[2020-01-29 21:24:52.225900][__main__.TRPOAgent.log][linesearch]: Linesearch worked at 1, New mean kl div: 0.00016187696077561852, New policy loss value: 0.1396890832519934

[2020-01-29 21:24:52.226316][__main__.TRPOAgent.log][batch_info]: Current batch value loss: 3.324574982213424e-05

[2020-01-29 21:24:53.002776][__main__.TRPOAgent.log][learning]: Episode #3

[2020-01-29 21:24:53.003415][__main__.TRPOAgent.log][learning]: Performing rollouts: rollout length: 5000

[2020-01-29 21:24:53.300572][__main__.TRPOAgent.log][learning]: Rollouts performed

[2020-01-29 21:24:53.300948][__main__.TRPOAgent.log][batch_info]: Rollout statistics size: None, Batch size: 100

[2020-01-29 21:24:53.301519][__main__.TRPOAgent.log][learning]: 

***************
BEGINNING TRAINING
***************



[2020-01-29 21:24:54.918443][__main__.TRPOAgent.log][linesearch]: Linesearch worked at 0, New mean kl div: 0.019769355265978155, New policy loss value: 1.5503449487559786

[2020-01-29 21:24:54.918884][__main__.TRPOAgent.log][batch_info]: Current batch value loss: 1.0980509197603775e-05

[2020-01-29 21:24:55.582750][__main__.TRPOAgent.log][learning]: Episode #4

[2020-01-29 21:24:55.583112][__main__.TRPOAgent.log][learning]: Performing rollouts: rollout length: 5000

[2020-01-29 21:24:55.897182][__main__.TRPOAgent.log][learning]: Rollouts performed

[2020-01-29 21:24:55.897566][__main__.TRPOAgent.log][batch_info]: Rollout statistics size: None, Batch size: 100

[2020-01-29 21:24:55.898094][__main__.TRPOAgent.log][learning]: 

***************
BEGINNING TRAINING
***************



[2020-01-29 21:24:57.655490][__main__.TRPOAgent.log][linesearch]: Linesearch failed. Mean kl divergence: 0.0, Discarded policy loss value: 0.0

[2020-01-29 21:24:57.655891][__main__.TRPOAgent.log][batch_info]: Current batch value loss: 1.617997379698461e-05

[2020-01-29 21:24:58.420542][__main__.TRPOAgent.log][learning]: Episode #5

[2020-01-29 21:24:58.421226][__main__.TRPOAgent.log][learning]: Performing rollouts: rollout length: 5000

[2020-01-29 21:24:58.736530][__main__.TRPOAgent.log][learning]: Rollouts performed

[2020-01-29 21:24:58.736901][__main__.TRPOAgent.log][batch_info]: Rollout statistics size: None, Batch size: 100

[2020-01-29 21:24:58.737444][__main__.TRPOAgent.log][learning]: 

***************
BEGINNING TRAINING
***************



[2020-01-29 21:25:00.443786][__main__.TRPOAgent.log][linesearch]: Linesearch failed. Mean kl divergence: 0.0, Discarded policy loss value: 0.0

[2020-01-29 21:25:00.444229][__main__.TRPOAgent.log][batch_info]: Current batch value loss: 6.9096977319086745e-06

[2020-01-29 21:25:01.096013][__main__.TRPOAgent.log][learning]: Episode #6

[2020-01-29 21:25:01.096425][__main__.TRPOAgent.log][learning]: Performing rollouts: rollout length: 5000

[2020-01-29 21:25:01.414313][__main__.TRPOAgent.log][learning]: Rollouts performed

[2020-01-29 21:25:01.414709][__main__.TRPOAgent.log][batch_info]: Rollout statistics size: None, Batch size: 100

[2020-01-29 21:25:01.415282][__main__.TRPOAgent.log][learning]: 

***************
BEGINNING TRAINING
***************



[2020-01-29 21:25:03.107612][__main__.TRPOAgent.log][linesearch]: Linesearch failed. Mean kl divergence: 0.0, Discarded policy loss value: 0.0

[2020-01-29 21:25:03.108033][__main__.TRPOAgent.log][batch_info]: Current batch value loss: 1.0262818100681415e-05

[2020-01-29 21:25:03.736933][__main__.TRPOAgent.log][learning]: Episode #7

[2020-01-29 21:25:03.737279][__main__.TRPOAgent.log][learning]: Performing rollouts: rollout length: 5000

[2020-01-29 21:25:04.045157][__main__.TRPOAgent.log][learning]: Rollouts performed

[2020-01-29 21:25:04.045536][__main__.TRPOAgent.log][batch_info]: Rollout statistics size: None, Batch size: 100

[2020-01-29 21:25:04.046108][__main__.TRPOAgent.log][learning]: 

***************
BEGINNING TRAINING
***************



[2020-01-29 21:25:05.745478][__main__.TRPOAgent.log][linesearch]: Linesearch failed. Mean kl divergence: 0.0, Discarded policy loss value: 0.0

[2020-01-29 21:25:05.745911][__main__.TRPOAgent.log][batch_info]: Current batch value loss: 1.6019248029408573e-06

[2020-01-29 21:25:06.348426][__main__.TRPOAgent.log][learning]: Episode #8

[2020-01-29 21:25:06.348782][__main__.TRPOAgent.log][learning]: Performing rollouts: rollout length: 5000

[2020-01-29 21:25:06.646142][__main__.TRPOAgent.log][learning]: Rollouts performed

[2020-01-29 21:25:06.646510][__main__.TRPOAgent.log][batch_info]: Rollout statistics size: None, Batch size: 100

[2020-01-29 21:25:06.646782][__main__.TRPOAgent.log][learning]: 

***************
BEGINNING TRAINING
***************



[2020-01-29 21:25:08.351587][__main__.TRPOAgent.log][linesearch]: Linesearch failed. Mean kl divergence: 0.0, Discarded policy loss value: 0.0

[2020-01-29 21:25:08.352003][__main__.TRPOAgent.log][batch_info]: Current batch value loss: 2.0835167175548007e-06

[2020-01-29 21:25:08.906527][__main__.TRPOAgent.log][learning]: Episode #9

[2020-01-29 21:25:08.906903][__main__.TRPOAgent.log][learning]: Performing rollouts: rollout length: 5000

[2020-01-29 21:25:09.216743][__main__.TRPOAgent.log][learning]: Rollouts performed

[2020-01-29 21:25:09.217128][__main__.TRPOAgent.log][batch_info]: Rollout statistics size: None, Batch size: 100

[2020-01-29 21:25:09.217664][__main__.TRPOAgent.log][learning]: 

***************
BEGINNING TRAINING
***************



[2020-01-29 21:25:10.917143][__main__.TRPOAgent.log][linesearch]: Linesearch failed. Mean kl divergence: 0.0, Discarded policy loss value: 0.0

[2020-01-29 21:25:10.917560][__main__.TRPOAgent.log][batch_info]: Current batch value loss: 2.4777478933775874e-06

[2020-01-29 21:25:11.467981][__main__.TRPOAgent.log][learning]: Episode #10

[2020-01-29 21:25:11.468347][__main__.TRPOAgent.log][learning]: Performing rollouts: rollout length: 5000

[2020-01-29 21:25:11.790268][__main__.TRPOAgent.log][learning]: Rollouts performed

[2020-01-29 21:25:11.790638][__main__.TRPOAgent.log][batch_info]: Rollout statistics size: None, Batch size: 100

[2020-01-29 21:25:11.791186][__main__.TRPOAgent.log][learning]: 

***************
BEGINNING TRAINING
***************



[2020-01-29 21:25:13.486286][__main__.TRPOAgent.log][linesearch]: Linesearch failed. Mean kl divergence: 0.0, Discarded policy loss value: 0.0

[2020-01-29 21:25:13.486722][__main__.TRPOAgent.log][batch_info]: Current batch value loss: 5.319469957996782e-06

[2020-01-29 21:25:14.139965][__main__.TRPOAgent.log][learning]: Episode #11

[2020-01-29 21:25:14.140486][__main__.TRPOAgent.log][learning]: Performing rollouts: rollout length: 5000

[2020-01-29 21:25:14.458075][__main__.TRPOAgent.log][learning]: Rollouts performed

[2020-01-29 21:25:14.458454][__main__.TRPOAgent.log][batch_info]: Rollout statistics size: None, Batch size: 100

[2020-01-29 21:25:14.459042][__main__.TRPOAgent.log][learning]: 

***************
BEGINNING TRAINING
***************



[2020-01-29 21:25:16.257281][__main__.TRPOAgent.log][linesearch]: Linesearch failed. Mean kl divergence: 0.0, Discarded policy loss value: 0.0

[2020-01-29 21:25:16.257692][__main__.TRPOAgent.log][batch_info]: Current batch value loss: 1.580997329647671e-06

[2020-01-29 21:25:16.847146][__main__.TRPOAgent.log][learning]: Episode #12

[2020-01-29 21:25:16.847607][__main__.TRPOAgent.log][learning]: Performing rollouts: rollout length: 5000

[2020-01-29 21:25:17.155732][__main__.TRPOAgent.log][learning]: Rollouts performed

[2020-01-29 21:25:17.156114][__main__.TRPOAgent.log][batch_info]: Rollout statistics size: None, Batch size: 100

[2020-01-29 21:25:17.156695][__main__.TRPOAgent.log][learning]: 

***************
BEGINNING TRAINING
***************



[2020-01-29 21:25:18.869536][__main__.TRPOAgent.log][linesearch]: Linesearch failed. Mean kl divergence: 0.0, Discarded policy loss value: 0.0

[2020-01-29 21:25:18.869928][__main__.TRPOAgent.log][batch_info]: Current batch value loss: 1.3464426962733755e-06

[2020-01-29 21:25:19.522439][__main__.TRPOAgent.log][learning]: Episode #13

[2020-01-29 21:25:19.522823][__main__.TRPOAgent.log][learning]: Performing rollouts: rollout length: 5000

[2020-01-29 21:25:19.830237][__main__.TRPOAgent.log][learning]: Rollouts performed

[2020-01-29 21:25:19.830616][__main__.TRPOAgent.log][batch_info]: Rollout statistics size: None, Batch size: 100

[2020-01-29 21:25:19.831144][__main__.TRPOAgent.log][learning]: 

***************
BEGINNING TRAINING
***************



[2020-01-29 21:25:21.559494][__main__.TRPOAgent.log][linesearch]: Linesearch failed. Mean kl divergence: 0.0, Discarded policy loss value: 0.0

[2020-01-29 21:25:21.560003][__main__.TRPOAgent.log][batch_info]: Current batch value loss: 3.0348319128847834e-06

[2020-01-29 21:25:22.302138][__main__.TRPOAgent.log][learning]: Episode #14

[2020-01-29 21:25:22.302499][__main__.TRPOAgent.log][learning]: Performing rollouts: rollout length: 5000

[2020-01-29 21:25:22.677241][__main__.TRPOAgent.log][learning]: Rollouts performed

[2020-01-29 21:25:22.677659][__main__.TRPOAgent.log][batch_info]: Rollout statistics size: None, Batch size: 100

[2020-01-29 21:25:22.678335][__main__.TRPOAgent.log][learning]: 

***************
BEGINNING TRAINING
***************



[2020-01-29 21:25:24.527101][__main__.TRPOAgent.log][linesearch]: Linesearch failed. Mean kl divergence: 0.0, Discarded policy loss value: 0.0

[2020-01-29 21:25:24.527550][__main__.TRPOAgent.log][batch_info]: Current batch value loss: 2.7908270992221816e-06

[2020-01-29 21:25:25.224142][__main__.TRPOAgent.log][learning]: Episode #15

[2020-01-29 21:25:25.224576][__main__.TRPOAgent.log][learning]: Performing rollouts: rollout length: 5000

[2020-01-29 21:25:25.540203][__main__.TRPOAgent.log][learning]: Rollouts performed

[2020-01-29 21:25:25.540582][__main__.TRPOAgent.log][batch_info]: Rollout statistics size: None, Batch size: 100

[2020-01-29 21:25:25.541138][__main__.TRPOAgent.log][learning]: 

***************
BEGINNING TRAINING
***************



[2020-01-29 21:25:27.248061][__main__.TRPOAgent.log][linesearch]: Linesearch failed. Mean kl divergence: 0.0, Discarded policy loss value: 0.0

[2020-01-29 21:25:27.248486][__main__.TRPOAgent.log][batch_info]: Current batch value loss: 3.66071513645415e-07

[2020-01-29 21:25:27.807553][__main__.TRPOAgent.log][learning]: Episode #16

[2020-01-29 21:25:27.807957][__main__.TRPOAgent.log][learning]: Performing rollouts: rollout length: 5000

[2020-01-29 21:25:28.131993][__main__.TRPOAgent.log][learning]: Rollouts performed

[2020-01-29 21:25:28.132385][__main__.TRPOAgent.log][batch_info]: Rollout statistics size: None, Batch size: 100

[2020-01-29 21:25:28.132977][__main__.TRPOAgent.log][learning]: 

***************
BEGINNING TRAINING
***************



[2020-01-29 21:25:29.831610][__main__.TRPOAgent.log][linesearch]: Linesearch failed. Mean kl divergence: 0.0, Discarded policy loss value: 0.0

[2020-01-29 21:25:29.832050][__main__.TRPOAgent.log][batch_info]: Current batch value loss: 4.396407100099648e-07

[2020-01-29 21:25:30.424721][__main__.TRPOAgent.log][learning]: Episode #17

[2020-01-29 21:25:30.425162][__main__.TRPOAgent.log][learning]: Performing rollouts: rollout length: 5000

[2020-01-29 21:25:30.752382][__main__.TRPOAgent.log][learning]: Rollouts performed

[2020-01-29 21:25:30.752803][__main__.TRPOAgent.log][batch_info]: Rollout statistics size: None, Batch size: 100

[2020-01-29 21:25:30.753526][__main__.TRPOAgent.log][learning]: 

***************
BEGINNING TRAINING
***************



[2020-01-29 21:25:32.455354][__main__.TRPOAgent.log][linesearch]: Linesearch failed. Mean kl divergence: 0.0, Discarded policy loss value: 0.0

[2020-01-29 21:25:32.455779][__main__.TRPOAgent.log][batch_info]: Current batch value loss: 3.0436130682431894e-07

[2020-01-29 21:25:33.228464][__main__.TRPOAgent.log][learning]: Episode #18

[2020-01-29 21:25:33.229035][__main__.TRPOAgent.log][learning]: Performing rollouts: rollout length: 5000

[2020-01-29 21:25:33.540903][__main__.TRPOAgent.log][learning]: Rollouts performed

[2020-01-29 21:25:33.541278][__main__.TRPOAgent.log][batch_info]: Rollout statistics size: None, Batch size: 100

[2020-01-29 21:25:33.541807][__main__.TRPOAgent.log][learning]: 

***************
BEGINNING TRAINING
***************



[2020-01-29 21:25:35.336719][__main__.TRPOAgent.log][linesearch]: Linesearch failed. Mean kl divergence: 0.0, Discarded policy loss value: 0.0

[2020-01-29 21:25:35.337140][__main__.TRPOAgent.log][batch_info]: Current batch value loss: 6.201608472311548e-07

[2020-01-29 21:25:36.045152][__main__.TRPOAgent.log][learning]: Episode #19

[2020-01-29 21:25:36.045656][__main__.TRPOAgent.log][learning]: Performing rollouts: rollout length: 5000

[2020-01-29 21:25:36.348448][__main__.TRPOAgent.log][learning]: Rollouts performed

[2020-01-29 21:25:36.348815][__main__.TRPOAgent.log][batch_info]: Rollout statistics size: None, Batch size: 100

[2020-01-29 21:25:36.349386][__main__.TRPOAgent.log][learning]: 

***************
BEGINNING TRAINING
***************



[2020-01-29 21:25:38.051938][__main__.TRPOAgent.log][linesearch]: Linesearch failed. Mean kl divergence: 0.0, Discarded policy loss value: 0.0

[2020-01-29 21:25:38.052347][__main__.TRPOAgent.log][batch_info]: Current batch value loss: 2.762112871633625e-07

[2020-01-29 21:25:38.744538][__main__.TRPOAgent.log][learning]: Episode #20

[2020-01-29 21:25:38.744892][__main__.TRPOAgent.log][learning]: Performing rollouts: rollout length: 5000

[2020-01-29 21:25:39.069036][__main__.TRPOAgent.log][learning]: Rollouts performed

[2020-01-29 21:25:39.069395][__main__.TRPOAgent.log][batch_info]: Rollout statistics size: None, Batch size: 100

[2020-01-29 21:25:39.069928][__main__.TRPOAgent.log][learning]: 

***************
BEGINNING TRAINING
***************



[2020-01-29 21:25:41.050450][__main__.TRPOAgent.log][linesearch]: Linesearch failed. Mean kl divergence: 0.0, Discarded policy loss value: 0.0

[2020-01-29 21:25:41.051369][__main__.TRPOAgent.log][batch_info]: Current batch value loss: 4.880729710166065e-07

[2020-01-29 21:25:42.083112][__main__.TRPOAgent.log][learning]: Episode #21

[2020-01-29 21:25:42.083876][__main__.TRPOAgent.log][learning]: Performing rollouts: rollout length: 5000

[2020-01-29 21:25:42.492731][__main__.TRPOAgent.log][learning]: Rollouts performed

[2020-01-29 21:25:42.493158][__main__.TRPOAgent.log][batch_info]: Rollout statistics size: None, Batch size: 100

[2020-01-29 21:25:42.493449][__main__.TRPOAgent.log][learning]: 

***************
BEGINNING TRAINING
***************



[2020-01-29 21:25:44.382716][__main__.TRPOAgent.log][linesearch]: Linesearch failed. Mean kl divergence: 0.0, Discarded policy loss value: 0.0

[2020-01-29 21:25:44.383144][__main__.TRPOAgent.log][batch_info]: Current batch value loss: 6.782210619134718e-07

[2020-01-29 21:25:45.295866][__main__.TRPOAgent.log][learning]: Episode #22

[2020-01-29 21:25:45.296235][__main__.TRPOAgent.log][learning]: Performing rollouts: rollout length: 5000

[2020-01-29 21:25:45.695381][__main__.TRPOAgent.log][learning]: Rollouts performed

[2020-01-29 21:25:45.695814][__main__.TRPOAgent.log][batch_info]: Rollout statistics size: None, Batch size: 100

[2020-01-29 21:25:45.696423][__main__.TRPOAgent.log][learning]: 

***************
BEGINNING TRAINING
***************



[2020-01-29 21:25:47.671878][__main__.TRPOAgent.log][linesearch]: Linesearch failed. Mean kl divergence: 0.0, Discarded policy loss value: 0.0

[2020-01-29 21:25:47.672349][__main__.TRPOAgent.log][batch_info]: Current batch value loss: 6.43255903209905e-07

[2020-01-29 21:25:48.460427][__main__.TRPOAgent.log][learning]: Episode #23

[2020-01-29 21:25:48.460865][__main__.TRPOAgent.log][learning]: Performing rollouts: rollout length: 5000

[2020-01-29 21:25:48.769770][__main__.TRPOAgent.log][learning]: Rollouts performed

[2020-01-29 21:25:48.770151][__main__.TRPOAgent.log][batch_info]: Rollout statistics size: None, Batch size: 100

[2020-01-29 21:25:48.770696][__main__.TRPOAgent.log][learning]: 

***************
BEGINNING TRAINING
***************



[2020-01-29 21:25:50.711917][__main__.TRPOAgent.log][linesearch]: Linesearch failed. Mean kl divergence: 0.0, Discarded policy loss value: 0.0

[2020-01-29 21:25:50.712359][__main__.TRPOAgent.log][batch_info]: Current batch value loss: 2.7164451135812396e-07

[2020-01-29 21:25:51.470708][__main__.TRPOAgent.log][learning]: Episode #24

[2020-01-29 21:25:51.471131][__main__.TRPOAgent.log][learning]: Performing rollouts: rollout length: 5000

[2020-01-29 21:25:51.879943][__main__.TRPOAgent.log][learning]: Rollouts performed

[2020-01-29 21:25:51.880420][__main__.TRPOAgent.log][batch_info]: Rollout statistics size: None, Batch size: 100

[2020-01-29 21:25:51.881039][__main__.TRPOAgent.log][learning]: 

***************
BEGINNING TRAINING
***************



[2020-01-29 21:25:53.806467][__main__.TRPOAgent.log][linesearch]: Linesearch failed. Mean kl divergence: 0.0, Discarded policy loss value: 0.0

[2020-01-29 21:25:53.807176][__main__.TRPOAgent.log][batch_info]: Current batch value loss: 1.8169527525729868e-07

[2020-01-29 21:25:54.588841][__main__.TRPOAgent.log][learning]: Episode #25

[2020-01-29 21:25:54.589466][__main__.TRPOAgent.log][learning]: Performing rollouts: rollout length: 5000

[2020-01-29 21:25:54.954666][__main__.TRPOAgent.log][learning]: Rollouts performed

[2020-01-29 21:25:54.955031][__main__.TRPOAgent.log][batch_info]: Rollout statistics size: None, Batch size: 100

[2020-01-29 21:25:54.955555][__main__.TRPOAgent.log][learning]: 

***************
BEGINNING TRAINING
***************



[2020-01-29 21:25:56.991877][__main__.TRPOAgent.log][linesearch]: Linesearch failed. Mean kl divergence: 0.0, Discarded policy loss value: 0.0

[2020-01-29 21:25:56.992317][__main__.TRPOAgent.log][batch_info]: Current batch value loss: 1.3604162970581868e-07

[2020-01-29 21:25:57.835781][__main__.TRPOAgent.log][learning]: Episode #26

[2020-01-29 21:25:57.836201][__main__.TRPOAgent.log][learning]: Performing rollouts: rollout length: 5000

[2020-01-29 21:25:58.209912][__main__.TRPOAgent.log][learning]: Rollouts performed

[2020-01-29 21:25:58.210326][__main__.TRPOAgent.log][batch_info]: Rollout statistics size: None, Batch size: 100

[2020-01-29 21:25:58.210938][__main__.TRPOAgent.log][learning]: 

***************
BEGINNING TRAINING
***************



[2020-01-29 21:25:59.959575][__main__.TRPOAgent.log][linesearch]: Linesearch failed. Mean kl divergence: 0.0, Discarded policy loss value: 0.0

[2020-01-29 21:25:59.959962][__main__.TRPOAgent.log][batch_info]: Current batch value loss: 9.587280673193095e-08

[2020-01-29 21:26:00.765231][__main__.TRPOAgent.log][learning]: Episode #27

[2020-01-29 21:26:00.765690][__main__.TRPOAgent.log][learning]: Performing rollouts: rollout length: 5000

[2020-01-29 21:26:01.072656][__main__.TRPOAgent.log][learning]: Rollouts performed

[2020-01-29 21:26:01.073038][__main__.TRPOAgent.log][batch_info]: Rollout statistics size: None, Batch size: 100

[2020-01-29 21:26:01.073560][__main__.TRPOAgent.log][learning]: 

***************
BEGINNING TRAINING
***************



[2020-01-29 21:26:02.798285][__main__.TRPOAgent.log][linesearch]: Linesearch failed. Mean kl divergence: 0.0, Discarded policy loss value: 0.0

[2020-01-29 21:26:02.798698][__main__.TRPOAgent.log][batch_info]: Current batch value loss: 6.572198124304551e-08

[2020-01-29 21:26:03.532658][__main__.TRPOAgent.log][learning]: Episode #28

[2020-01-29 21:26:03.533024][__main__.TRPOAgent.log][learning]: Performing rollouts: rollout length: 5000

[2020-01-29 21:26:03.856525][__main__.TRPOAgent.log][learning]: Rollouts performed

[2020-01-29 21:26:03.857152][__main__.TRPOAgent.log][batch_info]: Rollout statistics size: None, Batch size: 100

[2020-01-29 21:26:03.857601][__main__.TRPOAgent.log][learning]: 

***************
BEGINNING TRAINING
***************



[2020-01-29 21:26:05.586479][__main__.TRPOAgent.log][linesearch]: Linesearch failed. Mean kl divergence: 0.0, Discarded policy loss value: 0.0

[2020-01-29 21:26:05.586878][__main__.TRPOAgent.log][batch_info]: Current batch value loss: 9.0622008563912e-08

[2020-01-29 21:26:06.333072][__main__.TRPOAgent.log][learning]: Episode #29

[2020-01-29 21:26:06.333437][__main__.TRPOAgent.log][learning]: Performing rollouts: rollout length: 5000

[2020-01-29 21:26:06.661942][__main__.TRPOAgent.log][learning]: Rollouts performed

[2020-01-29 21:26:06.662374][__main__.TRPOAgent.log][batch_info]: Rollout statistics size: None, Batch size: 100

[2020-01-29 21:26:06.662974][__main__.TRPOAgent.log][learning]: 

***************
BEGINNING TRAINING
***************



[2020-01-29 21:26:08.382347][__main__.TRPOAgent.log][linesearch]: Linesearch failed. Mean kl divergence: 0.0, Discarded policy loss value: 0.0

[2020-01-29 21:26:08.382801][__main__.TRPOAgent.log][batch_info]: Current batch value loss: 3.079314069148742e-08

[2020-01-29 21:26:09.082068][__main__.TRPOAgent.log][learning]: Episode #30

[2020-01-29 21:26:09.082505][__main__.TRPOAgent.log][learning]: Performing rollouts: rollout length: 5000

[2020-01-29 21:26:09.404839][__main__.TRPOAgent.log][learning]: Rollouts performed

[2020-01-29 21:26:09.405261][__main__.TRPOAgent.log][batch_info]: Rollout statistics size: None, Batch size: 100

[2020-01-29 21:26:09.405813][__main__.TRPOAgent.log][learning]: 

***************
BEGINNING TRAINING
***************



[2020-01-29 21:26:11.179667][__main__.TRPOAgent.log][linesearch]: Linesearch failed. Mean kl divergence: 0.0, Discarded policy loss value: 0.0

[2020-01-29 21:26:11.180106][__main__.TRPOAgent.log][batch_info]: Current batch value loss: 3.8942661273466686e-08

[2020-01-29 21:26:11.706424][__main__.TRPOAgent.log][learning]: Episode #31

[2020-01-29 21:26:11.706962][__main__.TRPOAgent.log][learning]: Performing rollouts: rollout length: 5000

[2020-01-29 21:26:12.051138][__main__.TRPOAgent.log][learning]: Rollouts performed

[2020-01-29 21:26:12.051575][__main__.TRPOAgent.log][batch_info]: Rollout statistics size: None, Batch size: 100

[2020-01-29 21:26:12.052184][__main__.TRPOAgent.log][learning]: 

***************
BEGINNING TRAINING
***************



[2020-01-29 21:26:14.021178][__main__.TRPOAgent.log][linesearch]: Linesearch failed. Mean kl divergence: 0.0, Discarded policy loss value: 0.0

[2020-01-29 21:26:14.021591][__main__.TRPOAgent.log][batch_info]: Current batch value loss: 2.789625879083806e-07

[2020-01-29 21:26:14.924504][__main__.TRPOAgent.log][learning]: Episode #32

[2020-01-29 21:26:14.924967][__main__.TRPOAgent.log][learning]: Performing rollouts: rollout length: 5000

[2020-01-29 21:26:15.290893][__main__.TRPOAgent.log][learning]: Rollouts performed

[2020-01-29 21:26:15.291274][__main__.TRPOAgent.log][batch_info]: Rollout statistics size: None, Batch size: 100

[2020-01-29 21:26:15.291940][__main__.TRPOAgent.log][learning]: 

***************
BEGINNING TRAINING
***************



[2020-01-29 21:26:17.318025][__main__.TRPOAgent.log][linesearch]: Linesearch failed. Mean kl divergence: 0.0, Discarded policy loss value: 0.0

[2020-01-29 21:26:17.318450][__main__.TRPOAgent.log][batch_info]: Current batch value loss: 7.098675212441818e-09

[2020-01-29 21:26:18.058052][__main__.TRPOAgent.log][learning]: Episode #33

[2020-01-29 21:26:18.058425][__main__.TRPOAgent.log][learning]: Performing rollouts: rollout length: 5000

[2020-01-29 21:26:18.463394][__main__.TRPOAgent.log][learning]: Rollouts performed

[2020-01-29 21:26:18.464102][__main__.TRPOAgent.log][batch_info]: Rollout statistics size: None, Batch size: 100

[2020-01-29 21:26:18.464733][__main__.TRPOAgent.log][learning]: 

***************
BEGINNING TRAINING
***************



[2020-01-29 21:26:20.455702][__main__.TRPOAgent.log][linesearch]: Linesearch failed. Mean kl divergence: 0.0, Discarded policy loss value: 0.0

[2020-01-29 21:26:20.456075][__main__.TRPOAgent.log][batch_info]: Current batch value loss: 4.0476106022424574e-08

[2020-01-29 21:26:21.106156][__main__.TRPOAgent.log][learning]: Episode #34

[2020-01-29 21:26:21.106506][__main__.TRPOAgent.log][learning]: Performing rollouts: rollout length: 5000

[2020-01-29 21:26:21.554833][__main__.TRPOAgent.log][learning]: Rollouts performed

[2020-01-29 21:26:21.555255][__main__.TRPOAgent.log][batch_info]: Rollout statistics size: None, Batch size: 100

[2020-01-29 21:26:21.555849][__main__.TRPOAgent.log][learning]: 

***************
BEGINNING TRAINING
***************



[2020-01-29 21:26:23.546945][__main__.TRPOAgent.log][linesearch]: Linesearch failed. Mean kl divergence: 0.0, Discarded policy loss value: 0.0

[2020-01-29 21:26:23.547362][__main__.TRPOAgent.log][batch_info]: Current batch value loss: 9.217467570876714e-08

[2020-01-29 21:26:24.307554][__main__.TRPOAgent.log][learning]: Episode #35

[2020-01-29 21:26:24.307959][__main__.TRPOAgent.log][learning]: Performing rollouts: rollout length: 5000

[2020-01-29 21:26:24.618563][__main__.TRPOAgent.log][learning]: Rollouts performed

[2020-01-29 21:26:24.618961][__main__.TRPOAgent.log][batch_info]: Rollout statistics size: None, Batch size: 100

[2020-01-29 21:26:24.619231][__main__.TRPOAgent.log][learning]: 

***************
BEGINNING TRAINING
***************



[2020-01-29 21:26:26.462648][__main__.TRPOAgent.log][linesearch]: Linesearch failed. Mean kl divergence: 0.0, Discarded policy loss value: 0.0

[2020-01-29 21:26:26.463100][__main__.TRPOAgent.log][batch_info]: Current batch value loss: 2.369523258494155e-06

[2020-01-29 21:26:27.257755][__main__.TRPOAgent.log][learning]: Episode #36

[2020-01-29 21:26:27.258306][__main__.TRPOAgent.log][learning]: Performing rollouts: rollout length: 5000

