LOGGER started at 2020-01-28 13:08:36.475217.
Currently active debug channels:
	rollouts
	act
	training
	batch_info
	linesearch
	learning
	thread_rollouts
[2020-01-28 13:08:36.616417][__main__.TRPOAgent.log][learning]: Episode #0

[2020-01-28 13:08:36.823383][__main__.TRPOAgent.log][learning]: Performing rollouts: rollout length: 5000

[2020-01-28 13:08:36.865517][Environment.Environment.log][rollouts]: Rollout thread #1

[2020-01-28 13:08:36.866391][Environment.Environment.log][rollouts]: Rollout thread #2

[2020-01-28 13:08:36.867546][Environment.Environment.log][thread_rollouts]: Thread number: 1

[2020-01-28 13:08:36.866315][Environment.Environment.log][thread_rollouts]: Thread number: 0

[2020-01-28 13:08:36.900575][Environment.Environment.log][thread_rollouts]: Thread number: 1, Steps performed: 9

[2020-01-28 13:08:36.901315][Environment.Environment.log][thread_rollouts]: Thread number: 0, Steps performed: 9

[2020-01-28 13:08:36.902143][Environment.Environment.log][rollouts]: Rollout thread #3

[2020-01-28 13:08:36.902743][Environment.Environment.log][rollouts]: Rollout thread #4

[2020-01-28 13:08:36.902672][Environment.Environment.log][thread_rollouts]: Thread number: 2

[2020-01-28 13:08:36.903713][Environment.Environment.log][thread_rollouts]: Thread number: 3

[2020-01-28 13:08:36.926963][Environment.Environment.log][thread_rollouts]: Thread number: 2, Steps performed: 9

[2020-01-28 13:08:36.936750][Environment.Environment.log][thread_rollouts]: Thread number: 3, Steps performed: 14

[2020-01-28 13:08:36.937164][Environment.Environment.log][rollouts]: Rollout thread #5

[2020-01-28 13:08:36.937746][Environment.Environment.log][rollouts]: Rollout thread #6

[2020-01-28 13:08:36.937671][Environment.Environment.log][thread_rollouts]: Thread number: 4

[2020-01-28 13:08:36.938588][Environment.Environment.log][thread_rollouts]: Thread number: 5

[2020-01-28 13:08:36.968181][Environment.Environment.log][thread_rollouts]: Thread number: 5, Steps performed: 9

[2020-01-28 13:08:36.972492][Environment.Environment.log][thread_rollouts]: Thread number: 4, Steps performed: 11

[2020-01-28 13:08:36.973609][Environment.Environment.log][rollouts]: Rollout thread #7

[2020-01-28 13:08:36.974536][Environment.Environment.log][thread_rollouts]: Thread number: 6

[2020-01-28 13:08:36.974649][Environment.Environment.log][rollouts]: Rollout thread #8

[2020-01-28 13:08:36.977143][Environment.Environment.log][thread_rollouts]: Thread number: 7

[2020-01-28 13:08:37.002748][Environment.Environment.log][thread_rollouts]: Thread number: 6, Steps performed: 9

[2020-01-28 13:08:37.003335][Environment.Environment.log][thread_rollouts]: Thread number: 7, Steps performed: 9

[2020-01-28 13:08:37.004156][Environment.Environment.log][rollouts]: Rollout thread #9

[2020-01-28 13:08:37.004639][Environment.Environment.log][thread_rollouts]: Thread number: 8

[2020-01-28 13:08:37.004712][Environment.Environment.log][rollouts]: Rollout thread #10

[2020-01-28 13:08:37.007173][Environment.Environment.log][thread_rollouts]: Thread number: 9

[2020-01-28 13:08:37.034100][Environment.Environment.log][thread_rollouts]: Thread number: 8, Steps performed: 9

[2020-01-28 13:08:37.034602][Environment.Environment.log][thread_rollouts]: Thread number: 9, Steps performed: 9

[2020-01-28 13:08:37.035906][Environment.Environment.log][rollouts]: Rollout thread #11

[2020-01-28 13:08:37.036555][Environment.Environment.log][thread_rollouts]: Thread number: 10

[2020-01-28 13:08:37.036667][Environment.Environment.log][rollouts]: Rollout thread #12

[2020-01-28 13:08:37.039505][Environment.Environment.log][thread_rollouts]: Thread number: 11

[2020-01-28 13:08:37.065857][Environment.Environment.log][thread_rollouts]: Thread number: 10, Steps performed: 9

[2020-01-28 13:08:37.069556][Environment.Environment.log][thread_rollouts]: Thread number: 11, Steps performed: 9

[2020-01-28 13:08:37.069938][Environment.Environment.log][rollouts]: Rollout thread #13

[2020-01-28 13:08:37.070386][Environment.Environment.log][thread_rollouts]: Thread number: 12

[2020-01-28 13:08:37.070436][Environment.Environment.log][rollouts]: Rollout thread #14

[2020-01-28 13:08:37.073389][Environment.Environment.log][thread_rollouts]: Thread number: 13

[2020-01-28 13:08:37.101963][Environment.Environment.log][thread_rollouts]: Thread number: 12, Steps performed: 9

[2020-01-28 13:08:37.104226][Environment.Environment.log][thread_rollouts]: Thread number: 13, Steps performed: 9

[2020-01-28 13:08:37.104695][Environment.Environment.log][rollouts]: Rollout thread #15

[2020-01-28 13:08:37.105304][Environment.Environment.log][thread_rollouts]: Thread number: 14

[2020-01-28 13:08:37.105399][Environment.Environment.log][rollouts]: Rollout thread #16

[2020-01-28 13:08:37.107868][Environment.Environment.log][thread_rollouts]: Thread number: 15

[2020-01-28 13:08:37.133403][Environment.Environment.log][thread_rollouts]: Thread number: 14, Steps performed: 11

[2020-01-28 13:08:37.134911][Environment.Environment.log][thread_rollouts]: Thread number: 15, Steps performed: 9

[2020-01-28 13:08:37.135307][Environment.Environment.log][rollouts]: Rollout thread #17

[2020-01-28 13:08:37.135835][Environment.Environment.log][thread_rollouts]: Thread number: 16

[2020-01-28 13:08:37.135886][Environment.Environment.log][rollouts]: Rollout thread #18

[2020-01-28 13:08:37.137893][Environment.Environment.log][thread_rollouts]: Thread number: 17

[2020-01-28 13:08:37.170848][Environment.Environment.log][thread_rollouts]: Thread number: 17, Steps performed: 9

[2020-01-28 13:08:37.170771][Environment.Environment.log][thread_rollouts]: Thread number: 16, Steps performed: 11

[2020-01-28 13:08:37.172196][Environment.Environment.log][rollouts]: Rollout thread #19

[2020-01-28 13:08:37.173762][Environment.Environment.log][thread_rollouts]: Thread number: 18

[2020-01-28 13:08:37.173896][Environment.Environment.log][rollouts]: Rollout thread #20

[2020-01-28 13:08:37.175908][Environment.Environment.log][thread_rollouts]: Thread number: 19

[2020-01-28 13:08:37.196739][Environment.Environment.log][thread_rollouts]: Thread number: 18, Steps performed: 9

[2020-01-28 13:08:37.201677][Environment.Environment.log][thread_rollouts]: Thread number: 19, Steps performed: 9

[2020-01-28 13:08:37.202088][Environment.Environment.log][rollouts]: Rollout thread #21

[2020-01-28 13:08:37.202803][Environment.Environment.log][thread_rollouts]: Thread number: 20

[2020-01-28 13:08:37.202865][Environment.Environment.log][rollouts]: Rollout thread #22

[2020-01-28 13:08:37.207171][Environment.Environment.log][thread_rollouts]: Thread number: 21

[2020-01-28 13:08:37.231750][Environment.Environment.log][thread_rollouts]: Thread number: 20, Steps performed: 11

[2020-01-28 13:08:37.235118][Environment.Environment.log][thread_rollouts]: Thread number: 21, Steps performed: 9

[2020-01-28 13:08:37.235580][Environment.Environment.log][rollouts]: Rollout thread #23

[2020-01-28 13:08:37.236203][Environment.Environment.log][rollouts]: Rollout thread #24

[2020-01-28 13:08:37.236140][Environment.Environment.log][thread_rollouts]: Thread number: 22

[2020-01-28 13:08:37.237114][Environment.Environment.log][thread_rollouts]: Thread number: 23

[2020-01-28 13:08:37.267216][Environment.Environment.log][thread_rollouts]: Thread number: 22, Steps performed: 9

[2020-01-28 13:08:37.267842][Environment.Environment.log][thread_rollouts]: Thread number: 23, Steps performed: 9

[2020-01-28 13:08:37.268493][Environment.Environment.log][rollouts]: Rollout thread #25

[2020-01-28 13:08:37.269083][Environment.Environment.log][thread_rollouts]: Thread number: 24

[2020-01-28 13:08:37.269165][Environment.Environment.log][rollouts]: Rollout thread #26

[2020-01-28 13:08:37.270971][Environment.Environment.log][thread_rollouts]: Thread number: 25

[2020-01-28 13:08:37.295516][Environment.Environment.log][thread_rollouts]: Thread number: 24, Steps performed: 9

[2020-01-28 13:08:37.299271][Environment.Environment.log][thread_rollouts]: Thread number: 25, Steps performed: 9

[2020-01-28 13:08:37.299654][Environment.Environment.log][rollouts]: Rollout thread #27

[2020-01-28 13:08:37.300179][Environment.Environment.log][thread_rollouts]: Thread number: 26

[2020-01-28 13:08:37.300296][Environment.Environment.log][rollouts]: Rollout thread #28

[2020-01-28 13:08:37.304772][Environment.Environment.log][thread_rollouts]: Thread number: 27

[2020-01-28 13:08:37.321729][Environment.Environment.log][thread_rollouts]: Thread number: 26, Steps performed: 9

[2020-01-28 13:08:37.330446][Environment.Environment.log][thread_rollouts]: Thread number: 27, Steps performed: 9

[2020-01-28 13:08:37.330852][Environment.Environment.log][rollouts]: Rollout thread #29

[2020-01-28 13:08:37.331373][Environment.Environment.log][thread_rollouts]: Thread number: 28

[2020-01-28 13:08:37.331426][Environment.Environment.log][rollouts]: Rollout thread #30

[2020-01-28 13:08:37.334789][Environment.Environment.log][thread_rollouts]: Thread number: 29

[2020-01-28 13:08:37.355785][Environment.Environment.log][thread_rollouts]: Thread number: 28, Steps performed: 9

[2020-01-28 13:08:37.364202][Environment.Environment.log][thread_rollouts]: Thread number: 29, Steps performed: 11

[2020-01-28 13:08:37.364641][__main__.TRPOAgent.log][rollouts]: Unpacking actions

[2020-01-28 13:08:37.365142][__main__.TRPOAgent.log][rollouts]: Unpacking rewards

[2020-01-28 13:08:37.365880][__main__.TRPOAgent.log][rollouts]: Unpacking observations

[2020-01-28 13:08:37.366652][__main__.TRPOAgent.log][learning]: Rollouts performed

[2020-01-28 13:08:37.367924][__main__.TRPOAgent.log][batch_info]: Rollout statistics size: 285, Batch size: 60000, Number of batches: 1

[2020-01-28 13:08:37.368283][__main__.TRPOAgent.log][learning]: 

***************
BEGINNING TRAINING
***************



[2020-01-28 13:08:37.369687][__main__.TRPOAgent.log][batch_info]: Batch #0, batch length: 285

[2020-01-28 13:08:37.704043][__main__.TRPOAgent.log][training]: policy_gradient: [-4.43491941e-04 -1.55770655e-05 -1.00815841e-05 -1.46768264e-04
  2.12868649e-05  7.13122724e-05 -3.64490864e-04  2.49157770e-04
  7.94529379e-05  0.00000000e+00  2.59352232e-04  0.00000000e+00
  5.62625503e-04 -7.09014574e-05 -5.56120268e-05 -8.79127906e-06
  1.01207869e-04 -8.60990248e-05  7.54294809e-05  1.75324193e-04
 -9.76725495e-06 -8.81115933e-05 -7.40291025e-05  2.74017631e-04
  1.58524235e-04  5.66477046e-04 -9.03658359e-05  1.25849553e-04
  7.91923533e-05 -5.89005095e-04  2.05876523e-04  8.08410405e-05
 -2.48439220e-03 -1.92817432e-04  8.42986443e-05 -1.37002669e-03
  2.63494984e-04 -2.66393256e-04 -1.90787473e-03  3.08414710e-03
  9.83491497e-04  0.00000000e+00 -7.74022520e-04  0.00000000e+00
 -1.77813912e-03 -8.37878276e-04 -6.88381789e-04  7.35095697e-05
  1.25278034e-03 -1.06575869e-03 -5.62898590e-04 -6.74357441e-04
 -1.20901913e-04 -1.57019363e-03 -9.78367908e-04  3.39186967e-03
  1.96225894e-03  4.61018322e-03  7.55607196e-04 -1.55234343e-04
  9.80265906e-04 -1.99349429e-03  2.54839929e-03  1.00067383e-03
  6.71096889e-04  4.31463815e-05  1.30019951e-06  3.22330509e-04
 -5.89617597e-05  1.41134846e-05  5.26072871e-04 -6.90133594e-04
 -2.20073978e-04  0.00000000e+00 -5.70466816e-05  0.00000000e+00
 -1.15892548e-04  1.90188477e-04  1.54037853e-04  1.13379174e-06
 -2.80332219e-04  2.38482747e-04 -3.71748586e-06 -3.03553644e-05
  2.70539858e-05  3.34649707e-04  2.27903693e-04 -7.58992075e-04
 -4.39090864e-04 -1.11822936e-03  1.16542812e-05 -2.89950156e-05
 -2.19352194e-04  6.36894337e-04 -5.70250348e-04 -2.23918836e-04
  4.17986586e-03  3.03007353e-04 -1.11434700e-04  2.19850417e-03
 -4.14075204e-04  3.18471584e-04  3.23935401e-03 -4.84665332e-03
 -1.54553015e-03  0.00000000e+00  8.30371223e-04  0.00000000e+00
  1.93974306e-03  1.31799899e-03  1.08177327e-03 -9.71725814e-05
 -1.96871025e-03  1.67481080e-03  7.24078350e-04  7.74193541e-04
  1.89994070e-04  2.42181247e-03  1.52589271e-03 -5.33023098e-03
 -3.08363658e-03 -7.47743785e-03 -9.98840042e-04  7.58468474e-05
 -1.54046122e-03  3.63984004e-03 -4.00474020e-03 -1.57253172e-03
  4.36302799e-04 -3.33228562e-04  2.68280060e-04 -1.62650757e-03
  4.55374048e-04 -2.22694292e-03  8.19217411e-04  5.33004662e-03
  1.69967753e-03  0.00000000e+00 -6.32195562e-03  0.00000000e+00
 -1.38842005e-02 -1.41418292e-03 -1.18966667e-03  2.33943878e-04
  2.16506457e-03 -1.84185232e-03 -2.14206332e-03 -4.46244506e-03
 -2.08943611e-04 -3.50475439e-03 -2.01148518e-03  5.86185512e-03
  3.39119091e-03  4.05061864e-03  2.40471654e-03 -3.03437996e-03
  1.69410304e-03  5.18162985e-03  4.40416315e-03  1.72937217e-03
  0.00000000e+00  9.81178772e-04 -1.72638360e-03  1.69376442e-03
  1.57543568e-06 -2.66266048e-03 -7.00559021e-04 -1.17501643e-03
  0.00000000e+00  4.83078788e-06 -2.15264058e-06 -1.21344672e-05
  8.09323898e-04  0.00000000e+00  0.00000000e+00 -1.51909272e-05
  0.00000000e+00  3.94436642e-04 -6.94011089e-04  6.89831223e-04
  0.00000000e+00 -1.07039704e-03 -2.85321548e-04 -4.72359928e-04
  0.00000000e+00  0.00000000e+00  0.00000000e+00  0.00000000e+00
  3.29618976e-04  0.00000000e+00  0.00000000e+00  0.00000000e+00
  0.00000000e+00  1.67437991e-04 -2.94607069e-04  2.92832719e-04
  2.07608661e-05 -4.54382560e-04  0.00000000e+00 -2.00516355e-04
  0.00000000e+00  6.36594317e-05 -2.83671897e-05 -2.11941608e-04
  0.00000000e+00 -1.00757296e-04 -2.49764837e-04 -2.00183866e-04
  0.00000000e+00  6.29094396e-04 -1.10689130e-03  9.89079836e-04
  7.87980499e-06 -1.70719632e-03 -4.09093965e-04 -7.53375707e-04
  0.00000000e+00  2.41619933e-05 -1.07667918e-05 -6.45629846e-05
  4.72607607e-04  0.00000000e+00 -6.46571437e-06 -7.59799624e-05
  0.00000000e+00  5.98548626e-04 -1.05314603e-03  1.04680318e-03
  0.00000000e+00 -1.62430315e-03 -4.32968955e-04 -7.16795439e-04
  0.00000000e+00  0.00000000e+00  0.00000000e+00  0.00000000e+00
  5.00189294e-04  0.00000000e+00  0.00000000e+00  0.00000000e+00
  0.00000000e+00  6.27324479e-04 -1.10377713e-03  1.09334367e-03
  2.68391541e-07 -1.70239323e-03 -4.52218597e-04 -7.51256132e-04
  0.00000000e+00  8.22973999e-07 -3.66724285e-07 -2.73993072e-06
  5.22427529e-04  0.00000000e+00  0.00000000e+00 -2.58792943e-06
  0.00000000e+00  1.15233664e-03 -2.02753578e-03  1.96424557e-03
  3.62131958e-06 -3.12713779e-03 -8.12432909e-04 -1.37998754e-03
  0.00000000e+00  1.11041199e-05 -4.94809123e-06 -3.13838577e-05
  9.38566700e-04  0.00000000e+00  0.00000000e+00 -3.49180882e-05
  0.00000000e+00  1.94068325e-03 -3.41463129e-03  3.39406576e-03
  0.00000000e+00 -5.26650264e-03 -1.40382178e-03 -2.32407668e-03
  0.00000000e+00  0.00000000e+00  0.00000000e+00  0.00000000e+00
  1.62177130e-03  0.00000000e+00  0.00000000e+00  0.00000000e+00
  0.00000000e+00  1.84128981e-03 -3.23974858e-03  3.22023633e-03
  0.00000000e+00 -4.99677506e-03 -1.33192408e-03 -2.20504748e-03
  0.00000000e+00  0.00000000e+00  0.00000000e+00  0.00000000e+00
  1.53871116e-03  0.00000000e+00  0.00000000e+00  0.00000000e+00
  0.00000000e+00  0.00000000e+00  0.00000000e+00  0.00000000e+00
  0.00000000e+00  0.00000000e+00  0.00000000e+00  0.00000000e+00
  0.00000000e+00  0.00000000e+00  0.00000000e+00  0.00000000e+00
  0.00000000e+00  0.00000000e+00  0.00000000e+00  0.00000000e+00
  0.00000000e+00  2.36029129e-04 -4.15293144e-04  2.01620513e-04
  2.92587229e-05 -6.40520822e-04 -3.99764904e-08 -2.82658076e-04
  0.00000000e+00  8.97165689e-05 -3.99784739e-05 -2.69776128e-04
  4.61830168e-08 -6.93399265e-05 -1.85023588e-04 -2.82123310e-04
  0.00000000e+00  0.00000000e+00  0.00000000e+00  0.00000000e+00
  0.00000000e+00  0.00000000e+00  0.00000000e+00  0.00000000e+00
  0.00000000e+00  0.00000000e+00  0.00000000e+00  0.00000000e+00
  0.00000000e+00  0.00000000e+00  0.00000000e+00  0.00000000e+00
  0.00000000e+00  6.18524180e-04 -1.08829301e-03  7.48732239e-04
  7.66916610e-05 -1.67851154e-03  0.00000000e+00 -7.40717282e-04
  0.00000000e+00  2.35161073e-04 -1.04789795e-04 -7.40253225e-04
  0.00000000e+00 -2.57622290e-04 -6.58268372e-04 -7.39489051e-04
  0.00000000e+00  1.88460886e-04 -3.31596842e-04  3.00044949e-04
  2.09533436e-06 -5.11433153e-04 -1.24101790e-04 -2.25692446e-04
  0.00000000e+00  6.42496291e-06 -2.86301867e-06 -1.65342611e-05
  1.43369140e-04  0.00000000e+00 -4.96234315e-06 -2.02039804e-05
  0.00000000e+00  1.49213017e-03 -2.62540235e-03  2.60959016e-03
  0.00000000e+00 -4.04924785e-03 -1.07935431e-03 -1.78690929e-03
  0.00000000e+00  0.00000000e+00  0.00000000e+00  0.00000000e+00
  1.24692883e-03  0.00000000e+00  0.00000000e+00  0.00000000e+00
  0.00000000e+00  1.41689794e-04 -2.49303128e-04  2.47801633e-04
  1.75683118e-05 -3.84508742e-04  0.00000000e+00 -1.69681449e-04
  0.00000000e+00  5.38700429e-05 -2.40049539e-05 -1.79349755e-04
  0.00000000e+00 -8.52630897e-05 -2.11356623e-04 -1.69400089e-04
  0.00000000e+00  7.53956406e-04 -1.32658595e-03  1.31859623e-03
  0.00000000e+00 -2.04603889e-03 -5.45385459e-04 -9.02904943e-04
  0.00000000e+00  0.00000000e+00  0.00000000e+00  0.00000000e+00
  6.30058956e-04  0.00000000e+00  0.00000000e+00  0.00000000e+00
  0.00000000e+00  8.62563181e-04 -1.51767952e-03  1.50853889e-03
  0.00000000e+00 -2.34076904e-03 -6.23947767e-04 -1.03296763e-03
  0.00000000e+00  0.00000000e+00  0.00000000e+00  0.00000000e+00
  7.20818409e-04  0.00000000e+00  0.00000000e+00  0.00000000e+00
  0.00000000e+00  2.35419547e-04 -4.14220584e-04  4.10963814e-04
  2.91899923e-05 -6.38866576e-04  0.00000000e+00 -2.81928067e-04
  0.00000000e+00  8.95058189e-05 -3.98845619e-05 -2.97992091e-04
  0.00000000e+00 -1.41403606e-04 -3.51171942e-04 -2.81460584e-04
  0.00000000e+00  4.58001613e-04 -8.05853627e-04  7.33747924e-04
  5.67882478e-05 -1.24289562e-03  0.00000000e+00 -5.48482535e-04
  0.00000000e+00  1.74130866e-04 -7.75942098e-05 -5.71040742e-04
  0.00000000e+00 -2.52466517e-04 -6.36493048e-04 -5.47573060e-04
  0.00000000e+00  8.10208695e-04 -1.42556183e-03  1.41697600e-03
  0.00000000e+00 -2.19869277e-03 -5.86076380e-04 -9.70270204e-04
  0.00000000e+00  0.00000000e+00  0.00000000e+00  0.00000000e+00
  6.77067322e-04  0.00000000e+00  0.00000000e+00  0.00000000e+00
  0.00000000e+00  8.33332818e-04 -1.46624871e-03  1.36612139e-03
  6.47261479e-06 -2.26144554e-03 -5.65042369e-04 -9.97962634e-04
  0.00000000e+00  1.98470997e-05 -8.84403814e-06 -5.35639803e-05
  6.52767689e-04  0.00000000e+00 -1.09640800e-06 -6.24113196e-05
  0.00000000e+00  4.62965208e-05 -8.14587070e-05  8.09681002e-05
  0.00000000e+00 -1.25636550e-04 -3.34892695e-05 -5.54426717e-05
  0.00000000e+00  0.00000000e+00  0.00000000e+00  0.00000000e+00
  3.86886262e-05  0.00000000e+00  0.00000000e+00  0.00000000e+00
  0.00000000e+00  4.33859972e-04 -7.63376421e-04  7.58778783e-04
  0.00000000e+00 -1.17738157e-03 -3.13838994e-04 -5.19571570e-04
  0.00000000e+00  0.00000000e+00  0.00000000e+00  0.00000000e+00
  3.62563882e-04  0.00000000e+00  0.00000000e+00  0.00000000e+00
  0.00000000e+00  1.21259999e-03 -2.13356913e-03  2.12071914e-03
  0.00000000e+00 -3.29067665e-03 -8.77152044e-04 -1.45215628e-03
  0.00000000e+00  0.00000000e+00  0.00000000e+00  0.00000000e+00
  1.01333377e-03  0.00000000e+00  0.00000000e+00  0.00000000e+00
  0.00000000e+00  1.40112449e-03 -2.46527790e-03  2.32091177e-03
  9.18241978e-06 -3.80228244e-03 -9.59953850e-04 -1.67792491e-03
  0.00000000e+00  2.81562254e-05 -1.25466559e-05 -7.52805739e-05
  1.10899092e-03  0.00000000e+00 -3.61108934e-06 -8.85402507e-05
  0.00000000e+00  1.19244859e-04 -2.09811274e-04  2.08547630e-04
  1.47853335e-05 -3.23599106e-04  0.00000000e+00 -1.42802385e-04
  0.00000000e+00  4.53365445e-05 -2.02023538e-05 -1.50939144e-04
  0.00000000e+00 -7.17566510e-05 -1.77875836e-04 -1.42565595e-04
  0.00000000e+00  1.56172876e-04 -2.74786103e-04  1.85302815e-04
  1.93640890e-05 -4.23812007e-04  0.00000000e+00 -1.87025749e-04
  0.00000000e+00  5.93764679e-05 -2.64586642e-05 -1.86714441e-04
  0.00000000e+00 -6.37586214e-05 -1.60761408e-04 -1.86715630e-04
  0.00000000e+00  1.35382078e-03 -2.38204704e-03  2.36770053e-03
  0.00000000e+00 -3.67391264e-03 -9.79306182e-04 -1.62127607e-03
  0.00000000e+00  0.00000000e+00  0.00000000e+00  0.00000000e+00
  1.13134778e-03  0.00000000e+00  0.00000000e+00  0.00000000e+00
  0.00000000e+00  6.47978588e-04 -1.14011803e-03  8.91303721e-04
  1.71532832e-05 -1.75844303e-03 -3.68652721e-04 -7.75990582e-04
  0.00000000e+00  5.25974330e-05 -2.34378680e-05 -1.40620853e-04
  4.25887682e-04  0.00000000e+00 -1.45652925e-05 -1.65398232e-04
  0.00000000e+00  1.99660588e-03 -3.51302713e-03  3.49186898e-03
  0.00000000e+00 -5.41826191e-03 -1.44427424e-03 -2.39104715e-03
  0.00000000e+00  0.00000000e+00  0.00000000e+00  0.00000000e+00
  1.66850418e-03  0.00000000e+00  0.00000000e+00  0.00000000e+00
  0.00000000e+00  1.60208471e-03 -2.81886732e-03  2.80188994e-03
  0.00000000e+00 -4.34763549e-03 -1.15889155e-03 -1.91858600e-03
  0.00000000e+00  0.00000000e+00  0.00000000e+00  0.00000000e+00
  1.33881457e-03  0.00000000e+00  0.00000000e+00  0.00000000e+00
  0.00000000e+00  4.11192497e-03 -7.23493009e-03 -2.86593132e-03
  9.81028309e-04 -1.11586802e-02  2.74889026e-03 -4.92426001e-03
  0.00000000e+00  3.00814544e-03 -1.34045545e-03 -8.61990034e-03
 -3.17566759e-03 -1.30066658e-03 -4.00129929e-03 -9.45943384e-03
  0.00000000e+00  0.00000000e+00 -1.67221927e-03  1.67221927e-03
 -4.55448650e-03  4.55448650e-03 -5.43103721e-04  5.43103721e-04
 -4.22982670e-04  4.22982670e-04 -5.00848888e-03  5.00848888e-03
 -4.14447273e-03  4.14447273e-03 -2.33365886e-03  2.33365886e-03
  0.00000000e+00  0.00000000e+00 -8.66937247e-04  8.66937247e-04
 -2.09943662e-04  2.09943662e-04 -3.16154398e-04  3.16154398e-04
 -2.06383126e-03  2.06383126e-03 -3.40144686e-04  3.40144686e-04
 -3.30037959e-04  3.30037959e-04 -7.09389375e-04  7.09389375e-04
 -1.12055405e-02  1.12055405e-02]

[2020-01-28 13:08:37.704714][__main__.TRPOAgent.log][training]: Initiating conjugate gradients

[2020-01-28 13:08:37.766883][__main__.TRPOAgent.log][training]: gradient_step_direction: [-1.08177452e-02 -8.71501387e-04 -4.95607605e-04 -7.41291030e-03
  1.19094862e-03 -2.92668790e-03 -8.94881784e-03  1.39397969e-02
  4.44520502e-03  0.00000000e+00  3.57640079e-03  0.00000000e+00
  6.65027007e-03 -3.50842642e-03 -3.11136363e-03 -4.32176604e-04
  5.66234364e-03 -4.81704128e-03  4.01124436e-03  3.46958249e-03
 -5.46454829e-04 -7.62649997e-03 -2.84983102e-03  1.53306492e-02
  8.86905996e-03  2.25273398e-02 -4.44235698e-03  1.22449140e-03
  4.43062724e-03 -9.39714789e-03  1.15183108e-02  4.52286653e-03
  3.23165576e-03  3.07099286e-04  5.31612031e-03  3.56444227e-03
 -4.19699867e-04  2.50287539e-03  3.19492824e-03 -4.91225122e-03
 -1.56646769e-03  0.00000000e+00 -3.39774019e-02  0.00000000e+00
 -8.47672263e-02  9.23505968e-04  1.09641191e-03  4.63572955e-03
 -1.99536590e-03  1.69746399e-03 -3.57883322e-02 -3.57379549e-02
  1.92569194e-04  2.95161517e-03  1.03272362e-02 -5.40236343e-03
 -3.12539177e-03 -9.42164303e-03  4.76508107e-02 -2.95935898e-03
 -1.56131597e-03  4.23232217e-03 -4.05895587e-03 -1.59383042e-03
  2.55652972e-02  1.86922568e-03 -1.63877556e-06  1.37601120e-02
 -2.55439034e-03  2.34901672e-03  1.99235539e-02 -2.98985636e-02
 -9.53423310e-03  0.00000000e+00  4.63268064e-04  0.00000000e+00
  2.33516434e-03  8.16346059e-03  6.67336118e-03 -1.42903471e-06
 -1.21447936e-02  1.03317570e-02  3.76716239e-04  7.87396296e-04
  1.17205579e-03  1.52653235e-02  9.89341744e-03 -3.28817112e-02
 -1.90226718e-02 -4.59994518e-02 -1.46890977e-05  3.13644604e-04
 -9.50296470e-03  2.12098202e-02 -2.47048769e-02 -9.70080377e-03
  6.13869679e-03  3.53572564e-04 -7.12444141e-03  2.28501251e-03
 -4.83122490e-04 -6.77552400e-04  4.62589084e-03 -5.65521680e-03
 -1.80333881e-03  0.00000000e+00  4.33580934e-02  0.00000000e+00
  1.11163737e-01  1.67444012e-03  1.26224919e-03 -6.21261026e-03
 -2.29713297e-03  1.95424203e-03  4.63659754e-02  4.62688536e-02
  2.21684832e-04  2.50444821e-03 -1.42197009e-02 -6.21948622e-03
 -3.59804657e-03 -8.92134035e-03 -6.38596174e-02  1.56631847e-03
 -1.79744701e-03  5.81390132e-03 -4.67282741e-03 -1.83485194e-03
 -1.60662805e-01 -9.73806855e-03  1.46527286e-02 -4.23515952e-02
  1.33076055e-02  3.87844405e-02 -1.09952045e-01  1.55762178e-01
  4.96704047e-02  0.00000000e+00 -1.19009397e-01  0.00000000e+00
 -2.52123084e-01 -5.13475323e-02 -3.47661232e-02  1.27773795e-02
  6.32705954e-02 -5.38252050e-02 -1.26755802e-01 -1.20923490e-01
 -6.10604987e-03 -6.62969675e-02 -1.05118917e-01  1.71303429e-01
  9.91022064e-02  2.04016228e-01  1.31339088e-01 -4.42931748e-02
  4.95074853e-02 -1.13358709e-01  1.28704711e-01  5.05381795e-02
  0.00000000e+00  2.80813950e-03 -4.94090273e-03  4.88680767e-03
  1.72609858e-06 -7.62052728e-03 -2.02122824e-03 -3.36289388e-03
  0.00000000e+00  5.29276829e-06 -2.35850297e-06  3.01443506e-04
  2.33504311e-03  0.00000000e+00  0.00000000e+00 -1.66436735e-05
  0.00000000e+00  5.89353131e-03 -1.03696603e-02  1.03072091e-02
  0.00000000e+00 -1.59934830e-02 -4.26316927e-03 -7.05783007e-03
  0.00000000e+00  0.00000000e+00  0.00000000e+00  0.00000000e+00
  4.92504827e-03  0.00000000e+00  0.00000000e+00  0.00000000e+00
  0.00000000e+00  1.08273189e-02 -1.90506626e-02  1.89359250e-02
  1.34249412e-03 -2.93824887e-02  0.00000000e+00 -1.29663197e-02
  0.00000000e+00  4.11651480e-03 -1.83435436e-03 -1.37051296e-02
  0.00000000e+00 -6.51543514e-03 -1.61509555e-02 -1.29448194e-02
  0.00000000e+00  2.84957475e-03 -5.01381484e-03  4.64439007e-03
  2.40505302e-05 -7.73298057e-03 -1.92096467e-03 -3.41251887e-03
  0.00000000e+00  7.37465901e-05 -3.28621139e-05  1.03759109e-03
  2.21920916e-03  0.00000000e+00 -5.06714997e-04 -2.31904008e-04
  0.00000000e+00  4.87345467e-03 -8.57483233e-03  8.52319299e-03
  0.00000000e+00 -1.32252593e-02 -3.52527964e-03 -5.83622921e-03
  0.00000000e+00  0.00000000e+00  0.00000000e+00  0.00000000e+00
  4.07260011e-03  0.00000000e+00  0.00000000e+00  0.00000000e+00
  0.00000000e+00  5.70700592e-03 -1.00414644e-02  1.00750358e-02
 -6.66736327e-06 -1.54872962e-02 -4.16713792e-03 -6.83445283e-03
  0.00000000e+00 -2.04442606e-05  9.11013820e-06  6.80651611e-05
  4.81411032e-03  0.00000000e+00  0.00000000e+00  6.42891559e-05
  0.00000000e+00  8.43924506e-03 -1.48488290e-02  1.52130676e-02
 -3.21629397e-05 -2.29018612e-02 -6.29227885e-03 -1.01064568e-02
  0.00000000e+00 -9.86218231e-05  4.39467318e-05  7.79635343e-04
  7.26919396e-03  0.00000000e+00  0.00000000e+00  3.10126831e-04
  0.00000000e+00  4.57749942e-03 -8.05407516e-03  8.00558536e-03
  0.00000000e+00 -1.24220832e-02 -3.31118124e-03 -5.48179225e-03
  0.00000000e+00  0.00000000e+00  0.00000000e+00  0.00000000e+00
  3.82527616e-03  0.00000000e+00  0.00000000e+00  0.00000000e+00
  0.00000000e+00  5.40725425e-03 -9.51402895e-03  9.45674589e-03
  0.00000000e+00 -1.46738197e-02 -3.91139694e-03 -6.47547036e-03
  0.00000000e+00  0.00000000e+00  0.00000000e+00  0.00000000e+00
  4.51867768e-03  0.00000000e+00  0.00000000e+00  0.00000000e+00
  0.00000000e+00  0.00000000e+00  0.00000000e+00  0.00000000e+00
  0.00000000e+00  0.00000000e+00  0.00000000e+00  0.00000000e+00
  0.00000000e+00  0.00000000e+00  0.00000000e+00  0.00000000e+00
  0.00000000e+00  0.00000000e+00  0.00000000e+00  0.00000000e+00
  0.00000000e+00  7.24152917e-03 -1.27414672e-02  1.20997846e-02
  8.95337414e-04 -1.96516008e-02 -1.48750258e-05 -8.67213599e-03
  0.00000000e+00  2.74538984e-03 -1.22336930e-03 -6.80361972e-03
  1.71844392e-05 -4.15089530e-03 -1.13192136e-02 -8.63317085e-03
  0.00000000e+00  0.00000000e+00  0.00000000e+00  0.00000000e+00
  0.00000000e+00  0.00000000e+00  0.00000000e+00  0.00000000e+00
  0.00000000e+00  0.00000000e+00  0.00000000e+00  0.00000000e+00
  0.00000000e+00  0.00000000e+00  0.00000000e+00  0.00000000e+00
  0.00000000e+00  2.69407168e-02 -4.74021787e-02  4.67825403e-02
  3.34041641e-03 -7.31100019e-02  0.00000000e+00 -3.22630144e-02
  0.00000000e+00  1.02427813e-02 -4.56427132e-03 -3.06535274e-02
  0.00000000e+00 -1.60968428e-02 -4.14424041e-02 -3.22095170e-02
  0.00000000e+00 -4.93239622e-03  8.67855385e-03 -9.20143742e-03
  4.07765904e-05  1.33852294e-02  3.80581476e-03  5.90682310e-03
  0.00000000e+00  1.25034021e-04 -5.57162340e-05 -2.38670586e-05
 -4.39668135e-03  0.00000000e+00 -3.88896501e-04 -3.93182801e-04
  0.00000000e+00 -4.73175559e-03  8.32554842e-03 -8.27539103e-03
  0.00000000e+00  1.28407721e-02  3.42280144e-03  5.66655735e-03
  0.00000000e+00  0.00000000e+00  0.00000000e+00  0.00000000e+00
 -3.95419075e-03  0.00000000e+00  0.00000000e+00  0.00000000e+00
  0.00000000e+00  9.16957161e-03 -1.61338570e-02  1.60366866e-02
  1.13694775e-03 -2.48837996e-02  0.00000000e+00 -1.09810746e-02
  0.00000000e+00  3.48624415e-03 -1.55350034e-03 -1.16067670e-02
  0.00000000e+00 -5.51787100e-03 -1.36781177e-02 -1.09628662e-02
  0.00000000e+00  3.36759783e-03 -5.92527500e-03  5.88959492e-03
  0.00000000e+00 -9.13875703e-03 -2.43599414e-03 -4.03287976e-03
  0.00000000e+00  0.00000000e+00  0.00000000e+00  0.00000000e+00
  2.81419996e-03  0.00000000e+00  0.00000000e+00  0.00000000e+00
  0.00000000e+00  5.34696855e-03 -9.40797424e-03  9.35132011e-03
  0.00000000e+00 -1.45102438e-02 -3.86779946e-03 -6.40328532e-03
  0.00000000e+00  0.00000000e+00  0.00000000e+00  0.00000000e+00
  4.46830090e-03  0.00000000e+00  0.00000000e+00  0.00000000e+00
  0.00000000e+00  1.56256125e-02 -2.74932579e-02  2.72679536e-02
  1.93744111e-03 -4.24037922e-02  0.00000000e+00 -1.87125444e-02
  0.00000000e+00  5.94081189e-03 -2.64727681e-03 -1.97787694e-02
  0.00000000e+00 -9.38230288e-03 -2.33085007e-02 -1.86815159e-02
  0.00000000e+00  2.75979936e-02 -4.85586569e-02  4.73779334e-02
  3.42191306e-03 -7.48936777e-02  0.00000000e+00 -3.30501400e-02
  0.00000000e+00  1.04926760e-02 -4.67562655e-03 -3.42308224e-02
  0.00000000e+00 -1.63017045e-02 -4.12453123e-02 -3.29953374e-02
  0.00000000e+00 -7.84845831e-03  1.38093751e-02 -1.37261955e-02
  0.00000000e+00  2.12986679e-02  5.67730786e-03  9.39897708e-03
  0.00000000e+00  0.00000000e+00  0.00000000e+00  0.00000000e+00
 -6.55872530e-03  0.00000000e+00  0.00000000e+00  0.00000000e+00
  0.00000000e+00  9.12095543e-03 -1.60483043e-02  1.62604866e-02
 -2.18950588e-05 -2.47518516e-02 -6.72550518e-03 -1.09228467e-02
  0.00000000e+00 -6.71372282e-05  2.99169259e-05  1.23460708e-03
  7.76967692e-03  0.00000000e+00 -8.59249783e-05  2.11120169e-04
  0.00000000e+00  1.30127326e-03 -2.28958929e-03  2.27579985e-03
  0.00000000e+00 -3.53131197e-03 -9.41294902e-04 -1.55834723e-03
  0.00000000e+00  0.00000000e+00  0.00000000e+00  0.00000000e+00
  1.08743533e-03  0.00000000e+00  0.00000000e+00  0.00000000e+00
  0.00000000e+00  4.78643948e-03 -8.42173166e-03  8.37101303e-03
  0.00000000e+00 -1.29891263e-02 -3.46233747e-03 -5.73202512e-03
  0.00000000e+00  0.00000000e+00  0.00000000e+00  0.00000000e+00
  3.99988441e-03  0.00000000e+00  0.00000000e+00  0.00000000e+00
  0.00000000e+00  5.90702520e-03 -1.03933881e-02  1.03308021e-02
  0.00000000e+00 -1.60300825e-02 -4.27292122e-03 -7.07398120e-03
  0.00000000e+00  0.00000000e+00  0.00000000e+00  0.00000000e+00
  4.93632291e-03  0.00000000e+00  0.00000000e+00  0.00000000e+00
  0.00000000e+00  9.48528728e-03 -1.66893356e-02  1.66748109e-02
 -6.09560394e-06 -2.57405385e-02 -6.89686967e-03 -1.13591484e-02
  0.00000000e+00 -1.86910645e-05  8.32889924e-06  1.55384909e-03
  7.96765263e-03  0.00000000e+00 -2.82999378e-04  5.87760457e-05
  0.00000000e+00  8.30681988e-03 -1.46158457e-02  1.45278179e-02
  1.02997398e-03 -2.25425189e-02  0.00000000e+00 -9.94788116e-03
  0.00000000e+00  3.15822848e-03 -1.40733374e-03 -1.05147031e-02
  0.00000000e+00 -4.99870250e-03 -1.23911634e-02 -9.93138593e-03
  0.00000000e+00  6.38726748e-03 -1.12383942e-02  1.14234618e-02
  7.91966052e-04 -1.73333598e-02  0.00000000e+00 -7.64910986e-03
  0.00000000e+00  2.42842030e-03 -1.08212495e-03 -7.19871681e-03
  0.00000000e+00 -3.93056185e-03 -9.95588944e-03 -7.63642637e-03
  0.00000000e+00  8.25517390e-03 -1.45249522e-02  1.44374841e-02
  0.00000000e+00 -2.24023358e-02 -5.97148764e-03 -9.88601913e-03
  0.00000000e+00  0.00000000e+00  0.00000000e+00  0.00000000e+00
  6.89860069e-03  0.00000000e+00  0.00000000e+00  0.00000000e+00
  0.00000000e+00  8.39427831e-03 -1.47697198e-02  1.38940465e-02
  5.57760898e-05 -2.27798462e-02 -5.74672188e-03 -1.00526123e-02
  0.00000000e+00  1.71027266e-04 -7.62112187e-05  2.21764074e-03
  6.63893111e-03  0.00000000e+00 -1.14147513e-03 -5.37813458e-04
  0.00000000e+00 -5.55912679e-04  9.78163713e-04 -9.72253003e-04
  0.00000000e+00  1.50864723e-03  4.02149563e-04  6.65757251e-04
  0.00000000e+00  0.00000000e+00  0.00000000e+00  0.00000000e+00
 -4.64564056e-04  0.00000000e+00  0.00000000e+00  0.00000000e+00
  0.00000000e+00  5.01684950e-03 -8.82711726e-03  8.77396842e-03
  0.00000000e+00 -1.36143711e-02 -3.62899518e-03 -6.00794192e-03
  0.00000000e+00  0.00000000e+00  0.00000000e+00  0.00000000e+00
  4.19242868e-03  0.00000000e+00  0.00000000e+00  0.00000000e+00
  0.00000000e+00  3.43505603e-02 -6.04397576e-02  1.22403572e-02
  1.80288088e-02 -9.32183143e-02  8.03319728e-02 -4.11366944e-02
  0.00000000e+00  5.52820734e-02 -2.46341668e-02 -7.13206699e-02
 -9.28038438e-02 -7.10388773e-02 -2.36998168e-01 -1.73840369e-01
  0.00000000e+00  0.00000000e+00 -3.98799423e-02  3.98799423e-02
 -4.23711694e-02  4.23711694e-02 -6.16192241e-03  6.16192241e-03
 -1.55110496e-02  1.55110496e-02 -4.51313926e-02  4.51313926e-02
 -3.50585778e-02  3.50585778e-02 -8.45293301e-03  8.45293301e-03
  0.00000000e+00  0.00000000e+00 -4.33496770e-02  4.33496770e-02
 -4.66078996e-03  4.66078996e-03 -1.97263178e-02  1.97263178e-02
 -4.20992925e-03  4.20992925e-03 -2.26863277e-02  2.26863277e-02
 -2.19833678e-02  2.19833678e-02 -3.94710150e-02  3.94710150e-02
 -9.36098003e-02  9.36098003e-02]

[2020-01-28 13:08:37.800196][__main__.TRPOAgent.log][linesearch]: Linesearch worked at 0, New mean kl div: 0.0025670166191595575, New policy loss value: -0.00845016602578833

[2020-01-28 13:08:38.127022][__main__.TRPOAgent.log][batch_info]: Current batch value loss: 7.195821841305383

[2020-01-28 13:08:38.127440][__main__.TRPOAgent.log][linesearch]: Linesearch successful, updating policy parameters

