LOGGER started at 2020-01-29 21:26:42.735554.
Currently active debug channels:
	act
	batch_info
	linesearch
	learning
[2020-01-29 21:26:43.133253][__main__.TRPOAgent.log][learning]: Episode #0

[2020-01-29 21:26:43.336154][__main__.TRPOAgent.log][learning]: Performing rollouts: rollout length: 5000

[2020-01-29 21:26:43.696716][__main__.TRPOAgent.log][learning]: Rollouts performed

[2020-01-29 21:26:43.697109][__main__.TRPOAgent.log][batch_info]: Rollout statistics size: None, Batch size: 100

[2020-01-29 21:26:43.703932][__main__.TRPOAgent.log][learning]: 

***************
BEGINNING TRAINING
***************



[2020-01-29 21:26:45.683073][__main__.TRPOAgent.log][linesearch]: Linesearch failed. Mean kl divergence: 0.0, Discarded policy loss value: 8.261985062754426e-21

[2020-01-29 21:26:45.683637][__main__.TRPOAgent.log][batch_info]: Current batch value loss: 0.0007142420363379642

[2020-01-29 21:26:46.971909][__main__.TRPOAgent.log][learning]: Episode #1

[2020-01-29 21:26:46.972572][__main__.TRPOAgent.log][learning]: Performing rollouts: rollout length: 5000

[2020-01-29 21:26:47.491866][__main__.TRPOAgent.log][learning]: Rollouts performed

[2020-01-29 21:26:47.492277][__main__.TRPOAgent.log][batch_info]: Rollout statistics size: None, Batch size: 100

[2020-01-29 21:26:47.492832][__main__.TRPOAgent.log][learning]: 

***************
BEGINNING TRAINING
***************



[2020-01-29 21:26:49.329215][__main__.TRPOAgent.log][linesearch]: Linesearch failed. Mean kl divergence: 0.0, Discarded policy loss value: 9.613044367609461e-21

[2020-01-29 21:26:49.329642][__main__.TRPOAgent.log][batch_info]: Current batch value loss: 0.00028646103367009347

[2020-01-29 21:26:49.945391][__main__.TRPOAgent.log][learning]: Episode #2

[2020-01-29 21:26:49.945755][__main__.TRPOAgent.log][learning]: Performing rollouts: rollout length: 5000

[2020-01-29 21:26:50.268679][__main__.TRPOAgent.log][learning]: Rollouts performed

[2020-01-29 21:26:50.269107][__main__.TRPOAgent.log][batch_info]: Rollout statistics size: None, Batch size: 100

[2020-01-29 21:26:50.269392][__main__.TRPOAgent.log][learning]: 

***************
BEGINNING TRAINING
***************



[2020-01-29 21:26:51.978970][__main__.TRPOAgent.log][linesearch]: Linesearch failed. Mean kl divergence: 0.0, Discarded policy loss value: 3.191758154701117e-21

[2020-01-29 21:26:51.979373][__main__.TRPOAgent.log][batch_info]: Current batch value loss: 1.2235599787263628e-05

[2020-01-29 21:26:52.744086][__main__.TRPOAgent.log][learning]: Episode #3

[2020-01-29 21:26:52.744509][__main__.TRPOAgent.log][learning]: Performing rollouts: rollout length: 5000

[2020-01-29 21:26:53.063416][__main__.TRPOAgent.log][learning]: Rollouts performed

[2020-01-29 21:26:53.063791][__main__.TRPOAgent.log][batch_info]: Rollout statistics size: None, Batch size: 100

[2020-01-29 21:26:53.064362][__main__.TRPOAgent.log][learning]: 

***************
BEGINNING TRAINING
***************



[2020-01-29 21:26:54.757326][__main__.TRPOAgent.log][linesearch]: Linesearch failed. Mean kl divergence: 0.0, Discarded policy loss value: 9.707561206613109e-21

[2020-01-29 21:26:54.757762][__main__.TRPOAgent.log][batch_info]: Current batch value loss: 6.745406199115678e-05

[2020-01-29 21:26:55.461362][__main__.TRPOAgent.log][learning]: Episode #4

[2020-01-29 21:26:55.461768][__main__.TRPOAgent.log][learning]: Performing rollouts: rollout length: 5000

[2020-01-29 21:26:55.783291][__main__.TRPOAgent.log][learning]: Rollouts performed

[2020-01-29 21:26:55.783677][__main__.TRPOAgent.log][batch_info]: Rollout statistics size: None, Batch size: 100

[2020-01-29 21:26:55.784214][__main__.TRPOAgent.log][learning]: 

***************
BEGINNING TRAINING
***************



