LOGGER started at 2020-01-28 16:32:54.672694.
Currently active debug channels:
	rollouts
	act
	training
	batch_info
	linesearch
	learning
	thread_rollouts
[2020-01-28 16:32:55.084293][__main__.TRPOAgent.log][learning]: Episode #0

[2020-01-28 16:32:55.284903][__main__.TRPOAgent.log][learning]: Performing rollouts: rollout length: 50

[2020-01-28 16:32:55.305588][EnvironmentNew.Environment.log][rollouts]: Rollout thread #1

[2020-01-28 16:32:55.306603][EnvironmentNew.Environment.log][thread_rollouts]: Thread number: 0

[2020-01-28 16:32:55.306674][EnvironmentNew.Environment.log][rollouts]: Rollout thread #2

[2020-01-28 16:32:55.311759][EnvironmentNew.Environment.log][thread_rollouts]: Thread number: 1

[2020-01-28 16:32:55.687188][EnvironmentNew.Environment.log][thread_rollouts]: Thread number: 1, Steps performed: 9

[2020-01-28 16:32:55.703970][EnvironmentNew.Environment.log][thread_rollouts]: Thread number: 0, Steps performed: 9

[2020-01-28 16:32:55.704403][EnvironmentNew.Environment.log][rollouts]: Rollout thread #3

[2020-01-28 16:32:55.705006][EnvironmentNew.Environment.log][rollouts]: Rollout thread #4

[2020-01-28 16:32:55.704940][EnvironmentNew.Environment.log][thread_rollouts]: Thread number: 2

[2020-01-28 16:32:55.706050][EnvironmentNew.Environment.log][thread_rollouts]: Thread number: 3

[2020-01-28 16:32:56.061616][EnvironmentNew.Environment.log][thread_rollouts]: Thread number: 2, Steps performed: 9

[2020-01-28 16:32:56.093086][EnvironmentNew.Environment.log][thread_rollouts]: Thread number: 3, Steps performed: 10

[2020-01-28 16:32:56.093583][EnvironmentNew.Environment.log][rollouts]: Rollout thread #5

[2020-01-28 16:32:56.094334][EnvironmentNew.Environment.log][rollouts]: Rollout thread #6

[2020-01-28 16:32:56.094250][EnvironmentNew.Environment.log][thread_rollouts]: Thread number: 4

[2020-01-28 16:32:56.095604][EnvironmentNew.Environment.log][thread_rollouts]: Thread number: 5

[2020-01-28 16:32:56.485311][EnvironmentNew.Environment.log][thread_rollouts]: Thread number: 4, Steps performed: 9

[2020-01-28 16:32:56.592408][EnvironmentNew.Environment.log][thread_rollouts]: Thread number: 5, Steps performed: 14

[2020-01-28 16:32:56.592836][EnvironmentNew.Environment.log][rollouts]: Rollout thread #7

[2020-01-28 16:32:56.593523][EnvironmentNew.Environment.log][rollouts]: Rollout thread #8

[2020-01-28 16:32:56.593464][EnvironmentNew.Environment.log][thread_rollouts]: Thread number: 6

[2020-01-28 16:32:56.594502][EnvironmentNew.Environment.log][thread_rollouts]: Thread number: 7

[2020-01-28 16:32:57.003509][EnvironmentNew.Environment.log][thread_rollouts]: Thread number: 7, Steps performed: 10

[2020-01-28 16:32:57.103257][EnvironmentNew.Environment.log][thread_rollouts]: Thread number: 6, Steps performed: 14

[2020-01-28 16:32:57.103700][EnvironmentNew.Environment.log][rollouts]: Rollout thread #9

[2020-01-28 16:32:57.104399][EnvironmentNew.Environment.log][rollouts]: Rollout thread #10

[2020-01-28 16:32:57.104320][EnvironmentNew.Environment.log][thread_rollouts]: Thread number: 8

[2020-01-28 16:32:57.105725][EnvironmentNew.Environment.log][thread_rollouts]: Thread number: 9

[2020-01-28 16:32:57.502046][EnvironmentNew.Environment.log][thread_rollouts]: Thread number: 8, Steps performed: 10

[2020-01-28 16:32:57.523255][EnvironmentNew.Environment.log][thread_rollouts]: Thread number: 9, Steps performed: 11

[2020-01-28 16:32:57.523791][__main__.TRPOAgent.log][learning]: Rollouts performed

[2020-01-28 16:32:57.524932][__main__.TRPOAgent.log][batch_info]: Rollout statistics size: 105, Batch size: 1000, Number of batches: 10

[2020-01-28 16:32:57.525275][__main__.TRPOAgent.log][learning]: 

***************
BEGINNING TRAINING
***************



[2020-01-28 16:32:57.525592][__main__.TRPOAgent.log][batch_info]: Batch #0, batch length: 9

