LOGGER started at 2020-01-28 16:19:43.763982.
Currently active debug channels:
	rollouts
	act
	training
	batch_info
	linesearch
	learning
	thread_rollouts
[2020-01-28 16:19:44.186882][__main__.TRPOAgent.log][learning]: Episode #0

[2020-01-28 16:19:44.385516][__main__.TRPOAgent.log][learning]: Performing rollouts: rollout length: 50

[2020-01-28 16:19:44.399139][EnvironmentNew.Environment.log][rollouts]: Rollout thread #1

[2020-01-28 16:19:44.399975][EnvironmentNew.Environment.log][rollouts]: Rollout thread #2

[2020-01-28 16:19:44.399906][EnvironmentNew.Environment.log][thread_rollouts]: Thread number: 0

[2020-01-28 16:19:44.401009][EnvironmentNew.Environment.log][thread_rollouts]: Thread number: 1

[2020-01-28 16:19:44.776167][EnvironmentNew.Environment.log][thread_rollouts]: Thread number: 0, Steps performed: 9

[2020-01-28 16:19:44.801029][EnvironmentNew.Environment.log][thread_rollouts]: Thread number: 1, Steps performed: 9

[2020-01-28 16:19:44.801520][EnvironmentNew.Environment.log][rollouts]: Rollout thread #3

[2020-01-28 16:19:44.802278][EnvironmentNew.Environment.log][thread_rollouts]: Thread number: 2

[2020-01-28 16:19:44.802378][EnvironmentNew.Environment.log][rollouts]: Rollout thread #4

[2020-01-28 16:19:44.807945][EnvironmentNew.Environment.log][thread_rollouts]: Thread number: 3

[2020-01-28 16:19:45.150218][EnvironmentNew.Environment.log][thread_rollouts]: Thread number: 3, Steps performed: 9

[2020-01-28 16:19:45.189315][EnvironmentNew.Environment.log][thread_rollouts]: Thread number: 2, Steps performed: 10

[2020-01-28 16:19:45.189829][EnvironmentNew.Environment.log][rollouts]: Rollout thread #5

[2020-01-28 16:19:45.190726][EnvironmentNew.Environment.log][thread_rollouts]: Thread number: 4

[2020-01-28 16:19:45.190912][EnvironmentNew.Environment.log][rollouts]: Rollout thread #6

[2020-01-28 16:19:45.192893][EnvironmentNew.Environment.log][thread_rollouts]: Thread number: 5

[2020-01-28 16:19:45.544075][EnvironmentNew.Environment.log][thread_rollouts]: Thread number: 4, Steps performed: 9

[2020-01-28 16:19:45.688315][EnvironmentNew.Environment.log][thread_rollouts]: Thread number: 5, Steps performed: 14

[2020-01-28 16:19:45.688762][EnvironmentNew.Environment.log][rollouts]: Rollout thread #7

[2020-01-28 16:19:45.689482][EnvironmentNew.Environment.log][rollouts]: Rollout thread #8

[2020-01-28 16:19:45.689319][EnvironmentNew.Environment.log][thread_rollouts]: Thread number: 6

[2020-01-28 16:19:45.691644][EnvironmentNew.Environment.log][thread_rollouts]: Thread number: 7

[2020-01-28 16:19:46.093408][EnvironmentNew.Environment.log][thread_rollouts]: Thread number: 7, Steps performed: 10

[2020-01-28 16:19:46.189229][EnvironmentNew.Environment.log][thread_rollouts]: Thread number: 6, Steps performed: 14

[2020-01-28 16:19:46.189695][EnvironmentNew.Environment.log][rollouts]: Rollout thread #9

[2020-01-28 16:19:46.190363][EnvironmentNew.Environment.log][rollouts]: Rollout thread #10

[2020-01-28 16:19:46.190288][EnvironmentNew.Environment.log][thread_rollouts]: Thread number: 8

[2020-01-28 16:19:46.191384][EnvironmentNew.Environment.log][thread_rollouts]: Thread number: 9

[2020-01-28 16:19:46.545960][EnvironmentNew.Environment.log][thread_rollouts]: Thread number: 8, Steps performed: 9

[2020-01-28 16:19:46.703738][EnvironmentNew.Environment.log][thread_rollouts]: Thread number: 9, Steps performed: 13

[2020-01-28 16:19:46.704275][__main__.TRPOAgent.log][learning]: Rollouts performed

[2020-01-28 16:19:46.705803][__main__.TRPOAgent.log][batch_info]: Rollout statistics size: 106, Batch size: 1000, Number of batches: 10

[2020-01-28 16:19:46.706237][__main__.TRPOAgent.log][learning]: 

***************
BEGINNING TRAINING
***************



[2020-01-28 16:19:46.706582][__main__.TRPOAgent.log][batch_info]: Batch #0, batch length: 9

