LOGGER started at 2020-01-30 13:17:02.184943.
Currently active debug channels:
	act
	batch_info
	linesearch
	learning
[2020-01-30 13:17:02.611814][__main__.TRPOAgent.log][learning]: Episode #0

[2020-01-30 13:17:02.826292][__main__.TRPOAgent.log][learning]: Performing rollouts: rollout length: 1000

[2020-01-30 13:17:05.179767][__main__.TRPOAgent.log][learning]: Rollouts performed

[2020-01-30 13:17:05.180092][__main__.TRPOAgent.log][batch_info]: Rollout statistics size: None, Batch size: 100

[2020-01-30 13:17:05.180884][__main__.TRPOAgent.log][learning]: 

***************
BEGINNING TRAINING
***************



[2020-01-30 13:17:07.580344][__main__.TRPOAgent.log][linesearch]: Linesearch worked at 1, New mean kl div: 9.779182262459373e-07, New policy loss value: 36.749219007823946

[2020-01-30 13:17:07.580785][__main__.TRPOAgent.log][batch_info]: Current batch value loss: 8.50481052098795e-05

[2020-01-30 13:17:09.880522][__main__.TRPOAgent.log][learning]: Episode #1

[2020-01-30 13:17:09.882045][__main__.TRPOAgent.log][learning]: Performing rollouts: rollout length: 1000

[2020-01-30 13:17:12.291113][__main__.TRPOAgent.log][learning]: Rollouts performed

[2020-01-30 13:17:12.291428][__main__.TRPOAgent.log][batch_info]: Rollout statistics size: None, Batch size: 100

[2020-01-30 13:17:12.292094][__main__.TRPOAgent.log][learning]: 

***************
BEGINNING TRAINING
***************



[2020-01-30 13:17:14.381496][__main__.TRPOAgent.log][linesearch]: Linesearch worked at 1, New mean kl div: 9.755998592913593e-07, New policy loss value: 39.499627506453955

[2020-01-30 13:17:14.381973][__main__.TRPOAgent.log][batch_info]: Current batch value loss: 2.6953250268563788e-05

[2020-01-30 13:17:15.335783][__main__.TRPOAgent.log][learning]: Episode #2

[2020-01-30 13:17:15.336160][__main__.TRPOAgent.log][learning]: Performing rollouts: rollout length: 1000

[2020-01-30 13:17:17.788492][__main__.TRPOAgent.log][learning]: Rollouts performed

[2020-01-30 13:17:17.788896][__main__.TRPOAgent.log][batch_info]: Rollout statistics size: None, Batch size: 100

[2020-01-30 13:17:17.789466][__main__.TRPOAgent.log][learning]: 

***************
BEGINNING TRAINING
***************



[2020-01-30 13:17:19.873585][__main__.TRPOAgent.log][linesearch]: Linesearch worked at 1, New mean kl div: 9.80148946538348e-07, New policy loss value: 40.57836894177117

[2020-01-30 13:17:19.874027][__main__.TRPOAgent.log][batch_info]: Current batch value loss: 2.6202708868163178e-05

[2020-01-30 13:17:20.820083][__main__.TRPOAgent.log][learning]: Episode #3

[2020-01-30 13:17:20.820447][__main__.TRPOAgent.log][learning]: Performing rollouts: rollout length: 1000

[2020-01-30 13:17:23.273575][__main__.TRPOAgent.log][learning]: Rollouts performed

[2020-01-30 13:17:23.273915][__main__.TRPOAgent.log][batch_info]: Rollout statistics size: None, Batch size: 100

[2020-01-30 13:17:23.274539][__main__.TRPOAgent.log][learning]: 

***************
BEGINNING TRAINING
***************



[2020-01-30 13:17:25.362424][__main__.TRPOAgent.log][linesearch]: Linesearch worked at 1, New mean kl div: 9.783266723885052e-07, New policy loss value: 41.45841579918201

[2020-01-30 13:17:25.362854][__main__.TRPOAgent.log][batch_info]: Current batch value loss: 5.52064372367616e-06

[2020-01-30 13:17:26.549375][__main__.TRPOAgent.log][learning]: Episode #4

[2020-01-30 13:17:26.550091][__main__.TRPOAgent.log][learning]: Performing rollouts: rollout length: 1000

[2020-01-30 13:17:29.041946][__main__.TRPOAgent.log][learning]: Rollouts performed

[2020-01-30 13:17:29.042271][__main__.TRPOAgent.log][batch_info]: Rollout statistics size: None, Batch size: 100

[2020-01-30 13:17:29.042925][__main__.TRPOAgent.log][learning]: 

***************
BEGINNING TRAINING
***************



[2020-01-30 13:17:31.189374][__main__.TRPOAgent.log][linesearch]: Linesearch worked at 1, New mean kl div: 9.764231361831185e-07, New policy loss value: 42.06591322532418

[2020-01-30 13:17:31.189798][__main__.TRPOAgent.log][batch_info]: Current batch value loss: 4.056666865815541e-06

[2020-01-30 13:17:32.506153][__main__.TRPOAgent.log][learning]: Episode #5

[2020-01-30 13:17:32.506898][__main__.TRPOAgent.log][learning]: Performing rollouts: rollout length: 1000

[2020-01-30 13:17:34.711506][__main__.TRPOAgent.log][learning]: Rollouts performed

[2020-01-30 13:17:34.711863][__main__.TRPOAgent.log][batch_info]: Rollout statistics size: None, Batch size: 100

[2020-01-30 13:17:34.712522][__main__.TRPOAgent.log][learning]: 

***************
BEGINNING TRAINING
***************



[2020-01-30 13:17:36.769988][__main__.TRPOAgent.log][linesearch]: Linesearch worked at 1, New mean kl div: 9.73189305486811e-07, New policy loss value: 38.54551517964951

[2020-01-30 13:17:36.770425][__main__.TRPOAgent.log][batch_info]: Current batch value loss: 7.677992222465772e-06

[2020-01-30 13:17:39.167193][__main__.TRPOAgent.log][learning]: Episode #6

[2020-01-30 13:17:39.167581][__main__.TRPOAgent.log][learning]: Performing rollouts: rollout length: 1000

[2020-01-30 13:17:41.402044][__main__.TRPOAgent.log][learning]: Rollouts performed

[2020-01-30 13:17:41.402379][__main__.TRPOAgent.log][batch_info]: Rollout statistics size: None, Batch size: 100

[2020-01-30 13:17:41.402652][__main__.TRPOAgent.log][learning]: 

***************
BEGINNING TRAINING
***************



[2020-01-30 13:17:43.479837][__main__.TRPOAgent.log][linesearch]: Linesearch worked at 1, New mean kl div: 9.68697815454285e-07, New policy loss value: 37.58636649539595

[2020-01-30 13:17:43.480268][__main__.TRPOAgent.log][batch_info]: Current batch value loss: 1.0717675432241549e-05

[2020-01-30 13:17:44.598128][__main__.TRPOAgent.log][learning]: Episode #7

[2020-01-30 13:17:44.598691][__main__.TRPOAgent.log][learning]: Performing rollouts: rollout length: 1000

[2020-01-30 13:17:46.741715][__main__.TRPOAgent.log][learning]: Rollouts performed

[2020-01-30 13:17:46.742073][__main__.TRPOAgent.log][batch_info]: Rollout statistics size: None, Batch size: 100

[2020-01-30 13:17:46.742764][__main__.TRPOAgent.log][learning]: 

***************
BEGINNING TRAINING
***************



[2020-01-30 13:17:48.763531][__main__.TRPOAgent.log][linesearch]: Linesearch worked at 1, New mean kl div: 9.720181839247437e-07, New policy loss value: 36.721599781173126

[2020-01-30 13:17:48.763979][__main__.TRPOAgent.log][batch_info]: Current batch value loss: 9.759892161214416e-07

[2020-01-30 13:17:50.321781][__main__.TRPOAgent.log][learning]: Episode #8

[2020-01-30 13:17:50.322552][__main__.TRPOAgent.log][learning]: Performing rollouts: rollout length: 1000

[2020-01-30 13:17:52.401430][__main__.TRPOAgent.log][learning]: Rollouts performed

[2020-01-30 13:17:52.401786][__main__.TRPOAgent.log][batch_info]: Rollout statistics size: None, Batch size: 100

[2020-01-30 13:17:52.402473][__main__.TRPOAgent.log][learning]: 

***************
BEGINNING TRAINING
***************



[2020-01-30 13:17:54.439269][__main__.TRPOAgent.log][linesearch]: Linesearch worked at 1, New mean kl div: 9.694001213465922e-07, New policy loss value: 36.26589097187523

[2020-01-30 13:17:54.439701][__main__.TRPOAgent.log][batch_info]: Current batch value loss: 1.9683035576969603e-06

[2020-01-30 13:17:55.839674][__main__.TRPOAgent.log][learning]: Episode #9

[2020-01-30 13:17:55.840369][__main__.TRPOAgent.log][learning]: Performing rollouts: rollout length: 1000

[2020-01-30 13:17:57.908954][__main__.TRPOAgent.log][learning]: Rollouts performed

[2020-01-30 13:17:57.909303][__main__.TRPOAgent.log][batch_info]: Rollout statistics size: None, Batch size: 100

[2020-01-30 13:17:57.909979][__main__.TRPOAgent.log][learning]: 

***************
BEGINNING TRAINING
***************



[2020-01-30 13:17:59.965509][__main__.TRPOAgent.log][linesearch]: Linesearch worked at 1, New mean kl div: 9.703732552395559e-07, New policy loss value: 35.27325764045289

[2020-01-30 13:17:59.966118][__main__.TRPOAgent.log][batch_info]: Current batch value loss: 1.832521089906602e-05

[2020-01-30 13:18:01.580098][__main__.TRPOAgent.log][learning]: Episode #10

[2020-01-30 13:18:01.580710][__main__.TRPOAgent.log][learning]: Performing rollouts: rollout length: 1000

[2020-01-30 13:18:03.877956][__main__.TRPOAgent.log][learning]: Rollouts performed

[2020-01-30 13:18:03.878368][__main__.TRPOAgent.log][batch_info]: Rollout statistics size: None, Batch size: 100

[2020-01-30 13:18:03.878966][__main__.TRPOAgent.log][learning]: 

***************
BEGINNING TRAINING
***************



[2020-01-30 13:18:05.955723][__main__.TRPOAgent.log][linesearch]: Linesearch worked at 1, New mean kl div: 9.564157777035373e-07, New policy loss value: 31.47955784213247

[2020-01-30 13:18:05.956155][__main__.TRPOAgent.log][batch_info]: Current batch value loss: 1.9666344794529413e-06

[2020-01-30 13:18:07.296124][__main__.TRPOAgent.log][learning]: Episode #11

[2020-01-30 13:18:07.296448][__main__.TRPOAgent.log][learning]: Performing rollouts: rollout length: 1000

[2020-01-30 13:18:09.670422][__main__.TRPOAgent.log][learning]: Rollouts performed

[2020-01-30 13:18:09.670857][__main__.TRPOAgent.log][batch_info]: Rollout statistics size: None, Batch size: 100

[2020-01-30 13:18:09.671158][__main__.TRPOAgent.log][learning]: 

***************
BEGINNING TRAINING
***************



[2020-01-30 13:18:11.821434][__main__.TRPOAgent.log][linesearch]: Linesearch worked at 1, New mean kl div: 9.572282081591117e-07, New policy loss value: 35.19803080884267

[2020-01-30 13:18:11.821882][__main__.TRPOAgent.log][batch_info]: Current batch value loss: 6.629213311407442e-07

[2020-01-30 13:18:12.450291][__main__.TRPOAgent.log][learning]: Episode #12

[2020-01-30 13:18:12.450642][__main__.TRPOAgent.log][learning]: Performing rollouts: rollout length: 1000

[2020-01-30 13:18:13.945911][__main__.TRPOAgent.log][learning]: Rollouts performed

[2020-01-30 13:18:13.946251][__main__.TRPOAgent.log][batch_info]: Rollout statistics size: None, Batch size: 100

[2020-01-30 13:18:13.946863][__main__.TRPOAgent.log][learning]: 

***************
BEGINNING TRAINING
***************



[2020-01-30 13:18:15.877151][__main__.TRPOAgent.log][linesearch]: Linesearch worked at 1, New mean kl div: 8.472407443478066e-07, New policy loss value: 24.702211222327733

[2020-01-30 13:18:15.877652][__main__.TRPOAgent.log][batch_info]: Current batch value loss: 1.6260260985474968e-05

[2020-01-30 13:18:16.442649][__main__.TRPOAgent.log][learning]: Episode #13

[2020-01-30 13:18:16.443168][__main__.TRPOAgent.log][learning]: Performing rollouts: rollout length: 1000

[2020-01-30 13:18:16.774098][__main__.TRPOAgent.log][learning]: Rollouts performed

[2020-01-30 13:18:16.774438][__main__.TRPOAgent.log][batch_info]: Rollout statistics size: None, Batch size: 100

[2020-01-30 13:18:16.775002][__main__.TRPOAgent.log][learning]: 

***************
BEGINNING TRAINING
***************



[2020-01-30 13:18:18.331186][__main__.TRPOAgent.log][linesearch]: Linesearch worked at 1, New mean kl div: 7.88417606170021e-07, New policy loss value: 5.394169291542393

[2020-01-30 13:18:18.331708][__main__.TRPOAgent.log][batch_info]: Current batch value loss: 0.0005942882319719242

[2020-01-30 13:18:19.047536][__main__.TRPOAgent.log][learning]: Episode #14

[2020-01-30 13:18:19.047922][__main__.TRPOAgent.log][learning]: Performing rollouts: rollout length: 1000

[2020-01-30 13:18:19.363537][__main__.TRPOAgent.log][learning]: Rollouts performed

[2020-01-30 13:18:19.363888][__main__.TRPOAgent.log][batch_info]: Rollout statistics size: None, Batch size: 100

[2020-01-30 13:18:19.364427][__main__.TRPOAgent.log][learning]: 

***************
BEGINNING TRAINING
***************



[2020-01-30 13:18:20.932842][__main__.TRPOAgent.log][linesearch]: Linesearch worked at 1, New mean kl div: 9.793936661817036e-07, New policy loss value: 5.04698809506208

[2020-01-30 13:18:20.933322][__main__.TRPOAgent.log][batch_info]: Current batch value loss: 6.717169576120341e-07

[2020-01-30 13:18:21.452400][__main__.TRPOAgent.log][learning]: Episode #15

[2020-01-30 13:18:21.452758][__main__.TRPOAgent.log][learning]: Performing rollouts: rollout length: 1000

[2020-01-30 13:18:21.730123][__main__.TRPOAgent.log][learning]: Rollouts performed

[2020-01-30 13:18:21.730477][__main__.TRPOAgent.log][batch_info]: Rollout statistics size: None, Batch size: 100

[2020-01-30 13:18:21.731052][__main__.TRPOAgent.log][learning]: 

***************
BEGINNING TRAINING
***************



[2020-01-30 13:18:23.270048][__main__.TRPOAgent.log][linesearch]: Linesearch worked at 1, New mean kl div: 9.953807343986252e-07, New policy loss value: 4.310052120640772

[2020-01-30 13:18:23.270425][__main__.TRPOAgent.log][batch_info]: Current batch value loss: 7.086717297278956e-07

[2020-01-30 13:18:23.842597][__main__.TRPOAgent.log][learning]: Episode #16

[2020-01-30 13:18:23.843033][__main__.TRPOAgent.log][learning]: Performing rollouts: rollout length: 1000

[2020-01-30 13:18:24.135768][__main__.TRPOAgent.log][learning]: Rollouts performed

[2020-01-30 13:18:24.136121][__main__.TRPOAgent.log][batch_info]: Rollout statistics size: None, Batch size: 100

[2020-01-30 13:18:24.142790][__main__.TRPOAgent.log][learning]: 

***************
BEGINNING TRAINING
***************



[2020-01-30 13:18:25.750675][__main__.TRPOAgent.log][linesearch]: Linesearch worked at 1, New mean kl div: 9.635851461776392e-07, New policy loss value: 4.596313155690256

[2020-01-30 13:18:25.751242][__main__.TRPOAgent.log][batch_info]: Current batch value loss: 6.169033504477283e-07

[2020-01-30 13:18:26.277902][__main__.TRPOAgent.log][learning]: Episode #17

[2020-01-30 13:18:26.278255][__main__.TRPOAgent.log][learning]: Performing rollouts: rollout length: 1000

[2020-01-30 13:18:26.554003][__main__.TRPOAgent.log][learning]: Rollouts performed

[2020-01-30 13:18:26.554369][__main__.TRPOAgent.log][batch_info]: Rollout statistics size: None, Batch size: 100

[2020-01-30 13:18:26.554948][__main__.TRPOAgent.log][learning]: 

***************
BEGINNING TRAINING
***************



[2020-01-30 13:18:28.225735][__main__.TRPOAgent.log][linesearch]: Linesearch worked at 1, New mean kl div: 9.416265956952703e-07, New policy loss value: 4.298799766942577

[2020-01-30 13:18:28.226230][__main__.TRPOAgent.log][batch_info]: Current batch value loss: 0.0009941012349183136

[2020-01-30 13:18:28.831166][__main__.TRPOAgent.log][learning]: Episode #18

[2020-01-30 13:18:28.831577][__main__.TRPOAgent.log][learning]: Performing rollouts: rollout length: 1000

[2020-01-30 13:18:29.173842][__main__.TRPOAgent.log][learning]: Rollouts performed

[2020-01-30 13:18:29.174211][__main__.TRPOAgent.log][batch_info]: Rollout statistics size: None, Batch size: 100

[2020-01-30 13:18:29.180890][__main__.TRPOAgent.log][learning]: 

***************
BEGINNING TRAINING
***************



[2020-01-30 13:18:30.767023][__main__.TRPOAgent.log][linesearch]: Linesearch worked at 1, New mean kl div: 9.96515812750288e-07, New policy loss value: 4.650507418599437

[2020-01-30 13:18:30.767423][__main__.TRPOAgent.log][batch_info]: Current batch value loss: 4.8627493318775804e-05

[2020-01-30 13:18:31.297983][__main__.TRPOAgent.log][learning]: Episode #19

[2020-01-30 13:18:31.298329][__main__.TRPOAgent.log][learning]: Performing rollouts: rollout length: 1000

[2020-01-30 13:18:31.593681][__main__.TRPOAgent.log][learning]: Rollouts performed

[2020-01-30 13:18:31.594045][__main__.TRPOAgent.log][batch_info]: Rollout statistics size: None, Batch size: 100

[2020-01-30 13:18:31.594635][__main__.TRPOAgent.log][learning]: 

***************
BEGINNING TRAINING
***************



[2020-01-30 13:18:33.144127][__main__.TRPOAgent.log][linesearch]: Linesearch worked at 1, New mean kl div: 9.977361070020773e-07, New policy loss value: 4.244660943916068

[2020-01-30 13:18:33.144521][__main__.TRPOAgent.log][batch_info]: Current batch value loss: 2.8290619501996677e-06

[2020-01-30 13:18:33.804416][__main__.TRPOAgent.log][learning]: Episode #20

[2020-01-30 13:18:33.805358][__main__.TRPOAgent.log][learning]: Performing rollouts: rollout length: 1000

[2020-01-30 13:18:34.096266][__main__.TRPOAgent.log][learning]: Rollouts performed

[2020-01-30 13:18:34.096622][__main__.TRPOAgent.log][batch_info]: Rollout statistics size: None, Batch size: 100

[2020-01-30 13:18:34.097178][__main__.TRPOAgent.log][learning]: 

***************
BEGINNING TRAINING
***************



[2020-01-30 13:18:35.690587][__main__.TRPOAgent.log][linesearch]: Linesearch worked at 1, New mean kl div: 9.581047095062396e-07, New policy loss value: 4.438614041175785

[2020-01-30 13:18:35.691017][__main__.TRPOAgent.log][batch_info]: Current batch value loss: 1.8355796826874383e-05

[2020-01-30 13:18:36.269084][__main__.TRPOAgent.log][learning]: Episode #21

[2020-01-30 13:18:36.269443][__main__.TRPOAgent.log][learning]: Performing rollouts: rollout length: 1000

[2020-01-30 13:18:36.601397][__main__.TRPOAgent.log][learning]: Rollouts performed

[2020-01-30 13:18:36.601791][__main__.TRPOAgent.log][batch_info]: Rollout statistics size: None, Batch size: 100

[2020-01-30 13:18:36.602110][__main__.TRPOAgent.log][learning]: 

***************
BEGINNING TRAINING
***************



[2020-01-30 13:18:38.233109][__main__.TRPOAgent.log][linesearch]: Linesearch worked at 1, New mean kl div: 9.968707286570956e-07, New policy loss value: 4.316038034857425

[2020-01-30 13:18:38.233475][__main__.TRPOAgent.log][batch_info]: Current batch value loss: 1.094110510509298e-06

[2020-01-30 13:18:38.771406][__main__.TRPOAgent.log][learning]: Episode #22

[2020-01-30 13:18:38.771798][__main__.TRPOAgent.log][learning]: Performing rollouts: rollout length: 1000

[2020-01-30 13:18:39.088509][__main__.TRPOAgent.log][learning]: Rollouts performed

[2020-01-30 13:18:39.088902][__main__.TRPOAgent.log][batch_info]: Rollout statistics size: None, Batch size: 100

[2020-01-30 13:18:39.095674][__main__.TRPOAgent.log][learning]: 

***************
BEGINNING TRAINING
***************



[2020-01-30 13:18:40.717478][__main__.TRPOAgent.log][linesearch]: Linesearch worked at 1, New mean kl div: 9.974685508759759e-07, New policy loss value: 4.548451406486894

[2020-01-30 13:18:40.717901][__main__.TRPOAgent.log][batch_info]: Current batch value loss: 2.5874801250935777e-06

[2020-01-30 13:18:41.235796][__main__.TRPOAgent.log][learning]: Episode #23

[2020-01-30 13:18:41.236161][__main__.TRPOAgent.log][learning]: Performing rollouts: rollout length: 1000

[2020-01-30 13:18:41.524945][__main__.TRPOAgent.log][learning]: Rollouts performed

[2020-01-30 13:18:41.525327][__main__.TRPOAgent.log][batch_info]: Rollout statistics size: None, Batch size: 100

[2020-01-30 13:18:41.525906][__main__.TRPOAgent.log][learning]: 

***************
BEGINNING TRAINING
***************



[2020-01-30 13:18:43.139324][__main__.TRPOAgent.log][linesearch]: Linesearch worked at 1, New mean kl div: 9.427782180259388e-07, New policy loss value: 4.171589824026286

[2020-01-30 13:18:43.139690][__main__.TRPOAgent.log][batch_info]: Current batch value loss: 2.119613886532158e-06

[2020-01-30 13:18:43.846343][__main__.TRPOAgent.log][learning]: Episode #24

[2020-01-30 13:18:43.846740][__main__.TRPOAgent.log][learning]: Performing rollouts: rollout length: 1000

[2020-01-30 13:18:44.280313][__main__.TRPOAgent.log][learning]: Rollouts performed

[2020-01-30 13:18:44.280743][__main__.TRPOAgent.log][batch_info]: Rollout statistics size: None, Batch size: 100

[2020-01-30 13:18:44.281396][__main__.TRPOAgent.log][learning]: 

***************
BEGINNING TRAINING
***************



[2020-01-30 13:18:46.225180][__main__.TRPOAgent.log][linesearch]: Linesearch worked at 1, New mean kl div: 9.5953525604452e-07, New policy loss value: 4.4287305448049015

[2020-01-30 13:18:46.225631][__main__.TRPOAgent.log][batch_info]: Current batch value loss: 6.603660562731761e-06

[2020-01-30 13:18:46.962457][__main__.TRPOAgent.log][learning]: Episode #25

[2020-01-30 13:18:46.962822][__main__.TRPOAgent.log][learning]: Performing rollouts: rollout length: 1000

[2020-01-30 13:18:47.324181][__main__.TRPOAgent.log][learning]: Rollouts performed

[2020-01-30 13:18:47.324594][__main__.TRPOAgent.log][batch_info]: Rollout statistics size: None, Batch size: 100

[2020-01-30 13:18:47.325348][__main__.TRPOAgent.log][learning]: 

***************
BEGINNING TRAINING
***************



[2020-01-30 13:18:49.257635][__main__.TRPOAgent.log][linesearch]: Linesearch worked at 1, New mean kl div: 9.979265541432405e-07, New policy loss value: 4.004046580633016

[2020-01-30 13:18:49.258085][__main__.TRPOAgent.log][batch_info]: Current batch value loss: 5.803139145425332e-07

[2020-01-30 13:18:50.080631][__main__.TRPOAgent.log][learning]: Episode #26

[2020-01-30 13:18:50.081063][__main__.TRPOAgent.log][learning]: Performing rollouts: rollout length: 1000

[2020-01-30 13:18:50.501416][__main__.TRPOAgent.log][learning]: Rollouts performed

[2020-01-30 13:18:50.501835][__main__.TRPOAgent.log][batch_info]: Rollout statistics size: None, Batch size: 100

[2020-01-30 13:18:50.502469][__main__.TRPOAgent.log][learning]: 

***************
BEGINNING TRAINING
***************



[2020-01-30 13:18:52.504935][__main__.TRPOAgent.log][linesearch]: Linesearch worked at 1, New mean kl div: 9.794031188620574e-07, New policy loss value: 4.382524707796186

[2020-01-30 13:18:52.505484][__main__.TRPOAgent.log][batch_info]: Current batch value loss: 3.227988875864618e-07

[2020-01-30 13:18:53.211277][__main__.TRPOAgent.log][learning]: Episode #27

[2020-01-30 13:18:53.211664][__main__.TRPOAgent.log][learning]: Performing rollouts: rollout length: 1000

[2020-01-30 13:18:53.570381][__main__.TRPOAgent.log][learning]: Rollouts performed

[2020-01-30 13:18:53.570997][__main__.TRPOAgent.log][batch_info]: Rollout statistics size: None, Batch size: 100

[2020-01-30 13:18:53.571576][__main__.TRPOAgent.log][learning]: 

***************
BEGINNING TRAINING
***************



[2020-01-30 13:18:55.306313][__main__.TRPOAgent.log][linesearch]: Linesearch worked at 1, New mean kl div: 9.976123019838726e-07, New policy loss value: 4.036734053296335

[2020-01-30 13:18:55.306768][__main__.TRPOAgent.log][batch_info]: Current batch value loss: 7.367233978400334e-07

[2020-01-30 13:18:55.898268][__main__.TRPOAgent.log][learning]: Episode #28

[2020-01-30 13:18:55.898631][__main__.TRPOAgent.log][learning]: Performing rollouts: rollout length: 1000

[2020-01-30 13:18:56.220982][__main__.TRPOAgent.log][learning]: Rollouts performed

[2020-01-30 13:18:56.221336][__main__.TRPOAgent.log][batch_info]: Rollout statistics size: None, Batch size: 100

[2020-01-30 13:18:56.221989][__main__.TRPOAgent.log][learning]: 

***************
BEGINNING TRAINING
***************



[2020-01-30 13:18:57.883438][__main__.TRPOAgent.log][linesearch]: Linesearch worked at 1, New mean kl div: 9.971824894894384e-07, New policy loss value: 4.434892899070415

[2020-01-30 13:18:57.883860][__main__.TRPOAgent.log][batch_info]: Current batch value loss: 2.039154739463811e-05

[2020-01-30 13:18:58.444431][__main__.TRPOAgent.log][learning]: Episode #29

[2020-01-30 13:18:58.444857][__main__.TRPOAgent.log][learning]: Performing rollouts: rollout length: 1000

[2020-01-30 13:18:58.712934][__main__.TRPOAgent.log][learning]: Rollouts performed

[2020-01-30 13:18:58.713296][__main__.TRPOAgent.log][batch_info]: Rollout statistics size: None, Batch size: 100

[2020-01-30 13:18:58.713844][__main__.TRPOAgent.log][learning]: 

***************
BEGINNING TRAINING
***************



[2020-01-30 13:19:00.366263][__main__.TRPOAgent.log][linesearch]: Linesearch worked at 1, New mean kl div: 9.541466837208445e-07, New policy loss value: 4.04398195845866

[2020-01-30 13:19:00.366692][__main__.TRPOAgent.log][batch_info]: Current batch value loss: 6.11587987660774e-07

[2020-01-30 13:19:01.087533][__main__.TRPOAgent.log][learning]: Episode #30

[2020-01-30 13:19:01.087858][__main__.TRPOAgent.log][learning]: Performing rollouts: rollout length: 1000

[2020-01-30 13:19:01.388417][__main__.TRPOAgent.log][learning]: Rollouts performed

[2020-01-30 13:19:01.388795][__main__.TRPOAgent.log][batch_info]: Rollout statistics size: None, Batch size: 100

[2020-01-30 13:19:01.389367][__main__.TRPOAgent.log][learning]: 

***************
BEGINNING TRAINING
***************



[2020-01-30 13:19:02.956067][__main__.TRPOAgent.log][linesearch]: Linesearch worked at 1, New mean kl div: 9.972829812758479e-07, New policy loss value: 4.365062149458545

[2020-01-30 13:19:02.956487][__main__.TRPOAgent.log][batch_info]: Current batch value loss: 6.258570394379603e-07

[2020-01-30 13:19:03.516974][__main__.TRPOAgent.log][learning]: Episode #31

[2020-01-30 13:19:03.517362][__main__.TRPOAgent.log][learning]: Performing rollouts: rollout length: 1000

[2020-01-30 13:19:03.798639][__main__.TRPOAgent.log][learning]: Rollouts performed

[2020-01-30 13:19:03.799015][__main__.TRPOAgent.log][batch_info]: Rollout statistics size: None, Batch size: 100

[2020-01-30 13:19:03.799649][__main__.TRPOAgent.log][learning]: 

***************
BEGINNING TRAINING
***************



[2020-01-30 13:19:05.506839][__main__.TRPOAgent.log][linesearch]: Linesearch worked at 1, New mean kl div: 9.635447305698076e-07, New policy loss value: 3.93151171097821

[2020-01-30 13:19:05.507290][__main__.TRPOAgent.log][batch_info]: Current batch value loss: 6.288851884682522e-07

[2020-01-30 13:19:06.190540][__main__.TRPOAgent.log][learning]: Episode #32

[2020-01-30 13:19:06.190863][__main__.TRPOAgent.log][learning]: Performing rollouts: rollout length: 1000

[2020-01-30 13:19:06.484006][__main__.TRPOAgent.log][learning]: Rollouts performed

[2020-01-30 13:19:06.484368][__main__.TRPOAgent.log][batch_info]: Rollout statistics size: None, Batch size: 100

[2020-01-30 13:19:06.485003][__main__.TRPOAgent.log][learning]: 

***************
BEGINNING TRAINING
***************



[2020-01-30 13:19:08.054741][__main__.TRPOAgent.log][linesearch]: Linesearch worked at 1, New mean kl div: 9.979286950222548e-07, New policy loss value: 4.365030128628749

[2020-01-30 13:19:08.055185][__main__.TRPOAgent.log][batch_info]: Current batch value loss: 7.800299930416089e-08

[2020-01-30 13:19:08.814500][__main__.TRPOAgent.log][learning]: Episode #33

[2020-01-30 13:19:08.814877][__main__.TRPOAgent.log][learning]: Performing rollouts: rollout length: 1000

[2020-01-30 13:19:09.212360][__main__.TRPOAgent.log][learning]: Rollouts performed

[2020-01-30 13:19:09.212890][__main__.TRPOAgent.log][batch_info]: Rollout statistics size: None, Batch size: 100

[2020-01-30 13:19:09.213533][__main__.TRPOAgent.log][learning]: 

***************
BEGINNING TRAINING
***************



[2020-01-30 13:19:10.834466][__main__.TRPOAgent.log][linesearch]: Linesearch worked at 1, New mean kl div: 9.972558122329882e-07, New policy loss value: 3.934391006016344

[2020-01-30 13:19:10.834921][__main__.TRPOAgent.log][batch_info]: Current batch value loss: 6.194665909120545e-07

[2020-01-30 13:19:11.480680][__main__.TRPOAgent.log][learning]: Episode #34

[2020-01-30 13:19:11.481041][__main__.TRPOAgent.log][learning]: Performing rollouts: rollout length: 1000

[2020-01-30 13:19:11.793125][__main__.TRPOAgent.log][learning]: Rollouts performed

[2020-01-30 13:19:11.793494][__main__.TRPOAgent.log][batch_info]: Rollout statistics size: None, Batch size: 100

[2020-01-30 13:19:11.794089][__main__.TRPOAgent.log][learning]: 

***************
BEGINNING TRAINING
***************



[2020-01-30 13:19:13.357437][__main__.TRPOAgent.log][linesearch]: Linesearch worked at 1, New mean kl div: 9.97943645180658e-07, New policy loss value: 4.348189221621978

[2020-01-30 13:19:13.357888][__main__.TRPOAgent.log][batch_info]: Current batch value loss: 1.3875237199478806e-08

[2020-01-30 13:19:14.011127][__main__.TRPOAgent.log][learning]: Episode #35

[2020-01-30 13:19:14.011477][__main__.TRPOAgent.log][learning]: Performing rollouts: rollout length: 1000

[2020-01-30 13:19:14.322962][__main__.TRPOAgent.log][learning]: Rollouts performed

[2020-01-30 13:19:14.323371][__main__.TRPOAgent.log][batch_info]: Rollout statistics size: None, Batch size: 100

[2020-01-30 13:19:14.323958][__main__.TRPOAgent.log][learning]: 

***************
BEGINNING TRAINING
***************



[2020-01-30 13:19:15.997926][__main__.TRPOAgent.log][linesearch]: Linesearch worked at 1, New mean kl div: 9.978785119025497e-07, New policy loss value: 3.897067220272778

[2020-01-30 13:19:15.998347][__main__.TRPOAgent.log][batch_info]: Current batch value loss: 4.2444258522042785e-07

[2020-01-30 13:19:16.685644][__main__.TRPOAgent.log][learning]: Episode #36

[2020-01-30 13:19:16.686006][__main__.TRPOAgent.log][learning]: Performing rollouts: rollout length: 1000

[2020-01-30 13:19:16.982753][__main__.TRPOAgent.log][learning]: Rollouts performed

[2020-01-30 13:19:16.983134][__main__.TRPOAgent.log][batch_info]: Rollout statistics size: None, Batch size: 100

[2020-01-30 13:19:16.983675][__main__.TRPOAgent.log][learning]: 

***************
BEGINNING TRAINING
***************



[2020-01-30 13:19:18.539885][__main__.TRPOAgent.log][linesearch]: Linesearch worked at 1, New mean kl div: 9.976904594609981e-07, New policy loss value: 4.365151190024198

[2020-01-30 13:19:18.540262][__main__.TRPOAgent.log][batch_info]: Current batch value loss: 1.7129026024242934e-07

[2020-01-30 13:19:19.198422][__main__.TRPOAgent.log][learning]: Episode #37

[2020-01-30 13:19:19.198766][__main__.TRPOAgent.log][learning]: Performing rollouts: rollout length: 1000

[2020-01-30 13:19:19.505457][__main__.TRPOAgent.log][learning]: Rollouts performed

[2020-01-30 13:19:19.505855][__main__.TRPOAgent.log][batch_info]: Rollout statistics size: None, Batch size: 100

[2020-01-30 13:19:19.506146][__main__.TRPOAgent.log][learning]: 

***************
BEGINNING TRAINING
***************



[2020-01-30 13:19:21.147391][__main__.TRPOAgent.log][linesearch]: Linesearch worked at 1, New mean kl div: 9.9782885105245e-07, New policy loss value: 3.8798043934965114

[2020-01-30 13:19:21.147822][__main__.TRPOAgent.log][batch_info]: Current batch value loss: 3.81931474968261e-07

[2020-01-30 13:19:21.907936][__main__.TRPOAgent.log][learning]: Episode #38

[2020-01-30 13:19:21.908548][__main__.TRPOAgent.log][learning]: Performing rollouts: rollout length: 1000

