LOGGER started at 2020-01-28 16:10:49.339954.
Currently active debug channels:
	rollouts
	act
	training
	batch_info
	linesearch
	learning
	thread_rollouts
[2020-01-28 16:10:49.753898][__main__.TRPOAgent.log][learning]: Episode #0

[2020-01-28 16:10:49.959504][__main__.TRPOAgent.log][learning]: Performing rollouts: rollout length: 200

[2020-01-28 16:10:49.972327][EnvironmentNew.Environment.log][rollouts]: Rollout thread #1

[2020-01-28 16:10:49.973145][EnvironmentNew.Environment.log][rollouts]: Rollout thread #2

[2020-01-28 16:10:49.973088][EnvironmentNew.Environment.log][thread_rollouts]: Thread number: 0

[2020-01-28 16:10:49.974413][EnvironmentNew.Environment.log][thread_rollouts]: Thread number: 1

[2020-01-28 16:10:57.791835][EnvironmentNew.Environment.log][thread_rollouts]: Thread number: 1, Steps performed: 200

[2020-01-28 16:10:57.837963][EnvironmentNew.Environment.log][thread_rollouts]: Thread number: 0, Steps performed: 200

[2020-01-28 16:10:57.838637][EnvironmentNew.Environment.log][rollouts]: Rollout thread #3

[2020-01-28 16:10:57.839562][EnvironmentNew.Environment.log][rollouts]: Rollout thread #4

[2020-01-28 16:10:57.839432][EnvironmentNew.Environment.log][thread_rollouts]: Thread number: 2

[2020-01-28 16:10:57.840896][EnvironmentNew.Environment.log][thread_rollouts]: Thread number: 3

[2020-01-28 16:11:05.725882][EnvironmentNew.Environment.log][thread_rollouts]: Thread number: 2, Steps performed: 200

[2020-01-28 16:11:05.729469][EnvironmentNew.Environment.log][thread_rollouts]: Thread number: 3, Steps performed: 200

[2020-01-28 16:11:05.729998][EnvironmentNew.Environment.log][rollouts]: Rollout thread #5

[2020-01-28 16:11:05.730651][EnvironmentNew.Environment.log][thread_rollouts]: Thread number: 4

[2020-01-28 16:11:05.730750][EnvironmentNew.Environment.log][rollouts]: Rollout thread #6

[2020-01-28 16:11:05.733519][EnvironmentNew.Environment.log][thread_rollouts]: Thread number: 5

[2020-01-28 16:11:13.789044][EnvironmentNew.Environment.log][thread_rollouts]: Thread number: 4, Steps performed: 200

[2020-01-28 16:11:13.975710][EnvironmentNew.Environment.log][thread_rollouts]: Thread number: 5, Steps performed: 200

[2020-01-28 16:11:13.976240][EnvironmentNew.Environment.log][rollouts]: Rollout thread #7

[2020-01-28 16:11:13.976924][EnvironmentNew.Environment.log][thread_rollouts]: Thread number: 6

[2020-01-28 16:11:13.976998][EnvironmentNew.Environment.log][rollouts]: Rollout thread #8

[2020-01-28 16:11:13.979074][EnvironmentNew.Environment.log][thread_rollouts]: Thread number: 7

[2020-01-28 16:11:22.263536][EnvironmentNew.Environment.log][thread_rollouts]: Thread number: 6, Steps performed: 200

[2020-01-28 16:11:22.278036][EnvironmentNew.Environment.log][thread_rollouts]: Thread number: 7, Steps performed: 200

