LOGGER started at 2020-01-28 17:58:59.677476.
Currently active debug channels:
	rollouts
	act
	training
	batch_info
	linesearch
	learning
	thread_rollouts
[2020-01-28 17:59:00.091962][__main__.TRPOAgent.log][learning]: Episode #0

[2020-01-28 17:59:00.287943][__main__.TRPOAgent.log][learning]: Performing rollouts: rollout length: 1500

[2020-01-28 17:59:00.311183][EnvironmentNew.Environment.log][rollouts]: Rollout thread #1

[2020-01-28 17:59:00.312031][EnvironmentNew.Environment.log][rollouts]: Rollout thread #2

[2020-01-28 17:59:00.311947][EnvironmentNew.Environment.log][thread_rollouts]: Thread number: 0

[2020-01-28 17:59:00.313313][EnvironmentNew.Environment.log][thread_rollouts]: Thread number: 1

[2020-01-28 17:59:00.322046][EnvironmentNew.Environment.log][rollouts]: Rollout thread #3

[2020-01-28 17:59:00.322612][EnvironmentNew.Environment.log][thread_rollouts]: Thread number: 2

[2020-01-28 17:59:00.322683][EnvironmentNew.Environment.log][rollouts]: Rollout thread #4

[2020-01-28 17:59:00.324432][EnvironmentNew.Environment.log][thread_rollouts]: Thread number: 3

[2020-01-28 17:59:00.327174][EnvironmentNew.Environment.log][rollouts]: Rollout thread #5

[2020-01-28 17:59:00.327902][EnvironmentNew.Environment.log][thread_rollouts]: Thread number: 4

[2020-01-28 17:59:00.327974][EnvironmentNew.Environment.log][rollouts]: Rollout thread #6

[2020-01-28 17:59:00.330756][EnvironmentNew.Environment.log][thread_rollouts]: Thread number: 5

[2020-01-28 17:59:00.332678][EnvironmentNew.Environment.log][rollouts]: Rollout thread #7

[2020-01-28 17:59:00.333433][EnvironmentNew.Environment.log][thread_rollouts]: Thread number: 6

[2020-01-28 17:59:00.333504][EnvironmentNew.Environment.log][rollouts]: Rollout thread #8

[2020-01-28 17:59:00.337519][EnvironmentNew.Environment.log][thread_rollouts]: Thread number: 7

[2020-01-28 17:59:00.340617][EnvironmentNew.Environment.log][rollouts]: Rollout thread #9

[2020-01-28 17:59:00.341434][EnvironmentNew.Environment.log][thread_rollouts]: Thread number: 8

[2020-01-28 17:59:00.341544][EnvironmentNew.Environment.log][rollouts]: Rollout thread #10

[2020-01-28 17:59:00.345042][EnvironmentNew.Environment.log][thread_rollouts]: Thread number: 9

[2020-01-28 17:59:00.348359][EnvironmentNew.Environment.log][rollouts]: Rollout thread #11

[2020-01-28 17:59:00.349214][EnvironmentNew.Environment.log][rollouts]: Rollout thread #12

[2020-01-28 17:59:00.348939][EnvironmentNew.Environment.log][thread_rollouts]: Thread number: 10

[2020-01-28 17:59:00.350105][EnvironmentNew.Environment.log][thread_rollouts]: Thread number: 11

[2020-01-28 17:59:00.356349][EnvironmentNew.Environment.log][rollouts]: Rollout thread #13

[2020-01-28 17:59:00.357273][EnvironmentNew.Environment.log][thread_rollouts]: Thread number: 12

[2020-01-28 17:59:00.357409][EnvironmentNew.Environment.log][rollouts]: Rollout thread #14

[2020-01-28 17:59:00.360336][EnvironmentNew.Environment.log][thread_rollouts]: Thread number: 13

[2020-01-28 17:59:00.364272][EnvironmentNew.Environment.log][rollouts]: Rollout thread #15

[2020-01-28 17:59:00.364807][EnvironmentNew.Environment.log][thread_rollouts]: Thread number: 14

